2019-02-07 01:07:55,559 INFO  execution-log - 	Initializing control map with map # MASTER
----------------
2019-02-07 01:07:55,574 INFO  execution-log - Initializing Test Automation
----------------
2019-02-07 01:07:55,578 INFO  execution-log - 	target browser: Chrome
----------------
2019-02-07 01:07:55,587 INFO  execution-log - TC # : 1, Downloading test case from DB
----------------
2019-02-07 01:07:55,604 INFO  execution-log - TC # : 1, Getting test data from DB
----------------
2019-02-07 01:07:55,604 INFO  execution-log - TC # : 1, Getting control map :MASTER from DB
----------------
2019-02-07 01:07:55,641 INFO  execution-log - TC # : 1, Test data retrieval completed
----------------
2019-02-07 01:07:55,647 INFO  execution-log - TC # : 1, Control map retrieval completed
----------------
2019-02-07 01:07:55,652 INFO  execution-log - TC # : 1, Parsing commands
----------------
2019-02-07 01:07:55,658 INFO  execution-log - Loading captured values from persistence.
----------------
2019-02-07 01:07:55,667 INFO  execution-log - TC # : 1, Started executing test case in the VMTESTAPP1 environment (http://vam-qa.cloudapp.net:6363/pages/login.html)
----------------
2019-02-07 01:07:55,732 INFO  execution-log -  Beginning StartIterationCommand ( Iterations : 1 )
----------------
2019-02-07 01:07:55,740 INFO  execution-log - TC # : 1, Starting iteration #1
----------------
2019-02-07 01:07:55,753 INFO  execution-log - 	 Command completed.
----------------
2019-02-07 01:07:55,761 INFO  execution-log -  Beginning InvokeApplicationCommand ( Target :  )
----------------
2019-02-07 01:07:56,665 INFO  execution-log - 	 Command completed.
----------------
2019-02-07 01:07:56,674 INFO  execution-log -  Beginning PageCommand ( CurrentPage : Login, FlowIdentifier : 1, DiIndicator : DI )
----------------
2019-02-07 01:07:56,684 INFO  execution-log - 	 Command completed.
----------------
2019-02-07 01:07:56,692 INFO  execution-log -  Beginning LoadTestDataItemCommand ( CurrentPage : Login, FlowIdentifier : 1, DiIndicator : DI )
----------------
2019-02-07 01:07:56,712 INFO  execution-log - [Sequence No - 1] Beginning ValidateExistStatusCommand ( LogicalFieldName : User Name, LogicalFieldValue : True )
----------------
2019-02-07 01:07:56,748 INFO  execution-log - [Sequence No - 1]	 Command completed.
----------------
2019-02-07 01:07:56,759 INFO  execution-log - [Sequence No - 2] Beginning ActionCommand ( LogicalFieldName : User Name, LogicalFieldValue : Click )
----------------
2019-02-07 01:07:57,015 INFO  execution-log - [Sequence No - 2]	 Command completed.
----------------
2019-02-07 01:07:57,114 INFO  execution-log - [Sequence No - 3] Beginning TestDataCommand ( LogicalFieldName : User Name, LogicalFieldValue : Jack )
----------------
2019-02-07 01:07:57,445 INFO  execution-log - [Sequence No - 3]	 Command completed.
----------------
2019-02-07 01:07:57,457 INFO  execution-log - [Sequence No - 4] Beginning ValidateExistStatusCommand ( LogicalFieldName : Password, LogicalFieldValue : True )
----------------
2019-02-07 01:07:57,508 INFO  execution-log - [Sequence No - 4]	 Command completed.
----------------
2019-02-07 01:07:57,519 INFO  execution-log - [Sequence No - 5] Beginning TestDataCommand ( LogicalFieldName : Password, LogicalFieldValue : Smit@123 )
----------------
2019-02-07 01:07:57,703 INFO  execution-log - [Sequence No - 5]	 Command completed.
----------------
2019-02-07 01:07:57,715 INFO  execution-log - [Sequence No - 6] Beginning ValidateEnableStatusCommand ( LogicalFieldName : Login_Button, LogicalFieldValue : True )
----------------
2019-02-07 01:07:57,762 INFO  execution-log - [Sequence No - 6]	 Command completed.
----------------
2019-02-07 01:07:57,773 INFO  execution-log - [Sequence No - 7] Beginning ActionCommand ( LogicalFieldName : Login_Button, LogicalFieldValue : Click )
----------------
2019-02-07 01:07:57,894 INFO  execution-log - [Sequence No - 7]	 Command completed.
----------------
2019-02-07 01:07:57,902 INFO  execution-log - 	 Command completed.
----------------
2019-02-07 01:07:57,909 INFO  execution-log -  Beginning PageCommand ( CurrentPage : Home, FlowIdentifier : 2, DiIndicator : DI )
----------------
2019-02-07 01:07:57,915 INFO  execution-log - 	 Command completed.
----------------
2019-02-07 01:07:57,923 INFO  execution-log -  Beginning LoadTestDataItemCommand ( CurrentPage : Home, FlowIdentifier : 2, DiIndicator : DI )
----------------
2019-02-07 01:07:57,942 INFO  execution-log - [Sequence No - 8] Beginning ValidateEnableStatusCommand ( LogicalFieldName : New Quote, LogicalFieldValue : True )
----------------
2019-02-07 01:07:59,063 INFO  execution-log - [Sequence No - 8]	 Command completed.
----------------
2019-02-07 01:07:59,084 INFO  execution-log - [Sequence No - 9] Beginning ActionCommand ( LogicalFieldName : New Quote, LogicalFieldValue : Click )
----------------
2019-02-07 01:07:59,853 INFO  execution-log - [Sequence No - 9]	 Command completed.
----------------
2019-02-07 01:07:59,860 INFO  execution-log - 	 Command completed.
----------------
2019-02-07 01:07:59,868 INFO  execution-log -  Beginning PageCommand ( CurrentPage : New Quote, FlowIdentifier : 3, DiIndicator : DI )
----------------
2019-02-07 01:07:59,875 INFO  execution-log - 	 Command completed.
----------------
2019-02-07 01:07:59,898 INFO  execution-log -  Beginning LoadTestDataItemCommand ( CurrentPage : New Quote, FlowIdentifier : 3, DiIndicator : DI )
----------------
2019-02-07 01:07:59,924 INFO  execution-log - [Sequence No - 10] Beginning ValidateExistStatusCommand ( LogicalFieldName : Account Name, LogicalFieldValue : True )
----------------
2019-02-07 01:08:00,070 INFO  execution-log - [Sequence No - 10]	 Command completed.
----------------
2019-02-07 01:08:00,136 INFO  execution-log - [Sequence No - 11] Beginning TestDataCommand ( LogicalFieldName : Account Name, LogicalFieldValue : RANDOMIZE(7,2) )
----------------
2019-02-07 01:08:00,539 INFO  execution-log - [Sequence No - 11]	 Command completed.
----------------
2019-02-07 01:08:00,552 INFO  execution-log - [Sequence No - 12] Beginning ValidateExistStatusCommand ( LogicalFieldName : First Name, LogicalFieldValue : True )
----------------
2019-02-07 01:08:00,614 INFO  execution-log - [Sequence No - 12]	 Command completed.
----------------
2019-02-07 01:08:00,633 INFO  execution-log - [Sequence No - 13] Beginning TestDataCommand ( LogicalFieldName : First Name, LogicalFieldValue : Jack )
----------------
2019-02-07 01:08:00,989 INFO  execution-log - [Sequence No - 13]	 Command completed.
----------------
2019-02-07 01:08:01,003 INFO  execution-log - [Sequence No - 14] Beginning ValidateEnableStatusCommand ( LogicalFieldName : Last Name, LogicalFieldValue : True )
----------------
2019-02-07 01:08:01,388 INFO  execution-log - [Sequence No - 14]	 Command completed.
----------------
2019-02-07 01:08:01,403 INFO  execution-log - [Sequence No - 15] Beginning TestDataCommand ( LogicalFieldName : Last Name, LogicalFieldValue : Smith )
----------------
2019-02-07 01:08:02,265 INFO  execution-log - [Sequence No - 15]	 Command completed.
----------------
2019-02-07 01:08:02,285 INFO  execution-log - [Sequence No - 16] Beginning ValidateExistStatusCommand ( LogicalFieldName : ContactNumber1, LogicalFieldValue : True )
----------------
2019-02-07 01:08:02,567 INFO  execution-log - [Sequence No - 16]	 Command completed.
----------------
2019-02-07 01:08:02,581 INFO  execution-log - [Sequence No - 17] Beginning TestDataCommand ( LogicalFieldName : ContactNumber1, LogicalFieldValue : 654 )
----------------
2019-02-07 01:08:02,818 INFO  execution-log - [Sequence No - 17]	 Command completed.
----------------
2019-02-07 01:08:02,830 INFO  execution-log - [Sequence No - 18] Beginning TestDataCommand ( LogicalFieldName : ContactNumber2, LogicalFieldValue : 321 )
----------------
2019-02-07 01:08:03,049 INFO  execution-log - [Sequence No - 18]	 Command completed.
----------------
2019-02-07 01:08:03,060 INFO  execution-log - [Sequence No - 19] Beginning TestDataCommand ( LogicalFieldName : ContactNumber3, LogicalFieldValue : 6541 )
----------------
2019-02-07 01:08:03,422 INFO  execution-log - [Sequence No - 19]	 Command completed.
----------------
2019-02-07 01:08:03,432 INFO  execution-log - [Sequence No - 20] Beginning ValidateExistStatusCommand ( LogicalFieldName : Primary Email, LogicalFieldValue : True )
----------------
2019-02-07 01:08:03,480 INFO  execution-log - [Sequence No - 20]	 Command completed.
----------------
2019-02-07 01:08:03,490 INFO  execution-log - [Sequence No - 21] Beginning TestDataCommand ( LogicalFieldName : Primary Email, LogicalFieldValue : jack.smith@gmail.com )
----------------
2019-02-07 01:08:03,922 INFO  execution-log - [Sequence No - 21]	 Command completed.
----------------
2019-02-07 01:08:03,933 INFO  execution-log - [Sequence No - 22] Beginning ValidateExistStatusCommand ( LogicalFieldName : Business Started Year, LogicalFieldValue : True )
----------------
2019-02-07 01:08:03,963 INFO  execution-log - [Sequence No - 22]	 Command completed.
----------------
2019-02-07 01:08:03,974 INFO  execution-log - [Sequence No - 23] Beginning TestDataCommand ( LogicalFieldName : Business Started Year, LogicalFieldValue : 2012 )
----------------
2019-02-07 01:08:04,214 INFO  execution-log - [Sequence No - 23]	 Command completed.
----------------
2019-02-07 01:08:04,227 INFO  execution-log - [Sequence No - 24] Beginning ValidateExistStatusCommand ( LogicalFieldName : Select Product, LogicalFieldValue : True )
----------------
2019-02-07 01:08:04,278 INFO  execution-log - [Sequence No - 24]	 Command completed.
----------------
2019-02-07 01:08:04,288 INFO  execution-log - [Sequence No - 25] Beginning ActionCommand ( LogicalFieldName : Select Product, LogicalFieldValue : Click )
----------------
2019-02-07 01:08:04,720 INFO  execution-log - [Sequence No - 25]	 Command completed.
----------------
2019-02-07 01:08:04,749 INFO  execution-log - [Sequence No - 26] Beginning ActionCommand ( LogicalFieldName : Select Product1, LogicalFieldValue : Click )
----------------
2019-02-07 01:08:04,944 INFO  execution-log - [Sequence No - 26]	 Command completed.
----------------
2019-02-07 01:08:04,955 INFO  execution-log - [Sequence No - 27] Beginning ValidateExistStatusCommand ( LogicalFieldName : Contact Name, LogicalFieldValue : True )
----------------
2019-02-07 01:08:04,988 INFO  execution-log - [Sequence No - 27]	 Command completed.
----------------
2019-02-07 01:08:04,999 INFO  execution-log - [Sequence No - 28] Beginning ActionCommand ( LogicalFieldName : Contact Name, LogicalFieldValue : Click )
----------------
2019-02-07 01:08:05,217 INFO  execution-log - [Sequence No - 28]	 Command completed.
----------------
2019-02-07 01:08:05,233 INFO  execution-log - [Sequence No - 29] Beginning ActionCommand ( LogicalFieldName : Contact Name Initial Select, LogicalFieldValue : Click )
----------------
2019-02-07 01:08:05,489 INFO  execution-log - [Sequence No - 29]	 Command completed.
----------------
2019-02-07 01:08:05,506 INFO  execution-log - [Sequence No - 30] Beginning ValidateExistStatusCommand ( LogicalFieldName : Industry, LogicalFieldValue : True )
----------------
2019-02-07 01:08:05,550 INFO  execution-log - [Sequence No - 30]	 Command completed.
----------------
2019-02-07 01:08:05,563 INFO  execution-log - [Sequence No - 31] Beginning ActionCommand ( LogicalFieldName : Industry, LogicalFieldValue : Click )
----------------
2019-02-07 01:08:05,895 INFO  execution-log - [Sequence No - 31]	 Command completed.
----------------
2019-02-07 01:08:05,905 INFO  execution-log - [Sequence No - 32] Beginning ActionCommand ( LogicalFieldName : Industry1, LogicalFieldValue : Click )
----------------
2019-02-07 01:08:06,114 INFO  execution-log - [Sequence No - 32]	 Command completed.
----------------
2019-02-07 01:08:06,124 INFO  execution-log - [Sequence No - 33] Beginning ValidateExistStatusCommand ( LogicalFieldName : Zip Code, LogicalFieldValue : True )
----------------
2019-02-07 01:08:06,163 INFO  execution-log - [Sequence No - 33]	 Command completed.
----------------
2019-02-07 01:08:06,173 INFO  execution-log - [Sequence No - 34] Beginning TestDataCommand ( LogicalFieldName : Zip Code, LogicalFieldValue : 53704 )
----------------
2019-02-07 01:08:06,386 INFO  execution-log - [Sequence No - 34]	 Command completed.
----------------
2019-02-07 01:08:06,397 INFO  execution-log - [Sequence No - 35] Beginning ActionCommand ( LogicalFieldName : zipcode click, LogicalFieldValue : Click )
----------------
2019-02-07 01:08:06,846 INFO  execution-log - [Sequence No - 35]	 Command completed.
----------------
2019-02-07 01:08:06,865 INFO  execution-log - [Sequence No - 36] Beginning ValidateExistStatusCommand ( LogicalFieldName : Street Address, LogicalFieldValue : True )
----------------
2019-02-07 01:08:06,922 INFO  execution-log - [Sequence No - 36]	 Command completed.
----------------
2019-02-07 01:08:06,948 INFO  execution-log - [Sequence No - 37] Beginning TestDataCommand ( LogicalFieldName : Street Address, LogicalFieldValue : 123 BLUEJAY LN )
----------------
2019-02-07 01:08:07,300 INFO  execution-log - [Sequence No - 37]	 Command completed.
----------------
2019-02-07 01:08:07,311 INFO  execution-log - [Sequence No - 38] Beginning ValidateExistStatusCommand ( LogicalFieldName : Same as Physical Address, LogicalFieldValue : True )
----------------
2019-02-07 01:08:07,336 INFO  execution-log - [Sequence No - 38]	 Command completed.
----------------
2019-02-07 01:08:07,346 INFO  execution-log - [Sequence No - 39] Beginning ActionCommand ( LogicalFieldName : Same as Physical Address, LogicalFieldValue : Click )
----------------
2019-02-07 01:08:07,655 INFO  execution-log - [Sequence No - 39]	 Command completed.
----------------
2019-02-07 01:08:07,670 INFO  execution-log - [Sequence No - 40] Beginning ValidateEnableStatusCommand ( LogicalFieldName : Proceed, LogicalFieldValue : True )
----------------
2019-02-07 01:08:07,775 INFO  execution-log - [Sequence No - 40]	 Command completed.
----------------
2019-02-07 01:08:07,788 INFO  execution-log - [Sequence No - 41] Beginning ActionCommand ( LogicalFieldName : Proceed, LogicalFieldValue : Click )
----------------
2019-02-07 01:08:08,105 INFO  execution-log - [Sequence No - 41]	 Command completed.
----------------
2019-02-07 01:08:08,114 INFO  execution-log - 	 Command completed.
----------------
2019-02-07 01:08:08,124 INFO  execution-log -  Beginning PageCommand ( CurrentPage : Insured Info, FlowIdentifier : 4, DiIndicator : DI )
----------------
2019-02-07 01:08:08,134 INFO  execution-log - 	 Command completed.
----------------
2019-02-07 01:08:08,148 INFO  execution-log -  Beginning LoadTestDataItemCommand ( CurrentPage : Insured Info, FlowIdentifier : 4, DiIndicator : DI )
----------------
2019-02-07 01:08:08,169 INFO  execution-log - [Sequence No - 42] Beginning ValidateEnableStatusCommand ( LogicalFieldName : InsuredName, LogicalFieldValue : True )
----------------
2019-02-07 01:08:10,840 INFO  execution-log - [Sequence No - 42]	 Command completed.
----------------
2019-02-07 01:08:10,851 INFO  execution-log - [Sequence No - 43] Beginning TestDataCommand ( LogicalFieldName : InsuredName, LogicalFieldValue : Smith )
----------------
2019-02-07 01:08:11,164 INFO  execution-log - [Sequence No - 43]	 Command completed.
----------------
2019-02-07 01:08:11,177 INFO  execution-log - [Sequence No - 44] Beginning ValidateEnableStatusCommand ( LogicalFieldName : Primary State Click, LogicalFieldValue : True )
----------------
2019-02-07 01:08:11,253 INFO  execution-log - [Sequence No - 44]	 Command completed.
----------------
2019-02-07 01:08:11,263 INFO  execution-log - [Sequence No - 45] Beginning ActionCommand ( LogicalFieldName : Primary State Click, LogicalFieldValue : Click )
----------------
2019-02-07 01:08:11,517 INFO  execution-log - [Sequence No - 45]	 Command completed.
----------------
2019-02-07 01:08:11,531 INFO  execution-log - [Sequence No - 46] Beginning ActionCommand ( LogicalFieldName : PrimayState Select, LogicalFieldValue : Click )
----------------
2019-02-07 01:08:11,900 INFO  execution-log - [Sequence No - 46]	 Command completed.
----------------
2019-02-07 01:08:11,913 INFO  execution-log - [Sequence No - 47] Beginning ValidateExistStatusCommand ( LogicalFieldName : Street Address, LogicalFieldValue : True )
----------------
2019-02-07 01:08:12,098 INFO  execution-log - [Sequence No - 47]	 Command completed.
----------------
2019-02-07 01:08:12,108 INFO  execution-log - [Sequence No - 48] Beginning TestDataCommand ( LogicalFieldName : Street Address, LogicalFieldValue : 123 new street )
----------------
2019-02-07 01:08:12,596 INFO  execution-log - [Sequence No - 48]	 Command completed.
----------------
2019-02-07 01:08:12,606 INFO  execution-log - [Sequence No - 49] Beginning ValidateExistStatusCommand ( LogicalFieldName : Zip Code, LogicalFieldValue : True )
----------------
2019-02-07 01:08:12,690 INFO  execution-log - [Sequence No - 49]	 Command completed.
----------------
2019-02-07 01:08:12,706 INFO  execution-log - [Sequence No - 50] Beginning TestDataCommand ( LogicalFieldName : Zip Code, LogicalFieldValue : 53704 )
----------------
2019-02-07 01:08:13,701 INFO  execution-log - [Sequence No - 50]	 Command completed.
----------------
2019-02-07 01:08:13,715 INFO  execution-log - [Sequence No - 51] Beginning ValidateExistStatusCommand ( LogicalFieldName : Same as Physical Address, LogicalFieldValue : True )
----------------
2019-02-07 01:08:13,759 INFO  execution-log - [Sequence No - 51]	 Command completed.
----------------
2019-02-07 01:08:13,796 INFO  execution-log - [Sequence No - 52] Beginning ActionCommand ( LogicalFieldName : Same as Physical Address, LogicalFieldValue : Click )
----------------
2019-02-07 01:08:14,202 INFO  execution-log - [Sequence No - 52]	 Command completed.
----------------
2019-02-07 01:08:14,217 INFO  execution-log - [Sequence No - 53] Beginning ValidateExistStatusCommand ( LogicalFieldName : SIC Code, LogicalFieldValue : True )
----------------
2019-02-07 01:08:14,306 INFO  execution-log - [Sequence No - 53]	 Command completed.
----------------
2019-02-07 01:08:14,415 INFO  execution-log - [Sequence No - 54] Beginning TestDataCommand ( LogicalFieldName : SIC Code, LogicalFieldValue : 41510000-School buses )
----------------
2019-02-07 01:08:15,231 INFO  execution-log - [Sequence No - 54]	 Command completed.
----------------
2019-02-07 01:08:15,245 INFO  execution-log - [Sequence No - 55] Beginning ValidateExistStatusCommand ( LogicalFieldName : BusinessInceptionYear, LogicalFieldValue : True )
----------------
2019-02-07 01:08:15,273 INFO  execution-log - [Sequence No - 55]	 Command completed.
----------------
2019-02-07 01:08:15,285 INFO  execution-log - [Sequence No - 56] Beginning TestDataCommand ( LogicalFieldName : BusinessInceptionYear, LogicalFieldValue : 2012 )
----------------
2019-02-07 01:08:15,499 INFO  execution-log - [Sequence No - 56]	 Command completed.
----------------
2019-02-07 01:08:15,510 INFO  execution-log - [Sequence No - 57] Beginning ValidateExistStatusCommand ( LogicalFieldName : BusinessPhone, LogicalFieldValue : True )
----------------
2019-02-07 01:08:15,550 INFO  execution-log - [Sequence No - 57]	 Command completed.
----------------
2019-02-07 01:08:15,561 INFO  execution-log - [Sequence No - 58] Beginning TestDataCommand ( LogicalFieldName : BusinessPhone, LogicalFieldValue : 6549879879 )
----------------
2019-02-07 01:08:16,883 INFO  execution-log - [Sequence No - 58]	 Command completed.
----------------
2019-02-07 01:08:16,899 INFO  execution-log - [Sequence No - 59] Beginning ValidateEnableStatusCommand ( LogicalFieldName : Next, LogicalFieldValue : True )
----------------
2019-02-07 01:08:16,944 INFO  execution-log - [Sequence No - 59]	 Command completed.
----------------
2019-02-07 01:08:16,956 INFO  execution-log - [Sequence No - 60] Beginning ActionCommand ( LogicalFieldName : Next, LogicalFieldValue : Click )
----------------
2019-02-07 01:08:17,141 INFO  execution-log - [Sequence No - 60]	 Command completed.
----------------
2019-02-07 01:08:17,147 INFO  execution-log - 	 Command completed.
----------------
2019-02-07 01:08:17,156 INFO  execution-log -  Beginning PageCommand ( CurrentPage : Policy Info, FlowIdentifier : 5, DiIndicator : DI )
----------------
2019-02-07 01:08:17,162 INFO  execution-log - 	 Command completed.
----------------
2019-02-07 01:08:17,176 INFO  execution-log -  Beginning LoadTestDataItemCommand ( CurrentPage : Policy Info, FlowIdentifier : 5, DiIndicator : DI )
----------------
2019-02-07 01:08:17,194 INFO  execution-log - [Sequence No - 61] Beginning ValidateEnableStatusCommand ( LogicalFieldName : Which State do u operate In?, LogicalFieldValue : True )
----------------
2019-02-07 01:08:17,982 INFO  execution-log - [Sequence No - 61]	 Command completed.
----------------
2019-02-07 01:08:18,004 INFO  execution-log - [Sequence No - 62] Beginning ActionCommand ( LogicalFieldName : Which State do u operate In?, LogicalFieldValue : Click )
----------------
2019-02-07 01:08:18,436 INFO  execution-log - [Sequence No - 62]	 Command completed.
----------------
2019-02-07 01:08:18,448 INFO  execution-log - [Sequence No - 63] Beginning ActionCommand ( LogicalFieldName : Which State do u operate In?1, LogicalFieldValue : Click )
----------------
2019-02-07 01:08:19,301 INFO  execution-log - [Sequence No - 63]	 Command completed.
----------------
2019-02-07 01:08:19,311 INFO  execution-log - [Sequence No - 64] Beginning ActionCommand ( LogicalFieldName : Label Click, LogicalFieldValue : Click )
----------------
2019-02-07 01:08:19,559 INFO  execution-log - [Sequence No - 64]	 Command completed.
----------------
2019-02-07 01:08:19,570 INFO  execution-log - [Sequence No - 65] Beginning ActionCommand ( LogicalFieldName : Collapse, LogicalFieldValue : Click )
----------------
2019-02-07 01:08:19,821 INFO  execution-log - [Sequence No - 65]	 Command completed.
----------------
2019-02-07 01:08:19,831 INFO  execution-log - [Sequence No - 66] Beginning ValidateEnableStatusCommand ( LogicalFieldName : Select Product, LogicalFieldValue : True )
----------------
2019-02-07 01:08:19,983 INFO  execution-log - [Sequence No - 66]	 Command completed.
----------------
2019-02-07 01:08:19,994 INFO  execution-log - [Sequence No - 67] Beginning ActionCommand ( LogicalFieldName : Select Product, LogicalFieldValue : Click-Wait(2000) )
----------------
2019-02-07 01:08:24,280 INFO  execution-log - [Sequence No - 67]	 Command completed.
----------------
2019-02-07 01:08:24,290 INFO  execution-log - [Sequence No - 68] Beginning ActionCommand ( LogicalFieldName : Select Product 1, LogicalFieldValue : Click )
----------------
2019-02-07 01:08:26,931 INFO  execution-log - [Sequence No - 68]	 Command completed.
----------------
2019-02-07 01:08:26,937 INFO  execution-log - 	 Command completed.
----------------
2019-02-07 01:08:26,996 INFO  execution-log - Saving captured values to file.
----------------
2019-02-07 01:08:27,007 INFO  execution-log - TC # : 1, has completed successfully.
----------------
