2019-02-04 11:40:15,954 INFO  execution-log - 	Initializing control map with map # MASTER
----------------
2019-02-04 11:40:15,969 INFO  execution-log - Initializing Test Automation
----------------
2019-02-04 11:40:15,973 INFO  execution-log - 	target browser: Chrome
----------------
2019-02-04 11:40:15,981 INFO  execution-log - TC # : 1, Downloading test case from DB
----------------
2019-02-04 11:40:16,003 INFO  execution-log - TC # : 1, Getting test data from DB
----------------
2019-02-04 11:40:16,003 INFO  execution-log - TC # : 1, Getting control map :MASTER from DB
----------------
2019-02-04 11:40:16,023 INFO  execution-log - TC # : 1, Control map retrieval completed
----------------
2019-02-04 11:40:16,024 INFO  execution-log - TC # : 1, Test data retrieval completed
----------------
2019-02-04 11:40:16,032 INFO  execution-log - TC # : 1, Parsing commands
----------------
2019-02-04 11:40:16,038 INFO  execution-log - Loading captured values from persistence.
----------------
2019-02-04 11:40:16,047 INFO  execution-log - TC # : 1, Started executing test case in the VMTESTAPP1 environment (http://vam-qa.cloudapp.net:6363/pages/login.html)
----------------
2019-02-04 11:40:16,108 INFO  execution-log -  Beginning StartIterationCommand ( Iterations : 1 )
----------------
2019-02-04 11:40:16,116 INFO  execution-log - TC # : 1, Starting iteration #1
----------------
2019-02-04 11:40:16,121 INFO  execution-log - 	 Command completed.
----------------
2019-02-04 11:40:16,127 INFO  execution-log -  Beginning InvokeApplicationCommand ( Target :  )
----------------
2019-02-04 11:40:17,077 INFO  execution-log - 	 Command completed.
----------------
2019-02-04 11:40:17,088 INFO  execution-log -  Beginning PageCommand ( CurrentPage : Login, FlowIdentifier : 1, DiIndicator : DI )
----------------
2019-02-04 11:40:17,093 INFO  execution-log - 	 Command completed.
----------------
2019-02-04 11:40:17,097 INFO  execution-log -  Beginning LoadTestDataItemCommand ( CurrentPage : Login, FlowIdentifier : 1, DiIndicator : DI )
----------------
2019-02-04 11:40:17,124 INFO  execution-log - [Sequence No - 1] Beginning ValidateExistStatusCommand ( LogicalFieldName : User Name, LogicalFieldValue : True )
----------------
2019-02-04 11:40:17,154 INFO  execution-log - [Sequence No - 1]	 Command completed.
----------------
2019-02-04 11:40:17,163 INFO  execution-log - [Sequence No - 2] Beginning ActionCommand ( LogicalFieldName : User Name, LogicalFieldValue : Click )
----------------
2019-02-04 11:40:17,291 INFO  execution-log - [Sequence No - 2]	 Command completed.
----------------
2019-02-04 11:40:17,304 INFO  execution-log - [Sequence No - 3] Beginning TestDataCommand ( LogicalFieldName : User Name, LogicalFieldValue : Jack )
----------------
2019-02-04 11:40:17,396 INFO  execution-log - [Sequence No - 3]	 Command completed.
----------------
2019-02-04 11:40:17,406 INFO  execution-log - [Sequence No - 4] Beginning ValidateExistStatusCommand ( LogicalFieldName : Password, LogicalFieldValue : True )
----------------
2019-02-04 11:40:17,426 INFO  execution-log - [Sequence No - 4]	 Command completed.
----------------
2019-02-04 11:40:17,435 INFO  execution-log - [Sequence No - 5] Beginning TestDataCommand ( LogicalFieldName : Password, LogicalFieldValue : Smit@123 )
----------------
2019-02-04 11:40:17,559 INFO  execution-log - [Sequence No - 5]	 Command completed.
----------------
2019-02-04 11:40:17,570 INFO  execution-log - [Sequence No - 6] Beginning ValidateEnableStatusCommand ( LogicalFieldName : Login_Button, LogicalFieldValue : True )
----------------
2019-02-04 11:40:17,602 INFO  execution-log - [Sequence No - 6]	 Command completed.
----------------
2019-02-04 11:40:17,612 INFO  execution-log - [Sequence No - 7] Beginning ActionCommand ( LogicalFieldName : Login_Button, LogicalFieldValue : Click )
----------------
2019-02-04 11:40:17,713 INFO  execution-log - [Sequence No - 7]	 Command completed.
----------------
2019-02-04 11:40:17,720 INFO  execution-log - 	 Command completed.
----------------
2019-02-04 11:40:17,725 INFO  execution-log -  Beginning PageCommand ( CurrentPage : Home, FlowIdentifier : 2, DiIndicator : DI )
----------------
2019-02-04 11:40:17,730 INFO  execution-log - 	 Command completed.
----------------
2019-02-04 11:40:17,735 INFO  execution-log -  Beginning LoadTestDataItemCommand ( CurrentPage : Home, FlowIdentifier : 2, DiIndicator : DI )
----------------
2019-02-04 11:40:17,748 INFO  execution-log - [Sequence No - 8] Beginning ActionCommand ( LogicalFieldName : New Quote, LogicalFieldValue : Click )
----------------
2019-02-04 11:40:19,367 INFO  execution-log - [Sequence No - 8]	 Command completed.
----------------
2019-02-04 11:40:19,373 INFO  execution-log - 	 Command completed.
----------------
2019-02-04 11:40:19,391 INFO  execution-log -  Beginning PageCommand ( CurrentPage : New Quote, FlowIdentifier : 3, DiIndicator : DI )
----------------
2019-02-04 11:40:19,397 INFO  execution-log - 	 Command completed.
----------------
2019-02-04 11:40:19,404 INFO  execution-log -  Beginning LoadTestDataItemCommand ( CurrentPage : New Quote, FlowIdentifier : 3, DiIndicator : DI )
----------------
2019-02-04 11:40:19,423 INFO  execution-log - [Sequence No - 9] Beginning TestDataCommand ( LogicalFieldName : Account Name, LogicalFieldValue : RANDOMIZE(7,2) )
----------------
2019-02-04 11:40:19,654 INFO  execution-log - [Sequence No - 9]	 Command completed.
----------------
2019-02-04 11:40:19,664 INFO  execution-log - [Sequence No - 11] Beginning TestDataCommand ( LogicalFieldName : First Name, LogicalFieldValue : Jack )
----------------
2019-02-04 11:40:19,861 INFO  execution-log - [Sequence No - 11]	 Command completed.
----------------
2019-02-04 11:40:19,872 INFO  execution-log - [Sequence No - 12] Beginning TestDataCommand ( LogicalFieldName : Last Name, LogicalFieldValue : Smith )
----------------
2019-02-04 11:40:20,043 INFO  execution-log - [Sequence No - 12]	 Command completed.
----------------
2019-02-04 11:40:20,057 INFO  execution-log - [Sequence No - 13] Beginning TestDataCommand ( LogicalFieldName : ContactNumber1, LogicalFieldValue : 654 )
----------------
2019-02-04 11:40:20,197 INFO  execution-log - [Sequence No - 13]	 Command completed.
----------------
2019-02-04 11:40:20,207 INFO  execution-log - [Sequence No - 14] Beginning TestDataCommand ( LogicalFieldName : ContactNumber2, LogicalFieldValue : 321 )
----------------
2019-02-04 11:40:20,337 INFO  execution-log - [Sequence No - 14]	 Command completed.
----------------
2019-02-04 11:40:20,347 INFO  execution-log - [Sequence No - 15] Beginning TestDataCommand ( LogicalFieldName : ContactNumber3, LogicalFieldValue : 6541 )
----------------
2019-02-04 11:40:20,463 INFO  execution-log - [Sequence No - 15]	 Command completed.
----------------
2019-02-04 11:40:20,481 INFO  execution-log - [Sequence No - 16] Beginning TestDataCommand ( LogicalFieldName : Primary Email, LogicalFieldValue : jack.smith@gmail.com )
----------------
2019-02-04 11:40:20,743 INFO  execution-log - [Sequence No - 16]	 Command completed.
----------------
2019-02-04 11:40:20,755 INFO  execution-log - [Sequence No - 17] Beginning TestDataCommand ( LogicalFieldName : Business Started Year, LogicalFieldValue : 2012 )
----------------
2019-02-04 11:40:21,005 INFO  execution-log - [Sequence No - 17]	 Command completed.
----------------
2019-02-04 11:40:21,017 INFO  execution-log - [Sequence No - 18] Beginning ActionCommand ( LogicalFieldName : Select Product, LogicalFieldValue : Click )
----------------
2019-02-04 11:40:21,194 INFO  execution-log - [Sequence No - 18]	 Command completed.
----------------
2019-02-04 11:40:21,206 INFO  execution-log - [Sequence No - 19] Beginning ActionCommand ( LogicalFieldName : Select Product1, LogicalFieldValue : Click )
----------------
2019-02-04 11:40:21,352 INFO  execution-log - [Sequence No - 19]	 Command completed.
----------------
2019-02-04 11:40:21,363 INFO  execution-log - [Sequence No - 20] Beginning ActionCommand ( LogicalFieldName : Contact Name, LogicalFieldValue : Click )
----------------
2019-02-04 11:40:21,509 INFO  execution-log - [Sequence No - 20]	 Command completed.
----------------
2019-02-04 11:40:21,522 INFO  execution-log - [Sequence No - 21] Beginning ActionCommand ( LogicalFieldName : Contact Name Initial Select, LogicalFieldValue : Click )
----------------
2019-02-04 11:40:22,157 INFO  execution-log - [Sequence No - 21]	 Command completed.
----------------
2019-02-04 11:40:22,167 INFO  execution-log - [Sequence No - 22] Beginning ActionCommand ( LogicalFieldName : Industry, LogicalFieldValue : Click )
----------------
2019-02-04 11:40:22,336 INFO  execution-log - [Sequence No - 22]	 Command completed.
----------------
2019-02-04 11:40:22,348 INFO  execution-log - [Sequence No - 23] Beginning ActionCommand ( LogicalFieldName : Industry1, LogicalFieldValue : Click )
----------------
2019-02-04 11:40:22,512 INFO  execution-log - [Sequence No - 23]	 Command completed.
----------------
2019-02-04 11:40:22,525 INFO  execution-log - [Sequence No - 24] Beginning TestDataCommand ( LogicalFieldName : Zip Code, LogicalFieldValue : 53704 )
----------------
2019-02-04 11:40:22,680 INFO  execution-log - [Sequence No - 24]	 Command completed.
----------------
2019-02-04 11:40:22,690 INFO  execution-log - [Sequence No - 25] Beginning ActionCommand ( LogicalFieldName : zipcode click, LogicalFieldValue : Click )
----------------
2019-02-04 11:40:23,084 INFO  execution-log - [Sequence No - 25]	 Command completed.
----------------
2019-02-04 11:40:23,094 INFO  execution-log - [Sequence No - 26] Beginning TestDataCommand ( LogicalFieldName : Street Address, LogicalFieldValue : 123 BLUEJAY LN )
----------------
2019-02-04 11:40:23,342 INFO  execution-log - [Sequence No - 26]	 Command completed.
----------------
2019-02-04 11:40:23,354 INFO  execution-log - [Sequence No - 27] Beginning ActionCommand ( LogicalFieldName : Same as Physical Address, LogicalFieldValue : Click )
----------------
2019-02-04 11:40:23,492 INFO  execution-log - [Sequence No - 27]	 Command completed.
----------------
2019-02-04 11:40:23,502 INFO  execution-log - [Sequence No - 28] Beginning ActionCommand ( LogicalFieldName : Proceed, LogicalFieldValue : Click )
----------------
2019-02-04 11:40:23,662 INFO  execution-log - [Sequence No - 28]	 Command completed.
----------------
2019-02-04 11:40:23,669 INFO  execution-log - 	 Command completed.
----------------
2019-02-04 11:40:23,676 INFO  execution-log -  Beginning PageCommand ( CurrentPage : Insured Info, FlowIdentifier : 4, DiIndicator : DI )
----------------
2019-02-04 11:40:23,682 INFO  execution-log - 	 Command completed.
----------------
2019-02-04 11:40:23,689 INFO  execution-log -  Beginning LoadTestDataItemCommand ( CurrentPage : Insured Info, FlowIdentifier : 4, DiIndicator : DI )
----------------
2019-02-04 11:40:23,706 INFO  execution-log - [Sequence No - 29] Beginning TestDataCommand ( LogicalFieldName : InsuredName, LogicalFieldValue : Smith )
----------------
2019-02-04 11:40:25,728 INFO  execution-log - [Sequence No - 29]	 Command completed.
----------------
2019-02-04 11:40:25,744 INFO  execution-log - [Sequence No - 30] Beginning ActionCommand ( LogicalFieldName : Primary State Click, LogicalFieldValue : Click )
----------------
2019-02-04 11:40:25,912 INFO  execution-log - [Sequence No - 30]	 Command completed.
----------------
2019-02-04 11:40:25,928 INFO  execution-log - [Sequence No - 31] Beginning ActionCommand ( LogicalFieldName : PrimayState Select, LogicalFieldValue : Click )
----------------
2019-02-04 11:40:26,126 INFO  execution-log - [Sequence No - 31]	 Command completed.
----------------
2019-02-04 11:40:26,137 INFO  execution-log - [Sequence No - 32] Beginning TestDataCommand ( LogicalFieldName : Street Address, LogicalFieldValue : 123 new street )
----------------
2019-02-04 11:40:26,426 INFO  execution-log - [Sequence No - 32]	 Command completed.
----------------
2019-02-04 11:40:26,441 INFO  execution-log - [Sequence No - 33] Beginning TestDataCommand ( LogicalFieldName : Zip Code, LogicalFieldValue : 53704 )
----------------
2019-02-04 11:40:26,600 INFO  execution-log - [Sequence No - 33]	 Command completed.
----------------
2019-02-04 11:40:26,611 INFO  execution-log - [Sequence No - 34] Beginning ActionCommand ( LogicalFieldName : Same as Physical Address, LogicalFieldValue : Click )
----------------
2019-02-04 11:40:26,767 INFO  execution-log - [Sequence No - 34]	 Command completed.
----------------
2019-02-04 11:40:26,777 INFO  execution-log - [Sequence No - 35] Beginning TestDataCommand ( LogicalFieldName : SIC Code, LogicalFieldValue : 41510000-School buses )
----------------
2019-02-04 11:40:27,101 INFO  execution-log - [Sequence No - 35]	 Command completed.
----------------
2019-02-04 11:40:27,111 INFO  execution-log - [Sequence No - 36] Beginning TestDataCommand ( LogicalFieldName : BusinessInceptionYear, LogicalFieldValue : 2012 )
----------------
2019-02-04 11:40:27,241 INFO  execution-log - [Sequence No - 36]	 Command completed.
----------------
2019-02-04 11:40:27,264 INFO  execution-log - [Sequence No - 37] Beginning TestDataCommand ( LogicalFieldName : BusinessPhone, LogicalFieldValue : 6549879879 )
----------------
2019-02-04 11:40:28,530 INFO  execution-log - [Sequence No - 37]	 Command completed.
----------------
2019-02-04 11:40:28,541 INFO  execution-log - [Sequence No - 38] Beginning ActionCommand ( LogicalFieldName : Next, LogicalFieldValue : Click )
----------------
2019-02-04 11:40:28,669 INFO  execution-log - [Sequence No - 38]	 Command completed.
----------------
2019-02-04 11:40:28,677 INFO  execution-log - 	 Command completed.
----------------
2019-02-04 11:40:28,682 INFO  execution-log -  Beginning PageCommand ( CurrentPage : Policy Info, FlowIdentifier : 5, DiIndicator : DI )
----------------
2019-02-04 11:40:28,687 INFO  execution-log - 	 Command completed.
----------------
2019-02-04 11:40:28,693 INFO  execution-log -  Beginning LoadTestDataItemCommand ( CurrentPage : Policy Info, FlowIdentifier : 5, DiIndicator : DI )
----------------
2019-02-04 11:40:28,707 INFO  execution-log - [Sequence No - 39] Beginning ActionCommand ( LogicalFieldName : Which State do u operate In?, LogicalFieldValue : Click )
----------------
2019-02-04 11:40:30,716 INFO  execution-log - [Sequence No - 39]	 Command completed.
----------------
2019-02-04 11:40:30,727 INFO  execution-log - [Sequence No - 40] Beginning ActionCommand ( LogicalFieldName : Which State do u operate In?1, LogicalFieldValue : Click )
----------------
2019-02-04 11:40:31,358 INFO  execution-log - [Sequence No - 40]	 Command completed.
----------------
2019-02-04 11:40:31,370 INFO  execution-log - [Sequence No - 41] Beginning ActionCommand ( LogicalFieldName : Label Click, LogicalFieldValue : Click )
----------------
2019-02-04 11:40:31,531 INFO  execution-log - [Sequence No - 41]	 Command completed.
----------------
2019-02-04 11:40:31,544 INFO  execution-log - [Sequence No - 42] Beginning ActionCommand ( LogicalFieldName : Collapse, LogicalFieldValue : Click )
----------------
2019-02-04 11:40:31,777 INFO  execution-log - [Sequence No - 42]	 Command completed.
----------------
2019-02-04 11:40:31,789 INFO  execution-log - [Sequence No - 43] Beginning ActionCommand ( LogicalFieldName : Select Product, LogicalFieldValue : Click-Wait(2000) )
----------------
2019-02-04 11:40:35,991 INFO  execution-log - [Sequence No - 43]	 Command completed.
----------------
2019-02-04 11:40:36,001 INFO  execution-log - [Sequence No - 44] Beginning ActionCommand ( LogicalFieldName : Select Product 1, LogicalFieldValue : Click )
----------------
2019-02-04 11:40:38,727 INFO  execution-log - [Sequence No - 44]	 Command completed.
----------------
2019-02-04 11:40:38,738 INFO  execution-log - [Sequence No - 45] Beginning ActionCommand ( LogicalFieldName : Next Policy Info, LogicalFieldValue : Click(1000) )
----------------
2019-02-04 11:40:38,855 INFO  execution-log - [Sequence No - 45]	 Command completed.
----------------
2019-02-04 11:40:38,861 INFO  execution-log - 	 Command completed.
----------------
2019-02-04 11:40:38,893 INFO  execution-log - Saving captured values to file.
----------------
2019-02-04 11:40:38,899 INFO  execution-log - TC # : 1, has completed successfully.
----------------
