2019-02-06 01:23:54,191 INFO  execution-log - 	Initializing control map with map # MASTER
----------------
2019-02-06 01:23:54,197 INFO  execution-log - Initializing Test Automation
----------------
2019-02-06 01:23:54,202 INFO  execution-log - 	target browser: Chrome
----------------
2019-02-06 01:23:58,813 INFO  execution-log - TC # : 1, Downloading test case from DB
----------------
2019-02-06 01:23:58,828 INFO  execution-log - TC # : 1, Getting control map :MASTER from DB
----------------
2019-02-06 01:23:58,828 INFO  execution-log - TC # : 1, Getting test data from DB
----------------
2019-02-06 01:23:58,847 INFO  execution-log - TC # : 1, Control map retrieval completed
----------------
2019-02-06 01:23:58,862 INFO  execution-log - TC # : 1, Test data retrieval completed
----------------
2019-02-06 01:23:58,867 INFO  execution-log - TC # : 1, Parsing commands
----------------
2019-02-06 01:23:58,872 INFO  execution-log - Loading captured values from persistence.
----------------
2019-02-06 01:23:58,877 INFO  execution-log - TC # : 1, Started executing test case in the VMTESTAPP1 environment (http://vam-qa.cloudapp.net:6363/pages/login.html)
----------------
2019-02-06 01:23:58,924 INFO  execution-log -  Beginning StartIterationCommand ( Iterations : 1 )
----------------
2019-02-06 01:23:58,930 INFO  execution-log - TC # : 1, Starting iteration #1
----------------
2019-02-06 01:23:58,935 INFO  execution-log - 	 Command completed.
----------------
2019-02-06 01:23:58,939 INFO  execution-log -  Beginning InvokeApplicationCommand ( Target :  )
----------------
2019-02-06 01:23:59,857 INFO  execution-log - 	 Command completed.
----------------
2019-02-06 01:23:59,864 INFO  execution-log -  Beginning PageCommand ( CurrentPage : Login, FlowIdentifier : 1, DiIndicator : DI )
----------------
2019-02-06 01:23:59,869 INFO  execution-log - 	 Command completed.
----------------
2019-02-06 01:23:59,874 INFO  execution-log -  Beginning LoadTestDataItemCommand ( CurrentPage : Login, FlowIdentifier : 1, DiIndicator : DI )
----------------
2019-02-06 01:23:59,897 INFO  execution-log - [Sequence No - 1] Beginning ValidateExistStatusCommand ( LogicalFieldName : User Name, LogicalFieldValue : True )
----------------
2019-02-06 01:23:59,927 INFO  execution-log - [Sequence No - 1]	 Command completed.
----------------
2019-02-06 01:23:59,938 INFO  execution-log - [Sequence No - 2] Beginning ActionCommand ( LogicalFieldName : User Name, LogicalFieldValue : Click )
----------------
2019-02-06 01:24:00,079 INFO  execution-log - [Sequence No - 2]	 Command completed.
----------------
2019-02-06 01:24:00,092 INFO  execution-log - [Sequence No - 3] Beginning TestDataCommand ( LogicalFieldName : User Name, LogicalFieldValue : Jack )
----------------
2019-02-06 01:24:02,666 INFO  execution-log - [Sequence No - 3]	 Command completed.
----------------
2019-02-06 01:24:02,678 INFO  execution-log - [Sequence No - 4] Beginning ValidateExistStatusCommand ( LogicalFieldName : Password, LogicalFieldValue : True )
----------------
2019-02-06 01:24:02,701 INFO  execution-log - [Sequence No - 4]	 Command completed.
----------------
2019-02-06 01:24:02,710 INFO  execution-log - [Sequence No - 5] Beginning TestDataCommand ( LogicalFieldName : Password, LogicalFieldValue : Smit@123 )
----------------
2019-02-06 01:24:12,151 INFO  execution-log - [Sequence No - 5]	 Command completed.
----------------
2019-02-06 01:24:12,162 INFO  execution-log - [Sequence No - 6] Beginning ValidateEnableStatusCommand ( LogicalFieldName : Login_Button, LogicalFieldValue : True )
----------------
2019-02-06 01:24:12,194 INFO  execution-log - [Sequence No - 6]	 Command completed.
----------------
2019-02-06 01:24:12,205 INFO  execution-log - [Sequence No - 7] Beginning ActionCommand ( LogicalFieldName : Login_Button, LogicalFieldValue : Click )
----------------
2019-02-06 01:24:12,354 INFO  execution-log - [Sequence No - 7]	 Command completed.
----------------
2019-02-06 01:24:12,361 INFO  execution-log - 	 Command completed.
----------------
2019-02-06 01:24:12,369 INFO  execution-log -  Beginning PageCommand ( CurrentPage : Home, FlowIdentifier : 2, DiIndicator : DI )
----------------
2019-02-06 01:24:12,374 INFO  execution-log - 	 Command completed.
----------------
2019-02-06 01:24:12,379 INFO  execution-log -  Beginning LoadTestDataItemCommand ( CurrentPage : Home, FlowIdentifier : 2, DiIndicator : DI )
----------------
2019-02-06 01:24:12,389 INFO  execution-log - [Sequence No - 8] Beginning ValidateEnableStatusCommand ( LogicalFieldName : New Quote, LogicalFieldValue : True )
----------------
2019-02-06 01:24:13,474 INFO  execution-log - [Sequence No - 8]	 Command completed.
----------------
2019-02-06 01:24:13,486 INFO  execution-log - [Sequence No - 9] Beginning ActionCommand ( LogicalFieldName : New Quote, LogicalFieldValue : Click )
----------------
2019-02-06 01:24:14,333 INFO  execution-log - [Sequence No - 9]	 Command completed.
----------------
2019-02-06 01:24:14,340 INFO  execution-log - 	 Command completed.
----------------
2019-02-06 01:24:14,348 INFO  execution-log -  Beginning PageCommand ( CurrentPage : New Quote, FlowIdentifier : 3, DiIndicator : DI )
----------------
2019-02-06 01:24:14,354 INFO  execution-log - 	 Command completed.
----------------
2019-02-06 01:24:14,359 INFO  execution-log -  Beginning LoadTestDataItemCommand ( CurrentPage : New Quote, FlowIdentifier : 3, DiIndicator : DI )
----------------
2019-02-06 01:24:14,370 INFO  execution-log - [Sequence No - 10] Beginning ValidateExistStatusCommand ( LogicalFieldName : Account Name, LogicalFieldValue : True )
----------------
2019-02-06 01:24:14,442 INFO  execution-log - [Sequence No - 10]	 Command completed.
----------------
2019-02-06 01:24:14,456 INFO  execution-log - [Sequence No - 11] Beginning TestDataCommand ( LogicalFieldName : Account Name, LogicalFieldValue : RANDOMIZE(7,2) )
----------------
2019-02-06 01:24:24,787 INFO  execution-log - [Sequence No - 11]	 Command completed.
----------------
2019-02-06 01:24:24,805 INFO  execution-log - [Sequence No - 12] Beginning ValidateExistStatusCommand ( LogicalFieldName : First Name, LogicalFieldValue : True )
----------------
2019-02-06 01:24:24,833 INFO  execution-log - [Sequence No - 12]	 Command completed.
----------------
2019-02-06 01:24:24,842 INFO  execution-log - [Sequence No - 13] Beginning TestDataCommand ( LogicalFieldName : First Name, LogicalFieldValue : Jack )
----------------
2019-02-06 01:24:27,587 INFO  execution-log - [Sequence No - 13]	 Command completed.
----------------
2019-02-06 01:24:27,598 INFO  execution-log - [Sequence No - 14] Beginning ValidateEnableStatusCommand ( LogicalFieldName : Last Name, LogicalFieldValue : True )
----------------
2019-02-06 01:24:27,715 INFO  execution-log - [Sequence No - 14]	 Command completed.
----------------
2019-02-06 01:24:27,724 INFO  execution-log - [Sequence No - 15] Beginning TestDataCommand ( LogicalFieldName : Last Name, LogicalFieldValue : Smith )
----------------
2019-02-06 01:24:33,572 INFO  execution-log - [Sequence No - 15]	 Command completed.
----------------
2019-02-06 01:24:33,583 INFO  execution-log - [Sequence No - 16] Beginning ValidateExistStatusCommand ( LogicalFieldName : ContactNumber1, LogicalFieldValue : True )
----------------
2019-02-06 01:24:33,604 INFO  execution-log - [Sequence No - 16]	 Command completed.
----------------
2019-02-06 01:24:33,614 INFO  execution-log - [Sequence No - 17] Beginning TestDataCommand ( LogicalFieldName : ContactNumber1, LogicalFieldValue : 654 )
----------------
2019-02-06 01:24:36,752 INFO  execution-log - [Sequence No - 17]	 Command completed.
----------------
2019-02-06 01:24:36,762 INFO  execution-log - [Sequence No - 18] Beginning TestDataCommand ( LogicalFieldName : ContactNumber2, LogicalFieldValue : 321 )
----------------
2019-02-06 01:24:38,975 INFO  execution-log - [Sequence No - 18]	 Command completed.
----------------
2019-02-06 01:24:38,986 INFO  execution-log - [Sequence No - 19] Beginning TestDataCommand ( LogicalFieldName : ContactNumber3, LogicalFieldValue : 6541 )
----------------
2019-02-06 01:24:41,106 INFO  execution-log - [Sequence No - 19]	 Command completed.
----------------
2019-02-06 01:24:41,116 INFO  execution-log - [Sequence No - 20] Beginning ValidateExistStatusCommand ( LogicalFieldName : Primary Email, LogicalFieldValue : True )
----------------
2019-02-06 01:24:41,141 INFO  execution-log - [Sequence No - 20]	 Command completed.
----------------
2019-02-06 01:24:41,151 INFO  execution-log - [Sequence No - 21] Beginning TestDataCommand ( LogicalFieldName : Primary Email, LogicalFieldValue : jack.smith@gmail.com )
----------------
2019-02-06 01:24:43,692 INFO  execution-log - [Sequence No - 21]	 Command completed.
----------------
2019-02-06 01:24:43,703 INFO  execution-log - [Sequence No - 22] Beginning ValidateExistStatusCommand ( LogicalFieldName : Business Started Year, LogicalFieldValue : True )
----------------
2019-02-06 01:24:43,724 INFO  execution-log - [Sequence No - 22]	 Command completed.
----------------
2019-02-06 01:24:43,733 INFO  execution-log - [Sequence No - 23] Beginning TestDataCommand ( LogicalFieldName : Business Started Year, LogicalFieldValue : 2012 )
----------------
2019-02-06 01:24:50,855 INFO  execution-log - [Sequence No - 23]	 Command completed.
----------------
2019-02-06 01:24:50,866 INFO  execution-log - [Sequence No - 24] Beginning ValidateExistStatusCommand ( LogicalFieldName : Select Product, LogicalFieldValue : True )
----------------
2019-02-06 01:24:50,890 INFO  execution-log - [Sequence No - 24]	 Command completed.
----------------
2019-02-06 01:24:50,902 INFO  execution-log - [Sequence No - 25] Beginning ActionCommand ( LogicalFieldName : Select Product, LogicalFieldValue : Click )
----------------
2019-02-06 01:24:51,130 INFO  execution-log - [Sequence No - 25]	 Command completed.
----------------
2019-02-06 01:24:51,143 INFO  execution-log - [Sequence No - 26] Beginning ActionCommand ( LogicalFieldName : Select Product1, LogicalFieldValue : Click )
----------------
2019-02-06 01:24:51,282 INFO  execution-log - [Sequence No - 26]	 Command completed.
----------------
2019-02-06 01:24:51,293 INFO  execution-log - [Sequence No - 27] Beginning ValidateExistStatusCommand ( LogicalFieldName : Contact Name, LogicalFieldValue : True )
----------------
2019-02-06 01:24:51,316 INFO  execution-log - [Sequence No - 27]	 Command completed.
----------------
2019-02-06 01:24:51,326 INFO  execution-log - [Sequence No - 28] Beginning ActionCommand ( LogicalFieldName : Contact Name, LogicalFieldValue : Click )
----------------
2019-02-06 01:24:51,474 INFO  execution-log - [Sequence No - 28]	 Command completed.
----------------
2019-02-06 01:24:51,486 INFO  execution-log - [Sequence No - 29] Beginning ActionCommand ( LogicalFieldName : Contact Name Initial Select, LogicalFieldValue : Click )
----------------
2019-02-06 01:24:52,135 INFO  execution-log - [Sequence No - 29]	 Command completed.
----------------
2019-02-06 01:24:52,147 INFO  execution-log - [Sequence No - 30] Beginning ValidateExistStatusCommand ( LogicalFieldName : Industry, LogicalFieldValue : True )
----------------
2019-02-06 01:24:52,171 INFO  execution-log - [Sequence No - 30]	 Command completed.
----------------
2019-02-06 01:24:52,180 INFO  execution-log - [Sequence No - 31] Beginning ActionCommand ( LogicalFieldName : Industry, LogicalFieldValue : Click )
----------------
2019-02-06 01:24:52,372 INFO  execution-log - [Sequence No - 31]	 Command completed.
----------------
2019-02-06 01:24:52,386 INFO  execution-log - [Sequence No - 32] Beginning ActionCommand ( LogicalFieldName : Industry1, LogicalFieldValue : Click )
----------------
2019-02-06 01:24:52,518 INFO  execution-log - [Sequence No - 32]	 Command completed.
----------------
2019-02-06 01:24:52,530 INFO  execution-log - [Sequence No - 33] Beginning ValidateExistStatusCommand ( LogicalFieldName : Zip Code, LogicalFieldValue : True )
----------------
2019-02-06 01:24:52,552 INFO  execution-log - [Sequence No - 33]	 Command completed.
----------------
2019-02-06 01:24:52,561 INFO  execution-log - [Sequence No - 34] Beginning TestDataCommand ( LogicalFieldName : Zip Code, LogicalFieldValue : 53704 )
----------------
2019-02-06 01:24:54,902 INFO  execution-log - [Sequence No - 34]	 Command completed.
----------------
2019-02-06 01:24:54,914 INFO  execution-log - [Sequence No - 35] Beginning ActionCommand ( LogicalFieldName : zipcode click, LogicalFieldValue : Click )
----------------
2019-02-06 01:24:55,280 INFO  execution-log - [Sequence No - 35]	 Command completed.
----------------
2019-02-06 01:24:55,291 INFO  execution-log - [Sequence No - 36] Beginning ValidateExistStatusCommand ( LogicalFieldName : Street Address, LogicalFieldValue : True )
----------------
2019-02-06 01:24:55,315 INFO  execution-log - [Sequence No - 36]	 Command completed.
----------------
2019-02-06 01:24:55,325 INFO  execution-log - [Sequence No - 37] Beginning TestDataCommand ( LogicalFieldName : Street Address, LogicalFieldValue : 123 BLUEJAY LN )
----------------
2019-02-06 01:24:58,218 INFO  execution-log - [Sequence No - 37]	 Command completed.
----------------
2019-02-06 01:24:58,232 INFO  execution-log - [Sequence No - 38] Beginning ValidateExistStatusCommand ( LogicalFieldName : Same as Physical Address, LogicalFieldValue : True )
----------------
2019-02-06 01:24:58,254 INFO  execution-log - [Sequence No - 38]	 Command completed.
----------------
2019-02-06 01:24:58,263 INFO  execution-log - [Sequence No - 39] Beginning ActionCommand ( LogicalFieldName : Same as Physical Address, LogicalFieldValue : Click )
----------------
2019-02-06 01:24:58,393 INFO  execution-log - [Sequence No - 39]	 Command completed.
----------------
2019-02-06 01:24:58,404 INFO  execution-log - [Sequence No - 40] Beginning ValidateEnableStatusCommand ( LogicalFieldName : Proceed, LogicalFieldValue : True )
----------------
2019-02-06 01:24:58,434 INFO  execution-log - [Sequence No - 40]	 Command completed.
----------------
2019-02-06 01:24:58,442 INFO  execution-log - [Sequence No - 41] Beginning ActionCommand ( LogicalFieldName : Proceed, LogicalFieldValue : Click )
----------------
2019-02-06 01:24:58,581 INFO  execution-log - [Sequence No - 41]	 Command completed.
----------------
2019-02-06 01:24:58,589 INFO  execution-log - 	 Command completed.
----------------
2019-02-06 01:24:58,598 INFO  execution-log -  Beginning PageCommand ( CurrentPage : Insured Info, FlowIdentifier : 4, DiIndicator : DI )
----------------
2019-02-06 01:24:58,603 INFO  execution-log - 	 Command completed.
----------------
2019-02-06 01:24:58,610 INFO  execution-log -  Beginning LoadTestDataItemCommand ( CurrentPage : Insured Info, FlowIdentifier : 4, DiIndicator : DI )
----------------
2019-02-06 01:24:58,620 INFO  execution-log - [Sequence No - 42] Beginning ValidateEnableStatusCommand ( LogicalFieldName : InsuredName, LogicalFieldValue : True )
----------------
2019-02-06 01:25:00,519 INFO  execution-log - [Sequence No - 42]	 Command completed.
----------------
2019-02-06 01:25:00,533 INFO  execution-log - [Sequence No - 43] Beginning TestDataCommand ( LogicalFieldName : InsuredName, LogicalFieldValue : Smith )
----------------
2019-02-06 01:25:10,466 INFO  execution-log - [Sequence No - 43]	 Command completed.
----------------
2019-02-06 01:25:10,477 INFO  execution-log - [Sequence No - 44] Beginning ValidateEnableStatusCommand ( LogicalFieldName : Primary State Click, LogicalFieldValue : True )
----------------
2019-02-06 01:25:10,511 INFO  execution-log - [Sequence No - 44]	 Command completed.
----------------
2019-02-06 01:25:10,526 INFO  execution-log - [Sequence No - 45] Beginning ActionCommand ( LogicalFieldName : Primary State Click, LogicalFieldValue : Click )
----------------
2019-02-06 01:25:10,735 INFO  execution-log - [Sequence No - 45]	 Command completed.
----------------
2019-02-06 01:25:10,747 INFO  execution-log - [Sequence No - 46] Beginning ActionCommand ( LogicalFieldName : PrimayState Select, LogicalFieldValue : Click )
----------------
2019-02-06 01:25:10,933 INFO  execution-log - [Sequence No - 46]	 Command completed.
----------------
2019-02-06 01:25:10,944 INFO  execution-log - [Sequence No - 47] Beginning ValidateExistStatusCommand ( LogicalFieldName : Street Address, LogicalFieldValue : True )
----------------
2019-02-06 01:25:10,980 INFO  execution-log - [Sequence No - 47]	 Command completed.
----------------
2019-02-06 01:25:10,990 INFO  execution-log - [Sequence No - 48] Beginning TestDataCommand ( LogicalFieldName : Street Address, LogicalFieldValue : 123 new street )
----------------
2019-02-06 01:25:15,116 INFO  execution-log - [Sequence No - 48]	 Command completed.
----------------
2019-02-06 01:25:15,127 INFO  execution-log - [Sequence No - 49] Beginning ValidateExistStatusCommand ( LogicalFieldName : Zip Code, LogicalFieldValue : True )
----------------
2019-02-06 01:25:15,194 INFO  execution-log - [Sequence No - 49]	 Command completed.
----------------
2019-02-06 01:25:15,223 INFO  execution-log - [Sequence No - 50] Beginning TestDataCommand ( LogicalFieldName : Zip Code, LogicalFieldValue : 53704 )
----------------
2019-02-06 01:25:17,440 INFO  execution-log - [Sequence No - 50]	 Command completed.
----------------
2019-02-06 01:25:17,454 INFO  execution-log - [Sequence No - 51] Beginning ValidateExistStatusCommand ( LogicalFieldName : Same as Physical Address, LogicalFieldValue : True )
----------------
2019-02-06 01:25:17,478 INFO  execution-log - [Sequence No - 51]	 Command completed.
----------------
2019-02-06 01:25:17,488 INFO  execution-log - [Sequence No - 52] Beginning ActionCommand ( LogicalFieldName : Same as Physical Address, LogicalFieldValue : Click )
----------------
2019-02-06 01:25:17,655 INFO  execution-log - [Sequence No - 52]	 Command completed.
----------------
2019-02-06 01:25:17,671 INFO  execution-log - [Sequence No - 53] Beginning ValidateExistStatusCommand ( LogicalFieldName : SIC Code, LogicalFieldValue : True )
----------------
2019-02-06 01:25:17,698 INFO  execution-log - [Sequence No - 53]	 Command completed.
----------------
2019-02-06 01:25:17,708 INFO  execution-log - [Sequence No - 54] Beginning TestDataCommand ( LogicalFieldName : SIC Code, LogicalFieldValue : 41510000-School buses )
----------------
2019-02-06 01:25:20,033 INFO  execution-log - [Sequence No - 54]	 Command completed.
----------------
2019-02-06 01:25:20,061 INFO  execution-log - [Sequence No - 55] Beginning ValidateExistStatusCommand ( LogicalFieldName : BusinessInceptionYear, LogicalFieldValue : True )
----------------
2019-02-06 01:25:20,084 INFO  execution-log - [Sequence No - 55]	 Command completed.
----------------
2019-02-06 01:25:20,095 INFO  execution-log - [Sequence No - 56] Beginning TestDataCommand ( LogicalFieldName : BusinessInceptionYear, LogicalFieldValue : 2012 )
----------------
2019-02-06 01:25:22,195 INFO  execution-log - [Sequence No - 56]	 Command completed.
----------------
2019-02-06 01:25:22,206 INFO  execution-log - [Sequence No - 57] Beginning ValidateExistStatusCommand ( LogicalFieldName : BusinessPhone, LogicalFieldValue : True )
----------------
2019-02-06 01:25:22,230 INFO  execution-log - [Sequence No - 57]	 Command completed.
----------------
2019-02-06 01:25:22,239 INFO  execution-log - [Sequence No - 58] Beginning TestDataCommand ( LogicalFieldName : BusinessPhone, LogicalFieldValue : 6549879879 )
----------------
2019-02-06 01:25:25,447 INFO  execution-log - [Sequence No - 58]	 Command completed.
----------------
2019-02-06 01:25:25,457 INFO  execution-log - [Sequence No - 59] Beginning ValidateEnableStatusCommand ( LogicalFieldName : Next, LogicalFieldValue : True )
----------------
2019-02-06 01:25:25,494 INFO  execution-log - [Sequence No - 59]	 Command completed.
----------------
2019-02-06 01:25:25,504 INFO  execution-log - [Sequence No - 60] Beginning ActionCommand ( LogicalFieldName : Next, LogicalFieldValue : Click )
----------------
2019-02-06 01:25:25,690 INFO  execution-log - [Sequence No - 60]	 Command completed.
----------------
2019-02-06 01:25:25,697 INFO  execution-log - 	 Command completed.
----------------
2019-02-06 01:25:25,702 INFO  execution-log -  Beginning PageCommand ( CurrentPage : Policy Info, FlowIdentifier : 5, DiIndicator : DI )
----------------
2019-02-06 01:25:25,710 INFO  execution-log - 	 Command completed.
----------------
2019-02-06 01:25:25,715 INFO  execution-log -  Beginning LoadTestDataItemCommand ( CurrentPage : Policy Info, FlowIdentifier : 5, DiIndicator : DI )
----------------
2019-02-06 01:25:25,725 INFO  execution-log - [Sequence No - 61] Beginning ValidateEnableStatusCommand ( LogicalFieldName : Which State do u operate In?, LogicalFieldValue : True )
----------------
2019-02-06 01:25:26,397 INFO  execution-log - [Sequence No - 61]	 Command completed.
----------------
2019-02-06 01:25:26,412 INFO  execution-log - [Sequence No - 62] Beginning ActionCommand ( LogicalFieldName : Which State do u operate In?, LogicalFieldValue : Click )
----------------
2019-02-06 01:25:26,821 INFO  execution-log - [Sequence No - 62]	 Command completed.
----------------
2019-02-06 01:25:26,833 INFO  execution-log - [Sequence No - 63] Beginning ActionCommand ( LogicalFieldName : Which State do u operate In?1, LogicalFieldValue : Click )
----------------
2019-02-06 01:25:27,454 INFO  execution-log - [Sequence No - 63]	 Command completed.
----------------
2019-02-06 01:25:27,466 INFO  execution-log - [Sequence No - 64] Beginning ActionCommand ( LogicalFieldName : Label Click, LogicalFieldValue : Click )
----------------
2019-02-06 01:25:27,632 INFO  execution-log - [Sequence No - 64]	 Command completed.
----------------
2019-02-06 01:25:27,643 INFO  execution-log - [Sequence No - 65] Beginning ActionCommand ( LogicalFieldName : Collapse, LogicalFieldValue : Click )
----------------
2019-02-06 01:25:27,883 INFO  execution-log - [Sequence No - 65]	 Command completed.
----------------
2019-02-06 01:25:27,894 INFO  execution-log - [Sequence No - 66] Beginning ValidateEnableStatusCommand ( LogicalFieldName : Select Product, LogicalFieldValue : True )
----------------
2019-02-06 01:25:27,928 INFO  execution-log - [Sequence No - 66]	 Command completed.
----------------
2019-02-06 01:25:27,938 INFO  execution-log - [Sequence No - 67] Beginning ActionCommand ( LogicalFieldName : Select Product, LogicalFieldValue : Click-Wait(2000) )
----------------
2019-02-06 01:25:32,088 INFO  execution-log - [Sequence No - 67]	 Command completed.
----------------
2019-02-06 01:25:32,098 INFO  execution-log - [Sequence No - 68] Beginning ActionCommand ( LogicalFieldName : Select Product 1, LogicalFieldValue : Click )
----------------
2019-02-06 01:25:34,470 INFO  execution-log - [Sequence No - 68]	 Command completed.
----------------
2019-02-06 01:25:34,484 INFO  execution-log - [Sequence No - 69] Beginning ValidateEnableStatusCommand ( LogicalFieldName : Next Policy Info, LogicalFieldValue : True )
----------------
2019-02-06 01:25:34,519 INFO  execution-log - [Sequence No - 69]	 Command completed.
----------------
2019-02-06 01:25:34,529 INFO  execution-log - [Sequence No - 70] Beginning ActionCommand ( LogicalFieldName : Next Policy Info, LogicalFieldValue : Click(1000) )
----------------
2019-02-06 01:25:34,706 INFO  execution-log - [Sequence No - 70]	 Command completed.
----------------
2019-02-06 01:25:34,717 INFO  execution-log - 	 Command completed.
----------------
2019-02-06 01:25:48,587 INFO  execution-log - Saving captured values to file.
----------------
2019-02-06 01:25:48,594 INFO  execution-log - TC # : 1, has completed successfully.
----------------
