2019-02-04 17:45:24,230 INFO  execution-log - 	Initializing control map with map # MASTER
----------------
2019-02-04 17:45:24,237 INFO  execution-log - Initializing Test Automation
----------------
2019-02-04 17:45:24,246 INFO  execution-log - 	target browser: Chrome
----------------
2019-02-04 17:45:24,253 INFO  execution-log - TC # : 1, Downloading test case from DB
----------------
2019-02-04 17:45:24,267 INFO  execution-log - TC # : 1, Getting test data from DB
----------------
2019-02-04 17:45:24,267 INFO  execution-log - TC # : 1, Getting control map :MASTER from DB
----------------
2019-02-04 17:45:24,284 INFO  execution-log - TC # : 1, Test data retrieval completed
----------------
2019-02-04 17:45:24,288 INFO  execution-log - TC # : 1, Control map retrieval completed
----------------
2019-02-04 17:45:24,295 INFO  execution-log - TC # : 1, Parsing commands
----------------
2019-02-04 17:45:24,299 INFO  execution-log - Loading captured values from persistence.
----------------
2019-02-04 17:45:24,304 INFO  execution-log - TC # : 1, Started executing test case in the VMTESTAPP1 environment (http://vam-qa.cloudapp.net:6363/pages/login.html)
----------------
2019-02-04 17:45:24,350 INFO  execution-log -  Beginning StartIterationCommand ( Iterations : 1 )
----------------
2019-02-04 17:45:24,358 INFO  execution-log - TC # : 1, Starting iteration #1
----------------
2019-02-04 17:45:24,363 INFO  execution-log - 	 Command completed.
----------------
2019-02-04 17:45:24,368 INFO  execution-log -  Beginning InvokeApplicationCommand ( Target :  )
----------------
2019-02-04 17:45:26,008 INFO  execution-log - 	 Command completed.
----------------
2019-02-04 17:45:26,035 INFO  execution-log -  Beginning PageCommand ( CurrentPage : Login, FlowIdentifier : 1, DiIndicator : DI )
----------------
2019-02-04 17:45:26,045 INFO  execution-log - 	 Command completed.
----------------
2019-02-04 17:45:26,063 INFO  execution-log -  Beginning LoadTestDataItemCommand ( CurrentPage : Login, FlowIdentifier : 1, DiIndicator : DI )
----------------
2019-02-04 17:45:26,101 INFO  execution-log - [Sequence No - 1] Beginning ValidateExistStatusCommand ( LogicalFieldName : User Name, LogicalFieldValue : True )
----------------
2019-02-04 17:45:26,149 INFO  execution-log - [Sequence No - 1]	 Command completed.
----------------
2019-02-04 17:45:26,160 INFO  execution-log - [Sequence No - 2] Beginning ActionCommand ( LogicalFieldName : User Name, LogicalFieldValue : Click )
----------------
2019-02-04 17:45:26,318 INFO  execution-log - [Sequence No - 2]	 Command completed.
----------------
2019-02-04 17:45:26,335 INFO  execution-log - [Sequence No - 3] Beginning TestDataCommand ( LogicalFieldName : User Name, LogicalFieldValue : Jack )
----------------
2019-02-04 17:45:26,473 INFO  execution-log - [Sequence No - 3]	 Command completed.
----------------
2019-02-04 17:45:26,484 INFO  execution-log - [Sequence No - 4] Beginning ValidateExistStatusCommand ( LogicalFieldName : Password, LogicalFieldValue : True )
----------------
2019-02-04 17:45:26,520 INFO  execution-log - [Sequence No - 4]	 Command completed.
----------------
2019-02-04 17:45:26,531 INFO  execution-log - [Sequence No - 5] Beginning TestDataCommand ( LogicalFieldName : Password, LogicalFieldValue : Smit@123 )
----------------
2019-02-04 17:45:26,761 INFO  execution-log - [Sequence No - 5]	 Command completed.
----------------
2019-02-04 17:45:26,777 INFO  execution-log - [Sequence No - 6] Beginning ValidateEnableStatusCommand ( LogicalFieldName : Login_Button, LogicalFieldValue : True )
----------------
2019-02-04 17:45:26,879 INFO  execution-log - [Sequence No - 6]	 Command completed.
----------------
2019-02-04 17:45:26,894 INFO  execution-log - [Sequence No - 7] Beginning ActionCommand ( LogicalFieldName : Login_Button, LogicalFieldValue : Click )
----------------
2019-02-04 17:45:27,509 INFO  execution-log - [Sequence No - 7]	 Command completed.
----------------
2019-02-04 17:45:27,517 INFO  execution-log - 	 Command completed.
----------------
2019-02-04 17:45:27,523 INFO  execution-log -  Beginning PageCommand ( CurrentPage : Home, FlowIdentifier : 2, DiIndicator : DI )
----------------
2019-02-04 17:45:27,557 INFO  execution-log - 	 Command completed.
----------------
2019-02-04 17:45:27,585 INFO  execution-log -  Beginning LoadTestDataItemCommand ( CurrentPage : Home, FlowIdentifier : 2, DiIndicator : DI )
----------------
2019-02-04 17:45:27,614 INFO  execution-log - [Sequence No - 8] Beginning ActionCommand ( LogicalFieldName : New Quote, LogicalFieldValue : Click )
----------------
2019-02-04 17:45:30,515 INFO  execution-log - [Sequence No - 8]	 Command completed.
----------------
2019-02-04 17:45:30,532 INFO  execution-log - 	 Command completed.
----------------
2019-02-04 17:45:30,544 INFO  execution-log -  Beginning PageCommand ( CurrentPage : New Quote, FlowIdentifier : 3, DiIndicator : DI )
----------------
2019-02-04 17:45:30,584 INFO  execution-log - 	 Command completed.
----------------
2019-02-04 17:45:30,599 INFO  execution-log -  Beginning LoadTestDataItemCommand ( CurrentPage : New Quote, FlowIdentifier : 3, DiIndicator : DI )
----------------
2019-02-04 17:45:30,614 INFO  execution-log - [Sequence No - 9] Beginning TestDataCommand ( LogicalFieldName : Account Name, LogicalFieldValue : RANDOMIZE(7,2) )
----------------
2019-02-04 17:45:34,280 INFO  execution-log - [Sequence No - 9]	 Command completed.
----------------
2019-02-04 17:45:34,289 INFO  execution-log - [Sequence No - 11] Beginning TestDataCommand ( LogicalFieldName : First Name, LogicalFieldValue : Jack )
----------------
2019-02-04 17:45:35,643 INFO  execution-log - [Sequence No - 11]	 Command completed.
----------------
2019-02-04 17:45:35,655 INFO  execution-log - [Sequence No - 12] Beginning TestDataCommand ( LogicalFieldName : Last Name, LogicalFieldValue : Smith )
----------------
2019-02-04 17:45:35,882 INFO  execution-log - [Sequence No - 12]	 Command completed.
----------------
2019-02-04 17:45:35,896 INFO  execution-log - [Sequence No - 13] Beginning TestDataCommand ( LogicalFieldName : ContactNumber1, LogicalFieldValue : 654 )
----------------
2019-02-04 17:45:36,121 INFO  execution-log - [Sequence No - 13]	 Command completed.
----------------
2019-02-04 17:45:36,132 INFO  execution-log - [Sequence No - 14] Beginning TestDataCommand ( LogicalFieldName : ContactNumber2, LogicalFieldValue : 321 )
----------------
2019-02-04 17:45:36,302 INFO  execution-log - [Sequence No - 14]	 Command completed.
----------------
2019-02-04 17:45:36,312 INFO  execution-log - [Sequence No - 15] Beginning TestDataCommand ( LogicalFieldName : ContactNumber3, LogicalFieldValue : 6541 )
----------------
2019-02-04 17:45:36,482 INFO  execution-log - [Sequence No - 15]	 Command completed.
----------------
2019-02-04 17:45:36,493 INFO  execution-log - [Sequence No - 16] Beginning TestDataCommand ( LogicalFieldName : Primary Email, LogicalFieldValue : jack.smith@gmail.com )
----------------
2019-02-04 17:45:36,845 INFO  execution-log - [Sequence No - 16]	 Command completed.
----------------
2019-02-04 17:45:36,855 INFO  execution-log - [Sequence No - 17] Beginning TestDataCommand ( LogicalFieldName : Business Started Year, LogicalFieldValue : 2012 )
----------------
2019-02-04 17:45:37,028 INFO  execution-log - [Sequence No - 17]	 Command completed.
----------------
2019-02-04 17:45:37,039 INFO  execution-log - [Sequence No - 18] Beginning ActionCommand ( LogicalFieldName : Select Product, LogicalFieldValue : Click )
----------------
2019-02-04 17:45:37,291 INFO  execution-log - [Sequence No - 18]	 Command completed.
----------------
2019-02-04 17:45:37,326 INFO  execution-log - [Sequence No - 19] Beginning ActionCommand ( LogicalFieldName : Select Product1, LogicalFieldValue : Click )
----------------
2019-02-04 17:45:37,639 INFO  execution-log - [Sequence No - 19]	 Command completed.
----------------
2019-02-04 17:45:37,649 INFO  execution-log - [Sequence No - 20] Beginning ActionCommand ( LogicalFieldName : Contact Name, LogicalFieldValue : Click )
----------------
2019-02-04 17:45:37,897 INFO  execution-log - [Sequence No - 20]	 Command completed.
----------------
2019-02-04 17:45:37,911 INFO  execution-log - [Sequence No - 21] Beginning ActionCommand ( LogicalFieldName : Contact Name Initial Select, LogicalFieldValue : Click )
----------------
2019-02-04 17:45:38,186 INFO  execution-log - [Sequence No - 21]	 Command completed.
----------------
2019-02-04 17:45:38,197 INFO  execution-log - [Sequence No - 22] Beginning ActionCommand ( LogicalFieldName : Industry, LogicalFieldValue : Click )
----------------
2019-02-04 17:45:38,545 INFO  execution-log - [Sequence No - 22]	 Command completed.
----------------
2019-02-04 17:45:38,556 INFO  execution-log - [Sequence No - 23] Beginning ActionCommand ( LogicalFieldName : Industry1, LogicalFieldValue : Click )
----------------
2019-02-04 17:45:39,005 INFO  execution-log - [Sequence No - 23]	 Command completed.
----------------
2019-02-04 17:45:39,016 INFO  execution-log - [Sequence No - 24] Beginning TestDataCommand ( LogicalFieldName : Zip Code, LogicalFieldValue : 53704 )
----------------
2019-02-04 17:45:39,331 INFO  execution-log - [Sequence No - 24]	 Command completed.
----------------
2019-02-04 17:45:39,342 INFO  execution-log - [Sequence No - 25] Beginning ActionCommand ( LogicalFieldName : zipcode click, LogicalFieldValue : Click )
----------------
2019-02-04 17:45:40,061 INFO  execution-log - [Sequence No - 25]	 Command completed.
----------------
2019-02-04 17:45:40,073 INFO  execution-log - [Sequence No - 26] Beginning TestDataCommand ( LogicalFieldName : Street Address, LogicalFieldValue : 123 BLUEJAY LN )
----------------
2019-02-04 17:45:41,278 INFO  execution-log - [Sequence No - 26]	 Command completed.
----------------
2019-02-04 17:45:41,289 INFO  execution-log - [Sequence No - 27] Beginning ActionCommand ( LogicalFieldName : Same as Physical Address, LogicalFieldValue : Click )
----------------
2019-02-04 17:45:41,566 INFO  execution-log - [Sequence No - 27]	 Command completed.
----------------
2019-02-04 17:45:41,583 INFO  execution-log - [Sequence No - 28] Beginning ActionCommand ( LogicalFieldName : Proceed, LogicalFieldValue : Click )
----------------
2019-02-04 17:45:41,975 INFO  execution-log - [Sequence No - 28]	 Command completed.
----------------
2019-02-04 17:45:41,981 INFO  execution-log - 	 Command completed.
----------------
2019-02-04 17:45:41,996 INFO  execution-log -  Beginning PageCommand ( CurrentPage : Insured Info, FlowIdentifier : 4, DiIndicator : DI )
----------------
2019-02-04 17:45:42,003 INFO  execution-log - 	 Command completed.
----------------
2019-02-04 17:45:42,014 INFO  execution-log -  Beginning LoadTestDataItemCommand ( CurrentPage : Insured Info, FlowIdentifier : 4, DiIndicator : DI )
----------------
2019-02-04 17:45:42,043 INFO  execution-log - [Sequence No - 29] Beginning TestDataCommand ( LogicalFieldName : InsuredName, LogicalFieldValue : Smith )
----------------
2019-02-04 17:45:51,522 INFO  execution-log - [Sequence No - 29]	 Command completed.
----------------
2019-02-04 17:45:51,534 INFO  execution-log - [Sequence No - 30] Beginning ActionCommand ( LogicalFieldName : Primary State Click, LogicalFieldValue : Click )
----------------
2019-02-04 17:45:51,741 INFO  execution-log - [Sequence No - 30]	 Command completed.
----------------
2019-02-04 17:45:51,752 INFO  execution-log - [Sequence No - 31] Beginning ActionCommand ( LogicalFieldName : PrimayState Select, LogicalFieldValue : Click )
----------------
2019-02-04 17:45:52,258 INFO  execution-log - [Sequence No - 31]	 Command completed.
----------------
2019-02-04 17:45:52,269 INFO  execution-log - [Sequence No - 32] Beginning TestDataCommand ( LogicalFieldName : Street Address, LogicalFieldValue : 123 new street )
----------------
2019-02-04 17:45:52,795 INFO  execution-log - [Sequence No - 32]	 Command completed.
----------------
2019-02-04 17:45:52,807 INFO  execution-log - [Sequence No - 33] Beginning TestDataCommand ( LogicalFieldName : Zip Code, LogicalFieldValue : 53704 )
----------------
2019-02-04 17:45:53,024 INFO  execution-log - [Sequence No - 33]	 Command completed.
----------------
2019-02-04 17:45:53,036 INFO  execution-log - [Sequence No - 34] Beginning ActionCommand ( LogicalFieldName : Same as Physical Address, LogicalFieldValue : Click )
----------------
2019-02-04 17:45:53,334 INFO  execution-log - [Sequence No - 34]	 Command completed.
----------------
2019-02-04 17:45:53,379 INFO  execution-log - [Sequence No - 35] Beginning TestDataCommand ( LogicalFieldName : SIC Code, LogicalFieldValue : 41510000-School buses )
----------------
2019-02-04 17:45:54,010 INFO  execution-log - [Sequence No - 35]	 Command completed.
----------------
2019-02-04 17:45:54,023 INFO  execution-log - [Sequence No - 36] Beginning TestDataCommand ( LogicalFieldName : BusinessInceptionYear, LogicalFieldValue : 2012 )
----------------
2019-02-04 17:45:54,265 INFO  execution-log - [Sequence No - 36]	 Command completed.
----------------
2019-02-04 17:45:54,278 INFO  execution-log - [Sequence No - 37] Beginning TestDataCommand ( LogicalFieldName : BusinessPhone, LogicalFieldValue : 6549879879 )
----------------
2019-02-04 17:45:55,611 INFO  execution-log - [Sequence No - 37]	 Command completed.
----------------
2019-02-04 17:45:55,627 INFO  execution-log - [Sequence No - 38] Beginning ActionCommand ( LogicalFieldName : Next, LogicalFieldValue : Click )
----------------
2019-02-04 17:45:55,886 INFO  execution-log - [Sequence No - 38]	 Command completed.
----------------
2019-02-04 17:45:55,911 INFO  execution-log - 	 Command completed.
----------------
2019-02-04 17:45:55,919 INFO  execution-log -  Beginning PageCommand ( CurrentPage : Policy Info, FlowIdentifier : 5, DiIndicator : DI )
----------------
2019-02-04 17:45:55,925 INFO  execution-log - 	 Command completed.
----------------
2019-02-04 17:45:55,933 INFO  execution-log -  Beginning LoadTestDataItemCommand ( CurrentPage : Policy Info, FlowIdentifier : 5, DiIndicator : DI )
----------------
2019-02-04 17:45:55,950 INFO  execution-log - [Sequence No - 39] Beginning ActionCommand ( LogicalFieldName : Which State do u operate In?, LogicalFieldValue : Click )
----------------
2019-02-04 17:45:57,223 INFO  execution-log - [Sequence No - 39]	 Command completed.
----------------
2019-02-04 17:45:57,235 INFO  execution-log - [Sequence No - 40] Beginning ActionCommand ( LogicalFieldName : Which State do u operate In?1, LogicalFieldValue : Click )
----------------
2019-02-04 17:45:57,931 INFO  execution-log - [Sequence No - 40]	 Command completed.
----------------
2019-02-04 17:45:57,945 INFO  execution-log - [Sequence No - 41] Beginning ActionCommand ( LogicalFieldName : Label Click, LogicalFieldValue : Click )
----------------
2019-02-04 17:45:58,148 INFO  execution-log - [Sequence No - 41]	 Command completed.
----------------
2019-02-04 17:45:58,173 INFO  execution-log - [Sequence No - 42] Beginning ActionCommand ( LogicalFieldName : Collapse, LogicalFieldValue : Click )
----------------
2019-02-04 17:45:58,428 INFO  execution-log - [Sequence No - 42]	 Command completed.
----------------
2019-02-04 17:45:58,451 INFO  execution-log - [Sequence No - 43] Beginning ActionCommand ( LogicalFieldName : Select Product, LogicalFieldValue : Click-Wait(2000) )
----------------
2019-02-04 17:46:02,723 INFO  execution-log - [Sequence No - 43]	 Command completed.
----------------
2019-02-04 17:46:02,735 INFO  execution-log - [Sequence No - 44] Beginning ActionCommand ( LogicalFieldName : Select Product 1, LogicalFieldValue : Click )
----------------
2019-02-04 17:46:05,209 INFO  execution-log - [Sequence No - 44]	 Command completed.
----------------
2019-02-04 17:46:05,221 INFO  execution-log - [Sequence No - 45] Beginning ActionCommand ( LogicalFieldName : Next Policy Info, LogicalFieldValue : Click(1000) )
----------------
2019-02-04 17:46:05,375 INFO  execution-log - [Sequence No - 45]	 Command completed.
----------------
2019-02-04 17:46:05,382 INFO  execution-log - 	 Command completed.
----------------
2019-02-04 17:46:05,411 INFO  execution-log - Saving captured values to file.
----------------
2019-02-04 17:46:05,417 INFO  execution-log - TC # : 1, has completed successfully.
----------------
