2019-02-07 07:22:34,523 INFO  execution-log - 	Initializing control map with map # MASTER
----------------
2019-02-07 07:22:34,540 INFO  execution-log - Initializing Test Automation
----------------
2019-02-07 07:22:34,545 INFO  execution-log - 	target browser: Chrome
----------------
2019-02-07 07:22:41,579 INFO  execution-log - TC # : 1, Downloading test case from DB
----------------
2019-02-07 07:22:41,608 INFO  execution-log - TC # : 1, Getting test data from DB
----------------
2019-02-07 07:22:41,608 INFO  execution-log - TC # : 1, Getting control map :MASTER from DB
----------------
2019-02-07 07:22:41,650 INFO  execution-log - TC # : 1, Control map retrieval completed
----------------
2019-02-07 07:22:41,651 INFO  execution-log - TC # : 1, Test data retrieval completed
----------------
2019-02-07 07:22:41,661 INFO  execution-log - TC # : 1, Parsing commands
----------------
2019-02-07 07:22:41,670 INFO  execution-log - Loading captured values from persistence.
----------------
2019-02-07 07:22:41,678 INFO  execution-log - TC # : 1, Started executing test case in the VMTESTAPP1 environment (http://vam-qa.cloudapp.net:6363/pages/login.html)
----------------
2019-02-07 07:22:44,325 INFO  execution-log -  Beginning StartIterationCommand ( Iterations : 1 )
----------------
2019-02-07 07:22:44,334 INFO  execution-log - TC # : 1, Starting iteration #1
----------------
2019-02-07 07:22:44,356 INFO  execution-log - 	 Command completed.
----------------
2019-02-07 07:22:44,363 INFO  execution-log -  Beginning InvokeApplicationCommand ( Target :  )
----------------
2019-02-07 07:22:45,950 INFO  execution-log - 	 Command completed.
----------------
2019-02-07 07:22:45,957 INFO  execution-log -  Beginning PageCommand ( CurrentPage : Login, FlowIdentifier : 1, DiIndicator : DI )
----------------
2019-02-07 07:22:45,962 INFO  execution-log - 	 Command completed.
----------------
2019-02-07 07:22:45,967 INFO  execution-log -  Beginning LoadTestDataItemCommand ( CurrentPage : Login, FlowIdentifier : 1, DiIndicator : DI )
----------------
2019-02-07 07:22:45,988 INFO  execution-log - [Sequence No - 1] Beginning ValidateExistStatusCommand ( LogicalFieldName : User Name, LogicalFieldValue : True )
----------------
2019-02-07 07:22:46,037 INFO  execution-log - [Sequence No - 1]	 Command completed.
----------------
2019-02-07 07:22:46,047 INFO  execution-log - [Sequence No - 2] Beginning ActionCommand ( LogicalFieldName : User Name, LogicalFieldValue : Click )
----------------
2019-02-07 07:22:51,220 INFO  execution-log - [Sequence No - 2]	 Command completed.
----------------
2019-02-07 07:22:51,231 INFO  execution-log - [Sequence No - 3] Beginning TestDataCommand ( LogicalFieldName : User Name, LogicalFieldValue : Jack )
----------------
2019-02-07 07:22:51,324 INFO  execution-log - [Sequence No - 3]	 Command completed.
----------------
2019-02-07 07:22:51,334 INFO  execution-log - [Sequence No - 4] Beginning ValidateExistStatusCommand ( LogicalFieldName : Password, LogicalFieldValue : True )
----------------
2019-02-07 07:22:51,363 INFO  execution-log - [Sequence No - 4]	 Command completed.
----------------
2019-02-07 07:22:51,372 INFO  execution-log - [Sequence No - 5] Beginning TestDataCommand ( LogicalFieldName : Password, LogicalFieldValue : Smit@123 )
----------------
2019-02-07 07:22:51,507 INFO  execution-log - [Sequence No - 5]	 Command completed.
----------------
2019-02-07 07:22:51,516 INFO  execution-log - [Sequence No - 6] Beginning ValidateEnableStatusCommand ( LogicalFieldName : Login_Button, LogicalFieldValue : True )
----------------
2019-02-07 07:22:51,551 INFO  execution-log - [Sequence No - 6]	 Command completed.
----------------
2019-02-07 07:22:51,560 INFO  execution-log - [Sequence No - 7] Beginning ActionCommand ( LogicalFieldName : Login_Button, LogicalFieldValue : Click )
----------------
2019-02-07 07:22:56,720 INFO  execution-log - [Sequence No - 7]	 Command completed.
----------------
2019-02-07 07:22:56,726 INFO  execution-log - 	 Command completed.
----------------
2019-02-07 07:22:56,735 INFO  execution-log -  Beginning PageCommand ( CurrentPage : Home, FlowIdentifier : 2, DiIndicator : DI )
----------------
2019-02-07 07:22:56,741 INFO  execution-log - 	 Command completed.
----------------
2019-02-07 07:22:56,745 INFO  execution-log -  Beginning LoadTestDataItemCommand ( CurrentPage : Home, FlowIdentifier : 2, DiIndicator : DI )
----------------
2019-02-07 07:22:56,760 INFO  execution-log - [Sequence No - 8] Beginning ValidateEnableStatusCommand ( LogicalFieldName : New Quote, LogicalFieldValue : True )
----------------
2019-02-07 07:22:58,097 INFO  execution-log - [Sequence No - 8]	 Command completed.
----------------
2019-02-07 07:22:58,107 INFO  execution-log - [Sequence No - 9] Beginning ActionCommand ( LogicalFieldName : New Quote, LogicalFieldValue : Click )
----------------
2019-02-07 07:22:59,129 INFO  execution-log - [Sequence No - 9]	 Command completed.
----------------
2019-02-07 07:22:59,135 INFO  execution-log - 	 Command completed.
----------------
2019-02-07 07:22:59,145 INFO  execution-log -  Beginning PageCommand ( CurrentPage : New Quote, FlowIdentifier : 3, DiIndicator : DI )
----------------
2019-02-07 07:22:59,153 INFO  execution-log - 	 Command completed.
----------------
2019-02-07 07:22:59,162 INFO  execution-log -  Beginning LoadTestDataItemCommand ( CurrentPage : New Quote, FlowIdentifier : 3, DiIndicator : DI )
----------------
2019-02-07 07:22:59,187 INFO  execution-log - [Sequence No - 10] Beginning ValidateExistStatusCommand ( LogicalFieldName : Account Name, LogicalFieldValue : True )
----------------
2019-02-07 07:22:59,250 INFO  execution-log - [Sequence No - 10]	 Command completed.
----------------
2019-02-07 07:22:59,261 INFO  execution-log - [Sequence No - 11] Beginning TestDataCommand ( LogicalFieldName : Account Name, LogicalFieldValue : RANDOMIZE(7,2) )
----------------
2019-02-07 07:22:59,448 INFO  execution-log - [Sequence No - 11]	 Command completed.
----------------
2019-02-07 07:22:59,457 INFO  execution-log - [Sequence No - 12] Beginning ValidateExistStatusCommand ( LogicalFieldName : First Name, LogicalFieldValue : True )
----------------
2019-02-07 07:22:59,481 INFO  execution-log - [Sequence No - 12]	 Command completed.
----------------
2019-02-07 07:22:59,493 INFO  execution-log - [Sequence No - 13] Beginning TestDataCommand ( LogicalFieldName : First Name, LogicalFieldValue : Jack )
----------------
2019-02-07 07:22:59,718 INFO  execution-log - [Sequence No - 13]	 Command completed.
----------------
2019-02-07 07:22:59,735 INFO  execution-log - [Sequence No - 14] Beginning ValidateEnableStatusCommand ( LogicalFieldName : Last Name, LogicalFieldValue : True )
----------------
2019-02-07 07:22:59,771 INFO  execution-log - [Sequence No - 14]	 Command completed.
----------------
2019-02-07 07:22:59,781 INFO  execution-log - [Sequence No - 15] Beginning TestDataCommand ( LogicalFieldName : Last Name, LogicalFieldValue : Smith )
----------------
2019-02-07 07:22:59,964 INFO  execution-log - [Sequence No - 15]	 Command completed.
----------------
2019-02-07 07:22:59,976 INFO  execution-log - [Sequence No - 16] Beginning ValidateExistStatusCommand ( LogicalFieldName : ContactNumber1, LogicalFieldValue : True )
----------------
2019-02-07 07:22:59,999 INFO  execution-log - [Sequence No - 16]	 Command completed.
----------------
2019-02-07 07:23:00,009 INFO  execution-log - [Sequence No - 17] Beginning TestDataCommand ( LogicalFieldName : ContactNumber1, LogicalFieldValue : 654 )
----------------
2019-02-07 07:23:00,139 INFO  execution-log - [Sequence No - 17]	 Command completed.
----------------
2019-02-07 07:23:00,157 INFO  execution-log - [Sequence No - 18] Beginning TestDataCommand ( LogicalFieldName : ContactNumber2, LogicalFieldValue : 321 )
----------------
2019-02-07 07:23:00,295 INFO  execution-log - [Sequence No - 18]	 Command completed.
----------------
2019-02-07 07:23:00,305 INFO  execution-log - [Sequence No - 19] Beginning TestDataCommand ( LogicalFieldName : ContactNumber3, LogicalFieldValue : 6541 )
----------------
2019-02-07 07:23:00,444 INFO  execution-log - [Sequence No - 19]	 Command completed.
----------------
2019-02-07 07:23:00,454 INFO  execution-log - [Sequence No - 20] Beginning ValidateExistStatusCommand ( LogicalFieldName : Primary Email, LogicalFieldValue : True )
----------------
2019-02-07 07:23:00,479 INFO  execution-log - [Sequence No - 20]	 Command completed.
----------------
2019-02-07 07:23:00,489 INFO  execution-log - [Sequence No - 21] Beginning TestDataCommand ( LogicalFieldName : Primary Email, LogicalFieldValue : jack.smith@gmail.com )
----------------
2019-02-07 07:23:00,967 INFO  execution-log - [Sequence No - 21]	 Command completed.
----------------
2019-02-07 07:23:00,977 INFO  execution-log - [Sequence No - 22] Beginning ValidateExistStatusCommand ( LogicalFieldName : Business Started Year, LogicalFieldValue : True )
----------------
2019-02-07 07:23:01,001 INFO  execution-log - [Sequence No - 22]	 Command completed.
----------------
2019-02-07 07:23:01,011 INFO  execution-log - [Sequence No - 23] Beginning TestDataCommand ( LogicalFieldName : Business Started Year, LogicalFieldValue : 2012 )
----------------
2019-02-07 07:23:01,201 INFO  execution-log - [Sequence No - 23]	 Command completed.
----------------
2019-02-07 07:23:01,212 INFO  execution-log - [Sequence No - 24] Beginning ValidateExistStatusCommand ( LogicalFieldName : Select Product, LogicalFieldValue : True )
----------------
2019-02-07 07:23:01,244 INFO  execution-log - [Sequence No - 24]	 Command completed.
----------------
2019-02-07 07:23:01,255 INFO  execution-log - [Sequence No - 25] Beginning ActionCommand ( LogicalFieldName : Select Product, LogicalFieldValue : Click )
----------------
2019-02-07 07:23:01,455 INFO  execution-log - [Sequence No - 25]	 Command completed.
----------------
2019-02-07 07:23:01,471 INFO  execution-log - [Sequence No - 26] Beginning ActionCommand ( LogicalFieldName : Select Product1, LogicalFieldValue : Click )
----------------
2019-02-07 07:23:01,717 INFO  execution-log - [Sequence No - 26]	 Command completed.
----------------
2019-02-07 07:23:01,744 INFO  execution-log - [Sequence No - 27] Beginning ValidateExistStatusCommand ( LogicalFieldName : Contact Name, LogicalFieldValue : True )
----------------
2019-02-07 07:23:01,827 INFO  execution-log - [Sequence No - 27]	 Command completed.
----------------
2019-02-07 07:23:01,845 INFO  execution-log - [Sequence No - 28] Beginning ActionCommand ( LogicalFieldName : Contact Name, LogicalFieldValue : Click )
----------------
2019-02-07 07:23:02,096 INFO  execution-log - [Sequence No - 28]	 Command completed.
----------------
2019-02-07 07:23:02,122 INFO  execution-log - [Sequence No - 29] Beginning ActionCommand ( LogicalFieldName : Contact Name Initial Select, LogicalFieldValue : Click )
----------------
2019-02-07 07:23:02,401 INFO  execution-log - [Sequence No - 29]	 Command completed.
----------------
2019-02-07 07:23:02,432 INFO  execution-log - [Sequence No - 30] Beginning ValidateExistStatusCommand ( LogicalFieldName : Industry, LogicalFieldValue : True )
----------------
2019-02-07 07:23:02,484 INFO  execution-log - [Sequence No - 30]	 Command completed.
----------------
2019-02-07 07:23:02,495 INFO  execution-log - [Sequence No - 31] Beginning ActionCommand ( LogicalFieldName : Industry, LogicalFieldValue : Click )
----------------
2019-02-07 07:23:02,742 INFO  execution-log - [Sequence No - 31]	 Command completed.
----------------
2019-02-07 07:23:02,755 INFO  execution-log - [Sequence No - 32] Beginning ActionCommand ( LogicalFieldName : Industry1, LogicalFieldValue : Click )
----------------
2019-02-07 07:23:02,938 INFO  execution-log - [Sequence No - 32]	 Command completed.
----------------
2019-02-07 07:23:02,953 INFO  execution-log - [Sequence No - 33] Beginning ValidateExistStatusCommand ( LogicalFieldName : Zip Code, LogicalFieldValue : True )
----------------
2019-02-07 07:23:02,986 INFO  execution-log - [Sequence No - 33]	 Command completed.
----------------
2019-02-07 07:23:02,999 INFO  execution-log - [Sequence No - 34] Beginning TestDataCommand ( LogicalFieldName : Zip Code, LogicalFieldValue : 53704 )
----------------
2019-02-07 07:23:03,204 INFO  execution-log - [Sequence No - 34]	 Command completed.
----------------
2019-02-07 07:23:03,215 INFO  execution-log - [Sequence No - 35] Beginning ActionCommand ( LogicalFieldName : zipcode click, LogicalFieldValue : Click )
----------------
2019-02-07 07:23:03,620 INFO  execution-log - [Sequence No - 35]	 Command completed.
----------------
2019-02-07 07:23:03,630 INFO  execution-log - [Sequence No - 36] Beginning ValidateExistStatusCommand ( LogicalFieldName : Street Address, LogicalFieldValue : True )
----------------
2019-02-07 07:23:03,661 INFO  execution-log - [Sequence No - 36]	 Command completed.
----------------
2019-02-07 07:23:03,670 INFO  execution-log - [Sequence No - 37] Beginning TestDataCommand ( LogicalFieldName : Street Address, LogicalFieldValue : 123 BLUEJAY LN )
----------------
2019-02-07 07:23:03,910 INFO  execution-log - [Sequence No - 37]	 Command completed.
----------------
2019-02-07 07:23:03,922 INFO  execution-log - [Sequence No - 38] Beginning ValidateExistStatusCommand ( LogicalFieldName : Same as Physical Address, LogicalFieldValue : True )
----------------
2019-02-07 07:23:03,946 INFO  execution-log - [Sequence No - 38]	 Command completed.
----------------
2019-02-07 07:23:03,956 INFO  execution-log - [Sequence No - 39] Beginning ActionCommand ( LogicalFieldName : Same as Physical Address, LogicalFieldValue : Click )
----------------
2019-02-07 07:23:04,096 INFO  execution-log - [Sequence No - 39]	 Command completed.
----------------
2019-02-07 07:23:04,111 INFO  execution-log - [Sequence No - 40] Beginning ValidateEnableStatusCommand ( LogicalFieldName : Proceed, LogicalFieldValue : True )
----------------
2019-02-07 07:23:04,148 INFO  execution-log - [Sequence No - 40]	 Command completed.
----------------
2019-02-07 07:23:04,160 INFO  execution-log - [Sequence No - 41] Beginning ActionCommand ( LogicalFieldName : Proceed, LogicalFieldValue : Click )
----------------
2019-02-07 07:23:04,311 INFO  execution-log - [Sequence No - 41]	 Command completed.
----------------
2019-02-07 07:23:04,317 INFO  execution-log - 	 Command completed.
----------------
2019-02-07 07:23:04,322 INFO  execution-log -  Beginning PageCommand ( CurrentPage : Insured Info, FlowIdentifier : 4, DiIndicator : DI )
----------------
2019-02-07 07:23:04,330 INFO  execution-log - 	 Command completed.
----------------
2019-02-07 07:23:04,334 INFO  execution-log -  Beginning LoadTestDataItemCommand ( CurrentPage : Insured Info, FlowIdentifier : 4, DiIndicator : DI )
----------------
2019-02-07 07:23:04,347 INFO  execution-log - [Sequence No - 42] Beginning ValidateEnableStatusCommand ( LogicalFieldName : InsuredName, LogicalFieldValue : True )
----------------
2019-02-07 07:23:06,403 INFO  execution-log - [Sequence No - 42]	 Command completed.
----------------
2019-02-07 07:23:06,416 INFO  execution-log - [Sequence No - 43] Beginning TestDataCommand ( LogicalFieldName : InsuredName, LogicalFieldValue : Smith )
----------------
2019-02-07 07:23:06,552 INFO  execution-log - [Sequence No - 43]	 Command completed.
----------------
2019-02-07 07:23:06,562 INFO  execution-log - [Sequence No - 44] Beginning ValidateEnableStatusCommand ( LogicalFieldName : Primary State Click, LogicalFieldValue : True )
----------------
2019-02-07 07:23:06,597 INFO  execution-log - [Sequence No - 44]	 Command completed.
----------------
2019-02-07 07:23:06,608 INFO  execution-log - [Sequence No - 45] Beginning ActionCommand ( LogicalFieldName : Primary State Click, LogicalFieldValue : Click )
----------------
2019-02-07 07:23:06,771 INFO  execution-log - [Sequence No - 45]	 Command completed.
----------------
2019-02-07 07:23:06,782 INFO  execution-log - [Sequence No - 46] Beginning ActionCommand ( LogicalFieldName : PrimayState Select, LogicalFieldValue : Click )
----------------
2019-02-07 07:23:06,987 INFO  execution-log - [Sequence No - 46]	 Command completed.
----------------
2019-02-07 07:23:07,001 INFO  execution-log - [Sequence No - 47] Beginning ValidateExistStatusCommand ( LogicalFieldName : Street Address, LogicalFieldValue : True )
----------------
2019-02-07 07:23:07,039 INFO  execution-log - [Sequence No - 47]	 Command completed.
----------------
2019-02-07 07:23:07,059 INFO  execution-log - [Sequence No - 48] Beginning TestDataCommand ( LogicalFieldName : Street Address, LogicalFieldValue : 123 new street )
----------------
2019-02-07 07:23:07,373 INFO  execution-log - [Sequence No - 48]	 Command completed.
----------------
2019-02-07 07:23:07,386 INFO  execution-log - [Sequence No - 49] Beginning ValidateExistStatusCommand ( LogicalFieldName : Zip Code, LogicalFieldValue : True )
----------------
2019-02-07 07:23:07,409 INFO  execution-log - [Sequence No - 49]	 Command completed.
----------------
2019-02-07 07:23:07,435 INFO  execution-log - [Sequence No - 50] Beginning TestDataCommand ( LogicalFieldName : Zip Code, LogicalFieldValue : 53704 )
----------------
2019-02-07 07:23:07,576 INFO  execution-log - [Sequence No - 50]	 Command completed.
----------------
2019-02-07 07:23:07,586 INFO  execution-log - [Sequence No - 51] Beginning ValidateExistStatusCommand ( LogicalFieldName : Same as Physical Address, LogicalFieldValue : True )
----------------
2019-02-07 07:23:07,612 INFO  execution-log - [Sequence No - 51]	 Command completed.
----------------
2019-02-07 07:23:07,622 INFO  execution-log - [Sequence No - 52] Beginning ActionCommand ( LogicalFieldName : Same as Physical Address, LogicalFieldValue : Click )
----------------
2019-02-07 07:23:07,768 INFO  execution-log - [Sequence No - 52]	 Command completed.
----------------
2019-02-07 07:23:07,777 INFO  execution-log - [Sequence No - 53] Beginning ValidateExistStatusCommand ( LogicalFieldName : SIC Code, LogicalFieldValue : True )
----------------
2019-02-07 07:23:07,809 INFO  execution-log - [Sequence No - 53]	 Command completed.
----------------
2019-02-07 07:23:07,821 INFO  execution-log - [Sequence No - 54] Beginning TestDataCommand ( LogicalFieldName : SIC Code, LogicalFieldValue : 41510000-School buses )
----------------
2019-02-07 07:23:08,129 INFO  execution-log - [Sequence No - 54]	 Command completed.
----------------
2019-02-07 07:23:08,139 INFO  execution-log - [Sequence No - 55] Beginning ValidateExistStatusCommand ( LogicalFieldName : BusinessInceptionYear, LogicalFieldValue : True )
----------------
2019-02-07 07:23:08,161 INFO  execution-log - [Sequence No - 55]	 Command completed.
----------------
2019-02-07 07:23:08,170 INFO  execution-log - [Sequence No - 56] Beginning TestDataCommand ( LogicalFieldName : BusinessInceptionYear, LogicalFieldValue : 2012 )
----------------
2019-02-07 07:23:08,317 INFO  execution-log - [Sequence No - 56]	 Command completed.
----------------
2019-02-07 07:23:08,326 INFO  execution-log - [Sequence No - 57] Beginning ValidateExistStatusCommand ( LogicalFieldName : BusinessPhone, LogicalFieldValue : True )
----------------
2019-02-07 07:23:08,352 INFO  execution-log - [Sequence No - 57]	 Command completed.
----------------
2019-02-07 07:23:08,364 INFO  execution-log - [Sequence No - 58] Beginning TestDataCommand ( LogicalFieldName : BusinessPhone, LogicalFieldValue : 6549879879 )
----------------
2019-02-07 07:23:09,617 INFO  execution-log - [Sequence No - 58]	 Command completed.
----------------
2019-02-07 07:23:09,630 INFO  execution-log - [Sequence No - 59] Beginning ValidateEnableStatusCommand ( LogicalFieldName : Next, LogicalFieldValue : True )
----------------
2019-02-07 07:23:09,662 INFO  execution-log - [Sequence No - 59]	 Command completed.
----------------
2019-02-07 07:23:09,671 INFO  execution-log - [Sequence No - 60] Beginning ActionCommand ( LogicalFieldName : Next, LogicalFieldValue : Click )
----------------
2019-02-07 07:23:09,808 INFO  execution-log - [Sequence No - 60]	 Command completed.
----------------
2019-02-07 07:23:09,818 INFO  execution-log - 	 Command completed.
----------------
2019-02-07 07:23:09,824 INFO  execution-log -  Beginning PageCommand ( CurrentPage : Policy Info, FlowIdentifier : 5, DiIndicator : DI )
----------------
2019-02-07 07:23:09,829 INFO  execution-log - 	 Command completed.
----------------
2019-02-07 07:23:09,834 INFO  execution-log -  Beginning LoadTestDataItemCommand ( CurrentPage : Policy Info, FlowIdentifier : 5, DiIndicator : DI )
----------------
2019-02-07 07:23:09,851 INFO  execution-log - [Sequence No - 61] Beginning ValidateEnableStatusCommand ( LogicalFieldName : Which State do u operate In?, LogicalFieldValue : True )
----------------
2019-02-07 07:23:10,325 INFO  execution-log - [Sequence No - 61]	 Command completed.
----------------
2019-02-07 07:23:10,336 INFO  execution-log - [Sequence No - 62] Beginning ActionCommand ( LogicalFieldName : Which State do u operate In?, LogicalFieldValue : Click )
----------------
2019-02-07 07:23:11,029 INFO  execution-log - [Sequence No - 62]	 Command completed.
----------------
2019-02-07 07:23:11,040 INFO  execution-log - [Sequence No - 63] Beginning ActionCommand ( LogicalFieldName : Which State do u operate In?1, LogicalFieldValue : Click )
----------------
2019-02-07 07:23:11,698 INFO  execution-log - [Sequence No - 63]	 Command completed.
----------------
2019-02-07 07:23:11,707 INFO  execution-log - [Sequence No - 64] Beginning ActionCommand ( LogicalFieldName : Label Click, LogicalFieldValue : Click )
----------------
2019-02-07 07:23:11,845 INFO  execution-log - [Sequence No - 64]	 Command completed.
----------------
2019-02-07 07:23:11,855 INFO  execution-log - [Sequence No - 65] Beginning ActionCommand ( LogicalFieldName : Collapse, LogicalFieldValue : Click )
----------------
2019-02-07 07:23:12,066 INFO  execution-log - [Sequence No - 65]	 Command completed.
----------------
2019-02-07 07:23:12,076 INFO  execution-log - [Sequence No - 66] Beginning ValidateEnableStatusCommand ( LogicalFieldName : Select Product, LogicalFieldValue : True )
----------------
2019-02-07 07:23:12,130 INFO  execution-log - [Sequence No - 66]	 Command completed.
----------------
2019-02-07 07:23:12,140 INFO  execution-log - [Sequence No - 67] Beginning ActionCommand ( LogicalFieldName : Select Product, LogicalFieldValue : Click-Wait(2000) )
----------------
2019-02-07 07:23:16,302 INFO  execution-log - [Sequence No - 67]	 Command completed.
----------------
2019-02-07 07:23:16,312 INFO  execution-log - [Sequence No - 68] Beginning ActionCommand ( LogicalFieldName : Select Product 1, LogicalFieldValue : Click )
----------------
2019-02-07 07:23:18,674 INFO  execution-log - [Sequence No - 68]	 Command completed.
----------------
2019-02-07 07:23:18,684 INFO  execution-log - 	 Command completed.
----------------
2019-02-07 07:24:47,279 INFO  execution-log - Saving captured values to file.
----------------
2019-02-07 07:24:54,918 INFO  execution-log - TC # : 1, has completed successfully.
----------------
