2019-01-29 01:29:35,426 INFO  execution-log - 	Initializing control map with map # MASTER
----------------
2019-01-29 01:29:35,431 INFO  execution-log - Initializing Test Automation
----------------
2019-01-29 01:29:35,436 INFO  execution-log - 	target browser: Chrome
----------------
2019-01-29 01:29:35,441 INFO  execution-log - TC # : 2, Downloading test case from DB
----------------
2019-01-29 01:29:35,445 INFO  execution-log - TC # : 2, Getting test data from DB
----------------
2019-01-29 01:29:35,445 INFO  execution-log - TC # : 2, Getting control map :MASTER from DB
----------------
2019-01-29 01:29:35,453 INFO  execution-log - TC # : 2, Test data retrieval completed
----------------
2019-01-29 01:29:35,456 INFO  execution-log - TC # : 2, Control map retrieval completed
----------------
2019-01-29 01:29:35,463 INFO  execution-log - TC # : 2, Parsing commands
----------------
2019-01-29 01:29:35,468 INFO  execution-log - Loading captured values from persistence.
----------------
2019-01-29 01:29:35,472 INFO  execution-log - TC # : 2, Started executing test case in the VMTESTAPP1 environment (http://vam-qa.cloudapp.net:6363/pages/login.html)
----------------
2019-01-29 01:29:35,489 INFO  execution-log -  Beginning StartIterationCommand ( Iterations : 1 )
----------------
2019-01-29 01:29:35,493 INFO  execution-log - TC # : 2, Starting iteration #1
----------------
2019-01-29 01:29:35,497 INFO  execution-log - 	 Command completed.
----------------
2019-01-29 01:29:35,502 INFO  execution-log -  Beginning InvokeApplicationCommand ( Target :  )
----------------
2019-01-29 01:29:36,344 INFO  execution-log - 	 Command completed.
----------------
2019-01-29 01:29:36,349 INFO  execution-log -  Beginning PageCommand ( CurrentPage : Login, FlowIdentifier : 1, DiIndicator : DI )
----------------
2019-01-29 01:29:36,354 INFO  execution-log - 	 Command completed.
----------------
2019-01-29 01:29:36,358 INFO  execution-log -  Beginning LoadTestDataItemCommand ( CurrentPage : Login, FlowIdentifier : 1, DiIndicator : DI )
----------------
2019-01-29 01:29:36,369 INFO  execution-log - [Sequence No - 1] Beginning ValidateExistStatusCommand ( LogicalFieldName : User Name, LogicalFieldValue : True )
----------------
2019-01-29 01:29:36,389 INFO  execution-log - [Sequence No - 1]	 Command completed.
----------------
2019-01-29 01:29:36,397 INFO  execution-log - [Sequence No - 2] Beginning ActionCommand ( LogicalFieldName : User Name, LogicalFieldValue : Click )
----------------
2019-01-29 01:29:36,520 INFO  execution-log - [Sequence No - 2]	 Command completed.
----------------
2019-01-29 01:29:36,529 INFO  execution-log - [Sequence No - 3] Beginning TestDataCommand ( LogicalFieldName : User Name, LogicalFieldValue : Jack )
----------------
2019-01-29 01:29:36,630 INFO  execution-log - [Sequence No - 3]	 Command completed.
----------------
2019-01-29 01:29:36,644 INFO  execution-log - [Sequence No - 4] Beginning ValidateExistStatusCommand ( LogicalFieldName : Password, LogicalFieldValue : True )
----------------
2019-01-29 01:29:36,664 INFO  execution-log - [Sequence No - 4]	 Command completed.
----------------
2019-01-29 01:29:36,675 INFO  execution-log - [Sequence No - 5] Beginning TestDataCommand ( LogicalFieldName : Password, LogicalFieldValue : Smit@123 )
----------------
2019-01-29 01:29:36,803 INFO  execution-log - [Sequence No - 5]	 Command completed.
----------------
2019-01-29 01:29:36,813 INFO  execution-log - [Sequence No - 6] Beginning ValidateEnableStatusCommand ( LogicalFieldName : Login_Button, LogicalFieldValue : True )
----------------
2019-01-29 01:29:36,841 INFO  execution-log - [Sequence No - 6]	 Command completed.
----------------
2019-01-29 01:29:36,850 INFO  execution-log - [Sequence No - 7] Beginning ActionCommand ( LogicalFieldName : Login_Button, LogicalFieldValue : Click )
----------------
2019-01-29 01:29:36,954 INFO  execution-log - [Sequence No - 7]	 Command completed.
----------------
2019-01-29 01:29:36,960 INFO  execution-log - 	 Command completed.
----------------
2019-01-29 01:29:36,966 INFO  execution-log -  Beginning InvokeApplicationCommand ( Target : Home-2[DI] )
----------------
2019-01-29 01:29:36,970 ERROR execution-log - TC # : 2, environment undefined in configuration file
----------------
2019-01-29 01:29:36,975 ERROR execution-log - TC # : 2, The test run will be aborted.
----------------
2019-01-29 01:29:37,105 ERROR execution-log - No more iterations to run. Test execution will abort.
----------------
2019-01-29 01:29:37,111 ERROR execution-log - TC # : 2, Framework failed to run the test due to a test configuration error.
	environment undefined in configuration file
----------------
2019-01-29 01:29:37,124 INFO  execution-log - Saving captured values to file.
----------------
2019-01-29 01:29:37,129 ERROR execution-log - TC # : 2,  has failed
----------------
