2019-02-04 17:40:43,213 INFO  execution-log - 	Initializing control map with map # MASTER
----------------
2019-02-04 17:40:43,223 INFO  execution-log - Initializing Test Automation
----------------
2019-02-04 17:40:43,230 INFO  execution-log - 	target browser: Chrome
----------------
2019-02-04 17:40:43,239 INFO  execution-log - TC # : 1, Downloading test case from DB
----------------
2019-02-04 17:40:43,267 INFO  execution-log - TC # : 1, Getting control map :MASTER from DB
----------------
2019-02-04 17:40:43,268 INFO  execution-log - TC # : 1, Getting test data from DB
----------------
2019-02-04 17:40:43,290 INFO  execution-log - TC # : 1, Control map retrieval completed
----------------
2019-02-04 17:40:43,303 INFO  execution-log - TC # : 1, Test data retrieval completed
----------------
2019-02-04 17:40:43,308 INFO  execution-log - TC # : 1, Parsing commands
----------------
2019-02-04 17:40:43,313 INFO  execution-log - Loading captured values from persistence.
----------------
2019-02-04 17:40:43,317 INFO  execution-log - TC # : 1, Started executing test case in the VMTESTAPP1 environment (http://vam-qa.cloudapp.net:6363/pages/login.html)
----------------
2019-02-04 17:40:43,367 INFO  execution-log -  Beginning StartIterationCommand ( Iterations : 1 )
----------------
2019-02-04 17:40:43,373 INFO  execution-log - TC # : 1, Starting iteration #1
----------------
2019-02-04 17:40:43,379 INFO  execution-log - 	 Command completed.
----------------
2019-02-04 17:40:43,384 INFO  execution-log -  Beginning InvokeApplicationCommand ( Target :  )
----------------
2019-02-04 17:40:44,991 INFO  execution-log - 	 Command completed.
----------------
2019-02-04 17:40:45,013 INFO  execution-log -  Beginning PageCommand ( CurrentPage : Login, FlowIdentifier : 1, DiIndicator : DI )
----------------
2019-02-04 17:40:45,021 INFO  execution-log - 	 Command completed.
----------------
2019-02-04 17:40:45,029 INFO  execution-log -  Beginning LoadTestDataItemCommand ( CurrentPage : Login, FlowIdentifier : 1, DiIndicator : DI )
----------------
2019-02-04 17:40:45,049 INFO  execution-log - [Sequence No - 1] Beginning ValidateExistStatusCommand ( LogicalFieldName : User Name, LogicalFieldValue : True )
----------------
2019-02-04 17:40:45,075 INFO  execution-log - [Sequence No - 1]	 Command completed.
----------------
2019-02-04 17:40:45,086 INFO  execution-log - [Sequence No - 2] Beginning ActionCommand ( LogicalFieldName : User Name, LogicalFieldValue : Click )
----------------
2019-02-04 17:40:45,299 INFO  execution-log - [Sequence No - 2]	 Command completed.
----------------
2019-02-04 17:40:45,310 INFO  execution-log - [Sequence No - 3] Beginning TestDataCommand ( LogicalFieldName : User Name, LogicalFieldValue : Jack )
----------------
2019-02-04 17:40:45,497 INFO  execution-log - [Sequence No - 3]	 Command completed.
----------------
2019-02-04 17:40:45,512 INFO  execution-log - [Sequence No - 4] Beginning ValidateExistStatusCommand ( LogicalFieldName : Password, LogicalFieldValue : True )
----------------
2019-02-04 17:40:45,541 INFO  execution-log - [Sequence No - 4]	 Command completed.
----------------
2019-02-04 17:40:45,552 INFO  execution-log - [Sequence No - 5] Beginning TestDataCommand ( LogicalFieldName : Password, LogicalFieldValue : Smit@123 )
----------------
2019-02-04 17:40:45,780 INFO  execution-log - [Sequence No - 5]	 Command completed.
----------------
2019-02-04 17:40:45,791 INFO  execution-log - [Sequence No - 6] Beginning ValidateEnableStatusCommand ( LogicalFieldName : Login_Button, LogicalFieldValue : True )
----------------
2019-02-04 17:40:45,833 INFO  execution-log - [Sequence No - 6]	 Command completed.
----------------
2019-02-04 17:40:45,844 INFO  execution-log - [Sequence No - 7] Beginning ActionCommand ( LogicalFieldName : Login_Button, LogicalFieldValue : Click )
----------------
2019-02-04 17:40:45,984 INFO  execution-log - [Sequence No - 7]	 Command completed.
----------------
2019-02-04 17:40:45,991 INFO  execution-log - 	 Command completed.
----------------
2019-02-04 17:40:45,997 INFO  execution-log -  Beginning PageCommand ( CurrentPage : Home, FlowIdentifier : 2, DiIndicator : DI )
----------------
2019-02-04 17:40:46,005 INFO  execution-log - 	 Command completed.
----------------
2019-02-04 17:40:46,011 INFO  execution-log -  Beginning LoadTestDataItemCommand ( CurrentPage : Home, FlowIdentifier : 2, DiIndicator : DI )
----------------
2019-02-04 17:40:46,028 INFO  execution-log - [Sequence No - 8] Beginning ActionCommand ( LogicalFieldName : New Quote, LogicalFieldValue : Click )
----------------
2019-02-04 17:40:49,256 INFO  execution-log - [Sequence No - 8]	 Command completed.
----------------
2019-02-04 17:40:49,308 INFO  execution-log - 	 Command completed.
----------------
2019-02-04 17:40:49,374 INFO  execution-log -  Beginning PageCommand ( CurrentPage : New Quote, FlowIdentifier : 3, DiIndicator : DI )
----------------
2019-02-04 17:40:49,381 INFO  execution-log - 	 Command completed.
----------------
2019-02-04 17:40:49,386 INFO  execution-log -  Beginning LoadTestDataItemCommand ( CurrentPage : New Quote, FlowIdentifier : 3, DiIndicator : DI )
----------------
2019-02-04 17:40:49,400 INFO  execution-log - [Sequence No - 9] Beginning TestDataCommand ( LogicalFieldName : Account Name, LogicalFieldValue : RANDOMIZE(7,2) )
----------------
2019-02-04 17:40:49,835 INFO  execution-log - [Sequence No - 9]	 Command completed.
----------------
2019-02-04 17:40:49,846 INFO  execution-log - [Sequence No - 11] Beginning TestDataCommand ( LogicalFieldName : First Name, LogicalFieldValue : Jack )
----------------
2019-02-04 17:40:50,106 INFO  execution-log - [Sequence No - 11]	 Command completed.
----------------
2019-02-04 17:40:50,120 INFO  execution-log - [Sequence No - 12] Beginning TestDataCommand ( LogicalFieldName : Last Name, LogicalFieldValue : Smith )
----------------
2019-02-04 17:40:50,482 INFO  execution-log - [Sequence No - 12]	 Command completed.
----------------
2019-02-04 17:40:50,493 INFO  execution-log - [Sequence No - 13] Beginning TestDataCommand ( LogicalFieldName : ContactNumber1, LogicalFieldValue : 654 )
----------------
2019-02-04 17:40:50,683 INFO  execution-log - [Sequence No - 13]	 Command completed.
----------------
2019-02-04 17:40:50,699 INFO  execution-log - [Sequence No - 14] Beginning TestDataCommand ( LogicalFieldName : ContactNumber2, LogicalFieldValue : 321 )
----------------
2019-02-04 17:40:50,867 INFO  execution-log - [Sequence No - 14]	 Command completed.
----------------
2019-02-04 17:40:50,878 INFO  execution-log - [Sequence No - 15] Beginning TestDataCommand ( LogicalFieldName : ContactNumber3, LogicalFieldValue : 6541 )
----------------
2019-02-04 17:40:51,049 INFO  execution-log - [Sequence No - 15]	 Command completed.
----------------
2019-02-04 17:40:51,060 INFO  execution-log - [Sequence No - 16] Beginning TestDataCommand ( LogicalFieldName : Primary Email, LogicalFieldValue : jack.smith@gmail.com )
----------------
2019-02-04 17:40:51,426 INFO  execution-log - [Sequence No - 16]	 Command completed.
----------------
2019-02-04 17:40:51,437 INFO  execution-log - [Sequence No - 17] Beginning TestDataCommand ( LogicalFieldName : Business Started Year, LogicalFieldValue : 2012 )
----------------
2019-02-04 17:40:51,614 INFO  execution-log - [Sequence No - 17]	 Command completed.
----------------
2019-02-04 17:40:51,624 INFO  execution-log - [Sequence No - 18] Beginning ActionCommand ( LogicalFieldName : Select Product, LogicalFieldValue : Click )
----------------
2019-02-04 17:40:51,840 INFO  execution-log - [Sequence No - 18]	 Command completed.
----------------
2019-02-04 17:40:51,876 INFO  execution-log - [Sequence No - 19] Beginning ActionCommand ( LogicalFieldName : Select Product1, LogicalFieldValue : Click )
----------------
2019-02-04 17:40:52,240 INFO  execution-log - [Sequence No - 19]	 Command completed.
----------------
2019-02-04 17:40:52,253 INFO  execution-log - [Sequence No - 20] Beginning ActionCommand ( LogicalFieldName : Contact Name, LogicalFieldValue : Click )
----------------
2019-02-04 17:40:52,449 INFO  execution-log - [Sequence No - 20]	 Command completed.
----------------
2019-02-04 17:40:52,469 INFO  execution-log - [Sequence No - 21] Beginning ActionCommand ( LogicalFieldName : Contact Name Initial Select, LogicalFieldValue : Click )
----------------
2019-02-04 17:40:53,139 INFO  execution-log - [Sequence No - 21]	 Command completed.
----------------
2019-02-04 17:40:53,152 INFO  execution-log - [Sequence No - 22] Beginning ActionCommand ( LogicalFieldName : Industry, LogicalFieldValue : Click )
----------------
2019-02-04 17:40:53,431 INFO  execution-log - [Sequence No - 22]	 Command completed.
----------------
2019-02-04 17:40:53,453 INFO  execution-log - [Sequence No - 23] Beginning ActionCommand ( LogicalFieldName : Industry1, LogicalFieldValue : Click )
----------------
2019-02-04 17:40:53,706 INFO  execution-log - [Sequence No - 23]	 Command completed.
----------------
2019-02-04 17:40:53,727 INFO  execution-log - [Sequence No - 24] Beginning TestDataCommand ( LogicalFieldName : Zip Code, LogicalFieldValue : 53704 )
----------------
2019-02-04 17:40:54,003 INFO  execution-log - [Sequence No - 24]	 Command completed.
----------------
2019-02-04 17:40:54,016 INFO  execution-log - [Sequence No - 25] Beginning ActionCommand ( LogicalFieldName : zipcode click, LogicalFieldValue : Click )
----------------
2019-02-04 17:40:54,570 INFO  execution-log - [Sequence No - 25]	 Command completed.
----------------
2019-02-04 17:40:54,581 INFO  execution-log - [Sequence No - 26] Beginning TestDataCommand ( LogicalFieldName : Street Address, LogicalFieldValue : 123 BLUEJAY LN )
----------------
2019-02-04 17:40:55,015 INFO  execution-log - [Sequence No - 26]	 Command completed.
----------------
2019-02-04 17:40:55,029 INFO  execution-log - [Sequence No - 27] Beginning ActionCommand ( LogicalFieldName : Same as Physical Address, LogicalFieldValue : Click )
----------------
2019-02-04 17:40:55,368 INFO  execution-log - [Sequence No - 27]	 Command completed.
----------------
2019-02-04 17:40:55,396 INFO  execution-log - [Sequence No - 28] Beginning ActionCommand ( LogicalFieldName : Proceed, LogicalFieldValue : Click )
----------------
2019-02-04 17:40:55,628 INFO  execution-log - [Sequence No - 28]	 Command completed.
----------------
2019-02-04 17:40:55,634 INFO  execution-log - 	 Command completed.
----------------
2019-02-04 17:40:55,640 INFO  execution-log -  Beginning PageCommand ( CurrentPage : Insured Info, FlowIdentifier : 4, DiIndicator : DI )
----------------
2019-02-04 17:40:55,708 INFO  execution-log - 	 Command completed.
----------------
2019-02-04 17:40:55,725 INFO  execution-log -  Beginning LoadTestDataItemCommand ( CurrentPage : Insured Info, FlowIdentifier : 4, DiIndicator : DI )
----------------
2019-02-04 17:40:55,749 INFO  execution-log - [Sequence No - 29] Beginning TestDataCommand ( LogicalFieldName : InsuredName, LogicalFieldValue : Smith )
----------------
2019-02-04 17:40:59,638 INFO  execution-log - [Sequence No - 29]	 Command completed.
----------------
2019-02-04 17:40:59,650 INFO  execution-log - [Sequence No - 30] Beginning ActionCommand ( LogicalFieldName : Primary State Click, LogicalFieldValue : Click )
----------------
2019-02-04 17:40:59,822 INFO  execution-log - [Sequence No - 30]	 Command completed.
----------------
2019-02-04 17:40:59,855 INFO  execution-log - [Sequence No - 31] Beginning ActionCommand ( LogicalFieldName : PrimayState Select, LogicalFieldValue : Click )
----------------
2019-02-04 17:41:00,178 INFO  execution-log - [Sequence No - 31]	 Command completed.
----------------
2019-02-04 17:41:00,193 INFO  execution-log - [Sequence No - 32] Beginning TestDataCommand ( LogicalFieldName : Street Address, LogicalFieldValue : 123 new street )
----------------
2019-02-04 17:41:00,755 INFO  execution-log - [Sequence No - 32]	 Command completed.
----------------
2019-02-04 17:41:00,766 INFO  execution-log - [Sequence No - 33] Beginning TestDataCommand ( LogicalFieldName : Zip Code, LogicalFieldValue : 53704 )
----------------
2019-02-04 17:41:00,970 INFO  execution-log - [Sequence No - 33]	 Command completed.
----------------
2019-02-04 17:41:00,986 INFO  execution-log - [Sequence No - 34] Beginning ActionCommand ( LogicalFieldName : Same as Physical Address, LogicalFieldValue : Click )
----------------
2019-02-04 17:41:01,173 INFO  execution-log - [Sequence No - 34]	 Command completed.
----------------
2019-02-04 17:41:01,187 INFO  execution-log - [Sequence No - 35] Beginning TestDataCommand ( LogicalFieldName : SIC Code, LogicalFieldValue : 41510000-School buses )
----------------
2019-02-04 17:41:01,768 INFO  execution-log - [Sequence No - 35]	 Command completed.
----------------
2019-02-04 17:41:01,780 INFO  execution-log - [Sequence No - 36] Beginning TestDataCommand ( LogicalFieldName : BusinessInceptionYear, LogicalFieldValue : 2012 )
----------------
2019-02-04 17:41:02,000 INFO  execution-log - [Sequence No - 36]	 Command completed.
----------------
2019-02-04 17:41:02,017 INFO  execution-log - [Sequence No - 37] Beginning TestDataCommand ( LogicalFieldName : BusinessPhone, LogicalFieldValue : 6549879879 )
----------------
2019-02-04 17:41:03,416 INFO  execution-log - [Sequence No - 37]	 Command completed.
----------------
2019-02-04 17:41:03,426 INFO  execution-log - [Sequence No - 38] Beginning ActionCommand ( LogicalFieldName : Next, LogicalFieldValue : Click )
----------------
2019-02-04 17:41:03,642 INFO  execution-log - [Sequence No - 38]	 Command completed.
----------------
2019-02-04 17:41:03,649 INFO  execution-log - 	 Command completed.
----------------
2019-02-04 17:41:03,655 INFO  execution-log -  Beginning PageCommand ( CurrentPage : Policy Info, FlowIdentifier : 5, DiIndicator : DI )
----------------
2019-02-04 17:41:03,661 INFO  execution-log - 	 Command completed.
----------------
2019-02-04 17:41:03,667 INFO  execution-log -  Beginning LoadTestDataItemCommand ( CurrentPage : Policy Info, FlowIdentifier : 5, DiIndicator : DI )
----------------
2019-02-04 17:41:03,681 INFO  execution-log - [Sequence No - 39] Beginning ActionCommand ( LogicalFieldName : Which State do u operate In?, LogicalFieldValue : Click )
----------------
2019-02-04 17:41:05,085 INFO  execution-log - [Sequence No - 39]	 Command completed.
----------------
2019-02-04 17:41:05,097 INFO  execution-log - [Sequence No - 40] Beginning ActionCommand ( LogicalFieldName : Which State do u operate In?1, LogicalFieldValue : Click )
----------------
2019-02-04 17:41:05,738 INFO  execution-log - [Sequence No - 40]	 Command completed.
----------------
2019-02-04 17:41:05,750 INFO  execution-log - [Sequence No - 41] Beginning ActionCommand ( LogicalFieldName : Label Click, LogicalFieldValue : Click )
----------------
2019-02-04 17:41:05,894 INFO  execution-log - [Sequence No - 41]	 Command completed.
----------------
2019-02-04 17:41:05,907 INFO  execution-log - [Sequence No - 42] Beginning ActionCommand ( LogicalFieldName : Collapse, LogicalFieldValue : Click )
----------------
2019-02-04 17:41:06,178 INFO  execution-log - [Sequence No - 42]	 Command completed.
----------------
2019-02-04 17:41:06,193 INFO  execution-log - [Sequence No - 43] Beginning ActionCommand ( LogicalFieldName : Select Product, LogicalFieldValue : Click-Wait(2000) )
----------------
2019-02-04 17:41:10,455 INFO  execution-log - [Sequence No - 43]	 Command completed.
----------------
2019-02-04 17:41:10,466 INFO  execution-log - [Sequence No - 44] Beginning ActionCommand ( LogicalFieldName : Select Product 1, LogicalFieldValue : Click )
----------------
2019-02-04 17:41:12,953 INFO  execution-log - [Sequence No - 44]	 Command completed.
----------------
2019-02-04 17:41:13,021 INFO  execution-log - [Sequence No - 45] Beginning ActionCommand ( LogicalFieldName : Next Policy Info, LogicalFieldValue : Click(1000) )
----------------
2019-02-04 17:41:13,191 INFO  execution-log - [Sequence No - 45]	 Command completed.
----------------
2019-02-04 17:41:13,200 INFO  execution-log - 	 Command completed.
----------------
2019-02-04 17:41:13,218 INFO  execution-log - Saving captured values to file.
----------------
2019-02-04 17:41:13,229 INFO  execution-log - TC # : 1, has completed successfully.
----------------
