2018-11-09 09:14:13,472 INFO  execution-log - 	Initializing control map with map # Master
----------------
2018-11-09 09:14:13,474 INFO  execution-log - Initializing Test Automation
----------------
2018-11-09 09:14:13,474 INFO  execution-log - 	target browser: Chrome
----------------
2018-11-09 09:14:13,475 INFO  execution-log - TC # : 2, Downloading test case from DB
----------------
2018-11-09 09:14:13,479 INFO  execution-log - TC # : 2, Getting control map :Master from DB
----------------
2018-11-09 09:14:13,479 INFO  execution-log - TC # : 2, Getting test data from DB
----------------
2018-11-09 09:14:13,483 INFO  execution-log - TC # : 2, Control map retrieval completed
----------------
2018-11-09 09:14:13,492 INFO  execution-log - TC # : 2, Test data retrieval completed
----------------
2018-11-09 09:14:13,493 INFO  execution-log - TC # : 2, Parsing commands
----------------
2018-11-09 09:14:13,494 INFO  execution-log - Loading captured values from persistence.
----------------
2018-11-09 09:14:13,495 INFO  execution-log - TC # : 2, Started executing test case in the HISCOX environment (http://hiscpvt.cloud.hiscox.com/oneshield/index.jsp#gateway)
----------------
2018-11-09 09:14:13,547 INFO  execution-log -  Beginning StartIterationCommand ( Iterations : 1 )
----------------
2018-11-09 09:14:13,549 INFO  execution-log - TC # : 2, Starting iteration #1
----------------
2018-11-09 09:14:13,550 INFO  execution-log - 	 Command completed.
----------------
2018-11-09 09:14:13,551 INFO  execution-log -  Beginning InvokeApplicationCommand ( Target :  )
----------------
2018-11-09 09:14:32,353 INFO  execution-log - 	 Command completed.
----------------
2018-11-09 09:14:32,356 INFO  execution-log -  Beginning PageCommand ( CurrentPage : Login, FlowIdentifier : 1, DiIndicator : DI )
----------------
2018-11-09 09:14:32,358 INFO  execution-log - 	 Command completed.
----------------
2018-11-09 09:14:32,359 INFO  execution-log -  Beginning LoadTestDataItemCommand ( CurrentPage : Login, FlowIdentifier : 1, DiIndicator : DI )
----------------
2018-11-09 09:14:32,382 INFO  execution-log - [Sequence No - 1] Beginning TestDataCommand ( LogicalFieldName : Partner Number, LogicalFieldValue : 0 )
----------------
2018-11-09 09:14:34,388 INFO  execution-log - [Sequence No - 1]	 Command completed.
----------------
2018-11-09 09:14:34,393 INFO  execution-log - [Sequence No - 2] Beginning TestDataCommand ( LogicalFieldName : Username, LogicalFieldValue : karthicuw )
----------------
2018-11-09 09:14:35,699 INFO  execution-log - [Sequence No - 2]	 Command completed.
----------------
2018-11-09 09:14:35,703 INFO  execution-log - [Sequence No - 3] Beginning TestDataCommand ( LogicalFieldName : Password, LogicalFieldValue : Monday!23 )
----------------
2018-11-09 09:14:35,891 INFO  execution-log - [Sequence No - 3]	 Command completed.
----------------
2018-11-09 09:14:35,896 INFO  execution-log - [Sequence No - 4] Beginning TestDataCommand ( LogicalFieldName : Partner Number, LogicalFieldValue : 0 )
----------------
2018-11-09 09:14:36,000 INFO  execution-log - [Sequence No - 4]	 Command completed.
----------------
2018-11-09 09:14:36,005 INFO  execution-log - [Sequence No - 5] Beginning ActionCommand ( LogicalFieldName : Login Page, LogicalFieldValue : Click )
----------------
2018-11-09 09:14:36,144 INFO  execution-log - [Sequence No - 5]	 Command completed.
----------------
2018-11-09 09:14:36,148 INFO  execution-log - [Sequence No - 6] Beginning ActionCommand ( LogicalFieldName : Login Button, LogicalFieldValue : Click )
----------------
2018-11-09 09:14:36,317 INFO  execution-log - [Sequence No - 6]	 Command completed.
----------------
2018-11-09 09:14:36,324 INFO  execution-log - [Sequence No - 7] Beginning TestDataCommand ( LogicalFieldName : Partner Number, LogicalFieldValue : 0 )
----------------
2018-11-09 09:14:36,441 INFO  execution-log - [Sequence No - 7]	 Command completed.
----------------
2018-11-09 09:14:36,442 INFO  execution-log - 	 Command completed.
----------------
2018-11-09 09:14:36,443 INFO  execution-log -  Beginning PageCommand ( CurrentPage : Quotes, FlowIdentifier : 1, DiIndicator : DI )
----------------
2018-11-09 09:14:36,444 INFO  execution-log - 	 Command completed.
----------------
2018-11-09 09:14:36,445 INFO  execution-log -  Beginning LoadTestDataItemCommand ( CurrentPage : Quotes, FlowIdentifier : 1, DiIndicator : DI )
----------------
2018-11-09 09:14:36,450 INFO  execution-log - [Sequence No - 8] Beginning WaitForControlCommand ( LogicalFieldName : Quotes_Link, LogicalFieldValue : True )
----------------
2018-11-09 09:14:37,270 INFO  execution-log - [Sequence No - 8]	 Command completed.
----------------
2018-11-09 09:14:37,275 INFO  execution-log - [Sequence No - 9] Beginning ActionCommand ( LogicalFieldName : Quotes_Link, LogicalFieldValue : Click )
----------------
2018-11-09 09:14:37,448 INFO  execution-log - [Sequence No - 9]	 Command completed.
----------------
2018-11-09 09:14:37,452 INFO  execution-log - [Sequence No - 10] Beginning WaitForControlCommand ( LogicalFieldName : New quote, LogicalFieldValue : True )
----------------
2018-11-09 09:14:39,329 INFO  execution-log - [Sequence No - 10]	 Command completed.
----------------
2018-11-09 09:14:39,334 INFO  execution-log - [Sequence No - 11] Beginning ActionCommand ( LogicalFieldName : New quote, LogicalFieldValue : Click )
----------------
2018-11-09 09:14:39,506 INFO  execution-log - [Sequence No - 11]	 Command completed.
----------------
2018-11-09 09:14:39,512 INFO  execution-log - [Sequence No - 12] Beginning ActionCommand ( LogicalFieldName : Select Producing Agency, LogicalFieldValue : Click-Wait(500) )
----------------
2018-11-09 09:14:41,027 INFO  execution-log - [Sequence No - 12]	 Command completed.
----------------
2018-11-09 09:14:41,032 INFO  execution-log - [Sequence No - 13] Beginning ActionCommand ( LogicalFieldName : Select Agency, LogicalFieldValue : Click )
----------------
2018-11-09 09:14:41,190 INFO  execution-log - [Sequence No - 13]	 Command completed.
----------------
2018-11-09 09:14:41,195 INFO  execution-log - [Sequence No - 14] Beginning WaitForControlCommand ( LogicalFieldName : Producer, LogicalFieldValue : True )
----------------
2018-11-09 09:14:42,923 INFO  execution-log - [Sequence No - 14]	 Command completed.
----------------
2018-11-09 09:14:42,928 INFO  execution-log - [Sequence No - 15] Beginning ActionCommand ( LogicalFieldName : Producer, LogicalFieldValue : Click-Wait(500) )
----------------
2018-11-09 09:14:44,071 INFO  execution-log - [Sequence No - 15]	 Command completed.
----------------
2018-11-09 09:14:44,075 INFO  execution-log - [Sequence No - 16] Beginning TestDataCommand ( LogicalFieldName : Producer, LogicalFieldValue : Agency  Producer )
----------------
2018-11-09 09:14:44,607 INFO  execution-log - [Sequence No - 16]	 Command completed.
----------------
2018-11-09 09:14:44,612 INFO  execution-log - [Sequence No - 17] Beginning TestDataCommand ( LogicalFieldName : First Name, LogicalFieldValue : HISCOX )
----------------
2018-11-09 09:14:44,835 INFO  execution-log - [Sequence No - 17]	 Command completed.
----------------
2018-11-09 09:14:44,840 INFO  execution-log - [Sequence No - 18] Beginning TestDataCommand ( LogicalFieldName : Last Name, LogicalFieldValue : Demo )
----------------
2018-11-09 09:14:44,994 INFO  execution-log - [Sequence No - 18]	 Command completed.
----------------
2018-11-09 09:14:44,999 INFO  execution-log - [Sequence No - 19] Beginning TestDataCommand ( LogicalFieldName : City, LogicalFieldValue : Atlanta )
----------------
2018-11-09 09:14:45,317 INFO  execution-log - [Sequence No - 19]	 Command completed.
----------------
2018-11-09 09:14:45,324 INFO  execution-log - [Sequence No - 20] Beginning TestDataCommand ( LogicalFieldName : State, LogicalFieldValue : Georgia )
----------------
2018-11-09 09:14:45,786 INFO  execution-log - [Sequence No - 20]	 Command completed.
----------------
2018-11-09 09:14:45,793 INFO  execution-log - [Sequence No - 21] Beginning TestDataCommand ( LogicalFieldName : Zip, LogicalFieldValue : 30338 )
----------------
2018-11-09 09:14:45,969 INFO  execution-log - [Sequence No - 21]	 Command completed.
----------------
2018-11-09 09:14:45,973 INFO  execution-log - [Sequence No - 22] Beginning TestDataCommand ( LogicalFieldName : Address Line 1, LogicalFieldValue : 1 Main st )
----------------
2018-11-09 09:14:46,249 INFO  execution-log - [Sequence No - 22]	 Command completed.
----------------
2018-11-09 09:14:46,255 INFO  execution-log - [Sequence No - 23] Beginning TestDataCommand ( LogicalFieldName : Address Line 2, LogicalFieldValue : 1 )
----------------
2018-11-09 09:14:46,379 INFO  execution-log - [Sequence No - 23]	 Command completed.
----------------
2018-11-09 09:14:46,383 INFO  execution-log - [Sequence No - 24] Beginning ActionCommand ( LogicalFieldName : Product line (errors and omissions), LogicalFieldValue : Click )
----------------
2018-11-09 09:14:46,577 INFO  execution-log - [Sequence No - 24]	 Command completed.
----------------
2018-11-09 09:14:46,581 INFO  execution-log - [Sequence No - 25] Beginning ActionCommand ( LogicalFieldName : Customer search, LogicalFieldValue : Click )
----------------
2018-11-09 09:14:46,877 INFO  execution-log - [Sequence No - 25]	 Command completed.
----------------
2018-11-09 09:14:46,878 INFO  execution-log - 	 Command completed.
----------------
2018-11-09 09:14:46,879 INFO  execution-log -  Beginning PageCommand ( CurrentPage : QuoteDetails, FlowIdentifier : 1, DiIndicator : DI )
----------------
2018-11-09 09:14:46,880 INFO  execution-log - 	 Command completed.
----------------
2018-11-09 09:14:46,880 INFO  execution-log -  Beginning LoadTestDataItemCommand ( CurrentPage : QuoteDetails, FlowIdentifier : 1, DiIndicator : DI )
----------------
2018-11-09 09:14:46,896 INFO  execution-log - [Sequence No - 26] Beginning WaitForControlCommand ( LogicalFieldName : Retro-active Date, LogicalFieldValue : True )
----------------
2018-11-09 09:14:53,782 INFO  execution-log - [Sequence No - 26]	 Command completed.
----------------
2018-11-09 09:14:53,787 INFO  execution-log - [Sequence No - 27] Beginning TestDataCommand ( LogicalFieldName : Rating Company, LogicalFieldValue : FDLI Protection Insurance Company )
----------------
2018-11-09 09:14:55,471 INFO  execution-log - [Sequence No - 27]	 Command completed.
----------------
2018-11-09 09:14:55,478 INFO  execution-log - [Sequence No - 28] Beginning TestDataCommand ( LogicalFieldName : Retro-active Date, LogicalFieldValue : 09/11/2018 )
----------------
2018-11-09 09:14:55,664 INFO  execution-log - [Sequence No - 28]	 Command completed.
----------------
2018-11-09 09:14:55,669 INFO  execution-log - [Sequence No - 29] Beginning TestDataCommand ( LogicalFieldName : Professional Liability Gross Sales, LogicalFieldValue : 100000 )
----------------
2018-11-09 09:14:55,854 INFO  execution-log - [Sequence No - 29]	 Command completed.
----------------
2018-11-09 09:14:55,858 INFO  execution-log - [Sequence No - 30] Beginning ActionCommand ( LogicalFieldName : QuoteDetails Page, LogicalFieldValue : Click )
----------------
2018-11-09 09:14:56,086 INFO  execution-log - [Sequence No - 30]	 Command completed.
----------------
2018-11-09 09:14:56,091 INFO  execution-log - [Sequence No - 31] Beginning ActionCommand ( LogicalFieldName : Save Changes, LogicalFieldValue : Click )
----------------
2018-11-09 09:14:56,372 INFO  execution-log - [Sequence No - 31]	 Command completed.
----------------
2018-11-09 09:14:56,376 INFO  execution-log - [Sequence No - 32] Beginning WaitForControlCommand ( LogicalFieldName : Rate Quote, LogicalFieldValue : True )
----------------
2018-11-09 09:14:57,356 INFO  execution-log - [Sequence No - 32]	 Command completed.
----------------
2018-11-09 09:14:57,361 INFO  execution-log - [Sequence No - 33] Beginning ActionCommand ( LogicalFieldName : Rate Quote, LogicalFieldValue : Click-Wait(1000) )
----------------
2018-11-09 09:14:59,513 INFO  execution-log - [Sequence No - 33]	 Command completed.
----------------
2018-11-09 09:14:59,524 INFO  execution-log - [Sequence No - 34] Beginning WaitForControlCommand ( LogicalFieldName : Request Issue, LogicalFieldValue : True )
----------------
2018-11-09 09:15:06,111 INFO  execution-log - [Sequence No - 34]	 Command completed.
----------------
2018-11-09 09:15:06,115 INFO  execution-log - [Sequence No - 35] Beginning ActionCommand ( LogicalFieldName : Request Issue, LogicalFieldValue : Click-Wait(1000) )
----------------
2018-11-09 09:15:08,368 INFO  execution-log - [Sequence No - 35]	 Command completed.
----------------
2018-11-09 09:15:08,374 INFO  execution-log - [Sequence No - 36] Beginning WaitForControlCommand ( LogicalFieldName : Next, LogicalFieldValue : True )
----------------
2018-11-09 09:15:09,326 INFO  execution-log - [Sequence No - 36]	 Command completed.
----------------
2018-11-09 09:15:09,330 INFO  execution-log - [Sequence No - 37] Beginning ActionCommand ( LogicalFieldName : Next, LogicalFieldValue : Click )
----------------
2018-11-09 09:15:09,468 INFO  execution-log - [Sequence No - 37]	 Command completed.
----------------
2018-11-09 09:15:09,469 INFO  execution-log - 	 Command completed.
----------------
2018-11-09 09:15:09,470 INFO  execution-log -  Beginning PageCommand ( CurrentPage : Payment Profile, FlowIdentifier : 1, DiIndicator : DI )
----------------
2018-11-09 09:15:09,471 INFO  execution-log - 	 Command completed.
----------------
2018-11-09 09:15:09,472 INFO  execution-log -  Beginning LoadTestDataItemCommand ( CurrentPage : Payment Profile, FlowIdentifier : 1, DiIndicator : DI )
----------------
2018-11-09 09:15:09,479 INFO  execution-log - [Sequence No - 38] Beginning WaitForControlCommand ( LogicalFieldName : Check Payment, LogicalFieldValue : True )
----------------
2018-11-09 09:15:11,044 INFO  execution-log - [Sequence No - 38]	 Command completed.
----------------
2018-11-09 09:15:11,052 INFO  execution-log - [Sequence No - 39] Beginning ActionCommand ( LogicalFieldName : Check Payment, LogicalFieldValue : Click )
----------------
2018-11-09 09:15:11,230 INFO  execution-log - [Sequence No - 39]	 Command completed.
----------------
2018-11-09 09:15:11,236 INFO  execution-log - [Sequence No - 40] Beginning ActionCommand ( LogicalFieldName : Next, LogicalFieldValue : Click-Wait(1000) )
----------------
2018-11-09 09:15:13,526 INFO  execution-log - [Sequence No - 40]	 Command completed.
----------------
2018-11-09 09:15:13,527 INFO  execution-log - 	 Command completed.
----------------
2018-11-09 09:15:13,528 INFO  execution-log -  Beginning PageCommand ( CurrentPage : Billing Choices, FlowIdentifier : 1, DiIndicator : DI )
----------------
2018-11-09 09:15:13,529 INFO  execution-log - 	 Command completed.
----------------
2018-11-09 09:15:13,530 INFO  execution-log -  Beginning LoadTestDataItemCommand ( CurrentPage : Billing Choices, FlowIdentifier : 1, DiIndicator : DI )
----------------
2018-11-09 09:15:13,536 INFO  execution-log - [Sequence No - 41] Beginning WaitForControlCommand ( LogicalFieldName : Email Address, LogicalFieldValue : True )
----------------
2018-11-09 09:15:13,585 INFO  execution-log - [Sequence No - 41]	 Command completed.
----------------
2018-11-09 09:15:13,589 INFO  execution-log - [Sequence No - 42] Beginning ActionCommand ( LogicalFieldName : Email Address, LogicalFieldValue : Click-Wait(2000) )
----------------
2018-11-09 09:15:17,743 INFO  execution-log - [Sequence No - 42]	 Command completed.
----------------
2018-11-09 09:15:17,748 INFO  execution-log - [Sequence No - 43] Beginning TestDataCommand ( LogicalFieldName : Email Address, LogicalFieldValue : EMAILID )
----------------
2018-11-09 09:15:18,074 INFO  execution-log - [Sequence No - 43]	 Command completed.
----------------
2018-11-09 09:15:18,079 INFO  execution-log - [Sequence No - 44] Beginning ActionCommand ( LogicalFieldName : Billing Choices Page, LogicalFieldValue : Click )
----------------
2018-11-09 09:15:18,207 INFO  execution-log - [Sequence No - 44]	 Command completed.
----------------
2018-11-09 09:15:18,212 INFO  execution-log - [Sequence No - 45] Beginning ActionCommand ( LogicalFieldName : Next, LogicalFieldValue : Click-Wait(2000) )
----------------
2018-11-09 09:15:22,431 INFO  execution-log - [Sequence No - 45]	 Command completed.
----------------
2018-11-09 09:15:22,432 INFO  execution-log - 	 Command completed.
----------------
2018-11-09 09:15:22,433 INFO  execution-log -  Beginning PageCommand ( CurrentPage : Quote Bind, FlowIdentifier : 1, DiIndicator : DI )
----------------
2018-11-09 09:15:22,434 INFO  execution-log - 	 Command completed.
----------------
2018-11-09 09:15:22,435 INFO  execution-log -  Beginning LoadTestDataItemCommand ( CurrentPage : Quote Bind, FlowIdentifier : 1, DiIndicator : DI )
----------------
2018-11-09 09:15:22,445 INFO  execution-log - [Sequence No - 46] Beginning WaitForControlCommand ( LogicalFieldName : Bind, LogicalFieldValue : True )
----------------
2018-11-09 09:15:22,487 INFO  execution-log - [Sequence No - 46]	 Command completed.
----------------
2018-11-09 09:15:22,491 INFO  execution-log - [Sequence No - 47] Beginning ActionCommand ( LogicalFieldName : Bind, LogicalFieldValue : Click-Wait(2000) )
----------------
2018-11-09 09:15:26,664 INFO  execution-log - [Sequence No - 47]	 Command completed.
----------------
2018-11-09 09:15:26,666 INFO  execution-log - 	 Command completed.
----------------
2018-11-09 09:15:26,667 INFO  execution-log -  Beginning PageCommand ( CurrentPage : Summary, FlowIdentifier : 1, DiIndicator : DI )
----------------
2018-11-09 09:15:26,668 INFO  execution-log - 	 Command completed.
----------------
2018-11-09 09:15:26,670 INFO  execution-log -  Beginning LoadTestDataItemCommand ( CurrentPage : Summary, FlowIdentifier : 1, DiIndicator : DI )
----------------
2018-11-09 09:15:26,678 INFO  execution-log - [Sequence No - 48] Beginning WaitForControlCommand ( LogicalFieldName : Exit Policy, LogicalFieldValue : True )
----------------
2018-11-09 09:15:31,926 INFO  execution-log - [Sequence No - 48]	 Command completed.
----------------
2018-11-09 09:15:31,930 INFO  execution-log -  Beginning CaptureValueToHtmlCommand ( 1 : e, LogicalFieldName : Policy#, LogicalFieldValue : True )
----------------
2018-11-09 09:15:31,932 INFO  execution-log - 	 Command completed.
----------------
2018-11-09 09:15:31,933 INFO  execution-log - 	 Command completed.
----------------
2018-11-09 09:15:31,943 INFO  execution-log - Saving captured values to file.
----------------
2018-11-09 09:15:31,944 INFO  execution-log - TC # : 2, has completed successfully.
----------------
