2019-02-07 07:31:33,903 INFO  execution-log - 	Initializing control map with map # MASTER
----------------
2019-02-07 07:31:33,909 INFO  execution-log - Initializing Test Automation
----------------
2019-02-07 07:31:33,916 INFO  execution-log - 	target browser: Chrome
----------------
2019-02-07 07:31:36,122 INFO  execution-log - TC # : 1, Downloading test case from DB
----------------
2019-02-07 07:31:36,138 INFO  execution-log - TC # : 1, Getting control map :MASTER from DB
----------------
2019-02-07 07:31:36,139 INFO  execution-log - TC # : 1, Getting test data from DB
----------------
2019-02-07 07:31:36,153 INFO  execution-log - TC # : 1, Control map retrieval completed
----------------
2019-02-07 07:31:36,175 INFO  execution-log - TC # : 1, Test data retrieval completed
----------------
2019-02-07 07:31:36,192 INFO  execution-log - TC # : 1, Parsing commands
----------------
2019-02-07 07:31:36,197 INFO  execution-log - Loading captured values from persistence.
----------------
2019-02-07 07:31:36,202 INFO  execution-log - TC # : 1, Started executing test case in the VMTESTAPP1 environment (http://vam-qa.cloudapp.net:6363/pages/login.html)
----------------
2019-02-07 07:31:38,455 INFO  execution-log -  Beginning StartIterationCommand ( Iterations : 1 )
----------------
2019-02-07 07:31:38,469 INFO  execution-log - TC # : 1, Starting iteration #1
----------------
2019-02-07 07:31:38,484 INFO  execution-log - 	 Command completed.
----------------
2019-02-07 07:31:38,499 INFO  execution-log -  Beginning InvokeApplicationCommand ( Target :  )
----------------
2019-02-07 07:31:39,822 INFO  execution-log - 	 Command completed.
----------------
2019-02-07 07:31:39,834 INFO  execution-log -  Beginning PageCommand ( CurrentPage : Login, FlowIdentifier : 1, DiIndicator : DI )
----------------
2019-02-07 07:31:39,852 INFO  execution-log - 	 Command completed.
----------------
2019-02-07 07:31:39,858 INFO  execution-log -  Beginning LoadTestDataItemCommand ( CurrentPage : Login, FlowIdentifier : 1, DiIndicator : DI )
----------------
2019-02-07 07:31:39,887 INFO  execution-log - [Sequence No - 1] Beginning ValidateExistStatusCommand ( LogicalFieldName : User Name, LogicalFieldValue : True )
----------------
2019-02-07 07:31:39,920 INFO  execution-log - [Sequence No - 1]	 Command completed.
----------------
2019-02-07 07:31:39,930 INFO  execution-log - [Sequence No - 2] Beginning ActionCommand ( LogicalFieldName : User Name, LogicalFieldValue : Click )
----------------
2019-02-07 07:31:40,135 INFO  execution-log - [Sequence No - 2]	 Command completed.
----------------
2019-02-07 07:31:40,148 INFO  execution-log - [Sequence No - 3] Beginning TestDataCommand ( LogicalFieldName : User Name, LogicalFieldValue : Jack )
----------------
2019-02-07 07:31:40,251 INFO  execution-log - [Sequence No - 3]	 Command completed.
----------------
2019-02-07 07:31:40,261 INFO  execution-log - [Sequence No - 4] Beginning ValidateExistStatusCommand ( LogicalFieldName : Password, LogicalFieldValue : True )
----------------
2019-02-07 07:31:40,285 INFO  execution-log - [Sequence No - 4]	 Command completed.
----------------
2019-02-07 07:31:40,294 INFO  execution-log - [Sequence No - 5] Beginning TestDataCommand ( LogicalFieldName : Password, LogicalFieldValue : Smit@123 )
----------------
2019-02-07 07:31:40,640 INFO  execution-log - [Sequence No - 5]	 Command completed.
----------------
2019-02-07 07:31:40,651 INFO  execution-log - [Sequence No - 6] Beginning ValidateEnableStatusCommand ( LogicalFieldName : Login_Button, LogicalFieldValue : True )
----------------
2019-02-07 07:31:40,683 INFO  execution-log - [Sequence No - 6]	 Command completed.
----------------
2019-02-07 07:31:40,706 INFO  execution-log - [Sequence No - 7] Beginning ActionCommand ( LogicalFieldName : Login_Button, LogicalFieldValue : Click )
----------------
2019-02-07 07:31:40,918 INFO  execution-log - [Sequence No - 7]	 Command completed.
----------------
2019-02-07 07:31:40,930 INFO  execution-log - 	 Command completed.
----------------
2019-02-07 07:31:40,936 INFO  execution-log -  Beginning PageCommand ( CurrentPage : Home, FlowIdentifier : 2, DiIndicator : DI )
----------------
2019-02-07 07:31:40,946 INFO  execution-log - 	 Command completed.
----------------
2019-02-07 07:31:40,953 INFO  execution-log -  Beginning LoadTestDataItemCommand ( CurrentPage : Home, FlowIdentifier : 2, DiIndicator : DI )
----------------
2019-02-07 07:31:40,968 INFO  execution-log - [Sequence No - 8] Beginning ValidateEnableStatusCommand ( LogicalFieldName : New Quote, LogicalFieldValue : True )
----------------
2019-02-07 07:31:42,177 INFO  execution-log - [Sequence No - 8]	 Command completed.
----------------
2019-02-07 07:31:42,187 INFO  execution-log - [Sequence No - 9] Beginning ActionCommand ( LogicalFieldName : New Quote, LogicalFieldValue : Click )
----------------
2019-02-07 07:31:43,957 INFO  execution-log - [Sequence No - 9]	 Command completed.
----------------
2019-02-07 07:31:45,329 INFO  execution-log - 	 Command completed.
----------------
2019-02-07 07:31:45,354 INFO  execution-log -  Beginning PageCommand ( CurrentPage : New Quote, FlowIdentifier : 3, DiIndicator : DI )
----------------
2019-02-07 07:31:45,365 INFO  execution-log - 	 Command completed.
----------------
2019-02-07 07:31:45,378 INFO  execution-log -  Beginning LoadTestDataItemCommand ( CurrentPage : New Quote, FlowIdentifier : 3, DiIndicator : DI )
----------------
2019-02-07 07:31:45,400 INFO  execution-log - [Sequence No - 10] Beginning ValidateExistStatusCommand ( LogicalFieldName : Account Name, LogicalFieldValue : True )
----------------
2019-02-07 07:31:45,435 INFO  execution-log - [Sequence No - 10]	 Command completed.
----------------
2019-02-07 07:31:45,445 INFO  execution-log - [Sequence No - 11] Beginning TestDataCommand ( LogicalFieldName : Account Name, LogicalFieldValue : RANDOMIZE(7,2) )
----------------
2019-02-07 07:31:47,694 INFO  execution-log - [Sequence No - 11]	 Command completed.
----------------
2019-02-07 07:31:47,709 INFO  execution-log - [Sequence No - 12] Beginning ValidateExistStatusCommand ( LogicalFieldName : First Name, LogicalFieldValue : True )
----------------
2019-02-07 07:31:47,751 INFO  execution-log - [Sequence No - 12]	 Command completed.
----------------
2019-02-07 07:31:47,762 INFO  execution-log - [Sequence No - 13] Beginning TestDataCommand ( LogicalFieldName : First Name, LogicalFieldValue : Jack )
----------------
2019-02-07 07:31:48,651 INFO  execution-log - [Sequence No - 13]	 Command completed.
----------------
2019-02-07 07:31:48,661 INFO  execution-log - [Sequence No - 14] Beginning ValidateEnableStatusCommand ( LogicalFieldName : Last Name, LogicalFieldValue : True )
----------------
2019-02-07 07:31:48,805 INFO  execution-log - [Sequence No - 14]	 Command completed.
----------------
2019-02-07 07:31:48,815 INFO  execution-log - [Sequence No - 15] Beginning TestDataCommand ( LogicalFieldName : Last Name, LogicalFieldValue : Smith )
----------------
2019-02-07 07:31:49,590 INFO  execution-log - [Sequence No - 15]	 Command completed.
----------------
2019-02-07 07:31:49,606 INFO  execution-log - [Sequence No - 16] Beginning ValidateExistStatusCommand ( LogicalFieldName : ContactNumber1, LogicalFieldValue : True )
----------------
2019-02-07 07:31:49,667 INFO  execution-log - [Sequence No - 16]	 Command completed.
----------------
2019-02-07 07:31:49,677 INFO  execution-log - [Sequence No - 17] Beginning TestDataCommand ( LogicalFieldName : ContactNumber1, LogicalFieldValue : 654 )
----------------
2019-02-07 07:31:50,156 INFO  execution-log - [Sequence No - 17]	 Command completed.
----------------
2019-02-07 07:31:50,171 INFO  execution-log - [Sequence No - 18] Beginning TestDataCommand ( LogicalFieldName : ContactNumber2, LogicalFieldValue : 321 )
----------------
2019-02-07 07:31:50,461 INFO  execution-log - [Sequence No - 18]	 Command completed.
----------------
2019-02-07 07:31:50,473 INFO  execution-log - [Sequence No - 19] Beginning TestDataCommand ( LogicalFieldName : ContactNumber3, LogicalFieldValue : 6541 )
----------------
2019-02-07 07:31:50,643 INFO  execution-log - [Sequence No - 19]	 Command completed.
----------------
2019-02-07 07:31:50,658 INFO  execution-log - [Sequence No - 20] Beginning ValidateExistStatusCommand ( LogicalFieldName : Primary Email, LogicalFieldValue : True )
----------------
2019-02-07 07:31:50,713 INFO  execution-log - [Sequence No - 20]	 Command completed.
----------------
2019-02-07 07:31:50,722 INFO  execution-log - [Sequence No - 21] Beginning TestDataCommand ( LogicalFieldName : Primary Email, LogicalFieldValue : jack.smith@gmail.com )
----------------
2019-02-07 07:31:52,021 INFO  execution-log - [Sequence No - 21]	 Command completed.
----------------
2019-02-07 07:31:52,033 INFO  execution-log - [Sequence No - 22] Beginning ValidateExistStatusCommand ( LogicalFieldName : Business Started Year, LogicalFieldValue : True )
----------------
2019-02-07 07:31:52,073 INFO  execution-log - [Sequence No - 22]	 Command completed.
----------------
2019-02-07 07:31:52,084 INFO  execution-log - [Sequence No - 23] Beginning TestDataCommand ( LogicalFieldName : Business Started Year, LogicalFieldValue : 2012 )
----------------
2019-02-07 07:31:52,436 INFO  execution-log - [Sequence No - 23]	 Command completed.
----------------
2019-02-07 07:31:52,491 INFO  execution-log - [Sequence No - 24] Beginning ValidateExistStatusCommand ( LogicalFieldName : Select Product, LogicalFieldValue : True )
----------------
2019-02-07 07:31:52,517 INFO  execution-log - [Sequence No - 24]	 Command completed.
----------------
2019-02-07 07:31:52,527 INFO  execution-log - [Sequence No - 25] Beginning ActionCommand ( LogicalFieldName : Select Product, LogicalFieldValue : Click )
----------------
2019-02-07 07:31:52,745 INFO  execution-log - [Sequence No - 25]	 Command completed.
----------------
2019-02-07 07:31:52,762 INFO  execution-log - [Sequence No - 26] Beginning ActionCommand ( LogicalFieldName : Select Product1, LogicalFieldValue : Click )
----------------
2019-02-07 07:31:53,041 INFO  execution-log - [Sequence No - 26]	 Command completed.
----------------
2019-02-07 07:31:53,052 INFO  execution-log - [Sequence No - 27] Beginning ValidateExistStatusCommand ( LogicalFieldName : Contact Name, LogicalFieldValue : True )
----------------
2019-02-07 07:31:53,086 INFO  execution-log - [Sequence No - 27]	 Command completed.
----------------
2019-02-07 07:31:53,096 INFO  execution-log - [Sequence No - 28] Beginning ActionCommand ( LogicalFieldName : Contact Name, LogicalFieldValue : Click )
----------------
2019-02-07 07:31:53,306 INFO  execution-log - [Sequence No - 28]	 Command completed.
----------------
2019-02-07 07:31:53,317 INFO  execution-log - [Sequence No - 29] Beginning ActionCommand ( LogicalFieldName : Contact Name Initial Select, LogicalFieldValue : Click )
----------------
2019-02-07 07:31:53,563 INFO  execution-log - [Sequence No - 29]	 Command completed.
----------------
2019-02-07 07:31:53,578 INFO  execution-log - [Sequence No - 30] Beginning ValidateExistStatusCommand ( LogicalFieldName : Industry, LogicalFieldValue : True )
----------------
2019-02-07 07:31:53,609 INFO  execution-log - [Sequence No - 30]	 Command completed.
----------------
2019-02-07 07:31:53,629 INFO  execution-log - [Sequence No - 31] Beginning ActionCommand ( LogicalFieldName : Industry, LogicalFieldValue : Click )
----------------
2019-02-07 07:31:54,221 INFO  execution-log - [Sequence No - 31]	 Command completed.
----------------
2019-02-07 07:31:54,232 INFO  execution-log - [Sequence No - 32] Beginning ActionCommand ( LogicalFieldName : Industry1, LogicalFieldValue : Click )
----------------
2019-02-07 07:31:54,642 INFO  execution-log - [Sequence No - 32]	 Command completed.
----------------
2019-02-07 07:31:54,656 INFO  execution-log - [Sequence No - 33] Beginning ValidateExistStatusCommand ( LogicalFieldName : Zip Code, LogicalFieldValue : True )
----------------
2019-02-07 07:31:54,703 INFO  execution-log - [Sequence No - 33]	 Command completed.
----------------
2019-02-07 07:31:54,712 INFO  execution-log - [Sequence No - 34] Beginning TestDataCommand ( LogicalFieldName : Zip Code, LogicalFieldValue : 53704 )
----------------
2019-02-07 07:31:55,010 INFO  execution-log - [Sequence No - 34]	 Command completed.
----------------
2019-02-07 07:31:55,022 INFO  execution-log - [Sequence No - 35] Beginning ActionCommand ( LogicalFieldName : zipcode click, LogicalFieldValue : Click )
----------------
2019-02-07 07:31:55,543 INFO  execution-log - [Sequence No - 35]	 Command completed.
----------------
2019-02-07 07:31:55,558 INFO  execution-log - [Sequence No - 36] Beginning ValidateExistStatusCommand ( LogicalFieldName : Street Address, LogicalFieldValue : True )
----------------
2019-02-07 07:31:55,633 INFO  execution-log - [Sequence No - 36]	 Command completed.
----------------
2019-02-07 07:31:55,643 INFO  execution-log - [Sequence No - 37] Beginning TestDataCommand ( LogicalFieldName : Street Address, LogicalFieldValue : 123 BLUEJAY LN )
----------------
2019-02-07 07:31:56,338 INFO  execution-log - [Sequence No - 37]	 Command completed.
----------------
2019-02-07 07:31:56,349 INFO  execution-log - [Sequence No - 38] Beginning ValidateExistStatusCommand ( LogicalFieldName : Same as Physical Address, LogicalFieldValue : True )
----------------
2019-02-07 07:31:56,428 INFO  execution-log - [Sequence No - 38]	 Command completed.
----------------
2019-02-07 07:31:56,439 INFO  execution-log - [Sequence No - 39] Beginning ActionCommand ( LogicalFieldName : Same as Physical Address, LogicalFieldValue : Click )
----------------
2019-02-07 07:31:56,697 INFO  execution-log - [Sequence No - 39]	 Command completed.
----------------
2019-02-07 07:31:56,716 INFO  execution-log - [Sequence No - 40] Beginning ValidateEnableStatusCommand ( LogicalFieldName : Proceed, LogicalFieldValue : True )
----------------
2019-02-07 07:31:56,792 INFO  execution-log - [Sequence No - 40]	 Command completed.
----------------
2019-02-07 07:31:56,807 INFO  execution-log - [Sequence No - 41] Beginning ActionCommand ( LogicalFieldName : Proceed, LogicalFieldValue : Click )
----------------
2019-02-07 07:31:57,080 INFO  execution-log - [Sequence No - 41]	 Command completed.
----------------
2019-02-07 07:31:57,092 INFO  execution-log - 	 Command completed.
----------------
2019-02-07 07:31:57,102 INFO  execution-log -  Beginning PageCommand ( CurrentPage : Insured Info, FlowIdentifier : 4, DiIndicator : DI )
----------------
2019-02-07 07:31:57,113 INFO  execution-log - 	 Command completed.
----------------
2019-02-07 07:31:57,119 INFO  execution-log -  Beginning LoadTestDataItemCommand ( CurrentPage : Insured Info, FlowIdentifier : 4, DiIndicator : DI )
----------------
2019-02-07 07:31:57,136 INFO  execution-log - [Sequence No - 42] Beginning ValidateEnableStatusCommand ( LogicalFieldName : InsuredName, LogicalFieldValue : True )
----------------
2019-02-07 07:31:59,758 INFO  execution-log - [Sequence No - 42]	 Command completed.
----------------
2019-02-07 07:31:59,769 INFO  execution-log - [Sequence No - 43] Beginning TestDataCommand ( LogicalFieldName : InsuredName, LogicalFieldValue : Smith )
----------------
2019-02-07 07:32:00,259 INFO  execution-log - [Sequence No - 43]	 Command completed.
----------------
2019-02-07 07:32:00,270 INFO  execution-log - [Sequence No - 44] Beginning ValidateEnableStatusCommand ( LogicalFieldName : Primary State Click, LogicalFieldValue : True )
----------------
2019-02-07 07:32:00,339 INFO  execution-log - [Sequence No - 44]	 Command completed.
----------------
2019-02-07 07:32:00,349 INFO  execution-log - [Sequence No - 45] Beginning ActionCommand ( LogicalFieldName : Primary State Click, LogicalFieldValue : Click )
----------------
2019-02-07 07:32:00,579 INFO  execution-log - [Sequence No - 45]	 Command completed.
----------------
2019-02-07 07:32:00,593 INFO  execution-log - [Sequence No - 46] Beginning ActionCommand ( LogicalFieldName : PrimayState Select, LogicalFieldValue : Click )
----------------
2019-02-07 07:32:00,904 INFO  execution-log - [Sequence No - 46]	 Command completed.
----------------
2019-02-07 07:32:00,917 INFO  execution-log - [Sequence No - 47] Beginning ValidateExistStatusCommand ( LogicalFieldName : Street Address, LogicalFieldValue : True )
----------------
2019-02-07 07:32:01,056 INFO  execution-log - [Sequence No - 47]	 Command completed.
----------------
2019-02-07 07:32:01,079 INFO  execution-log - [Sequence No - 48] Beginning TestDataCommand ( LogicalFieldName : Street Address, LogicalFieldValue : 123 new street )
----------------
2019-02-07 07:32:02,671 INFO  execution-log - [Sequence No - 48]	 Command completed.
----------------
2019-02-07 07:32:02,686 INFO  execution-log - [Sequence No - 49] Beginning ValidateExistStatusCommand ( LogicalFieldName : Zip Code, LogicalFieldValue : True )
----------------
2019-02-07 07:32:02,713 INFO  execution-log - [Sequence No - 49]	 Command completed.
----------------
2019-02-07 07:32:02,723 INFO  execution-log - [Sequence No - 50] Beginning TestDataCommand ( LogicalFieldName : Zip Code, LogicalFieldValue : 53704 )
----------------
2019-02-07 07:32:02,945 INFO  execution-log - [Sequence No - 50]	 Command completed.
----------------
2019-02-07 07:32:02,960 INFO  execution-log - [Sequence No - 51] Beginning ValidateExistStatusCommand ( LogicalFieldName : Same as Physical Address, LogicalFieldValue : True )
----------------
2019-02-07 07:32:03,011 INFO  execution-log - [Sequence No - 51]	 Command completed.
----------------
2019-02-07 07:32:03,034 INFO  execution-log - [Sequence No - 52] Beginning ActionCommand ( LogicalFieldName : Same as Physical Address, LogicalFieldValue : Click )
----------------
2019-02-07 07:32:03,473 INFO  execution-log - [Sequence No - 52]	 Command completed.
----------------
2019-02-07 07:32:03,490 INFO  execution-log - [Sequence No - 53] Beginning ValidateExistStatusCommand ( LogicalFieldName : SIC Code, LogicalFieldValue : True )
----------------
2019-02-07 07:32:03,560 INFO  execution-log - [Sequence No - 53]	 Command completed.
----------------
2019-02-07 07:32:03,569 INFO  execution-log - [Sequence No - 54] Beginning TestDataCommand ( LogicalFieldName : SIC Code, LogicalFieldValue : 41510000-School buses )
----------------
2019-02-07 07:32:04,079 INFO  execution-log - [Sequence No - 54]	 Command completed.
----------------
2019-02-07 07:32:04,092 INFO  execution-log - [Sequence No - 55] Beginning ValidateExistStatusCommand ( LogicalFieldName : BusinessInceptionYear, LogicalFieldValue : True )
----------------
2019-02-07 07:32:04,126 INFO  execution-log - [Sequence No - 55]	 Command completed.
----------------
2019-02-07 07:32:04,137 INFO  execution-log - [Sequence No - 56] Beginning TestDataCommand ( LogicalFieldName : BusinessInceptionYear, LogicalFieldValue : 2012 )
----------------
2019-02-07 07:32:04,673 INFO  execution-log - [Sequence No - 56]	 Command completed.
----------------
2019-02-07 07:32:04,687 INFO  execution-log - [Sequence No - 57] Beginning ValidateExistStatusCommand ( LogicalFieldName : BusinessPhone, LogicalFieldValue : True )
----------------
2019-02-07 07:32:04,731 INFO  execution-log - [Sequence No - 57]	 Command completed.
----------------
2019-02-07 07:32:04,747 INFO  execution-log - [Sequence No - 58] Beginning TestDataCommand ( LogicalFieldName : BusinessPhone, LogicalFieldValue : 6549879879 )
----------------
2019-02-07 07:32:06,089 INFO  execution-log - [Sequence No - 58]	 Command completed.
----------------
2019-02-07 07:32:06,099 INFO  execution-log - [Sequence No - 59] Beginning ValidateEnableStatusCommand ( LogicalFieldName : Next, LogicalFieldValue : True )
----------------
2019-02-07 07:32:06,137 INFO  execution-log - [Sequence No - 59]	 Command completed.
----------------
2019-02-07 07:32:06,147 INFO  execution-log - [Sequence No - 60] Beginning ActionCommand ( LogicalFieldName : Next, LogicalFieldValue : Click )
----------------
2019-02-07 07:32:06,428 INFO  execution-log - [Sequence No - 60]	 Command completed.
----------------
2019-02-07 07:32:06,434 INFO  execution-log - 	 Command completed.
----------------
2019-02-07 07:32:06,453 INFO  execution-log -  Beginning PageCommand ( CurrentPage : Policy Info, FlowIdentifier : 5, DiIndicator : DI )
----------------
2019-02-07 07:32:06,461 INFO  execution-log - 	 Command completed.
----------------
2019-02-07 07:32:06,478 INFO  execution-log -  Beginning LoadTestDataItemCommand ( CurrentPage : Policy Info, FlowIdentifier : 5, DiIndicator : DI )
----------------
2019-02-07 07:32:06,511 INFO  execution-log - [Sequence No - 61] Beginning ValidateEnableStatusCommand ( LogicalFieldName : Which State do u operate In?, LogicalFieldValue : True )
----------------
2019-02-07 07:32:07,020 INFO  execution-log - [Sequence No - 61]	 Command completed.
----------------
2019-02-07 07:32:07,032 INFO  execution-log - [Sequence No - 62] Beginning ActionCommand ( LogicalFieldName : Which State do u operate In?, LogicalFieldValue : Click )
----------------
2019-02-07 07:32:07,524 INFO  execution-log - [Sequence No - 62]	 Command completed.
----------------
2019-02-07 07:32:07,537 INFO  execution-log - [Sequence No - 63] Beginning ActionCommand ( LogicalFieldName : Which State do u operate In?1, LogicalFieldValue : Click )
----------------
2019-02-07 07:32:08,252 INFO  execution-log - [Sequence No - 63]	 Command completed.
----------------
2019-02-07 07:32:08,262 INFO  execution-log - [Sequence No - 64] Beginning ActionCommand ( LogicalFieldName : Label Click, LogicalFieldValue : Click )
----------------
2019-02-07 07:32:08,559 INFO  execution-log - [Sequence No - 64]	 Command completed.
----------------
2019-02-07 07:32:08,570 INFO  execution-log - [Sequence No - 65] Beginning ActionCommand ( LogicalFieldName : Collapse, LogicalFieldValue : Click )
----------------
2019-02-07 07:32:08,951 INFO  execution-log - [Sequence No - 65]	 Command completed.
----------------
2019-02-07 07:32:08,964 INFO  execution-log - [Sequence No - 66] Beginning ValidateEnableStatusCommand ( LogicalFieldName : Select Product, LogicalFieldValue : True )
----------------
2019-02-07 07:32:09,024 INFO  execution-log - [Sequence No - 66]	 Command completed.
----------------
2019-02-07 07:32:09,040 INFO  execution-log - [Sequence No - 67] Beginning ActionCommand ( LogicalFieldName : Select Product, LogicalFieldValue : Click-Wait(2000) )
----------------
2019-02-07 07:33:45,845 INFO  execution-log - [Sequence No - 67]	 Command completed.
----------------
2019-02-07 07:33:45,863 INFO  execution-log - [Sequence No - 68] Beginning ActionCommand ( LogicalFieldName : Select Product 1, LogicalFieldValue : Click )
----------------
2019-02-07 07:33:59,063 INFO  execution-log - [Sequence No - 68]	 Command completed.
----------------
2019-02-07 07:34:00,603 INFO  execution-log - 	 Command completed.
----------------
2019-02-07 07:34:10,463 INFO  execution-log - Saving captured values to file.
----------------
2019-02-07 07:34:10,484 INFO  execution-log - TC # : 1, has completed successfully.
----------------
