2019-01-31 12:49:10,677 INFO  execution-log - 	Initializing control map with map # MASTER
----------------
2019-01-31 12:49:10,677 INFO  execution-log - Initializing Test Automation
----------------
2019-01-31 12:49:10,677 INFO  execution-log - 	target browser: Chrome
----------------
2019-01-31 12:49:10,693 INFO  execution-log - TC # : 1, Downloading test case from DB
----------------
2019-01-31 12:49:10,693 INFO  execution-log - TC # : 1, Getting control map :MASTER from DB
----------------
2019-01-31 12:49:10,693 INFO  execution-log - TC # : 1, Getting test data from DB
----------------
2019-01-31 12:49:10,709 INFO  execution-log - TC # : 1, Control map retrieval completed
----------------
2019-01-31 12:49:10,709 INFO  execution-log - TC # : 1, Test data retrieval completed
----------------
2019-01-31 12:49:10,724 INFO  execution-log - TC # : 1, Parsing commands
----------------
2019-01-31 12:49:10,724 INFO  execution-log - Loading captured values from persistence.
----------------
2019-01-31 12:49:10,724 INFO  execution-log - TC # : 1, Started executing test case in the VMTESTAPP1 environment (http://vam-qa.cloudapp.net:6363/pages/login.html)
----------------
2019-01-31 12:49:10,755 INFO  execution-log -  Beginning StartIterationCommand ( Iterations : 1 )
----------------
2019-01-31 12:49:10,771 INFO  execution-log - TC # : 1, Starting iteration #1
----------------
2019-01-31 12:49:10,771 INFO  execution-log - 	 Command completed.
----------------
2019-01-31 12:49:10,771 INFO  execution-log -  Beginning InvokeApplicationCommand ( Target :  )
----------------
2019-01-31 12:49:11,616 INFO  execution-log - 	 Command completed.
----------------
2019-01-31 12:49:11,622 INFO  execution-log -  Beginning PageCommand ( CurrentPage : Login, FlowIdentifier : 1, DiIndicator : DI )
----------------
2019-01-31 12:49:11,627 INFO  execution-log - 	 Command completed.
----------------
2019-01-31 12:49:11,632 INFO  execution-log -  Beginning LoadTestDataItemCommand ( CurrentPage : Login, FlowIdentifier : 1, DiIndicator : DI )
----------------
2019-01-31 12:49:11,652 INFO  execution-log - [Sequence No - 1] Beginning ValidateExistStatusCommand ( LogicalFieldName : User Name, LogicalFieldValue : True )
----------------
2019-01-31 12:49:11,659 INFO  execution-log - [Sequence No - 1]	 Command completed.
----------------
2019-01-31 12:49:11,674 INFO  execution-log - [Sequence No - 2] Beginning ActionCommand ( LogicalFieldName : User Name, LogicalFieldValue : Click )
----------------
2019-01-31 12:49:11,806 INFO  execution-log - [Sequence No - 2]	 Command completed.
----------------
2019-01-31 12:49:11,817 INFO  execution-log - [Sequence No - 3] Beginning TestDataCommand ( LogicalFieldName : User Name, LogicalFieldValue : Jack )
----------------
2019-01-31 12:49:11,908 INFO  execution-log - [Sequence No - 3]	 Command completed.
----------------
2019-01-31 12:49:11,918 INFO  execution-log - [Sequence No - 4] Beginning ValidateExistStatusCommand ( LogicalFieldName : Password, LogicalFieldValue : True )
----------------
2019-01-31 12:49:11,939 INFO  execution-log - [Sequence No - 4]	 Command completed.
----------------
2019-01-31 12:49:11,947 INFO  execution-log - [Sequence No - 5] Beginning TestDataCommand ( LogicalFieldName : Password, LogicalFieldValue : Smit@123 )
----------------
2019-01-31 12:49:12,074 INFO  execution-log - [Sequence No - 5]	 Command completed.
----------------
2019-01-31 12:49:12,085 INFO  execution-log - [Sequence No - 6] Beginning ValidateEnableStatusCommand ( LogicalFieldName : Login_Button, LogicalFieldValue : True )
----------------
2019-01-31 12:49:12,118 INFO  execution-log - [Sequence No - 6]	 Command completed.
----------------
2019-01-31 12:49:12,125 INFO  execution-log - [Sequence No - 7] Beginning ActionCommand ( LogicalFieldName : Login_Button, LogicalFieldValue : Click )
----------------
2019-01-31 12:49:12,251 INFO  execution-log - [Sequence No - 7]	 Command completed.
----------------
2019-01-31 12:49:12,257 INFO  execution-log - 	 Command completed.
----------------
2019-01-31 12:49:12,263 INFO  execution-log -  Beginning PageCommand ( CurrentPage : Home, FlowIdentifier : 2, DiIndicator : DI )
----------------
2019-01-31 12:49:12,269 INFO  execution-log - 	 Command completed.
----------------
2019-01-31 12:49:12,274 INFO  execution-log -  Beginning LoadTestDataItemCommand ( CurrentPage : Home, FlowIdentifier : 2, DiIndicator : DI )
----------------
2019-01-31 12:49:12,289 INFO  execution-log - [Sequence No - 8] Beginning ActionCommand ( LogicalFieldName : New Quote, LogicalFieldValue : Click )
----------------
2019-01-31 12:49:14,123 INFO  execution-log - [Sequence No - 8]	 Command completed.
----------------
2019-01-31 12:49:14,130 INFO  execution-log - 	 Command completed.
----------------
2019-01-31 12:49:14,137 INFO  execution-log -  Beginning PageCommand ( CurrentPage : New Quote, FlowIdentifier : 3, DiIndicator : DI )
----------------
2019-01-31 12:49:14,152 INFO  execution-log - 	 Command completed.
----------------
2019-01-31 12:49:14,161 INFO  execution-log -  Beginning LoadTestDataItemCommand ( CurrentPage : New Quote, FlowIdentifier : 3, DiIndicator : DI )
----------------
2019-01-31 12:49:14,175 INFO  execution-log - [Sequence No - 9] Beginning TestDataCommand ( LogicalFieldName : Account Name, LogicalFieldValue : RANDOMIZE(7,2) )
----------------
2019-01-31 12:49:14,421 INFO  execution-log - [Sequence No - 9]	 Command completed.
----------------
2019-01-31 12:49:14,433 INFO  execution-log - [Sequence No - 11] Beginning TestDataCommand ( LogicalFieldName : First Name, LogicalFieldValue : Jack )
----------------
2019-01-31 12:49:14,647 INFO  execution-log - [Sequence No - 11]	 Command completed.
----------------
2019-01-31 12:49:14,656 INFO  execution-log - [Sequence No - 12] Beginning TestDataCommand ( LogicalFieldName : Last Name, LogicalFieldValue : Smith )
----------------
2019-01-31 12:49:14,835 INFO  execution-log - [Sequence No - 12]	 Command completed.
----------------
2019-01-31 12:49:14,845 INFO  execution-log - [Sequence No - 13] Beginning TestDataCommand ( LogicalFieldName : ContactNumber1, LogicalFieldValue : 654 )
----------------
2019-01-31 12:49:14,983 INFO  execution-log - [Sequence No - 13]	 Command completed.
----------------
2019-01-31 12:49:14,993 INFO  execution-log - [Sequence No - 14] Beginning TestDataCommand ( LogicalFieldName : ContactNumber2, LogicalFieldValue : 321 )
----------------
2019-01-31 12:49:15,122 INFO  execution-log - [Sequence No - 14]	 Command completed.
----------------
2019-01-31 12:49:15,141 INFO  execution-log - [Sequence No - 15] Beginning TestDataCommand ( LogicalFieldName : ContactNumber3, LogicalFieldValue : 6541 )
----------------
2019-01-31 12:49:15,264 INFO  execution-log - [Sequence No - 15]	 Command completed.
----------------
2019-01-31 12:49:15,274 INFO  execution-log - [Sequence No - 16] Beginning TestDataCommand ( LogicalFieldName : Primary Email, LogicalFieldValue : jack.smith@gmail.com )
----------------
2019-01-31 12:49:15,577 INFO  execution-log - [Sequence No - 16]	 Command completed.
----------------
2019-01-31 12:49:15,615 INFO  execution-log - [Sequence No - 17] Beginning TestDataCommand ( LogicalFieldName : Business Started Year, LogicalFieldValue : 2012 )
----------------
2019-01-31 12:49:15,846 INFO  execution-log - [Sequence No - 17]	 Command completed.
----------------
2019-01-31 12:49:15,856 INFO  execution-log - [Sequence No - 18] Beginning ActionCommand ( LogicalFieldName : Select Product, LogicalFieldValue : Click )
----------------
2019-01-31 12:49:16,000 INFO  execution-log - [Sequence No - 18]	 Command completed.
----------------
2019-01-31 12:49:16,016 INFO  execution-log - [Sequence No - 19] Beginning ActionCommand ( LogicalFieldName : Select Product1, LogicalFieldValue : Click )
----------------
2019-01-31 12:49:16,166 INFO  execution-log - [Sequence No - 19]	 Command completed.
----------------
2019-01-31 12:49:16,175 INFO  execution-log - [Sequence No - 20] Beginning ActionCommand ( LogicalFieldName : Contact Name, LogicalFieldValue : Click )
----------------
2019-01-31 12:49:16,348 INFO  execution-log - [Sequence No - 20]	 Command completed.
----------------
2019-01-31 12:49:16,358 INFO  execution-log - [Sequence No - 21] Beginning ActionCommand ( LogicalFieldName : Contact Name Initial Select, LogicalFieldValue : Click )
----------------
2019-01-31 12:49:16,997 INFO  execution-log - [Sequence No - 21]	 Command completed.
----------------
2019-01-31 12:49:17,007 INFO  execution-log - [Sequence No - 22] Beginning ActionCommand ( LogicalFieldName : Industry, LogicalFieldValue : Click )
----------------
2019-01-31 12:49:17,178 INFO  execution-log - [Sequence No - 22]	 Command completed.
----------------
2019-01-31 12:49:17,188 INFO  execution-log - [Sequence No - 23] Beginning ActionCommand ( LogicalFieldName : Industry1, LogicalFieldValue : Click )
----------------
2019-01-31 12:49:17,320 INFO  execution-log - [Sequence No - 23]	 Command completed.
----------------
2019-01-31 12:49:17,332 INFO  execution-log - [Sequence No - 24] Beginning TestDataCommand ( LogicalFieldName : Zip Code, LogicalFieldValue : 53704 )
----------------
2019-01-31 12:49:17,483 INFO  execution-log - [Sequence No - 24]	 Command completed.
----------------
2019-01-31 12:49:17,493 INFO  execution-log - [Sequence No - 25] Beginning ActionCommand ( LogicalFieldName : zipcode click, LogicalFieldValue : Click )
----------------
2019-01-31 12:49:17,853 INFO  execution-log - [Sequence No - 25]	 Command completed.
----------------
2019-01-31 12:49:17,863 INFO  execution-log - [Sequence No - 26] Beginning TestDataCommand ( LogicalFieldName : Street Address, LogicalFieldValue : 123 BLUEJAY LN )
----------------
2019-01-31 12:49:18,091 INFO  execution-log - [Sequence No - 26]	 Command completed.
----------------
2019-01-31 12:49:18,101 INFO  execution-log - [Sequence No - 27] Beginning ActionCommand ( LogicalFieldName : Same as Physical Address, LogicalFieldValue : Click )
----------------
2019-01-31 12:49:18,228 INFO  execution-log - [Sequence No - 27]	 Command completed.
----------------
2019-01-31 12:49:18,238 INFO  execution-log - [Sequence No - 28] Beginning ActionCommand ( LogicalFieldName : Proceed, LogicalFieldValue : Click )
----------------
2019-01-31 12:49:18,381 INFO  execution-log - [Sequence No - 28]	 Command completed.
----------------
2019-01-31 12:49:18,392 INFO  execution-log - [Sequence No - 29] Beginning TestDataCommand ( LogicalFieldName : InsuredName, LogicalFieldValue : Smith )
----------------
2019-01-31 12:49:20,539 INFO  execution-log - [Sequence No - 29]	 Command completed.
----------------
2019-01-31 12:49:20,546 INFO  execution-log - 	 Command completed.
----------------
2019-01-31 12:49:20,562 INFO  execution-log - Saving captured values to file.
----------------
2019-01-31 12:49:20,567 INFO  execution-log - TC # : 1, has completed successfully.
----------------
