2019-02-07 08:17:27,282 INFO  execution-log - 	Initializing control map with map # MASTER
----------------
2019-02-07 08:17:27,292 INFO  execution-log - Initializing Test Automation
----------------
2019-02-07 08:17:27,300 INFO  execution-log - 	target browser: Chrome
----------------
2019-02-07 08:17:30,996 INFO  execution-log - TC # : 1, Downloading test case from DB
----------------
2019-02-07 08:17:31,020 INFO  execution-log - TC # : 1, Getting test data from DB
----------------
2019-02-07 08:17:31,020 INFO  execution-log - TC # : 1, Getting control map :MASTER from DB
----------------
2019-02-07 08:17:31,055 INFO  execution-log - TC # : 1, Test data retrieval completed
----------------
2019-02-07 08:17:31,062 INFO  execution-log - TC # : 1, Control map retrieval completed
----------------
2019-02-07 08:17:31,082 INFO  execution-log - TC # : 1, Parsing commands
----------------
2019-02-07 08:17:31,091 INFO  execution-log - Loading captured values from persistence.
----------------
2019-02-07 08:17:31,101 INFO  execution-log - TC # : 1, Started executing test case in the VMTESTAPP1 environment (http://vam-qa.cloudapp.net:6363/pages/login.html)
----------------
2019-02-07 08:17:33,752 INFO  execution-log -  Beginning StartIterationCommand ( Iterations : 1 )
----------------
2019-02-07 08:17:33,777 INFO  execution-log - TC # : 1, Starting iteration #1
----------------
2019-02-07 08:17:33,795 INFO  execution-log - 	 Command completed.
----------------
2019-02-07 08:17:33,805 INFO  execution-log -  Beginning InvokeApplicationCommand ( Target :  )
----------------
2019-02-07 08:17:35,342 INFO  execution-log - 	 Command completed.
----------------
2019-02-07 08:17:35,353 INFO  execution-log -  Beginning PageCommand ( CurrentPage : Login, FlowIdentifier : 1, DiIndicator : DI )
----------------
2019-02-07 08:17:35,362 INFO  execution-log - 	 Command completed.
----------------
2019-02-07 08:17:35,372 INFO  execution-log -  Beginning LoadTestDataItemCommand ( CurrentPage : Login, FlowIdentifier : 1, DiIndicator : DI )
----------------
2019-02-07 08:17:35,411 INFO  execution-log - [Sequence No - 1] Beginning ValidateExistStatusCommand ( LogicalFieldName : User Name, LogicalFieldValue : True )
----------------
2019-02-07 08:17:35,445 INFO  execution-log - [Sequence No - 1]	 Command completed.
----------------
2019-02-07 08:17:35,457 INFO  execution-log - [Sequence No - 2] Beginning ActionCommand ( LogicalFieldName : User Name, LogicalFieldValue : Click )
----------------
2019-02-07 08:17:35,726 INFO  execution-log - [Sequence No - 2]	 Command completed.
----------------
2019-02-07 08:17:35,754 INFO  execution-log - [Sequence No - 3] Beginning TestDataCommand ( LogicalFieldName : User Name, LogicalFieldValue : Jack )
----------------
2019-02-07 08:17:38,265 INFO  execution-log - [Sequence No - 3]	 Command completed.
----------------
2019-02-07 08:17:41,583 INFO  execution-log - [Sequence No - 4] Beginning ValidateExistStatusCommand ( LogicalFieldName : Password, LogicalFieldValue : True )
----------------
2019-02-07 08:17:41,681 INFO  execution-log - [Sequence No - 4]	 Command completed.
----------------
2019-02-07 08:17:41,695 INFO  execution-log - [Sequence No - 5] Beginning TestDataCommand ( LogicalFieldName : Password, LogicalFieldValue : Smit@123 )
----------------
2019-02-07 08:17:41,944 INFO  execution-log - [Sequence No - 5]	 Command completed.
----------------
2019-02-07 08:17:41,968 INFO  execution-log - [Sequence No - 6] Beginning ValidateEnableStatusCommand ( LogicalFieldName : Login_Button, LogicalFieldValue : True )
----------------
2019-02-07 08:17:42,033 INFO  execution-log - [Sequence No - 6]	 Command completed.
----------------
2019-02-07 08:17:42,048 INFO  execution-log - [Sequence No - 7] Beginning ActionCommand ( LogicalFieldName : Login_Button, LogicalFieldValue : Click )
----------------
2019-02-07 08:17:42,331 INFO  execution-log - [Sequence No - 7]	 Command completed.
----------------
2019-02-07 08:17:42,340 INFO  execution-log - 	 Command completed.
----------------
2019-02-07 08:17:42,352 INFO  execution-log -  Beginning PageCommand ( CurrentPage : Home, FlowIdentifier : 2, DiIndicator : DI )
----------------
2019-02-07 08:17:42,361 INFO  execution-log - 	 Command completed.
----------------
2019-02-07 08:17:42,369 INFO  execution-log -  Beginning LoadTestDataItemCommand ( CurrentPage : Home, FlowIdentifier : 2, DiIndicator : DI )
----------------
2019-02-07 08:17:42,394 INFO  execution-log - [Sequence No - 8] Beginning ValidateEnableStatusCommand ( LogicalFieldName : New Quote, LogicalFieldValue : True )
----------------
2019-02-07 08:17:51,628 INFO  execution-log - [Sequence No - 8]	 Command completed.
----------------
2019-02-07 08:17:51,672 INFO  execution-log - [Sequence No - 9] Beginning ActionCommand ( LogicalFieldName : New Quote, LogicalFieldValue : Click )
----------------
2019-02-07 08:17:54,420 INFO  execution-log - [Sequence No - 9]	 Command completed.
----------------
2019-02-07 08:17:54,471 INFO  execution-log - 	 Command completed.
----------------
2019-02-07 08:17:54,564 INFO  execution-log -  Beginning PageCommand ( CurrentPage : New Quote, FlowIdentifier : 3, DiIndicator : DI )
----------------
2019-02-07 08:17:54,606 INFO  execution-log - 	 Command completed.
----------------
2019-02-07 08:17:54,624 INFO  execution-log -  Beginning LoadTestDataItemCommand ( CurrentPage : New Quote, FlowIdentifier : 3, DiIndicator : DI )
----------------
2019-02-07 08:17:54,761 INFO  execution-log - [Sequence No - 10] Beginning ValidateExistStatusCommand ( LogicalFieldName : Account Name, LogicalFieldValue : True )
----------------
2019-02-07 08:17:55,287 INFO  execution-log - [Sequence No - 10]	 Command completed.
----------------
2019-02-07 08:17:55,303 INFO  execution-log - [Sequence No - 11] Beginning TestDataCommand ( LogicalFieldName : Account Name, LogicalFieldValue : RANDOMIZE(7,2) )
----------------
2019-02-07 08:17:56,320 INFO  execution-log - [Sequence No - 11]	 Command completed.
----------------
2019-02-07 08:17:56,333 INFO  execution-log - [Sequence No - 12] Beginning ValidateExistStatusCommand ( LogicalFieldName : First Name, LogicalFieldValue : True )
----------------
2019-02-07 08:17:56,372 INFO  execution-log - [Sequence No - 12]	 Command completed.
----------------
2019-02-07 08:17:56,390 INFO  execution-log - [Sequence No - 13] Beginning TestDataCommand ( LogicalFieldName : First Name, LogicalFieldValue : Jack )
----------------
2019-02-07 08:17:57,094 INFO  execution-log - [Sequence No - 13]	 Command completed.
----------------
2019-02-07 08:17:57,107 INFO  execution-log - [Sequence No - 14] Beginning ValidateEnableStatusCommand ( LogicalFieldName : Last Name, LogicalFieldValue : True )
----------------
2019-02-07 08:17:57,225 INFO  execution-log - [Sequence No - 14]	 Command completed.
----------------
2019-02-07 08:17:57,241 INFO  execution-log - [Sequence No - 15] Beginning TestDataCommand ( LogicalFieldName : Last Name, LogicalFieldValue : Smith )
----------------
2019-02-07 08:17:59,236 INFO  execution-log - [Sequence No - 15]	 Command completed.
----------------
2019-02-07 08:17:59,254 INFO  execution-log - [Sequence No - 16] Beginning ValidateExistStatusCommand ( LogicalFieldName : ContactNumber1, LogicalFieldValue : True )
----------------
2019-02-07 08:17:59,597 INFO  execution-log - [Sequence No - 16]	 Command completed.
----------------
2019-02-07 08:17:59,608 INFO  execution-log - [Sequence No - 17] Beginning TestDataCommand ( LogicalFieldName : ContactNumber1, LogicalFieldValue : 654 )
----------------
2019-02-07 08:18:00,283 INFO  execution-log - [Sequence No - 17]	 Command completed.
----------------
2019-02-07 08:18:00,302 INFO  execution-log - [Sequence No - 18] Beginning TestDataCommand ( LogicalFieldName : ContactNumber2, LogicalFieldValue : 321 )
----------------
2019-02-07 08:18:00,575 INFO  execution-log - [Sequence No - 18]	 Command completed.
----------------
2019-02-07 08:18:00,590 INFO  execution-log - [Sequence No - 19] Beginning TestDataCommand ( LogicalFieldName : ContactNumber3, LogicalFieldValue : 6541 )
----------------
2019-02-07 08:18:00,872 INFO  execution-log - [Sequence No - 19]	 Command completed.
----------------
2019-02-07 08:18:00,889 INFO  execution-log - [Sequence No - 20] Beginning ValidateExistStatusCommand ( LogicalFieldName : Primary Email, LogicalFieldValue : True )
----------------
2019-02-07 08:18:00,959 INFO  execution-log - [Sequence No - 20]	 Command completed.
----------------
2019-02-07 08:18:01,003 INFO  execution-log - [Sequence No - 21] Beginning TestDataCommand ( LogicalFieldName : Primary Email, LogicalFieldValue : jack.smith@gmail.com )
----------------
2019-02-07 08:18:01,924 INFO  execution-log - [Sequence No - 21]	 Command completed.
----------------
2019-02-07 08:18:01,941 INFO  execution-log - [Sequence No - 22] Beginning ValidateExistStatusCommand ( LogicalFieldName : Business Started Year, LogicalFieldValue : True )
----------------
2019-02-07 08:18:01,979 INFO  execution-log - [Sequence No - 22]	 Command completed.
----------------
2019-02-07 08:18:01,994 INFO  execution-log - [Sequence No - 23] Beginning TestDataCommand ( LogicalFieldName : Business Started Year, LogicalFieldValue : 2012 )
----------------
2019-02-07 08:18:03,494 INFO  execution-log - [Sequence No - 23]	 Command completed.
----------------
2019-02-07 08:18:03,505 INFO  execution-log - [Sequence No - 24] Beginning ValidateExistStatusCommand ( LogicalFieldName : Select Product, LogicalFieldValue : True )
----------------
2019-02-07 08:18:03,596 INFO  execution-log - [Sequence No - 24]	 Command completed.
----------------
2019-02-07 08:18:03,613 INFO  execution-log - [Sequence No - 25] Beginning ActionCommand ( LogicalFieldName : Select Product, LogicalFieldValue : Click )
----------------
2019-02-07 08:18:04,059 INFO  execution-log - [Sequence No - 25]	 Command completed.
----------------
2019-02-07 08:18:04,072 INFO  execution-log - [Sequence No - 26] Beginning ActionCommand ( LogicalFieldName : Select Product1, LogicalFieldValue : Click )
----------------
2019-02-07 08:18:04,371 INFO  execution-log - [Sequence No - 26]	 Command completed.
----------------
2019-02-07 08:18:04,383 INFO  execution-log - [Sequence No - 27] Beginning ValidateExistStatusCommand ( LogicalFieldName : Contact Name, LogicalFieldValue : True )
----------------
2019-02-07 08:18:04,473 INFO  execution-log - [Sequence No - 27]	 Command completed.
----------------
2019-02-07 08:18:04,534 INFO  execution-log - [Sequence No - 28] Beginning ActionCommand ( LogicalFieldName : Contact Name, LogicalFieldValue : Click )
----------------
2019-02-07 08:18:05,351 INFO  execution-log - [Sequence No - 28]	 Command completed.
----------------
2019-02-07 08:18:05,363 INFO  execution-log - [Sequence No - 29] Beginning ActionCommand ( LogicalFieldName : Contact Name Initial Select, LogicalFieldValue : Click )
----------------
2019-02-07 08:18:06,074 INFO  execution-log - [Sequence No - 29]	 Command completed.
----------------
2019-02-07 08:18:06,089 INFO  execution-log - [Sequence No - 30] Beginning ValidateExistStatusCommand ( LogicalFieldName : Industry, LogicalFieldValue : True )
----------------
2019-02-07 08:18:06,145 INFO  execution-log - [Sequence No - 30]	 Command completed.
----------------
2019-02-07 08:18:06,160 INFO  execution-log - [Sequence No - 31] Beginning ActionCommand ( LogicalFieldName : Industry, LogicalFieldValue : Click )
----------------
2019-02-07 08:18:06,536 INFO  execution-log - [Sequence No - 31]	 Command completed.
----------------
2019-02-07 08:18:06,562 INFO  execution-log - [Sequence No - 32] Beginning ActionCommand ( LogicalFieldName : Industry1, LogicalFieldValue : Click )
----------------
2019-02-07 08:18:07,079 INFO  execution-log - [Sequence No - 32]	 Command completed.
----------------
2019-02-07 08:18:07,102 INFO  execution-log - [Sequence No - 33] Beginning ValidateExistStatusCommand ( LogicalFieldName : Zip Code, LogicalFieldValue : True )
----------------
2019-02-07 08:18:07,195 INFO  execution-log - [Sequence No - 33]	 Command completed.
----------------
2019-02-07 08:18:07,208 INFO  execution-log - [Sequence No - 34] Beginning TestDataCommand ( LogicalFieldName : Zip Code, LogicalFieldValue : 53704 )
----------------
2019-02-07 08:18:07,570 INFO  execution-log - [Sequence No - 34]	 Command completed.
----------------
2019-02-07 08:18:07,584 INFO  execution-log - [Sequence No - 35] Beginning ActionCommand ( LogicalFieldName : zipcode click, LogicalFieldValue : Click )
----------------
2019-02-07 08:18:08,264 INFO  execution-log - [Sequence No - 35]	 Command completed.
----------------
2019-02-07 08:18:08,292 INFO  execution-log - [Sequence No - 36] Beginning ValidateExistStatusCommand ( LogicalFieldName : Street Address, LogicalFieldValue : True )
----------------
2019-02-07 08:18:08,378 INFO  execution-log - [Sequence No - 36]	 Command completed.
----------------
2019-02-07 08:18:08,398 INFO  execution-log - [Sequence No - 37] Beginning TestDataCommand ( LogicalFieldName : Street Address, LogicalFieldValue : 123 BLUEJAY LN )
----------------
2019-02-07 08:18:09,927 INFO  execution-log - [Sequence No - 37]	 Command completed.
----------------
2019-02-07 08:18:09,943 INFO  execution-log - [Sequence No - 38] Beginning ValidateExistStatusCommand ( LogicalFieldName : Same as Physical Address, LogicalFieldValue : True )
----------------
2019-02-07 08:18:09,987 INFO  execution-log - [Sequence No - 38]	 Command completed.
----------------
2019-02-07 08:18:10,000 INFO  execution-log - [Sequence No - 39] Beginning ActionCommand ( LogicalFieldName : Same as Physical Address, LogicalFieldValue : Click )
----------------
2019-02-07 08:18:10,281 INFO  execution-log - [Sequence No - 39]	 Command completed.
----------------
2019-02-07 08:18:10,295 INFO  execution-log - [Sequence No - 40] Beginning ValidateEnableStatusCommand ( LogicalFieldName : Proceed, LogicalFieldValue : True )
----------------
2019-02-07 08:18:10,371 INFO  execution-log - [Sequence No - 40]	 Command completed.
----------------
2019-02-07 08:18:10,382 INFO  execution-log - [Sequence No - 41] Beginning ActionCommand ( LogicalFieldName : Proceed, LogicalFieldValue : Click )
----------------
2019-02-07 08:18:10,686 INFO  execution-log - [Sequence No - 41]	 Command completed.
----------------
2019-02-07 08:18:10,694 INFO  execution-log - 	 Command completed.
----------------
2019-02-07 08:18:10,710 INFO  execution-log -  Beginning PageCommand ( CurrentPage : Insured Info, FlowIdentifier : 4, DiIndicator : DI )
----------------
2019-02-07 08:18:10,720 INFO  execution-log - 	 Command completed.
----------------
2019-02-07 08:18:10,732 INFO  execution-log -  Beginning LoadTestDataItemCommand ( CurrentPage : Insured Info, FlowIdentifier : 4, DiIndicator : DI )
----------------
2019-02-07 08:18:10,755 INFO  execution-log - [Sequence No - 42] Beginning ValidateEnableStatusCommand ( LogicalFieldName : InsuredName, LogicalFieldValue : True )
----------------
2019-02-07 08:18:14,340 INFO  execution-log - [Sequence No - 42]	 Command completed.
----------------
2019-02-07 08:18:14,439 INFO  execution-log - [Sequence No - 43] Beginning TestDataCommand ( LogicalFieldName : InsuredName, LogicalFieldValue : Smith )
----------------
2019-02-07 08:18:14,895 INFO  execution-log - [Sequence No - 43]	 Command completed.
----------------
2019-02-07 08:18:14,914 INFO  execution-log - [Sequence No - 44] Beginning ValidateEnableStatusCommand ( LogicalFieldName : Primary State Click, LogicalFieldValue : True )
----------------
2019-02-07 08:18:14,976 INFO  execution-log - [Sequence No - 44]	 Command completed.
----------------
2019-02-07 08:18:14,991 INFO  execution-log - [Sequence No - 45] Beginning ActionCommand ( LogicalFieldName : Primary State Click, LogicalFieldValue : Click )
----------------
2019-02-07 08:18:15,275 INFO  execution-log - [Sequence No - 45]	 Command completed.
----------------
2019-02-07 08:18:15,292 INFO  execution-log - [Sequence No - 46] Beginning ActionCommand ( LogicalFieldName : PrimayState Select, LogicalFieldValue : Click )
----------------
2019-02-07 08:18:15,859 INFO  execution-log - [Sequence No - 46]	 Command completed.
----------------
2019-02-07 08:18:15,895 INFO  execution-log - [Sequence No - 47] Beginning ValidateExistStatusCommand ( LogicalFieldName : Street Address, LogicalFieldValue : True )
----------------
2019-02-07 08:18:16,039 INFO  execution-log - [Sequence No - 47]	 Command completed.
----------------
2019-02-07 08:18:16,053 INFO  execution-log - [Sequence No - 48] Beginning TestDataCommand ( LogicalFieldName : Street Address, LogicalFieldValue : 123 new street )
----------------
2019-02-07 08:18:16,749 INFO  execution-log - [Sequence No - 48]	 Command completed.
----------------
2019-02-07 08:18:16,765 INFO  execution-log - [Sequence No - 49] Beginning ValidateExistStatusCommand ( LogicalFieldName : Zip Code, LogicalFieldValue : True )
----------------
2019-02-07 08:18:16,796 INFO  execution-log - [Sequence No - 49]	 Command completed.
----------------
2019-02-07 08:18:16,819 INFO  execution-log - [Sequence No - 50] Beginning TestDataCommand ( LogicalFieldName : Zip Code, LogicalFieldValue : 53704 )
----------------
2019-02-07 08:18:17,142 INFO  execution-log - [Sequence No - 50]	 Command completed.
----------------
2019-02-07 08:18:17,161 INFO  execution-log - [Sequence No - 51] Beginning ValidateExistStatusCommand ( LogicalFieldName : Same as Physical Address, LogicalFieldValue : True )
----------------
2019-02-07 08:18:17,207 INFO  execution-log - [Sequence No - 51]	 Command completed.
----------------
2019-02-07 08:18:17,229 INFO  execution-log - [Sequence No - 52] Beginning ActionCommand ( LogicalFieldName : Same as Physical Address, LogicalFieldValue : Click )
----------------
2019-02-07 08:18:17,504 INFO  execution-log - [Sequence No - 52]	 Command completed.
----------------
2019-02-07 08:18:17,520 INFO  execution-log - [Sequence No - 53] Beginning ValidateExistStatusCommand ( LogicalFieldName : SIC Code, LogicalFieldValue : True )
----------------
2019-02-07 08:18:17,621 INFO  execution-log - [Sequence No - 53]	 Command completed.
----------------
2019-02-07 08:18:17,661 INFO  execution-log - [Sequence No - 54] Beginning TestDataCommand ( LogicalFieldName : SIC Code, LogicalFieldValue : 41510000-School buses )
----------------
2019-02-07 08:18:18,461 INFO  execution-log - [Sequence No - 54]	 Command completed.
----------------
2019-02-07 08:18:18,477 INFO  execution-log - [Sequence No - 55] Beginning ValidateExistStatusCommand ( LogicalFieldName : BusinessInceptionYear, LogicalFieldValue : True )
----------------
2019-02-07 08:18:18,511 INFO  execution-log - [Sequence No - 55]	 Command completed.
----------------
2019-02-07 08:18:18,525 INFO  execution-log - [Sequence No - 56] Beginning TestDataCommand ( LogicalFieldName : BusinessInceptionYear, LogicalFieldValue : 2012 )
----------------
2019-02-07 08:18:18,879 INFO  execution-log - [Sequence No - 56]	 Command completed.
----------------
2019-02-07 08:18:18,906 INFO  execution-log - [Sequence No - 57] Beginning ValidateExistStatusCommand ( LogicalFieldName : BusinessPhone, LogicalFieldValue : True )
----------------
2019-02-07 08:18:18,941 INFO  execution-log - [Sequence No - 57]	 Command completed.
----------------
2019-02-07 08:18:18,956 INFO  execution-log - [Sequence No - 58] Beginning TestDataCommand ( LogicalFieldName : BusinessPhone, LogicalFieldValue : 6549879879 )
----------------
2019-02-07 08:18:20,521 INFO  execution-log - [Sequence No - 58]	 Command completed.
----------------
2019-02-07 08:18:20,536 INFO  execution-log - [Sequence No - 59] Beginning ValidateEnableStatusCommand ( LogicalFieldName : Next, LogicalFieldValue : True )
----------------
2019-02-07 08:18:20,597 INFO  execution-log - [Sequence No - 59]	 Command completed.
----------------
2019-02-07 08:18:20,610 INFO  execution-log - [Sequence No - 60] Beginning ActionCommand ( LogicalFieldName : Next, LogicalFieldValue : Click )
----------------
2019-02-07 08:18:20,856 INFO  execution-log - [Sequence No - 60]	 Command completed.
----------------
2019-02-07 08:18:20,865 INFO  execution-log - 	 Command completed.
----------------
2019-02-07 08:18:20,876 INFO  execution-log -  Beginning PageCommand ( CurrentPage : Policy Info, FlowIdentifier : 5, DiIndicator : DI )
----------------
2019-02-07 08:18:20,889 INFO  execution-log - 	 Command completed.
----------------
2019-02-07 08:18:20,901 INFO  execution-log -  Beginning LoadTestDataItemCommand ( CurrentPage : Policy Info, FlowIdentifier : 5, DiIndicator : DI )
----------------
2019-02-07 08:18:20,925 INFO  execution-log - [Sequence No - 61] Beginning ValidateEnableStatusCommand ( LogicalFieldName : Which State do u operate In?, LogicalFieldValue : True )
----------------
2019-02-07 08:18:21,855 INFO  execution-log - [Sequence No - 61]	 Command completed.
----------------
2019-02-07 08:18:21,871 INFO  execution-log - [Sequence No - 62] Beginning ActionCommand ( LogicalFieldName : Which State do u operate In?, LogicalFieldValue : Click )
----------------
2019-02-07 08:18:22,336 INFO  execution-log - [Sequence No - 62]	 Command completed.
----------------
2019-02-07 08:18:22,355 INFO  execution-log - [Sequence No - 63] Beginning ActionCommand ( LogicalFieldName : Which State do u operate In?1, LogicalFieldValue : Click )
----------------
2019-02-07 08:18:22,784 INFO  execution-log - [Sequence No - 63]	 Command completed.
----------------
2019-02-07 08:18:22,797 INFO  execution-log - [Sequence No - 64] Beginning ActionCommand ( LogicalFieldName : Label Click, LogicalFieldValue : Click )
----------------
2019-02-07 08:18:23,112 INFO  execution-log - [Sequence No - 64]	 Command completed.
----------------
2019-02-07 08:18:23,131 INFO  execution-log - [Sequence No - 65] Beginning ActionCommand ( LogicalFieldName : Collapse, LogicalFieldValue : Click )
----------------
2019-02-07 08:18:23,508 INFO  execution-log - [Sequence No - 65]	 Command completed.
----------------
2019-02-07 08:18:23,525 INFO  execution-log - [Sequence No - 66] Beginning ValidateEnableStatusCommand ( LogicalFieldName : Select Product, LogicalFieldValue : True )
----------------
2019-02-07 08:18:23,641 INFO  execution-log - [Sequence No - 66]	 Command completed.
----------------
2019-02-07 08:18:23,663 INFO  execution-log - [Sequence No - 67] Beginning ActionCommand ( LogicalFieldName : Select Product, LogicalFieldValue : Click-Wait(2000) )
----------------
2019-02-07 08:18:28,020 INFO  execution-log - [Sequence No - 67]	 Command completed.
----------------
2019-02-07 08:18:28,034 INFO  execution-log - [Sequence No - 68] Beginning ActionCommand ( LogicalFieldName : Select Product 1, LogicalFieldValue : Click )
----------------
2019-02-07 08:18:30,570 INFO  execution-log - [Sequence No - 68]	 Command completed.
----------------
2019-02-07 08:18:30,578 INFO  execution-log - 	 Command completed.
----------------
2019-02-07 08:18:50,207 ERROR execution-log - An error has caused test case #1 to abort. Proceeding to the next test case.
System.IO.IOException: The process cannot access the file 'C:\Users\VMQApractice\Desktop\v4Dev_Updated\v4Dev_Updated\VMTestAutomation\UIDesign\UIDesign\bin\Debug\PersistedValues.bin' because it is being used by another process.
   at System.IO.__Error.WinIOError(Int32 errorCode, String maybeFullPath)
   at System.IO.FileStream.Init(String path, FileMode mode, FileAccess access, Int32 rights, Boolean useRights, FileShare share, Int32 bufferSize, FileOptions options, SECURITY_ATTRIBUTES secAttrs, String msgPath, Boolean bFromProxy, Boolean useLongPath, Boolean checkHost)
   at System.IO.FileStream..ctor(String path, FileMode mode, FileAccess access, FileShare share)
   at System.IO.File.OpenWrite(String path)
   at VM.Platform.TestAutomationFramework.Core.LocallyPersistedValuesHandler.SaveValues(Dictionary`2 values) in C:\Users\VMQApractice\Desktop\v4Dev_Updated\v4Dev_Updated\VMTestAutomation\Src\Framework.Core\LocallyPersistedValuesHandler.cs:line 66
   at VM.Platform.TestAutomationFramework.Core.SingleTestCaseRunner.ExecuteSingleTestCase(Int32 testCaseId, String targetEnvironment, String repositiory, Int32 Retry) in C:\Users\VMQApractice\Desktop\v4Dev_Updated\v4Dev_Updated\VMTestAutomation\Src\Framework.Core\SingleTestCaseRunner.cs:line 195
   at VM.Platform.TestAutomationFramework.Core.TestAutomation.Execute(Int32 testCaseId, Int32 Retry, String targetEnvironment) in C:\Users\VMQApractice\Desktop\v4Dev_Updated\v4Dev_Updated\VMTestAutomation\Src\Framework.Core\TestAutomation.cs:line 203
----------------
