2019-02-05 06:00:45,146 INFO  execution-log - 	Initializing control map with map # MASTER
----------------
2019-02-05 06:00:45,152 INFO  execution-log - Initializing Test Automation
----------------
2019-02-05 06:00:45,157 INFO  execution-log - 	target browser: Chrome
----------------
2019-02-05 06:00:45,160 INFO  execution-log - TC # : 1, Downloading test case from DB
----------------
2019-02-05 06:00:45,170 INFO  execution-log - TC # : 1, Getting control map :MASTER from DB
----------------
2019-02-05 06:00:45,171 INFO  execution-log - TC # : 1, Getting test data from DB
----------------
2019-02-05 06:00:45,182 INFO  execution-log - TC # : 1, Control map retrieval completed
----------------
2019-02-05 06:00:45,200 INFO  execution-log - TC # : 1, Test data retrieval completed
----------------
2019-02-05 06:00:45,206 INFO  execution-log - TC # : 1, Parsing commands
----------------
2019-02-05 06:00:45,211 INFO  execution-log - Loading captured values from persistence.
----------------
2019-02-05 06:00:45,215 INFO  execution-log - TC # : 1, Started executing test case in the VMTESTAPP1 environment (http://vam-qa.cloudapp.net:6363/pages/login.html)
----------------
2019-02-05 06:00:45,253 INFO  execution-log -  Beginning StartIterationCommand ( Iterations : 1 )
----------------
2019-02-05 06:00:45,257 INFO  execution-log - TC # : 1, Starting iteration #1
----------------
2019-02-05 06:00:45,262 INFO  execution-log - 	 Command completed.
----------------
2019-02-05 06:00:45,267 INFO  execution-log -  Beginning InvokeApplicationCommand ( Target :  )
----------------
2019-02-05 06:00:46,120 INFO  execution-log - 	 Command completed.
----------------
2019-02-05 06:00:46,126 INFO  execution-log -  Beginning PageCommand ( CurrentPage : Login, FlowIdentifier : 1, DiIndicator : DI )
----------------
2019-02-05 06:00:46,133 INFO  execution-log - 	 Command completed.
----------------
2019-02-05 06:00:46,142 INFO  execution-log -  Beginning LoadTestDataItemCommand ( CurrentPage : Login, FlowIdentifier : 1, DiIndicator : DI )
----------------
2019-02-05 06:00:46,170 INFO  execution-log - [Sequence No - 1] Beginning ValidateExistStatusCommand ( LogicalFieldName : User Name, LogicalFieldValue : True )
----------------
2019-02-05 06:00:46,195 INFO  execution-log - [Sequence No - 1]	 Command completed.
----------------
2019-02-05 06:00:46,205 INFO  execution-log - [Sequence No - 2] Beginning ActionCommand ( LogicalFieldName : User Name, LogicalFieldValue : Click )
----------------
2019-02-05 06:00:46,320 INFO  execution-log - [Sequence No - 2]	 Command completed.
----------------
2019-02-05 06:00:46,335 INFO  execution-log - [Sequence No - 3] Beginning TestDataCommand ( LogicalFieldName : User Name, LogicalFieldValue : Jack )
----------------
2019-02-05 06:00:46,435 INFO  execution-log - [Sequence No - 3]	 Command completed.
----------------
2019-02-05 06:00:46,444 INFO  execution-log - [Sequence No - 4] Beginning ValidateExistStatusCommand ( LogicalFieldName : Password, LogicalFieldValue : True )
----------------
2019-02-05 06:00:46,469 INFO  execution-log - [Sequence No - 4]	 Command completed.
----------------
2019-02-05 06:00:46,478 INFO  execution-log - [Sequence No - 5] Beginning TestDataCommand ( LogicalFieldName : Password, LogicalFieldValue : Smit@123 )
----------------
2019-02-05 06:00:46,603 INFO  execution-log - [Sequence No - 5]	 Command completed.
----------------
2019-02-05 06:00:46,614 INFO  execution-log - [Sequence No - 6] Beginning ValidateEnableStatusCommand ( LogicalFieldName : Login_Button, LogicalFieldValue : True )
----------------
2019-02-05 06:00:46,645 INFO  execution-log - [Sequence No - 6]	 Command completed.
----------------
2019-02-05 06:00:46,653 INFO  execution-log - [Sequence No - 7] Beginning ActionCommand ( LogicalFieldName : Login_Button, LogicalFieldValue : Click )
----------------
2019-02-05 06:00:46,778 INFO  execution-log - [Sequence No - 7]	 Command completed.
----------------
2019-02-05 06:00:46,788 INFO  execution-log - 	 Command completed.
----------------
2019-02-05 06:00:46,795 INFO  execution-log -  Beginning PageCommand ( CurrentPage : Home, FlowIdentifier : 2, DiIndicator : DI )
----------------
2019-02-05 06:00:46,800 INFO  execution-log - 	 Command completed.
----------------
2019-02-05 06:00:46,806 INFO  execution-log -  Beginning LoadTestDataItemCommand ( CurrentPage : Home, FlowIdentifier : 2, DiIndicator : DI )
----------------
2019-02-05 06:00:46,821 INFO  execution-log - [Sequence No - 8] Beginning ValidateEnableStatusCommand ( LogicalFieldName : New Quote, LogicalFieldValue : True )
----------------
2019-02-05 06:00:48,116 INFO  execution-log - [Sequence No - 8]	 Command completed.
----------------
2019-02-05 06:00:48,132 INFO  execution-log - [Sequence No - 9] Beginning ActionCommand ( LogicalFieldName : New Quote, LogicalFieldValue : Click )
----------------
2019-02-05 06:00:48,726 INFO  execution-log - [Sequence No - 9]	 Command completed.
----------------
2019-02-05 06:00:48,734 INFO  execution-log - 	 Command completed.
----------------
2019-02-05 06:00:48,741 INFO  execution-log -  Beginning PageCommand ( CurrentPage : New Quote, FlowIdentifier : 3, DiIndicator : DI )
----------------
2019-02-05 06:00:48,746 INFO  execution-log - 	 Command completed.
----------------
2019-02-05 06:00:48,756 INFO  execution-log -  Beginning LoadTestDataItemCommand ( CurrentPage : New Quote, FlowIdentifier : 3, DiIndicator : DI )
----------------
2019-02-05 06:00:48,781 INFO  execution-log - [Sequence No - 10] Beginning ValidateExistStatusCommand ( LogicalFieldName : Account Name, LogicalFieldValue : True )
----------------
2019-02-05 06:00:48,812 INFO  execution-log - [Sequence No - 10]	 Command completed.
----------------
2019-02-05 06:00:48,821 INFO  execution-log - [Sequence No - 11] Beginning TestDataCommand ( LogicalFieldName : Account Name, LogicalFieldValue : RANDOMIZE(7,2) )
----------------
2019-02-05 06:00:49,045 INFO  execution-log - [Sequence No - 11]	 Command completed.
----------------
2019-02-05 06:00:49,056 INFO  execution-log - [Sequence No - 12] Beginning ValidateExistStatusCommand ( LogicalFieldName : First Name, LogicalFieldValue : True )
----------------
2019-02-05 06:00:49,077 INFO  execution-log - [Sequence No - 12]	 Command completed.
----------------
2019-02-05 06:00:49,085 INFO  execution-log - [Sequence No - 13] Beginning TestDataCommand ( LogicalFieldName : First Name, LogicalFieldValue : Jack )
----------------
2019-02-05 06:00:49,276 INFO  execution-log - [Sequence No - 13]	 Command completed.
----------------
2019-02-05 06:00:49,287 INFO  execution-log - [Sequence No - 14] Beginning ValidateEnableStatusCommand ( LogicalFieldName : Last Name, LogicalFieldValue : True )
----------------
2019-02-05 06:00:49,316 INFO  execution-log - [Sequence No - 14]	 Command completed.
----------------
2019-02-05 06:00:49,327 INFO  execution-log - [Sequence No - 15] Beginning TestDataCommand ( LogicalFieldName : Last Name, LogicalFieldValue : Smith )
----------------
2019-02-05 06:00:49,493 INFO  execution-log - [Sequence No - 15]	 Command completed.
----------------
2019-02-05 06:00:49,503 INFO  execution-log - [Sequence No - 16] Beginning ValidateExistStatusCommand ( LogicalFieldName : ContactNumber1, LogicalFieldValue : True )
----------------
2019-02-05 06:00:49,526 INFO  execution-log - [Sequence No - 16]	 Command completed.
----------------
2019-02-05 06:00:49,534 INFO  execution-log - [Sequence No - 17] Beginning TestDataCommand ( LogicalFieldName : ContactNumber1, LogicalFieldValue : 654 )
----------------
2019-02-05 06:00:49,680 INFO  execution-log - [Sequence No - 17]	 Command completed.
----------------
2019-02-05 06:00:49,691 INFO  execution-log - [Sequence No - 18] Beginning TestDataCommand ( LogicalFieldName : ContactNumber2, LogicalFieldValue : 321 )
----------------
2019-02-05 06:00:49,811 INFO  execution-log - [Sequence No - 18]	 Command completed.
----------------
2019-02-05 06:00:49,822 INFO  execution-log - [Sequence No - 19] Beginning TestDataCommand ( LogicalFieldName : ContactNumber3, LogicalFieldValue : 6541 )
----------------
2019-02-05 06:00:49,937 INFO  execution-log - [Sequence No - 19]	 Command completed.
----------------
2019-02-05 06:00:49,947 INFO  execution-log - [Sequence No - 20] Beginning ValidateExistStatusCommand ( LogicalFieldName : Primary Email, LogicalFieldValue : True )
----------------
2019-02-05 06:00:49,968 INFO  execution-log - [Sequence No - 20]	 Command completed.
----------------
2019-02-05 06:00:49,976 INFO  execution-log - [Sequence No - 21] Beginning TestDataCommand ( LogicalFieldName : Primary Email, LogicalFieldValue : jack.smith@gmail.com )
----------------
2019-02-05 06:00:50,395 INFO  execution-log - [Sequence No - 21]	 Command completed.
----------------
2019-02-05 06:00:50,408 INFO  execution-log - [Sequence No - 22] Beginning ValidateExistStatusCommand ( LogicalFieldName : Business Started Year, LogicalFieldValue : True )
----------------
2019-02-05 06:00:50,433 INFO  execution-log - [Sequence No - 22]	 Command completed.
----------------
2019-02-05 06:00:50,444 INFO  execution-log - [Sequence No - 23] Beginning TestDataCommand ( LogicalFieldName : Business Started Year, LogicalFieldValue : 2012 )
----------------
2019-02-05 06:00:50,577 INFO  execution-log - [Sequence No - 23]	 Command completed.
----------------
2019-02-05 06:00:50,588 INFO  execution-log - [Sequence No - 24] Beginning ValidateExistStatusCommand ( LogicalFieldName : Select Product, LogicalFieldValue : True )
----------------
2019-02-05 06:00:50,612 INFO  execution-log - [Sequence No - 24]	 Command completed.
----------------
2019-02-05 06:00:50,631 INFO  execution-log - [Sequence No - 25] Beginning ActionCommand ( LogicalFieldName : Select Product, LogicalFieldValue : Click )
----------------
2019-02-05 06:00:50,793 INFO  execution-log - [Sequence No - 25]	 Command completed.
----------------
2019-02-05 06:00:50,803 INFO  execution-log - [Sequence No - 26] Beginning ActionCommand ( LogicalFieldName : Select Product1, LogicalFieldValue : Click )
----------------
2019-02-05 06:00:50,945 INFO  execution-log - [Sequence No - 26]	 Command completed.
----------------
2019-02-05 06:00:50,959 INFO  execution-log - [Sequence No - 27] Beginning ValidateExistStatusCommand ( LogicalFieldName : Contact Name, LogicalFieldValue : True )
----------------
2019-02-05 06:00:50,988 INFO  execution-log - [Sequence No - 27]	 Command completed.
----------------
2019-02-05 06:00:51,003 INFO  execution-log - [Sequence No - 28] Beginning ActionCommand ( LogicalFieldName : Contact Name, LogicalFieldValue : Click )
----------------
2019-02-05 06:00:51,173 INFO  execution-log - [Sequence No - 28]	 Command completed.
----------------
2019-02-05 06:00:51,190 INFO  execution-log - [Sequence No - 29] Beginning ActionCommand ( LogicalFieldName : Contact Name Initial Select, LogicalFieldValue : Click )
----------------
2019-02-05 06:00:51,837 INFO  execution-log - [Sequence No - 29]	 Command completed.
----------------
2019-02-05 06:00:51,850 INFO  execution-log - [Sequence No - 30] Beginning ValidateExistStatusCommand ( LogicalFieldName : Industry, LogicalFieldValue : True )
----------------
2019-02-05 06:00:51,876 INFO  execution-log - [Sequence No - 30]	 Command completed.
----------------
2019-02-05 06:00:51,886 INFO  execution-log - [Sequence No - 31] Beginning ActionCommand ( LogicalFieldName : Industry, LogicalFieldValue : Click )
----------------
2019-02-05 06:00:52,069 INFO  execution-log - [Sequence No - 31]	 Command completed.
----------------
2019-02-05 06:00:52,084 INFO  execution-log - [Sequence No - 32] Beginning ActionCommand ( LogicalFieldName : Industry1, LogicalFieldValue : Click )
----------------
2019-02-05 06:00:52,254 INFO  execution-log - [Sequence No - 32]	 Command completed.
----------------
2019-02-05 06:00:52,265 INFO  execution-log - [Sequence No - 33] Beginning ValidateExistStatusCommand ( LogicalFieldName : Zip Code, LogicalFieldValue : True )
----------------
2019-02-05 06:00:52,287 INFO  execution-log - [Sequence No - 33]	 Command completed.
----------------
2019-02-05 06:00:52,297 INFO  execution-log - [Sequence No - 34] Beginning TestDataCommand ( LogicalFieldName : Zip Code, LogicalFieldValue : 53704 )
----------------
2019-02-05 06:00:52,460 INFO  execution-log - [Sequence No - 34]	 Command completed.
----------------
2019-02-05 06:00:52,472 INFO  execution-log - [Sequence No - 35] Beginning ActionCommand ( LogicalFieldName : zipcode click, LogicalFieldValue : Click )
----------------
2019-02-05 06:00:52,836 INFO  execution-log - [Sequence No - 35]	 Command completed.
----------------
2019-02-05 06:00:52,850 INFO  execution-log - [Sequence No - 36] Beginning ValidateExistStatusCommand ( LogicalFieldName : Street Address, LogicalFieldValue : True )
----------------
2019-02-05 06:00:52,877 INFO  execution-log - [Sequence No - 36]	 Command completed.
----------------
2019-02-05 06:00:52,892 INFO  execution-log - [Sequence No - 37] Beginning TestDataCommand ( LogicalFieldName : Street Address, LogicalFieldValue : 123 BLUEJAY LN )
----------------
2019-02-05 06:00:53,143 INFO  execution-log - [Sequence No - 37]	 Command completed.
----------------
2019-02-05 06:00:53,153 INFO  execution-log - [Sequence No - 38] Beginning ValidateExistStatusCommand ( LogicalFieldName : Same as Physical Address, LogicalFieldValue : True )
----------------
2019-02-05 06:00:53,177 INFO  execution-log - [Sequence No - 38]	 Command completed.
----------------
2019-02-05 06:00:53,186 INFO  execution-log - [Sequence No - 39] Beginning ActionCommand ( LogicalFieldName : Same as Physical Address, LogicalFieldValue : Click )
----------------
2019-02-05 06:00:53,309 INFO  execution-log - [Sequence No - 39]	 Command completed.
----------------
2019-02-05 06:00:53,322 INFO  execution-log - [Sequence No - 40] Beginning ValidateEnableStatusCommand ( LogicalFieldName : Proceed, LogicalFieldValue : True )
----------------
2019-02-05 06:00:53,355 INFO  execution-log - [Sequence No - 40]	 Command completed.
----------------
2019-02-05 06:00:53,366 INFO  execution-log - [Sequence No - 41] Beginning ActionCommand ( LogicalFieldName : Proceed, LogicalFieldValue : Click )
----------------
2019-02-05 06:00:53,557 INFO  execution-log - [Sequence No - 41]	 Command completed.
----------------
2019-02-05 06:00:53,572 INFO  execution-log - 	 Command completed.
----------------
2019-02-05 06:00:53,580 INFO  execution-log -  Beginning PageCommand ( CurrentPage : Insured Info, FlowIdentifier : 4, DiIndicator : DI )
----------------
2019-02-05 06:00:53,587 INFO  execution-log - 	 Command completed.
----------------
2019-02-05 06:00:53,596 INFO  execution-log -  Beginning LoadTestDataItemCommand ( CurrentPage : Insured Info, FlowIdentifier : 4, DiIndicator : DI )
----------------
2019-02-05 06:00:53,612 INFO  execution-log - [Sequence No - 42] Beginning ValidateExistStatusCommand ( LogicalFieldName : InsuredName, LogicalFieldValue : True )
----------------
2019-02-05 06:00:55,371 ERROR execution-log - TC # : 1, InsuredName was expected to exist.
----------------
2019-02-05 06:00:55,381 ERROR execution-log - TC # : 1, InsuredName was expected to exist.
----------------
2019-02-05 06:00:55,387 ERROR execution-log - TC # : 1, Expectation failed, the test will proceed despite execution failure
----------------
2019-02-05 06:00:55,399 INFO  execution-log -  Beginning PageCommand ( CurrentPage : Policy Info, FlowIdentifier : 5, DiIndicator : DI )
----------------
2019-02-05 06:00:55,404 INFO  execution-log - 	 Command completed.
----------------
2019-02-05 06:00:55,409 INFO  execution-log -  Beginning LoadTestDataItemCommand ( CurrentPage : Policy Info, FlowIdentifier : 5, DiIndicator : DI )
----------------
2019-02-05 06:00:55,422 INFO  execution-log - [Sequence No - 61] Beginning ValidateExistStatusCommand ( LogicalFieldName : Which State do u operate In?, LogicalFieldValue : True )
----------------
2019-02-05 06:00:55,743 ERROR execution-log - TC # : 1, Which State do u operate In? was expected to exist.
----------------
2019-02-05 06:00:55,749 ERROR execution-log - TC # : 1, Which State do u operate In? was expected to exist.
----------------
2019-02-05 06:00:55,755 ERROR execution-log - TC # : 1, Expectation failed, the test will proceed despite execution failure
----------------
2019-02-05 06:00:55,773 INFO  execution-log - Saving captured values to file.
----------------
2019-02-05 06:00:55,778 ERROR execution-log - TC # : 1,  has failed
----------------
