2019-02-05 06:01:37,762 INFO  execution-log - 	Initializing control map with map # MASTER
----------------
2019-02-05 06:01:37,767 INFO  execution-log - Initializing Test Automation
----------------
2019-02-05 06:01:37,772 INFO  execution-log - 	target browser: Chrome
----------------
2019-02-05 06:01:37,776 INFO  execution-log - TC # : 1, Downloading test case from DB
----------------
2019-02-05 06:01:37,785 INFO  execution-log - TC # : 1, Getting control map :MASTER from DB
----------------
2019-02-05 06:01:37,785 INFO  execution-log - TC # : 1, Getting test data from DB
----------------
2019-02-05 06:01:37,793 INFO  execution-log - TC # : 1, Control map retrieval completed
----------------
2019-02-05 06:01:37,811 INFO  execution-log - TC # : 1, Test data retrieval completed
----------------
2019-02-05 06:01:37,815 INFO  execution-log - TC # : 1, Parsing commands
----------------
2019-02-05 06:01:37,819 INFO  execution-log - Loading captured values from persistence.
----------------
2019-02-05 06:01:37,823 INFO  execution-log - TC # : 1, Started executing test case in the VMTESTAPP1 environment (http://vam-qa.cloudapp.net:6363/pages/login.html)
----------------
2019-02-05 06:01:37,860 INFO  execution-log -  Beginning StartIterationCommand ( Iterations : 1 )
----------------
2019-02-05 06:01:37,865 INFO  execution-log - TC # : 1, Starting iteration #1
----------------
2019-02-05 06:01:37,869 INFO  execution-log - 	 Command completed.
----------------
2019-02-05 06:01:37,874 INFO  execution-log -  Beginning InvokeApplicationCommand ( Target :  )
----------------
2019-02-05 06:01:38,737 INFO  execution-log - 	 Command completed.
----------------
2019-02-05 06:01:38,748 INFO  execution-log -  Beginning PageCommand ( CurrentPage : Login, FlowIdentifier : 1, DiIndicator : DI )
----------------
2019-02-05 06:01:38,754 INFO  execution-log - 	 Command completed.
----------------
2019-02-05 06:01:38,771 INFO  execution-log -  Beginning LoadTestDataItemCommand ( CurrentPage : Login, FlowIdentifier : 1, DiIndicator : DI )
----------------
2019-02-05 06:01:38,785 INFO  execution-log - [Sequence No - 1] Beginning ValidateExistStatusCommand ( LogicalFieldName : User Name, LogicalFieldValue : True )
----------------
2019-02-05 06:01:38,808 INFO  execution-log - [Sequence No - 1]	 Command completed.
----------------
2019-02-05 06:01:38,816 INFO  execution-log - [Sequence No - 2] Beginning ActionCommand ( LogicalFieldName : User Name, LogicalFieldValue : Click )
----------------
2019-02-05 06:01:38,933 INFO  execution-log - [Sequence No - 2]	 Command completed.
----------------
2019-02-05 06:01:38,954 INFO  execution-log - [Sequence No - 3] Beginning TestDataCommand ( LogicalFieldName : User Name, LogicalFieldValue : Jack )
----------------
2019-02-05 06:01:39,042 INFO  execution-log - [Sequence No - 3]	 Command completed.
----------------
2019-02-05 06:01:39,053 INFO  execution-log - [Sequence No - 4] Beginning ValidateExistStatusCommand ( LogicalFieldName : Password, LogicalFieldValue : True )
----------------
2019-02-05 06:01:39,073 INFO  execution-log - [Sequence No - 4]	 Command completed.
----------------
2019-02-05 06:01:39,082 INFO  execution-log - [Sequence No - 5] Beginning TestDataCommand ( LogicalFieldName : Password, LogicalFieldValue : Smit@123 )
----------------
2019-02-05 06:01:39,209 INFO  execution-log - [Sequence No - 5]	 Command completed.
----------------
2019-02-05 06:01:39,220 INFO  execution-log - [Sequence No - 6] Beginning ValidateEnableStatusCommand ( LogicalFieldName : Login_Button, LogicalFieldValue : True )
----------------
2019-02-05 06:01:39,250 INFO  execution-log - [Sequence No - 6]	 Command completed.
----------------
2019-02-05 06:01:39,262 INFO  execution-log - [Sequence No - 7] Beginning ActionCommand ( LogicalFieldName : Login_Button, LogicalFieldValue : Click )
----------------
2019-02-05 06:01:39,372 INFO  execution-log - [Sequence No - 7]	 Command completed.
----------------
2019-02-05 06:01:39,380 INFO  execution-log - 	 Command completed.
----------------
2019-02-05 06:01:39,386 INFO  execution-log -  Beginning PageCommand ( CurrentPage : Home, FlowIdentifier : 2, DiIndicator : DI )
----------------
2019-02-05 06:01:39,390 INFO  execution-log - 	 Command completed.
----------------
2019-02-05 06:01:39,395 INFO  execution-log -  Beginning LoadTestDataItemCommand ( CurrentPage : Home, FlowIdentifier : 2, DiIndicator : DI )
----------------
2019-02-05 06:01:39,410 INFO  execution-log - [Sequence No - 8] Beginning ValidateEnableStatusCommand ( LogicalFieldName : New Quote, LogicalFieldValue : True )
----------------
2019-02-05 06:01:40,508 INFO  execution-log - [Sequence No - 8]	 Command completed.
----------------
2019-02-05 06:01:40,528 INFO  execution-log - [Sequence No - 9] Beginning ActionCommand ( LogicalFieldName : New Quote, LogicalFieldValue : Click )
----------------
2019-02-05 06:01:41,164 INFO  execution-log - [Sequence No - 9]	 Command completed.
----------------
2019-02-05 06:01:41,177 INFO  execution-log - 	 Command completed.
----------------
2019-02-05 06:01:41,185 INFO  execution-log -  Beginning PageCommand ( CurrentPage : New Quote, FlowIdentifier : 3, DiIndicator : DI )
----------------
2019-02-05 06:01:41,189 INFO  execution-log - 	 Command completed.
----------------
2019-02-05 06:01:41,194 INFO  execution-log -  Beginning LoadTestDataItemCommand ( CurrentPage : New Quote, FlowIdentifier : 3, DiIndicator : DI )
----------------
2019-02-05 06:01:41,208 INFO  execution-log - [Sequence No - 10] Beginning ValidateExistStatusCommand ( LogicalFieldName : Account Name, LogicalFieldValue : True )
----------------
2019-02-05 06:01:41,235 INFO  execution-log - [Sequence No - 10]	 Command completed.
----------------
2019-02-05 06:01:41,256 INFO  execution-log - [Sequence No - 11] Beginning TestDataCommand ( LogicalFieldName : Account Name, LogicalFieldValue : RANDOMIZE(7,2) )
----------------
2019-02-05 06:01:41,486 INFO  execution-log - [Sequence No - 11]	 Command completed.
----------------
2019-02-05 06:01:41,496 INFO  execution-log - [Sequence No - 12] Beginning ValidateExistStatusCommand ( LogicalFieldName : First Name, LogicalFieldValue : True )
----------------
2019-02-05 06:01:41,521 INFO  execution-log - [Sequence No - 12]	 Command completed.
----------------
2019-02-05 06:01:41,529 INFO  execution-log - [Sequence No - 13] Beginning TestDataCommand ( LogicalFieldName : First Name, LogicalFieldValue : Jack )
----------------
2019-02-05 06:01:41,738 INFO  execution-log - [Sequence No - 13]	 Command completed.
----------------
2019-02-05 06:01:41,748 INFO  execution-log - [Sequence No - 14] Beginning ValidateEnableStatusCommand ( LogicalFieldName : Last Name, LogicalFieldValue : True )
----------------
2019-02-05 06:01:41,776 INFO  execution-log - [Sequence No - 14]	 Command completed.
----------------
2019-02-05 06:01:41,785 INFO  execution-log - [Sequence No - 15] Beginning TestDataCommand ( LogicalFieldName : Last Name, LogicalFieldValue : Smith )
----------------
2019-02-05 06:01:41,948 INFO  execution-log - [Sequence No - 15]	 Command completed.
----------------
2019-02-05 06:01:41,958 INFO  execution-log - [Sequence No - 16] Beginning ValidateExistStatusCommand ( LogicalFieldName : ContactNumber1, LogicalFieldValue : True )
----------------
2019-02-05 06:01:41,982 INFO  execution-log - [Sequence No - 16]	 Command completed.
----------------
2019-02-05 06:01:41,991 INFO  execution-log - [Sequence No - 17] Beginning TestDataCommand ( LogicalFieldName : ContactNumber1, LogicalFieldValue : 654 )
----------------
2019-02-05 06:01:42,125 INFO  execution-log - [Sequence No - 17]	 Command completed.
----------------
2019-02-05 06:01:42,141 INFO  execution-log - [Sequence No - 18] Beginning TestDataCommand ( LogicalFieldName : ContactNumber2, LogicalFieldValue : 321 )
----------------
2019-02-05 06:01:42,264 INFO  execution-log - [Sequence No - 18]	 Command completed.
----------------
2019-02-05 06:01:42,274 INFO  execution-log - [Sequence No - 19] Beginning TestDataCommand ( LogicalFieldName : ContactNumber3, LogicalFieldValue : 6541 )
----------------
2019-02-05 06:01:42,397 INFO  execution-log - [Sequence No - 19]	 Command completed.
----------------
2019-02-05 06:01:42,408 INFO  execution-log - [Sequence No - 20] Beginning ValidateExistStatusCommand ( LogicalFieldName : Primary Email, LogicalFieldValue : True )
----------------
2019-02-05 06:01:42,433 INFO  execution-log - [Sequence No - 20]	 Command completed.
----------------
2019-02-05 06:01:42,442 INFO  execution-log - [Sequence No - 21] Beginning TestDataCommand ( LogicalFieldName : Primary Email, LogicalFieldValue : jack.smith@gmail.com )
----------------
2019-02-05 06:01:42,884 INFO  execution-log - [Sequence No - 21]	 Command completed.
----------------
2019-02-05 06:01:42,894 INFO  execution-log - [Sequence No - 22] Beginning ValidateExistStatusCommand ( LogicalFieldName : Business Started Year, LogicalFieldValue : True )
----------------
2019-02-05 06:01:42,918 INFO  execution-log - [Sequence No - 22]	 Command completed.
----------------
2019-02-05 06:01:42,928 INFO  execution-log - [Sequence No - 23] Beginning TestDataCommand ( LogicalFieldName : Business Started Year, LogicalFieldValue : 2012 )
----------------
2019-02-05 06:01:43,066 INFO  execution-log - [Sequence No - 23]	 Command completed.
----------------
2019-02-05 06:01:43,075 INFO  execution-log - [Sequence No - 24] Beginning ValidateExistStatusCommand ( LogicalFieldName : Select Product, LogicalFieldValue : True )
----------------
2019-02-05 06:01:43,099 INFO  execution-log - [Sequence No - 24]	 Command completed.
----------------
2019-02-05 06:01:43,111 INFO  execution-log - [Sequence No - 25] Beginning ActionCommand ( LogicalFieldName : Select Product, LogicalFieldValue : Click )
----------------
2019-02-05 06:01:43,256 INFO  execution-log - [Sequence No - 25]	 Command completed.
----------------
2019-02-05 06:01:43,266 INFO  execution-log - [Sequence No - 26] Beginning ActionCommand ( LogicalFieldName : Select Product1, LogicalFieldValue : Click )
----------------
2019-02-05 06:01:43,415 INFO  execution-log - [Sequence No - 26]	 Command completed.
----------------
2019-02-05 06:01:43,427 INFO  execution-log - [Sequence No - 27] Beginning ValidateExistStatusCommand ( LogicalFieldName : Contact Name, LogicalFieldValue : True )
----------------
2019-02-05 06:01:43,453 INFO  execution-log - [Sequence No - 27]	 Command completed.
----------------
2019-02-05 06:01:43,462 INFO  execution-log - [Sequence No - 28] Beginning ActionCommand ( LogicalFieldName : Contact Name, LogicalFieldValue : Click )
----------------
2019-02-05 06:01:43,602 INFO  execution-log - [Sequence No - 28]	 Command completed.
----------------
2019-02-05 06:01:43,612 INFO  execution-log - [Sequence No - 29] Beginning ActionCommand ( LogicalFieldName : Contact Name Initial Select, LogicalFieldValue : Click )
----------------
2019-02-05 06:01:44,248 INFO  execution-log - [Sequence No - 29]	 Command completed.
----------------
2019-02-05 06:01:44,258 INFO  execution-log - [Sequence No - 30] Beginning ValidateExistStatusCommand ( LogicalFieldName : Industry, LogicalFieldValue : True )
----------------
2019-02-05 06:01:44,284 INFO  execution-log - [Sequence No - 30]	 Command completed.
----------------
2019-02-05 06:01:44,293 INFO  execution-log - [Sequence No - 31] Beginning ActionCommand ( LogicalFieldName : Industry, LogicalFieldValue : Click )
----------------
2019-02-05 06:01:44,476 INFO  execution-log - [Sequence No - 31]	 Command completed.
----------------
2019-02-05 06:01:44,486 INFO  execution-log - [Sequence No - 32] Beginning ActionCommand ( LogicalFieldName : Industry1, LogicalFieldValue : Click )
----------------
2019-02-05 06:01:44,642 INFO  execution-log - [Sequence No - 32]	 Command completed.
----------------
2019-02-05 06:01:44,661 INFO  execution-log - [Sequence No - 33] Beginning ValidateExistStatusCommand ( LogicalFieldName : Zip Code, LogicalFieldValue : True )
----------------
2019-02-05 06:01:44,697 INFO  execution-log - [Sequence No - 33]	 Command completed.
----------------
2019-02-05 06:01:44,708 INFO  execution-log - [Sequence No - 34] Beginning TestDataCommand ( LogicalFieldName : Zip Code, LogicalFieldValue : 53704 )
----------------
2019-02-05 06:01:44,922 INFO  execution-log - [Sequence No - 34]	 Command completed.
----------------
2019-02-05 06:01:44,938 INFO  execution-log - [Sequence No - 35] Beginning ActionCommand ( LogicalFieldName : zipcode click, LogicalFieldValue : Click )
----------------
2019-02-05 06:01:45,292 INFO  execution-log - [Sequence No - 35]	 Command completed.
----------------
2019-02-05 06:01:45,303 INFO  execution-log - [Sequence No - 36] Beginning ValidateExistStatusCommand ( LogicalFieldName : Street Address, LogicalFieldValue : True )
----------------
2019-02-05 06:01:45,325 INFO  execution-log - [Sequence No - 36]	 Command completed.
----------------
2019-02-05 06:01:45,335 INFO  execution-log - [Sequence No - 37] Beginning TestDataCommand ( LogicalFieldName : Street Address, LogicalFieldValue : 123 BLUEJAY LN )
----------------
2019-02-05 06:01:45,559 INFO  execution-log - [Sequence No - 37]	 Command completed.
----------------
2019-02-05 06:01:45,569 INFO  execution-log - [Sequence No - 38] Beginning ValidateExistStatusCommand ( LogicalFieldName : Same as Physical Address, LogicalFieldValue : True )
----------------
2019-02-05 06:01:45,592 INFO  execution-log - [Sequence No - 38]	 Command completed.
----------------
2019-02-05 06:01:45,601 INFO  execution-log - [Sequence No - 39] Beginning ActionCommand ( LogicalFieldName : Same as Physical Address, LogicalFieldValue : Click )
----------------
2019-02-05 06:01:45,731 INFO  execution-log - [Sequence No - 39]	 Command completed.
----------------
2019-02-05 06:01:45,742 INFO  execution-log - [Sequence No - 40] Beginning ValidateEnableStatusCommand ( LogicalFieldName : Proceed, LogicalFieldValue : True )
----------------
2019-02-05 06:01:45,773 INFO  execution-log - [Sequence No - 40]	 Command completed.
----------------
2019-02-05 06:01:45,784 INFO  execution-log - [Sequence No - 41] Beginning ActionCommand ( LogicalFieldName : Proceed, LogicalFieldValue : Click )
----------------
2019-02-05 06:01:45,922 INFO  execution-log - [Sequence No - 41]	 Command completed.
----------------
2019-02-05 06:01:45,930 INFO  execution-log - 	 Command completed.
----------------
2019-02-05 06:01:45,937 INFO  execution-log -  Beginning PageCommand ( CurrentPage : Insured Info, FlowIdentifier : 4, DiIndicator : DI )
----------------
2019-02-05 06:01:45,943 INFO  execution-log - 	 Command completed.
----------------
2019-02-05 06:01:45,950 INFO  execution-log -  Beginning LoadTestDataItemCommand ( CurrentPage : Insured Info, FlowIdentifier : 4, DiIndicator : DI )
----------------
2019-02-05 06:01:45,963 INFO  execution-log - [Sequence No - 42] Beginning ValidateExistStatusCommand ( LogicalFieldName : InsuredName, LogicalFieldValue : True )
----------------
2019-02-05 06:01:46,296 ERROR execution-log - TC # : 1, InsuredName was expected to exist.
----------------
2019-02-05 06:01:46,302 ERROR execution-log - TC # : 1, InsuredName was expected to exist.
----------------
2019-02-05 06:01:46,309 ERROR execution-log - TC # : 1, Expectation failed, the test will proceed despite execution failure
----------------
2019-02-05 06:01:46,314 INFO  execution-log -  Beginning PageCommand ( CurrentPage : Policy Info, FlowIdentifier : 5, DiIndicator : DI )
----------------
2019-02-05 06:01:46,319 INFO  execution-log - 	 Command completed.
----------------
2019-02-05 06:01:46,324 INFO  execution-log -  Beginning LoadTestDataItemCommand ( CurrentPage : Policy Info, FlowIdentifier : 5, DiIndicator : DI )
----------------
2019-02-05 06:01:46,338 INFO  execution-log - [Sequence No - 61] Beginning ValidateExistStatusCommand ( LogicalFieldName : Which State do u operate In?, LogicalFieldValue : True )
----------------
2019-02-05 06:01:46,685 ERROR execution-log - TC # : 1, Which State do u operate In? was expected to exist.
----------------
2019-02-05 06:01:46,693 ERROR execution-log - TC # : 1, Which State do u operate In? was expected to exist.
----------------
2019-02-05 06:01:46,703 ERROR execution-log - TC # : 1, Expectation failed, the test will proceed despite execution failure
----------------
2019-02-05 06:01:46,725 INFO  execution-log - Saving captured values to file.
----------------
2019-02-05 06:01:46,731 ERROR execution-log - TC # : 1,  has failed
----------------
