2019-02-06 01:08:19,523 INFO  execution-log - 	Initializing control map with map # MASTER
----------------
2019-02-06 01:08:19,541 INFO  execution-log - Initializing Test Automation
----------------
2019-02-06 01:08:19,547 INFO  execution-log - 	target browser: Chrome
----------------
2019-02-06 01:08:23,201 INFO  execution-log - TC # : 1, Downloading test case from DB
----------------
2019-02-06 01:08:23,236 INFO  execution-log - TC # : 1, Getting control map :MASTER from DB
----------------
2019-02-06 01:08:23,245 INFO  execution-log - TC # : 1, Getting test data from DB
----------------
2019-02-06 01:08:23,257 INFO  execution-log - TC # : 1, Control map retrieval completed
----------------
2019-02-06 01:08:23,268 INFO  execution-log - TC # : 1, Test data retrieval completed
----------------
2019-02-06 01:08:23,273 INFO  execution-log - TC # : 1, Parsing commands
----------------
2019-02-06 01:08:23,283 INFO  execution-log - Loading captured values from persistence.
----------------
2019-02-06 01:08:23,293 INFO  execution-log - TC # : 1, Started executing test case in the VMTESTAPP1 environment (http://vam-qa.cloudapp.net:6363/pages/login.html)
----------------
2019-02-06 01:08:23,361 INFO  execution-log -  Beginning StartIterationCommand ( Iterations : 1 )
----------------
2019-02-06 01:08:23,369 INFO  execution-log - TC # : 1, Starting iteration #1
----------------
2019-02-06 01:08:23,374 INFO  execution-log - 	 Command completed.
----------------
2019-02-06 01:08:23,380 INFO  execution-log -  Beginning InvokeApplicationCommand ( Target :  )
----------------
2019-02-06 01:08:24,240 INFO  execution-log - 	 Command completed.
----------------
2019-02-06 01:08:24,246 INFO  execution-log -  Beginning PageCommand ( CurrentPage : Login, FlowIdentifier : 1, DiIndicator : DI )
----------------
2019-02-06 01:08:24,252 INFO  execution-log - 	 Command completed.
----------------
2019-02-06 01:08:24,259 INFO  execution-log -  Beginning LoadTestDataItemCommand ( CurrentPage : Login, FlowIdentifier : 1, DiIndicator : DI )
----------------
2019-02-06 01:08:24,277 INFO  execution-log - [Sequence No - 1] Beginning ValidateExistStatusCommand ( LogicalFieldName : User Name, LogicalFieldValue : True )
----------------
2019-02-06 01:08:24,311 INFO  execution-log - [Sequence No - 1]	 Command completed.
----------------
2019-02-06 01:08:24,324 INFO  execution-log - [Sequence No - 2] Beginning ActionCommand ( LogicalFieldName : User Name, LogicalFieldValue : Click )
----------------
2019-02-06 01:08:24,460 INFO  execution-log - [Sequence No - 2]	 Command completed.
----------------
2019-02-06 01:08:26,053 INFO  execution-log - [Sequence No - 3] Beginning TestDataCommand ( LogicalFieldName : User Name, LogicalFieldValue : Jack )
----------------
2019-02-06 01:08:30,691 INFO  execution-log - [Sequence No - 3]	 Command completed.
----------------
2019-02-06 01:08:30,702 INFO  execution-log - [Sequence No - 4] Beginning ValidateExistStatusCommand ( LogicalFieldName : Password, LogicalFieldValue : True )
----------------
2019-02-06 01:08:30,722 INFO  execution-log - [Sequence No - 4]	 Command completed.
----------------
2019-02-06 01:08:31,825 INFO  execution-log - [Sequence No - 5] Beginning TestDataCommand ( LogicalFieldName : Password, LogicalFieldValue : Smit@123 )
----------------
2019-02-06 01:08:36,371 INFO  execution-log - [Sequence No - 5]	 Command completed.
----------------
2019-02-06 01:08:36,382 INFO  execution-log - [Sequence No - 6] Beginning ValidateEnableStatusCommand ( LogicalFieldName : Login_Button, LogicalFieldValue : True )
----------------
2019-02-06 01:08:36,416 INFO  execution-log - [Sequence No - 6]	 Command completed.
----------------
2019-02-06 01:08:36,429 INFO  execution-log - [Sequence No - 7] Beginning ActionCommand ( LogicalFieldName : Login_Button, LogicalFieldValue : Click )
----------------
2019-02-06 01:08:36,554 INFO  execution-log - [Sequence No - 7]	 Command completed.
----------------
2019-02-06 01:08:36,561 INFO  execution-log - 	 Command completed.
----------------
2019-02-06 01:08:36,566 INFO  execution-log -  Beginning PageCommand ( CurrentPage : Home, FlowIdentifier : 2, DiIndicator : DI )
----------------
2019-02-06 01:08:36,572 INFO  execution-log - 	 Command completed.
----------------
2019-02-06 01:08:36,576 INFO  execution-log -  Beginning LoadTestDataItemCommand ( CurrentPage : Home, FlowIdentifier : 2, DiIndicator : DI )
----------------
2019-02-06 01:08:36,590 INFO  execution-log - [Sequence No - 8] Beginning ValidateEnableStatusCommand ( LogicalFieldName : New Quote, LogicalFieldValue : True )
----------------
2019-02-06 01:08:37,687 INFO  execution-log - [Sequence No - 8]	 Command completed.
----------------
2019-02-06 01:08:37,701 INFO  execution-log - [Sequence No - 9] Beginning ActionCommand ( LogicalFieldName : New Quote, LogicalFieldValue : Click )
----------------
2019-02-06 01:08:38,389 INFO  execution-log - [Sequence No - 9]	 Command completed.
----------------
2019-02-06 01:08:38,396 INFO  execution-log - 	 Command completed.
----------------
2019-02-06 01:08:38,401 INFO  execution-log -  Beginning PageCommand ( CurrentPage : New Quote, FlowIdentifier : 3, DiIndicator : DI )
----------------
2019-02-06 01:08:38,406 INFO  execution-log - 	 Command completed.
----------------
2019-02-06 01:08:38,411 INFO  execution-log -  Beginning LoadTestDataItemCommand ( CurrentPage : New Quote, FlowIdentifier : 3, DiIndicator : DI )
----------------
2019-02-06 01:08:38,427 INFO  execution-log - [Sequence No - 10] Beginning ValidateExistStatusCommand ( LogicalFieldName : Account Name, LogicalFieldValue : True )
----------------
2019-02-06 01:08:38,458 INFO  execution-log - [Sequence No - 10]	 Command completed.
----------------
2019-02-06 01:08:42,541 INFO  execution-log - [Sequence No - 11] Beginning TestDataCommand ( LogicalFieldName : Account Name, LogicalFieldValue : RANDOMIZE(7,2) )
----------------
2019-02-06 01:08:49,020 INFO  execution-log - [Sequence No - 11]	 Command completed.
----------------
2019-02-06 01:08:49,030 INFO  execution-log - [Sequence No - 12] Beginning ValidateExistStatusCommand ( LogicalFieldName : First Name, LogicalFieldValue : True )
----------------
2019-02-06 01:08:49,066 INFO  execution-log - [Sequence No - 12]	 Command completed.
----------------
2019-02-06 01:08:49,084 INFO  execution-log - [Sequence No - 13] Beginning TestDataCommand ( LogicalFieldName : First Name, LogicalFieldValue : Jack )
----------------
2019-02-06 01:08:54,411 INFO  execution-log - [Sequence No - 13]	 Command completed.
----------------
2019-02-06 01:08:54,422 INFO  execution-log - [Sequence No - 14] Beginning ValidateEnableStatusCommand ( LogicalFieldName : Last Name, LogicalFieldValue : True )
----------------
2019-02-06 01:08:54,467 INFO  execution-log - [Sequence No - 14]	 Command completed.
----------------
2019-02-06 01:08:54,478 INFO  execution-log - [Sequence No - 15] Beginning TestDataCommand ( LogicalFieldName : Last Name, LogicalFieldValue : Smith )
----------------
2019-02-06 01:08:59,486 INFO  execution-log - [Sequence No - 15]	 Command completed.
----------------
2019-02-06 01:08:59,500 INFO  execution-log - [Sequence No - 16] Beginning ValidateExistStatusCommand ( LogicalFieldName : ContactNumber1, LogicalFieldValue : True )
----------------
2019-02-06 01:08:59,555 INFO  execution-log - [Sequence No - 16]	 Command completed.
----------------
2019-02-06 01:08:59,568 INFO  execution-log - [Sequence No - 17] Beginning TestDataCommand ( LogicalFieldName : ContactNumber1, LogicalFieldValue : 654 )
----------------
2019-02-06 01:09:11,900 INFO  execution-log - [Sequence No - 17]	 Command completed.
----------------
2019-02-06 01:09:11,911 INFO  execution-log - [Sequence No - 18] Beginning TestDataCommand ( LogicalFieldName : ContactNumber2, LogicalFieldValue : 321 )
----------------
2019-02-06 01:09:19,880 INFO  execution-log - [Sequence No - 18]	 Command completed.
----------------
2019-02-06 01:09:19,891 INFO  execution-log - [Sequence No - 19] Beginning TestDataCommand ( LogicalFieldName : ContactNumber3, LogicalFieldValue : 6541 )
----------------
2019-02-06 01:09:33,039 INFO  execution-log - [Sequence No - 19]	 Command completed.
----------------
2019-02-06 01:09:33,050 INFO  execution-log - [Sequence No - 20] Beginning ValidateExistStatusCommand ( LogicalFieldName : Primary Email, LogicalFieldValue : True )
----------------
2019-02-06 01:09:33,071 INFO  execution-log - [Sequence No - 20]	 Command completed.
----------------
2019-02-06 01:09:33,079 INFO  execution-log - [Sequence No - 21] Beginning TestDataCommand ( LogicalFieldName : Primary Email, LogicalFieldValue : jack.smith@gmail.com )
----------------
2019-02-06 01:09:36,569 INFO  execution-log - [Sequence No - 21]	 Command completed.
----------------
2019-02-06 01:09:36,580 INFO  execution-log - [Sequence No - 22] Beginning ValidateExistStatusCommand ( LogicalFieldName : Business Started Year, LogicalFieldValue : True )
----------------
2019-02-06 01:09:36,602 INFO  execution-log - [Sequence No - 22]	 Command completed.
----------------
2019-02-06 01:09:36,611 INFO  execution-log - [Sequence No - 23] Beginning TestDataCommand ( LogicalFieldName : Business Started Year, LogicalFieldValue : 2012 )
----------------
2019-02-06 01:09:38,995 INFO  execution-log - [Sequence No - 23]	 Command completed.
----------------
2019-02-06 01:09:39,005 INFO  execution-log - [Sequence No - 24] Beginning ValidateExistStatusCommand ( LogicalFieldName : Select Product, LogicalFieldValue : True )
----------------
2019-02-06 01:09:39,026 INFO  execution-log - [Sequence No - 24]	 Command completed.
----------------
2019-02-06 01:09:39,035 INFO  execution-log - [Sequence No - 25] Beginning ActionCommand ( LogicalFieldName : Select Product, LogicalFieldValue : Click )
----------------
2019-02-06 01:09:43,166 INFO  execution-log - [Sequence No - 25]	 Command completed.
----------------
2019-02-06 01:09:43,188 INFO  execution-log - [Sequence No - 26] Beginning ActionCommand ( LogicalFieldName : Select Product1, LogicalFieldValue : Click )
----------------
2019-02-06 01:09:43,342 INFO  execution-log - [Sequence No - 26]	 Command completed.
----------------
2019-02-06 01:09:43,355 INFO  execution-log - [Sequence No - 27] Beginning ValidateExistStatusCommand ( LogicalFieldName : Contact Name, LogicalFieldValue : True )
----------------
2019-02-06 01:09:43,403 INFO  execution-log - [Sequence No - 27]	 Command completed.
----------------
2019-02-06 01:09:43,416 INFO  execution-log - [Sequence No - 28] Beginning ActionCommand ( LogicalFieldName : Contact Name, LogicalFieldValue : Click )
----------------
2019-02-06 01:09:43,572 INFO  execution-log - [Sequence No - 28]	 Command completed.
----------------
2019-02-06 01:09:43,582 INFO  execution-log - [Sequence No - 29] Beginning ActionCommand ( LogicalFieldName : Contact Name Initial Select, LogicalFieldValue : Click )
----------------
2019-02-06 01:09:44,245 INFO  execution-log - [Sequence No - 29]	 Command completed.
----------------
2019-02-06 01:09:44,257 INFO  execution-log - [Sequence No - 30] Beginning ValidateExistStatusCommand ( LogicalFieldName : Industry, LogicalFieldValue : True )
----------------
2019-02-06 01:09:44,280 INFO  execution-log - [Sequence No - 30]	 Command completed.
----------------
2019-02-06 01:09:44,290 INFO  execution-log - [Sequence No - 31] Beginning ActionCommand ( LogicalFieldName : Industry, LogicalFieldValue : Click )
----------------
2019-02-06 01:09:44,458 INFO  execution-log - [Sequence No - 31]	 Command completed.
----------------
2019-02-06 01:09:44,473 INFO  execution-log - [Sequence No - 32] Beginning ActionCommand ( LogicalFieldName : Industry1, LogicalFieldValue : Click )
----------------
2019-02-06 01:09:44,649 INFO  execution-log - [Sequence No - 32]	 Command completed.
----------------
2019-02-06 01:09:44,660 INFO  execution-log - [Sequence No - 33] Beginning ValidateExistStatusCommand ( LogicalFieldName : Zip Code, LogicalFieldValue : True )
----------------
2019-02-06 01:09:44,703 INFO  execution-log - [Sequence No - 33]	 Command completed.
----------------
2019-02-06 01:09:44,713 INFO  execution-log - [Sequence No - 34] Beginning TestDataCommand ( LogicalFieldName : Zip Code, LogicalFieldValue : 53704 )
----------------
2019-02-06 01:09:48,702 INFO  execution-log - [Sequence No - 34]	 Command completed.
----------------
2019-02-06 01:09:48,714 INFO  execution-log - [Sequence No - 35] Beginning ActionCommand ( LogicalFieldName : zipcode click, LogicalFieldValue : Click )
----------------
2019-02-06 01:09:49,079 INFO  execution-log - [Sequence No - 35]	 Command completed.
----------------
2019-02-06 01:09:49,091 INFO  execution-log - [Sequence No - 36] Beginning ValidateExistStatusCommand ( LogicalFieldName : Street Address, LogicalFieldValue : True )
----------------
2019-02-06 01:09:49,117 INFO  execution-log - [Sequence No - 36]	 Command completed.
----------------
2019-02-06 01:09:49,127 INFO  execution-log - [Sequence No - 37] Beginning TestDataCommand ( LogicalFieldName : Street Address, LogicalFieldValue : 123 BLUEJAY LN )
----------------
2019-02-06 01:09:51,644 INFO  execution-log - [Sequence No - 37]	 Command completed.
----------------
2019-02-06 01:09:51,663 INFO  execution-log - [Sequence No - 38] Beginning ValidateExistStatusCommand ( LogicalFieldName : Same as Physical Address, LogicalFieldValue : True )
----------------
2019-02-06 01:09:51,689 INFO  execution-log - [Sequence No - 38]	 Command completed.
----------------
2019-02-06 01:09:51,699 INFO  execution-log - [Sequence No - 39] Beginning ActionCommand ( LogicalFieldName : Same as Physical Address, LogicalFieldValue : Click )
----------------
2019-02-06 01:09:51,817 INFO  execution-log - [Sequence No - 39]	 Command completed.
----------------
2019-02-06 01:09:51,833 INFO  execution-log - [Sequence No - 40] Beginning ValidateEnableStatusCommand ( LogicalFieldName : Proceed, LogicalFieldValue : True )
----------------
2019-02-06 01:09:51,866 INFO  execution-log - [Sequence No - 40]	 Command completed.
----------------
2019-02-06 01:09:51,877 INFO  execution-log - [Sequence No - 41] Beginning ActionCommand ( LogicalFieldName : Proceed, LogicalFieldValue : Click )
----------------
2019-02-06 01:09:52,075 INFO  execution-log - [Sequence No - 41]	 Command completed.
----------------
2019-02-06 01:09:52,085 INFO  execution-log - 	 Command completed.
----------------
2019-02-06 01:09:52,092 INFO  execution-log -  Beginning PageCommand ( CurrentPage : Insured Info, FlowIdentifier : 4, DiIndicator : DI )
----------------
2019-02-06 01:09:52,100 INFO  execution-log - 	 Command completed.
----------------
2019-02-06 01:09:52,106 INFO  execution-log -  Beginning LoadTestDataItemCommand ( CurrentPage : Insured Info, FlowIdentifier : 4, DiIndicator : DI )
----------------
2019-02-06 01:09:52,128 INFO  execution-log - [Sequence No - 42] Beginning ValidateEnableStatusCommand ( LogicalFieldName : InsuredName, LogicalFieldValue : True )
----------------
2019-02-06 01:09:53,889 INFO  execution-log - [Sequence No - 42]	 Command completed.
----------------
2019-02-06 01:09:53,900 INFO  execution-log - [Sequence No - 43] Beginning TestDataCommand ( LogicalFieldName : InsuredName, LogicalFieldValue : Smith )
----------------
2019-02-06 01:10:13,745 INFO  execution-log - [Sequence No - 43]	 Command completed.
----------------
2019-02-06 01:10:13,756 INFO  execution-log - [Sequence No - 44] Beginning ValidateEnableStatusCommand ( LogicalFieldName : Primary State Click, LogicalFieldValue : True )
----------------
2019-02-06 01:10:13,788 INFO  execution-log - [Sequence No - 44]	 Command completed.
----------------
2019-02-06 01:10:13,797 INFO  execution-log - [Sequence No - 45] Beginning ActionCommand ( LogicalFieldName : Primary State Click, LogicalFieldValue : Click )
----------------
2019-02-06 01:10:13,955 INFO  execution-log - [Sequence No - 45]	 Command completed.
----------------
2019-02-06 01:10:13,966 INFO  execution-log - [Sequence No - 46] Beginning ActionCommand ( LogicalFieldName : PrimayState Select, LogicalFieldValue : Click )
----------------
2019-02-06 01:10:14,156 INFO  execution-log - [Sequence No - 46]	 Command completed.
----------------
2019-02-06 01:10:14,169 INFO  execution-log - [Sequence No - 47] Beginning ValidateExistStatusCommand ( LogicalFieldName : Street Address, LogicalFieldValue : True )
----------------
2019-02-06 01:10:14,193 INFO  execution-log - [Sequence No - 47]	 Command completed.
----------------
2019-02-06 01:10:14,205 INFO  execution-log - [Sequence No - 48] Beginning TestDataCommand ( LogicalFieldName : Street Address, LogicalFieldValue : 123 new street )
----------------
2019-02-06 01:10:20,723 INFO  execution-log - [Sequence No - 48]	 Command completed.
----------------
2019-02-06 01:10:20,739 INFO  execution-log - [Sequence No - 49] Beginning ValidateExistStatusCommand ( LogicalFieldName : Zip Code, LogicalFieldValue : True )
----------------
2019-02-06 01:10:20,762 INFO  execution-log - [Sequence No - 49]	 Command completed.
----------------
2019-02-06 01:10:20,773 INFO  execution-log - [Sequence No - 50] Beginning TestDataCommand ( LogicalFieldName : Zip Code, LogicalFieldValue : 53704 )
----------------
2019-02-06 01:10:24,546 INFO  execution-log - [Sequence No - 50]	 Command completed.
----------------
2019-02-06 01:10:24,556 INFO  execution-log - [Sequence No - 51] Beginning ValidateExistStatusCommand ( LogicalFieldName : Same as Physical Address, LogicalFieldValue : True )
----------------
2019-02-06 01:10:24,579 INFO  execution-log - [Sequence No - 51]	 Command completed.
----------------
2019-02-06 01:10:24,589 INFO  execution-log - [Sequence No - 52] Beginning ActionCommand ( LogicalFieldName : Same as Physical Address, LogicalFieldValue : Click )
----------------
2019-02-06 01:10:24,792 INFO  execution-log - [Sequence No - 52]	 Command completed.
----------------
2019-02-06 01:10:24,817 INFO  execution-log - [Sequence No - 53] Beginning ValidateExistStatusCommand ( LogicalFieldName : SIC Code, LogicalFieldValue : True )
----------------
2019-02-06 01:10:24,852 INFO  execution-log - [Sequence No - 53]	 Command completed.
----------------
2019-02-06 01:10:24,866 INFO  execution-log - [Sequence No - 54] Beginning TestDataCommand ( LogicalFieldName : SIC Code, LogicalFieldValue : 41510000-School buses )
----------------
2019-02-06 01:10:30,102 INFO  execution-log - [Sequence No - 54]	 Command completed.
----------------
2019-02-06 01:10:30,120 INFO  execution-log - [Sequence No - 55] Beginning ValidateExistStatusCommand ( LogicalFieldName : BusinessInceptionYear, LogicalFieldValue : True )
----------------
2019-02-06 01:10:30,142 INFO  execution-log - [Sequence No - 55]	 Command completed.
----------------
2019-02-06 01:10:30,152 INFO  execution-log - [Sequence No - 56] Beginning TestDataCommand ( LogicalFieldName : BusinessInceptionYear, LogicalFieldValue : 2012 )
----------------
2019-02-06 01:10:32,648 INFO  execution-log - [Sequence No - 56]	 Command completed.
----------------
2019-02-06 01:10:32,658 INFO  execution-log - [Sequence No - 57] Beginning ValidateExistStatusCommand ( LogicalFieldName : BusinessPhone, LogicalFieldValue : True )
----------------
2019-02-06 01:10:32,682 INFO  execution-log - [Sequence No - 57]	 Command completed.
----------------
2019-02-06 01:10:32,691 INFO  execution-log - [Sequence No - 58] Beginning TestDataCommand ( LogicalFieldName : BusinessPhone, LogicalFieldValue : 6549879879 )
----------------
2019-02-06 01:10:51,191 INFO  execution-log - [Sequence No - 58]	 Command completed.
----------------
2019-02-06 01:10:51,203 INFO  execution-log - [Sequence No - 59] Beginning ValidateEnableStatusCommand ( LogicalFieldName : Next, LogicalFieldValue : True )
----------------
2019-02-06 01:10:51,237 INFO  execution-log - [Sequence No - 59]	 Command completed.
----------------
2019-02-06 01:10:51,247 INFO  execution-log - [Sequence No - 60] Beginning ActionCommand ( LogicalFieldName : Next, LogicalFieldValue : Click )
----------------
2019-02-06 01:10:51,396 INFO  execution-log - [Sequence No - 60]	 Command completed.
----------------
2019-02-06 01:10:51,403 INFO  execution-log - 	 Command completed.
----------------
2019-02-06 01:10:51,408 INFO  execution-log -  Beginning PageCommand ( CurrentPage : Policy Info, FlowIdentifier : 5, DiIndicator : DI )
----------------
2019-02-06 01:10:51,413 INFO  execution-log - 	 Command completed.
----------------
2019-02-06 01:10:51,422 INFO  execution-log -  Beginning LoadTestDataItemCommand ( CurrentPage : Policy Info, FlowIdentifier : 5, DiIndicator : DI )
----------------
2019-02-06 01:10:51,438 INFO  execution-log - [Sequence No - 61] Beginning ValidateEnableStatusCommand ( LogicalFieldName : Which State do u operate In?, LogicalFieldValue : True )
----------------
2019-02-06 01:10:52,109 INFO  execution-log - [Sequence No - 61]	 Command completed.
----------------
2019-02-06 01:10:52,136 INFO  execution-log - [Sequence No - 62] Beginning ActionCommand ( LogicalFieldName : Which State do u operate In?, LogicalFieldValue : Click )
----------------
2019-02-06 01:10:52,548 INFO  execution-log - [Sequence No - 62]	 Command completed.
----------------
2019-02-06 01:10:52,562 INFO  execution-log - [Sequence No - 63] Beginning ActionCommand ( LogicalFieldName : Which State do u operate In?1, LogicalFieldValue : Click )
----------------
2019-02-06 01:10:53,212 INFO  execution-log - [Sequence No - 63]	 Command completed.
----------------
2019-02-06 01:10:53,222 INFO  execution-log - [Sequence No - 64] Beginning ActionCommand ( LogicalFieldName : Label Click, LogicalFieldValue : Click )
----------------
2019-02-06 01:10:53,388 INFO  execution-log - [Sequence No - 64]	 Command completed.
----------------
2019-02-06 01:10:53,402 INFO  execution-log - [Sequence No - 65] Beginning ActionCommand ( LogicalFieldName : Collapse, LogicalFieldValue : Click )
----------------
2019-02-06 01:10:53,616 INFO  execution-log - [Sequence No - 65]	 Command completed.
----------------
2019-02-06 01:10:53,627 INFO  execution-log - [Sequence No - 66] Beginning ValidateEnableStatusCommand ( LogicalFieldName : Select Product, LogicalFieldValue : True )
----------------
2019-02-06 01:10:53,670 INFO  execution-log - [Sequence No - 66]	 Command completed.
----------------
2019-02-06 01:10:53,679 INFO  execution-log - [Sequence No - 67] Beginning ActionCommand ( LogicalFieldName : Select Product, LogicalFieldValue : Click-Wait(2000) )
----------------
2019-02-06 01:10:57,846 INFO  execution-log - [Sequence No - 67]	 Command completed.
----------------
2019-02-06 01:10:57,857 INFO  execution-log - [Sequence No - 68] Beginning ActionCommand ( LogicalFieldName : Select Product 1, LogicalFieldValue : Click )
----------------
2019-02-06 01:11:00,291 INFO  execution-log - [Sequence No - 68]	 Command completed.
----------------
2019-02-06 01:11:00,308 INFO  execution-log - [Sequence No - 69] Beginning ValidateEnableStatusCommand ( LogicalFieldName : Next Policy Info, LogicalFieldValue : True )
----------------
2019-02-06 01:11:00,352 INFO  execution-log - [Sequence No - 69]	 Command completed.
----------------
2019-02-06 01:11:00,368 INFO  execution-log - [Sequence No - 70] Beginning ActionCommand ( LogicalFieldName : Next Policy Info, LogicalFieldValue : Click(1000) )
----------------
2019-02-06 01:11:00,498 INFO  execution-log - [Sequence No - 70]	 Command completed.
----------------
2019-02-06 01:11:00,505 INFO  execution-log - 	 Command completed.
----------------
2019-02-06 01:11:02,445 INFO  execution-log - Saving captured values to file.
----------------
2019-02-06 01:11:02,451 INFO  execution-log - TC # : 1, has completed successfully.
----------------
