2019-01-29 05:24:38,358 INFO  execution-log - 	Initializing control map with map # MASTER
----------------
2019-01-29 05:24:38,364 INFO  execution-log - Initializing Test Automation
----------------
2019-01-29 05:24:38,369 INFO  execution-log - 	target browser: Chrome
----------------
2019-01-29 05:24:38,375 INFO  execution-log - TC # : 1, Downloading test case from DB
----------------
2019-01-29 05:24:38,386 INFO  execution-log - TC # : 1, Getting control map :MASTER from DB
----------------
2019-01-29 05:24:38,388 INFO  execution-log - TC # : 1, Getting test data from DB
----------------
2019-01-29 05:24:38,395 INFO  execution-log - TC # : 1, Control map retrieval completed
----------------
2019-01-29 05:24:38,403 INFO  execution-log - TC # : 1, Test data retrieval completed
----------------
2019-01-29 05:24:38,407 INFO  execution-log - TC # : 1, Parsing commands
----------------
2019-01-29 05:24:38,411 INFO  execution-log - Loading captured values from persistence.
----------------
2019-01-29 05:24:38,416 INFO  execution-log - TC # : 1, Started executing test case in the VMTESTAPP1 environment (http://vam-qa.cloudapp.net:6363/pages/login.html)
----------------
2019-01-29 05:24:38,442 INFO  execution-log -  Beginning StartIterationCommand ( Iterations : 1 )
----------------
2019-01-29 05:24:38,446 INFO  execution-log - TC # : 1, Starting iteration #1
----------------
2019-01-29 05:24:38,451 INFO  execution-log - 	 Command completed.
----------------
2019-01-29 05:24:38,455 INFO  execution-log -  Beginning InvokeApplicationCommand ( Target :  )
----------------
2019-01-29 05:24:39,277 INFO  execution-log - 	 Command completed.
----------------
2019-01-29 05:24:39,283 INFO  execution-log -  Beginning PageCommand ( CurrentPage : Login, FlowIdentifier : 1, DiIndicator : DI )
----------------
2019-01-29 05:24:39,289 INFO  execution-log - 	 Command completed.
----------------
2019-01-29 05:24:39,298 INFO  execution-log -  Beginning LoadTestDataItemCommand ( CurrentPage : Login, FlowIdentifier : 1, DiIndicator : DI )
----------------
2019-01-29 05:24:39,313 INFO  execution-log - [Sequence No - 1] Beginning ValidateExistStatusCommand ( LogicalFieldName : User Name, LogicalFieldValue : True )
----------------
2019-01-29 05:24:39,335 INFO  execution-log - [Sequence No - 1]	 Command completed.
----------------
2019-01-29 05:24:39,344 INFO  execution-log - [Sequence No - 2] Beginning ActionCommand ( LogicalFieldName : User Name, LogicalFieldValue : Click )
----------------
2019-01-29 05:24:39,469 INFO  execution-log - [Sequence No - 2]	 Command completed.
----------------
2019-01-29 05:24:39,482 INFO  execution-log - [Sequence No - 3] Beginning TestDataCommand ( LogicalFieldName : User Name, LogicalFieldValue : Jack )
----------------
2019-01-29 05:24:39,573 INFO  execution-log - [Sequence No - 3]	 Command completed.
----------------
2019-01-29 05:24:39,582 INFO  execution-log - [Sequence No - 4] Beginning ValidateExistStatusCommand ( LogicalFieldName : Password, LogicalFieldValue : True )
----------------
2019-01-29 05:24:39,604 INFO  execution-log - [Sequence No - 4]	 Command completed.
----------------
2019-01-29 05:24:39,612 INFO  execution-log - [Sequence No - 5] Beginning TestDataCommand ( LogicalFieldName : Password, LogicalFieldValue : Smit@123 )
----------------
2019-01-29 05:24:39,747 INFO  execution-log - [Sequence No - 5]	 Command completed.
----------------
2019-01-29 05:24:39,758 INFO  execution-log - [Sequence No - 6] Beginning ValidateEnableStatusCommand ( LogicalFieldName : Login_Button, LogicalFieldValue : True )
----------------
2019-01-29 05:24:39,790 INFO  execution-log - [Sequence No - 6]	 Command completed.
----------------
2019-01-29 05:24:39,798 INFO  execution-log - [Sequence No - 7] Beginning ActionCommand ( LogicalFieldName : Login_Button, LogicalFieldValue : Click )
----------------
2019-01-29 05:24:39,909 INFO  execution-log - [Sequence No - 7]	 Command completed.
----------------
2019-01-29 05:24:39,916 INFO  execution-log - 	 Command completed.
----------------
2019-01-29 05:24:39,922 INFO  execution-log -  Beginning PageCommand ( CurrentPage : Home, FlowIdentifier : 2, DiIndicator : DI )
----------------
2019-01-29 05:24:39,927 INFO  execution-log - 	 Command completed.
----------------
2019-01-29 05:24:39,932 INFO  execution-log -  Beginning LoadTestDataItemCommand ( CurrentPage : Home, FlowIdentifier : 2, DiIndicator : DI )
----------------
2019-01-29 05:24:39,945 INFO  execution-log - [Sequence No - 8] Beginning ActionCommand ( LogicalFieldName : New Quote, LogicalFieldValue : Click )
----------------
2019-01-29 05:24:41,633 INFO  execution-log - [Sequence No - 8]	 Command completed.
----------------
2019-01-29 05:24:41,641 INFO  execution-log - 	 Command completed.
----------------
2019-01-29 05:24:41,653 INFO  execution-log -  Beginning LoadTestDataItemCommand ( CurrentPage : New Quote, FlowIdentifier : 3, DiIndicator : DI )
----------------
2019-01-29 05:24:41,663 INFO  execution-log - 	 Command completed.
----------------
2019-01-29 05:24:41,678 INFO  execution-log - Saving captured values to file.
----------------
2019-01-29 05:24:41,686 INFO  execution-log - TC # : 1, has completed successfully.
----------------
