2019-02-07 06:22:58,893 INFO  execution-log - 	Initializing control map with map # MASTER
----------------
2019-02-07 06:22:58,899 INFO  execution-log - Initializing Test Automation
----------------
2019-02-07 06:22:58,903 INFO  execution-log - 	target browser: Chrome
----------------
2019-02-07 06:23:01,329 INFO  execution-log - TC # : 1, Downloading test case from DB
----------------
2019-02-07 06:23:01,348 INFO  execution-log - TC # : 1, Getting control map :MASTER from DB
----------------
2019-02-07 06:23:01,349 INFO  execution-log - TC # : 1, Getting test data from DB
----------------
2019-02-07 06:23:01,373 INFO  execution-log - TC # : 1, Control map retrieval completed
----------------
2019-02-07 06:23:02,393 INFO  execution-log - TC # : 1, Test data retrieval completed
----------------
2019-02-07 06:23:02,410 INFO  execution-log - TC # : 1, Parsing commands
----------------
2019-02-07 06:23:02,423 INFO  execution-log - Loading captured values from persistence.
----------------
2019-02-07 06:23:02,429 INFO  execution-log - TC # : 1, Started executing test case in the VMTESTAPP1 environment (http://vam-qa.cloudapp.net:6363/pages/login.html)
----------------
2019-02-07 06:23:03,782 INFO  execution-log -  Beginning StartIterationCommand ( Iterations : 1 )
----------------
2019-02-07 06:23:03,798 INFO  execution-log - TC # : 1, Starting iteration #1
----------------
2019-02-07 06:23:03,807 INFO  execution-log - 	 Command completed.
----------------
2019-02-07 06:23:03,817 INFO  execution-log -  Beginning InvokeApplicationCommand ( Target :  )
----------------
2019-02-07 06:23:04,875 INFO  execution-log - 	 Command completed.
----------------
2019-02-07 06:23:04,883 INFO  execution-log -  Beginning PageCommand ( CurrentPage : Login, FlowIdentifier : 1, DiIndicator : DI )
----------------
2019-02-07 06:23:04,894 INFO  execution-log - 	 Command completed.
----------------
2019-02-07 06:23:04,901 INFO  execution-log -  Beginning LoadTestDataItemCommand ( CurrentPage : Login, FlowIdentifier : 1, DiIndicator : DI )
----------------
2019-02-07 06:23:04,917 INFO  execution-log - [Sequence No - 1] Beginning ValidateExistStatusCommand ( LogicalFieldName : User Name, LogicalFieldValue : True )
----------------
2019-02-07 06:23:04,942 INFO  execution-log - [Sequence No - 1]	 Command completed.
----------------
2019-02-07 06:23:04,965 INFO  execution-log - [Sequence No - 2] Beginning ActionCommand ( LogicalFieldName : User Name, LogicalFieldValue : Click )
----------------
2019-02-07 06:23:05,107 INFO  execution-log - [Sequence No - 2]	 Command completed.
----------------
2019-02-07 06:23:05,120 INFO  execution-log - [Sequence No - 3] Beginning TestDataCommand ( LogicalFieldName : User Name, LogicalFieldValue : Jack )
----------------
2019-02-07 06:23:05,256 INFO  execution-log - [Sequence No - 3]	 Command completed.
----------------
2019-02-07 06:23:05,312 INFO  execution-log - [Sequence No - 4] Beginning ValidateExistStatusCommand ( LogicalFieldName : Password, LogicalFieldValue : True )
----------------
2019-02-07 06:23:05,338 INFO  execution-log - [Sequence No - 4]	 Command completed.
----------------
2019-02-07 06:23:05,438 INFO  execution-log - [Sequence No - 5] Beginning TestDataCommand ( LogicalFieldName : Password, LogicalFieldValue : Smit@123 )
----------------
2019-02-07 06:23:05,592 INFO  execution-log - [Sequence No - 5]	 Command completed.
----------------
2019-02-07 06:23:05,604 INFO  execution-log - [Sequence No - 6] Beginning ValidateEnableStatusCommand ( LogicalFieldName : Login_Button, LogicalFieldValue : True )
----------------
2019-02-07 06:23:05,635 INFO  execution-log - [Sequence No - 6]	 Command completed.
----------------
2019-02-07 06:23:05,644 INFO  execution-log - [Sequence No - 7] Beginning ActionCommand ( LogicalFieldName : Login_Button, LogicalFieldValue : Click )
----------------
2019-02-07 06:23:05,854 INFO  execution-log - [Sequence No - 7]	 Command completed.
----------------
2019-02-07 06:23:05,862 INFO  execution-log - 	 Command completed.
----------------
2019-02-07 06:23:05,869 INFO  execution-log -  Beginning PageCommand ( CurrentPage : Home, FlowIdentifier : 2, DiIndicator : DI )
----------------
2019-02-07 06:23:05,874 INFO  execution-log - 	 Command completed.
----------------
2019-02-07 06:23:05,889 INFO  execution-log -  Beginning LoadTestDataItemCommand ( CurrentPage : Home, FlowIdentifier : 2, DiIndicator : DI )
----------------
2019-02-07 06:23:05,963 INFO  execution-log - [Sequence No - 8] Beginning ValidateEnableStatusCommand ( LogicalFieldName : New Quote, LogicalFieldValue : True )
----------------
2019-02-07 06:23:09,907 INFO  execution-log - [Sequence No - 8]	 Command completed.
----------------
2019-02-07 06:23:09,939 INFO  execution-log - [Sequence No - 9] Beginning ActionCommand ( LogicalFieldName : New Quote, LogicalFieldValue : Click )
----------------
2019-02-07 06:23:12,944 INFO  execution-log - [Sequence No - 9]	 Command completed.
----------------
2019-02-07 06:23:12,986 INFO  execution-log - 	 Command completed.
----------------
2019-02-07 06:23:12,999 INFO  execution-log -  Beginning PageCommand ( CurrentPage : New Quote, FlowIdentifier : 3, DiIndicator : DI )
----------------
2019-02-07 06:23:13,004 INFO  execution-log - 	 Command completed.
----------------
2019-02-07 06:23:13,009 INFO  execution-log -  Beginning LoadTestDataItemCommand ( CurrentPage : New Quote, FlowIdentifier : 3, DiIndicator : DI )
----------------
2019-02-07 06:23:13,087 INFO  execution-log - [Sequence No - 10] Beginning ValidateExistStatusCommand ( LogicalFieldName : Account Name, LogicalFieldValue : True )
----------------
2019-02-07 06:23:13,453 INFO  execution-log - [Sequence No - 10]	 Command completed.
----------------
2019-02-07 06:23:13,473 INFO  execution-log - [Sequence No - 11] Beginning TestDataCommand ( LogicalFieldName : Account Name, LogicalFieldValue : RANDOMIZE(7,2) )
----------------
2019-02-07 06:23:14,504 INFO  execution-log - [Sequence No - 11]	 Command completed.
----------------
2019-02-07 06:23:14,514 INFO  execution-log - [Sequence No - 12] Beginning ValidateExistStatusCommand ( LogicalFieldName : First Name, LogicalFieldValue : True )
----------------
2019-02-07 06:23:14,561 INFO  execution-log - [Sequence No - 12]	 Command completed.
----------------
2019-02-07 06:23:14,573 INFO  execution-log - [Sequence No - 13] Beginning TestDataCommand ( LogicalFieldName : First Name, LogicalFieldValue : Jack )
----------------
2019-02-07 06:23:15,088 INFO  execution-log - [Sequence No - 13]	 Command completed.
----------------
2019-02-07 06:23:15,101 INFO  execution-log - [Sequence No - 14] Beginning ValidateEnableStatusCommand ( LogicalFieldName : Last Name, LogicalFieldValue : True )
----------------
2019-02-07 06:23:15,172 INFO  execution-log - [Sequence No - 14]	 Command completed.
----------------
2019-02-07 06:23:15,193 INFO  execution-log - [Sequence No - 15] Beginning TestDataCommand ( LogicalFieldName : Last Name, LogicalFieldValue : Smith )
----------------
2019-02-07 06:23:16,155 INFO  execution-log - [Sequence No - 15]	 Command completed.
----------------
2019-02-07 06:23:16,167 INFO  execution-log - [Sequence No - 16] Beginning ValidateExistStatusCommand ( LogicalFieldName : ContactNumber1, LogicalFieldValue : True )
----------------
2019-02-07 06:23:16,289 INFO  execution-log - [Sequence No - 16]	 Command completed.
----------------
2019-02-07 06:23:16,303 INFO  execution-log - [Sequence No - 17] Beginning TestDataCommand ( LogicalFieldName : ContactNumber1, LogicalFieldValue : 654 )
----------------
2019-02-07 06:23:16,653 INFO  execution-log - [Sequence No - 17]	 Command completed.
----------------
2019-02-07 06:23:16,666 INFO  execution-log - [Sequence No - 18] Beginning TestDataCommand ( LogicalFieldName : ContactNumber2, LogicalFieldValue : 321 )
----------------
2019-02-07 06:23:17,002 INFO  execution-log - [Sequence No - 18]	 Command completed.
----------------
2019-02-07 06:23:17,018 INFO  execution-log - [Sequence No - 19] Beginning TestDataCommand ( LogicalFieldName : ContactNumber3, LogicalFieldValue : 6541 )
----------------
2019-02-07 06:23:17,422 INFO  execution-log - [Sequence No - 19]	 Command completed.
----------------
2019-02-07 06:23:17,474 INFO  execution-log - [Sequence No - 20] Beginning ValidateExistStatusCommand ( LogicalFieldName : Primary Email, LogicalFieldValue : True )
----------------
2019-02-07 06:23:17,569 INFO  execution-log - [Sequence No - 20]	 Command completed.
----------------
2019-02-07 06:23:17,582 INFO  execution-log - [Sequence No - 21] Beginning TestDataCommand ( LogicalFieldName : Primary Email, LogicalFieldValue : jack.smith@gmail.com )
----------------
2019-02-07 06:23:18,245 INFO  execution-log - [Sequence No - 21]	 Command completed.
----------------
2019-02-07 06:23:18,255 INFO  execution-log - [Sequence No - 22] Beginning ValidateExistStatusCommand ( LogicalFieldName : Business Started Year, LogicalFieldValue : True )
----------------
2019-02-07 06:23:18,280 INFO  execution-log - [Sequence No - 22]	 Command completed.
----------------
2019-02-07 06:23:18,289 INFO  execution-log - [Sequence No - 23] Beginning TestDataCommand ( LogicalFieldName : Business Started Year, LogicalFieldValue : 2012 )
----------------
2019-02-07 06:23:18,563 INFO  execution-log - [Sequence No - 23]	 Command completed.
----------------
2019-02-07 06:23:18,573 INFO  execution-log - [Sequence No - 24] Beginning ValidateExistStatusCommand ( LogicalFieldName : Select Product, LogicalFieldValue : True )
----------------
2019-02-07 06:23:18,596 INFO  execution-log - [Sequence No - 24]	 Command completed.
----------------
2019-02-07 06:23:18,606 INFO  execution-log - [Sequence No - 25] Beginning ActionCommand ( LogicalFieldName : Select Product, LogicalFieldValue : Click )
----------------
2019-02-07 06:23:18,831 INFO  execution-log - [Sequence No - 25]	 Command completed.
----------------
2019-02-07 06:23:18,845 INFO  execution-log - [Sequence No - 26] Beginning ActionCommand ( LogicalFieldName : Select Product1, LogicalFieldValue : Click )
----------------
2019-02-07 06:23:19,273 INFO  execution-log - [Sequence No - 26]	 Command completed.
----------------
2019-02-07 06:23:19,303 INFO  execution-log - [Sequence No - 27] Beginning ValidateExistStatusCommand ( LogicalFieldName : Contact Name, LogicalFieldValue : True )
----------------
2019-02-07 06:23:19,355 INFO  execution-log - [Sequence No - 27]	 Command completed.
----------------
2019-02-07 06:23:19,366 INFO  execution-log - [Sequence No - 28] Beginning ActionCommand ( LogicalFieldName : Contact Name, LogicalFieldValue : Click )
----------------
2019-02-07 06:23:19,698 INFO  execution-log - [Sequence No - 28]	 Command completed.
----------------
2019-02-07 06:23:19,710 INFO  execution-log - [Sequence No - 29] Beginning ActionCommand ( LogicalFieldName : Contact Name Initial Select, LogicalFieldValue : Click )
----------------
2019-02-07 06:23:19,964 INFO  execution-log - [Sequence No - 29]	 Command completed.
----------------
2019-02-07 06:23:19,979 INFO  execution-log - [Sequence No - 30] Beginning ValidateExistStatusCommand ( LogicalFieldName : Industry, LogicalFieldValue : True )
----------------
2019-02-07 06:23:20,035 INFO  execution-log - [Sequence No - 30]	 Command completed.
----------------
2019-02-07 06:23:20,044 INFO  execution-log - [Sequence No - 31] Beginning ActionCommand ( LogicalFieldName : Industry, LogicalFieldValue : Click )
----------------
2019-02-07 06:23:20,310 INFO  execution-log - [Sequence No - 31]	 Command completed.
----------------
2019-02-07 06:23:20,327 INFO  execution-log - [Sequence No - 32] Beginning ActionCommand ( LogicalFieldName : Industry1, LogicalFieldValue : Click )
----------------
2019-02-07 06:23:20,726 INFO  execution-log - [Sequence No - 32]	 Command completed.
----------------
2019-02-07 06:23:20,736 INFO  execution-log - [Sequence No - 33] Beginning ValidateExistStatusCommand ( LogicalFieldName : Zip Code, LogicalFieldValue : True )
----------------
2019-02-07 06:23:20,804 INFO  execution-log - [Sequence No - 33]	 Command completed.
----------------
2019-02-07 06:23:20,823 INFO  execution-log - [Sequence No - 34] Beginning TestDataCommand ( LogicalFieldName : Zip Code, LogicalFieldValue : 53704 )
----------------
2019-02-07 06:23:21,061 INFO  execution-log - [Sequence No - 34]	 Command completed.
----------------
2019-02-07 06:23:21,072 INFO  execution-log - [Sequence No - 35] Beginning ActionCommand ( LogicalFieldName : zipcode click, LogicalFieldValue : Click )
----------------
2019-02-07 06:23:21,574 INFO  execution-log - [Sequence No - 35]	 Command completed.
----------------
2019-02-07 06:23:21,614 INFO  execution-log - [Sequence No - 36] Beginning ValidateExistStatusCommand ( LogicalFieldName : Street Address, LogicalFieldValue : True )
----------------
2019-02-07 06:23:21,669 INFO  execution-log - [Sequence No - 36]	 Command completed.
----------------
2019-02-07 06:23:21,680 INFO  execution-log - [Sequence No - 37] Beginning TestDataCommand ( LogicalFieldName : Street Address, LogicalFieldValue : 123 BLUEJAY LN )
----------------
2019-02-07 06:23:22,092 INFO  execution-log - [Sequence No - 37]	 Command completed.
----------------
2019-02-07 06:23:22,104 INFO  execution-log - [Sequence No - 38] Beginning ValidateExistStatusCommand ( LogicalFieldName : Same as Physical Address, LogicalFieldValue : True )
----------------
2019-02-07 06:23:22,155 INFO  execution-log - [Sequence No - 38]	 Command completed.
----------------
2019-02-07 06:23:22,167 INFO  execution-log - [Sequence No - 39] Beginning ActionCommand ( LogicalFieldName : Same as Physical Address, LogicalFieldValue : Click )
----------------
2019-02-07 06:23:22,455 INFO  execution-log - [Sequence No - 39]	 Command completed.
----------------
2019-02-07 06:23:22,491 INFO  execution-log - [Sequence No - 40] Beginning ValidateEnableStatusCommand ( LogicalFieldName : Proceed, LogicalFieldValue : True )
----------------
2019-02-07 06:23:22,572 INFO  execution-log - [Sequence No - 40]	 Command completed.
----------------
2019-02-07 06:23:22,586 INFO  execution-log - [Sequence No - 41] Beginning ActionCommand ( LogicalFieldName : Proceed, LogicalFieldValue : Click )
----------------
2019-02-07 06:23:22,843 INFO  execution-log - [Sequence No - 41]	 Command completed.
----------------
2019-02-07 06:23:22,856 INFO  execution-log - 	 Command completed.
----------------
2019-02-07 06:23:22,864 INFO  execution-log -  Beginning PageCommand ( CurrentPage : Insured Info, FlowIdentifier : 4, DiIndicator : DI )
----------------
2019-02-07 06:23:22,870 INFO  execution-log - 	 Command completed.
----------------
2019-02-07 06:23:22,876 INFO  execution-log -  Beginning LoadTestDataItemCommand ( CurrentPage : Insured Info, FlowIdentifier : 4, DiIndicator : DI )
----------------
2019-02-07 06:23:22,895 INFO  execution-log - [Sequence No - 42] Beginning ValidateEnableStatusCommand ( LogicalFieldName : InsuredName, LogicalFieldValue : True )
----------------
2019-02-07 06:23:25,520 INFO  execution-log - [Sequence No - 42]	 Command completed.
----------------
2019-02-07 06:23:25,531 INFO  execution-log - [Sequence No - 43] Beginning TestDataCommand ( LogicalFieldName : InsuredName, LogicalFieldValue : Smith )
----------------
2019-02-07 06:23:25,732 INFO  execution-log - [Sequence No - 43]	 Command completed.
----------------
2019-02-07 06:23:25,744 INFO  execution-log - [Sequence No - 44] Beginning ValidateEnableStatusCommand ( LogicalFieldName : Primary State Click, LogicalFieldValue : True )
----------------
2019-02-07 06:23:25,789 INFO  execution-log - [Sequence No - 44]	 Command completed.
----------------
2019-02-07 06:23:25,801 INFO  execution-log - [Sequence No - 45] Beginning ActionCommand ( LogicalFieldName : Primary State Click, LogicalFieldValue : Click )
----------------
2019-02-07 06:23:26,101 INFO  execution-log - [Sequence No - 45]	 Command completed.
----------------
2019-02-07 06:23:26,112 INFO  execution-log - [Sequence No - 46] Beginning ActionCommand ( LogicalFieldName : PrimayState Select, LogicalFieldValue : Click )
----------------
2019-02-07 06:23:26,477 INFO  execution-log - [Sequence No - 46]	 Command completed.
----------------
2019-02-07 06:23:26,503 INFO  execution-log - [Sequence No - 47] Beginning ValidateExistStatusCommand ( LogicalFieldName : Street Address, LogicalFieldValue : True )
----------------
2019-02-07 06:23:26,841 INFO  execution-log - [Sequence No - 47]	 Command completed.
----------------
2019-02-07 06:23:26,854 INFO  execution-log - [Sequence No - 48] Beginning TestDataCommand ( LogicalFieldName : Street Address, LogicalFieldValue : 123 new street )
----------------
2019-02-07 06:23:27,962 INFO  execution-log - [Sequence No - 48]	 Command completed.
----------------
2019-02-07 06:23:27,976 INFO  execution-log - [Sequence No - 49] Beginning ValidateExistStatusCommand ( LogicalFieldName : Zip Code, LogicalFieldValue : True )
----------------
2019-02-07 06:23:28,004 INFO  execution-log - [Sequence No - 49]	 Command completed.
----------------
2019-02-07 06:23:28,018 INFO  execution-log - [Sequence No - 50] Beginning TestDataCommand ( LogicalFieldName : Zip Code, LogicalFieldValue : 53704 )
----------------
2019-02-07 06:23:28,409 INFO  execution-log - [Sequence No - 50]	 Command completed.
----------------
2019-02-07 06:23:28,423 INFO  execution-log - [Sequence No - 51] Beginning ValidateExistStatusCommand ( LogicalFieldName : Same as Physical Address, LogicalFieldValue : True )
----------------
2019-02-07 06:23:28,467 INFO  execution-log - [Sequence No - 51]	 Command completed.
----------------
2019-02-07 06:23:28,477 INFO  execution-log - [Sequence No - 52] Beginning ActionCommand ( LogicalFieldName : Same as Physical Address, LogicalFieldValue : Click )
----------------
2019-02-07 06:23:28,806 INFO  execution-log - [Sequence No - 52]	 Command completed.
----------------
2019-02-07 06:23:28,816 INFO  execution-log - [Sequence No - 53] Beginning ValidateExistStatusCommand ( LogicalFieldName : SIC Code, LogicalFieldValue : True )
----------------
2019-02-07 06:23:28,854 INFO  execution-log - [Sequence No - 53]	 Command completed.
----------------
2019-02-07 06:23:28,864 INFO  execution-log - [Sequence No - 54] Beginning TestDataCommand ( LogicalFieldName : SIC Code, LogicalFieldValue : 41510000-School buses )
----------------
2019-02-07 06:23:29,411 INFO  execution-log - [Sequence No - 54]	 Command completed.
----------------
2019-02-07 06:23:29,427 INFO  execution-log - [Sequence No - 55] Beginning ValidateExistStatusCommand ( LogicalFieldName : BusinessInceptionYear, LogicalFieldValue : True )
----------------
2019-02-07 06:23:29,463 INFO  execution-log - [Sequence No - 55]	 Command completed.
----------------
2019-02-07 06:23:29,473 INFO  execution-log - [Sequence No - 56] Beginning TestDataCommand ( LogicalFieldName : BusinessInceptionYear, LogicalFieldValue : 2012 )
----------------
2019-02-07 06:23:29,778 INFO  execution-log - [Sequence No - 56]	 Command completed.
----------------
2019-02-07 06:23:29,793 INFO  execution-log - [Sequence No - 57] Beginning ValidateExistStatusCommand ( LogicalFieldName : BusinessPhone, LogicalFieldValue : True )
----------------
2019-02-07 06:23:29,855 INFO  execution-log - [Sequence No - 57]	 Command completed.
----------------
2019-02-07 06:23:29,868 INFO  execution-log - [Sequence No - 58] Beginning TestDataCommand ( LogicalFieldName : BusinessPhone, LogicalFieldValue : 6549879879 )
----------------
2019-02-07 06:23:31,241 INFO  execution-log - [Sequence No - 58]	 Command completed.
----------------
2019-02-07 06:23:31,258 INFO  execution-log - [Sequence No - 59] Beginning ValidateEnableStatusCommand ( LogicalFieldName : Next, LogicalFieldValue : True )
----------------
2019-02-07 06:23:31,310 INFO  execution-log - [Sequence No - 59]	 Command completed.
----------------
2019-02-07 06:23:31,326 INFO  execution-log - [Sequence No - 60] Beginning ActionCommand ( LogicalFieldName : Next, LogicalFieldValue : Click )
----------------
2019-02-07 06:23:31,533 INFO  execution-log - [Sequence No - 60]	 Command completed.
----------------
2019-02-07 06:23:31,540 INFO  execution-log - 	 Command completed.
----------------
2019-02-07 06:23:31,550 INFO  execution-log -  Beginning PageCommand ( CurrentPage : Policy Info, FlowIdentifier : 5, DiIndicator : DI )
----------------
2019-02-07 06:23:31,556 INFO  execution-log - 	 Command completed.
----------------
2019-02-07 06:23:31,563 INFO  execution-log -  Beginning LoadTestDataItemCommand ( CurrentPage : Policy Info, FlowIdentifier : 5, DiIndicator : DI )
----------------
2019-02-07 06:23:31,579 INFO  execution-log - [Sequence No - 61] Beginning ValidateEnableStatusCommand ( LogicalFieldName : Which State do u operate In?, LogicalFieldValue : True )
----------------
2019-02-07 06:23:32,313 INFO  execution-log - [Sequence No - 61]	 Command completed.
----------------
2019-02-07 06:23:32,330 INFO  execution-log - [Sequence No - 62] Beginning ActionCommand ( LogicalFieldName : Which State do u operate In?, LogicalFieldValue : Click )
----------------
2019-02-07 06:23:32,790 INFO  execution-log - [Sequence No - 62]	 Command completed.
----------------
2019-02-07 06:23:32,809 INFO  execution-log - [Sequence No - 63] Beginning ActionCommand ( LogicalFieldName : Which State do u operate In?1, LogicalFieldValue : Click )
----------------
2019-02-07 06:23:33,105 INFO  execution-log - [Sequence No - 63]	 Command completed.
----------------
2019-02-07 06:23:33,119 INFO  execution-log - [Sequence No - 64] Beginning ActionCommand ( LogicalFieldName : Label Click, LogicalFieldValue : Click )
----------------
2019-02-07 06:23:33,339 INFO  execution-log - [Sequence No - 64]	 Command completed.
----------------
2019-02-07 06:23:33,349 INFO  execution-log - [Sequence No - 65] Beginning ActionCommand ( LogicalFieldName : Collapse, LogicalFieldValue : Click )
----------------
2019-02-07 06:23:33,617 INFO  execution-log - [Sequence No - 65]	 Command completed.
----------------
2019-02-07 06:23:33,628 INFO  execution-log - [Sequence No - 66] Beginning ValidateEnableStatusCommand ( LogicalFieldName : Select Product, LogicalFieldValue : True )
----------------
2019-02-07 06:23:33,695 INFO  execution-log - [Sequence No - 66]	 Command completed.
----------------
2019-02-07 06:23:33,714 INFO  execution-log - [Sequence No - 67] Beginning ActionCommand ( LogicalFieldName : Select Product, LogicalFieldValue : Click-Wait(2000) )
----------------
2019-02-07 06:23:37,953 INFO  execution-log - [Sequence No - 67]	 Command completed.
----------------
2019-02-07 06:23:37,963 INFO  execution-log - [Sequence No - 68] Beginning ActionCommand ( LogicalFieldName : Select Product 1, LogicalFieldValue : Click )
----------------
2019-02-07 06:23:40,910 INFO  execution-log - [Sequence No - 68]	 Command completed.
----------------
2019-02-07 06:23:42,082 INFO  execution-log - 	 Command completed.
----------------
2019-02-07 06:23:52,685 INFO  execution-log - Saving captured values to file.
----------------
2019-02-07 06:23:52,697 INFO  execution-log - TC # : 1, has completed successfully.
----------------
