2019-01-28 19:13:08,048 INFO  execution-log - 	Initializing control map with map # MASTER
----------------
2019-01-28 19:13:08,048 INFO  execution-log - Initializing Test Automation
----------------
2019-01-28 19:13:08,048 INFO  execution-log - 	target browser: Chrome
----------------
2019-01-28 19:13:08,063 INFO  execution-log - TC # : 1, Downloading test case from DB
----------------
2019-01-28 19:13:08,079 INFO  execution-log - TC # : 1, Getting test data from DB
----------------
2019-01-28 19:13:08,079 INFO  execution-log - TC # : 1, Getting control map :MASTER from DB
----------------
2019-01-28 19:13:08,095 INFO  execution-log - TC # : 1, Test data retrieval completed
----------------
2019-01-28 19:13:08,095 INFO  execution-log - TC # : 1, Control map retrieval completed
----------------
2019-01-28 19:13:08,095 INFO  execution-log - TC # : 1, Parsing commands
----------------
2019-01-28 19:13:08,110 INFO  execution-log - Loading captured values from persistence.
----------------
2019-01-28 19:13:08,110 INFO  execution-log - TC # : 1, Started executing test case in the VMTESTAPP environment (http://vam-qa.cloudapp.net:6363/pages/login.html)
----------------
2019-01-28 19:13:08,126 INFO  execution-log -  Beginning StartIterationCommand ( Iterations : 1 )
----------------
2019-01-28 19:13:08,142 INFO  execution-log - TC # : 1, Starting iteration #1
----------------
2019-01-28 19:13:08,142 INFO  execution-log - 	 Command completed.
----------------
2019-01-28 19:13:08,142 INFO  execution-log -  Beginning InvokeApplicationCommand ( Target :  )
----------------
2019-01-28 19:13:09,111 INFO  execution-log - 	 Command completed.
----------------
2019-01-28 19:13:09,118 INFO  execution-log -  Beginning PageCommand ( CurrentPage : Login, FlowIdentifier : 1, DiIndicator : DI )
----------------
2019-01-28 19:13:09,130 INFO  execution-log - 	 Command completed.
----------------
2019-01-28 19:13:09,144 INFO  execution-log -  Beginning LoadTestDataItemCommand ( CurrentPage : Login, FlowIdentifier : 1, DiIndicator : DI )
----------------
2019-01-28 19:13:09,151 INFO  execution-log - [Sequence No - 1] Beginning ValidateExistStatusCommand ( LogicalFieldName : User Name, LogicalFieldValue : True )
----------------
2019-01-28 19:13:09,182 INFO  execution-log - [Sequence No - 1]	 Command completed.
----------------
2019-01-28 19:13:09,198 INFO  execution-log - [Sequence No - 2] Beginning ActionCommand ( LogicalFieldName : User Name, LogicalFieldValue : Click )
----------------
2019-01-28 19:13:09,350 INFO  execution-log - [Sequence No - 2]	 Command completed.
----------------
2019-01-28 19:13:09,374 INFO  execution-log - [Sequence No - 3] Beginning TestDataCommand ( LogicalFieldName : User Name, LogicalFieldValue : Jack )
----------------
2019-01-28 19:13:09,472 INFO  execution-log - [Sequence No - 3]	 Command completed.
----------------
2019-01-28 19:13:09,484 INFO  execution-log - [Sequence No - 4] Beginning ValidateExistStatusCommand ( LogicalFieldName : Password, LogicalFieldValue : True )
----------------
2019-01-28 19:13:09,509 INFO  execution-log - [Sequence No - 4]	 Command completed.
----------------
2019-01-28 19:13:09,522 INFO  execution-log - [Sequence No - 5] Beginning TestDataCommand ( LogicalFieldName : Password, LogicalFieldValue : Smit@123 )
----------------
2019-01-28 19:13:09,814 INFO  execution-log - [Sequence No - 5]	 Command completed.
----------------
2019-01-28 19:13:09,832 INFO  execution-log - [Sequence No - 6] Beginning ValidateEnableStatusCommand ( LogicalFieldName : Login_Button, LogicalFieldValue : True )
----------------
2019-01-28 19:13:09,867 INFO  execution-log - [Sequence No - 6]	 Command completed.
----------------
2019-01-28 19:13:09,883 INFO  execution-log - [Sequence No - 7] Beginning ActionCommand ( LogicalFieldName : Login_Button, LogicalFieldValue : Click )
----------------
2019-01-28 19:13:10,066 INFO  execution-log - [Sequence No - 7]	 Command completed.
----------------
2019-01-28 19:13:10,074 INFO  execution-log - 	 Command completed.
----------------
2019-01-28 19:13:10,091 INFO  execution-log - Saving captured values to file.
----------------
2019-01-28 19:13:10,101 INFO  execution-log - TC # : 1, has completed successfully.
----------------
