2019-01-28 18:44:49,340 INFO  execution-log - 	Initializing control map with map # MASTER
----------------
2019-01-28 18:44:49,340 INFO  execution-log - Initializing Test Automation
----------------
2019-01-28 18:44:49,340 INFO  execution-log - 	target browser: Chrome
----------------
2019-01-28 18:44:49,355 INFO  execution-log - TC # : 1, Downloading test case from DB
----------------
2019-01-28 18:44:49,371 INFO  execution-log - TC # : 1, Getting control map :MASTER from DB
----------------
2019-01-28 18:44:49,371 INFO  execution-log - TC # : 1, Getting test data from DB
----------------
2019-01-28 18:44:49,387 INFO  execution-log - TC # : 1, Control map retrieval completed
----------------
2019-01-28 18:44:49,387 INFO  execution-log - TC # : 1, Test data retrieval completed
----------------
2019-01-28 18:44:49,402 INFO  execution-log - TC # : 1, Parsing commands
----------------
2019-01-28 18:44:49,402 INFO  execution-log - Loading captured values from persistence.
----------------
2019-01-28 18:44:49,402 INFO  execution-log - TC # : 1, Started executing test case in the VMTESTAPP environment (http://vam-qa.cloudapp.net:6363/pages/login.html)
----------------
2019-01-28 18:44:49,418 INFO  execution-log -  Beginning StartIterationCommand ( Iterations : 1 )
----------------
2019-01-28 18:44:49,434 INFO  execution-log - TC # : 1, Starting iteration #1
----------------
2019-01-28 18:44:49,434 INFO  execution-log - 	 Command completed.
----------------
2019-01-28 18:44:49,449 INFO  execution-log -  Beginning InvokeApplicationCommand ( Target :  )
----------------
2019-01-28 18:44:50,470 INFO  execution-log - 	 Command completed.
----------------
2019-01-28 18:44:50,477 INFO  execution-log -  Beginning PageCommand ( CurrentPage : Login, FlowIdentifier : 1, DiIndicator : DI )
----------------
2019-01-28 18:44:50,483 INFO  execution-log - 	 Command completed.
----------------
2019-01-28 18:44:50,496 INFO  execution-log -  Beginning LoadTestDataItemCommand ( CurrentPage : Login, FlowIdentifier : 1, DiIndicator : DI )
----------------
2019-01-28 18:44:50,509 INFO  execution-log - [Sequence No - 1] Beginning ValidateExistStatusCommand ( LogicalFieldName : User Name, LogicalFieldValue : True )
----------------
2019-01-28 18:44:50,540 INFO  execution-log - [Sequence No - 1]	 Command completed.
----------------
2019-01-28 18:44:50,556 INFO  execution-log - [Sequence No - 2] Beginning ActionCommand ( LogicalFieldName : User Name, LogicalFieldValue : Click )
----------------
2019-01-28 18:44:50,692 INFO  execution-log - [Sequence No - 2]	 Command completed.
----------------
2019-01-28 18:44:50,705 INFO  execution-log - [Sequence No - 3] Beginning TestDataCommand ( LogicalFieldName : User Name, LogicalFieldValue : Jack )
----------------
2019-01-28 18:44:50,804 INFO  execution-log - [Sequence No - 3]	 Command completed.
----------------
2019-01-28 18:44:50,815 INFO  execution-log - [Sequence No - 4] Beginning ValidateExistStatusCommand ( LogicalFieldName : Password, LogicalFieldValue : True )
----------------
2019-01-28 18:44:50,842 INFO  execution-log - [Sequence No - 4]	 Command completed.
----------------
2019-01-28 18:44:50,855 INFO  execution-log - [Sequence No - 5] Beginning TestDataCommand ( LogicalFieldName : Password, LogicalFieldValue : Smit@123 )
----------------
2019-01-28 18:44:50,998 INFO  execution-log - [Sequence No - 5]	 Command completed.
----------------
2019-01-28 18:44:51,011 INFO  execution-log - [Sequence No - 6] Beginning ValidateEnableStatusCommand ( LogicalFieldName : Login_Button, LogicalFieldValue : True )
----------------
2019-01-28 18:44:51,043 INFO  execution-log - [Sequence No - 6]	 Command completed.
----------------
2019-01-28 18:44:51,043 INFO  execution-log - [Sequence No - 7] Beginning ActionCommand ( LogicalFieldName : Login_Button, LogicalFieldValue : Click )
----------------
2019-01-28 18:44:51,189 INFO  execution-log - [Sequence No - 7]	 Command completed.
----------------
2019-01-28 18:44:51,198 INFO  execution-log - 	 Command completed.
----------------
2019-01-28 18:44:51,222 INFO  execution-log - Saving captured values to file.
----------------
2019-01-28 18:44:51,229 INFO  execution-log - TC # : 1, has completed successfully.
----------------
