2019-02-05 04:42:15,683 INFO  execution-log - 	Initializing control map with map # MASTER
----------------
2019-02-05 04:42:15,689 INFO  execution-log - Initializing Test Automation
----------------
2019-02-05 04:42:15,693 INFO  execution-log - 	target browser: Chrome
----------------
2019-02-05 04:42:15,700 INFO  execution-log - TC # : 1, Downloading test case from DB
----------------
2019-02-05 04:42:15,709 INFO  execution-log - TC # : 1, Getting control map :MASTER from DB
----------------
2019-02-05 04:42:15,709 INFO  execution-log - TC # : 1, Getting test data from DB
----------------
2019-02-05 04:42:15,719 INFO  execution-log - TC # : 1, Control map retrieval completed
----------------
2019-02-05 04:42:15,727 INFO  execution-log - TC # : 1, Test data retrieval completed
----------------
2019-02-05 04:42:15,732 INFO  execution-log - TC # : 1, Parsing commands
----------------
2019-02-05 04:42:15,736 INFO  execution-log - Loading captured values from persistence.
----------------
2019-02-05 04:42:15,740 INFO  execution-log - TC # : 1, Started executing test case in the VMTESTAPP1 environment (http://vam-qa.cloudapp.net:6363/pages/login.html)
----------------
2019-02-05 04:42:15,781 INFO  execution-log -  Beginning StartIterationCommand ( Iterations : 1 )
----------------
2019-02-05 04:42:15,786 INFO  execution-log - TC # : 1, Starting iteration #1
----------------
2019-02-05 04:42:15,790 INFO  execution-log - 	 Command completed.
----------------
2019-02-05 04:42:15,795 INFO  execution-log -  Beginning InvokeApplicationCommand ( Target :  )
----------------
2019-02-05 04:42:16,630 INFO  execution-log - 	 Command completed.
----------------
2019-02-05 04:42:16,637 INFO  execution-log -  Beginning PageCommand ( CurrentPage : Login, FlowIdentifier : 1, DiIndicator : DI )
----------------
2019-02-05 04:42:16,643 INFO  execution-log - 	 Command completed.
----------------
2019-02-05 04:42:16,649 INFO  execution-log -  Beginning LoadTestDataItemCommand ( CurrentPage : Login, FlowIdentifier : 1, DiIndicator : DI )
----------------
2019-02-05 04:42:16,664 INFO  execution-log - [Sequence No - 1] Beginning ValidateExistStatusCommand ( LogicalFieldName : User Name, LogicalFieldValue : True )
----------------
2019-02-05 04:42:16,688 INFO  execution-log - [Sequence No - 1]	 Command completed.
----------------
2019-02-05 04:42:16,703 INFO  execution-log - [Sequence No - 2] Beginning ActionCommand ( LogicalFieldName : User Name, LogicalFieldValue : Click )
----------------
2019-02-05 04:42:16,830 INFO  execution-log - [Sequence No - 2]	 Command completed.
----------------
2019-02-05 04:42:16,841 INFO  execution-log - [Sequence No - 3] Beginning TestDataCommand ( LogicalFieldName : User Name, LogicalFieldValue : Jack )
----------------
2019-02-05 04:42:16,939 INFO  execution-log - [Sequence No - 3]	 Command completed.
----------------
2019-02-05 04:42:16,948 INFO  execution-log - [Sequence No - 4] Beginning ValidateExistStatusCommand ( LogicalFieldName : Password, LogicalFieldValue : True )
----------------
2019-02-05 04:42:16,969 INFO  execution-log - [Sequence No - 4]	 Command completed.
----------------
2019-02-05 04:42:16,982 INFO  execution-log - [Sequence No - 5] Beginning TestDataCommand ( LogicalFieldName : Password, LogicalFieldValue : Smit@123 )
----------------
2019-02-05 04:42:17,109 INFO  execution-log - [Sequence No - 5]	 Command completed.
----------------
2019-02-05 04:42:17,122 INFO  execution-log - [Sequence No - 6] Beginning ValidateEnableStatusCommand ( LogicalFieldName : Login_Button, LogicalFieldValue : True )
----------------
2019-02-05 04:42:17,159 INFO  execution-log - [Sequence No - 6]	 Command completed.
----------------
2019-02-05 04:42:17,169 INFO  execution-log - [Sequence No - 7] Beginning ActionCommand ( LogicalFieldName : Login_Button, LogicalFieldValue : Click )
----------------
2019-02-05 04:42:17,280 INFO  execution-log - [Sequence No - 7]	 Command completed.
----------------
2019-02-05 04:42:17,286 INFO  execution-log - 	 Command completed.
----------------
2019-02-05 04:42:17,291 INFO  execution-log -  Beginning PageCommand ( CurrentPage : Home, FlowIdentifier : 2, DiIndicator : DI )
----------------
2019-02-05 04:42:17,296 INFO  execution-log - 	 Command completed.
----------------
2019-02-05 04:42:17,301 INFO  execution-log -  Beginning LoadTestDataItemCommand ( CurrentPage : Home, FlowIdentifier : 2, DiIndicator : DI )
----------------
2019-02-05 04:42:17,314 INFO  execution-log - [Sequence No - 8] Beginning ActionCommand ( LogicalFieldName : New Quote, LogicalFieldValue : Click )
----------------
2019-02-05 04:42:18,911 INFO  execution-log - [Sequence No - 8]	 Command completed.
----------------
2019-02-05 04:42:18,935 INFO  execution-log - 	 Command completed.
----------------
2019-02-05 04:42:18,941 INFO  execution-log -  Beginning PageCommand ( CurrentPage : New Quote, FlowIdentifier : 3, DiIndicator : DI )
----------------
2019-02-05 04:42:18,945 INFO  execution-log - 	 Command completed.
----------------
2019-02-05 04:42:18,951 INFO  execution-log -  Beginning LoadTestDataItemCommand ( CurrentPage : New Quote, FlowIdentifier : 3, DiIndicator : DI )
----------------
2019-02-05 04:42:18,967 INFO  execution-log - [Sequence No - 9] Beginning TestDataCommand ( LogicalFieldName : Account Name, LogicalFieldValue : RANDOMIZE(7,2) )
----------------
2019-02-05 04:42:19,206 INFO  execution-log - [Sequence No - 9]	 Command completed.
----------------
2019-02-05 04:42:19,216 INFO  execution-log - [Sequence No - 11] Beginning TestDataCommand ( LogicalFieldName : First Name, LogicalFieldValue : Jack )
----------------
2019-02-05 04:42:19,402 INFO  execution-log - [Sequence No - 11]	 Command completed.
----------------
2019-02-05 04:42:19,414 INFO  execution-log - [Sequence No - 12] Beginning TestDataCommand ( LogicalFieldName : Last Name, LogicalFieldValue : Smith )
----------------
2019-02-05 04:42:19,596 INFO  execution-log - [Sequence No - 12]	 Command completed.
----------------
2019-02-05 04:42:19,606 INFO  execution-log - [Sequence No - 13] Beginning TestDataCommand ( LogicalFieldName : ContactNumber1, LogicalFieldValue : 654 )
----------------
2019-02-05 04:42:19,752 INFO  execution-log - [Sequence No - 13]	 Command completed.
----------------
2019-02-05 04:42:19,763 INFO  execution-log - [Sequence No - 14] Beginning TestDataCommand ( LogicalFieldName : ContactNumber2, LogicalFieldValue : 321 )
----------------
2019-02-05 04:42:19,890 INFO  execution-log - [Sequence No - 14]	 Command completed.
----------------
2019-02-05 04:42:19,899 INFO  execution-log - [Sequence No - 15] Beginning TestDataCommand ( LogicalFieldName : ContactNumber3, LogicalFieldValue : 6541 )
----------------
2019-02-05 04:42:20,029 INFO  execution-log - [Sequence No - 15]	 Command completed.
----------------
2019-02-05 04:42:20,040 INFO  execution-log - [Sequence No - 16] Beginning TestDataCommand ( LogicalFieldName : Primary Email, LogicalFieldValue : jack.smith@gmail.com )
----------------
2019-02-05 04:42:20,301 INFO  execution-log - [Sequence No - 16]	 Command completed.
----------------
2019-02-05 04:42:20,311 INFO  execution-log - [Sequence No - 17] Beginning TestDataCommand ( LogicalFieldName : Business Started Year, LogicalFieldValue : 2012 )
----------------
2019-02-05 04:42:20,556 INFO  execution-log - [Sequence No - 17]	 Command completed.
----------------
2019-02-05 04:42:20,566 INFO  execution-log - [Sequence No - 18] Beginning ActionCommand ( LogicalFieldName : Select Product, LogicalFieldValue : Click )
----------------
2019-02-05 04:42:20,721 INFO  execution-log - [Sequence No - 18]	 Command completed.
----------------
2019-02-05 04:42:20,733 INFO  execution-log - [Sequence No - 19] Beginning ActionCommand ( LogicalFieldName : Select Product1, LogicalFieldValue : Click )
----------------
2019-02-05 04:42:20,907 INFO  execution-log - [Sequence No - 19]	 Command completed.
----------------
2019-02-05 04:42:20,919 INFO  execution-log - [Sequence No - 20] Beginning ActionCommand ( LogicalFieldName : Contact Name, LogicalFieldValue : Click )
----------------
2019-02-05 04:42:21,085 INFO  execution-log - [Sequence No - 20]	 Command completed.
----------------
2019-02-05 04:42:21,102 INFO  execution-log - [Sequence No - 21] Beginning ActionCommand ( LogicalFieldName : Contact Name Initial Select, LogicalFieldValue : Click )
----------------
2019-02-05 04:42:21,740 INFO  execution-log - [Sequence No - 21]	 Command completed.
----------------
2019-02-05 04:42:21,755 INFO  execution-log - [Sequence No - 22] Beginning ActionCommand ( LogicalFieldName : Industry, LogicalFieldValue : Click )
----------------
2019-02-05 04:42:21,947 INFO  execution-log - [Sequence No - 22]	 Command completed.
----------------
2019-02-05 04:42:21,959 INFO  execution-log - [Sequence No - 23] Beginning ActionCommand ( LogicalFieldName : Industry1, LogicalFieldValue : Click )
----------------
2019-02-05 04:42:22,117 INFO  execution-log - [Sequence No - 23]	 Command completed.
----------------
2019-02-05 04:42:22,126 INFO  execution-log - [Sequence No - 24] Beginning TestDataCommand ( LogicalFieldName : Zip Code, LogicalFieldValue : 53704 )
----------------
2019-02-05 04:42:22,294 INFO  execution-log - [Sequence No - 24]	 Command completed.
----------------
2019-02-05 04:42:22,304 INFO  execution-log - [Sequence No - 25] Beginning ActionCommand ( LogicalFieldName : zipcode click, LogicalFieldValue : Click )
----------------
2019-02-05 04:42:22,658 INFO  execution-log - [Sequence No - 25]	 Command completed.
----------------
2019-02-05 04:42:22,668 INFO  execution-log - [Sequence No - 26] Beginning TestDataCommand ( LogicalFieldName : Street Address, LogicalFieldValue : 123 BLUEJAY LN )
----------------
2019-02-05 04:42:22,908 INFO  execution-log - [Sequence No - 26]	 Command completed.
----------------
2019-02-05 04:42:22,919 INFO  execution-log - [Sequence No - 27] Beginning ActionCommand ( LogicalFieldName : Same as Physical Address, LogicalFieldValue : Click )
----------------
2019-02-05 04:42:23,059 INFO  execution-log - [Sequence No - 27]	 Command completed.
----------------
2019-02-05 04:42:23,080 INFO  execution-log - [Sequence No - 28] Beginning ActionCommand ( LogicalFieldName : Proceed, LogicalFieldValue : Click )
----------------
2019-02-05 04:42:23,228 INFO  execution-log - [Sequence No - 28]	 Command completed.
----------------
2019-02-05 04:42:23,235 INFO  execution-log - 	 Command completed.
----------------
2019-02-05 04:42:23,241 INFO  execution-log -  Beginning PageCommand ( CurrentPage : Insured Info, FlowIdentifier : 4, DiIndicator : DI )
----------------
2019-02-05 04:42:23,245 INFO  execution-log - 	 Command completed.
----------------
2019-02-05 04:42:23,250 INFO  execution-log -  Beginning LoadTestDataItemCommand ( CurrentPage : Insured Info, FlowIdentifier : 4, DiIndicator : DI )
----------------
2019-02-05 04:42:23,264 INFO  execution-log - [Sequence No - 29] Beginning TestDataCommand ( LogicalFieldName : InsuredName, LogicalFieldValue : Smith )
----------------
2019-02-05 04:42:25,689 INFO  execution-log - [Sequence No - 29]	 Command completed.
----------------
2019-02-05 04:42:25,701 INFO  execution-log - [Sequence No - 30] Beginning ActionCommand ( LogicalFieldName : Primary State Click, LogicalFieldValue : Click )
----------------
2019-02-05 04:42:25,873 INFO  execution-log - [Sequence No - 30]	 Command completed.
----------------
2019-02-05 04:42:25,884 INFO  execution-log - [Sequence No - 31] Beginning ActionCommand ( LogicalFieldName : PrimayState Select, LogicalFieldValue : Click )
----------------
2019-02-05 04:42:26,052 INFO  execution-log - [Sequence No - 31]	 Command completed.
----------------
2019-02-05 04:42:26,062 INFO  execution-log - [Sequence No - 32] Beginning TestDataCommand ( LogicalFieldName : Street Address, LogicalFieldValue : 123 new street )
----------------
2019-02-05 04:42:26,326 INFO  execution-log - [Sequence No - 32]	 Command completed.
----------------
2019-02-05 04:42:26,339 INFO  execution-log - [Sequence No - 33] Beginning TestDataCommand ( LogicalFieldName : Zip Code, LogicalFieldValue : 53704 )
----------------
2019-02-05 04:42:26,496 INFO  execution-log - [Sequence No - 33]	 Command completed.
----------------
2019-02-05 04:42:26,506 INFO  execution-log - [Sequence No - 34] Beginning ActionCommand ( LogicalFieldName : Same as Physical Address, LogicalFieldValue : Click )
----------------
2019-02-05 04:42:26,674 INFO  execution-log - [Sequence No - 34]	 Command completed.
----------------
2019-02-05 04:42:26,687 INFO  execution-log - [Sequence No - 35] Beginning TestDataCommand ( LogicalFieldName : SIC Code, LogicalFieldValue : 41510000-School buses )
----------------
2019-02-05 04:42:26,997 INFO  execution-log - [Sequence No - 35]	 Command completed.
----------------
2019-02-05 04:42:27,007 INFO  execution-log - [Sequence No - 36] Beginning TestDataCommand ( LogicalFieldName : BusinessInceptionYear, LogicalFieldValue : 2012 )
----------------
2019-02-05 04:42:27,142 INFO  execution-log - [Sequence No - 36]	 Command completed.
----------------
2019-02-05 04:42:27,154 INFO  execution-log - [Sequence No - 37] Beginning TestDataCommand ( LogicalFieldName : BusinessPhone, LogicalFieldValue : 6549879879 )
----------------
2019-02-05 04:42:28,407 INFO  execution-log - [Sequence No - 37]	 Command completed.
----------------
2019-02-05 04:42:28,423 INFO  execution-log - [Sequence No - 38] Beginning ActionCommand ( LogicalFieldName : Next, LogicalFieldValue : Click )
----------------
2019-02-05 04:42:28,557 INFO  execution-log - [Sequence No - 38]	 Command completed.
----------------
2019-02-05 04:42:28,564 INFO  execution-log - 	 Command completed.
----------------
2019-02-05 04:42:28,570 INFO  execution-log -  Beginning PageCommand ( CurrentPage : Policy Info, FlowIdentifier : 5, DiIndicator : DI )
----------------
2019-02-05 04:42:28,576 INFO  execution-log - 	 Command completed.
----------------
2019-02-05 04:42:28,582 INFO  execution-log -  Beginning LoadTestDataItemCommand ( CurrentPage : Policy Info, FlowIdentifier : 5, DiIndicator : DI )
----------------
2019-02-05 04:42:28,597 INFO  execution-log - [Sequence No - 39] Beginning ActionCommand ( LogicalFieldName : Which State do u operate In?, LogicalFieldValue : Click )
----------------
2019-02-05 04:42:29,869 INFO  execution-log - [Sequence No - 39]	 Command completed.
----------------
2019-02-05 04:42:29,879 INFO  execution-log - [Sequence No - 40] Beginning ActionCommand ( LogicalFieldName : Which State do u operate In?1, LogicalFieldValue : Click )
----------------
2019-02-05 04:42:30,505 INFO  execution-log - [Sequence No - 40]	 Command completed.
----------------
2019-02-05 04:42:30,515 INFO  execution-log - [Sequence No - 41] Beginning ActionCommand ( LogicalFieldName : Label Click, LogicalFieldValue : Click )
----------------
2019-02-05 04:42:30,668 INFO  execution-log - [Sequence No - 41]	 Command completed.
----------------
2019-02-05 04:42:30,680 INFO  execution-log - [Sequence No - 42] Beginning ActionCommand ( LogicalFieldName : Collapse, LogicalFieldValue : Click )
----------------
2019-02-05 04:42:30,894 INFO  execution-log - [Sequence No - 42]	 Command completed.
----------------
2019-02-05 04:42:30,906 INFO  execution-log - [Sequence No - 43] Beginning ActionCommand ( LogicalFieldName : Select Product, LogicalFieldValue : Click-Wait(2000) )
----------------
2019-02-05 04:42:35,088 INFO  execution-log - [Sequence No - 43]	 Command completed.
----------------
2019-02-05 04:42:35,098 INFO  execution-log - [Sequence No - 44] Beginning ActionCommand ( LogicalFieldName : Select Product 1, LogicalFieldValue : Click )
----------------
2019-02-05 04:42:37,479 INFO  execution-log - [Sequence No - 44]	 Command completed.
----------------
2019-02-05 04:42:37,490 INFO  execution-log - [Sequence No - 45] Beginning ActionCommand ( LogicalFieldName : Next Policy Info, LogicalFieldValue : Click(1000) )
----------------
2019-02-05 04:42:37,637 INFO  execution-log - [Sequence No - 45]	 Command completed.
----------------
2019-02-05 04:42:37,643 INFO  execution-log - 	 Command completed.
----------------
2019-02-05 04:42:37,668 INFO  execution-log - Saving captured values to file.
----------------
2019-02-05 04:42:37,675 INFO  execution-log - TC # : 1, has completed successfully.
----------------
