2019-01-28 19:48:35,062 INFO  execution-log - 	Initializing control map with map # MASTER
----------------
2019-01-28 19:48:35,078 INFO  execution-log - Initializing Test Automation
----------------
2019-01-28 19:48:35,078 INFO  execution-log - 	target browser: Ie
----------------
2019-01-28 19:48:35,093 INFO  execution-log - TC # : 2, Downloading test case from DB
----------------
2019-01-28 19:48:35,109 INFO  execution-log - TC # : 2, Getting control map :MASTER from DB
----------------
2019-01-28 19:48:35,109 INFO  execution-log - TC # : 2, Getting test data from DB
----------------
2019-01-28 19:48:35,109 INFO  execution-log - TC # : 2, Control map retrieval completed
----------------
2019-01-28 19:48:35,125 INFO  execution-log - TC # : 2, Test data retrieval completed
----------------
2019-01-28 19:48:35,125 INFO  execution-log - TC # : 2, Parsing commands
----------------
2019-01-28 19:48:35,140 INFO  execution-log - Loading captured values from persistence.
----------------
2019-01-28 19:48:35,140 INFO  execution-log - TC # : 2, Started executing test case in the VMTESTAPP environment (http://vam-qa.cloudapp.net:6363/pages/login.html)
----------------
2019-01-28 19:48:35,156 INFO  execution-log -  Beginning StartIterationCommand ( Iterations : 1 )
----------------
2019-01-28 19:48:35,203 INFO  execution-log - TC # : 2, Starting iteration #1
----------------
2019-01-28 19:48:35,218 INFO  execution-log - 	 Command completed.
----------------
2019-01-28 19:48:35,218 INFO  execution-log -  Beginning InvokeApplicationCommand ( Target :  )
----------------
2019-01-28 19:48:36,847 INFO  execution-log - 	 Command completed.
----------------
2019-01-28 19:48:36,856 INFO  execution-log -  Beginning PageCommand ( CurrentPage : Login, FlowIdentifier : 1, DiIndicator : DI )
----------------
2019-01-28 19:48:36,865 INFO  execution-log - 	 Command completed.
----------------
2019-01-28 19:48:36,874 INFO  execution-log -  Beginning LoadTestDataItemCommand ( CurrentPage : Login, FlowIdentifier : 1, DiIndicator : DI )
----------------
2019-01-28 19:48:36,915 INFO  execution-log - [Sequence No - 1] Beginning ValidateExistStatusCommand ( LogicalFieldName : User Name, LogicalFieldValue : True )
----------------
2019-01-28 19:48:37,063 INFO  execution-log - [Sequence No - 1]	 Command completed.
----------------
2019-01-28 19:48:37,075 INFO  execution-log - [Sequence No - 2] Beginning ActionCommand ( LogicalFieldName : User Name, LogicalFieldValue : Click )
----------------
2019-01-28 19:48:37,806 INFO  execution-log - [Sequence No - 2]	 Command completed.
----------------
2019-01-28 19:48:37,817 INFO  execution-log - [Sequence No - 3] Beginning TestDataCommand ( LogicalFieldName : User Name, LogicalFieldValue : Jack )
----------------
2019-01-28 19:48:40,011 INFO  execution-log - [Sequence No - 3]	 Command completed.
----------------
2019-01-28 19:48:40,023 INFO  execution-log - [Sequence No - 4] Beginning ValidateExistStatusCommand ( LogicalFieldName : Password, LogicalFieldValue : True )
----------------
2019-01-28 19:48:40,130 INFO  execution-log - [Sequence No - 4]	 Command completed.
----------------
2019-01-28 19:48:40,130 INFO  execution-log - [Sequence No - 5] Beginning TestDataCommand ( LogicalFieldName : Password, LogicalFieldValue : Smit@123 )
----------------
2019-01-28 19:48:42,404 INFO  execution-log - [Sequence No - 5]	 Command completed.
----------------
2019-01-28 19:48:42,412 INFO  execution-log - [Sequence No - 6] Beginning ValidateEnableStatusCommand ( LogicalFieldName : Login_Button, LogicalFieldValue : True )
----------------
2019-01-28 19:48:42,646 INFO  execution-log - [Sequence No - 6]	 Command completed.
----------------
2019-01-28 19:48:42,662 INFO  execution-log - [Sequence No - 7] Beginning ActionCommand ( LogicalFieldName : Login_Button, LogicalFieldValue : Click )
----------------
2019-01-28 19:48:43,350 INFO  execution-log - [Sequence No - 7]	 Command completed.
----------------
2019-01-28 19:48:43,350 INFO  execution-log - 	 Command completed.
----------------
2019-01-28 19:48:43,381 INFO  execution-log - Saving captured values to file.
----------------
2019-01-28 19:48:43,396 INFO  execution-log - TC # : 2, has completed successfully.
----------------
