2019-02-04 11:34:25,598 INFO  execution-log - 	Initializing control map with map # MASTER
----------------
2019-02-04 11:34:25,605 INFO  execution-log - Initializing Test Automation
----------------
2019-02-04 11:34:25,610 INFO  execution-log - 	target browser: Chrome
----------------
2019-02-04 11:34:25,615 INFO  execution-log - TC # : 1, Downloading test case from DB
----------------
2019-02-04 11:34:25,624 INFO  execution-log - TC # : 1, Getting control map :MASTER from DB
----------------
2019-02-04 11:34:25,624 INFO  execution-log - TC # : 1, Getting test data from DB
----------------
2019-02-04 11:34:25,634 INFO  execution-log - TC # : 1, Control map retrieval completed
----------------
2019-02-04 11:34:25,644 INFO  execution-log - TC # : 1, Test data retrieval completed
----------------
2019-02-04 11:34:25,648 INFO  execution-log - TC # : 1, Parsing commands
----------------
2019-02-04 11:34:25,652 INFO  execution-log - Loading captured values from persistence.
----------------
2019-02-04 11:34:25,656 INFO  execution-log - TC # : 1, Started executing test case in the VMTESTAPP1 environment (http://vam-qa.cloudapp.net:6363/pages/login.html)
----------------
2019-02-04 11:34:25,693 INFO  execution-log -  Beginning StartIterationCommand ( Iterations : 1 )
----------------
2019-02-04 11:34:25,697 INFO  execution-log - TC # : 1, Starting iteration #1
----------------
2019-02-04 11:34:25,704 INFO  execution-log - 	 Command completed.
----------------
2019-02-04 11:34:25,708 INFO  execution-log -  Beginning InvokeApplicationCommand ( Target :  )
----------------
2019-02-04 11:34:26,541 INFO  execution-log - 	 Command completed.
----------------
2019-02-04 11:34:26,551 INFO  execution-log -  Beginning PageCommand ( CurrentPage : Login, FlowIdentifier : 1, DiIndicator : DI )
----------------
2019-02-04 11:34:26,556 INFO  execution-log - 	 Command completed.
----------------
2019-02-04 11:34:26,561 INFO  execution-log -  Beginning LoadTestDataItemCommand ( CurrentPage : Login, FlowIdentifier : 1, DiIndicator : DI )
----------------
2019-02-04 11:34:26,576 INFO  execution-log - [Sequence No - 1] Beginning ValidateExistStatusCommand ( LogicalFieldName : User Name, LogicalFieldValue : True )
----------------
2019-02-04 11:34:26,601 INFO  execution-log - [Sequence No - 1]	 Command completed.
----------------
2019-02-04 11:34:26,612 INFO  execution-log - [Sequence No - 2] Beginning ActionCommand ( LogicalFieldName : User Name, LogicalFieldValue : Click )
----------------
2019-02-04 11:34:26,730 INFO  execution-log - [Sequence No - 2]	 Command completed.
----------------
2019-02-04 11:34:26,742 INFO  execution-log - [Sequence No - 3] Beginning TestDataCommand ( LogicalFieldName : User Name, LogicalFieldValue : Jack )
----------------
2019-02-04 11:34:26,830 INFO  execution-log - [Sequence No - 3]	 Command completed.
----------------
2019-02-04 11:34:26,840 INFO  execution-log - [Sequence No - 4] Beginning ValidateExistStatusCommand ( LogicalFieldName : Password, LogicalFieldValue : True )
----------------
2019-02-04 11:34:26,874 INFO  execution-log - [Sequence No - 4]	 Command completed.
----------------
2019-02-04 11:34:26,883 INFO  execution-log - [Sequence No - 5] Beginning TestDataCommand ( LogicalFieldName : Password, LogicalFieldValue : Smit@123 )
----------------
2019-02-04 11:34:27,008 INFO  execution-log - [Sequence No - 5]	 Command completed.
----------------
2019-02-04 11:34:27,019 INFO  execution-log - [Sequence No - 6] Beginning ValidateEnableStatusCommand ( LogicalFieldName : Login_Button, LogicalFieldValue : True )
----------------
2019-02-04 11:34:27,052 INFO  execution-log - [Sequence No - 6]	 Command completed.
----------------
2019-02-04 11:34:27,061 INFO  execution-log - [Sequence No - 7] Beginning ActionCommand ( LogicalFieldName : Login_Button, LogicalFieldValue : Click )
----------------
2019-02-04 11:34:27,178 INFO  execution-log - [Sequence No - 7]	 Command completed.
----------------
2019-02-04 11:34:27,185 INFO  execution-log - 	 Command completed.
----------------
2019-02-04 11:34:27,190 INFO  execution-log -  Beginning PageCommand ( CurrentPage : Home, FlowIdentifier : 2, DiIndicator : DI )
----------------
2019-02-04 11:34:27,195 INFO  execution-log - 	 Command completed.
----------------
2019-02-04 11:34:27,199 INFO  execution-log -  Beginning LoadTestDataItemCommand ( CurrentPage : Home, FlowIdentifier : 2, DiIndicator : DI )
----------------
2019-02-04 11:34:27,213 INFO  execution-log - [Sequence No - 8] Beginning ActionCommand ( LogicalFieldName : New Quote, LogicalFieldValue : Click )
----------------
2019-02-04 11:34:28,865 INFO  execution-log - [Sequence No - 8]	 Command completed.
----------------
2019-02-04 11:34:28,871 INFO  execution-log - 	 Command completed.
----------------
2019-02-04 11:34:28,877 INFO  execution-log -  Beginning PageCommand ( CurrentPage : New Quote, FlowIdentifier : 3, DiIndicator : DI )
----------------
2019-02-04 11:34:28,884 INFO  execution-log - 	 Command completed.
----------------
2019-02-04 11:34:28,890 INFO  execution-log -  Beginning LoadTestDataItemCommand ( CurrentPage : New Quote, FlowIdentifier : 3, DiIndicator : DI )
----------------
2019-02-04 11:34:28,904 INFO  execution-log - [Sequence No - 9] Beginning TestDataCommand ( LogicalFieldName : Account Name, LogicalFieldValue : RANDOMIZE(7,2) )
----------------
2019-02-04 11:34:29,142 INFO  execution-log - [Sequence No - 9]	 Command completed.
----------------
2019-02-04 11:34:29,152 INFO  execution-log - [Sequence No - 11] Beginning TestDataCommand ( LogicalFieldName : First Name, LogicalFieldValue : Jack )
----------------
2019-02-04 11:34:29,356 INFO  execution-log - [Sequence No - 11]	 Command completed.
----------------
2019-02-04 11:34:29,367 INFO  execution-log - [Sequence No - 12] Beginning TestDataCommand ( LogicalFieldName : Last Name, LogicalFieldValue : Smith )
----------------
2019-02-04 11:34:29,546 INFO  execution-log - [Sequence No - 12]	 Command completed.
----------------
2019-02-04 11:34:29,557 INFO  execution-log - [Sequence No - 13] Beginning TestDataCommand ( LogicalFieldName : ContactNumber1, LogicalFieldValue : 654 )
----------------
2019-02-04 11:34:29,683 INFO  execution-log - [Sequence No - 13]	 Command completed.
----------------
2019-02-04 11:34:29,693 INFO  execution-log - [Sequence No - 14] Beginning TestDataCommand ( LogicalFieldName : ContactNumber2, LogicalFieldValue : 321 )
----------------
2019-02-04 11:34:29,820 INFO  execution-log - [Sequence No - 14]	 Command completed.
----------------
2019-02-04 11:34:29,830 INFO  execution-log - [Sequence No - 15] Beginning TestDataCommand ( LogicalFieldName : ContactNumber3, LogicalFieldValue : 6541 )
----------------
2019-02-04 11:34:29,963 INFO  execution-log - [Sequence No - 15]	 Command completed.
----------------
2019-02-04 11:34:29,973 INFO  execution-log - [Sequence No - 16] Beginning TestDataCommand ( LogicalFieldName : Primary Email, LogicalFieldValue : jack.smith@gmail.com )
----------------
2019-02-04 11:34:30,280 INFO  execution-log - [Sequence No - 16]	 Command completed.
----------------
2019-02-04 11:34:30,294 INFO  execution-log - [Sequence No - 17] Beginning TestDataCommand ( LogicalFieldName : Business Started Year, LogicalFieldValue : 2012 )
----------------
2019-02-04 11:34:30,549 INFO  execution-log - [Sequence No - 17]	 Command completed.
----------------
2019-02-04 11:34:30,562 INFO  execution-log - [Sequence No - 18] Beginning ActionCommand ( LogicalFieldName : Select Product, LogicalFieldValue : Click )
----------------
2019-02-04 11:34:30,717 INFO  execution-log - [Sequence No - 18]	 Command completed.
----------------
2019-02-04 11:34:30,732 INFO  execution-log - [Sequence No - 19] Beginning ActionCommand ( LogicalFieldName : Select Product1, LogicalFieldValue : Click )
----------------
2019-02-04 11:34:30,911 INFO  execution-log - [Sequence No - 19]	 Command completed.
----------------
2019-02-04 11:34:30,922 INFO  execution-log - [Sequence No - 20] Beginning ActionCommand ( LogicalFieldName : Contact Name, LogicalFieldValue : Click )
----------------
2019-02-04 11:34:31,067 INFO  execution-log - [Sequence No - 20]	 Command completed.
----------------
2019-02-04 11:34:31,084 INFO  execution-log - [Sequence No - 21] Beginning ActionCommand ( LogicalFieldName : Contact Name Initial Select, LogicalFieldValue : Click )
----------------
2019-02-04 11:34:31,750 INFO  execution-log - [Sequence No - 21]	 Command completed.
----------------
2019-02-04 11:34:31,761 INFO  execution-log - [Sequence No - 22] Beginning ActionCommand ( LogicalFieldName : Industry, LogicalFieldValue : Click )
----------------
2019-02-04 11:34:31,979 INFO  execution-log - [Sequence No - 22]	 Command completed.
----------------
2019-02-04 11:34:31,989 INFO  execution-log - [Sequence No - 23] Beginning ActionCommand ( LogicalFieldName : Industry1, LogicalFieldValue : Click )
----------------
2019-02-04 11:34:32,158 INFO  execution-log - [Sequence No - 23]	 Command completed.
----------------
2019-02-04 11:34:32,174 INFO  execution-log - [Sequence No - 24] Beginning TestDataCommand ( LogicalFieldName : Zip Code, LogicalFieldValue : 53704 )
----------------
2019-02-04 11:34:32,344 INFO  execution-log - [Sequence No - 24]	 Command completed.
----------------
2019-02-04 11:34:32,358 INFO  execution-log - [Sequence No - 25] Beginning ActionCommand ( LogicalFieldName : zipcode click, LogicalFieldValue : Click )
----------------
2019-02-04 11:34:32,742 INFO  execution-log - [Sequence No - 25]	 Command completed.
----------------
2019-02-04 11:34:32,755 INFO  execution-log - [Sequence No - 26] Beginning TestDataCommand ( LogicalFieldName : Street Address, LogicalFieldValue : 123 BLUEJAY LN )
----------------
2019-02-04 11:34:33,006 INFO  execution-log - [Sequence No - 26]	 Command completed.
----------------
2019-02-04 11:34:33,018 INFO  execution-log - [Sequence No - 27] Beginning ActionCommand ( LogicalFieldName : Same as Physical Address, LogicalFieldValue : Click )
----------------
2019-02-04 11:34:33,146 INFO  execution-log - [Sequence No - 27]	 Command completed.
----------------
2019-02-04 11:34:33,157 INFO  execution-log - [Sequence No - 28] Beginning ActionCommand ( LogicalFieldName : Proceed, LogicalFieldValue : Click )
----------------
2019-02-04 11:34:33,319 INFO  execution-log - [Sequence No - 28]	 Command completed.
----------------
2019-02-04 11:34:33,329 INFO  execution-log - 	 Command completed.
----------------
2019-02-04 11:34:33,336 INFO  execution-log -  Beginning PageCommand ( CurrentPage : Insured Info, FlowIdentifier : 4, DiIndicator : DI )
----------------
2019-02-04 11:34:33,341 INFO  execution-log - 	 Command completed.
----------------
2019-02-04 11:34:33,347 INFO  execution-log -  Beginning LoadTestDataItemCommand ( CurrentPage : Insured Info, FlowIdentifier : 4, DiIndicator : DI )
----------------
2019-02-04 11:34:33,361 INFO  execution-log - [Sequence No - 29] Beginning TestDataCommand ( LogicalFieldName : InsuredName, LogicalFieldValue : Smith )
----------------
2019-02-04 11:34:35,571 INFO  execution-log - [Sequence No - 29]	 Command completed.
----------------
2019-02-04 11:34:35,588 INFO  execution-log - [Sequence No - 30] Beginning ActionCommand ( LogicalFieldName : Primary State Click, LogicalFieldValue : Click )
----------------
2019-02-04 11:34:35,740 INFO  execution-log - [Sequence No - 30]	 Command completed.
----------------
2019-02-04 11:34:35,751 INFO  execution-log - [Sequence No - 31] Beginning ActionCommand ( LogicalFieldName : PrimayState Select, LogicalFieldValue : Click )
----------------
2019-02-04 11:34:35,945 INFO  execution-log - [Sequence No - 31]	 Command completed.
----------------
2019-02-04 11:34:35,958 INFO  execution-log - [Sequence No - 32] Beginning TestDataCommand ( LogicalFieldName : Street Address, LogicalFieldValue : 123 new street )
----------------
2019-02-04 11:34:36,361 INFO  execution-log - [Sequence No - 32]	 Command completed.
----------------
2019-02-04 11:34:36,370 INFO  execution-log - [Sequence No - 33] Beginning TestDataCommand ( LogicalFieldName : Zip Code, LogicalFieldValue : 53704 )
----------------
2019-02-04 11:34:36,519 INFO  execution-log - [Sequence No - 33]	 Command completed.
----------------
2019-02-04 11:34:36,531 INFO  execution-log - [Sequence No - 34] Beginning ActionCommand ( LogicalFieldName : Same as Physical Address, LogicalFieldValue : Click )
----------------
2019-02-04 11:34:36,683 INFO  execution-log - [Sequence No - 34]	 Command completed.
----------------
2019-02-04 11:34:36,694 INFO  execution-log - [Sequence No - 35] Beginning TestDataCommand ( LogicalFieldName : SIC Code, LogicalFieldValue : 41510000-School buses )
----------------
2019-02-04 11:34:36,990 INFO  execution-log - [Sequence No - 35]	 Command completed.
----------------
2019-02-04 11:34:37,002 INFO  execution-log - [Sequence No - 36] Beginning TestDataCommand ( LogicalFieldName : BusinessInceptionYear, LogicalFieldValue : 2012 )
----------------
2019-02-04 11:34:37,136 INFO  execution-log - [Sequence No - 36]	 Command completed.
----------------
2019-02-04 11:34:37,146 INFO  execution-log - [Sequence No - 37] Beginning TestDataCommand ( LogicalFieldName : BusinessPhone, LogicalFieldValue : 6549879879 )
----------------
2019-02-04 11:34:38,397 INFO  execution-log - [Sequence No - 37]	 Command completed.
----------------
2019-02-04 11:34:38,408 INFO  execution-log - [Sequence No - 38] Beginning ActionCommand ( LogicalFieldName : Next, LogicalFieldValue : Click )
----------------
2019-02-04 11:34:38,531 INFO  execution-log - [Sequence No - 38]	 Command completed.
----------------
2019-02-04 11:34:38,538 INFO  execution-log - 	 Command completed.
----------------
2019-02-04 11:34:38,544 INFO  execution-log -  Beginning PageCommand ( CurrentPage : Policy Info, FlowIdentifier : 5, DiIndicator : DI )
----------------
2019-02-04 11:34:38,550 INFO  execution-log - 	 Command completed.
----------------
2019-02-04 11:34:38,555 INFO  execution-log -  Beginning LoadTestDataItemCommand ( CurrentPage : Policy Info, FlowIdentifier : 5, DiIndicator : DI )
----------------
2019-02-04 11:34:38,570 INFO  execution-log - [Sequence No - 39] Beginning ActionCommand ( LogicalFieldName : Which State do u operate In?, LogicalFieldValue : Click )
----------------
2019-02-04 11:34:39,885 INFO  execution-log - [Sequence No - 39]	 Command completed.
----------------
2019-02-04 11:34:39,898 INFO  execution-log - [Sequence No - 40] Beginning ActionCommand ( LogicalFieldName : Which State do u operate In?1, LogicalFieldValue : Click )
----------------
2019-02-04 11:34:40,517 INFO  execution-log - [Sequence No - 40]	 Command completed.
----------------
2019-02-04 11:34:40,526 INFO  execution-log - [Sequence No - 41] Beginning ActionCommand ( LogicalFieldName : Label Click, LogicalFieldValue : Click )
----------------
2019-02-04 11:34:40,662 INFO  execution-log - [Sequence No - 41]	 Command completed.
----------------
2019-02-04 11:34:40,673 INFO  execution-log - [Sequence No - 42] Beginning ActionCommand ( LogicalFieldName : Collapse, LogicalFieldValue : Click )
----------------
2019-02-04 11:34:40,889 INFO  execution-log - [Sequence No - 42]	 Command completed.
----------------
2019-02-04 11:34:40,900 INFO  execution-log - [Sequence No - 43] Beginning ActionCommand ( LogicalFieldName : Select Product, LogicalFieldValue : Click-Wait(2000) )
----------------
2019-02-04 11:34:45,132 INFO  execution-log - [Sequence No - 43]	 Command completed.
----------------
2019-02-04 11:34:45,142 INFO  execution-log - [Sequence No - 44] Beginning ActionCommand ( LogicalFieldName : Select Product 1, LogicalFieldValue : Click )
----------------
2019-02-04 11:34:47,500 INFO  execution-log - [Sequence No - 44]	 Command completed.
----------------
2019-02-04 11:34:47,512 INFO  execution-log - [Sequence No - 45] Beginning ActionCommand ( LogicalFieldName : Next Policy Info, LogicalFieldValue : Click(1000) )
----------------
2019-02-04 11:34:47,634 INFO  execution-log - [Sequence No - 45]	 Command completed.
----------------
2019-02-04 11:34:47,640 INFO  execution-log - 	 Command completed.
----------------
2019-02-04 11:34:47,660 INFO  execution-log - Saving captured values to file.
----------------
2019-02-04 11:34:47,667 INFO  execution-log - TC # : 1, has completed successfully.
----------------
