2019-02-19 10:22:55,443 INFO  execution-log - 	Initializing control map with map # MASTER
----------------
2019-02-19 10:22:55,460 INFO  execution-log - Initializing Test Automation
----------------
2019-02-19 10:22:55,465 INFO  execution-log - 	target browser: Chrome
----------------
2019-02-19 10:22:55,474 INFO  execution-log - TC # : 1, Downloading test case from DB
----------------
2019-02-19 10:22:55,497 INFO  execution-log - TC # : 1, Getting control map :MASTER from DB
----------------
2019-02-19 10:22:55,498 INFO  execution-log - TC # : 1, Getting test data from DB
----------------
2019-02-19 10:22:55,524 INFO  execution-log - TC # : 1, Control map retrieval completed
----------------
2019-02-19 10:22:55,544 INFO  execution-log - TC # : 1, Test data retrieval completed
----------------
2019-02-19 10:22:55,549 INFO  execution-log - TC # : 1, Parsing commands
----------------
2019-02-19 10:22:55,555 INFO  execution-log - Loading captured values from persistence.
----------------
2019-02-19 10:22:55,565 INFO  execution-log - TC # : 1, Started executing test case in the VMTESTAPP1 environment (http://vam-qa.cloudapp.net:6363/pages/login.html)
----------------
2019-02-19 10:22:55,643 INFO  execution-log -  Beginning StartIterationCommand ( Iterations : 1 )
----------------
2019-02-19 10:22:55,649 INFO  execution-log - TC # : 1, Starting iteration #1
----------------
2019-02-19 10:22:55,654 INFO  execution-log - 	 Command completed.
----------------
2019-02-19 10:22:55,660 INFO  execution-log -  Beginning InvokeApplicationCommand ( Target :  )
----------------
2019-02-19 10:22:56,527 INFO  execution-log - 	 Command completed.
----------------
2019-02-19 10:22:56,536 INFO  execution-log -  Beginning PageCommand ( CurrentPage : Login, FlowIdentifier : 1, DiIndicator : DI )
----------------
2019-02-19 10:22:56,543 INFO  execution-log - 	 Command completed.
----------------
2019-02-19 10:22:56,548 INFO  execution-log -  Beginning LoadTestDataItemCommand ( CurrentPage : Login, FlowIdentifier : 1, DiIndicator : DI )
----------------
2019-02-19 10:22:56,573 INFO  execution-log - [Sequence No - 1] Beginning ValidateExistStatusCommand ( LogicalFieldName : User Name, LogicalFieldValue : True )
----------------
2019-02-19 10:22:56,603 INFO  execution-log - [Sequence No - 1]	 Command completed.
----------------
2019-02-19 10:22:56,612 INFO  execution-log - [Sequence No - 2] Beginning ActionCommand ( LogicalFieldName : User Name, LogicalFieldValue : Click )
----------------
2019-02-19 10:22:56,748 INFO  execution-log - [Sequence No - 2]	 Command completed.
----------------
2019-02-19 10:22:56,761 INFO  execution-log - [Sequence No - 3] Beginning TestDataCommand ( LogicalFieldName : User Name, LogicalFieldValue : Jack )
----------------
2019-02-19 10:22:56,868 INFO  execution-log - [Sequence No - 3]	 Command completed.
----------------
2019-02-19 10:22:56,879 INFO  execution-log - [Sequence No - 4] Beginning ValidateExistStatusCommand ( LogicalFieldName : Password, LogicalFieldValue : True )
----------------
2019-02-19 10:22:56,902 INFO  execution-log - [Sequence No - 4]	 Command completed.
----------------
2019-02-19 10:22:56,911 INFO  execution-log - [Sequence No - 5] Beginning TestDataCommand ( LogicalFieldName : Password, LogicalFieldValue : Smit@123 )
----------------
2019-02-19 10:22:57,081 INFO  execution-log - [Sequence No - 5]	 Command completed.
----------------
2019-02-19 10:22:57,094 INFO  execution-log - [Sequence No - 6] Beginning ValidateEnableStatusCommand ( LogicalFieldName : Login_Button, LogicalFieldValue : True )
----------------
2019-02-19 10:22:57,128 INFO  execution-log - [Sequence No - 6]	 Command completed.
----------------
2019-02-19 10:22:57,137 INFO  execution-log - [Sequence No - 7] Beginning ActionCommand ( LogicalFieldName : Login_Button, LogicalFieldValue : Click )
----------------
2019-02-19 10:22:57,242 INFO  execution-log - [Sequence No - 7]	 Command completed.
----------------
2019-02-19 10:22:57,248 INFO  execution-log - 	 Command completed.
----------------
2019-02-19 10:22:57,254 INFO  execution-log -  Beginning PageCommand ( CurrentPage : Home, FlowIdentifier : 2, DiIndicator : DI )
----------------
2019-02-19 10:22:57,259 INFO  execution-log - 	 Command completed.
----------------
2019-02-19 10:22:57,265 INFO  execution-log -  Beginning LoadTestDataItemCommand ( CurrentPage : Home, FlowIdentifier : 2, DiIndicator : DI )
----------------
2019-02-19 10:22:57,281 INFO  execution-log - [Sequence No - 8] Beginning ValidateEnableStatusCommand ( LogicalFieldName : New Quote, LogicalFieldValue : True )
----------------
2019-02-19 10:22:58,408 INFO  execution-log - [Sequence No - 8]	 Command completed.
----------------
2019-02-19 10:22:58,422 INFO  execution-log - [Sequence No - 9] Beginning ActionCommand ( LogicalFieldName : New Quote, LogicalFieldValue : Click )
----------------
2019-02-19 10:22:59,108 INFO  execution-log - [Sequence No - 9]	 Command completed.
----------------
2019-02-19 10:22:59,115 INFO  execution-log - 	 Command completed.
----------------
2019-02-19 10:22:59,126 INFO  execution-log -  Beginning PageCommand ( CurrentPage : New Quote, FlowIdentifier : 3, DiIndicator : DI )
----------------
2019-02-19 10:22:59,131 INFO  execution-log - 	 Command completed.
----------------
2019-02-19 10:22:59,137 INFO  execution-log -  Beginning LoadTestDataItemCommand ( CurrentPage : New Quote, FlowIdentifier : 3, DiIndicator : DI )
----------------
2019-02-19 10:22:59,151 INFO  execution-log - [Sequence No - 10] Beginning ValidateExistStatusCommand ( LogicalFieldName : Account Name, LogicalFieldValue : True )
----------------
2019-02-19 10:22:59,207 INFO  execution-log - [Sequence No - 10]	 Command completed.
----------------
2019-02-19 10:22:59,218 INFO  execution-log - [Sequence No - 11] Beginning TestDataCommand ( LogicalFieldName : Account Name, LogicalFieldValue : RANDOMIZE(7,2) )
----------------
2019-02-19 10:22:59,495 INFO  execution-log - [Sequence No - 11]	 Command completed.
----------------
2019-02-19 10:22:59,508 INFO  execution-log - [Sequence No - 12] Beginning ValidateExistStatusCommand ( LogicalFieldName : First Name, LogicalFieldValue : True )
----------------
2019-02-19 10:22:59,529 INFO  execution-log - [Sequence No - 12]	 Command completed.
----------------
2019-02-19 10:22:59,538 INFO  execution-log - [Sequence No - 13] Beginning TestDataCommand ( LogicalFieldName : First Name, LogicalFieldValue : Jack )
----------------
2019-02-19 10:22:59,740 INFO  execution-log - [Sequence No - 13]	 Command completed.
----------------
2019-02-19 10:22:59,753 INFO  execution-log - [Sequence No - 14] Beginning ValidateEnableStatusCommand ( LogicalFieldName : Last Name, LogicalFieldValue : True )
----------------
2019-02-19 10:22:59,787 INFO  execution-log - [Sequence No - 14]	 Command completed.
----------------
2019-02-19 10:22:59,797 INFO  execution-log - [Sequence No - 15] Beginning TestDataCommand ( LogicalFieldName : Last Name, LogicalFieldValue : Smith )
----------------
2019-02-19 10:22:59,973 INFO  execution-log - [Sequence No - 15]	 Command completed.
----------------
2019-02-19 10:22:59,983 INFO  execution-log - [Sequence No - 16] Beginning ValidateExistStatusCommand ( LogicalFieldName : ContactNumber1, LogicalFieldValue : True )
----------------
2019-02-19 10:23:00,005 INFO  execution-log - [Sequence No - 16]	 Command completed.
----------------
2019-02-19 10:23:00,015 INFO  execution-log - [Sequence No - 17] Beginning TestDataCommand ( LogicalFieldName : ContactNumber1, LogicalFieldValue : 654 )
----------------
2019-02-19 10:23:00,142 INFO  execution-log - [Sequence No - 17]	 Command completed.
----------------
2019-02-19 10:23:00,152 INFO  execution-log - [Sequence No - 18] Beginning TestDataCommand ( LogicalFieldName : ContactNumber2, LogicalFieldValue : 321 )
----------------
2019-02-19 10:23:00,270 INFO  execution-log - [Sequence No - 18]	 Command completed.
----------------
2019-02-19 10:23:00,282 INFO  execution-log - [Sequence No - 19] Beginning TestDataCommand ( LogicalFieldName : ContactNumber3, LogicalFieldValue : 6541 )
----------------
2019-02-19 10:23:00,400 INFO  execution-log - [Sequence No - 19]	 Command completed.
----------------
2019-02-19 10:23:00,410 INFO  execution-log - [Sequence No - 20] Beginning ValidateExistStatusCommand ( LogicalFieldName : Primary Email, LogicalFieldValue : True )
----------------
2019-02-19 10:23:00,440 INFO  execution-log - [Sequence No - 20]	 Command completed.
----------------
2019-02-19 10:23:00,450 INFO  execution-log - [Sequence No - 21] Beginning TestDataCommand ( LogicalFieldName : Primary Email, LogicalFieldValue : jack.smith@gmail.com )
----------------
2019-02-19 10:23:00,863 INFO  execution-log - [Sequence No - 21]	 Command completed.
----------------
2019-02-19 10:23:00,874 INFO  execution-log - [Sequence No - 22] Beginning ValidateExistStatusCommand ( LogicalFieldName : Business Started Year, LogicalFieldValue : True )
----------------
2019-02-19 10:23:00,896 INFO  execution-log - [Sequence No - 22]	 Command completed.
----------------
2019-02-19 10:23:00,905 INFO  execution-log - [Sequence No - 23] Beginning TestDataCommand ( LogicalFieldName : Business Started Year, LogicalFieldValue : 2012 )
----------------
2019-02-19 10:23:01,044 INFO  execution-log - [Sequence No - 23]	 Command completed.
----------------
2019-02-19 10:23:01,061 INFO  execution-log - [Sequence No - 24] Beginning ValidateExistStatusCommand ( LogicalFieldName : Select Product, LogicalFieldValue : True )
----------------
2019-02-19 10:23:01,083 INFO  execution-log - [Sequence No - 24]	 Command completed.
----------------
2019-02-19 10:23:01,093 INFO  execution-log - [Sequence No - 25] Beginning ActionCommand ( LogicalFieldName : Select Product, LogicalFieldValue : Click )
----------------
2019-02-19 10:23:01,247 INFO  execution-log - [Sequence No - 25]	 Command completed.
----------------
2019-02-19 10:23:01,259 INFO  execution-log - [Sequence No - 26] Beginning ActionCommand ( LogicalFieldName : Select Product1, LogicalFieldValue : Click )
----------------
2019-02-19 10:23:01,412 INFO  execution-log - [Sequence No - 26]	 Command completed.
----------------
2019-02-19 10:23:01,428 INFO  execution-log - [Sequence No - 27] Beginning ValidateExistStatusCommand ( LogicalFieldName : Contact Name, LogicalFieldValue : True )
----------------
2019-02-19 10:23:01,455 INFO  execution-log - [Sequence No - 27]	 Command completed.
----------------
2019-02-19 10:23:01,466 INFO  execution-log - [Sequence No - 28] Beginning ActionCommand ( LogicalFieldName : Contact Name, LogicalFieldValue : Click )
----------------
2019-02-19 10:23:01,598 INFO  execution-log - [Sequence No - 28]	 Command completed.
----------------
2019-02-19 10:23:01,614 INFO  execution-log - [Sequence No - 29] Beginning ActionCommand ( LogicalFieldName : Contact Name Initial Select, LogicalFieldValue : Click )
----------------
2019-02-19 10:23:02,250 INFO  execution-log - [Sequence No - 29]	 Command completed.
----------------
2019-02-19 10:23:02,261 INFO  execution-log - [Sequence No - 30] Beginning ValidateExistStatusCommand ( LogicalFieldName : Industry, LogicalFieldValue : True )
----------------
2019-02-19 10:23:02,282 INFO  execution-log - [Sequence No - 30]	 Command completed.
----------------
2019-02-19 10:23:02,293 INFO  execution-log - [Sequence No - 31] Beginning ActionCommand ( LogicalFieldName : Industry, LogicalFieldValue : Click )
----------------
2019-02-19 10:23:02,458 INFO  execution-log - [Sequence No - 31]	 Command completed.
----------------
2019-02-19 10:23:02,472 INFO  execution-log - [Sequence No - 32] Beginning ActionCommand ( LogicalFieldName : Industry1, LogicalFieldValue : Click )
----------------
2019-02-19 10:23:02,608 INFO  execution-log - [Sequence No - 32]	 Command completed.
----------------
2019-02-19 10:23:02,623 INFO  execution-log - [Sequence No - 33] Beginning ValidateExistStatusCommand ( LogicalFieldName : Zip Code, LogicalFieldValue : True )
----------------
2019-02-19 10:23:02,642 INFO  execution-log - [Sequence No - 33]	 Command completed.
----------------
2019-02-19 10:23:02,654 INFO  execution-log - [Sequence No - 34] Beginning TestDataCommand ( LogicalFieldName : Zip Code, LogicalFieldValue : 53704 )
----------------
2019-02-19 10:23:02,817 INFO  execution-log - [Sequence No - 34]	 Command completed.
----------------
2019-02-19 10:23:02,829 INFO  execution-log - [Sequence No - 35] Beginning ActionCommand ( LogicalFieldName : zipcode click, LogicalFieldValue : Click )
----------------
2019-02-19 10:23:03,236 INFO  execution-log - [Sequence No - 35]	 Command completed.
----------------
2019-02-19 10:23:03,247 INFO  execution-log - [Sequence No - 36] Beginning ValidateExistStatusCommand ( LogicalFieldName : Street Address, LogicalFieldValue : True )
----------------
2019-02-19 10:23:03,268 INFO  execution-log - [Sequence No - 36]	 Command completed.
----------------
2019-02-19 10:23:03,279 INFO  execution-log - [Sequence No - 37] Beginning TestDataCommand ( LogicalFieldName : Street Address, LogicalFieldValue : 123 BLUEJAY LN )
----------------
2019-02-19 10:23:03,527 INFO  execution-log - [Sequence No - 37]	 Command completed.
----------------
2019-02-19 10:23:03,541 INFO  execution-log - [Sequence No - 38] Beginning ValidateExistStatusCommand ( LogicalFieldName : Same as Physical Address, LogicalFieldValue : True )
----------------
2019-02-19 10:23:03,561 INFO  execution-log - [Sequence No - 38]	 Command completed.
----------------
2019-02-19 10:23:03,571 INFO  execution-log - [Sequence No - 39] Beginning ActionCommand ( LogicalFieldName : Same as Physical Address, LogicalFieldValue : Click )
----------------
2019-02-19 10:23:03,688 INFO  execution-log - [Sequence No - 39]	 Command completed.
----------------
2019-02-19 10:23:03,701 INFO  execution-log - [Sequence No - 40] Beginning ValidateEnableStatusCommand ( LogicalFieldName : Proceed, LogicalFieldValue : True )
----------------
2019-02-19 10:23:03,730 INFO  execution-log - [Sequence No - 40]	 Command completed.
----------------
2019-02-19 10:23:03,739 INFO  execution-log - [Sequence No - 41] Beginning ActionCommand ( LogicalFieldName : Proceed, LogicalFieldValue : Click )
----------------
2019-02-19 10:23:03,891 INFO  execution-log - [Sequence No - 41]	 Command completed.
----------------
2019-02-19 10:23:03,897 INFO  execution-log - 	 Command completed.
----------------
2019-02-19 10:23:03,903 INFO  execution-log -  Beginning PageCommand ( CurrentPage : Insured Info, FlowIdentifier : 4, DiIndicator : DI )
----------------
2019-02-19 10:23:03,911 INFO  execution-log - 	 Command completed.
----------------
2019-02-19 10:23:03,924 INFO  execution-log -  Beginning LoadTestDataItemCommand ( CurrentPage : Insured Info, FlowIdentifier : 4, DiIndicator : DI )
----------------
2019-02-19 10:23:03,939 INFO  execution-log - [Sequence No - 42] Beginning ValidateEnableStatusCommand ( LogicalFieldName : InsuredName, LogicalFieldValue : True )
----------------
2019-02-19 10:23:05,964 INFO  execution-log - [Sequence No - 42]	 Command completed.
----------------
2019-02-19 10:23:05,976 INFO  execution-log - [Sequence No - 43] Beginning TestDataCommand ( LogicalFieldName : InsuredName, LogicalFieldValue : Smith )
----------------
2019-02-19 10:23:06,101 INFO  execution-log - [Sequence No - 43]	 Command completed.
----------------
2019-02-19 10:23:06,126 INFO  execution-log - [Sequence No - 44] Beginning ValidateEnableStatusCommand ( LogicalFieldName : Primary State Click, LogicalFieldValue : True )
----------------
2019-02-19 10:23:06,163 INFO  execution-log - [Sequence No - 44]	 Command completed.
----------------
2019-02-19 10:23:06,174 INFO  execution-log - [Sequence No - 45] Beginning ActionCommand ( LogicalFieldName : Primary State Click, LogicalFieldValue : Click )
----------------
2019-02-19 10:23:06,286 INFO  execution-log - [Sequence No - 45]	 Command completed.
----------------
2019-02-19 10:23:06,297 INFO  execution-log - [Sequence No - 46] Beginning ActionCommand ( LogicalFieldName : PrimayState Select, LogicalFieldValue : Click )
----------------
2019-02-19 10:23:09,153 INFO  execution-log - [Sequence No - 46]	 Command completed.
----------------
2019-02-19 10:23:09,166 INFO  execution-log - [Sequence No - 47] Beginning ValidateExistStatusCommand ( LogicalFieldName : Street Address, LogicalFieldValue : True )
----------------
2019-02-19 10:23:09,189 INFO  execution-log - [Sequence No - 47]	 Command completed.
----------------
2019-02-19 10:23:09,198 INFO  execution-log - [Sequence No - 48] Beginning TestDataCommand ( LogicalFieldName : Street Address, LogicalFieldValue : 123 new street )
----------------
2019-02-19 10:23:09,439 INFO  execution-log - [Sequence No - 48]	 Command completed.
----------------
2019-02-19 10:23:09,449 INFO  execution-log - [Sequence No - 49] Beginning ValidateExistStatusCommand ( LogicalFieldName : Zip Code, LogicalFieldValue : True )
----------------
2019-02-19 10:23:09,474 INFO  execution-log - [Sequence No - 49]	 Command completed.
----------------
2019-02-19 10:23:09,484 INFO  execution-log - [Sequence No - 50] Beginning TestDataCommand ( LogicalFieldName : Zip Code, LogicalFieldValue : 53704 )
----------------
2019-02-19 10:23:09,629 INFO  execution-log - [Sequence No - 50]	 Command completed.
----------------
2019-02-19 10:23:09,641 INFO  execution-log - [Sequence No - 51] Beginning ValidateExistStatusCommand ( LogicalFieldName : Same as Physical Address, LogicalFieldValue : True )
----------------
2019-02-19 10:23:09,660 INFO  execution-log - [Sequence No - 51]	 Command completed.
----------------
2019-02-19 10:23:09,669 INFO  execution-log - [Sequence No - 52] Beginning ActionCommand ( LogicalFieldName : Same as Physical Address, LogicalFieldValue : Click )
----------------
2019-02-19 10:23:09,811 INFO  execution-log - [Sequence No - 52]	 Command completed.
----------------
2019-02-19 10:23:09,822 INFO  execution-log - [Sequence No - 53] Beginning ValidateExistStatusCommand ( LogicalFieldName : SIC Code, LogicalFieldValue : True )
----------------
2019-02-19 10:23:09,844 INFO  execution-log - [Sequence No - 53]	 Command completed.
----------------
2019-02-19 10:23:09,854 INFO  execution-log - [Sequence No - 54] Beginning TestDataCommand ( LogicalFieldName : SIC Code, LogicalFieldValue : 41510000-School buses )
----------------
2019-02-19 10:23:10,151 INFO  execution-log - [Sequence No - 54]	 Command completed.
----------------
2019-02-19 10:23:10,161 INFO  execution-log - [Sequence No - 55] Beginning ValidateExistStatusCommand ( LogicalFieldName : BusinessInceptionYear, LogicalFieldValue : True )
----------------
2019-02-19 10:23:10,187 INFO  execution-log - [Sequence No - 55]	 Command completed.
----------------
2019-02-19 10:23:10,196 INFO  execution-log - [Sequence No - 56] Beginning TestDataCommand ( LogicalFieldName : BusinessInceptionYear, LogicalFieldValue : 2012 )
----------------
2019-02-19 10:23:10,318 INFO  execution-log - [Sequence No - 56]	 Command completed.
----------------
2019-02-19 10:23:10,330 INFO  execution-log - [Sequence No - 57] Beginning ValidateExistStatusCommand ( LogicalFieldName : BusinessPhone, LogicalFieldValue : True )
----------------
2019-02-19 10:23:10,358 INFO  execution-log - [Sequence No - 57]	 Command completed.
----------------
2019-02-19 10:23:10,367 INFO  execution-log - [Sequence No - 58] Beginning TestDataCommand ( LogicalFieldName : BusinessPhone, LogicalFieldValue : 6549879879 )
----------------
2019-02-19 10:23:11,628 INFO  execution-log - [Sequence No - 58]	 Command completed.
----------------
2019-02-19 10:23:11,641 INFO  execution-log - [Sequence No - 59] Beginning ValidateEnableStatusCommand ( LogicalFieldName : Next, LogicalFieldValue : True )
----------------
2019-02-19 10:23:11,668 INFO  execution-log - [Sequence No - 59]	 Command completed.
----------------
2019-02-19 10:23:11,677 INFO  execution-log - [Sequence No - 60] Beginning ActionCommand ( LogicalFieldName : Next, LogicalFieldValue : Click )
----------------
2019-02-19 10:23:11,794 INFO  execution-log - [Sequence No - 60]	 Command completed.
----------------
2019-02-19 10:23:11,801 INFO  execution-log - 	 Command completed.
----------------
2019-02-19 10:23:11,807 INFO  execution-log -  Beginning PageCommand ( CurrentPage : Policy Info, FlowIdentifier : 5, DiIndicator : DI )
----------------
2019-02-19 10:23:11,812 INFO  execution-log - 	 Command completed.
----------------
2019-02-19 10:23:11,817 INFO  execution-log -  Beginning LoadTestDataItemCommand ( CurrentPage : Policy Info, FlowIdentifier : 5, DiIndicator : DI )
----------------
2019-02-19 10:23:11,835 INFO  execution-log - [Sequence No - 61] Beginning ValidateEnableStatusCommand ( LogicalFieldName : Which State do u operate In?, LogicalFieldValue : True )
----------------
2019-02-19 10:23:12,759 INFO  execution-log - [Sequence No - 61]	 Command completed.
----------------
2019-02-19 10:23:12,771 INFO  execution-log - [Sequence No - 62] Beginning ActionCommand ( LogicalFieldName : Which State do u operate In?, LogicalFieldValue : Click )
----------------
2019-02-19 10:23:13,409 INFO  execution-log - [Sequence No - 62]	 Command completed.
----------------
2019-02-19 10:23:13,421 INFO  execution-log - [Sequence No - 63] Beginning ActionCommand ( LogicalFieldName : Which State do u operate In?1, LogicalFieldValue : Click )
----------------
2019-02-19 10:23:14,121 INFO  execution-log - [Sequence No - 63]	 Command completed.
----------------
2019-02-19 10:23:14,132 INFO  execution-log - [Sequence No - 64] Beginning ActionCommand ( LogicalFieldName : Label Click, LogicalFieldValue : Click )
----------------
2019-02-19 10:23:14,266 INFO  execution-log - [Sequence No - 64]	 Command completed.
----------------
2019-02-19 10:23:14,278 INFO  execution-log - [Sequence No - 65] Beginning ActionCommand ( LogicalFieldName : Collapse, LogicalFieldValue : Click )
----------------
2019-02-19 10:23:14,489 INFO  execution-log - [Sequence No - 65]	 Command completed.
----------------
2019-02-19 10:23:14,500 INFO  execution-log - [Sequence No - 66] Beginning ValidateEnableStatusCommand ( LogicalFieldName : Select Product, LogicalFieldValue : True )
----------------
2019-02-19 10:23:14,539 INFO  execution-log - [Sequence No - 66]	 Command completed.
----------------
2019-02-19 10:23:14,554 INFO  execution-log - [Sequence No - 67] Beginning ActionCommand ( LogicalFieldName : Select Product, LogicalFieldValue : Click-Wait(2000) )
----------------
2019-02-19 10:23:18,704 INFO  execution-log - [Sequence No - 67]	 Command completed.
----------------
2019-02-19 10:23:18,714 INFO  execution-log - [Sequence No - 68] Beginning ActionCommand ( LogicalFieldName : Select Product 1, LogicalFieldValue : Click )
----------------
2019-02-19 10:23:21,360 INFO  execution-log - [Sequence No - 68]	 Command completed.
----------------
2019-02-19 10:23:21,367 INFO  execution-log - 	 Command completed.
----------------
2019-02-19 10:23:21,408 INFO  execution-log - Saving captured values to file.
----------------
2019-02-19 10:23:21,414 INFO  execution-log - TC # : 1, has completed successfully.
----------------
