2019-02-07 01:44:11,704 INFO  execution-log - 	Initializing control map with map # MASTER
----------------
2019-02-07 01:44:11,710 INFO  execution-log - Initializing Test Automation
----------------
2019-02-07 01:44:11,714 INFO  execution-log - 	target browser: Chrome
----------------
2019-02-07 01:44:11,721 INFO  execution-log - TC # : 1, Downloading test case from DB
----------------
2019-02-07 01:44:11,731 INFO  execution-log - TC # : 1, Getting control map :MASTER from DB
----------------
2019-02-07 01:44:11,734 INFO  execution-log - TC # : 1, Getting test data from DB
----------------
2019-02-07 01:44:11,759 INFO  execution-log - TC # : 1, Control map retrieval completed
----------------
2019-02-07 01:44:11,777 INFO  execution-log - TC # : 1, Test data retrieval completed
----------------
2019-02-07 01:44:11,789 INFO  execution-log - TC # : 1, Parsing commands
----------------
2019-02-07 01:44:11,793 INFO  execution-log - Loading captured values from persistence.
----------------
2019-02-07 01:44:11,798 INFO  execution-log - TC # : 1, Started executing test case in the VMTESTAPP1 environment (http://vam-qa.cloudapp.net:6363/pages/login.html)
----------------
2019-02-07 01:44:11,843 INFO  execution-log -  Beginning StartIterationCommand ( Iterations : 1 )
----------------
2019-02-07 01:44:11,850 INFO  execution-log - TC # : 1, Starting iteration #1
----------------
2019-02-07 01:44:11,854 INFO  execution-log - 	 Command completed.
----------------
2019-02-07 01:44:11,861 INFO  execution-log -  Beginning InvokeApplicationCommand ( Target :  )
----------------
2019-02-07 01:44:12,752 INFO  execution-log - 	 Command completed.
----------------
2019-02-07 01:44:12,762 INFO  execution-log -  Beginning PageCommand ( CurrentPage : Login, FlowIdentifier : 1, DiIndicator : DI )
----------------
2019-02-07 01:44:12,768 INFO  execution-log - 	 Command completed.
----------------
2019-02-07 01:44:12,777 INFO  execution-log -  Beginning LoadTestDataItemCommand ( CurrentPage : Login, FlowIdentifier : 1, DiIndicator : DI )
----------------
2019-02-07 01:44:12,799 INFO  execution-log - [Sequence No - 1] Beginning ValidateExistStatusCommand ( LogicalFieldName : User Name, LogicalFieldValue : True )
----------------
2019-02-07 01:44:12,827 INFO  execution-log - [Sequence No - 1]	 Command completed.
----------------
2019-02-07 01:44:12,838 INFO  execution-log - [Sequence No - 2] Beginning ActionCommand ( LogicalFieldName : User Name, LogicalFieldValue : Click )
----------------
2019-02-07 01:44:12,982 INFO  execution-log - [Sequence No - 2]	 Command completed.
----------------
2019-02-07 01:44:12,993 INFO  execution-log - [Sequence No - 3] Beginning TestDataCommand ( LogicalFieldName : User Name, LogicalFieldValue : Jack )
----------------
2019-02-07 01:44:13,106 INFO  execution-log - [Sequence No - 3]	 Command completed.
----------------
2019-02-07 01:44:13,116 INFO  execution-log - [Sequence No - 4] Beginning ValidateExistStatusCommand ( LogicalFieldName : Password, LogicalFieldValue : True )
----------------
2019-02-07 01:44:13,139 INFO  execution-log - [Sequence No - 4]	 Command completed.
----------------
2019-02-07 01:44:13,149 INFO  execution-log - [Sequence No - 5] Beginning TestDataCommand ( LogicalFieldName : Password, LogicalFieldValue : Smit@123 )
----------------
2019-02-07 01:44:13,300 INFO  execution-log - [Sequence No - 5]	 Command completed.
----------------
2019-02-07 01:44:13,312 INFO  execution-log - [Sequence No - 6] Beginning ValidateEnableStatusCommand ( LogicalFieldName : Login_Button, LogicalFieldValue : True )
----------------
2019-02-07 01:44:13,349 INFO  execution-log - [Sequence No - 6]	 Command completed.
----------------
2019-02-07 01:44:13,359 INFO  execution-log - [Sequence No - 7] Beginning ActionCommand ( LogicalFieldName : Login_Button, LogicalFieldValue : Click )
----------------
2019-02-07 01:44:13,483 INFO  execution-log - [Sequence No - 7]	 Command completed.
----------------
2019-02-07 01:44:13,493 INFO  execution-log - 	 Command completed.
----------------
2019-02-07 01:44:13,498 INFO  execution-log -  Beginning PageCommand ( CurrentPage : Home, FlowIdentifier : 2, DiIndicator : DI )
----------------
2019-02-07 01:44:13,503 INFO  execution-log - 	 Command completed.
----------------
2019-02-07 01:44:13,508 INFO  execution-log -  Beginning LoadTestDataItemCommand ( CurrentPage : Home, FlowIdentifier : 2, DiIndicator : DI )
----------------
2019-02-07 01:44:13,522 INFO  execution-log - [Sequence No - 8] Beginning ValidateEnableStatusCommand ( LogicalFieldName : New Quote, LogicalFieldValue : True )
----------------
2019-02-07 01:44:14,779 INFO  execution-log - [Sequence No - 8]	 Command completed.
----------------
2019-02-07 01:44:14,791 INFO  execution-log - [Sequence No - 9] Beginning ActionCommand ( LogicalFieldName : New Quote, LogicalFieldValue : Click )
----------------
2019-02-07 01:44:15,493 INFO  execution-log - [Sequence No - 9]	 Command completed.
----------------
2019-02-07 01:44:15,507 INFO  execution-log - 	 Command completed.
----------------
2019-02-07 01:44:15,529 INFO  execution-log -  Beginning PageCommand ( CurrentPage : New Quote, FlowIdentifier : 3, DiIndicator : DI )
----------------
2019-02-07 01:44:15,534 INFO  execution-log - 	 Command completed.
----------------
2019-02-07 01:44:15,539 INFO  execution-log -  Beginning LoadTestDataItemCommand ( CurrentPage : New Quote, FlowIdentifier : 3, DiIndicator : DI )
----------------
2019-02-07 01:44:15,558 INFO  execution-log - [Sequence No - 10] Beginning ValidateExistStatusCommand ( LogicalFieldName : Account Name, LogicalFieldValue : True )
----------------
2019-02-07 01:44:15,587 INFO  execution-log - [Sequence No - 10]	 Command completed.
----------------
2019-02-07 01:44:15,597 INFO  execution-log - [Sequence No - 11] Beginning TestDataCommand ( LogicalFieldName : Account Name, LogicalFieldValue : RANDOMIZE(7,2) )
----------------
2019-02-07 01:44:15,873 INFO  execution-log - [Sequence No - 11]	 Command completed.
----------------
2019-02-07 01:44:15,886 INFO  execution-log - [Sequence No - 12] Beginning ValidateExistStatusCommand ( LogicalFieldName : First Name, LogicalFieldValue : True )
----------------
2019-02-07 01:44:15,911 INFO  execution-log - [Sequence No - 12]	 Command completed.
----------------
2019-02-07 01:44:15,924 INFO  execution-log - [Sequence No - 13] Beginning TestDataCommand ( LogicalFieldName : First Name, LogicalFieldValue : Jack )
----------------
2019-02-07 01:44:16,154 INFO  execution-log - [Sequence No - 13]	 Command completed.
----------------
2019-02-07 01:44:16,165 INFO  execution-log - [Sequence No - 14] Beginning ValidateEnableStatusCommand ( LogicalFieldName : Last Name, LogicalFieldValue : True )
----------------
2019-02-07 01:44:16,202 INFO  execution-log - [Sequence No - 14]	 Command completed.
----------------
2019-02-07 01:44:16,219 INFO  execution-log - [Sequence No - 15] Beginning TestDataCommand ( LogicalFieldName : Last Name, LogicalFieldValue : Smith )
----------------
2019-02-07 01:44:16,417 INFO  execution-log - [Sequence No - 15]	 Command completed.
----------------
2019-02-07 01:44:16,431 INFO  execution-log - [Sequence No - 16] Beginning ValidateExistStatusCommand ( LogicalFieldName : ContactNumber1, LogicalFieldValue : True )
----------------
2019-02-07 01:44:16,457 INFO  execution-log - [Sequence No - 16]	 Command completed.
----------------
2019-02-07 01:44:16,467 INFO  execution-log - [Sequence No - 17] Beginning TestDataCommand ( LogicalFieldName : ContactNumber1, LogicalFieldValue : 654 )
----------------
2019-02-07 01:44:16,609 INFO  execution-log - [Sequence No - 17]	 Command completed.
----------------
2019-02-07 01:44:16,619 INFO  execution-log - [Sequence No - 18] Beginning TestDataCommand ( LogicalFieldName : ContactNumber2, LogicalFieldValue : 321 )
----------------
2019-02-07 01:44:16,754 INFO  execution-log - [Sequence No - 18]	 Command completed.
----------------
2019-02-07 01:44:16,765 INFO  execution-log - [Sequence No - 19] Beginning TestDataCommand ( LogicalFieldName : ContactNumber3, LogicalFieldValue : 6541 )
----------------
2019-02-07 01:44:16,999 INFO  execution-log - [Sequence No - 19]	 Command completed.
----------------
2019-02-07 01:44:17,011 INFO  execution-log - [Sequence No - 20] Beginning ValidateExistStatusCommand ( LogicalFieldName : Primary Email, LogicalFieldValue : True )
----------------
2019-02-07 01:44:17,037 INFO  execution-log - [Sequence No - 20]	 Command completed.
----------------
2019-02-07 01:44:17,048 INFO  execution-log - [Sequence No - 21] Beginning TestDataCommand ( LogicalFieldName : Primary Email, LogicalFieldValue : jack.smith@gmail.com )
----------------
2019-02-07 01:44:17,377 INFO  execution-log - [Sequence No - 21]	 Command completed.
----------------
2019-02-07 01:44:17,388 INFO  execution-log - [Sequence No - 22] Beginning ValidateExistStatusCommand ( LogicalFieldName : Business Started Year, LogicalFieldValue : True )
----------------
2019-02-07 01:44:17,415 INFO  execution-log - [Sequence No - 22]	 Command completed.
----------------
2019-02-07 01:44:17,426 INFO  execution-log - [Sequence No - 23] Beginning TestDataCommand ( LogicalFieldName : Business Started Year, LogicalFieldValue : 2012 )
----------------
2019-02-07 01:44:17,554 INFO  execution-log - [Sequence No - 23]	 Command completed.
----------------
2019-02-07 01:44:17,569 INFO  execution-log - [Sequence No - 24] Beginning ValidateExistStatusCommand ( LogicalFieldName : Select Product, LogicalFieldValue : True )
----------------
2019-02-07 01:44:17,593 INFO  execution-log - [Sequence No - 24]	 Command completed.
----------------
2019-02-07 01:44:17,602 INFO  execution-log - [Sequence No - 25] Beginning ActionCommand ( LogicalFieldName : Select Product, LogicalFieldValue : Click )
----------------
2019-02-07 01:44:17,756 INFO  execution-log - [Sequence No - 25]	 Command completed.
----------------
2019-02-07 01:44:17,776 INFO  execution-log - [Sequence No - 26] Beginning ActionCommand ( LogicalFieldName : Select Product1, LogicalFieldValue : Click )
----------------
2019-02-07 01:44:17,956 INFO  execution-log - [Sequence No - 26]	 Command completed.
----------------
2019-02-07 01:44:17,969 INFO  execution-log - [Sequence No - 27] Beginning ValidateExistStatusCommand ( LogicalFieldName : Contact Name, LogicalFieldValue : True )
----------------
2019-02-07 01:44:17,997 INFO  execution-log - [Sequence No - 27]	 Command completed.
----------------
2019-02-07 01:44:18,009 INFO  execution-log - [Sequence No - 28] Beginning ActionCommand ( LogicalFieldName : Contact Name, LogicalFieldValue : Click )
----------------
2019-02-07 01:44:18,170 INFO  execution-log - [Sequence No - 28]	 Command completed.
----------------
2019-02-07 01:44:18,187 INFO  execution-log - [Sequence No - 29] Beginning ActionCommand ( LogicalFieldName : Contact Name Initial Select, LogicalFieldValue : Click )
----------------
2019-02-07 01:44:18,837 INFO  execution-log - [Sequence No - 29]	 Command completed.
----------------
2019-02-07 01:44:18,848 INFO  execution-log - [Sequence No - 30] Beginning ValidateExistStatusCommand ( LogicalFieldName : Industry, LogicalFieldValue : True )
----------------
2019-02-07 01:44:18,885 INFO  execution-log - [Sequence No - 30]	 Command completed.
----------------
2019-02-07 01:44:18,897 INFO  execution-log - [Sequence No - 31] Beginning ActionCommand ( LogicalFieldName : Industry, LogicalFieldValue : Click )
----------------
2019-02-07 01:44:19,087 INFO  execution-log - [Sequence No - 31]	 Command completed.
----------------
2019-02-07 01:44:19,099 INFO  execution-log - [Sequence No - 32] Beginning ActionCommand ( LogicalFieldName : Industry1, LogicalFieldValue : Click )
----------------
2019-02-07 01:44:19,255 INFO  execution-log - [Sequence No - 32]	 Command completed.
----------------
2019-02-07 01:44:19,266 INFO  execution-log - [Sequence No - 33] Beginning ValidateExistStatusCommand ( LogicalFieldName : Zip Code, LogicalFieldValue : True )
----------------
2019-02-07 01:44:19,290 INFO  execution-log - [Sequence No - 33]	 Command completed.
----------------
2019-02-07 01:44:19,300 INFO  execution-log - [Sequence No - 34] Beginning TestDataCommand ( LogicalFieldName : Zip Code, LogicalFieldValue : 53704 )
----------------
2019-02-07 01:44:19,460 INFO  execution-log - [Sequence No - 34]	 Command completed.
----------------
2019-02-07 01:44:19,470 INFO  execution-log - [Sequence No - 35] Beginning ActionCommand ( LogicalFieldName : zipcode click, LogicalFieldValue : Click )
----------------
2019-02-07 01:44:19,832 INFO  execution-log - [Sequence No - 35]	 Command completed.
----------------
2019-02-07 01:44:19,852 INFO  execution-log - [Sequence No - 36] Beginning ValidateExistStatusCommand ( LogicalFieldName : Street Address, LogicalFieldValue : True )
----------------
2019-02-07 01:44:19,877 INFO  execution-log - [Sequence No - 36]	 Command completed.
----------------
2019-02-07 01:44:19,887 INFO  execution-log - [Sequence No - 37] Beginning TestDataCommand ( LogicalFieldName : Street Address, LogicalFieldValue : 123 BLUEJAY LN )
----------------
2019-02-07 01:44:20,121 INFO  execution-log - [Sequence No - 37]	 Command completed.
----------------
2019-02-07 01:44:20,132 INFO  execution-log - [Sequence No - 38] Beginning ValidateExistStatusCommand ( LogicalFieldName : Same as Physical Address, LogicalFieldValue : True )
----------------
2019-02-07 01:44:20,155 INFO  execution-log - [Sequence No - 38]	 Command completed.
----------------
2019-02-07 01:44:20,165 INFO  execution-log - [Sequence No - 39] Beginning ActionCommand ( LogicalFieldName : Same as Physical Address, LogicalFieldValue : Click )
----------------
2019-02-07 01:44:20,300 INFO  execution-log - [Sequence No - 39]	 Command completed.
----------------
2019-02-07 01:44:20,318 INFO  execution-log - [Sequence No - 40] Beginning ValidateEnableStatusCommand ( LogicalFieldName : Proceed, LogicalFieldValue : True )
----------------
2019-02-07 01:44:20,361 INFO  execution-log - [Sequence No - 40]	 Command completed.
----------------
2019-02-07 01:44:20,372 INFO  execution-log - [Sequence No - 41] Beginning ActionCommand ( LogicalFieldName : Proceed, LogicalFieldValue : Click )
----------------
2019-02-07 01:44:20,513 INFO  execution-log - [Sequence No - 41]	 Command completed.
----------------
2019-02-07 01:44:20,520 INFO  execution-log - 	 Command completed.
----------------
2019-02-07 01:44:20,530 INFO  execution-log -  Beginning PageCommand ( CurrentPage : Insured Info, FlowIdentifier : 4, DiIndicator : DI )
----------------
2019-02-07 01:44:20,536 INFO  execution-log - 	 Command completed.
----------------
2019-02-07 01:44:20,543 INFO  execution-log -  Beginning LoadTestDataItemCommand ( CurrentPage : Insured Info, FlowIdentifier : 4, DiIndicator : DI )
----------------
2019-02-07 01:44:20,560 INFO  execution-log - [Sequence No - 42] Beginning ValidateEnableStatusCommand ( LogicalFieldName : InsuredName, LogicalFieldValue : True )
----------------
2019-02-07 01:44:22,289 INFO  execution-log - [Sequence No - 42]	 Command completed.
----------------
2019-02-07 01:44:22,300 INFO  execution-log - [Sequence No - 43] Beginning TestDataCommand ( LogicalFieldName : InsuredName, LogicalFieldValue : Smith )
----------------
2019-02-07 01:44:22,450 INFO  execution-log - [Sequence No - 43]	 Command completed.
----------------
2019-02-07 01:44:22,460 INFO  execution-log - [Sequence No - 44] Beginning ValidateEnableStatusCommand ( LogicalFieldName : Primary State Click, LogicalFieldValue : True )
----------------
2019-02-07 01:44:22,494 INFO  execution-log - [Sequence No - 44]	 Command completed.
----------------
2019-02-07 01:44:22,504 INFO  execution-log - [Sequence No - 45] Beginning ActionCommand ( LogicalFieldName : Primary State Click, LogicalFieldValue : Click )
----------------
2019-02-07 01:44:22,659 INFO  execution-log - [Sequence No - 45]	 Command completed.
----------------
2019-02-07 01:44:22,672 INFO  execution-log - [Sequence No - 46] Beginning ActionCommand ( LogicalFieldName : PrimayState Select, LogicalFieldValue : Click )
----------------
2019-02-07 01:44:22,876 INFO  execution-log - [Sequence No - 46]	 Command completed.
----------------
2019-02-07 01:44:22,886 INFO  execution-log - [Sequence No - 47] Beginning ValidateExistStatusCommand ( LogicalFieldName : Street Address, LogicalFieldValue : True )
----------------
2019-02-07 01:44:22,916 INFO  execution-log - [Sequence No - 47]	 Command completed.
----------------
2019-02-07 01:44:22,927 INFO  execution-log - [Sequence No - 48] Beginning TestDataCommand ( LogicalFieldName : Street Address, LogicalFieldValue : 123 new street )
----------------
2019-02-07 01:44:23,225 INFO  execution-log - [Sequence No - 48]	 Command completed.
----------------
2019-02-07 01:44:23,237 INFO  execution-log - [Sequence No - 49] Beginning ValidateExistStatusCommand ( LogicalFieldName : Zip Code, LogicalFieldValue : True )
----------------
2019-02-07 01:44:23,276 INFO  execution-log - [Sequence No - 49]	 Command completed.
----------------
2019-02-07 01:44:23,285 INFO  execution-log - [Sequence No - 50] Beginning TestDataCommand ( LogicalFieldName : Zip Code, LogicalFieldValue : 53704 )
----------------
2019-02-07 01:44:23,427 INFO  execution-log - [Sequence No - 50]	 Command completed.
----------------
2019-02-07 01:44:23,438 INFO  execution-log - [Sequence No - 51] Beginning ValidateExistStatusCommand ( LogicalFieldName : Same as Physical Address, LogicalFieldValue : True )
----------------
2019-02-07 01:44:23,467 INFO  execution-log - [Sequence No - 51]	 Command completed.
----------------
2019-02-07 01:44:23,477 INFO  execution-log - [Sequence No - 52] Beginning ActionCommand ( LogicalFieldName : Same as Physical Address, LogicalFieldValue : Click )
----------------
2019-02-07 01:44:23,627 INFO  execution-log - [Sequence No - 52]	 Command completed.
----------------
2019-02-07 01:44:23,642 INFO  execution-log - [Sequence No - 53] Beginning ValidateExistStatusCommand ( LogicalFieldName : SIC Code, LogicalFieldValue : True )
----------------
2019-02-07 01:44:23,680 INFO  execution-log - [Sequence No - 53]	 Command completed.
----------------
2019-02-07 01:44:23,691 INFO  execution-log - [Sequence No - 54] Beginning TestDataCommand ( LogicalFieldName : SIC Code, LogicalFieldValue : 41510000-School buses )
----------------
2019-02-07 01:44:24,033 INFO  execution-log - [Sequence No - 54]	 Command completed.
----------------
2019-02-07 01:44:24,045 INFO  execution-log - [Sequence No - 55] Beginning ValidateExistStatusCommand ( LogicalFieldName : BusinessInceptionYear, LogicalFieldValue : True )
----------------
2019-02-07 01:44:24,082 INFO  execution-log - [Sequence No - 55]	 Command completed.
----------------
2019-02-07 01:44:24,093 INFO  execution-log - [Sequence No - 56] Beginning TestDataCommand ( LogicalFieldName : BusinessInceptionYear, LogicalFieldValue : 2012 )
----------------
2019-02-07 01:44:24,254 INFO  execution-log - [Sequence No - 56]	 Command completed.
----------------
2019-02-07 01:44:24,272 INFO  execution-log - [Sequence No - 57] Beginning ValidateExistStatusCommand ( LogicalFieldName : BusinessPhone, LogicalFieldValue : True )
----------------
2019-02-07 01:44:24,309 INFO  execution-log - [Sequence No - 57]	 Command completed.
----------------
2019-02-07 01:44:24,320 INFO  execution-log - [Sequence No - 58] Beginning TestDataCommand ( LogicalFieldName : BusinessPhone, LogicalFieldValue : 6549879879 )
----------------
2019-02-07 01:44:25,595 INFO  execution-log - [Sequence No - 58]	 Command completed.
----------------
2019-02-07 01:44:25,605 INFO  execution-log - [Sequence No - 59] Beginning ValidateEnableStatusCommand ( LogicalFieldName : Next, LogicalFieldValue : True )
----------------
2019-02-07 01:44:25,639 INFO  execution-log - [Sequence No - 59]	 Command completed.
----------------
2019-02-07 01:44:25,650 INFO  execution-log - [Sequence No - 60] Beginning ActionCommand ( LogicalFieldName : Next, LogicalFieldValue : Click )
----------------
2019-02-07 01:44:25,784 INFO  execution-log - [Sequence No - 60]	 Command completed.
----------------
2019-02-07 01:44:25,792 INFO  execution-log - 	 Command completed.
----------------
2019-02-07 01:44:25,800 INFO  execution-log -  Beginning PageCommand ( CurrentPage : Policy Info, FlowIdentifier : 5, DiIndicator : DI )
----------------
2019-02-07 01:44:25,805 INFO  execution-log - 	 Command completed.
----------------
2019-02-07 01:44:25,810 INFO  execution-log -  Beginning LoadTestDataItemCommand ( CurrentPage : Policy Info, FlowIdentifier : 5, DiIndicator : DI )
----------------
2019-02-07 01:44:25,829 INFO  execution-log - [Sequence No - 61] Beginning ValidateEnableStatusCommand ( LogicalFieldName : Which State do u operate In?, LogicalFieldValue : True )
----------------
2019-02-07 01:44:26,614 INFO  execution-log - [Sequence No - 61]	 Command completed.
----------------
2019-02-07 01:44:26,625 INFO  execution-log - [Sequence No - 62] Beginning ActionCommand ( LogicalFieldName : Which State do u operate In?, LogicalFieldValue : Click )
----------------
2019-02-07 01:44:27,289 INFO  execution-log - [Sequence No - 62]	 Command completed.
----------------
2019-02-07 01:44:27,301 INFO  execution-log - [Sequence No - 63] Beginning ActionCommand ( LogicalFieldName : Which State do u operate In?1, LogicalFieldValue : Click )
----------------
2019-02-07 01:44:27,938 INFO  execution-log - [Sequence No - 63]	 Command completed.
----------------
2019-02-07 01:44:27,949 INFO  execution-log - [Sequence No - 64] Beginning ActionCommand ( LogicalFieldName : Label Click, LogicalFieldValue : Click )
----------------
2019-02-07 01:44:28,132 INFO  execution-log - [Sequence No - 64]	 Command completed.
----------------
2019-02-07 01:44:28,147 INFO  execution-log - [Sequence No - 65] Beginning ActionCommand ( LogicalFieldName : Collapse, LogicalFieldValue : Click )
----------------
2019-02-07 01:44:28,359 INFO  execution-log - [Sequence No - 65]	 Command completed.
----------------
2019-02-07 01:44:28,370 INFO  execution-log - [Sequence No - 66] Beginning ValidateEnableStatusCommand ( LogicalFieldName : Select Product, LogicalFieldValue : True )
----------------
2019-02-07 01:44:28,408 INFO  execution-log - [Sequence No - 66]	 Command completed.
----------------
2019-02-07 01:44:28,421 INFO  execution-log - [Sequence No - 67] Beginning ActionCommand ( LogicalFieldName : Select Product, LogicalFieldValue : Click-Wait(2000) )
----------------
2019-02-07 01:44:32,593 INFO  execution-log - [Sequence No - 67]	 Command completed.
----------------
2019-02-07 01:44:32,603 INFO  execution-log - [Sequence No - 68] Beginning ActionCommand ( LogicalFieldName : Select Product 1, LogicalFieldValue : Click )
----------------
2019-02-07 01:44:34,976 INFO  execution-log - [Sequence No - 68]	 Command completed.
----------------
2019-02-07 01:44:34,988 INFO  execution-log - 	 Command completed.
----------------
2019-02-07 01:44:35,023 INFO  execution-log - Saving captured values to file.
----------------
2019-02-07 01:44:35,032 INFO  execution-log - TC # : 1, has completed successfully.
----------------
