2019-01-28 22:41:01,284 INFO  execution-log - 	Initializing control map with map # MASTER
----------------
2019-01-28 22:41:01,299 INFO  execution-log - Initializing Test Automation
----------------
2019-01-28 22:41:01,299 INFO  execution-log - 	target browser: Chrome
----------------
2019-01-28 22:41:01,315 INFO  execution-log - TC # : 2, Downloading test case from DB
----------------
2019-01-28 22:41:01,330 INFO  execution-log - TC # : 2, Getting control map :MASTER from DB
----------------
2019-01-28 22:41:01,346 INFO  execution-log - TC # : 2, Getting test data from DB
----------------
2019-01-28 22:41:01,377 INFO  execution-log - TC # : 2, Control map retrieval completed
----------------
2019-01-28 22:41:01,377 INFO  execution-log - TC # : 2, Test data retrieval completed
----------------
2019-01-28 22:41:01,377 INFO  execution-log - TC # : 2, Parsing commands
----------------
2019-01-28 22:41:01,393 INFO  execution-log - Loading captured values from persistence.
----------------
2019-01-28 22:41:01,393 INFO  execution-log - TC # : 2, Started executing test case in the VMTESTAPP environment (http://vam-qa.cloudapp.net:6363/pages/login.html)
----------------
2019-01-28 22:41:01,440 INFO  execution-log -  Beginning StartIterationCommand ( Iterations : 1 )
----------------
2019-01-28 22:41:01,455 INFO  execution-log - TC # : 2, Starting iteration #1
----------------
2019-01-28 22:41:01,471 INFO  execution-log - 	 Command completed.
----------------
2019-01-28 22:41:01,471 INFO  execution-log -  Beginning InvokeApplicationCommand ( Target :  )
----------------
2019-01-28 22:41:02,536 INFO  execution-log - 	 Command completed.
----------------
2019-01-28 22:41:02,550 INFO  execution-log -  Beginning PageCommand ( CurrentPage : Login, FlowIdentifier : 1, DiIndicator : DI )
----------------
2019-01-28 22:41:02,560 INFO  execution-log - 	 Command completed.
----------------
2019-01-28 22:41:02,568 INFO  execution-log -  Beginning LoadTestDataItemCommand ( CurrentPage : Login, FlowIdentifier : 1, DiIndicator : DI )
----------------
2019-01-28 22:41:02,588 INFO  execution-log - [Sequence No - 1] Beginning ValidateExistStatusCommand ( LogicalFieldName : User Name, LogicalFieldValue : True )
----------------
2019-01-28 22:41:02,627 INFO  execution-log - [Sequence No - 1]	 Command completed.
----------------
2019-01-28 22:41:02,644 INFO  execution-log - [Sequence No - 2] Beginning ActionCommand ( LogicalFieldName : User Name, LogicalFieldValue : Click )
----------------
2019-01-28 22:41:02,805 INFO  execution-log - [Sequence No - 2]	 Command completed.
----------------
2019-01-28 22:41:02,817 INFO  execution-log - [Sequence No - 3] Beginning TestDataCommand ( LogicalFieldName : User Name, LogicalFieldValue : Jack )
----------------
2019-01-28 22:41:02,929 INFO  execution-log - [Sequence No - 3]	 Command completed.
----------------
2019-01-28 22:41:02,945 INFO  execution-log - [Sequence No - 4] Beginning ValidateExistStatusCommand ( LogicalFieldName : Password, LogicalFieldValue : True )
----------------
2019-01-28 22:41:02,970 INFO  execution-log - [Sequence No - 4]	 Command completed.
----------------
2019-01-28 22:41:02,981 INFO  execution-log - [Sequence No - 5] Beginning TestDataCommand ( LogicalFieldName : Password, LogicalFieldValue : Smit@123 )
----------------
2019-01-28 22:41:03,191 INFO  execution-log - [Sequence No - 5]	 Command completed.
----------------
2019-01-28 22:41:03,201 INFO  execution-log - [Sequence No - 6] Beginning ValidateEnableStatusCommand ( LogicalFieldName : Login_Button, LogicalFieldValue : True )
----------------
2019-01-28 22:41:03,240 INFO  execution-log - [Sequence No - 6]	 Command completed.
----------------
2019-01-28 22:41:03,240 INFO  execution-log - [Sequence No - 7] Beginning ActionCommand ( LogicalFieldName : Login_Button, LogicalFieldValue : Click )
----------------
2019-01-28 22:41:03,375 INFO  execution-log - [Sequence No - 7]	 Command completed.
----------------
2019-01-28 22:41:03,383 INFO  execution-log - 	 Command completed.
----------------
2019-01-28 22:41:03,425 INFO  execution-log - Saving captured values to file.
----------------
2019-01-28 22:41:03,425 INFO  execution-log - TC # : 2, has completed successfully.
----------------
