2019-01-29 02:13:51,255 INFO  execution-log - 	Initializing control map with map # MASTER
----------------
2019-01-29 02:13:51,255 INFO  execution-log - Initializing Test Automation
----------------
2019-01-29 02:13:51,255 INFO  execution-log - 	target browser: Chrome
----------------
2019-01-29 02:13:51,271 INFO  execution-log - TC # : 2, Downloading test case from DB
----------------
2019-01-29 02:13:51,271 INFO  execution-log - TC # : 2, Getting control map :MASTER from DB
----------------
2019-01-29 02:13:51,271 INFO  execution-log - TC # : 2, Getting test data from DB
----------------
2019-01-29 02:13:51,271 INFO  execution-log - TC # : 2, Control map retrieval completed
----------------
2019-01-29 02:13:51,287 INFO  execution-log - TC # : 2, Test data retrieval completed
----------------
2019-01-29 02:13:51,287 INFO  execution-log - TC # : 2, Parsing commands
----------------
2019-01-29 02:13:51,287 INFO  execution-log - Loading captured values from persistence.
----------------
2019-01-29 02:13:51,302 INFO  execution-log - TC # : 2, Started executing test case in the VMTESTAPP1 environment (http://vam-qa.cloudapp.net:6363/pages/login.html)
----------------
2019-01-29 02:13:51,318 INFO  execution-log -  Beginning StartIterationCommand ( Iterations : 1 )
----------------
2019-01-29 02:13:51,318 INFO  execution-log - TC # : 2, Starting iteration #1
----------------
2019-01-29 02:13:51,318 INFO  execution-log - 	 Command completed.
----------------
2019-01-29 02:13:51,318 INFO  execution-log -  Beginning InvokeApplicationCommand ( Target :  )
----------------
2019-01-29 02:13:52,218 INFO  execution-log - 	 Command completed.
----------------
2019-01-29 02:13:52,225 INFO  execution-log -  Beginning PageCommand ( CurrentPage : Login, FlowIdentifier : 1, DiIndicator : DI )
----------------
2019-01-29 02:13:52,230 INFO  execution-log - 	 Command completed.
----------------
2019-01-29 02:13:52,234 INFO  execution-log -  Beginning LoadTestDataItemCommand ( CurrentPage : Login, FlowIdentifier : 1, DiIndicator : DI )
----------------
2019-01-29 02:13:52,242 INFO  execution-log - [Sequence No - 1] Beginning ValidateExistStatusCommand ( LogicalFieldName : User Name, LogicalFieldValue : True )
----------------
2019-01-29 02:13:52,266 INFO  execution-log - [Sequence No - 1]	 Command completed.
----------------
2019-01-29 02:13:52,274 INFO  execution-log - [Sequence No - 2] Beginning ActionCommand ( LogicalFieldName : User Name, LogicalFieldValue : Click )
----------------
2019-01-29 02:13:52,393 INFO  execution-log - [Sequence No - 2]	 Command completed.
----------------
2019-01-29 02:13:52,405 INFO  execution-log - [Sequence No - 3] Beginning TestDataCommand ( LogicalFieldName : User Name, LogicalFieldValue : Jack )
----------------
2019-01-29 02:13:52,491 INFO  execution-log - [Sequence No - 3]	 Command completed.
----------------
2019-01-29 02:13:52,502 INFO  execution-log - [Sequence No - 4] Beginning ValidateExistStatusCommand ( LogicalFieldName : Password, LogicalFieldValue : True )
----------------
2019-01-29 02:13:52,522 INFO  execution-log - [Sequence No - 4]	 Command completed.
----------------
2019-01-29 02:13:52,530 INFO  execution-log - [Sequence No - 5] Beginning TestDataCommand ( LogicalFieldName : Password, LogicalFieldValue : Smit@123 )
----------------
2019-01-29 02:13:52,665 INFO  execution-log - [Sequence No - 5]	 Command completed.
----------------
2019-01-29 02:13:52,675 INFO  execution-log - [Sequence No - 6] Beginning ValidateEnableStatusCommand ( LogicalFieldName : Login_Button, LogicalFieldValue : True )
----------------
2019-01-29 02:13:52,707 INFO  execution-log - [Sequence No - 6]	 Command completed.
----------------
2019-01-29 02:13:52,716 INFO  execution-log - [Sequence No - 7] Beginning ActionCommand ( LogicalFieldName : Login_Button, LogicalFieldValue : Click )
----------------
2019-01-29 02:13:52,833 INFO  execution-log - [Sequence No - 7]	 Command completed.
----------------
2019-01-29 02:13:52,839 INFO  execution-log - 	 Command completed.
----------------
2019-01-29 02:13:52,853 INFO  execution-log - Saving captured values to file.
----------------
2019-01-29 02:13:52,860 INFO  execution-log - TC # : 2, has completed successfully.
----------------
