2019-01-28 19:50:32,254 INFO  execution-log - 	Initializing control map with map # MASTER
----------------
2019-01-28 19:50:32,254 INFO  execution-log - Initializing Test Automation
----------------
2019-01-28 19:50:32,254 INFO  execution-log - 	target browser: Chrome
----------------
2019-01-28 19:50:32,269 INFO  execution-log - TC # : 1, Downloading test case from DB
----------------
2019-01-28 19:50:32,285 INFO  execution-log - TC # : 1, Getting control map :MASTER from DB
----------------
2019-01-28 19:50:32,285 INFO  execution-log - TC # : 1, Getting test data from DB
----------------
2019-01-28 19:50:32,285 INFO  execution-log - TC # : 1, Control map retrieval completed
----------------
2019-01-28 19:50:32,301 INFO  execution-log - TC # : 1, Test data retrieval completed
----------------
2019-01-28 19:50:32,301 INFO  execution-log - TC # : 1, Parsing commands
----------------
2019-01-28 19:50:32,301 INFO  execution-log - Loading captured values from persistence.
----------------
2019-01-28 19:50:32,316 INFO  execution-log - TC # : 1, Started executing test case in the VMTESTAPP environment (http://vam-qa.cloudapp.net:6363/pages/login.html)
----------------
2019-01-28 19:50:32,332 INFO  execution-log -  Beginning StartIterationCommand ( Iterations : 1 )
----------------
2019-01-28 19:50:32,332 INFO  execution-log - TC # : 1, Starting iteration #1
----------------
2019-01-28 19:50:32,332 INFO  execution-log - 	 Command completed.
----------------
2019-01-28 19:50:32,348 INFO  execution-log -  Beginning InvokeApplicationCommand ( Target :  )
----------------
2019-01-28 19:50:33,245 INFO  execution-log - 	 Command completed.
----------------
2019-01-28 19:50:33,252 INFO  execution-log -  Beginning PageCommand ( CurrentPage : Login, FlowIdentifier : 1, DiIndicator : DI )
----------------
2019-01-28 19:50:33,262 INFO  execution-log - 	 Command completed.
----------------
2019-01-28 19:50:33,269 INFO  execution-log -  Beginning LoadTestDataItemCommand ( CurrentPage : Login, FlowIdentifier : 1, DiIndicator : DI )
----------------
2019-01-28 19:50:33,284 INFO  execution-log - [Sequence No - 1] Beginning ValidateExistStatusCommand ( LogicalFieldName : User Name, LogicalFieldValue : True )
----------------
2019-01-28 19:50:33,305 INFO  execution-log - [Sequence No - 1]	 Command completed.
----------------
2019-01-28 19:50:33,320 INFO  execution-log - [Sequence No - 2] Beginning ActionCommand ( LogicalFieldName : User Name, LogicalFieldValue : Click )
----------------
2019-01-28 19:50:33,459 INFO  execution-log - [Sequence No - 2]	 Command completed.
----------------
2019-01-28 19:50:33,471 INFO  execution-log - [Sequence No - 3] Beginning TestDataCommand ( LogicalFieldName : User Name, LogicalFieldValue : Jack )
----------------
2019-01-28 19:50:33,576 INFO  execution-log - [Sequence No - 3]	 Command completed.
----------------
2019-01-28 19:50:33,587 INFO  execution-log - [Sequence No - 4] Beginning ValidateExistStatusCommand ( LogicalFieldName : Password, LogicalFieldValue : True )
----------------
2019-01-28 19:50:33,611 INFO  execution-log - [Sequence No - 4]	 Command completed.
----------------
2019-01-28 19:50:33,621 INFO  execution-log - [Sequence No - 5] Beginning TestDataCommand ( LogicalFieldName : Password, LogicalFieldValue : Smit@123 )
----------------
2019-01-28 19:50:33,773 INFO  execution-log - [Sequence No - 5]	 Command completed.
----------------
2019-01-28 19:50:33,786 INFO  execution-log - [Sequence No - 6] Beginning ValidateEnableStatusCommand ( LogicalFieldName : Login_Button, LogicalFieldValue : True )
----------------
2019-01-28 19:50:33,827 INFO  execution-log - [Sequence No - 6]	 Command completed.
----------------
2019-01-28 19:50:33,837 INFO  execution-log - [Sequence No - 7] Beginning ActionCommand ( LogicalFieldName : Login_Button, LogicalFieldValue : Click )
----------------
2019-01-28 19:50:34,028 INFO  execution-log - [Sequence No - 7]	 Command completed.
----------------
2019-01-28 19:50:34,034 INFO  execution-log - 	 Command completed.
----------------
2019-01-28 19:50:34,056 INFO  execution-log - Saving captured values to file.
----------------
2019-01-28 19:50:34,056 INFO  execution-log - TC # : 1, has completed successfully.
----------------
