2019-02-04 11:36:58,028 INFO  execution-log - 	Initializing control map with map # MASTER
----------------
2019-02-04 11:36:58,043 INFO  execution-log - Initializing Test Automation
----------------
2019-02-04 11:36:58,048 INFO  execution-log - 	target browser: Chrome
----------------
2019-02-04 11:36:58,055 INFO  execution-log - TC # : 1, Downloading test case from DB
----------------
2019-02-04 11:36:58,073 INFO  execution-log - TC # : 1, Getting control map :MASTER from DB
----------------
2019-02-04 11:36:58,082 INFO  execution-log - TC # : 1, Getting test data from DB
----------------
2019-02-04 11:36:58,095 INFO  execution-log - TC # : 1, Control map retrieval completed
----------------
2019-02-04 11:36:58,105 INFO  execution-log - TC # : 1, Test data retrieval completed
----------------
2019-02-04 11:36:58,109 INFO  execution-log - TC # : 1, Parsing commands
----------------
2019-02-04 11:36:58,115 INFO  execution-log - Loading captured values from persistence.
----------------
2019-02-04 11:36:58,122 INFO  execution-log - TC # : 1, Started executing test case in the VMTESTAPP1 environment (http://vam-qa.cloudapp.net:6363/pages/login.html)
----------------
2019-02-04 11:36:58,184 INFO  execution-log -  Beginning StartIterationCommand ( Iterations : 1 )
----------------
2019-02-04 11:36:58,196 INFO  execution-log - TC # : 1, Starting iteration #1
----------------
2019-02-04 11:36:58,201 INFO  execution-log - 	 Command completed.
----------------
2019-02-04 11:36:58,207 INFO  execution-log -  Beginning InvokeApplicationCommand ( Target :  )
----------------
2019-02-04 11:36:59,177 INFO  execution-log - 	 Command completed.
----------------
2019-02-04 11:36:59,184 INFO  execution-log -  Beginning PageCommand ( CurrentPage : Login, FlowIdentifier : 1, DiIndicator : DI )
----------------
2019-02-04 11:36:59,190 INFO  execution-log - 	 Command completed.
----------------
2019-02-04 11:36:59,195 INFO  execution-log -  Beginning LoadTestDataItemCommand ( CurrentPage : Login, FlowIdentifier : 1, DiIndicator : DI )
----------------
2019-02-04 11:36:59,227 INFO  execution-log - [Sequence No - 1] Beginning ValidateExistStatusCommand ( LogicalFieldName : User Name, LogicalFieldValue : True )
----------------
2019-02-04 11:36:59,261 INFO  execution-log - [Sequence No - 1]	 Command completed.
----------------
2019-02-04 11:36:59,271 INFO  execution-log - [Sequence No - 2] Beginning ActionCommand ( LogicalFieldName : User Name, LogicalFieldValue : Click )
----------------
2019-02-04 11:36:59,409 INFO  execution-log - [Sequence No - 2]	 Command completed.
----------------
2019-02-04 11:36:59,428 INFO  execution-log - [Sequence No - 3] Beginning TestDataCommand ( LogicalFieldName : User Name, LogicalFieldValue : Jack )
----------------
2019-02-04 11:36:59,528 INFO  execution-log - [Sequence No - 3]	 Command completed.
----------------
2019-02-04 11:36:59,543 INFO  execution-log - [Sequence No - 4] Beginning ValidateExistStatusCommand ( LogicalFieldName : Password, LogicalFieldValue : True )
----------------
2019-02-04 11:36:59,569 INFO  execution-log - [Sequence No - 4]	 Command completed.
----------------
2019-02-04 11:36:59,577 INFO  execution-log - [Sequence No - 5] Beginning TestDataCommand ( LogicalFieldName : Password, LogicalFieldValue : Smit@123 )
----------------
2019-02-04 11:36:59,721 INFO  execution-log - [Sequence No - 5]	 Command completed.
----------------
2019-02-04 11:36:59,732 INFO  execution-log - [Sequence No - 6] Beginning ValidateEnableStatusCommand ( LogicalFieldName : Login_Button, LogicalFieldValue : True )
----------------
2019-02-04 11:36:59,771 INFO  execution-log - [Sequence No - 6]	 Command completed.
----------------
2019-02-04 11:36:59,783 INFO  execution-log - [Sequence No - 7] Beginning ActionCommand ( LogicalFieldName : Login_Button, LogicalFieldValue : Click )
----------------
2019-02-04 11:36:59,902 INFO  execution-log - [Sequence No - 7]	 Command completed.
----------------
2019-02-04 11:36:59,909 INFO  execution-log - 	 Command completed.
----------------
2019-02-04 11:36:59,918 INFO  execution-log -  Beginning PageCommand ( CurrentPage : Home, FlowIdentifier : 2, DiIndicator : DI )
----------------
2019-02-04 11:36:59,923 INFO  execution-log - 	 Command completed.
----------------
2019-02-04 11:36:59,928 INFO  execution-log -  Beginning LoadTestDataItemCommand ( CurrentPage : Home, FlowIdentifier : 2, DiIndicator : DI )
----------------
2019-02-04 11:36:59,943 INFO  execution-log - [Sequence No - 8] Beginning ActionCommand ( LogicalFieldName : New Quote, LogicalFieldValue : Click )
----------------
2019-02-04 11:37:01,800 INFO  execution-log - [Sequence No - 8]	 Command completed.
----------------
2019-02-04 11:37:01,814 INFO  execution-log - 	 Command completed.
----------------
2019-02-04 11:37:01,826 INFO  execution-log -  Beginning PageCommand ( CurrentPage : New Quote, FlowIdentifier : 3, DiIndicator : DI )
----------------
2019-02-04 11:37:01,832 INFO  execution-log - 	 Command completed.
----------------
2019-02-04 11:37:01,837 INFO  execution-log -  Beginning LoadTestDataItemCommand ( CurrentPage : New Quote, FlowIdentifier : 3, DiIndicator : DI )
----------------
2019-02-04 11:37:01,860 INFO  execution-log - [Sequence No - 9] Beginning TestDataCommand ( LogicalFieldName : Account Name, LogicalFieldValue : RANDOMIZE(7,2) )
----------------
2019-02-04 11:37:02,127 INFO  execution-log - [Sequence No - 9]	 Command completed.
----------------
2019-02-04 11:37:02,137 INFO  execution-log - [Sequence No - 11] Beginning TestDataCommand ( LogicalFieldName : First Name, LogicalFieldValue : Jack )
----------------
2019-02-04 11:37:02,347 INFO  execution-log - [Sequence No - 11]	 Command completed.
----------------
2019-02-04 11:37:02,358 INFO  execution-log - [Sequence No - 12] Beginning TestDataCommand ( LogicalFieldName : Last Name, LogicalFieldValue : Smith )
----------------
2019-02-04 11:37:02,547 INFO  execution-log - [Sequence No - 12]	 Command completed.
----------------
2019-02-04 11:37:02,559 INFO  execution-log - [Sequence No - 13] Beginning TestDataCommand ( LogicalFieldName : ContactNumber1, LogicalFieldValue : 654 )
----------------
2019-02-04 11:37:02,685 INFO  execution-log - [Sequence No - 13]	 Command completed.
----------------
2019-02-04 11:37:02,698 INFO  execution-log - [Sequence No - 14] Beginning TestDataCommand ( LogicalFieldName : ContactNumber2, LogicalFieldValue : 321 )
----------------
2019-02-04 11:37:02,838 INFO  execution-log - [Sequence No - 14]	 Command completed.
----------------
2019-02-04 11:37:02,848 INFO  execution-log - [Sequence No - 15] Beginning TestDataCommand ( LogicalFieldName : ContactNumber3, LogicalFieldValue : 6541 )
----------------
2019-02-04 11:37:02,964 INFO  execution-log - [Sequence No - 15]	 Command completed.
----------------
2019-02-04 11:37:02,981 INFO  execution-log - [Sequence No - 16] Beginning TestDataCommand ( LogicalFieldName : Primary Email, LogicalFieldValue : jack.smith@gmail.com )
----------------
2019-02-04 11:37:03,374 INFO  execution-log - [Sequence No - 16]	 Command completed.
----------------
2019-02-04 11:37:03,384 INFO  execution-log - [Sequence No - 17] Beginning TestDataCommand ( LogicalFieldName : Business Started Year, LogicalFieldValue : 2012 )
----------------
2019-02-04 11:37:03,542 INFO  execution-log - [Sequence No - 17]	 Command completed.
----------------
2019-02-04 11:37:03,553 INFO  execution-log - [Sequence No - 18] Beginning ActionCommand ( LogicalFieldName : Select Product, LogicalFieldValue : Click )
----------------
2019-02-04 11:37:03,691 INFO  execution-log - [Sequence No - 18]	 Command completed.
----------------
2019-02-04 11:37:03,704 INFO  execution-log - [Sequence No - 19] Beginning ActionCommand ( LogicalFieldName : Select Product1, LogicalFieldValue : Click )
----------------
2019-02-04 11:37:03,839 INFO  execution-log - [Sequence No - 19]	 Command completed.
----------------
2019-02-04 11:37:03,849 INFO  execution-log - [Sequence No - 20] Beginning ActionCommand ( LogicalFieldName : Contact Name, LogicalFieldValue : Click )
----------------
2019-02-04 11:37:03,994 INFO  execution-log - [Sequence No - 20]	 Command completed.
----------------
2019-02-04 11:37:04,005 INFO  execution-log - [Sequence No - 21] Beginning ActionCommand ( LogicalFieldName : Contact Name Initial Select, LogicalFieldValue : Click )
----------------
2019-02-04 11:37:04,640 INFO  execution-log - [Sequence No - 21]	 Command completed.
----------------
2019-02-04 11:37:04,651 INFO  execution-log - [Sequence No - 22] Beginning ActionCommand ( LogicalFieldName : Industry, LogicalFieldValue : Click )
----------------
2019-02-04 11:37:04,824 INFO  execution-log - [Sequence No - 22]	 Command completed.
----------------
2019-02-04 11:37:04,836 INFO  execution-log - [Sequence No - 23] Beginning ActionCommand ( LogicalFieldName : Industry1, LogicalFieldValue : Click )
----------------
2019-02-04 11:37:04,991 INFO  execution-log - [Sequence No - 23]	 Command completed.
----------------
2019-02-04 11:37:05,001 INFO  execution-log - [Sequence No - 24] Beginning TestDataCommand ( LogicalFieldName : Zip Code, LogicalFieldValue : 53704 )
----------------
2019-02-04 11:37:05,163 INFO  execution-log - [Sequence No - 24]	 Command completed.
----------------
2019-02-04 11:37:05,174 INFO  execution-log - [Sequence No - 25] Beginning ActionCommand ( LogicalFieldName : zipcode click, LogicalFieldValue : Click )
----------------
2019-02-04 11:37:05,533 INFO  execution-log - [Sequence No - 25]	 Command completed.
----------------
2019-02-04 11:37:05,544 INFO  execution-log - [Sequence No - 26] Beginning TestDataCommand ( LogicalFieldName : Street Address, LogicalFieldValue : 123 BLUEJAY LN )
----------------
2019-02-04 11:37:05,802 INFO  execution-log - [Sequence No - 26]	 Command completed.
----------------
2019-02-04 11:37:05,812 INFO  execution-log - [Sequence No - 27] Beginning ActionCommand ( LogicalFieldName : Same as Physical Address, LogicalFieldValue : Click )
----------------
2019-02-04 11:37:05,942 INFO  execution-log - [Sequence No - 27]	 Command completed.
----------------
2019-02-04 11:37:05,954 INFO  execution-log - [Sequence No - 28] Beginning ActionCommand ( LogicalFieldName : Proceed, LogicalFieldValue : Click )
----------------
2019-02-04 11:37:06,094 INFO  execution-log - [Sequence No - 28]	 Command completed.
----------------
2019-02-04 11:37:06,110 INFO  execution-log - 	 Command completed.
----------------
2019-02-04 11:37:06,117 INFO  execution-log -  Beginning PageCommand ( CurrentPage : Insured Info, FlowIdentifier : 4, DiIndicator : DI )
----------------
2019-02-04 11:37:06,123 INFO  execution-log - 	 Command completed.
----------------
2019-02-04 11:37:06,128 INFO  execution-log -  Beginning LoadTestDataItemCommand ( CurrentPage : Insured Info, FlowIdentifier : 4, DiIndicator : DI )
----------------
2019-02-04 11:37:06,143 INFO  execution-log - [Sequence No - 29] Beginning TestDataCommand ( LogicalFieldName : InsuredName, LogicalFieldValue : Smith )
----------------
2019-02-04 11:37:08,058 INFO  execution-log - [Sequence No - 29]	 Command completed.
----------------
2019-02-04 11:37:08,070 INFO  execution-log - [Sequence No - 30] Beginning ActionCommand ( LogicalFieldName : Primary State Click, LogicalFieldValue : Click )
----------------
2019-02-04 11:37:08,230 INFO  execution-log - [Sequence No - 30]	 Command completed.
----------------
2019-02-04 11:37:08,241 INFO  execution-log - [Sequence No - 31] Beginning ActionCommand ( LogicalFieldName : PrimayState Select, LogicalFieldValue : Click )
----------------
2019-02-04 11:37:08,411 INFO  execution-log - [Sequence No - 31]	 Command completed.
----------------
2019-02-04 11:37:08,431 INFO  execution-log - [Sequence No - 32] Beginning TestDataCommand ( LogicalFieldName : Street Address, LogicalFieldValue : 123 new street )
----------------
2019-02-04 11:37:08,663 INFO  execution-log - [Sequence No - 32]	 Command completed.
----------------
2019-02-04 11:37:08,675 INFO  execution-log - [Sequence No - 33] Beginning TestDataCommand ( LogicalFieldName : Zip Code, LogicalFieldValue : 53704 )
----------------
2019-02-04 11:37:08,832 INFO  execution-log - [Sequence No - 33]	 Command completed.
----------------
2019-02-04 11:37:08,843 INFO  execution-log - [Sequence No - 34] Beginning ActionCommand ( LogicalFieldName : Same as Physical Address, LogicalFieldValue : Click )
----------------
2019-02-04 11:37:08,985 INFO  execution-log - [Sequence No - 34]	 Command completed.
----------------
2019-02-04 11:37:09,001 INFO  execution-log - [Sequence No - 35] Beginning TestDataCommand ( LogicalFieldName : SIC Code, LogicalFieldValue : 41510000-School buses )
----------------
2019-02-04 11:37:09,291 INFO  execution-log - [Sequence No - 35]	 Command completed.
----------------
2019-02-04 11:37:09,301 INFO  execution-log - [Sequence No - 36] Beginning TestDataCommand ( LogicalFieldName : BusinessInceptionYear, LogicalFieldValue : 2012 )
----------------
2019-02-04 11:37:09,428 INFO  execution-log - [Sequence No - 36]	 Command completed.
----------------
2019-02-04 11:37:09,439 INFO  execution-log - [Sequence No - 37] Beginning TestDataCommand ( LogicalFieldName : BusinessPhone, LogicalFieldValue : 6549879879 )
----------------
2019-02-04 11:37:10,715 INFO  execution-log - [Sequence No - 37]	 Command completed.
----------------
2019-02-04 11:37:10,729 INFO  execution-log - [Sequence No - 38] Beginning ActionCommand ( LogicalFieldName : Next, LogicalFieldValue : Click )
----------------
2019-02-04 11:37:10,868 INFO  execution-log - [Sequence No - 38]	 Command completed.
----------------
2019-02-04 11:37:10,874 INFO  execution-log - 	 Command completed.
----------------
2019-02-04 11:37:10,880 INFO  execution-log -  Beginning PageCommand ( CurrentPage : Policy Info, FlowIdentifier : 5, DiIndicator : DI )
----------------
2019-02-04 11:37:10,885 INFO  execution-log - 	 Command completed.
----------------
2019-02-04 11:37:10,893 INFO  execution-log -  Beginning LoadTestDataItemCommand ( CurrentPage : Policy Info, FlowIdentifier : 5, DiIndicator : DI )
----------------
2019-02-04 11:37:10,907 INFO  execution-log - [Sequence No - 39] Beginning ActionCommand ( LogicalFieldName : Which State do u operate In?, LogicalFieldValue : Click )
----------------
2019-02-04 11:37:12,203 INFO  execution-log - [Sequence No - 39]	 Command completed.
----------------
2019-02-04 11:37:12,220 INFO  execution-log - [Sequence No - 40] Beginning ActionCommand ( LogicalFieldName : Which State do u operate In?1, LogicalFieldValue : Click )
----------------
2019-02-04 11:37:12,867 INFO  execution-log - [Sequence No - 40]	 Command completed.
----------------
2019-02-04 11:37:12,878 INFO  execution-log - [Sequence No - 41] Beginning ActionCommand ( LogicalFieldName : Label Click, LogicalFieldValue : Click )
----------------
2019-02-04 11:37:13,012 INFO  execution-log - [Sequence No - 41]	 Command completed.
----------------
2019-02-04 11:37:13,023 INFO  execution-log - [Sequence No - 42] Beginning ActionCommand ( LogicalFieldName : Collapse, LogicalFieldValue : Click )
----------------
2019-02-04 11:37:13,235 INFO  execution-log - [Sequence No - 42]	 Command completed.
----------------
2019-02-04 11:37:13,245 INFO  execution-log - [Sequence No - 43] Beginning ActionCommand ( LogicalFieldName : Select Product, LogicalFieldValue : Click-Wait(2000) )
----------------
2019-02-04 11:37:17,427 INFO  execution-log - [Sequence No - 43]	 Command completed.
----------------
2019-02-04 11:37:17,437 INFO  execution-log - [Sequence No - 44] Beginning ActionCommand ( LogicalFieldName : Select Product 1, LogicalFieldValue : Click )
----------------
2019-02-04 11:37:19,776 INFO  execution-log - [Sequence No - 44]	 Command completed.
----------------
2019-02-04 11:37:19,789 INFO  execution-log - [Sequence No - 45] Beginning ActionCommand ( LogicalFieldName : Next Policy Info, LogicalFieldValue : Click(1000) )
----------------
2019-02-04 11:37:19,940 INFO  execution-log - [Sequence No - 45]	 Command completed.
----------------
2019-02-04 11:37:19,947 INFO  execution-log - 	 Command completed.
----------------
2019-02-04 11:37:19,982 INFO  execution-log - Saving captured values to file.
----------------
2019-02-04 11:37:19,989 INFO  execution-log - TC # : 1, has completed successfully.
----------------
