2019-01-29 08:14:00,122 INFO  execution-log - 	Initializing control map with map # MASTER
----------------
2019-01-29 08:14:00,128 INFO  execution-log - Initializing Test Automation
----------------
2019-01-29 08:14:00,132 INFO  execution-log - 	target browser: Chrome
----------------
2019-01-29 08:14:00,140 INFO  execution-log - TC # : 1, Downloading test case from DB
----------------
2019-01-29 08:14:00,150 INFO  execution-log - TC # : 1, Getting control map :MASTER from DB
----------------
2019-01-29 08:14:00,150 INFO  execution-log - TC # : 1, Getting test data from DB
----------------
2019-01-29 08:14:00,158 INFO  execution-log - TC # : 1, Control map retrieval completed
----------------
2019-01-29 08:14:00,166 INFO  execution-log - TC # : 1, Test data retrieval completed
----------------
2019-01-29 08:14:00,173 INFO  execution-log - TC # : 1, Parsing commands
----------------
2019-01-29 08:14:00,180 INFO  execution-log - Loading captured values from persistence.
----------------
2019-01-29 08:14:00,184 INFO  execution-log - TC # : 1, Started executing test case in the VMTESTAPP1 environment (http://vam-qa.cloudapp.net:6363/pages/login.html)
----------------
2019-01-29 08:14:00,223 INFO  execution-log -  Beginning StartIterationCommand ( Iterations : 1 )
----------------
2019-01-29 08:14:00,237 INFO  execution-log - TC # : 1, Starting iteration #1
----------------
2019-01-29 08:14:00,242 INFO  execution-log - 	 Command completed.
----------------
2019-01-29 08:14:00,247 INFO  execution-log -  Beginning InvokeApplicationCommand ( Target :  )
----------------
2019-01-29 08:14:01,160 INFO  execution-log - 	 Command completed.
----------------
2019-01-29 08:14:01,166 INFO  execution-log -  Beginning PageCommand ( CurrentPage : Login, FlowIdentifier : 1, DiIndicator : DI )
----------------
2019-01-29 08:14:01,171 INFO  execution-log - 	 Command completed.
----------------
2019-01-29 08:14:01,181 INFO  execution-log -  Beginning LoadTestDataItemCommand ( CurrentPage : Login, FlowIdentifier : 1, DiIndicator : DI )
----------------
2019-01-29 08:14:01,198 INFO  execution-log - [Sequence No - 1] Beginning ValidateExistStatusCommand ( LogicalFieldName : User Name, LogicalFieldValue : True )
----------------
2019-01-29 08:14:01,221 INFO  execution-log - [Sequence No - 1]	 Command completed.
----------------
2019-01-29 08:14:01,229 INFO  execution-log - [Sequence No - 2] Beginning ActionCommand ( LogicalFieldName : User Name, LogicalFieldValue : Click )
----------------
2019-01-29 08:14:01,354 INFO  execution-log - [Sequence No - 2]	 Command completed.
----------------
2019-01-29 08:14:01,367 INFO  execution-log - [Sequence No - 3] Beginning TestDataCommand ( LogicalFieldName : User Name, LogicalFieldValue : Jack )
----------------
2019-01-29 08:14:01,477 INFO  execution-log - [Sequence No - 3]	 Command completed.
----------------
2019-01-29 08:14:01,488 INFO  execution-log - [Sequence No - 4] Beginning ValidateExistStatusCommand ( LogicalFieldName : Password, LogicalFieldValue : True )
----------------
2019-01-29 08:14:01,523 INFO  execution-log - [Sequence No - 4]	 Command completed.
----------------
2019-01-29 08:14:01,533 INFO  execution-log - [Sequence No - 5] Beginning TestDataCommand ( LogicalFieldName : Password, LogicalFieldValue : Smit@123 )
----------------
2019-01-29 08:14:01,679 INFO  execution-log - [Sequence No - 5]	 Command completed.
----------------
2019-01-29 08:14:01,690 INFO  execution-log - [Sequence No - 6] Beginning ValidateEnableStatusCommand ( LogicalFieldName : Login_Button, LogicalFieldValue : True )
----------------
2019-01-29 08:14:01,733 INFO  execution-log - [Sequence No - 6]	 Command completed.
----------------
2019-01-29 08:14:01,744 INFO  execution-log - [Sequence No - 7] Beginning ActionCommand ( LogicalFieldName : Login_Button, LogicalFieldValue : Click )
----------------
2019-01-29 08:14:01,857 INFO  execution-log - [Sequence No - 7]	 Command completed.
----------------
2019-01-29 08:14:01,864 INFO  execution-log - 	 Command completed.
----------------
2019-01-29 08:14:01,870 INFO  execution-log -  Beginning PageCommand ( CurrentPage : Home, FlowIdentifier : 2, DiIndicator : DI )
----------------
2019-01-29 08:14:01,875 INFO  execution-log - 	 Command completed.
----------------
2019-01-29 08:14:01,880 INFO  execution-log -  Beginning LoadTestDataItemCommand ( CurrentPage : Home, FlowIdentifier : 2, DiIndicator : DI )
----------------
2019-01-29 08:14:01,895 INFO  execution-log - [Sequence No - 8] Beginning ActionCommand ( LogicalFieldName : New Quote, LogicalFieldValue : Click )
----------------
2019-01-29 08:14:03,636 INFO  execution-log - [Sequence No - 8]	 Command completed.
----------------
2019-01-29 08:14:03,644 INFO  execution-log - 	 Command completed.
----------------
2019-01-29 08:14:03,651 INFO  execution-log -  Beginning PageCommand ( CurrentPage : New Quote, FlowIdentifier : 3, DiIndicator : DI )
----------------
2019-01-29 08:14:03,663 INFO  execution-log - 	 Command completed.
----------------
2019-01-29 08:14:03,670 INFO  execution-log -  Beginning LoadTestDataItemCommand ( CurrentPage : New Quote, FlowIdentifier : 3, DiIndicator : DI )
----------------
2019-01-29 08:14:03,688 INFO  execution-log - [Sequence No - 9] Beginning TestDataCommand ( LogicalFieldName : Account Name, LogicalFieldValue : Auto Insurance )
----------------
2019-01-29 08:14:03,993 INFO  execution-log - [Sequence No - 9]	 Command completed.
----------------
2019-01-29 08:14:04,006 INFO  execution-log - [Sequence No - 10] Beginning TestDataCommand ( LogicalFieldName : First Name, LogicalFieldValue : Jack )
----------------
2019-01-29 08:14:04,228 INFO  execution-log - [Sequence No - 10]	 Command completed.
----------------
2019-01-29 08:14:04,237 INFO  execution-log - [Sequence No - 11] Beginning TestDataCommand ( LogicalFieldName : Last Name, LogicalFieldValue : Smith )
----------------
2019-01-29 08:14:04,413 INFO  execution-log - [Sequence No - 11]	 Command completed.
----------------
2019-01-29 08:14:04,424 INFO  execution-log - [Sequence No - 12] Beginning TestDataCommand ( LogicalFieldName : ContactNumber1, LogicalFieldValue : 654 )
----------------
2019-01-29 08:14:04,545 INFO  execution-log - [Sequence No - 12]	 Command completed.
----------------
2019-01-29 08:14:04,560 INFO  execution-log - [Sequence No - 13] Beginning TestDataCommand ( LogicalFieldName : ContactNumber2, LogicalFieldValue : 321 )
----------------
2019-01-29 08:14:04,685 INFO  execution-log - [Sequence No - 13]	 Command completed.
----------------
2019-01-29 08:14:04,695 INFO  execution-log - [Sequence No - 14] Beginning TestDataCommand ( LogicalFieldName : ContactNumber3, LogicalFieldValue : 6541 )
----------------
2019-01-29 08:14:04,823 INFO  execution-log - [Sequence No - 14]	 Command completed.
----------------
2019-01-29 08:14:04,834 INFO  execution-log - [Sequence No - 15] Beginning TestDataCommand ( LogicalFieldName : Primary Email, LogicalFieldValue : jack.smith@gmail.com )
----------------
2019-01-29 08:14:05,196 INFO  execution-log - [Sequence No - 15]	 Command completed.
----------------
2019-01-29 08:14:05,206 INFO  execution-log - [Sequence No - 16] Beginning TestDataCommand ( LogicalFieldName : Business Started Year, LogicalFieldValue : 2012 )
----------------
2019-01-29 08:14:05,374 INFO  execution-log - [Sequence No - 16]	 Command completed.
----------------
2019-01-29 08:14:05,385 INFO  execution-log - [Sequence No - 17] Beginning ActionCommand ( LogicalFieldName : Select Product, LogicalFieldValue : Click )
----------------
2019-01-29 08:14:05,537 INFO  execution-log - [Sequence No - 17]	 Command completed.
----------------
2019-01-29 08:14:05,550 INFO  execution-log - [Sequence No - 18] Beginning ActionCommand ( LogicalFieldName : Select Product1, LogicalFieldValue : Click )
----------------
2019-01-29 08:14:05,688 INFO  execution-log - [Sequence No - 18]	 Command completed.
----------------
2019-01-29 08:14:05,701 INFO  execution-log - 	 Command completed.
----------------
2019-01-29 08:14:05,723 INFO  execution-log - Saving captured values to file.
----------------
2019-01-29 08:14:05,730 INFO  execution-log - TC # : 1, has completed successfully.
----------------
