2019-02-04 13:10:06,099 INFO  execution-log - 	Initializing control map with map # MASTER
----------------
2019-02-04 13:10:06,105 INFO  execution-log - Initializing Test Automation
----------------
2019-02-04 13:10:06,110 INFO  execution-log - 	target browser: Chrome
----------------
2019-02-04 13:10:06,115 INFO  execution-log - TC # : 1, Downloading test case from DB
----------------
2019-02-04 13:10:06,125 INFO  execution-log - TC # : 1, Getting control map :MASTER from DB
----------------
2019-02-04 13:10:06,125 INFO  execution-log - TC # : 1, Getting test data from DB
----------------
2019-02-04 13:10:06,134 INFO  execution-log - TC # : 1, Control map retrieval completed
----------------
2019-02-04 13:10:06,144 INFO  execution-log - TC # : 1, Test data retrieval completed
----------------
2019-02-04 13:10:06,148 INFO  execution-log - TC # : 1, Parsing commands
----------------
2019-02-04 13:10:06,153 INFO  execution-log - Loading captured values from persistence.
----------------
2019-02-04 13:10:06,157 INFO  execution-log - TC # : 1, Started executing test case in the VMTESTAPP1 environment (http://vam-qa.cloudapp.net:6363/pages/login.html)
----------------
2019-02-04 13:10:06,196 INFO  execution-log -  Beginning StartIterationCommand ( Iterations : 1 )
----------------
2019-02-04 13:10:06,201 INFO  execution-log - TC # : 1, Starting iteration #1
----------------
2019-02-04 13:10:06,207 INFO  execution-log - 	 Command completed.
----------------
2019-02-04 13:10:06,211 INFO  execution-log -  Beginning InvokeApplicationCommand ( Target :  )
----------------
2019-02-04 13:10:07,140 INFO  execution-log - 	 Command completed.
----------------
2019-02-04 13:10:07,148 INFO  execution-log -  Beginning PageCommand ( CurrentPage : Login, FlowIdentifier : 1, DiIndicator : DI )
----------------
2019-02-04 13:10:07,153 INFO  execution-log - 	 Command completed.
----------------
2019-02-04 13:10:07,161 INFO  execution-log -  Beginning LoadTestDataItemCommand ( CurrentPage : Login, FlowIdentifier : 1, DiIndicator : DI )
----------------
2019-02-04 13:10:07,178 INFO  execution-log - [Sequence No - 1] Beginning ValidateExistStatusCommand ( LogicalFieldName : User Name, LogicalFieldValue : True )
----------------
2019-02-04 13:10:07,200 INFO  execution-log - [Sequence No - 1]	 Command completed.
----------------
2019-02-04 13:10:07,208 INFO  execution-log - [Sequence No - 2] Beginning ActionCommand ( LogicalFieldName : User Name, LogicalFieldValue : Click )
----------------
2019-02-04 13:10:07,369 INFO  execution-log - [Sequence No - 2]	 Command completed.
----------------
2019-02-04 13:10:07,384 INFO  execution-log - [Sequence No - 3] Beginning TestDataCommand ( LogicalFieldName : User Name, LogicalFieldValue : Jack )
----------------
2019-02-04 13:10:07,525 INFO  execution-log - [Sequence No - 3]	 Command completed.
----------------
2019-02-04 13:10:07,536 INFO  execution-log - [Sequence No - 4] Beginning ValidateExistStatusCommand ( LogicalFieldName : Password, LogicalFieldValue : True )
----------------
2019-02-04 13:10:07,561 INFO  execution-log - [Sequence No - 4]	 Command completed.
----------------
2019-02-04 13:10:07,571 INFO  execution-log - [Sequence No - 5] Beginning TestDataCommand ( LogicalFieldName : Password, LogicalFieldValue : Smit@123 )
----------------
2019-02-04 13:10:07,726 INFO  execution-log - [Sequence No - 5]	 Command completed.
----------------
2019-02-04 13:10:07,737 INFO  execution-log - [Sequence No - 6] Beginning ValidateEnableStatusCommand ( LogicalFieldName : Login_Button, LogicalFieldValue : True )
----------------
2019-02-04 13:10:07,771 INFO  execution-log - [Sequence No - 6]	 Command completed.
----------------
2019-02-04 13:10:07,783 INFO  execution-log - [Sequence No - 7] Beginning ActionCommand ( LogicalFieldName : Login_Button, LogicalFieldValue : Click )
----------------
2019-02-04 13:10:07,891 INFO  execution-log - [Sequence No - 7]	 Command completed.
----------------
2019-02-04 13:10:07,898 INFO  execution-log - 	 Command completed.
----------------
2019-02-04 13:10:07,904 INFO  execution-log -  Beginning PageCommand ( CurrentPage : Home, FlowIdentifier : 2, DiIndicator : DI )
----------------
2019-02-04 13:10:07,910 INFO  execution-log - 	 Command completed.
----------------
2019-02-04 13:10:07,915 INFO  execution-log -  Beginning LoadTestDataItemCommand ( CurrentPage : Home, FlowIdentifier : 2, DiIndicator : DI )
----------------
2019-02-04 13:10:07,927 INFO  execution-log - [Sequence No - 8] Beginning ActionCommand ( LogicalFieldName : New Quote, LogicalFieldValue : Click )
----------------
2019-02-04 13:10:09,714 INFO  execution-log - [Sequence No - 8]	 Command completed.
----------------
2019-02-04 13:10:09,723 INFO  execution-log - 	 Command completed.
----------------
2019-02-04 13:10:09,730 INFO  execution-log -  Beginning PageCommand ( CurrentPage : New Quote, FlowIdentifier : 3, DiIndicator : DI )
----------------
2019-02-04 13:10:09,735 INFO  execution-log - 	 Command completed.
----------------
2019-02-04 13:10:09,741 INFO  execution-log -  Beginning LoadTestDataItemCommand ( CurrentPage : New Quote, FlowIdentifier : 3, DiIndicator : DI )
----------------
2019-02-04 13:10:09,755 INFO  execution-log - [Sequence No - 9] Beginning TestDataCommand ( LogicalFieldName : Account Name, LogicalFieldValue : RANDOMIZE(7,2) )
----------------
2019-02-04 13:10:09,980 INFO  execution-log - [Sequence No - 9]	 Command completed.
----------------
2019-02-04 13:10:09,992 INFO  execution-log - [Sequence No - 11] Beginning TestDataCommand ( LogicalFieldName : First Name, LogicalFieldValue : Jack )
----------------
2019-02-04 13:10:10,203 INFO  execution-log - [Sequence No - 11]	 Command completed.
----------------
2019-02-04 13:10:10,213 INFO  execution-log - [Sequence No - 12] Beginning TestDataCommand ( LogicalFieldName : Last Name, LogicalFieldValue : Smith )
----------------
2019-02-04 13:10:10,383 INFO  execution-log - [Sequence No - 12]	 Command completed.
----------------
2019-02-04 13:10:10,394 INFO  execution-log - [Sequence No - 13] Beginning TestDataCommand ( LogicalFieldName : ContactNumber1, LogicalFieldValue : 654 )
----------------
2019-02-04 13:10:10,518 INFO  execution-log - [Sequence No - 13]	 Command completed.
----------------
2019-02-04 13:10:10,535 INFO  execution-log - [Sequence No - 14] Beginning TestDataCommand ( LogicalFieldName : ContactNumber2, LogicalFieldValue : 321 )
----------------
2019-02-04 13:10:10,650 INFO  execution-log - [Sequence No - 14]	 Command completed.
----------------
2019-02-04 13:10:10,666 INFO  execution-log - [Sequence No - 15] Beginning TestDataCommand ( LogicalFieldName : ContactNumber3, LogicalFieldValue : 6541 )
----------------
2019-02-04 13:10:10,782 INFO  execution-log - [Sequence No - 15]	 Command completed.
----------------
2019-02-04 13:10:10,793 INFO  execution-log - [Sequence No - 16] Beginning TestDataCommand ( LogicalFieldName : Primary Email, LogicalFieldValue : jack.smith@gmail.com )
----------------
2019-02-04 13:10:11,048 INFO  execution-log - [Sequence No - 16]	 Command completed.
----------------
2019-02-04 13:10:11,059 INFO  execution-log - [Sequence No - 17] Beginning TestDataCommand ( LogicalFieldName : Business Started Year, LogicalFieldValue : 2012 )
----------------
2019-02-04 13:10:11,267 INFO  execution-log - [Sequence No - 17]	 Command completed.
----------------
2019-02-04 13:10:11,278 INFO  execution-log - [Sequence No - 18] Beginning ActionCommand ( LogicalFieldName : Select Product, LogicalFieldValue : Click )
----------------
2019-02-04 13:10:11,458 INFO  execution-log - [Sequence No - 18]	 Command completed.
----------------
2019-02-04 13:10:11,475 INFO  execution-log - [Sequence No - 19] Beginning ActionCommand ( LogicalFieldName : Select Product1, LogicalFieldValue : Click )
----------------
2019-02-04 13:10:11,671 INFO  execution-log - [Sequence No - 19]	 Command completed.
----------------
2019-02-04 13:10:11,681 INFO  execution-log - [Sequence No - 20] Beginning ActionCommand ( LogicalFieldName : Contact Name, LogicalFieldValue : Click )
----------------
2019-02-04 13:10:11,856 INFO  execution-log - [Sequence No - 20]	 Command completed.
----------------
2019-02-04 13:10:11,866 INFO  execution-log - [Sequence No - 21] Beginning ActionCommand ( LogicalFieldName : Contact Name Initial Select, LogicalFieldValue : Click )
----------------
2019-02-04 13:10:12,507 INFO  execution-log - [Sequence No - 21]	 Command completed.
----------------
2019-02-04 13:10:12,517 INFO  execution-log - [Sequence No - 22] Beginning ActionCommand ( LogicalFieldName : Industry, LogicalFieldValue : Click )
----------------
2019-02-04 13:10:12,685 INFO  execution-log - [Sequence No - 22]	 Command completed.
----------------
2019-02-04 13:10:12,697 INFO  execution-log - [Sequence No - 23] Beginning ActionCommand ( LogicalFieldName : Industry1, LogicalFieldValue : Click )
----------------
2019-02-04 13:10:12,846 INFO  execution-log - [Sequence No - 23]	 Command completed.
----------------
2019-02-04 13:10:12,857 INFO  execution-log - [Sequence No - 24] Beginning TestDataCommand ( LogicalFieldName : Zip Code, LogicalFieldValue : 53704 )
----------------
2019-02-04 13:10:13,024 INFO  execution-log - [Sequence No - 24]	 Command completed.
----------------
2019-02-04 13:10:13,035 INFO  execution-log - [Sequence No - 25] Beginning ActionCommand ( LogicalFieldName : zipcode click, LogicalFieldValue : Click )
----------------
2019-02-04 13:10:13,414 INFO  execution-log - [Sequence No - 25]	 Command completed.
----------------
2019-02-04 13:10:13,426 INFO  execution-log - [Sequence No - 26] Beginning TestDataCommand ( LogicalFieldName : Street Address, LogicalFieldValue : 123 BLUEJAY LN )
----------------
2019-02-04 13:10:13,665 INFO  execution-log - [Sequence No - 26]	 Command completed.
----------------
2019-02-04 13:10:13,676 INFO  execution-log - [Sequence No - 27] Beginning ActionCommand ( LogicalFieldName : Same as Physical Address, LogicalFieldValue : Click )
----------------
2019-02-04 13:10:13,797 INFO  execution-log - [Sequence No - 27]	 Command completed.
----------------
2019-02-04 13:10:13,807 INFO  execution-log - [Sequence No - 28] Beginning ActionCommand ( LogicalFieldName : Proceed, LogicalFieldValue : Click )
----------------
2019-02-04 13:10:13,950 INFO  execution-log - [Sequence No - 28]	 Command completed.
----------------
2019-02-04 13:10:13,963 INFO  execution-log - 	 Command completed.
----------------
2019-02-04 13:10:13,972 INFO  execution-log -  Beginning PageCommand ( CurrentPage : Insured Info, FlowIdentifier : 4, DiIndicator : DI )
----------------
2019-02-04 13:10:13,977 INFO  execution-log - 	 Command completed.
----------------
2019-02-04 13:10:13,982 INFO  execution-log -  Beginning LoadTestDataItemCommand ( CurrentPage : Insured Info, FlowIdentifier : 4, DiIndicator : DI )
----------------
2019-02-04 13:10:13,998 INFO  execution-log - [Sequence No - 29] Beginning TestDataCommand ( LogicalFieldName : InsuredName, LogicalFieldValue : Smith )
----------------
2019-02-04 13:10:15,772 INFO  execution-log - [Sequence No - 29]	 Command completed.
----------------
2019-02-04 13:10:15,784 INFO  execution-log - [Sequence No - 30] Beginning ActionCommand ( LogicalFieldName : Primary State Click, LogicalFieldValue : Click )
----------------
2019-02-04 13:10:15,952 INFO  execution-log - [Sequence No - 30]	 Command completed.
----------------
2019-02-04 13:10:15,973 INFO  execution-log - [Sequence No - 31] Beginning ActionCommand ( LogicalFieldName : PrimayState Select, LogicalFieldValue : Click )
----------------
2019-02-04 13:10:16,152 INFO  execution-log - [Sequence No - 31]	 Command completed.
----------------
2019-02-04 13:10:16,166 INFO  execution-log - [Sequence No - 32] Beginning TestDataCommand ( LogicalFieldName : Street Address, LogicalFieldValue : 123 new street )
----------------
2019-02-04 13:10:16,399 INFO  execution-log - [Sequence No - 32]	 Command completed.
----------------
2019-02-04 13:10:16,411 INFO  execution-log - [Sequence No - 33] Beginning TestDataCommand ( LogicalFieldName : Zip Code, LogicalFieldValue : 53704 )
----------------
2019-02-04 13:10:16,581 INFO  execution-log - [Sequence No - 33]	 Command completed.
----------------
2019-02-04 13:10:16,593 INFO  execution-log - [Sequence No - 34] Beginning ActionCommand ( LogicalFieldName : Same as Physical Address, LogicalFieldValue : Click )
----------------
2019-02-04 13:10:16,749 INFO  execution-log - [Sequence No - 34]	 Command completed.
----------------
2019-02-04 13:10:16,764 INFO  execution-log - [Sequence No - 35] Beginning TestDataCommand ( LogicalFieldName : SIC Code, LogicalFieldValue : 41510000-School buses )
----------------
2019-02-04 13:10:17,076 INFO  execution-log - [Sequence No - 35]	 Command completed.
----------------
2019-02-04 13:10:17,087 INFO  execution-log - [Sequence No - 36] Beginning TestDataCommand ( LogicalFieldName : BusinessInceptionYear, LogicalFieldValue : 2012 )
----------------
2019-02-04 13:10:17,215 INFO  execution-log - [Sequence No - 36]	 Command completed.
----------------
2019-02-04 13:10:17,231 INFO  execution-log - [Sequence No - 37] Beginning TestDataCommand ( LogicalFieldName : BusinessPhone, LogicalFieldValue : 6549879879 )
----------------
2019-02-04 13:10:18,564 INFO  execution-log - [Sequence No - 37]	 Command completed.
----------------
2019-02-04 13:10:18,576 INFO  execution-log - [Sequence No - 38] Beginning ActionCommand ( LogicalFieldName : Next, LogicalFieldValue : Click )
----------------
2019-02-04 13:10:18,713 INFO  execution-log - [Sequence No - 38]	 Command completed.
----------------
2019-02-04 13:10:18,721 INFO  execution-log - 	 Command completed.
----------------
2019-02-04 13:10:18,727 INFO  execution-log -  Beginning PageCommand ( CurrentPage : Policy Info, FlowIdentifier : 5, DiIndicator : DI )
----------------
2019-02-04 13:10:18,732 INFO  execution-log - 	 Command completed.
----------------
2019-02-04 13:10:18,739 INFO  execution-log -  Beginning LoadTestDataItemCommand ( CurrentPage : Policy Info, FlowIdentifier : 5, DiIndicator : DI )
----------------
2019-02-04 13:10:18,755 INFO  execution-log - [Sequence No - 39] Beginning ActionCommand ( LogicalFieldName : Which State do u operate In?, LogicalFieldValue : Click )
----------------
2019-02-04 13:10:19,877 INFO  execution-log - [Sequence No - 39]	 Command completed.
----------------
2019-02-04 13:10:19,888 INFO  execution-log - [Sequence No - 40] Beginning ActionCommand ( LogicalFieldName : Which State do u operate In?1, LogicalFieldValue : Click )
----------------
2019-02-04 13:10:20,558 INFO  execution-log - [Sequence No - 40]	 Command completed.
----------------
2019-02-04 13:10:20,568 INFO  execution-log - [Sequence No - 41] Beginning ActionCommand ( LogicalFieldName : Label Click, LogicalFieldValue : Click )
----------------
2019-02-04 13:10:20,706 INFO  execution-log - [Sequence No - 41]	 Command completed.
----------------
2019-02-04 13:10:20,716 INFO  execution-log - [Sequence No - 42] Beginning ActionCommand ( LogicalFieldName : Collapse, LogicalFieldValue : Click )
----------------
2019-02-04 13:10:20,934 INFO  execution-log - [Sequence No - 42]	 Command completed.
----------------
2019-02-04 13:10:20,945 INFO  execution-log - [Sequence No - 43] Beginning ActionCommand ( LogicalFieldName : Select Product, LogicalFieldValue : Click-Wait(2000) )
----------------
2019-02-04 13:10:25,122 INFO  execution-log - [Sequence No - 43]	 Command completed.
----------------
2019-02-04 13:10:25,132 INFO  execution-log - [Sequence No - 44] Beginning ActionCommand ( LogicalFieldName : Select Product 1, LogicalFieldValue : Click )
----------------
2019-02-04 13:10:27,996 INFO  execution-log - [Sequence No - 44]	 Command completed.
----------------
2019-02-04 13:10:28,011 INFO  execution-log - [Sequence No - 45] Beginning ActionCommand ( LogicalFieldName : Next Policy Info, LogicalFieldValue : Click(1000) )
----------------
2019-02-04 13:10:28,153 INFO  execution-log - [Sequence No - 45]	 Command completed.
----------------
2019-02-04 13:10:28,160 INFO  execution-log - 	 Command completed.
----------------
2019-02-04 13:10:28,174 INFO  execution-log - Saving captured values to file.
----------------
2019-02-04 13:10:28,180 INFO  execution-log - TC # : 1, has completed successfully.
----------------
