2019-02-07 02:12:18,521 INFO  execution-log - 	Initializing control map with map # MASTER
----------------
2019-02-07 02:12:18,527 INFO  execution-log - Initializing Test Automation
----------------
2019-02-07 02:12:18,534 INFO  execution-log - 	target browser: Chrome
----------------
2019-02-07 02:12:18,539 INFO  execution-log - TC # : 1, Downloading test case from DB
----------------
2019-02-07 02:12:18,554 INFO  execution-log - TC # : 1, Getting control map :MASTER from DB
----------------
2019-02-07 02:12:18,560 INFO  execution-log - TC # : 1, Getting test data from DB
----------------
2019-02-07 02:12:18,567 INFO  execution-log - TC # : 1, Control map retrieval completed
----------------
2019-02-07 02:12:18,627 INFO  execution-log - TC # : 1, Test data retrieval completed
----------------
2019-02-07 02:12:18,633 INFO  execution-log - TC # : 1, Parsing commands
----------------
2019-02-07 02:12:18,637 INFO  execution-log - Loading captured values from persistence.
----------------
2019-02-07 02:12:18,642 INFO  execution-log - TC # : 1, Started executing test case in the VMTESTAPP1 environment (http://vam-qa.cloudapp.net:6363/pages/login.html)
----------------
2019-02-07 02:12:18,687 INFO  execution-log -  Beginning StartIterationCommand ( Iterations : 1 )
----------------
2019-02-07 02:12:18,693 INFO  execution-log - TC # : 1, Starting iteration #1
----------------
2019-02-07 02:12:18,698 INFO  execution-log - 	 Command completed.
----------------
2019-02-07 02:12:18,702 INFO  execution-log -  Beginning InvokeApplicationCommand ( Target :  )
----------------
2019-02-07 02:12:19,575 INFO  execution-log - 	 Command completed.
----------------
2019-02-07 02:12:19,592 INFO  execution-log -  Beginning PageCommand ( CurrentPage : Login, FlowIdentifier : 1, DiIndicator : DI )
----------------
2019-02-07 02:12:19,601 INFO  execution-log - 	 Command completed.
----------------
2019-02-07 02:12:19,608 INFO  execution-log -  Beginning LoadTestDataItemCommand ( CurrentPage : Login, FlowIdentifier : 1, DiIndicator : DI )
----------------
2019-02-07 02:12:19,630 INFO  execution-log - [Sequence No - 1] Beginning ValidateExistStatusCommand ( LogicalFieldName : User Name, LogicalFieldValue : True )
----------------
2019-02-07 02:12:19,657 INFO  execution-log - [Sequence No - 1]	 Command completed.
----------------
2019-02-07 02:12:19,667 INFO  execution-log - [Sequence No - 2] Beginning ActionCommand ( LogicalFieldName : User Name, LogicalFieldValue : Click )
----------------
2019-02-07 02:12:19,808 INFO  execution-log - [Sequence No - 2]	 Command completed.
----------------
2019-02-07 02:12:19,815 INFO  execution-log - [Sequence No - 3] Beginning TestDataCommand ( LogicalFieldName : User Name, LogicalFieldValue : Jack )
----------------
2019-02-07 02:12:19,921 INFO  execution-log - [Sequence No - 3]	 Command completed.
----------------
2019-02-07 02:12:19,935 INFO  execution-log - [Sequence No - 4] Beginning ValidateExistStatusCommand ( LogicalFieldName : Password, LogicalFieldValue : True )
----------------
2019-02-07 02:12:19,960 INFO  execution-log - [Sequence No - 4]	 Command completed.
----------------
2019-02-07 02:12:19,975 INFO  execution-log - [Sequence No - 5] Beginning TestDataCommand ( LogicalFieldName : Password, LogicalFieldValue : Smit@123 )
----------------
2019-02-07 02:12:20,112 INFO  execution-log - [Sequence No - 5]	 Command completed.
----------------
2019-02-07 02:12:20,127 INFO  execution-log - [Sequence No - 6] Beginning ValidateEnableStatusCommand ( LogicalFieldName : Login_Button, LogicalFieldValue : True )
----------------
2019-02-07 02:12:20,162 INFO  execution-log - [Sequence No - 6]	 Command completed.
----------------
2019-02-07 02:12:20,172 INFO  execution-log - [Sequence No - 7] Beginning ActionCommand ( LogicalFieldName : Login_Button, LogicalFieldValue : Click )
----------------
2019-02-07 02:12:20,285 INFO  execution-log - [Sequence No - 7]	 Command completed.
----------------
2019-02-07 02:12:20,292 INFO  execution-log - 	 Command completed.
----------------
2019-02-07 02:12:20,298 INFO  execution-log -  Beginning PageCommand ( CurrentPage : Home, FlowIdentifier : 2, DiIndicator : DI )
----------------
2019-02-07 02:12:20,305 INFO  execution-log - 	 Command completed.
----------------
2019-02-07 02:12:20,311 INFO  execution-log -  Beginning LoadTestDataItemCommand ( CurrentPage : Home, FlowIdentifier : 2, DiIndicator : DI )
----------------
2019-02-07 02:12:20,325 INFO  execution-log - [Sequence No - 8] Beginning ValidateEnableStatusCommand ( LogicalFieldName : New Quote, LogicalFieldValue : True )
----------------
2019-02-07 02:12:21,519 INFO  execution-log - [Sequence No - 8]	 Command completed.
----------------
2019-02-07 02:12:21,530 INFO  execution-log - [Sequence No - 9] Beginning ActionCommand ( LogicalFieldName : New Quote, LogicalFieldValue : Click )
----------------
2019-02-07 02:12:22,301 INFO  execution-log - [Sequence No - 9]	 Command completed.
----------------
2019-02-07 02:12:22,326 INFO  execution-log - 	 Command completed.
----------------
2019-02-07 02:12:22,333 INFO  execution-log -  Beginning PageCommand ( CurrentPage : New Quote, FlowIdentifier : 3, DiIndicator : DI )
----------------
2019-02-07 02:12:22,340 INFO  execution-log - 	 Command completed.
----------------
2019-02-07 02:12:22,345 INFO  execution-log -  Beginning LoadTestDataItemCommand ( CurrentPage : New Quote, FlowIdentifier : 3, DiIndicator : DI )
----------------
2019-02-07 02:12:22,364 INFO  execution-log - [Sequence No - 10] Beginning ValidateExistStatusCommand ( LogicalFieldName : Account Name, LogicalFieldValue : True )
----------------
2019-02-07 02:12:22,443 INFO  execution-log - [Sequence No - 10]	 Command completed.
----------------
2019-02-07 02:12:22,459 INFO  execution-log - [Sequence No - 11] Beginning TestDataCommand ( LogicalFieldName : Account Name, LogicalFieldValue : RANDOMIZE(7,2) )
----------------
2019-02-07 02:12:22,692 INFO  execution-log - [Sequence No - 11]	 Command completed.
----------------
2019-02-07 02:12:22,703 INFO  execution-log - [Sequence No - 12] Beginning ValidateExistStatusCommand ( LogicalFieldName : First Name, LogicalFieldValue : True )
----------------
2019-02-07 02:12:22,733 INFO  execution-log - [Sequence No - 12]	 Command completed.
----------------
2019-02-07 02:12:22,743 INFO  execution-log - [Sequence No - 13] Beginning TestDataCommand ( LogicalFieldName : First Name, LogicalFieldValue : Jack )
----------------
2019-02-07 02:12:22,971 INFO  execution-log - [Sequence No - 13]	 Command completed.
----------------
2019-02-07 02:12:22,985 INFO  execution-log - [Sequence No - 14] Beginning ValidateEnableStatusCommand ( LogicalFieldName : Last Name, LogicalFieldValue : True )
----------------
2019-02-07 02:12:23,018 INFO  execution-log - [Sequence No - 14]	 Command completed.
----------------
2019-02-07 02:12:23,045 INFO  execution-log - [Sequence No - 15] Beginning TestDataCommand ( LogicalFieldName : Last Name, LogicalFieldValue : Smith )
----------------
2019-02-07 02:12:23,233 INFO  execution-log - [Sequence No - 15]	 Command completed.
----------------
2019-02-07 02:12:23,243 INFO  execution-log - [Sequence No - 16] Beginning ValidateExistStatusCommand ( LogicalFieldName : ContactNumber1, LogicalFieldValue : True )
----------------
2019-02-07 02:12:23,268 INFO  execution-log - [Sequence No - 16]	 Command completed.
----------------
2019-02-07 02:12:23,279 INFO  execution-log - [Sequence No - 17] Beginning TestDataCommand ( LogicalFieldName : ContactNumber1, LogicalFieldValue : 654 )
----------------
2019-02-07 02:12:23,404 INFO  execution-log - [Sequence No - 17]	 Command completed.
----------------
2019-02-07 02:12:23,415 INFO  execution-log - [Sequence No - 18] Beginning TestDataCommand ( LogicalFieldName : ContactNumber2, LogicalFieldValue : 321 )
----------------
2019-02-07 02:12:23,546 INFO  execution-log - [Sequence No - 18]	 Command completed.
----------------
2019-02-07 02:12:23,559 INFO  execution-log - [Sequence No - 19] Beginning TestDataCommand ( LogicalFieldName : ContactNumber3, LogicalFieldValue : 6541 )
----------------
2019-02-07 02:12:23,690 INFO  execution-log - [Sequence No - 19]	 Command completed.
----------------
2019-02-07 02:12:23,701 INFO  execution-log - [Sequence No - 20] Beginning ValidateExistStatusCommand ( LogicalFieldName : Primary Email, LogicalFieldValue : True )
----------------
2019-02-07 02:12:23,747 INFO  execution-log - [Sequence No - 20]	 Command completed.
----------------
2019-02-07 02:12:23,759 INFO  execution-log - [Sequence No - 21] Beginning TestDataCommand ( LogicalFieldName : Primary Email, LogicalFieldValue : jack.smith@gmail.com )
----------------
2019-02-07 02:12:24,125 INFO  execution-log - [Sequence No - 21]	 Command completed.
----------------
2019-02-07 02:12:24,136 INFO  execution-log - [Sequence No - 22] Beginning ValidateExistStatusCommand ( LogicalFieldName : Business Started Year, LogicalFieldValue : True )
----------------
2019-02-07 02:12:24,161 INFO  execution-log - [Sequence No - 22]	 Command completed.
----------------
2019-02-07 02:12:24,172 INFO  execution-log - [Sequence No - 23] Beginning TestDataCommand ( LogicalFieldName : Business Started Year, LogicalFieldValue : 2012 )
----------------
2019-02-07 02:12:24,299 INFO  execution-log - [Sequence No - 23]	 Command completed.
----------------
2019-02-07 02:12:24,310 INFO  execution-log - [Sequence No - 24] Beginning ValidateExistStatusCommand ( LogicalFieldName : Select Product, LogicalFieldValue : True )
----------------
2019-02-07 02:12:24,336 INFO  execution-log - [Sequence No - 24]	 Command completed.
----------------
2019-02-07 02:12:24,352 INFO  execution-log - [Sequence No - 25] Beginning ActionCommand ( LogicalFieldName : Select Product, LogicalFieldValue : Click )
----------------
2019-02-07 02:12:24,521 INFO  execution-log - [Sequence No - 25]	 Command completed.
----------------
2019-02-07 02:12:24,542 INFO  execution-log - [Sequence No - 26] Beginning ActionCommand ( LogicalFieldName : Select Product1, LogicalFieldValue : Click )
----------------
2019-02-07 02:12:24,714 INFO  execution-log - [Sequence No - 26]	 Command completed.
----------------
2019-02-07 02:12:24,725 INFO  execution-log - [Sequence No - 27] Beginning ValidateExistStatusCommand ( LogicalFieldName : Contact Name, LogicalFieldValue : True )
----------------
2019-02-07 02:12:24,753 INFO  execution-log - [Sequence No - 27]	 Command completed.
----------------
2019-02-07 02:12:24,768 INFO  execution-log - [Sequence No - 28] Beginning ActionCommand ( LogicalFieldName : Contact Name, LogicalFieldValue : Click )
----------------
2019-02-07 02:12:24,921 INFO  execution-log - [Sequence No - 28]	 Command completed.
----------------
2019-02-07 02:12:24,935 INFO  execution-log - [Sequence No - 29] Beginning ActionCommand ( LogicalFieldName : Contact Name Initial Select, LogicalFieldValue : Click )
----------------
2019-02-07 02:12:25,578 INFO  execution-log - [Sequence No - 29]	 Command completed.
----------------
2019-02-07 02:12:25,590 INFO  execution-log - [Sequence No - 30] Beginning ValidateExistStatusCommand ( LogicalFieldName : Industry, LogicalFieldValue : True )
----------------
2019-02-07 02:12:25,613 INFO  execution-log - [Sequence No - 30]	 Command completed.
----------------
2019-02-07 02:12:25,626 INFO  execution-log - [Sequence No - 31] Beginning ActionCommand ( LogicalFieldName : Industry, LogicalFieldValue : Click )
----------------
2019-02-07 02:12:25,836 INFO  execution-log - [Sequence No - 31]	 Command completed.
----------------
2019-02-07 02:12:25,852 INFO  execution-log - [Sequence No - 32] Beginning ActionCommand ( LogicalFieldName : Industry1, LogicalFieldValue : Click )
----------------
2019-02-07 02:12:26,026 INFO  execution-log - [Sequence No - 32]	 Command completed.
----------------
2019-02-07 02:12:26,037 INFO  execution-log - [Sequence No - 33] Beginning ValidateExistStatusCommand ( LogicalFieldName : Zip Code, LogicalFieldValue : True )
----------------
2019-02-07 02:12:26,064 INFO  execution-log - [Sequence No - 33]	 Command completed.
----------------
2019-02-07 02:12:26,074 INFO  execution-log - [Sequence No - 34] Beginning TestDataCommand ( LogicalFieldName : Zip Code, LogicalFieldValue : 53704 )
----------------
2019-02-07 02:12:26,235 INFO  execution-log - [Sequence No - 34]	 Command completed.
----------------
2019-02-07 02:12:26,247 INFO  execution-log - [Sequence No - 35] Beginning ActionCommand ( LogicalFieldName : zipcode click, LogicalFieldValue : Click )
----------------
2019-02-07 02:12:26,602 INFO  execution-log - [Sequence No - 35]	 Command completed.
----------------
2019-02-07 02:12:26,615 INFO  execution-log - [Sequence No - 36] Beginning ValidateExistStatusCommand ( LogicalFieldName : Street Address, LogicalFieldValue : True )
----------------
2019-02-07 02:12:26,641 INFO  execution-log - [Sequence No - 36]	 Command completed.
----------------
2019-02-07 02:12:26,651 INFO  execution-log - [Sequence No - 37] Beginning TestDataCommand ( LogicalFieldName : Street Address, LogicalFieldValue : 123 BLUEJAY LN )
----------------
2019-02-07 02:12:26,877 INFO  execution-log - [Sequence No - 37]	 Command completed.
----------------
2019-02-07 02:12:26,892 INFO  execution-log - [Sequence No - 38] Beginning ValidateExistStatusCommand ( LogicalFieldName : Same as Physical Address, LogicalFieldValue : True )
----------------
2019-02-07 02:12:26,915 INFO  execution-log - [Sequence No - 38]	 Command completed.
----------------
2019-02-07 02:12:26,925 INFO  execution-log - [Sequence No - 39] Beginning ActionCommand ( LogicalFieldName : Same as Physical Address, LogicalFieldValue : Click )
----------------
2019-02-07 02:12:27,055 INFO  execution-log - [Sequence No - 39]	 Command completed.
----------------
2019-02-07 02:12:27,066 INFO  execution-log - [Sequence No - 40] Beginning ValidateEnableStatusCommand ( LogicalFieldName : Proceed, LogicalFieldValue : True )
----------------
2019-02-07 02:12:27,112 INFO  execution-log - [Sequence No - 40]	 Command completed.
----------------
2019-02-07 02:12:27,123 INFO  execution-log - [Sequence No - 41] Beginning ActionCommand ( LogicalFieldName : Proceed, LogicalFieldValue : Click )
----------------
2019-02-07 02:12:27,268 INFO  execution-log - [Sequence No - 41]	 Command completed.
----------------
2019-02-07 02:12:27,275 INFO  execution-log - 	 Command completed.
----------------
2019-02-07 02:12:27,283 INFO  execution-log -  Beginning PageCommand ( CurrentPage : Insured Info, FlowIdentifier : 4, DiIndicator : DI )
----------------
2019-02-07 02:12:27,289 INFO  execution-log - 	 Command completed.
----------------
2019-02-07 02:12:27,298 INFO  execution-log -  Beginning LoadTestDataItemCommand ( CurrentPage : Insured Info, FlowIdentifier : 4, DiIndicator : DI )
----------------
2019-02-07 02:12:27,313 INFO  execution-log - [Sequence No - 42] Beginning ValidateEnableStatusCommand ( LogicalFieldName : InsuredName, LogicalFieldValue : True )
----------------
2019-02-07 02:12:29,026 INFO  execution-log - [Sequence No - 42]	 Command completed.
----------------
2019-02-07 02:12:29,037 INFO  execution-log - [Sequence No - 43] Beginning TestDataCommand ( LogicalFieldName : InsuredName, LogicalFieldValue : Smith )
----------------
2019-02-07 02:12:29,182 INFO  execution-log - [Sequence No - 43]	 Command completed.
----------------
2019-02-07 02:12:29,198 INFO  execution-log - [Sequence No - 44] Beginning ValidateEnableStatusCommand ( LogicalFieldName : Primary State Click, LogicalFieldValue : True )
----------------
2019-02-07 02:12:29,232 INFO  execution-log - [Sequence No - 44]	 Command completed.
----------------
2019-02-07 02:12:29,243 INFO  execution-log - [Sequence No - 45] Beginning ActionCommand ( LogicalFieldName : Primary State Click, LogicalFieldValue : Click )
----------------
2019-02-07 02:12:29,400 INFO  execution-log - [Sequence No - 45]	 Command completed.
----------------
2019-02-07 02:12:29,412 INFO  execution-log - [Sequence No - 46] Beginning ActionCommand ( LogicalFieldName : PrimayState Select, LogicalFieldValue : Click )
----------------
2019-02-07 02:12:29,596 INFO  execution-log - [Sequence No - 46]	 Command completed.
----------------
2019-02-07 02:12:29,608 INFO  execution-log - [Sequence No - 47] Beginning ValidateExistStatusCommand ( LogicalFieldName : Street Address, LogicalFieldValue : True )
----------------
2019-02-07 02:12:29,639 INFO  execution-log - [Sequence No - 47]	 Command completed.
----------------
2019-02-07 02:12:29,656 INFO  execution-log - [Sequence No - 48] Beginning TestDataCommand ( LogicalFieldName : Street Address, LogicalFieldValue : 123 new street )
----------------
2019-02-07 02:12:29,934 INFO  execution-log - [Sequence No - 48]	 Command completed.
----------------
2019-02-07 02:12:29,944 INFO  execution-log - [Sequence No - 49] Beginning ValidateExistStatusCommand ( LogicalFieldName : Zip Code, LogicalFieldValue : True )
----------------
2019-02-07 02:12:29,976 INFO  execution-log - [Sequence No - 49]	 Command completed.
----------------
2019-02-07 02:12:29,991 INFO  execution-log - [Sequence No - 50] Beginning TestDataCommand ( LogicalFieldName : Zip Code, LogicalFieldValue : 53704 )
----------------
2019-02-07 02:12:30,141 INFO  execution-log - [Sequence No - 50]	 Command completed.
----------------
2019-02-07 02:12:30,153 INFO  execution-log - [Sequence No - 51] Beginning ValidateExistStatusCommand ( LogicalFieldName : Same as Physical Address, LogicalFieldValue : True )
----------------
2019-02-07 02:12:30,176 INFO  execution-log - [Sequence No - 51]	 Command completed.
----------------
2019-02-07 02:12:30,186 INFO  execution-log - [Sequence No - 52] Beginning ActionCommand ( LogicalFieldName : Same as Physical Address, LogicalFieldValue : Click )
----------------
2019-02-07 02:12:30,339 INFO  execution-log - [Sequence No - 52]	 Command completed.
----------------
2019-02-07 02:12:30,350 INFO  execution-log - [Sequence No - 53] Beginning ValidateExistStatusCommand ( LogicalFieldName : SIC Code, LogicalFieldValue : True )
----------------
2019-02-07 02:12:30,379 INFO  execution-log - [Sequence No - 53]	 Command completed.
----------------
2019-02-07 02:12:30,392 INFO  execution-log - [Sequence No - 54] Beginning TestDataCommand ( LogicalFieldName : SIC Code, LogicalFieldValue : 41510000-School buses )
----------------
2019-02-07 02:12:30,717 INFO  execution-log - [Sequence No - 54]	 Command completed.
----------------
2019-02-07 02:12:30,728 INFO  execution-log - [Sequence No - 55] Beginning ValidateExistStatusCommand ( LogicalFieldName : BusinessInceptionYear, LogicalFieldValue : True )
----------------
2019-02-07 02:12:30,753 INFO  execution-log - [Sequence No - 55]	 Command completed.
----------------
2019-02-07 02:12:30,764 INFO  execution-log - [Sequence No - 56] Beginning TestDataCommand ( LogicalFieldName : BusinessInceptionYear, LogicalFieldValue : 2012 )
----------------
2019-02-07 02:12:30,958 INFO  execution-log - [Sequence No - 56]	 Command completed.
----------------
2019-02-07 02:12:30,971 INFO  execution-log - [Sequence No - 57] Beginning ValidateExistStatusCommand ( LogicalFieldName : BusinessPhone, LogicalFieldValue : True )
----------------
2019-02-07 02:12:31,001 INFO  execution-log - [Sequence No - 57]	 Command completed.
----------------
2019-02-07 02:12:31,015 INFO  execution-log - [Sequence No - 58] Beginning TestDataCommand ( LogicalFieldName : BusinessPhone, LogicalFieldValue : 6549879879 )
----------------
2019-02-07 02:12:32,285 INFO  execution-log - [Sequence No - 58]	 Command completed.
----------------
2019-02-07 02:12:32,297 INFO  execution-log - [Sequence No - 59] Beginning ValidateEnableStatusCommand ( LogicalFieldName : Next, LogicalFieldValue : True )
----------------
2019-02-07 02:12:32,335 INFO  execution-log - [Sequence No - 59]	 Command completed.
----------------
2019-02-07 02:12:32,345 INFO  execution-log - [Sequence No - 60] Beginning ActionCommand ( LogicalFieldName : Next, LogicalFieldValue : Click )
----------------
2019-02-07 02:12:32,483 INFO  execution-log - [Sequence No - 60]	 Command completed.
----------------
2019-02-07 02:12:32,490 INFO  execution-log - 	 Command completed.
----------------
2019-02-07 02:12:32,496 INFO  execution-log -  Beginning PageCommand ( CurrentPage : Policy Info, FlowIdentifier : 5, DiIndicator : DI )
----------------
2019-02-07 02:12:32,501 INFO  execution-log - 	 Command completed.
----------------
2019-02-07 02:12:32,508 INFO  execution-log -  Beginning LoadTestDataItemCommand ( CurrentPage : Policy Info, FlowIdentifier : 5, DiIndicator : DI )
----------------
2019-02-07 02:12:32,528 INFO  execution-log - [Sequence No - 61] Beginning ValidateEnableStatusCommand ( LogicalFieldName : Which State do u operate In?, LogicalFieldValue : True )
----------------
2019-02-07 02:12:32,973 INFO  execution-log - [Sequence No - 61]	 Command completed.
----------------
2019-02-07 02:12:32,996 INFO  execution-log - [Sequence No - 62] Beginning ActionCommand ( LogicalFieldName : Which State do u operate In?, LogicalFieldValue : Click )
----------------
2019-02-07 02:12:33,669 INFO  execution-log - [Sequence No - 62]	 Command completed.
----------------
2019-02-07 02:12:33,683 INFO  execution-log - [Sequence No - 63] Beginning ActionCommand ( LogicalFieldName : Which State do u operate In?1, LogicalFieldValue : Click )
----------------
2019-02-07 02:12:34,312 INFO  execution-log - [Sequence No - 63]	 Command completed.
----------------
2019-02-07 02:12:34,324 INFO  execution-log - [Sequence No - 64] Beginning ActionCommand ( LogicalFieldName : Label Click, LogicalFieldValue : Click )
----------------
2019-02-07 02:12:34,475 INFO  execution-log - [Sequence No - 64]	 Command completed.
----------------
2019-02-07 02:12:34,490 INFO  execution-log - [Sequence No - 65] Beginning ActionCommand ( LogicalFieldName : Collapse, LogicalFieldValue : Click )
----------------
2019-02-07 02:12:34,711 INFO  execution-log - [Sequence No - 65]	 Command completed.
----------------
2019-02-07 02:12:34,726 INFO  execution-log - [Sequence No - 66] Beginning ValidateEnableStatusCommand ( LogicalFieldName : Select Product, LogicalFieldValue : True )
----------------
2019-02-07 02:12:34,769 INFO  execution-log - [Sequence No - 66]	 Command completed.
----------------
2019-02-07 02:12:34,782 INFO  execution-log - [Sequence No - 67] Beginning ActionCommand ( LogicalFieldName : Select Product, LogicalFieldValue : Click-Wait(2000) )
----------------
2019-02-07 02:12:38,950 INFO  execution-log - [Sequence No - 67]	 Command completed.
----------------
2019-02-07 02:12:38,960 INFO  execution-log - [Sequence No - 68] Beginning ActionCommand ( LogicalFieldName : Select Product 1, LogicalFieldValue : Click )
----------------
2019-02-07 02:12:41,417 INFO  execution-log - [Sequence No - 68]	 Command completed.
----------------
2019-02-07 02:12:41,425 INFO  execution-log - 	 Command completed.
----------------
2019-02-07 02:12:41,448 INFO  execution-log - Saving captured values to file.
----------------
2019-02-07 02:12:41,454 INFO  execution-log - TC # : 1, has completed successfully.
----------------
