2019-02-08 02:24:30,720 INFO  execution-log - 	Initializing control map with map # MASTER
----------------
2019-02-08 02:24:30,739 INFO  execution-log - Initializing Test Automation
----------------
2019-02-08 02:24:30,746 INFO  execution-log - 	target browser: Chrome
----------------
2019-02-08 02:24:34,706 INFO  execution-log - TC # : 1, Downloading test case from DB
----------------
2019-02-08 02:24:34,773 INFO  execution-log - TC # : 1, Getting test data from DB
----------------
2019-02-08 02:24:34,773 INFO  execution-log - TC # : 1, Getting control map :MASTER from DB
----------------
2019-02-08 02:24:34,818 INFO  execution-log - TC # : 1, Control map retrieval completed
----------------
2019-02-08 02:24:34,848 INFO  execution-log - TC # : 1, Test data retrieval completed
----------------
2019-02-08 02:24:34,855 INFO  execution-log - TC # : 1, Parsing commands
----------------
2019-02-08 02:24:34,881 INFO  execution-log - Loading captured values from persistence.
----------------
2019-02-08 02:24:34,891 INFO  execution-log - TC # : 1, Started executing test case in the VMTESTAPP1 environment (http://vam-qa.cloudapp.net:6363/pages/login.html)
----------------
2019-02-08 02:24:34,964 INFO  execution-log -  Beginning StartIterationCommand ( Iterations : 1 )
----------------
2019-02-08 02:24:34,975 INFO  execution-log - TC # : 1, Starting iteration #1
----------------
2019-02-08 02:24:34,992 INFO  execution-log - 	 Command completed.
----------------
2019-02-08 02:24:35,003 INFO  execution-log -  Beginning InvokeApplicationCommand ( Target :  )
----------------
2019-02-08 02:24:55,860 INFO  execution-log - 	 Command completed.
----------------
2019-02-08 02:24:55,869 INFO  execution-log -  Beginning PageCommand ( CurrentPage : Login, FlowIdentifier : 1, DiIndicator : DI )
----------------
2019-02-08 02:24:55,876 INFO  execution-log - 	 Command completed.
----------------
2019-02-08 02:24:55,881 INFO  execution-log -  Beginning LoadTestDataItemCommand ( CurrentPage : Login, FlowIdentifier : 1, DiIndicator : DI )
----------------
2019-02-08 02:24:55,899 INFO  execution-log - [Sequence No - 1] Beginning ValidateExistStatusCommand ( LogicalFieldName : User Name, LogicalFieldValue : True )
----------------
2019-02-08 02:24:55,935 INFO  execution-log - [Sequence No - 1]	 Command completed.
----------------
2019-02-08 02:24:55,946 INFO  execution-log - [Sequence No - 2] Beginning ActionCommand ( LogicalFieldName : User Name, LogicalFieldValue : Click )
----------------
2019-02-08 02:24:56,113 INFO  execution-log - [Sequence No - 2]	 Command completed.
----------------
2019-02-08 02:24:56,125 INFO  execution-log - [Sequence No - 3] Beginning TestDataCommand ( LogicalFieldName : User Name, LogicalFieldValue : Jack )
----------------
2019-02-08 02:24:56,291 INFO  execution-log - [Sequence No - 3]	 Command completed.
----------------
2019-02-08 02:24:56,302 INFO  execution-log - [Sequence No - 4] Beginning ValidateExistStatusCommand ( LogicalFieldName : Password, LogicalFieldValue : True )
----------------
2019-02-08 02:24:56,339 INFO  execution-log - [Sequence No - 4]	 Command completed.
----------------
2019-02-08 02:24:56,349 INFO  execution-log - [Sequence No - 5] Beginning TestDataCommand ( LogicalFieldName : Password, LogicalFieldValue : Smit@123 )
----------------
2019-02-08 02:24:56,574 INFO  execution-log - [Sequence No - 5]	 Command completed.
----------------
2019-02-08 02:24:56,584 INFO  execution-log - [Sequence No - 6] Beginning ValidateEnableStatusCommand ( LogicalFieldName : Login_Button, LogicalFieldValue : True )
----------------
2019-02-08 02:24:56,626 INFO  execution-log - [Sequence No - 6]	 Command completed.
----------------
2019-02-08 02:24:56,638 INFO  execution-log - [Sequence No - 7] Beginning ActionCommand ( LogicalFieldName : Login_Button, LogicalFieldValue : Click )
----------------
2019-02-08 02:24:56,941 INFO  execution-log - [Sequence No - 7]	 Command completed.
----------------
2019-02-08 02:24:56,953 INFO  execution-log - 	 Command completed.
----------------
2019-02-08 02:24:56,958 INFO  execution-log -  Beginning PageCommand ( CurrentPage : Home, FlowIdentifier : 2, DiIndicator : DI )
----------------
2019-02-08 02:24:56,964 INFO  execution-log - 	 Command completed.
----------------
2019-02-08 02:24:56,969 INFO  execution-log -  Beginning LoadTestDataItemCommand ( CurrentPage : Home, FlowIdentifier : 2, DiIndicator : DI )
----------------
2019-02-08 02:24:56,984 INFO  execution-log - [Sequence No - 8] Beginning ValidateEnableStatusCommand ( LogicalFieldName : New Quote, LogicalFieldValue : True )
----------------
2019-02-08 02:25:33,792 INFO  execution-log - [Sequence No - 8]	 Command completed.
----------------
2019-02-08 02:25:33,824 INFO  execution-log - [Sequence No - 9] Beginning ActionCommand ( LogicalFieldName : New Quote, LogicalFieldValue : Click )
----------------
2019-02-08 02:25:36,144 INFO  execution-log - [Sequence No - 9]	 Command completed.
----------------
2019-02-08 02:25:36,173 INFO  execution-log - 	 Command completed.
----------------
2019-02-08 02:25:36,194 INFO  execution-log -  Beginning PageCommand ( CurrentPage : New Quote, FlowIdentifier : 3, DiIndicator : DI )
----------------
2019-02-08 02:25:36,239 INFO  execution-log - 	 Command completed.
----------------
2019-02-08 02:25:36,283 INFO  execution-log -  Beginning LoadTestDataItemCommand ( CurrentPage : New Quote, FlowIdentifier : 3, DiIndicator : DI )
----------------
2019-02-08 02:25:36,374 INFO  execution-log - [Sequence No - 10] Beginning ValidateExistStatusCommand ( LogicalFieldName : Account Name, LogicalFieldValue : True )
----------------
2019-02-08 02:25:36,533 INFO  execution-log - [Sequence No - 10]	 Command completed.
----------------
2019-02-08 02:25:36,546 INFO  execution-log - [Sequence No - 11] Beginning TestDataCommand ( LogicalFieldName : Account Name, LogicalFieldValue : RANDOMIZE(7,2) )
----------------
2019-02-08 02:25:37,530 INFO  execution-log - [Sequence No - 11]	 Command completed.
----------------
2019-02-08 02:25:37,540 INFO  execution-log - [Sequence No - 12] Beginning ValidateExistStatusCommand ( LogicalFieldName : First Name, LogicalFieldValue : True )
----------------
2019-02-08 02:25:37,575 INFO  execution-log - [Sequence No - 12]	 Command completed.
----------------
2019-02-08 02:25:37,585 INFO  execution-log - [Sequence No - 13] Beginning TestDataCommand ( LogicalFieldName : First Name, LogicalFieldValue : Jack )
----------------
2019-02-08 02:25:37,861 INFO  execution-log - [Sequence No - 13]	 Command completed.
----------------
2019-02-08 02:25:37,871 INFO  execution-log - [Sequence No - 14] Beginning ValidateEnableStatusCommand ( LogicalFieldName : Last Name, LogicalFieldValue : True )
----------------
2019-02-08 02:25:37,907 INFO  execution-log - [Sequence No - 14]	 Command completed.
----------------
2019-02-08 02:25:37,917 INFO  execution-log - [Sequence No - 15] Beginning TestDataCommand ( LogicalFieldName : Last Name, LogicalFieldValue : Smith )
----------------
2019-02-08 02:25:38,217 INFO  execution-log - [Sequence No - 15]	 Command completed.
----------------
2019-02-08 02:25:38,229 INFO  execution-log - [Sequence No - 16] Beginning ValidateExistStatusCommand ( LogicalFieldName : ContactNumber1, LogicalFieldValue : True )
----------------
2019-02-08 02:25:38,282 INFO  execution-log - [Sequence No - 16]	 Command completed.
----------------
2019-02-08 02:25:38,291 INFO  execution-log - [Sequence No - 17] Beginning TestDataCommand ( LogicalFieldName : ContactNumber1, LogicalFieldValue : 654 )
----------------
2019-02-08 02:25:38,477 INFO  execution-log - [Sequence No - 17]	 Command completed.
----------------
2019-02-08 02:25:38,492 INFO  execution-log - [Sequence No - 18] Beginning TestDataCommand ( LogicalFieldName : ContactNumber2, LogicalFieldValue : 321 )
----------------
2019-02-08 02:25:38,648 INFO  execution-log - [Sequence No - 18]	 Command completed.
----------------
2019-02-08 02:25:38,658 INFO  execution-log - [Sequence No - 19] Beginning TestDataCommand ( LogicalFieldName : ContactNumber3, LogicalFieldValue : 6541 )
----------------
2019-02-08 02:25:38,873 INFO  execution-log - [Sequence No - 19]	 Command completed.
----------------
2019-02-08 02:25:38,884 INFO  execution-log - [Sequence No - 20] Beginning ValidateExistStatusCommand ( LogicalFieldName : Primary Email, LogicalFieldValue : True )
----------------
2019-02-08 02:25:38,985 INFO  execution-log - [Sequence No - 20]	 Command completed.
----------------
2019-02-08 02:25:39,022 INFO  execution-log - [Sequence No - 21] Beginning TestDataCommand ( LogicalFieldName : Primary Email, LogicalFieldValue : jack.smith@gmail.com )
----------------
2019-02-08 02:25:39,909 INFO  execution-log - [Sequence No - 21]	 Command completed.
----------------
2019-02-08 02:25:39,923 INFO  execution-log - [Sequence No - 22] Beginning ValidateExistStatusCommand ( LogicalFieldName : Business Started Year, LogicalFieldValue : True )
----------------
2019-02-08 02:25:40,035 INFO  execution-log - [Sequence No - 22]	 Command completed.
----------------
2019-02-08 02:25:40,046 INFO  execution-log - [Sequence No - 23] Beginning TestDataCommand ( LogicalFieldName : Business Started Year, LogicalFieldValue : 2012 )
----------------
2019-02-08 02:25:40,796 INFO  execution-log - [Sequence No - 23]	 Command completed.
----------------
2019-02-08 02:25:40,806 INFO  execution-log - [Sequence No - 24] Beginning ValidateExistStatusCommand ( LogicalFieldName : Select Product, LogicalFieldValue : True )
----------------
2019-02-08 02:25:40,846 INFO  execution-log - [Sequence No - 24]	 Command completed.
----------------
2019-02-08 02:25:40,858 INFO  execution-log - [Sequence No - 25] Beginning ActionCommand ( LogicalFieldName : Select Product, LogicalFieldValue : Click )
----------------
2019-02-08 02:25:41,128 INFO  execution-log - [Sequence No - 25]	 Command completed.
----------------
2019-02-08 02:25:41,140 INFO  execution-log - [Sequence No - 26] Beginning ActionCommand ( LogicalFieldName : Select Product1, LogicalFieldValue : Click )
----------------
2019-02-08 02:25:41,395 INFO  execution-log - [Sequence No - 26]	 Command completed.
----------------
2019-02-08 02:25:41,409 INFO  execution-log - [Sequence No - 27] Beginning ValidateExistStatusCommand ( LogicalFieldName : Contact Name, LogicalFieldValue : True )
----------------
2019-02-08 02:25:41,449 INFO  execution-log - [Sequence No - 27]	 Command completed.
----------------
2019-02-08 02:25:41,459 INFO  execution-log - [Sequence No - 28] Beginning ActionCommand ( LogicalFieldName : Contact Name, LogicalFieldValue : Click )
----------------
2019-02-08 02:25:41,688 INFO  execution-log - [Sequence No - 28]	 Command completed.
----------------
2019-02-08 02:25:41,699 INFO  execution-log - [Sequence No - 29] Beginning ActionCommand ( LogicalFieldName : Contact Name Initial Select, LogicalFieldValue : Click )
----------------
2019-02-08 02:25:42,355 INFO  execution-log - [Sequence No - 29]	 Command completed.
----------------
2019-02-08 02:25:42,366 INFO  execution-log - [Sequence No - 30] Beginning ValidateExistStatusCommand ( LogicalFieldName : Industry, LogicalFieldValue : True )
----------------
2019-02-08 02:25:42,396 INFO  execution-log - [Sequence No - 30]	 Command completed.
----------------
2019-02-08 02:25:42,409 INFO  execution-log - [Sequence No - 31] Beginning ActionCommand ( LogicalFieldName : Industry, LogicalFieldValue : Click )
----------------
2019-02-08 02:25:42,645 INFO  execution-log - [Sequence No - 31]	 Command completed.
----------------
2019-02-08 02:25:42,658 INFO  execution-log - [Sequence No - 32] Beginning ActionCommand ( LogicalFieldName : Industry1, LogicalFieldValue : Click )
----------------
2019-02-08 02:25:42,819 INFO  execution-log - [Sequence No - 32]	 Command completed.
----------------
2019-02-08 02:25:42,829 INFO  execution-log - [Sequence No - 33] Beginning ValidateExistStatusCommand ( LogicalFieldName : Zip Code, LogicalFieldValue : True )
----------------
2019-02-08 02:25:42,855 INFO  execution-log - [Sequence No - 33]	 Command completed.
----------------
2019-02-08 02:25:42,865 INFO  execution-log - [Sequence No - 34] Beginning TestDataCommand ( LogicalFieldName : Zip Code, LogicalFieldValue : 53704 )
----------------
2019-02-08 02:25:43,054 INFO  execution-log - [Sequence No - 34]	 Command completed.
----------------
2019-02-08 02:25:43,064 INFO  execution-log - [Sequence No - 35] Beginning ActionCommand ( LogicalFieldName : zipcode click, LogicalFieldValue : Click )
----------------
2019-02-08 02:25:43,459 INFO  execution-log - [Sequence No - 35]	 Command completed.
----------------
2019-02-08 02:25:43,471 INFO  execution-log - [Sequence No - 36] Beginning ValidateExistStatusCommand ( LogicalFieldName : Street Address, LogicalFieldValue : True )
----------------
2019-02-08 02:25:43,493 INFO  execution-log - [Sequence No - 36]	 Command completed.
----------------
2019-02-08 02:25:43,503 INFO  execution-log - [Sequence No - 37] Beginning TestDataCommand ( LogicalFieldName : Street Address, LogicalFieldValue : 123 BLUEJAY LN )
----------------
2019-02-08 02:25:43,826 INFO  execution-log - [Sequence No - 37]	 Command completed.
----------------
2019-02-08 02:25:43,838 INFO  execution-log - [Sequence No - 38] Beginning ValidateExistStatusCommand ( LogicalFieldName : Same as Physical Address, LogicalFieldValue : True )
----------------
2019-02-08 02:25:43,863 INFO  execution-log - [Sequence No - 38]	 Command completed.
----------------
2019-02-08 02:25:43,874 INFO  execution-log - [Sequence No - 39] Beginning ActionCommand ( LogicalFieldName : Same as Physical Address, LogicalFieldValue : Click )
----------------
2019-02-08 02:25:44,023 INFO  execution-log - [Sequence No - 39]	 Command completed.
----------------
2019-02-08 02:25:44,033 INFO  execution-log - [Sequence No - 40] Beginning ValidateEnableStatusCommand ( LogicalFieldName : Proceed, LogicalFieldValue : True )
----------------
2019-02-08 02:25:44,074 INFO  execution-log - [Sequence No - 40]	 Command completed.
----------------
2019-02-08 02:25:44,086 INFO  execution-log - [Sequence No - 41] Beginning ActionCommand ( LogicalFieldName : Proceed, LogicalFieldValue : Click )
----------------
2019-02-08 02:25:44,303 INFO  execution-log - [Sequence No - 41]	 Command completed.
----------------
2019-02-08 02:25:44,309 INFO  execution-log - 	 Command completed.
----------------
2019-02-08 02:25:44,317 INFO  execution-log -  Beginning PageCommand ( CurrentPage : Insured Info, FlowIdentifier : 4, DiIndicator : DI )
----------------
2019-02-08 02:25:44,326 INFO  execution-log - 	 Command completed.
----------------
2019-02-08 02:25:44,334 INFO  execution-log -  Beginning LoadTestDataItemCommand ( CurrentPage : Insured Info, FlowIdentifier : 4, DiIndicator : DI )
----------------
2019-02-08 02:25:44,352 INFO  execution-log - [Sequence No - 42] Beginning ValidateEnableStatusCommand ( LogicalFieldName : InsuredName, LogicalFieldValue : True )
----------------
2019-02-08 02:25:46,334 INFO  execution-log - [Sequence No - 42]	 Command completed.
----------------
2019-02-08 02:25:46,344 INFO  execution-log - [Sequence No - 43] Beginning TestDataCommand ( LogicalFieldName : InsuredName, LogicalFieldValue : Smith )
----------------
2019-02-08 02:25:46,503 INFO  execution-log - [Sequence No - 43]	 Command completed.
----------------
2019-02-08 02:25:46,514 INFO  execution-log - [Sequence No - 44] Beginning ValidateEnableStatusCommand ( LogicalFieldName : Primary State Click, LogicalFieldValue : True )
----------------
2019-02-08 02:25:46,552 INFO  execution-log - [Sequence No - 44]	 Command completed.
----------------
2019-02-08 02:25:46,562 INFO  execution-log - [Sequence No - 45] Beginning ActionCommand ( LogicalFieldName : Primary State Click, LogicalFieldValue : Click )
----------------
2019-02-08 02:25:46,754 INFO  execution-log - [Sequence No - 45]	 Command completed.
----------------
2019-02-08 02:25:46,765 INFO  execution-log - [Sequence No - 46] Beginning ActionCommand ( LogicalFieldName : PrimayState Select, LogicalFieldValue : Click )
----------------
2019-02-08 02:25:47,107 INFO  execution-log - [Sequence No - 46]	 Command completed.
----------------
2019-02-08 02:25:47,123 INFO  execution-log - [Sequence No - 47] Beginning ValidateExistStatusCommand ( LogicalFieldName : Street Address, LogicalFieldValue : True )
----------------
2019-02-08 02:25:47,197 INFO  execution-log - [Sequence No - 47]	 Command completed.
----------------
2019-02-08 02:25:47,211 INFO  execution-log - [Sequence No - 48] Beginning TestDataCommand ( LogicalFieldName : Street Address, LogicalFieldValue : 123 new street )
----------------
2019-02-08 02:25:47,599 INFO  execution-log - [Sequence No - 48]	 Command completed.
----------------
2019-02-08 02:25:47,609 INFO  execution-log - [Sequence No - 49] Beginning ValidateExistStatusCommand ( LogicalFieldName : Zip Code, LogicalFieldValue : True )
----------------
2019-02-08 02:25:47,653 INFO  execution-log - [Sequence No - 49]	 Command completed.
----------------
2019-02-08 02:25:47,663 INFO  execution-log - [Sequence No - 50] Beginning TestDataCommand ( LogicalFieldName : Zip Code, LogicalFieldValue : 53704 )
----------------
2019-02-08 02:25:47,846 INFO  execution-log - [Sequence No - 50]	 Command completed.
----------------
2019-02-08 02:25:47,859 INFO  execution-log - [Sequence No - 51] Beginning ValidateExistStatusCommand ( LogicalFieldName : Same as Physical Address, LogicalFieldValue : True )
----------------
2019-02-08 02:25:47,895 INFO  execution-log - [Sequence No - 51]	 Command completed.
----------------
2019-02-08 02:25:47,907 INFO  execution-log - [Sequence No - 52] Beginning ActionCommand ( LogicalFieldName : Same as Physical Address, LogicalFieldValue : Click )
----------------
2019-02-08 02:25:48,084 INFO  execution-log - [Sequence No - 52]	 Command completed.
----------------
2019-02-08 02:25:48,095 INFO  execution-log - [Sequence No - 53] Beginning ValidateExistStatusCommand ( LogicalFieldName : SIC Code, LogicalFieldValue : True )
----------------
2019-02-08 02:25:48,158 INFO  execution-log - [Sequence No - 53]	 Command completed.
----------------
2019-02-08 02:25:48,173 INFO  execution-log - [Sequence No - 54] Beginning TestDataCommand ( LogicalFieldName : SIC Code, LogicalFieldValue : 41510000-School buses )
----------------
2019-02-08 02:25:48,573 INFO  execution-log - [Sequence No - 54]	 Command completed.
----------------
2019-02-08 02:25:48,586 INFO  execution-log - [Sequence No - 55] Beginning ValidateExistStatusCommand ( LogicalFieldName : BusinessInceptionYear, LogicalFieldValue : True )
----------------
2019-02-08 02:25:48,608 INFO  execution-log - [Sequence No - 55]	 Command completed.
----------------
2019-02-08 02:25:48,617 INFO  execution-log - [Sequence No - 56] Beginning TestDataCommand ( LogicalFieldName : BusinessInceptionYear, LogicalFieldValue : 2012 )
----------------
2019-02-08 02:25:48,792 INFO  execution-log - [Sequence No - 56]	 Command completed.
----------------
2019-02-08 02:25:48,809 INFO  execution-log - [Sequence No - 57] Beginning ValidateExistStatusCommand ( LogicalFieldName : BusinessPhone, LogicalFieldValue : True )
----------------
2019-02-08 02:25:48,861 INFO  execution-log - [Sequence No - 57]	 Command completed.
----------------
2019-02-08 02:25:48,872 INFO  execution-log - [Sequence No - 58] Beginning TestDataCommand ( LogicalFieldName : BusinessPhone, LogicalFieldValue : 6549879879 )
----------------
2019-02-08 02:25:50,237 INFO  execution-log - [Sequence No - 58]	 Command completed.
----------------
2019-02-08 02:25:50,247 INFO  execution-log - [Sequence No - 59] Beginning ValidateEnableStatusCommand ( LogicalFieldName : Next, LogicalFieldValue : True )
----------------
2019-02-08 02:25:50,285 INFO  execution-log - [Sequence No - 59]	 Command completed.
----------------
2019-02-08 02:25:50,295 INFO  execution-log - [Sequence No - 60] Beginning ActionCommand ( LogicalFieldName : Next, LogicalFieldValue : Click )
----------------
2019-02-08 02:25:50,629 INFO  execution-log - [Sequence No - 60]	 Command completed.
----------------
2019-02-08 02:25:50,664 INFO  execution-log - 	 Command completed.
----------------
2019-02-08 02:25:50,674 INFO  execution-log -  Beginning PageCommand ( CurrentPage : Policy Info, FlowIdentifier : 5, DiIndicator : DI )
----------------
2019-02-08 02:25:50,680 INFO  execution-log - 	 Command completed.
----------------
2019-02-08 02:25:50,712 INFO  execution-log -  Beginning LoadTestDataItemCommand ( CurrentPage : Policy Info, FlowIdentifier : 5, DiIndicator : DI )
----------------
2019-02-08 02:25:50,761 INFO  execution-log - [Sequence No - 61] Beginning ValidateEnableStatusCommand ( LogicalFieldName : Which State do u operate In?, LogicalFieldValue : True )
----------------
2019-02-08 02:25:51,777 INFO  execution-log - [Sequence No - 61]	 Command completed.
----------------
2019-02-08 02:25:51,818 INFO  execution-log - [Sequence No - 62] Beginning ActionCommand ( LogicalFieldName : Which State do u operate In?, LogicalFieldValue : Click )
----------------
2019-02-08 02:25:52,196 INFO  execution-log - [Sequence No - 62]	 Command completed.
----------------
2019-02-08 02:25:52,220 INFO  execution-log - [Sequence No - 63] Beginning ActionCommand ( LogicalFieldName : Which State do u operate In?1, LogicalFieldValue : Click )
----------------
2019-02-08 02:25:52,911 INFO  execution-log - [Sequence No - 63]	 Command completed.
----------------
2019-02-08 02:25:52,923 INFO  execution-log - [Sequence No - 64] Beginning ActionCommand ( LogicalFieldName : Label Click, LogicalFieldValue : Click )
----------------
2019-02-08 02:25:53,117 INFO  execution-log - [Sequence No - 64]	 Command completed.
----------------
2019-02-08 02:25:53,128 INFO  execution-log - [Sequence No - 65] Beginning ActionCommand ( LogicalFieldName : Collapse, LogicalFieldValue : Click )
----------------
2019-02-08 02:25:53,386 INFO  execution-log - [Sequence No - 65]	 Command completed.
----------------
2019-02-08 02:25:53,396 INFO  execution-log - [Sequence No - 66] Beginning ValidateEnableStatusCommand ( LogicalFieldName : Select Product, LogicalFieldValue : True )
----------------
2019-02-08 02:25:53,476 INFO  execution-log - [Sequence No - 66]	 Command completed.
----------------
2019-02-08 02:25:53,492 INFO  execution-log - [Sequence No - 67] Beginning ActionCommand ( LogicalFieldName : Select Product, LogicalFieldValue : Click-Wait(2000) )
----------------
2019-02-08 02:25:57,697 INFO  execution-log - [Sequence No - 67]	 Command completed.
----------------
2019-02-08 02:25:57,707 INFO  execution-log - [Sequence No - 68] Beginning ActionCommand ( LogicalFieldName : Select Product 1, LogicalFieldValue : Click )
----------------
2019-02-08 02:26:00,406 INFO  execution-log - [Sequence No - 68]	 Command completed.
----------------
2019-02-08 02:26:00,412 INFO  execution-log - 	 Command completed.
----------------
2019-02-08 02:26:05,824 INFO  execution-log - Saving captured values to file.
----------------
2019-02-08 02:26:07,246 INFO  execution-log - TC # : 1, has completed successfully.
----------------
