2018-11-09 09:30:29,521 INFO  execution-log - 	Initializing control map with map # Master
----------------
2018-11-09 09:30:29,522 INFO  execution-log - Initializing Test Automation
----------------
2018-11-09 09:30:29,523 INFO  execution-log - 	target browser: Chrome
----------------
2018-11-09 09:30:29,529 INFO  execution-log - TC # : 2, Downloading test case from DB
----------------
2018-11-09 09:30:29,534 INFO  execution-log - TC # : 2, Getting control map :Master from DB
----------------
2018-11-09 09:30:29,536 INFO  execution-log - TC # : 2, Getting test data from DB
----------------
2018-11-09 09:30:29,546 INFO  execution-log - TC # : 2, Control map retrieval completed
----------------
2018-11-09 09:30:29,553 INFO  execution-log - TC # : 2, Test data retrieval completed
----------------
2018-11-09 09:30:29,554 INFO  execution-log - TC # : 2, Parsing commands
----------------
2018-11-09 09:30:29,555 INFO  execution-log - Loading captured values from persistence.
----------------
2018-11-09 09:30:29,556 INFO  execution-log - TC # : 2, Started executing test case in the HISCOX environment (http://hiscpvt.cloud.hiscox.com/oneshield/index.jsp#gateway)
----------------
2018-11-09 09:30:29,610 INFO  execution-log -  Beginning StartIterationCommand ( Iterations : 1 )
----------------
2018-11-09 09:30:29,613 INFO  execution-log - TC # : 2, Starting iteration #1
----------------
2018-11-09 09:30:29,614 INFO  execution-log - 	 Command completed.
----------------
2018-11-09 09:30:29,615 INFO  execution-log -  Beginning InvokeApplicationCommand ( Target :  )
----------------
2018-11-09 09:30:30,064 INFO  execution-log - 	 Command completed.
----------------
2018-11-09 09:30:30,066 INFO  execution-log -  Beginning PageCommand ( CurrentPage : Login, FlowIdentifier : 1, DiIndicator : DI )
----------------
2018-11-09 09:30:30,066 INFO  execution-log - 	 Command completed.
----------------
2018-11-09 09:30:30,067 INFO  execution-log -  Beginning LoadTestDataItemCommand ( CurrentPage : Login, FlowIdentifier : 1, DiIndicator : DI )
----------------
2018-11-09 09:30:30,091 INFO  execution-log - [Sequence No - 1] Beginning TestDataCommand ( LogicalFieldName : Partner Number, LogicalFieldValue : 0 )
----------------
2018-11-09 09:30:32,061 INFO  execution-log - [Sequence No - 1]	 Command completed.
----------------
2018-11-09 09:30:32,066 INFO  execution-log - [Sequence No - 2] Beginning TestDataCommand ( LogicalFieldName : Username, LogicalFieldValue : karthicuw )
----------------
2018-11-09 09:30:32,241 INFO  execution-log - [Sequence No - 2]	 Command completed.
----------------
2018-11-09 09:30:32,245 INFO  execution-log - [Sequence No - 3] Beginning TestDataCommand ( LogicalFieldName : Password, LogicalFieldValue : Monday!23 )
----------------
2018-11-09 09:30:32,385 INFO  execution-log - [Sequence No - 3]	 Command completed.
----------------
2018-11-09 09:30:32,389 INFO  execution-log - [Sequence No - 4] Beginning TestDataCommand ( LogicalFieldName : Partner Number, LogicalFieldValue : 0 )
----------------
2018-11-09 09:30:32,494 INFO  execution-log - [Sequence No - 4]	 Command completed.
----------------
2018-11-09 09:30:32,498 INFO  execution-log - [Sequence No - 5] Beginning ActionCommand ( LogicalFieldName : Login Page, LogicalFieldValue : Click )
----------------
2018-11-09 09:30:32,630 INFO  execution-log - [Sequence No - 5]	 Command completed.
----------------
2018-11-09 09:30:32,635 INFO  execution-log - [Sequence No - 6] Beginning ActionCommand ( LogicalFieldName : Login Button, LogicalFieldValue : Click )
----------------
2018-11-09 09:30:32,813 INFO  execution-log - [Sequence No - 6]	 Command completed.
----------------
2018-11-09 09:30:32,818 INFO  execution-log - [Sequence No - 7] Beginning TestDataCommand ( LogicalFieldName : Partner Number, LogicalFieldValue : 0 )
----------------
2018-11-09 09:30:32,956 INFO  execution-log - [Sequence No - 7]	 Command completed.
----------------
2018-11-09 09:30:32,957 INFO  execution-log - 	 Command completed.
----------------
2018-11-09 09:30:32,958 INFO  execution-log -  Beginning PageCommand ( CurrentPage : Quotes, FlowIdentifier : 1, DiIndicator : DI )
----------------
2018-11-09 09:30:32,958 INFO  execution-log - 	 Command completed.
----------------
2018-11-09 09:30:32,959 INFO  execution-log -  Beginning LoadTestDataItemCommand ( CurrentPage : Quotes, FlowIdentifier : 1, DiIndicator : DI )
----------------
2018-11-09 09:30:32,971 INFO  execution-log - [Sequence No - 8] Beginning WaitForControlCommand ( LogicalFieldName : Quotes_Link, LogicalFieldValue : True )
----------------
2018-11-09 09:30:33,789 INFO  execution-log - [Sequence No - 8]	 Command completed.
----------------
2018-11-09 09:30:33,794 INFO  execution-log - [Sequence No - 9] Beginning ActionCommand ( LogicalFieldName : Quotes_Link, LogicalFieldValue : Click )
----------------
2018-11-09 09:30:34,009 INFO  execution-log - [Sequence No - 9]	 Command completed.
----------------
2018-11-09 09:30:34,013 INFO  execution-log - [Sequence No - 10] Beginning WaitForControlCommand ( LogicalFieldName : New quote, LogicalFieldValue : True )
----------------
2018-11-09 09:30:35,924 INFO  execution-log - [Sequence No - 10]	 Command completed.
----------------
2018-11-09 09:30:35,928 INFO  execution-log - [Sequence No - 11] Beginning ActionCommand ( LogicalFieldName : New quote, LogicalFieldValue : Click )
----------------
2018-11-09 09:30:36,069 INFO  execution-log - [Sequence No - 11]	 Command completed.
----------------
2018-11-09 09:30:36,073 INFO  execution-log - [Sequence No - 12] Beginning ActionCommand ( LogicalFieldName : Select Producing Agency, LogicalFieldValue : Click-Wait(500) )
----------------
2018-11-09 09:30:37,597 INFO  execution-log - [Sequence No - 12]	 Command completed.
----------------
2018-11-09 09:30:37,603 INFO  execution-log - [Sequence No - 13] Beginning ActionCommand ( LogicalFieldName : Select Agency, LogicalFieldValue : Click )
----------------
2018-11-09 09:30:37,761 INFO  execution-log - [Sequence No - 13]	 Command completed.
----------------
2018-11-09 09:30:37,766 INFO  execution-log - [Sequence No - 14] Beginning WaitForControlCommand ( LogicalFieldName : Producer, LogicalFieldValue : True )
----------------
2018-11-09 09:30:39,648 INFO  execution-log - [Sequence No - 14]	 Command completed.
----------------
2018-11-09 09:30:39,653 INFO  execution-log - [Sequence No - 15] Beginning ActionCommand ( LogicalFieldName : Producer, LogicalFieldValue : Click-Wait(500) )
----------------
2018-11-09 09:30:40,812 INFO  execution-log - [Sequence No - 15]	 Command completed.
----------------
2018-11-09 09:30:40,817 INFO  execution-log - [Sequence No - 16] Beginning TestDataCommand ( LogicalFieldName : Producer, LogicalFieldValue : Agency  Producer )
----------------
2018-11-09 09:30:41,338 INFO  execution-log - [Sequence No - 16]	 Command completed.
----------------
2018-11-09 09:30:41,343 INFO  execution-log - [Sequence No - 17] Beginning TestDataCommand ( LogicalFieldName : First Name, LogicalFieldValue : HISCOX )
----------------
2018-11-09 09:30:41,541 INFO  execution-log - [Sequence No - 17]	 Command completed.
----------------
2018-11-09 09:30:41,545 INFO  execution-log - [Sequence No - 18] Beginning TestDataCommand ( LogicalFieldName : Last Name, LogicalFieldValue : Demo )
----------------
2018-11-09 09:30:41,739 INFO  execution-log - [Sequence No - 18]	 Command completed.
----------------
2018-11-09 09:30:41,744 INFO  execution-log - [Sequence No - 19] Beginning TestDataCommand ( LogicalFieldName : City, LogicalFieldValue : Atlanta )
----------------
2018-11-09 09:30:41,963 INFO  execution-log - [Sequence No - 19]	 Command completed.
----------------
2018-11-09 09:30:41,967 INFO  execution-log - [Sequence No - 20] Beginning TestDataCommand ( LogicalFieldName : State, LogicalFieldValue : Georgia )
----------------
2018-11-09 09:30:42,384 INFO  execution-log - [Sequence No - 20]	 Command completed.
----------------
2018-11-09 09:30:42,388 INFO  execution-log - [Sequence No - 21] Beginning TestDataCommand ( LogicalFieldName : Zip, LogicalFieldValue : 30338 )
----------------
2018-11-09 09:30:42,569 INFO  execution-log - [Sequence No - 21]	 Command completed.
----------------
2018-11-09 09:30:42,574 INFO  execution-log - [Sequence No - 22] Beginning TestDataCommand ( LogicalFieldName : Address Line 1, LogicalFieldValue : 1 Main st )
----------------
2018-11-09 09:30:42,822 INFO  execution-log - [Sequence No - 22]	 Command completed.
----------------
2018-11-09 09:30:42,827 INFO  execution-log - [Sequence No - 23] Beginning TestDataCommand ( LogicalFieldName : Address Line 2, LogicalFieldValue : 1 )
----------------
2018-11-09 09:30:42,935 INFO  execution-log - [Sequence No - 23]	 Command completed.
----------------
2018-11-09 09:30:42,939 INFO  execution-log - [Sequence No - 24] Beginning ActionCommand ( LogicalFieldName : Product line (errors and omissions), LogicalFieldValue : Click )
----------------
2018-11-09 09:30:43,130 INFO  execution-log - [Sequence No - 24]	 Command completed.
----------------
2018-11-09 09:30:43,138 INFO  execution-log - [Sequence No - 25] Beginning ActionCommand ( LogicalFieldName : Customer search, LogicalFieldValue : Click )
----------------
2018-11-09 09:30:43,404 INFO  execution-log - [Sequence No - 25]	 Command completed.
----------------
2018-11-09 09:30:43,405 INFO  execution-log - 	 Command completed.
----------------
2018-11-09 09:30:43,408 INFO  execution-log -  Beginning PageCommand ( CurrentPage : QuoteDetails, FlowIdentifier : 1, DiIndicator : DI )
----------------
2018-11-09 09:30:43,409 INFO  execution-log - 	 Command completed.
----------------
2018-11-09 09:30:43,410 INFO  execution-log -  Beginning LoadTestDataItemCommand ( CurrentPage : QuoteDetails, FlowIdentifier : 1, DiIndicator : DI )
----------------
2018-11-09 09:30:43,419 INFO  execution-log - [Sequence No - 26] Beginning WaitForControlCommand ( LogicalFieldName : Retro-active Date, LogicalFieldValue : True )
----------------
2018-11-09 09:30:50,264 INFO  execution-log - [Sequence No - 26]	 Command completed.
----------------
2018-11-09 09:30:50,268 INFO  execution-log - [Sequence No - 27] Beginning TestDataCommand ( LogicalFieldName : Rating Company, LogicalFieldValue : FDLI Protection Insurance Company )
----------------
2018-11-09 09:30:51,905 INFO  execution-log - [Sequence No - 27]	 Command completed.
----------------
2018-11-09 09:30:51,910 INFO  execution-log - [Sequence No - 28] Beginning TestDataCommand ( LogicalFieldName : Retro-active Date, LogicalFieldValue : 09/11/2018 )
----------------
2018-11-09 09:30:52,056 INFO  execution-log - [Sequence No - 28]	 Command completed.
----------------
2018-11-09 09:30:52,061 INFO  execution-log - [Sequence No - 29] Beginning TestDataCommand ( LogicalFieldName : Professional Liability Gross Sales, LogicalFieldValue : 100000 )
----------------
2018-11-09 09:30:52,185 INFO  execution-log - [Sequence No - 29]	 Command completed.
----------------
2018-11-09 09:30:52,189 INFO  execution-log - [Sequence No - 30] Beginning ActionCommand ( LogicalFieldName : QuoteDetails Page, LogicalFieldValue : Click )
----------------
2018-11-09 09:30:52,365 INFO  execution-log - [Sequence No - 30]	 Command completed.
----------------
2018-11-09 09:30:52,369 INFO  execution-log - [Sequence No - 31] Beginning ActionCommand ( LogicalFieldName : Save Changes, LogicalFieldValue : Click )
----------------
2018-11-09 09:30:52,530 INFO  execution-log - [Sequence No - 31]	 Command completed.
----------------
2018-11-09 09:30:52,534 INFO  execution-log - [Sequence No - 32] Beginning WaitForControlCommand ( LogicalFieldName : Rate Quote, LogicalFieldValue : True )
----------------
2018-11-09 09:30:53,372 INFO  execution-log - [Sequence No - 32]	 Command completed.
----------------
2018-11-09 09:30:53,376 INFO  execution-log - [Sequence No - 33] Beginning ActionCommand ( LogicalFieldName : Rate Quote, LogicalFieldValue : Click-Wait(1000) )
----------------
2018-11-09 09:30:55,520 INFO  execution-log - [Sequence No - 33]	 Command completed.
----------------
2018-11-09 09:30:55,524 INFO  execution-log - [Sequence No - 34] Beginning WaitForControlCommand ( LogicalFieldName : Request Issue, LogicalFieldValue : True )
----------------
2018-11-09 09:31:01,967 INFO  execution-log - [Sequence No - 34]	 Command completed.
----------------
2018-11-09 09:31:01,971 INFO  execution-log - [Sequence No - 35] Beginning ActionCommand ( LogicalFieldName : Request Issue, LogicalFieldValue : Click-Wait(1000) )
----------------
2018-11-09 09:31:04,150 INFO  execution-log - [Sequence No - 35]	 Command completed.
----------------
2018-11-09 09:31:04,154 INFO  execution-log - [Sequence No - 36] Beginning WaitForControlCommand ( LogicalFieldName : Next, LogicalFieldValue : True )
----------------
2018-11-09 09:31:04,942 INFO  execution-log - [Sequence No - 36]	 Command completed.
----------------
2018-11-09 09:31:04,947 INFO  execution-log - [Sequence No - 37] Beginning ActionCommand ( LogicalFieldName : Next, LogicalFieldValue : Click )
----------------
2018-11-09 09:31:05,100 INFO  execution-log - [Sequence No - 37]	 Command completed.
----------------
2018-11-09 09:31:05,101 INFO  execution-log - 	 Command completed.
----------------
2018-11-09 09:31:05,102 INFO  execution-log -  Beginning PageCommand ( CurrentPage : Payment Profile, FlowIdentifier : 1, DiIndicator : DI )
----------------
2018-11-09 09:31:05,103 INFO  execution-log - 	 Command completed.
----------------
2018-11-09 09:31:05,104 INFO  execution-log -  Beginning LoadTestDataItemCommand ( CurrentPage : Payment Profile, FlowIdentifier : 1, DiIndicator : DI )
----------------
2018-11-09 09:31:05,109 INFO  execution-log - [Sequence No - 38] Beginning WaitForControlCommand ( LogicalFieldName : Check Payment, LogicalFieldValue : True )
----------------
2018-11-09 09:31:06,471 INFO  execution-log - [Sequence No - 38]	 Command completed.
----------------
2018-11-09 09:31:06,477 INFO  execution-log - [Sequence No - 39] Beginning ActionCommand ( LogicalFieldName : Check Payment, LogicalFieldValue : Click )
----------------
2018-11-09 09:31:06,601 INFO  execution-log - [Sequence No - 39]	 Command completed.
----------------
2018-11-09 09:31:06,605 INFO  execution-log - [Sequence No - 40] Beginning ActionCommand ( LogicalFieldName : Next, LogicalFieldValue : Click-Wait(1000) )
----------------
2018-11-09 09:31:08,937 INFO  execution-log - [Sequence No - 40]	 Command completed.
----------------
2018-11-09 09:31:08,938 INFO  execution-log - 	 Command completed.
----------------
2018-11-09 09:31:08,939 INFO  execution-log -  Beginning PageCommand ( CurrentPage : Billing Choices, FlowIdentifier : 1, DiIndicator : DI )
----------------
2018-11-09 09:31:08,940 INFO  execution-log - 	 Command completed.
----------------
2018-11-09 09:31:08,941 INFO  execution-log -  Beginning LoadTestDataItemCommand ( CurrentPage : Billing Choices, FlowIdentifier : 1, DiIndicator : DI )
----------------
2018-11-09 09:31:08,955 INFO  execution-log - [Sequence No - 41] Beginning WaitForControlCommand ( LogicalFieldName : Email Address, LogicalFieldValue : True )
----------------
2018-11-09 09:31:09,024 INFO  execution-log - [Sequence No - 41]	 Command completed.
----------------
2018-11-09 09:31:09,028 INFO  execution-log - [Sequence No - 42] Beginning ActionCommand ( LogicalFieldName : Email Address, LogicalFieldValue : Click-Wait(2000) )
----------------
2018-11-09 09:31:13,154 INFO  execution-log - [Sequence No - 42]	 Command completed.
----------------
2018-11-09 09:31:13,158 INFO  execution-log - [Sequence No - 43] Beginning TestDataCommand ( LogicalFieldName : Email Address, LogicalFieldValue : EMAILID )
----------------
2018-11-09 09:31:13,412 INFO  execution-log - [Sequence No - 43]	 Command completed.
----------------
2018-11-09 09:31:13,416 INFO  execution-log - [Sequence No - 44] Beginning ActionCommand ( LogicalFieldName : Billing Choices Page, LogicalFieldValue : Click )
----------------
2018-11-09 09:31:13,530 INFO  execution-log - [Sequence No - 44]	 Command completed.
----------------
2018-11-09 09:31:13,534 INFO  execution-log - [Sequence No - 45] Beginning ActionCommand ( LogicalFieldName : Next, LogicalFieldValue : Click-Wait(2000) )
----------------
2018-11-09 09:31:17,707 INFO  execution-log - [Sequence No - 45]	 Command completed.
----------------
2018-11-09 09:31:17,709 INFO  execution-log - 	 Command completed.
----------------
2018-11-09 09:31:17,710 INFO  execution-log -  Beginning PageCommand ( CurrentPage : Quote Bind, FlowIdentifier : 1, DiIndicator : DI )
----------------
2018-11-09 09:31:17,711 INFO  execution-log - 	 Command completed.
----------------
2018-11-09 09:31:17,712 INFO  execution-log -  Beginning LoadTestDataItemCommand ( CurrentPage : Quote Bind, FlowIdentifier : 1, DiIndicator : DI )
----------------
2018-11-09 09:31:17,718 INFO  execution-log - [Sequence No - 46] Beginning WaitForControlCommand ( LogicalFieldName : Bind, LogicalFieldValue : True )
----------------
2018-11-09 09:31:17,770 INFO  execution-log - [Sequence No - 46]	 Command completed.
----------------
2018-11-09 09:31:17,775 INFO  execution-log - [Sequence No - 47] Beginning ActionCommand ( LogicalFieldName : Bind, LogicalFieldValue : Click-Wait(2000) )
----------------
2018-11-09 09:31:21,908 INFO  execution-log - [Sequence No - 47]	 Command completed.
----------------
2018-11-09 09:31:21,909 INFO  execution-log - 	 Command completed.
----------------
2018-11-09 09:31:21,911 INFO  execution-log -  Beginning PageCommand ( CurrentPage : Summary, FlowIdentifier : 1, DiIndicator : DI )
----------------
2018-11-09 09:31:21,911 INFO  execution-log - 	 Command completed.
----------------
2018-11-09 09:31:21,912 INFO  execution-log -  Beginning LoadTestDataItemCommand ( CurrentPage : Summary, FlowIdentifier : 1, DiIndicator : DI )
----------------
2018-11-09 09:31:21,918 INFO  execution-log - [Sequence No - 48] Beginning WaitForControlCommand ( LogicalFieldName : Exit Policy, LogicalFieldValue : True )
----------------
2018-11-09 09:31:26,865 INFO  execution-log - [Sequence No - 48]	 Command completed.
----------------
2018-11-09 09:31:26,869 INFO  execution-log -  Beginning CaptureValueToHtmlCommand ( 1 : e, LogicalFieldName : Policy#, LogicalFieldValue : True )
----------------
2018-11-09 09:31:26,870 INFO  execution-log - 	 Command completed.
----------------
2018-11-09 09:31:26,871 INFO  execution-log - 	 Command completed.
----------------
2018-11-09 09:31:26,881 INFO  execution-log - Saving captured values to file.
----------------
2018-11-09 09:31:26,882 INFO  execution-log - TC # : 2, has completed successfully.
----------------
