2019-01-29 05:23:42,486 INFO  execution-log - 	Initializing control map with map # MASTER
----------------
2019-01-29 05:23:42,503 INFO  execution-log - Initializing Test Automation
----------------
2019-01-29 05:23:42,508 INFO  execution-log - 	target browser: Chrome
----------------
2019-01-29 05:23:42,516 INFO  execution-log - TC # : 1, Downloading test case from DB
----------------
2019-01-29 05:23:42,544 INFO  execution-log - TC # : 1, Getting control map :MASTER from DB
----------------
2019-01-29 05:23:42,546 INFO  execution-log - TC # : 1, Getting test data from DB
----------------
2019-01-29 05:23:42,561 INFO  execution-log - TC # : 1, Control map retrieval completed
----------------
2019-01-29 05:23:42,565 INFO  execution-log - TC # : 1, Test data retrieval completed
----------------
2019-01-29 05:23:42,569 INFO  execution-log - TC # : 1, Parsing commands
----------------
2019-01-29 05:23:42,575 INFO  execution-log - Loading captured values from persistence.
----------------
2019-01-29 05:23:42,582 INFO  execution-log - TC # : 1, Started executing test case in the VMTESTAPP1 environment (http://vam-qa.cloudapp.net:6363/pages/login.html)
----------------
2019-01-29 05:23:42,631 INFO  execution-log -  Beginning StartIterationCommand ( Iterations : 1 )
----------------
2019-01-29 05:23:42,638 INFO  execution-log - TC # : 1, Starting iteration #1
----------------
2019-01-29 05:23:42,643 INFO  execution-log - 	 Command completed.
----------------
2019-01-29 05:23:42,648 INFO  execution-log -  Beginning InvokeApplicationCommand ( Target :  )
----------------
2019-01-29 05:23:43,524 INFO  execution-log - 	 Command completed.
----------------
2019-01-29 05:23:43,536 INFO  execution-log -  Beginning PageCommand ( CurrentPage : Login, FlowIdentifier : 1, DiIndicator : DI )
----------------
2019-01-29 05:23:43,548 INFO  execution-log - 	 Command completed.
----------------
2019-01-29 05:23:43,560 INFO  execution-log -  Beginning LoadTestDataItemCommand ( CurrentPage : Login, FlowIdentifier : 1, DiIndicator : DI )
----------------
2019-01-29 05:23:43,590 INFO  execution-log - [Sequence No - 1] Beginning ValidateExistStatusCommand ( LogicalFieldName : User Name, LogicalFieldValue : True )
----------------
2019-01-29 05:23:43,630 INFO  execution-log - [Sequence No - 1]	 Command completed.
----------------
2019-01-29 05:23:43,655 INFO  execution-log - [Sequence No - 2] Beginning ActionCommand ( LogicalFieldName : User Name, LogicalFieldValue : Click )
----------------
2019-01-29 05:23:43,811 INFO  execution-log - [Sequence No - 2]	 Command completed.
----------------
2019-01-29 05:23:43,828 INFO  execution-log - [Sequence No - 3] Beginning TestDataCommand ( LogicalFieldName : User Name, LogicalFieldValue : Jack )
----------------
2019-01-29 05:23:44,005 INFO  execution-log - [Sequence No - 3]	 Command completed.
----------------
2019-01-29 05:23:44,017 INFO  execution-log - [Sequence No - 4] Beginning ValidateExistStatusCommand ( LogicalFieldName : Password, LogicalFieldValue : True )
----------------
2019-01-29 05:23:44,045 INFO  execution-log - [Sequence No - 4]	 Command completed.
----------------
2019-01-29 05:23:44,053 INFO  execution-log - [Sequence No - 5] Beginning TestDataCommand ( LogicalFieldName : Password, LogicalFieldValue : Smit@123 )
----------------
2019-01-29 05:23:44,212 INFO  execution-log - [Sequence No - 5]	 Command completed.
----------------
2019-01-29 05:23:44,223 INFO  execution-log - [Sequence No - 6] Beginning ValidateEnableStatusCommand ( LogicalFieldName : Login_Button, LogicalFieldValue : True )
----------------
2019-01-29 05:23:44,260 INFO  execution-log - [Sequence No - 6]	 Command completed.
----------------
2019-01-29 05:23:44,270 INFO  execution-log - [Sequence No - 7] Beginning ActionCommand ( LogicalFieldName : Login_Button, LogicalFieldValue : Click )
----------------
2019-01-29 05:23:44,385 INFO  execution-log - [Sequence No - 7]	 Command completed.
----------------
2019-01-29 05:23:44,392 INFO  execution-log - 	 Command completed.
----------------
2019-01-29 05:23:44,400 INFO  execution-log -  Beginning PageCommand ( CurrentPage : Home, FlowIdentifier : 2, DiIndicator : DI )
----------------
2019-01-29 05:23:44,408 INFO  execution-log - 	 Command completed.
----------------
2019-01-29 05:23:44,414 INFO  execution-log -  Beginning LoadTestDataItemCommand ( CurrentPage : Home, FlowIdentifier : 2, DiIndicator : DI )
----------------
2019-01-29 05:23:44,427 INFO  execution-log - [Sequence No - 8] Beginning ActionCommand ( LogicalFieldName : New Quote, LogicalFieldValue : Click )
----------------
2019-01-29 05:23:46,345 INFO  execution-log - [Sequence No - 8]	 Command completed.
----------------
2019-01-29 05:23:46,352 INFO  execution-log - 	 Command completed.
----------------
2019-01-29 05:23:46,357 INFO  execution-log -  Beginning LoadTestDataItemCommand ( CurrentPage : New Quote, FlowIdentifier : 3, DiIndicator : DI )
----------------
2019-01-29 05:23:46,379 INFO  execution-log - 	 Command completed.
----------------
2019-01-29 05:23:46,421 INFO  execution-log - Saving captured values to file.
----------------
2019-01-29 05:23:46,427 INFO  execution-log - TC # : 1, has completed successfully.
----------------
