2019-01-29 05:36:16,800 INFO  execution-log - 	Initializing control map with map # MASTER
----------------
2019-01-29 05:36:16,806 INFO  execution-log - Initializing Test Automation
----------------
2019-01-29 05:36:16,810 INFO  execution-log - 	target browser: Chrome
----------------
2019-01-29 05:36:16,815 INFO  execution-log - TC # : 1, Downloading test case from DB
----------------
2019-01-29 05:36:16,827 INFO  execution-log - TC # : 1, Getting control map :MASTER from DB
----------------
2019-01-29 05:36:16,827 INFO  execution-log - TC # : 1, Getting test data from DB
----------------
2019-01-29 05:36:16,849 INFO  execution-log - TC # : 1, Control map retrieval completed
----------------
2019-01-29 05:36:16,854 INFO  execution-log - TC # : 1, Test data retrieval completed
----------------
2019-01-29 05:36:16,859 INFO  execution-log - TC # : 1, Parsing commands
----------------
2019-01-29 05:36:16,867 INFO  execution-log - Loading captured values from persistence.
----------------
2019-01-29 05:36:16,872 INFO  execution-log - TC # : 1, Started executing test case in the VMTESTAPP1 environment (http://vam-qa.cloudapp.net:6363/pages/login.html)
----------------
2019-01-29 05:36:16,901 INFO  execution-log -  Beginning StartIterationCommand ( Iterations : 1 )
----------------
2019-01-29 05:36:16,905 INFO  execution-log - TC # : 1, Starting iteration #1
----------------
2019-01-29 05:36:16,910 INFO  execution-log - 	 Command completed.
----------------
2019-01-29 05:36:16,914 INFO  execution-log -  Beginning InvokeApplicationCommand ( Target :  )
----------------
2019-01-29 05:36:17,833 INFO  execution-log - 	 Command completed.
----------------
2019-01-29 05:36:17,844 INFO  execution-log -  Beginning PageCommand ( CurrentPage : Login, FlowIdentifier : 1, DiIndicator : DI )
----------------
2019-01-29 05:36:17,865 INFO  execution-log - 	 Command completed.
----------------
2019-01-29 05:36:17,875 INFO  execution-log -  Beginning LoadTestDataItemCommand ( CurrentPage : Login, FlowIdentifier : 1, DiIndicator : DI )
----------------
2019-01-29 05:36:17,890 INFO  execution-log - [Sequence No - 1] Beginning ValidateExistStatusCommand ( LogicalFieldName : User Name, LogicalFieldValue : True )
----------------
2019-01-29 05:36:17,920 INFO  execution-log - [Sequence No - 1]	 Command completed.
----------------
2019-01-29 05:36:17,939 INFO  execution-log - [Sequence No - 2] Beginning ActionCommand ( LogicalFieldName : User Name, LogicalFieldValue : Click )
----------------
2019-01-29 05:36:18,077 INFO  execution-log - [Sequence No - 2]	 Command completed.
----------------
2019-01-29 05:36:18,089 INFO  execution-log - [Sequence No - 3] Beginning TestDataCommand ( LogicalFieldName : User Name, LogicalFieldValue : Jack )
----------------
2019-01-29 05:36:18,230 INFO  execution-log - [Sequence No - 3]	 Command completed.
----------------
2019-01-29 05:36:18,239 INFO  execution-log - [Sequence No - 4] Beginning ValidateExistStatusCommand ( LogicalFieldName : Password, LogicalFieldValue : True )
----------------
2019-01-29 05:36:18,264 INFO  execution-log - [Sequence No - 4]	 Command completed.
----------------
2019-01-29 05:36:18,272 INFO  execution-log - [Sequence No - 5] Beginning TestDataCommand ( LogicalFieldName : Password, LogicalFieldValue : Smit@123 )
----------------
2019-01-29 05:36:18,432 INFO  execution-log - [Sequence No - 5]	 Command completed.
----------------
2019-01-29 05:36:18,442 INFO  execution-log - [Sequence No - 6] Beginning ValidateEnableStatusCommand ( LogicalFieldName : Login_Button, LogicalFieldValue : True )
----------------
2019-01-29 05:36:18,473 INFO  execution-log - [Sequence No - 6]	 Command completed.
----------------
2019-01-29 05:36:18,481 INFO  execution-log - [Sequence No - 7] Beginning ActionCommand ( LogicalFieldName : Login_Button, LogicalFieldValue : Click )
----------------
2019-01-29 05:36:18,598 INFO  execution-log - [Sequence No - 7]	 Command completed.
----------------
2019-01-29 05:36:18,607 INFO  execution-log - 	 Command completed.
----------------
2019-01-29 05:36:18,613 INFO  execution-log -  Beginning PageCommand ( CurrentPage : Home, FlowIdentifier : 2, DiIndicator : DI )
----------------
2019-01-29 05:36:18,618 INFO  execution-log - 	 Command completed.
----------------
2019-01-29 05:36:18,628 INFO  execution-log -  Beginning LoadTestDataItemCommand ( CurrentPage : Home, FlowIdentifier : 2, DiIndicator : DI )
----------------
2019-01-29 05:36:18,650 INFO  execution-log - [Sequence No - 8] Beginning ActionCommand ( LogicalFieldName : New Quote, LogicalFieldValue : Click )
----------------
2019-01-29 05:36:20,640 INFO  execution-log - [Sequence No - 8]	 Command completed.
----------------
2019-01-29 05:36:20,650 INFO  execution-log - 	 Command completed.
----------------
2019-01-29 05:36:20,658 INFO  execution-log -  Beginning PageCommand ( CurrentPage : New Quote, FlowIdentifier : 3, DiIndicator : DI )
----------------
2019-01-29 05:36:20,664 INFO  execution-log - 	 Command completed.
----------------
2019-01-29 05:36:20,669 INFO  execution-log -  Beginning LoadTestDataItemCommand ( CurrentPage : New Quote, FlowIdentifier : 3, DiIndicator : DI )
----------------
2019-01-29 05:36:20,699 INFO  execution-log - [Sequence No - 9] Beginning TestDataCommand ( LogicalFieldName : Account Name, LogicalFieldValue : Auto Insurance )
----------------
2019-01-29 05:36:21,063 INFO  execution-log - [Sequence No - 9]	 Command completed.
----------------
2019-01-29 05:36:21,069 INFO  execution-log - 	 Command completed.
----------------
2019-01-29 05:36:21,084 INFO  execution-log - Saving captured values to file.
----------------
2019-01-29 05:36:21,090 INFO  execution-log - TC # : 1, has completed successfully.
----------------
