2019-01-29 08:08:27,985 INFO  execution-log - 	Initializing control map with map # MASTER
----------------
2019-01-29 08:08:27,993 INFO  execution-log - Initializing Test Automation
----------------
2019-01-29 08:08:27,999 INFO  execution-log - 	target browser: Chrome
----------------
2019-01-29 08:08:28,004 INFO  execution-log - TC # : 1, Downloading test case from DB
----------------
2019-01-29 08:08:28,014 INFO  execution-log - TC # : 1, Getting control map :MASTER from DB
----------------
2019-01-29 08:08:28,014 INFO  execution-log - TC # : 1, Getting test data from DB
----------------
2019-01-29 08:08:28,025 INFO  execution-log - TC # : 1, Control map retrieval completed
----------------
2019-01-29 08:08:28,031 INFO  execution-log - TC # : 1, Test data retrieval completed
----------------
2019-01-29 08:08:28,036 INFO  execution-log - TC # : 1, Parsing commands
----------------
2019-01-29 08:08:28,041 INFO  execution-log - Loading captured values from persistence.
----------------
2019-01-29 08:08:28,046 INFO  execution-log - TC # : 1, Started executing test case in the VMTESTAPP1 environment (http://vam-qa.cloudapp.net:6363/pages/login.html)
----------------
2019-01-29 08:08:28,075 INFO  execution-log -  Beginning StartIterationCommand ( Iterations : 1 )
----------------
2019-01-29 08:08:28,079 INFO  execution-log - TC # : 1, Starting iteration #1
----------------
2019-01-29 08:08:28,083 INFO  execution-log - 	 Command completed.
----------------
2019-01-29 08:08:28,088 INFO  execution-log -  Beginning InvokeApplicationCommand ( Target :  )
----------------
2019-01-29 08:08:29,023 INFO  execution-log - 	 Command completed.
----------------
2019-01-29 08:08:29,034 INFO  execution-log -  Beginning PageCommand ( CurrentPage : Login, FlowIdentifier : 1, DiIndicator : DI )
----------------
2019-01-29 08:08:29,045 INFO  execution-log - 	 Command completed.
----------------
2019-01-29 08:08:29,059 INFO  execution-log -  Beginning LoadTestDataItemCommand ( CurrentPage : Login, FlowIdentifier : 1, DiIndicator : DI )
----------------
2019-01-29 08:08:29,081 INFO  execution-log - [Sequence No - 1] Beginning ValidateExistStatusCommand ( LogicalFieldName : User Name, LogicalFieldValue : True )
----------------
2019-01-29 08:08:29,104 INFO  execution-log - [Sequence No - 1]	 Command completed.
----------------
2019-01-29 08:08:29,113 INFO  execution-log - [Sequence No - 2] Beginning ActionCommand ( LogicalFieldName : User Name, LogicalFieldValue : Click )
----------------
2019-01-29 08:08:29,239 INFO  execution-log - [Sequence No - 2]	 Command completed.
----------------
2019-01-29 08:08:29,251 INFO  execution-log - [Sequence No - 3] Beginning TestDataCommand ( LogicalFieldName : User Name, LogicalFieldValue : Jack )
----------------
2019-01-29 08:08:29,347 INFO  execution-log - [Sequence No - 3]	 Command completed.
----------------
2019-01-29 08:08:29,357 INFO  execution-log - [Sequence No - 4] Beginning ValidateExistStatusCommand ( LogicalFieldName : Password, LogicalFieldValue : True )
----------------
2019-01-29 08:08:29,379 INFO  execution-log - [Sequence No - 4]	 Command completed.
----------------
2019-01-29 08:08:29,389 INFO  execution-log - [Sequence No - 5] Beginning TestDataCommand ( LogicalFieldName : Password, LogicalFieldValue : Smit@123 )
----------------
2019-01-29 08:08:29,533 INFO  execution-log - [Sequence No - 5]	 Command completed.
----------------
2019-01-29 08:08:29,543 INFO  execution-log - [Sequence No - 6] Beginning ValidateEnableStatusCommand ( LogicalFieldName : Login_Button, LogicalFieldValue : True )
----------------
2019-01-29 08:08:29,574 INFO  execution-log - [Sequence No - 6]	 Command completed.
----------------
2019-01-29 08:08:29,587 INFO  execution-log - [Sequence No - 7] Beginning ActionCommand ( LogicalFieldName : Login_Button, LogicalFieldValue : Click )
----------------
2019-01-29 08:08:29,713 INFO  execution-log - [Sequence No - 7]	 Command completed.
----------------
2019-01-29 08:08:29,720 INFO  execution-log - 	 Command completed.
----------------
2019-01-29 08:08:29,725 INFO  execution-log -  Beginning PageCommand ( CurrentPage : Home, FlowIdentifier : 2, DiIndicator : DI )
----------------
2019-01-29 08:08:29,730 INFO  execution-log - 	 Command completed.
----------------
2019-01-29 08:08:29,735 INFO  execution-log -  Beginning LoadTestDataItemCommand ( CurrentPage : Home, FlowIdentifier : 2, DiIndicator : DI )
----------------
2019-01-29 08:08:29,747 INFO  execution-log - [Sequence No - 8] Beginning ActionCommand ( LogicalFieldName : New Quote, LogicalFieldValue : Click )
----------------
2019-01-29 08:08:31,411 INFO  execution-log - [Sequence No - 8]	 Command completed.
----------------
2019-01-29 08:08:31,418 INFO  execution-log - 	 Command completed.
----------------
2019-01-29 08:08:31,430 INFO  execution-log -  Beginning PageCommand ( CurrentPage : New Quote, FlowIdentifier : 3, DiIndicator : DI )
----------------
2019-01-29 08:08:31,451 INFO  execution-log - 	 Command completed.
----------------
2019-01-29 08:08:31,461 INFO  execution-log -  Beginning LoadTestDataItemCommand ( CurrentPage : New Quote, FlowIdentifier : 3, DiIndicator : DI )
----------------
2019-01-29 08:08:31,479 INFO  execution-log - [Sequence No - 9] Beginning TestDataCommand ( LogicalFieldName : Account Name, LogicalFieldValue : Auto Insurance )
----------------
2019-01-29 08:08:31,771 INFO  execution-log - [Sequence No - 9]	 Command completed.
----------------
2019-01-29 08:08:31,781 INFO  execution-log - [Sequence No - 10] Beginning TestDataCommand ( LogicalFieldName : First Name, LogicalFieldValue : Jack )
----------------
2019-01-29 08:08:31,991 INFO  execution-log - [Sequence No - 10]	 Command completed.
----------------
2019-01-29 08:08:32,001 INFO  execution-log - [Sequence No - 11] Beginning TestDataCommand ( LogicalFieldName : Last Name, LogicalFieldValue : Smith )
----------------
2019-01-29 08:08:32,187 INFO  execution-log - [Sequence No - 11]	 Command completed.
----------------
2019-01-29 08:08:32,197 INFO  execution-log - [Sequence No - 12] Beginning TestDataCommand ( LogicalFieldName : ContactNumber1, LogicalFieldValue : 654 )
----------------
2019-01-29 08:08:32,320 INFO  execution-log - [Sequence No - 12]	 Command completed.
----------------
2019-01-29 08:08:32,333 INFO  execution-log - [Sequence No - 13] Beginning TestDataCommand ( LogicalFieldName : ContactNumber2, LogicalFieldValue : 321 )
----------------
2019-01-29 08:08:32,460 INFO  execution-log - [Sequence No - 13]	 Command completed.
----------------
2019-01-29 08:08:32,469 INFO  execution-log - [Sequence No - 14] Beginning TestDataCommand ( LogicalFieldName : ContactNumber3, LogicalFieldValue : 6541 )
----------------
2019-01-29 08:08:32,589 INFO  execution-log - [Sequence No - 14]	 Command completed.
----------------
2019-01-29 08:08:32,601 INFO  execution-log - [Sequence No - 15] Beginning TestDataCommand ( LogicalFieldName : Primary Email, LogicalFieldValue : jack.smith@gmail.com )
----------------
2019-01-29 08:08:32,860 INFO  execution-log - [Sequence No - 15]	 Command completed.
----------------
2019-01-29 08:08:32,871 INFO  execution-log - [Sequence No - 16] Beginning TestDataCommand ( LogicalFieldName : Business Started Year, LogicalFieldValue : 2012 )
----------------
2019-01-29 08:08:33,112 INFO  execution-log - [Sequence No - 16]	 Command completed.
----------------
2019-01-29 08:08:33,122 INFO  execution-log - [Sequence No - 17] Beginning ActionCommand ( LogicalFieldName : Select Product, LogicalFieldValue : Click )
----------------
2019-01-29 08:08:33,282 INFO  execution-log - [Sequence No - 17]	 Command completed.
----------------
2019-01-29 08:08:33,288 INFO  execution-log - 	 Command completed.
----------------
2019-01-29 08:08:33,307 INFO  execution-log - Saving captured values to file.
----------------
2019-01-29 08:08:33,314 INFO  execution-log - TC # : 1, has completed successfully.
----------------
