2019-02-04 11:30:09,265 INFO  execution-log - 	Initializing control map with map # MASTER
----------------
2019-02-04 11:30:09,274 INFO  execution-log - Initializing Test Automation
----------------
2019-02-04 11:30:09,278 INFO  execution-log - 	target browser: Chrome
----------------
2019-02-04 11:30:09,283 INFO  execution-log - TC # : 1, Downloading test case from DB
----------------
2019-02-04 11:30:09,292 INFO  execution-log - TC # : 1, Getting control map :MASTER from DB
----------------
2019-02-04 11:30:09,292 INFO  execution-log - TC # : 1, Getting test data from DB
----------------
2019-02-04 11:30:09,300 INFO  execution-log - TC # : 1, Control map retrieval completed
----------------
2019-02-04 11:30:09,310 INFO  execution-log - TC # : 1, Test data retrieval completed
----------------
2019-02-04 11:30:09,314 INFO  execution-log - TC # : 1, Parsing commands
----------------
2019-02-04 11:30:09,319 INFO  execution-log - Loading captured values from persistence.
----------------
2019-02-04 11:30:09,325 INFO  execution-log - TC # : 1, Started executing test case in the VMTESTAPP1 environment (http://vam-qa.cloudapp.net:6363/pages/login.html)
----------------
2019-02-04 11:30:09,373 INFO  execution-log -  Beginning StartIterationCommand ( Iterations : 1 )
----------------
2019-02-04 11:30:09,378 INFO  execution-log - TC # : 1, Starting iteration #1
----------------
2019-02-04 11:30:09,383 INFO  execution-log - 	 Command completed.
----------------
2019-02-04 11:30:09,387 INFO  execution-log -  Beginning InvokeApplicationCommand ( Target :  )
----------------
2019-02-04 11:30:10,287 INFO  execution-log - 	 Command completed.
----------------
2019-02-04 11:30:10,297 INFO  execution-log -  Beginning PageCommand ( CurrentPage : Login, FlowIdentifier : 1, DiIndicator : DI )
----------------
2019-02-04 11:30:10,305 INFO  execution-log - 	 Command completed.
----------------
2019-02-04 11:30:10,311 INFO  execution-log -  Beginning LoadTestDataItemCommand ( CurrentPage : Login, FlowIdentifier : 1, DiIndicator : DI )
----------------
2019-02-04 11:30:10,332 INFO  execution-log - [Sequence No - 1] Beginning ValidateExistStatusCommand ( LogicalFieldName : User Name, LogicalFieldValue : True )
----------------
2019-02-04 11:30:10,355 INFO  execution-log - [Sequence No - 1]	 Command completed.
----------------
2019-02-04 11:30:10,363 INFO  execution-log - [Sequence No - 2] Beginning ActionCommand ( LogicalFieldName : User Name, LogicalFieldValue : Click )
----------------
2019-02-04 11:30:10,483 INFO  execution-log - [Sequence No - 2]	 Command completed.
----------------
2019-02-04 11:30:10,494 INFO  execution-log - [Sequence No - 3] Beginning TestDataCommand ( LogicalFieldName : User Name, LogicalFieldValue : Jack )
----------------
2019-02-04 11:30:10,590 INFO  execution-log - [Sequence No - 3]	 Command completed.
----------------
2019-02-04 11:30:10,600 INFO  execution-log - [Sequence No - 4] Beginning ValidateExistStatusCommand ( LogicalFieldName : Password, LogicalFieldValue : True )
----------------
2019-02-04 11:30:10,622 INFO  execution-log - [Sequence No - 4]	 Command completed.
----------------
2019-02-04 11:30:10,631 INFO  execution-log - [Sequence No - 5] Beginning TestDataCommand ( LogicalFieldName : Password, LogicalFieldValue : Smit@123 )
----------------
2019-02-04 11:30:10,754 INFO  execution-log - [Sequence No - 5]	 Command completed.
----------------
2019-02-04 11:30:10,765 INFO  execution-log - [Sequence No - 6] Beginning ValidateEnableStatusCommand ( LogicalFieldName : Login_Button, LogicalFieldValue : True )
----------------
2019-02-04 11:30:10,801 INFO  execution-log - [Sequence No - 6]	 Command completed.
----------------
2019-02-04 11:30:10,810 INFO  execution-log - [Sequence No - 7] Beginning ActionCommand ( LogicalFieldName : Login_Button, LogicalFieldValue : Click )
----------------
2019-02-04 11:30:10,921 INFO  execution-log - [Sequence No - 7]	 Command completed.
----------------
2019-02-04 11:30:10,929 INFO  execution-log - 	 Command completed.
----------------
2019-02-04 11:30:10,934 INFO  execution-log -  Beginning PageCommand ( CurrentPage : Home, FlowIdentifier : 2, DiIndicator : DI )
----------------
2019-02-04 11:30:10,941 INFO  execution-log - 	 Command completed.
----------------
2019-02-04 11:30:10,946 INFO  execution-log -  Beginning LoadTestDataItemCommand ( CurrentPage : Home, FlowIdentifier : 2, DiIndicator : DI )
----------------
2019-02-04 11:30:10,960 INFO  execution-log - [Sequence No - 8] Beginning ActionCommand ( LogicalFieldName : New Quote, LogicalFieldValue : Click )
----------------
2019-02-04 11:30:12,588 INFO  execution-log - [Sequence No - 8]	 Command completed.
----------------
2019-02-04 11:30:12,600 INFO  execution-log - 	 Command completed.
----------------
2019-02-04 11:30:12,624 INFO  execution-log -  Beginning PageCommand ( CurrentPage : New Quote, FlowIdentifier : 3, DiIndicator : DI )
----------------
2019-02-04 11:30:12,631 INFO  execution-log - 	 Command completed.
----------------
2019-02-04 11:30:12,637 INFO  execution-log -  Beginning LoadTestDataItemCommand ( CurrentPage : New Quote, FlowIdentifier : 3, DiIndicator : DI )
----------------
2019-02-04 11:30:12,653 INFO  execution-log - [Sequence No - 9] Beginning TestDataCommand ( LogicalFieldName : Account Name, LogicalFieldValue : RANDOMIZE(7,2) )
----------------
2019-02-04 11:30:12,884 INFO  execution-log - [Sequence No - 9]	 Command completed.
----------------
2019-02-04 11:30:12,894 INFO  execution-log - [Sequence No - 11] Beginning TestDataCommand ( LogicalFieldName : First Name, LogicalFieldValue : Jack )
----------------
2019-02-04 11:30:13,087 INFO  execution-log - [Sequence No - 11]	 Command completed.
----------------
2019-02-04 11:30:13,097 INFO  execution-log - [Sequence No - 12] Beginning TestDataCommand ( LogicalFieldName : Last Name, LogicalFieldValue : Smith )
----------------
2019-02-04 11:30:13,276 INFO  execution-log - [Sequence No - 12]	 Command completed.
----------------
2019-02-04 11:30:13,287 INFO  execution-log - [Sequence No - 13] Beginning TestDataCommand ( LogicalFieldName : ContactNumber1, LogicalFieldValue : 654 )
----------------
2019-02-04 11:30:13,407 INFO  execution-log - [Sequence No - 13]	 Command completed.
----------------
2019-02-04 11:30:13,418 INFO  execution-log - [Sequence No - 14] Beginning TestDataCommand ( LogicalFieldName : ContactNumber2, LogicalFieldValue : 321 )
----------------
2019-02-04 11:30:13,544 INFO  execution-log - [Sequence No - 14]	 Command completed.
----------------
2019-02-04 11:30:13,554 INFO  execution-log - [Sequence No - 15] Beginning TestDataCommand ( LogicalFieldName : ContactNumber3, LogicalFieldValue : 6541 )
----------------
2019-02-04 11:30:13,690 INFO  execution-log - [Sequence No - 15]	 Command completed.
----------------
2019-02-04 11:30:13,700 INFO  execution-log - [Sequence No - 16] Beginning TestDataCommand ( LogicalFieldName : Primary Email, LogicalFieldValue : jack.smith@gmail.com )
----------------
2019-02-04 11:30:13,967 INFO  execution-log - [Sequence No - 16]	 Command completed.
----------------
2019-02-04 11:30:13,977 INFO  execution-log - [Sequence No - 17] Beginning TestDataCommand ( LogicalFieldName : Business Started Year, LogicalFieldValue : 2012 )
----------------
2019-02-04 11:30:14,231 INFO  execution-log - [Sequence No - 17]	 Command completed.
----------------
2019-02-04 11:30:14,241 INFO  execution-log - [Sequence No - 18] Beginning ActionCommand ( LogicalFieldName : Select Product, LogicalFieldValue : Click )
----------------
2019-02-04 11:30:14,381 INFO  execution-log - [Sequence No - 18]	 Command completed.
----------------
2019-02-04 11:30:14,392 INFO  execution-log - [Sequence No - 19] Beginning ActionCommand ( LogicalFieldName : Select Product1, LogicalFieldValue : Click )
----------------
2019-02-04 11:30:14,537 INFO  execution-log - [Sequence No - 19]	 Command completed.
----------------
2019-02-04 11:30:14,549 INFO  execution-log - [Sequence No - 20] Beginning ActionCommand ( LogicalFieldName : Contact Name, LogicalFieldValue : Click )
----------------
2019-02-04 11:30:14,698 INFO  execution-log - [Sequence No - 20]	 Command completed.
----------------
2019-02-04 11:30:14,714 INFO  execution-log - [Sequence No - 21] Beginning ActionCommand ( LogicalFieldName : Contact Name Initial Select, LogicalFieldValue : Click )
----------------
2019-02-04 11:30:15,361 INFO  execution-log - [Sequence No - 21]	 Command completed.
----------------
2019-02-04 11:30:15,372 INFO  execution-log - [Sequence No - 22] Beginning ActionCommand ( LogicalFieldName : Industry, LogicalFieldValue : Click )
----------------
2019-02-04 11:30:15,547 INFO  execution-log - [Sequence No - 22]	 Command completed.
----------------
2019-02-04 11:30:15,562 INFO  execution-log - [Sequence No - 23] Beginning ActionCommand ( LogicalFieldName : Industry1, LogicalFieldValue : Click )
----------------
2019-02-04 11:30:15,717 INFO  execution-log - [Sequence No - 23]	 Command completed.
----------------
2019-02-04 11:30:15,728 INFO  execution-log - [Sequence No - 24] Beginning TestDataCommand ( LogicalFieldName : Zip Code, LogicalFieldValue : 53704 )
----------------
2019-02-04 11:30:15,905 INFO  execution-log - [Sequence No - 24]	 Command completed.
----------------
2019-02-04 11:30:15,915 INFO  execution-log - [Sequence No - 25] Beginning ActionCommand ( LogicalFieldName : zipcode click, LogicalFieldValue : Click )
----------------
2019-02-04 11:30:16,296 INFO  execution-log - [Sequence No - 25]	 Command completed.
----------------
2019-02-04 11:30:16,305 INFO  execution-log - [Sequence No - 26] Beginning TestDataCommand ( LogicalFieldName : Street Address, LogicalFieldValue : 123 BLUEJAY LN )
----------------
2019-02-04 11:30:16,559 INFO  execution-log - [Sequence No - 26]	 Command completed.
----------------
2019-02-04 11:30:16,575 INFO  execution-log - [Sequence No - 27] Beginning ActionCommand ( LogicalFieldName : Same as Physical Address, LogicalFieldValue : Click )
----------------
2019-02-04 11:30:16,729 INFO  execution-log - [Sequence No - 27]	 Command completed.
----------------
2019-02-04 11:30:16,739 INFO  execution-log - [Sequence No - 28] Beginning ActionCommand ( LogicalFieldName : Proceed, LogicalFieldValue : Click )
----------------
2019-02-04 11:30:16,890 INFO  execution-log - [Sequence No - 28]	 Command completed.
----------------
2019-02-04 11:30:16,897 INFO  execution-log - 	 Command completed.
----------------
2019-02-04 11:30:16,910 INFO  execution-log -  Beginning PageCommand ( CurrentPage : Insured Info, FlowIdentifier : 4, DiIndicator : DI )
----------------
2019-02-04 11:30:16,916 INFO  execution-log - 	 Command completed.
----------------
2019-02-04 11:30:16,922 INFO  execution-log -  Beginning LoadTestDataItemCommand ( CurrentPage : Insured Info, FlowIdentifier : 4, DiIndicator : DI )
----------------
2019-02-04 11:30:16,948 INFO  execution-log - [Sequence No - 29] Beginning TestDataCommand ( LogicalFieldName : InsuredName, LogicalFieldValue : Smith )
----------------
2019-02-04 11:30:18,887 INFO  execution-log - [Sequence No - 29]	 Command completed.
----------------
2019-02-04 11:30:18,900 INFO  execution-log - [Sequence No - 30] Beginning ActionCommand ( LogicalFieldName : Primary State Click, LogicalFieldValue : Click )
----------------
2019-02-04 11:30:19,083 INFO  execution-log - [Sequence No - 30]	 Command completed.
----------------
2019-02-04 11:30:19,098 INFO  execution-log - [Sequence No - 31] Beginning ActionCommand ( LogicalFieldName : PrimayState Select, LogicalFieldValue : Click )
----------------
2019-02-04 11:30:19,285 INFO  execution-log - [Sequence No - 31]	 Command completed.
----------------
2019-02-04 11:30:19,301 INFO  execution-log - [Sequence No - 32] Beginning TestDataCommand ( LogicalFieldName : Street Address, LogicalFieldValue : 123 new street )
----------------
2019-02-04 11:30:19,617 INFO  execution-log - [Sequence No - 32]	 Command completed.
----------------
2019-02-04 11:30:19,631 INFO  execution-log - [Sequence No - 33] Beginning TestDataCommand ( LogicalFieldName : Zip Code, LogicalFieldValue : 53704 )
----------------
2019-02-04 11:30:19,791 INFO  execution-log - [Sequence No - 33]	 Command completed.
----------------
2019-02-04 11:30:19,801 INFO  execution-log - [Sequence No - 34] Beginning ActionCommand ( LogicalFieldName : Same as Physical Address, LogicalFieldValue : Click )
----------------
2019-02-04 11:30:19,969 INFO  execution-log - [Sequence No - 34]	 Command completed.
----------------
2019-02-04 11:30:19,980 INFO  execution-log - [Sequence No - 35] Beginning TestDataCommand ( LogicalFieldName : SIC Code, LogicalFieldValue : 41510000-School buses )
----------------
2019-02-04 11:30:20,321 INFO  execution-log - [Sequence No - 35]	 Command completed.
----------------
2019-02-04 11:30:20,332 INFO  execution-log - [Sequence No - 36] Beginning TestDataCommand ( LogicalFieldName : BusinessInceptionYear, LogicalFieldValue : 2012 )
----------------
2019-02-04 11:30:20,563 INFO  execution-log - [Sequence No - 36]	 Command completed.
----------------
2019-02-04 11:30:20,573 INFO  execution-log - [Sequence No - 37] Beginning TestDataCommand ( LogicalFieldName : BusinessPhone, LogicalFieldValue : 6549879879 )
----------------
2019-02-04 11:30:21,815 INFO  execution-log - [Sequence No - 37]	 Command completed.
----------------
2019-02-04 11:30:21,826 INFO  execution-log - [Sequence No - 38] Beginning ActionCommand ( LogicalFieldName : Next, LogicalFieldValue : Click )
----------------
2019-02-04 11:30:21,957 INFO  execution-log - [Sequence No - 38]	 Command completed.
----------------
2019-02-04 11:30:21,964 INFO  execution-log - 	 Command completed.
----------------
2019-02-04 11:30:21,970 INFO  execution-log -  Beginning PageCommand ( CurrentPage : Policy Info, FlowIdentifier : 5, DiIndicator : DI )
----------------
2019-02-04 11:30:21,976 INFO  execution-log - 	 Command completed.
----------------
2019-02-04 11:30:21,981 INFO  execution-log -  Beginning LoadTestDataItemCommand ( CurrentPage : Policy Info, FlowIdentifier : 5, DiIndicator : DI )
----------------
2019-02-04 11:30:21,995 INFO  execution-log - [Sequence No - 39] Beginning ActionCommand ( LogicalFieldName : Which State do u operate In?, LogicalFieldValue : Click )
----------------
2019-02-04 11:30:23,111 INFO  execution-log - [Sequence No - 39]	 Command completed.
----------------
2019-02-04 11:30:23,122 INFO  execution-log - [Sequence No - 40] Beginning ActionCommand ( LogicalFieldName : Which State do u operate In?1, LogicalFieldValue : Click )
----------------
2019-02-04 11:30:23,744 INFO  execution-log - [Sequence No - 40]	 Command completed.
----------------
2019-02-04 11:30:23,753 INFO  execution-log - [Sequence No - 41] Beginning ActionCommand ( LogicalFieldName : Label Click, LogicalFieldValue : Click )
----------------
2019-02-04 11:30:23,895 INFO  execution-log - [Sequence No - 41]	 Command completed.
----------------
2019-02-04 11:30:23,907 INFO  execution-log - [Sequence No - 42] Beginning ActionCommand ( LogicalFieldName : Collapse, LogicalFieldValue : Click )
----------------
2019-02-04 11:30:24,128 INFO  execution-log - [Sequence No - 42]	 Command completed.
----------------
2019-02-04 11:30:24,139 INFO  execution-log - [Sequence No - 43] Beginning ActionCommand ( LogicalFieldName : Select Product, LogicalFieldValue : Click-Wait(5000) )
----------------
2019-02-04 11:30:34,312 INFO  execution-log - [Sequence No - 43]	 Command completed.
----------------
2019-02-04 11:30:34,324 INFO  execution-log - [Sequence No - 44] Beginning ActionCommand ( LogicalFieldName : Select Product 1, LogicalFieldValue : Click )
----------------
2019-02-04 11:30:36,738 INFO  execution-log - [Sequence No - 44]	 Command completed.
----------------
2019-02-04 11:30:36,777 INFO  execution-log - 	 Command completed.
----------------
2019-02-04 11:30:36,797 INFO  execution-log - Saving captured values to file.
----------------
2019-02-04 11:30:36,803 INFO  execution-log - TC # : 1, has completed successfully.
----------------
