2019-02-07 09:03:39,356 INFO  execution-log - 	Initializing control map with map # MASTER
----------------
2019-02-07 09:03:39,361 INFO  execution-log - Initializing Test Automation
----------------
2019-02-07 09:03:39,365 INFO  execution-log - 	target browser: Chrome
----------------
2019-02-07 09:03:42,613 INFO  execution-log - TC # : 1, Downloading test case from DB
----------------
2019-02-07 09:03:42,632 INFO  execution-log - TC # : 1, Getting test data from DB
----------------
2019-02-07 09:03:42,632 INFO  execution-log - TC # : 1, Getting control map :MASTER from DB
----------------
2019-02-07 09:03:42,654 INFO  execution-log - TC # : 1, Test data retrieval completed
----------------
2019-02-07 09:03:42,670 INFO  execution-log - TC # : 1, Control map retrieval completed
----------------
2019-02-07 09:03:42,676 INFO  execution-log - TC # : 1, Parsing commands
----------------
2019-02-07 09:03:42,680 INFO  execution-log - Loading captured values from persistence.
----------------
2019-02-07 09:03:42,684 INFO  execution-log - TC # : 1, Started executing test case in the VMTESTAPP1 environment (http://vam-qa.cloudapp.net:6363/pages/login.html)
----------------
2019-02-07 09:03:47,615 INFO  execution-log -  Beginning StartIterationCommand ( Iterations : 1 )
----------------
2019-02-07 09:03:47,627 INFO  execution-log - TC # : 1, Starting iteration #1
----------------
2019-02-07 09:05:08,554 INFO  execution-log - 	 Command completed.
----------------
2019-02-07 09:05:08,580 INFO  execution-log -  Beginning InvokeApplicationCommand ( Target :  )
----------------
2019-02-07 09:05:16,262 INFO  execution-log - 	 Command completed.
----------------
2019-02-07 09:05:16,271 INFO  execution-log -  Beginning PageCommand ( CurrentPage : Login, FlowIdentifier : 1, DiIndicator : DI )
----------------
2019-02-07 09:05:16,283 INFO  execution-log - 	 Command completed.
----------------
2019-02-07 09:05:17,339 INFO  execution-log -  Beginning LoadTestDataItemCommand ( CurrentPage : Login, FlowIdentifier : 1, DiIndicator : DI )
----------------
2019-02-07 09:05:18,248 INFO  execution-log - [Sequence No - 1] Beginning ValidateExistStatusCommand ( LogicalFieldName : User Name, LogicalFieldValue : True )
----------------
2019-02-07 09:05:23,963 INFO  execution-log - [Sequence No - 1]	 Command completed.
----------------
2019-02-07 09:05:23,983 INFO  execution-log - [Sequence No - 2] Beginning ActionCommand ( LogicalFieldName : User Name, LogicalFieldValue : Click )
----------------
2019-02-07 09:05:24,718 INFO  execution-log - [Sequence No - 2]	 Command completed.
----------------
2019-02-07 09:05:24,745 INFO  execution-log - [Sequence No - 3] Beginning TestDataCommand ( LogicalFieldName : User Name, LogicalFieldValue : Jack )
----------------
2019-02-07 09:05:26,663 INFO  execution-log - [Sequence No - 3]	 Command completed.
----------------
2019-02-07 09:05:26,675 INFO  execution-log - [Sequence No - 4] Beginning ValidateExistStatusCommand ( LogicalFieldName : Password, LogicalFieldValue : True )
----------------
2019-02-07 09:05:26,854 INFO  execution-log - [Sequence No - 4]	 Command completed.
----------------
2019-02-07 09:05:26,873 INFO  execution-log - [Sequence No - 5] Beginning TestDataCommand ( LogicalFieldName : Password, LogicalFieldValue : Smit@123 )
----------------
2019-02-07 09:05:27,800 INFO  execution-log - [Sequence No - 5]	 Command completed.
----------------
2019-02-07 09:05:27,815 INFO  execution-log - [Sequence No - 6] Beginning ValidateEnableStatusCommand ( LogicalFieldName : Login_Button, LogicalFieldValue : True )
----------------
2019-02-07 09:05:28,009 INFO  execution-log - [Sequence No - 6]	 Command completed.
----------------
2019-02-07 09:05:28,033 INFO  execution-log - [Sequence No - 7] Beginning ActionCommand ( LogicalFieldName : Login_Button, LogicalFieldValue : Click )
----------------
2019-02-07 09:05:28,734 INFO  execution-log - [Sequence No - 7]	 Command completed.
----------------
2019-02-07 09:05:28,751 INFO  execution-log - 	 Command completed.
----------------
2019-02-07 09:05:28,776 INFO  execution-log -  Beginning PageCommand ( CurrentPage : Home, FlowIdentifier : 2, DiIndicator : DI )
----------------
2019-02-07 09:05:28,798 INFO  execution-log - 	 Command completed.
----------------
2019-02-07 09:05:28,852 INFO  execution-log -  Beginning LoadTestDataItemCommand ( CurrentPage : Home, FlowIdentifier : 2, DiIndicator : DI )
----------------
2019-02-07 09:05:28,901 INFO  execution-log - [Sequence No - 8] Beginning ValidateEnableStatusCommand ( LogicalFieldName : New Quote, LogicalFieldValue : True )
----------------
2019-02-07 09:05:31,240 INFO  execution-log - [Sequence No - 8]	 Command completed.
----------------
2019-02-07 09:05:31,262 INFO  execution-log - [Sequence No - 9] Beginning ActionCommand ( LogicalFieldName : New Quote, LogicalFieldValue : Click )
----------------
2019-02-07 09:05:34,240 INFO  execution-log - [Sequence No - 9]	 Command completed.
----------------
2019-02-07 09:05:34,306 INFO  execution-log - 	 Command completed.
----------------
2019-02-07 09:05:34,380 INFO  execution-log -  Beginning PageCommand ( CurrentPage : New Quote, FlowIdentifier : 3, DiIndicator : DI )
----------------
2019-02-07 09:05:34,416 INFO  execution-log - 	 Command completed.
----------------
2019-02-07 09:05:34,434 INFO  execution-log -  Beginning LoadTestDataItemCommand ( CurrentPage : New Quote, FlowIdentifier : 3, DiIndicator : DI )
----------------
2019-02-07 09:05:34,499 INFO  execution-log - [Sequence No - 10] Beginning ValidateExistStatusCommand ( LogicalFieldName : Account Name, LogicalFieldValue : True )
----------------
2019-02-07 09:05:34,641 INFO  execution-log - [Sequence No - 10]	 Command completed.
----------------
2019-02-07 09:05:34,654 INFO  execution-log - [Sequence No - 11] Beginning TestDataCommand ( LogicalFieldName : Account Name, LogicalFieldValue : RANDOMIZE(7,2) )
----------------
2019-02-07 09:05:35,835 INFO  execution-log - [Sequence No - 11]	 Command completed.
----------------
2019-02-07 09:05:35,859 INFO  execution-log - [Sequence No - 12] Beginning ValidateExistStatusCommand ( LogicalFieldName : First Name, LogicalFieldValue : True )
----------------
2019-02-07 09:05:35,928 INFO  execution-log - [Sequence No - 12]	 Command completed.
----------------
2019-02-07 09:05:35,940 INFO  execution-log - [Sequence No - 13] Beginning TestDataCommand ( LogicalFieldName : First Name, LogicalFieldValue : Jack )
----------------
2019-02-07 09:05:36,433 INFO  execution-log - [Sequence No - 13]	 Command completed.
----------------
2019-02-07 09:05:36,448 INFO  execution-log - [Sequence No - 14] Beginning ValidateEnableStatusCommand ( LogicalFieldName : Last Name, LogicalFieldValue : True )
----------------
2019-02-07 09:05:36,541 INFO  execution-log - [Sequence No - 14]	 Command completed.
----------------
2019-02-07 09:05:36,558 INFO  execution-log - [Sequence No - 15] Beginning TestDataCommand ( LogicalFieldName : Last Name, LogicalFieldValue : Smith )
----------------
2019-02-07 09:05:37,256 INFO  execution-log - [Sequence No - 15]	 Command completed.
----------------
2019-02-07 09:05:37,269 INFO  execution-log - [Sequence No - 16] Beginning ValidateExistStatusCommand ( LogicalFieldName : ContactNumber1, LogicalFieldValue : True )
----------------
2019-02-07 09:05:37,326 INFO  execution-log - [Sequence No - 16]	 Command completed.
----------------
2019-02-07 09:05:37,339 INFO  execution-log - [Sequence No - 17] Beginning TestDataCommand ( LogicalFieldName : ContactNumber1, LogicalFieldValue : 654 )
----------------
2019-02-07 09:05:37,745 INFO  execution-log - [Sequence No - 17]	 Command completed.
----------------
2019-02-07 09:05:37,758 INFO  execution-log - [Sequence No - 18] Beginning TestDataCommand ( LogicalFieldName : ContactNumber2, LogicalFieldValue : 321 )
----------------
2019-02-07 09:05:38,058 INFO  execution-log - [Sequence No - 18]	 Command completed.
----------------
2019-02-07 09:05:38,070 INFO  execution-log - [Sequence No - 19] Beginning TestDataCommand ( LogicalFieldName : ContactNumber3, LogicalFieldValue : 6541 )
----------------
2019-02-07 09:05:38,525 INFO  execution-log - [Sequence No - 19]	 Command completed.
----------------
2019-02-07 09:05:38,540 INFO  execution-log - [Sequence No - 20] Beginning ValidateExistStatusCommand ( LogicalFieldName : Primary Email, LogicalFieldValue : True )
----------------
2019-02-07 09:05:38,587 INFO  execution-log - [Sequence No - 20]	 Command completed.
----------------
2019-02-07 09:05:38,600 INFO  execution-log - [Sequence No - 21] Beginning TestDataCommand ( LogicalFieldName : Primary Email, LogicalFieldValue : jack.smith@gmail.com )
----------------
2019-02-07 09:05:39,921 INFO  execution-log - [Sequence No - 21]	 Command completed.
----------------
2019-02-07 09:05:39,944 INFO  execution-log - [Sequence No - 22] Beginning ValidateExistStatusCommand ( LogicalFieldName : Business Started Year, LogicalFieldValue : True )
----------------
2019-02-07 09:05:40,008 INFO  execution-log - [Sequence No - 22]	 Command completed.
----------------
2019-02-07 09:05:40,021 INFO  execution-log - [Sequence No - 23] Beginning TestDataCommand ( LogicalFieldName : Business Started Year, LogicalFieldValue : 2012 )
----------------
2019-02-07 09:05:40,394 INFO  execution-log - [Sequence No - 23]	 Command completed.
----------------
2019-02-07 09:05:40,413 INFO  execution-log - [Sequence No - 24] Beginning ValidateExistStatusCommand ( LogicalFieldName : Select Product, LogicalFieldValue : True )
----------------
2019-02-07 09:05:40,469 INFO  execution-log - [Sequence No - 24]	 Command completed.
----------------
2019-02-07 09:05:40,482 INFO  execution-log - [Sequence No - 25] Beginning ActionCommand ( LogicalFieldName : Select Product, LogicalFieldValue : Click )
----------------
2019-02-07 09:05:40,989 INFO  execution-log - [Sequence No - 25]	 Command completed.
----------------
2019-02-07 09:05:41,014 INFO  execution-log - [Sequence No - 26] Beginning ActionCommand ( LogicalFieldName : Select Product1, LogicalFieldValue : Click )
----------------
2019-02-07 09:05:41,557 INFO  execution-log - [Sequence No - 26]	 Command completed.
----------------
2019-02-07 09:05:41,584 INFO  execution-log - [Sequence No - 27] Beginning ValidateExistStatusCommand ( LogicalFieldName : Contact Name, LogicalFieldValue : True )
----------------
2019-02-07 09:05:41,665 INFO  execution-log - [Sequence No - 27]	 Command completed.
----------------
2019-02-07 09:05:41,688 INFO  execution-log - [Sequence No - 28] Beginning ActionCommand ( LogicalFieldName : Contact Name, LogicalFieldValue : Click )
----------------
2019-02-07 09:05:42,041 INFO  execution-log - [Sequence No - 28]	 Command completed.
----------------
2019-02-07 09:05:42,064 INFO  execution-log - [Sequence No - 29] Beginning ActionCommand ( LogicalFieldName : Contact Name Initial Select, LogicalFieldValue : Click )
----------------
2019-02-07 09:05:42,685 INFO  execution-log - [Sequence No - 29]	 Command completed.
----------------
2019-02-07 09:05:42,708 INFO  execution-log - [Sequence No - 30] Beginning ValidateExistStatusCommand ( LogicalFieldName : Industry, LogicalFieldValue : True )
----------------
2019-02-07 09:05:42,811 INFO  execution-log - [Sequence No - 30]	 Command completed.
----------------
2019-02-07 09:05:42,835 INFO  execution-log - [Sequence No - 31] Beginning ActionCommand ( LogicalFieldName : Industry, LogicalFieldValue : Click )
----------------
2019-02-07 09:05:43,634 INFO  execution-log - [Sequence No - 31]	 Command completed.
----------------
2019-02-07 09:05:43,647 INFO  execution-log - [Sequence No - 32] Beginning ActionCommand ( LogicalFieldName : Industry1, LogicalFieldValue : Click )
----------------
2019-02-07 09:05:44,004 INFO  execution-log - [Sequence No - 32]	 Command completed.
----------------
2019-02-07 09:05:44,020 INFO  execution-log - [Sequence No - 33] Beginning ValidateExistStatusCommand ( LogicalFieldName : Zip Code, LogicalFieldValue : True )
----------------
2019-02-07 09:05:44,072 INFO  execution-log - [Sequence No - 33]	 Command completed.
----------------
2019-02-07 09:05:44,099 INFO  execution-log - [Sequence No - 34] Beginning TestDataCommand ( LogicalFieldName : Zip Code, LogicalFieldValue : 53704 )
----------------
2019-02-07 09:05:45,411 INFO  execution-log - [Sequence No - 34]	 Command completed.
----------------
2019-02-07 09:05:45,432 INFO  execution-log - [Sequence No - 35] Beginning ActionCommand ( LogicalFieldName : zipcode click, LogicalFieldValue : Click )
----------------
2019-02-07 09:05:46,285 INFO  execution-log - [Sequence No - 35]	 Command completed.
----------------
2019-02-07 09:05:46,312 INFO  execution-log - [Sequence No - 36] Beginning ValidateExistStatusCommand ( LogicalFieldName : Street Address, LogicalFieldValue : True )
----------------
2019-02-07 09:05:46,632 INFO  execution-log - [Sequence No - 36]	 Command completed.
----------------
2019-02-07 09:05:46,648 INFO  execution-log - [Sequence No - 37] Beginning TestDataCommand ( LogicalFieldName : Street Address, LogicalFieldValue : 123 BLUEJAY LN )
----------------
2019-02-07 09:05:47,749 INFO  execution-log - [Sequence No - 37]	 Command completed.
----------------
2019-02-07 09:05:47,762 INFO  execution-log - [Sequence No - 38] Beginning ValidateExistStatusCommand ( LogicalFieldName : Same as Physical Address, LogicalFieldValue : True )
----------------
2019-02-07 09:05:47,799 INFO  execution-log - [Sequence No - 38]	 Command completed.
----------------
2019-02-07 09:05:47,815 INFO  execution-log - [Sequence No - 39] Beginning ActionCommand ( LogicalFieldName : Same as Physical Address, LogicalFieldValue : Click )
----------------
2019-02-07 09:05:48,404 INFO  execution-log - [Sequence No - 39]	 Command completed.
----------------
2019-02-07 09:05:48,419 INFO  execution-log - [Sequence No - 40] Beginning ValidateEnableStatusCommand ( LogicalFieldName : Proceed, LogicalFieldValue : True )
----------------
2019-02-07 09:05:48,474 INFO  execution-log - [Sequence No - 40]	 Command completed.
----------------
2019-02-07 09:05:48,489 INFO  execution-log - [Sequence No - 41] Beginning ActionCommand ( LogicalFieldName : Proceed, LogicalFieldValue : Click )
----------------
2019-02-07 09:05:48,844 INFO  execution-log - [Sequence No - 41]	 Command completed.
----------------
2019-02-07 09:05:48,858 INFO  execution-log - 	 Command completed.
----------------
2019-02-07 09:05:48,872 INFO  execution-log -  Beginning PageCommand ( CurrentPage : Insured Info, FlowIdentifier : 4, DiIndicator : DI )
----------------
2019-02-07 09:05:48,881 INFO  execution-log - 	 Command completed.
----------------
2019-02-07 09:05:48,892 INFO  execution-log -  Beginning LoadTestDataItemCommand ( CurrentPage : Insured Info, FlowIdentifier : 4, DiIndicator : DI )
----------------
2019-02-07 09:05:49,080 INFO  execution-log - [Sequence No - 42] Beginning ValidateEnableStatusCommand ( LogicalFieldName : InsuredName, LogicalFieldValue : True )
----------------
2019-02-07 09:05:52,394 INFO  execution-log - [Sequence No - 42]	 Command completed.
----------------
2019-02-07 09:05:52,411 INFO  execution-log - [Sequence No - 43] Beginning TestDataCommand ( LogicalFieldName : InsuredName, LogicalFieldValue : Smith )
----------------
2019-02-07 09:05:52,733 INFO  execution-log - [Sequence No - 43]	 Command completed.
----------------
2019-02-07 09:05:52,750 INFO  execution-log - [Sequence No - 44] Beginning ValidateEnableStatusCommand ( LogicalFieldName : Primary State Click, LogicalFieldValue : True )
----------------
2019-02-07 09:05:52,816 INFO  execution-log - [Sequence No - 44]	 Command completed.
----------------
2019-02-07 09:05:52,828 INFO  execution-log - [Sequence No - 45] Beginning ActionCommand ( LogicalFieldName : Primary State Click, LogicalFieldValue : Click )
----------------
2019-02-07 09:05:53,155 INFO  execution-log - [Sequence No - 45]	 Command completed.
----------------
2019-02-07 09:05:53,171 INFO  execution-log - [Sequence No - 46] Beginning ActionCommand ( LogicalFieldName : PrimayState Select, LogicalFieldValue : Click )
----------------
2019-02-07 09:05:53,635 INFO  execution-log - [Sequence No - 46]	 Command completed.
----------------
2019-02-07 09:05:53,663 INFO  execution-log - [Sequence No - 47] Beginning ValidateExistStatusCommand ( LogicalFieldName : Street Address, LogicalFieldValue : True )
----------------
2019-02-07 09:05:53,757 INFO  execution-log - [Sequence No - 47]	 Command completed.
----------------
2019-02-07 09:05:53,778 INFO  execution-log - [Sequence No - 48] Beginning TestDataCommand ( LogicalFieldName : Street Address, LogicalFieldValue : 123 new street )
----------------
2019-02-07 09:05:54,706 INFO  execution-log - [Sequence No - 48]	 Command completed.
----------------
2019-02-07 09:05:54,718 INFO  execution-log - [Sequence No - 49] Beginning ValidateExistStatusCommand ( LogicalFieldName : Zip Code, LogicalFieldValue : True )
----------------
2019-02-07 09:05:54,783 INFO  execution-log - [Sequence No - 49]	 Command completed.
----------------
2019-02-07 09:05:54,797 INFO  execution-log - [Sequence No - 50] Beginning TestDataCommand ( LogicalFieldName : Zip Code, LogicalFieldValue : 53704 )
----------------
2019-02-07 09:05:55,154 INFO  execution-log - [Sequence No - 50]	 Command completed.
----------------
2019-02-07 09:05:55,173 INFO  execution-log - [Sequence No - 51] Beginning ValidateExistStatusCommand ( LogicalFieldName : Same as Physical Address, LogicalFieldValue : True )
----------------
2019-02-07 09:05:55,212 INFO  execution-log - [Sequence No - 51]	 Command completed.
----------------
2019-02-07 09:05:55,230 INFO  execution-log - [Sequence No - 52] Beginning ActionCommand ( LogicalFieldName : Same as Physical Address, LogicalFieldValue : Click )
----------------
2019-02-07 09:05:55,468 INFO  execution-log - [Sequence No - 52]	 Command completed.
----------------
2019-02-07 09:05:55,508 INFO  execution-log - [Sequence No - 53] Beginning ValidateExistStatusCommand ( LogicalFieldName : SIC Code, LogicalFieldValue : True )
----------------
2019-02-07 09:05:55,602 INFO  execution-log - [Sequence No - 53]	 Command completed.
----------------
2019-02-07 09:05:55,618 INFO  execution-log - [Sequence No - 54] Beginning TestDataCommand ( LogicalFieldName : SIC Code, LogicalFieldValue : 41510000-School buses )
----------------
2019-02-07 09:05:56,457 INFO  execution-log - [Sequence No - 54]	 Command completed.
----------------
2019-02-07 09:05:56,473 INFO  execution-log - [Sequence No - 55] Beginning ValidateExistStatusCommand ( LogicalFieldName : BusinessInceptionYear, LogicalFieldValue : True )
----------------
2019-02-07 09:05:56,516 INFO  execution-log - [Sequence No - 55]	 Command completed.
----------------
2019-02-07 09:05:56,533 INFO  execution-log - [Sequence No - 56] Beginning TestDataCommand ( LogicalFieldName : BusinessInceptionYear, LogicalFieldValue : 2012 )
----------------
2019-02-07 09:05:56,859 INFO  execution-log - [Sequence No - 56]	 Command completed.
----------------
2019-02-07 09:05:56,881 INFO  execution-log - [Sequence No - 57] Beginning ValidateExistStatusCommand ( LogicalFieldName : BusinessPhone, LogicalFieldValue : True )
----------------
2019-02-07 09:05:56,936 INFO  execution-log - [Sequence No - 57]	 Command completed.
----------------
2019-02-07 09:05:56,949 INFO  execution-log - [Sequence No - 58] Beginning TestDataCommand ( LogicalFieldName : BusinessPhone, LogicalFieldValue : 6549879879 )
----------------
2019-02-07 09:05:58,467 INFO  execution-log - [Sequence No - 58]	 Command completed.
----------------
2019-02-07 09:05:58,479 INFO  execution-log - [Sequence No - 59] Beginning ValidateEnableStatusCommand ( LogicalFieldName : Next, LogicalFieldValue : True )
----------------
2019-02-07 09:05:58,531 INFO  execution-log - [Sequence No - 59]	 Command completed.
----------------
2019-02-07 09:05:58,543 INFO  execution-log - [Sequence No - 60] Beginning ActionCommand ( LogicalFieldName : Next, LogicalFieldValue : Click )
----------------
2019-02-07 09:05:58,805 INFO  execution-log - [Sequence No - 60]	 Command completed.
----------------
2019-02-07 09:05:58,822 INFO  execution-log - 	 Command completed.
----------------
2019-02-07 09:05:58,839 INFO  execution-log -  Beginning PageCommand ( CurrentPage : Policy Info, FlowIdentifier : 5, DiIndicator : DI )
----------------
2019-02-07 09:05:58,851 INFO  execution-log - 	 Command completed.
----------------
2019-02-07 09:05:58,878 INFO  execution-log -  Beginning LoadTestDataItemCommand ( CurrentPage : Policy Info, FlowIdentifier : 5, DiIndicator : DI )
----------------
2019-02-07 09:05:58,914 INFO  execution-log - [Sequence No - 61] Beginning ValidateEnableStatusCommand ( LogicalFieldName : Which State do u operate In?, LogicalFieldValue : True )
----------------
2019-02-07 09:05:59,626 INFO  execution-log - [Sequence No - 61]	 Command completed.
----------------
2019-02-07 09:05:59,648 INFO  execution-log - [Sequence No - 62] Beginning ActionCommand ( LogicalFieldName : Which State do u operate In?, LogicalFieldValue : Click )
----------------
2019-02-07 09:06:00,589 INFO  execution-log - [Sequence No - 62]	 Command completed.
----------------
2019-02-07 09:06:00,640 INFO  execution-log - [Sequence No - 63] Beginning ActionCommand ( LogicalFieldName : Which State do u operate In?1, LogicalFieldValue : Click )
----------------
2019-02-07 09:06:01,025 INFO  execution-log - [Sequence No - 63]	 Command completed.
----------------
2019-02-07 09:06:01,042 INFO  execution-log - [Sequence No - 64] Beginning ActionCommand ( LogicalFieldName : Label Click, LogicalFieldValue : Click )
----------------
2019-02-07 09:06:01,322 INFO  execution-log - [Sequence No - 64]	 Command completed.
----------------
2019-02-07 09:06:01,336 INFO  execution-log - [Sequence No - 65] Beginning ActionCommand ( LogicalFieldName : Collapse, LogicalFieldValue : Click )
----------------
2019-02-07 09:06:01,752 INFO  execution-log - [Sequence No - 65]	 Command completed.
----------------
2019-02-07 09:06:01,781 INFO  execution-log - [Sequence No - 66] Beginning ValidateEnableStatusCommand ( LogicalFieldName : Select Product, LogicalFieldValue : True )
----------------
2019-02-07 09:06:01,893 INFO  execution-log - [Sequence No - 66]	 Command completed.
----------------
2019-02-07 09:06:01,915 INFO  execution-log - [Sequence No - 67] Beginning ActionCommand ( LogicalFieldName : Select Product, LogicalFieldValue : Click-Wait(2000) )
----------------
2019-02-07 09:06:06,211 INFO  execution-log - [Sequence No - 67]	 Command completed.
----------------
2019-02-07 09:06:06,224 INFO  execution-log - [Sequence No - 68] Beginning ActionCommand ( LogicalFieldName : Select Product 1, LogicalFieldValue : Click )
----------------
2019-02-07 09:06:08,724 INFO  execution-log - [Sequence No - 68]	 Command completed.
----------------
2019-02-07 09:06:08,740 INFO  execution-log - 	 Command completed.
----------------
2019-02-07 09:06:13,153 INFO  execution-log - Saving captured values to file.
----------------
2019-02-07 09:06:13,199 INFO  execution-log - TC # : 1, has completed successfully.
----------------
