2019-01-29 08:58:01,030 INFO  execution-log - 	Initializing control map with map # MASTER
----------------
2019-01-29 08:58:01,046 INFO  execution-log - Initializing Test Automation
----------------
2019-01-29 08:58:01,052 INFO  execution-log - 	target browser: Chrome
----------------
2019-01-29 08:58:01,062 INFO  execution-log - TC # : 1, Downloading test case from DB
----------------
2019-01-29 08:58:01,088 INFO  execution-log - TC # : 1, Getting control map :MASTER from DB
----------------
2019-01-29 08:58:01,111 INFO  execution-log - TC # : 1, Control map retrieval completed
----------------
2019-01-29 08:58:01,121 INFO  execution-log - TC # : 1, Getting test data from DB
----------------
2019-01-29 08:58:01,141 INFO  execution-log - TC # : 1, Test data retrieval completed
----------------
2019-01-29 08:58:01,146 INFO  execution-log - TC # : 1, Parsing commands
----------------
2019-01-29 08:58:01,152 INFO  execution-log - Loading captured values from persistence.
----------------
2019-01-29 08:58:01,159 INFO  execution-log - TC # : 1, Started executing test case in the VMTESTAPP1 environment (http://vam-qa.cloudapp.net:6363/pages/login.html)
----------------
2019-01-29 08:58:01,216 INFO  execution-log -  Beginning StartIterationCommand ( Iterations : 1 )
----------------
2019-01-29 08:58:01,224 INFO  execution-log - TC # : 1, Starting iteration #1
----------------
2019-01-29 08:58:01,228 INFO  execution-log - 	 Command completed.
----------------
2019-01-29 08:58:01,254 INFO  execution-log -  Beginning InvokeApplicationCommand ( Target :  )
----------------
2019-01-29 08:58:02,159 INFO  execution-log - 	 Command completed.
----------------
2019-01-29 08:58:02,166 INFO  execution-log -  Beginning PageCommand ( CurrentPage : Login, FlowIdentifier : 1, DiIndicator : DI )
----------------
2019-01-29 08:58:02,172 INFO  execution-log - 	 Command completed.
----------------
2019-01-29 08:58:02,178 INFO  execution-log -  Beginning LoadTestDataItemCommand ( CurrentPage : Login, FlowIdentifier : 1, DiIndicator : DI )
----------------
2019-01-29 08:58:02,199 INFO  execution-log - [Sequence No - 1] Beginning ValidateExistStatusCommand ( LogicalFieldName : User Name, LogicalFieldValue : True )
----------------
2019-01-29 08:58:02,242 INFO  execution-log - [Sequence No - 1]	 Command completed.
----------------
2019-01-29 08:58:02,253 INFO  execution-log - [Sequence No - 2] Beginning ActionCommand ( LogicalFieldName : User Name, LogicalFieldValue : Click )
----------------
2019-01-29 08:58:02,402 INFO  execution-log - [Sequence No - 2]	 Command completed.
----------------
2019-01-29 08:58:02,415 INFO  execution-log - [Sequence No - 3] Beginning TestDataCommand ( LogicalFieldName : User Name, LogicalFieldValue : Jack )
----------------
2019-01-29 08:58:02,518 INFO  execution-log - [Sequence No - 3]	 Command completed.
----------------
2019-01-29 08:58:02,529 INFO  execution-log - [Sequence No - 4] Beginning ValidateExistStatusCommand ( LogicalFieldName : Password, LogicalFieldValue : True )
----------------
2019-01-29 08:58:02,557 INFO  execution-log - [Sequence No - 4]	 Command completed.
----------------
2019-01-29 08:58:02,570 INFO  execution-log - [Sequence No - 5] Beginning TestDataCommand ( LogicalFieldName : Password, LogicalFieldValue : Smit@123 )
----------------
2019-01-29 08:58:02,724 INFO  execution-log - [Sequence No - 5]	 Command completed.
----------------
2019-01-29 08:58:02,736 INFO  execution-log - [Sequence No - 6] Beginning ValidateEnableStatusCommand ( LogicalFieldName : Login_Button, LogicalFieldValue : True )
----------------
2019-01-29 08:58:02,773 INFO  execution-log - [Sequence No - 6]	 Command completed.
----------------
2019-01-29 08:58:02,783 INFO  execution-log - [Sequence No - 7] Beginning ActionCommand ( LogicalFieldName : Login_Button, LogicalFieldValue : Click )
----------------
2019-01-29 08:58:02,910 INFO  execution-log - [Sequence No - 7]	 Command completed.
----------------
2019-01-29 08:58:02,916 INFO  execution-log - 	 Command completed.
----------------
2019-01-29 08:58:02,924 INFO  execution-log -  Beginning PageCommand ( CurrentPage : Home, FlowIdentifier : 2, DiIndicator : DI )
----------------
2019-01-29 08:58:02,930 INFO  execution-log - 	 Command completed.
----------------
2019-01-29 08:58:02,935 INFO  execution-log -  Beginning LoadTestDataItemCommand ( CurrentPage : Home, FlowIdentifier : 2, DiIndicator : DI )
----------------
2019-01-29 08:58:02,950 INFO  execution-log - [Sequence No - 8] Beginning ActionCommand ( LogicalFieldName : New Quote, LogicalFieldValue : Click )
----------------
2019-01-29 08:58:04,840 INFO  execution-log - [Sequence No - 8]	 Command completed.
----------------
2019-01-29 08:58:04,850 INFO  execution-log - 	 Command completed.
----------------
2019-01-29 08:58:04,857 INFO  execution-log -  Beginning PageCommand ( CurrentPage : New Quote, FlowIdentifier : 3, DiIndicator : DI )
----------------
2019-01-29 08:58:04,870 INFO  execution-log - 	 Command completed.
----------------
2019-01-29 08:58:04,878 INFO  execution-log -  Beginning LoadTestDataItemCommand ( CurrentPage : New Quote, FlowIdentifier : 3, DiIndicator : DI )
----------------
2019-01-29 08:58:04,898 INFO  execution-log - [Sequence No - 9] Beginning TestDataCommand ( LogicalFieldName : Account Name, LogicalFieldValue : Auto Insurance )
----------------
2019-01-29 08:58:05,176 INFO  execution-log - [Sequence No - 9]	 Command completed.
----------------
2019-01-29 08:58:05,187 INFO  execution-log - [Sequence No - 10] Beginning TestDataCommand ( LogicalFieldName : First Name, LogicalFieldValue : Jack )
----------------
2019-01-29 08:58:05,434 INFO  execution-log - [Sequence No - 10]	 Command completed.
----------------
2019-01-29 08:58:05,444 INFO  execution-log - [Sequence No - 11] Beginning TestDataCommand ( LogicalFieldName : Last Name, LogicalFieldValue : Smith )
----------------
2019-01-29 08:58:05,638 INFO  execution-log - [Sequence No - 11]	 Command completed.
----------------
2019-01-29 08:58:05,650 INFO  execution-log - [Sequence No - 12] Beginning TestDataCommand ( LogicalFieldName : ContactNumber1, LogicalFieldValue : 654 )
----------------
2019-01-29 08:58:05,789 INFO  execution-log - [Sequence No - 12]	 Command completed.
----------------
2019-01-29 08:58:05,801 INFO  execution-log - [Sequence No - 13] Beginning TestDataCommand ( LogicalFieldName : ContactNumber2, LogicalFieldValue : 321 )
----------------
2019-01-29 08:58:05,966 INFO  execution-log - [Sequence No - 13]	 Command completed.
----------------
2019-01-29 08:58:05,976 INFO  execution-log - [Sequence No - 14] Beginning TestDataCommand ( LogicalFieldName : ContactNumber3, LogicalFieldValue : 6541 )
----------------
2019-01-29 08:58:06,132 INFO  execution-log - [Sequence No - 14]	 Command completed.
----------------
2019-01-29 08:58:06,142 INFO  execution-log - [Sequence No - 15] Beginning TestDataCommand ( LogicalFieldName : Primary Email, LogicalFieldValue : jack.smith@gmail.com )
----------------
2019-01-29 08:58:06,600 INFO  execution-log - [Sequence No - 15]	 Command completed.
----------------
2019-01-29 08:58:06,611 INFO  execution-log - [Sequence No - 16] Beginning TestDataCommand ( LogicalFieldName : Business Started Year, LogicalFieldValue : 2012 )
----------------
2019-01-29 08:58:06,757 INFO  execution-log - [Sequence No - 16]	 Command completed.
----------------
2019-01-29 08:58:06,769 INFO  execution-log - [Sequence No - 17] Beginning ActionCommand ( LogicalFieldName : Select Product, LogicalFieldValue : Click )
----------------
2019-01-29 08:58:06,958 INFO  execution-log - [Sequence No - 17]	 Command completed.
----------------
2019-01-29 08:58:06,972 INFO  execution-log - [Sequence No - 18] Beginning ActionCommand ( LogicalFieldName : Select Product1, LogicalFieldValue : Click )
----------------
2019-01-29 08:58:07,180 INFO  execution-log - [Sequence No - 18]	 Command completed.
----------------
2019-01-29 08:58:07,190 INFO  execution-log - [Sequence No - 19] Beginning ActionCommand ( LogicalFieldName : Contact Name, LogicalFieldValue : Click )
----------------
2019-01-29 08:58:07,369 INFO  execution-log - [Sequence No - 19]	 Command completed.
----------------
2019-01-29 08:58:07,381 INFO  execution-log - [Sequence No - 20] Beginning ActionCommand ( LogicalFieldName : Contact Name Initial Select, LogicalFieldValue : Click )
----------------
2019-01-29 08:58:08,035 INFO  execution-log - [Sequence No - 20]	 Command completed.
----------------
2019-01-29 08:58:08,045 INFO  execution-log - [Sequence No - 21] Beginning ActionCommand ( LogicalFieldName : Industry, LogicalFieldValue : Click )
----------------
2019-01-29 08:58:08,222 INFO  execution-log - [Sequence No - 21]	 Command completed.
----------------
2019-01-29 08:58:08,240 INFO  execution-log - [Sequence No - 22] Beginning ActionCommand ( LogicalFieldName : Industry1, LogicalFieldValue : Click )
----------------
2019-01-29 08:58:08,388 INFO  execution-log - [Sequence No - 22]	 Command completed.
----------------
2019-01-29 08:58:08,399 INFO  execution-log - [Sequence No - 23] Beginning TestDataCommand ( LogicalFieldName : Zip Code, LogicalFieldValue : 53704 )
----------------
2019-01-29 08:58:08,558 INFO  execution-log - [Sequence No - 23]	 Command completed.
----------------
2019-01-29 08:58:08,568 INFO  execution-log - [Sequence No - 24] Beginning TestDataCommand ( LogicalFieldName : Street Address, LogicalFieldValue : 123 BLUEJAY LN )
----------------
2019-01-29 08:58:08,834 INFO  execution-log - [Sequence No - 24]	 Command completed.
----------------
2019-01-29 08:58:08,846 INFO  execution-log - [Sequence No - 25] Beginning ActionCommand ( LogicalFieldName : Same as Physical Address, LogicalFieldValue : Click )
----------------
2019-01-29 08:58:08,977 INFO  execution-log - [Sequence No - 25]	 Command completed.
----------------
2019-01-29 08:58:08,984 INFO  execution-log - 	 Command completed.
----------------
2019-01-29 08:58:09,036 INFO  execution-log - Saving captured values to file.
----------------
2019-01-29 08:58:09,043 INFO  execution-log - TC # : 1, has completed successfully.
----------------
