2019-01-29 02:39:06,023 INFO  execution-log - 	Initializing control map with map # MASTER
----------------
2019-01-29 02:39:06,023 INFO  execution-log - Initializing Test Automation
----------------
2019-01-29 02:39:06,023 INFO  execution-log - 	target browser: Chrome
----------------
2019-01-29 02:39:06,023 INFO  execution-log - TC # : 2, Downloading test case from DB
----------------
2019-01-29 02:39:06,038 INFO  execution-log - TC # : 2, Getting control map :MASTER from DB
----------------
2019-01-29 02:39:06,038 INFO  execution-log - TC # : 2, Getting test data from DB
----------------
2019-01-29 02:39:06,054 INFO  execution-log - TC # : 2, Control map retrieval completed
----------------
2019-01-29 02:39:06,054 INFO  execution-log - TC # : 2, Test data retrieval completed
----------------
2019-01-29 02:39:06,054 INFO  execution-log - TC # : 2, Parsing commands
----------------
2019-01-29 02:39:06,069 INFO  execution-log - Loading captured values from persistence.
----------------
2019-01-29 02:39:06,069 INFO  execution-log - TC # : 2, Started executing test case in the VMTESTAPP1 environment (http://vam-qa.cloudapp.net:6363/pages/login.html)
----------------
2019-01-29 02:39:06,085 INFO  execution-log -  Beginning StartIterationCommand ( Iterations : 1 )
----------------
2019-01-29 02:39:06,101 INFO  execution-log - TC # : 2, Starting iteration #1
----------------
2019-01-29 02:39:06,101 INFO  execution-log - 	 Command completed.
----------------
2019-01-29 02:39:06,101 INFO  execution-log -  Beginning InvokeApplicationCommand ( Target :  )
----------------
2019-01-29 02:39:06,924 INFO  execution-log - 	 Command completed.
----------------
2019-01-29 02:39:06,930 INFO  execution-log -  Beginning PageCommand ( CurrentPage : Login, FlowIdentifier : 1, DiIndicator : DI )
----------------
2019-01-29 02:39:06,935 INFO  execution-log - 	 Command completed.
----------------
2019-01-29 02:39:06,948 INFO  execution-log -  Beginning LoadTestDataItemCommand ( CurrentPage : Login, FlowIdentifier : 1, DiIndicator : DI )
----------------
2019-01-29 02:39:06,962 INFO  execution-log - [Sequence No - 1] Beginning ValidateExistStatusCommand ( LogicalFieldName : User Name, LogicalFieldValue : True )
----------------
2019-01-29 02:39:06,981 INFO  execution-log - [Sequence No - 1]	 Command completed.
----------------
2019-01-29 02:39:06,988 INFO  execution-log - [Sequence No - 2] Beginning ActionCommand ( LogicalFieldName : User Name, LogicalFieldValue : Click )
----------------
2019-01-29 02:39:07,138 INFO  execution-log - [Sequence No - 2]	 Command completed.
----------------
2019-01-29 02:39:07,152 INFO  execution-log - [Sequence No - 3] Beginning TestDataCommand ( LogicalFieldName : User Name, LogicalFieldValue : Jack )
----------------
2019-01-29 02:39:07,234 INFO  execution-log - [Sequence No - 3]	 Command completed.
----------------
2019-01-29 02:39:07,243 INFO  execution-log - [Sequence No - 4] Beginning ValidateExistStatusCommand ( LogicalFieldName : Password, LogicalFieldValue : True )
----------------
2019-01-29 02:39:07,269 INFO  execution-log - [Sequence No - 4]	 Command completed.
----------------
2019-01-29 02:39:07,279 INFO  execution-log - [Sequence No - 5] Beginning TestDataCommand ( LogicalFieldName : Password, LogicalFieldValue : Smit@123 )
----------------
2019-01-29 02:39:07,422 INFO  execution-log - [Sequence No - 5]	 Command completed.
----------------
2019-01-29 02:39:07,433 INFO  execution-log - [Sequence No - 6] Beginning ValidateEnableStatusCommand ( LogicalFieldName : Login_Button, LogicalFieldValue : True )
----------------
2019-01-29 02:39:07,470 INFO  execution-log - [Sequence No - 6]	 Command completed.
----------------
2019-01-29 02:39:07,478 INFO  execution-log - [Sequence No - 7] Beginning ActionCommand ( LogicalFieldName : Login_Button, LogicalFieldValue : Click )
----------------
2019-01-29 02:39:07,593 INFO  execution-log - [Sequence No - 7]	 Command completed.
----------------
2019-01-29 02:39:07,600 INFO  execution-log - 	 Command completed.
----------------
2019-01-29 02:39:07,605 INFO  execution-log -  Beginning StartIterationCommand ( Iterations : 2 )
----------------
2019-01-29 02:39:07,615 INFO  execution-log - TC # : 2, Starting iteration #2
----------------
2019-01-29 02:39:07,621 INFO  execution-log - 	 Command completed.
----------------
2019-01-29 02:39:07,626 INFO  execution-log -  Beginning InvokeApplicationCommand ( Target :  )
----------------
2019-01-29 02:39:07,872 INFO  execution-log - 	 Command completed.
----------------
2019-01-29 02:39:07,879 INFO  execution-log -  Beginning PageCommand ( CurrentPage : Home, FlowIdentifier : 2, DiIndicator : DI )
----------------
2019-01-29 02:39:07,885 INFO  execution-log - 	 Command completed.
----------------
2019-01-29 02:39:07,896 INFO  execution-log -  Beginning LoadTestDataItemCommand ( CurrentPage : Home, FlowIdentifier : 2, DiIndicator : DI )
----------------
2019-01-29 02:39:07,909 INFO  execution-log - [Sequence No - 8] Beginning ValidateExistStatusCommand ( LogicalFieldName : New Quote, LogicalFieldValue : True )
----------------
2019-01-29 02:39:08,413 ERROR execution-log - TC # : 2, New Quote was expected to exist.
----------------
2019-01-29 02:39:08,427 ERROR execution-log - TC # : 2, New Quote was expected to exist.
----------------
2019-01-29 02:39:08,458 ERROR execution-log - TC # : 2, Expectation failed, the test will proceed despite execution failure
----------------
2019-01-29 02:39:08,474 INFO  execution-log - Saving captured values to file.
----------------
2019-01-29 02:39:08,474 ERROR execution-log - TC # : 2,  has failed
----------------
