2019-02-07 08:14:36,215 INFO  execution-log - 	Initializing control map with map # MASTER
----------------
2019-02-07 08:14:36,236 INFO  execution-log - Initializing Test Automation
----------------
2019-02-07 08:14:36,251 INFO  execution-log - 	target browser: Chrome
----------------
2019-02-07 08:14:39,419 INFO  execution-log - TC # : 1, Downloading test case from DB
----------------
2019-02-07 08:14:39,456 INFO  execution-log - TC # : 1, Getting test data from DB
----------------
2019-02-07 08:14:39,457 INFO  execution-log - TC # : 1, Getting control map :MASTER from DB
----------------
2019-02-07 08:14:39,548 INFO  execution-log - TC # : 1, Test data retrieval completed
----------------
2019-02-07 08:14:39,571 INFO  execution-log - TC # : 1, Control map retrieval completed
----------------
2019-02-07 08:14:39,584 INFO  execution-log - TC # : 1, Parsing commands
----------------
2019-02-07 08:14:39,595 INFO  execution-log - Loading captured values from persistence.
----------------
2019-02-07 08:14:39,606 INFO  execution-log - TC # : 1, Started executing test case in the VMTESTAPP1 environment (http://vam-qa.cloudapp.net:6363/pages/login.html)
----------------
2019-02-07 08:15:22,166 INFO  execution-log -  Beginning StartIterationCommand ( Iterations : 1 )
----------------
2019-02-07 08:15:22,212 INFO  execution-log - TC # : 1, Starting iteration #1
----------------
2019-02-07 08:15:22,259 INFO  execution-log - 	 Command completed.
----------------
2019-02-07 08:15:22,307 INFO  execution-log -  Beginning InvokeApplicationCommand ( Target :  )
----------------
2019-02-07 08:15:24,644 INFO  execution-log - 	 Command completed.
----------------
2019-02-07 08:15:26,203 INFO  execution-log -  Beginning PageCommand ( CurrentPage : Login, FlowIdentifier : 1, DiIndicator : DI )
----------------
2019-02-07 08:15:27,585 INFO  execution-log - 	 Command completed.
----------------
2019-02-07 08:15:27,605 INFO  execution-log -  Beginning LoadTestDataItemCommand ( CurrentPage : Login, FlowIdentifier : 1, DiIndicator : DI )
----------------
2019-02-07 08:15:27,671 INFO  execution-log - [Sequence No - 1] Beginning ValidateExistStatusCommand ( LogicalFieldName : User Name, LogicalFieldValue : True )
----------------
2019-02-07 08:15:27,769 INFO  execution-log - [Sequence No - 1]	 Command completed.
----------------
2019-02-07 08:15:27,790 INFO  execution-log - [Sequence No - 2] Beginning ActionCommand ( LogicalFieldName : User Name, LogicalFieldValue : Click )
----------------
2019-02-07 08:15:30,494 INFO  execution-log - [Sequence No - 2]	 Command completed.
----------------
2019-02-07 08:15:30,512 INFO  execution-log - [Sequence No - 3] Beginning TestDataCommand ( LogicalFieldName : User Name, LogicalFieldValue : Jack )
----------------
2019-02-07 08:15:32,030 INFO  execution-log - [Sequence No - 3]	 Command completed.
----------------
2019-02-07 08:15:32,062 INFO  execution-log - [Sequence No - 4] Beginning ValidateExistStatusCommand ( LogicalFieldName : Password, LogicalFieldValue : True )
----------------
2019-02-07 08:15:32,158 INFO  execution-log - [Sequence No - 4]	 Command completed.
----------------
2019-02-07 08:15:32,172 INFO  execution-log - [Sequence No - 5] Beginning TestDataCommand ( LogicalFieldName : Password, LogicalFieldValue : Smit@123 )
----------------
2019-02-07 08:15:33,041 INFO  execution-log - [Sequence No - 5]	 Command completed.
----------------
2019-02-07 08:15:33,058 INFO  execution-log - [Sequence No - 6] Beginning ValidateEnableStatusCommand ( LogicalFieldName : Login_Button, LogicalFieldValue : True )
----------------
2019-02-07 08:15:33,209 INFO  execution-log - [Sequence No - 6]	 Command completed.
----------------
2019-02-07 08:15:33,226 INFO  execution-log - [Sequence No - 7] Beginning ActionCommand ( LogicalFieldName : Login_Button, LogicalFieldValue : Click )
----------------
2019-02-07 08:15:33,790 INFO  execution-log - [Sequence No - 7]	 Command completed.
----------------
2019-02-07 08:15:33,804 INFO  execution-log - 	 Command completed.
----------------
2019-02-07 08:15:33,832 INFO  execution-log -  Beginning PageCommand ( CurrentPage : Home, FlowIdentifier : 2, DiIndicator : DI )
----------------
2019-02-07 08:15:33,848 INFO  execution-log - 	 Command completed.
----------------
2019-02-07 08:15:33,892 INFO  execution-log -  Beginning LoadTestDataItemCommand ( CurrentPage : Home, FlowIdentifier : 2, DiIndicator : DI )
----------------
2019-02-07 08:15:33,926 INFO  execution-log - [Sequence No - 8] Beginning ValidateEnableStatusCommand ( LogicalFieldName : New Quote, LogicalFieldValue : True )
----------------
2019-02-07 08:15:36,056 INFO  execution-log - [Sequence No - 8]	 Command completed.
----------------
2019-02-07 08:15:36,124 INFO  execution-log - [Sequence No - 9] Beginning ActionCommand ( LogicalFieldName : New Quote, LogicalFieldValue : Click )
----------------
2019-02-07 08:15:38,613 INFO  execution-log - [Sequence No - 9]	 Command completed.
----------------
2019-02-07 08:15:38,666 INFO  execution-log - 	 Command completed.
----------------
2019-02-07 08:15:38,680 INFO  execution-log -  Beginning PageCommand ( CurrentPage : New Quote, FlowIdentifier : 3, DiIndicator : DI )
----------------
2019-02-07 08:15:38,696 INFO  execution-log - 	 Command completed.
----------------
2019-02-07 08:15:38,779 INFO  execution-log -  Beginning LoadTestDataItemCommand ( CurrentPage : New Quote, FlowIdentifier : 3, DiIndicator : DI )
----------------
2019-02-07 08:15:38,875 INFO  execution-log - [Sequence No - 10] Beginning ValidateExistStatusCommand ( LogicalFieldName : Account Name, LogicalFieldValue : True )
----------------
2019-02-07 08:15:39,034 INFO  execution-log - [Sequence No - 10]	 Command completed.
----------------
2019-02-07 08:15:39,058 INFO  execution-log - [Sequence No - 11] Beginning TestDataCommand ( LogicalFieldName : Account Name, LogicalFieldValue : RANDOMIZE(7,2) )
----------------
2019-02-07 08:15:40,076 INFO  execution-log - [Sequence No - 11]	 Command completed.
----------------
2019-02-07 08:15:40,092 INFO  execution-log - [Sequence No - 12] Beginning ValidateExistStatusCommand ( LogicalFieldName : First Name, LogicalFieldValue : True )
----------------
2019-02-07 08:15:40,204 INFO  execution-log - [Sequence No - 12]	 Command completed.
----------------
2019-02-07 08:15:40,222 INFO  execution-log - [Sequence No - 13] Beginning TestDataCommand ( LogicalFieldName : First Name, LogicalFieldValue : Jack )
----------------
2019-02-07 08:15:40,594 INFO  execution-log - [Sequence No - 13]	 Command completed.
----------------
2019-02-07 08:15:40,610 INFO  execution-log - [Sequence No - 14] Beginning ValidateEnableStatusCommand ( LogicalFieldName : Last Name, LogicalFieldValue : True )
----------------
2019-02-07 08:15:40,690 INFO  execution-log - [Sequence No - 14]	 Command completed.
----------------
2019-02-07 08:15:40,705 INFO  execution-log - [Sequence No - 15] Beginning TestDataCommand ( LogicalFieldName : Last Name, LogicalFieldValue : Smith )
----------------
2019-02-07 08:15:41,247 INFO  execution-log - [Sequence No - 15]	 Command completed.
----------------
2019-02-07 08:15:41,262 INFO  execution-log - [Sequence No - 16] Beginning ValidateExistStatusCommand ( LogicalFieldName : ContactNumber1, LogicalFieldValue : True )
----------------
2019-02-07 08:15:41,311 INFO  execution-log - [Sequence No - 16]	 Command completed.
----------------
2019-02-07 08:15:41,323 INFO  execution-log - [Sequence No - 17] Beginning TestDataCommand ( LogicalFieldName : ContactNumber1, LogicalFieldValue : 654 )
----------------
2019-02-07 08:15:41,675 INFO  execution-log - [Sequence No - 17]	 Command completed.
----------------
2019-02-07 08:15:41,690 INFO  execution-log - [Sequence No - 18] Beginning TestDataCommand ( LogicalFieldName : ContactNumber2, LogicalFieldValue : 321 )
----------------
2019-02-07 08:15:42,034 INFO  execution-log - [Sequence No - 18]	 Command completed.
----------------
2019-02-07 08:15:42,047 INFO  execution-log - [Sequence No - 19] Beginning TestDataCommand ( LogicalFieldName : ContactNumber3, LogicalFieldValue : 6541 )
----------------
2019-02-07 08:15:42,713 INFO  execution-log - [Sequence No - 19]	 Command completed.
----------------
2019-02-07 08:15:42,728 INFO  execution-log - [Sequence No - 20] Beginning ValidateExistStatusCommand ( LogicalFieldName : Primary Email, LogicalFieldValue : True )
----------------
2019-02-07 08:15:42,791 INFO  execution-log - [Sequence No - 20]	 Command completed.
----------------
2019-02-07 08:15:42,814 INFO  execution-log - [Sequence No - 21] Beginning TestDataCommand ( LogicalFieldName : Primary Email, LogicalFieldValue : jack.smith@gmail.com )
----------------
2019-02-07 08:15:43,483 INFO  execution-log - [Sequence No - 21]	 Command completed.
----------------
2019-02-07 08:15:43,510 INFO  execution-log - [Sequence No - 22] Beginning ValidateExistStatusCommand ( LogicalFieldName : Business Started Year, LogicalFieldValue : True )
----------------
2019-02-07 08:15:43,577 INFO  execution-log - [Sequence No - 22]	 Command completed.
----------------
2019-02-07 08:15:43,596 INFO  execution-log - [Sequence No - 23] Beginning TestDataCommand ( LogicalFieldName : Business Started Year, LogicalFieldValue : 2012 )
----------------
2019-02-07 08:15:43,927 INFO  execution-log - [Sequence No - 23]	 Command completed.
----------------
2019-02-07 08:15:43,939 INFO  execution-log - [Sequence No - 24] Beginning ValidateExistStatusCommand ( LogicalFieldName : Select Product, LogicalFieldValue : True )
----------------
2019-02-07 08:15:43,984 INFO  execution-log - [Sequence No - 24]	 Command completed.
----------------
2019-02-07 08:15:43,996 INFO  execution-log - [Sequence No - 25] Beginning ActionCommand ( LogicalFieldName : Select Product, LogicalFieldValue : Click )
----------------
2019-02-07 08:15:44,310 INFO  execution-log - [Sequence No - 25]	 Command completed.
----------------
2019-02-07 08:15:44,332 INFO  execution-log - [Sequence No - 26] Beginning ActionCommand ( LogicalFieldName : Select Product1, LogicalFieldValue : Click )
----------------
2019-02-07 08:15:44,611 INFO  execution-log - [Sequence No - 26]	 Command completed.
----------------
2019-02-07 08:15:44,626 INFO  execution-log - [Sequence No - 27] Beginning ValidateExistStatusCommand ( LogicalFieldName : Contact Name, LogicalFieldValue : True )
----------------
2019-02-07 08:15:44,680 INFO  execution-log - [Sequence No - 27]	 Command completed.
----------------
2019-02-07 08:15:44,702 INFO  execution-log - [Sequence No - 28] Beginning ActionCommand ( LogicalFieldName : Contact Name, LogicalFieldValue : Click )
----------------
2019-02-07 08:15:44,992 INFO  execution-log - [Sequence No - 28]	 Command completed.
----------------
2019-02-07 08:15:45,008 INFO  execution-log - [Sequence No - 29] Beginning ActionCommand ( LogicalFieldName : Contact Name Initial Select, LogicalFieldValue : Click )
----------------
2019-02-07 08:15:45,340 INFO  execution-log - [Sequence No - 29]	 Command completed.
----------------
2019-02-07 08:15:45,358 INFO  execution-log - [Sequence No - 30] Beginning ValidateExistStatusCommand ( LogicalFieldName : Industry, LogicalFieldValue : True )
----------------
2019-02-07 08:15:45,402 INFO  execution-log - [Sequence No - 30]	 Command completed.
----------------
2019-02-07 08:15:45,423 INFO  execution-log - [Sequence No - 31] Beginning ActionCommand ( LogicalFieldName : Industry, LogicalFieldValue : Click )
----------------
2019-02-07 08:15:45,758 INFO  execution-log - [Sequence No - 31]	 Command completed.
----------------
2019-02-07 08:15:45,771 INFO  execution-log - [Sequence No - 32] Beginning ActionCommand ( LogicalFieldName : Industry1, LogicalFieldValue : Click )
----------------
2019-02-07 08:15:46,129 INFO  execution-log - [Sequence No - 32]	 Command completed.
----------------
2019-02-07 08:15:46,143 INFO  execution-log - [Sequence No - 33] Beginning ValidateExistStatusCommand ( LogicalFieldName : Zip Code, LogicalFieldValue : True )
----------------
2019-02-07 08:15:46,197 INFO  execution-log - [Sequence No - 33]	 Command completed.
----------------
2019-02-07 08:15:46,213 INFO  execution-log - [Sequence No - 34] Beginning TestDataCommand ( LogicalFieldName : Zip Code, LogicalFieldValue : 53704 )
----------------
2019-02-07 08:15:46,636 INFO  execution-log - [Sequence No - 34]	 Command completed.
----------------
2019-02-07 08:15:46,649 INFO  execution-log - [Sequence No - 35] Beginning ActionCommand ( LogicalFieldName : zipcode click, LogicalFieldValue : Click )
----------------
2019-02-07 08:15:47,129 INFO  execution-log - [Sequence No - 35]	 Command completed.
----------------
2019-02-07 08:15:47,152 INFO  execution-log - [Sequence No - 36] Beginning ValidateExistStatusCommand ( LogicalFieldName : Street Address, LogicalFieldValue : True )
----------------
2019-02-07 08:15:47,209 INFO  execution-log - [Sequence No - 36]	 Command completed.
----------------
2019-02-07 08:15:47,224 INFO  execution-log - [Sequence No - 37] Beginning TestDataCommand ( LogicalFieldName : Street Address, LogicalFieldValue : 123 BLUEJAY LN )
----------------
2019-02-07 08:15:48,312 INFO  execution-log - [Sequence No - 37]	 Command completed.
----------------
2019-02-07 08:15:48,327 INFO  execution-log - [Sequence No - 38] Beginning ValidateExistStatusCommand ( LogicalFieldName : Same as Physical Address, LogicalFieldValue : True )
----------------
2019-02-07 08:15:48,459 INFO  execution-log - [Sequence No - 38]	 Command completed.
----------------
2019-02-07 08:15:48,529 INFO  execution-log - [Sequence No - 39] Beginning ActionCommand ( LogicalFieldName : Same as Physical Address, LogicalFieldValue : Click )
----------------
2019-02-07 08:15:48,855 INFO  execution-log - [Sequence No - 39]	 Command completed.
----------------
2019-02-07 08:15:48,871 INFO  execution-log - [Sequence No - 40] Beginning ValidateEnableStatusCommand ( LogicalFieldName : Proceed, LogicalFieldValue : True )
----------------
2019-02-07 08:15:48,954 INFO  execution-log - [Sequence No - 40]	 Command completed.
----------------
2019-02-07 08:15:48,966 INFO  execution-log - [Sequence No - 41] Beginning ActionCommand ( LogicalFieldName : Proceed, LogicalFieldValue : Click )
----------------
2019-02-07 08:15:49,232 INFO  execution-log - [Sequence No - 41]	 Command completed.
----------------
2019-02-07 08:15:49,240 INFO  execution-log - 	 Command completed.
----------------
2019-02-07 08:15:49,248 INFO  execution-log -  Beginning PageCommand ( CurrentPage : Insured Info, FlowIdentifier : 4, DiIndicator : DI )
----------------
2019-02-07 08:15:49,260 INFO  execution-log - 	 Command completed.
----------------
2019-02-07 08:15:49,270 INFO  execution-log -  Beginning LoadTestDataItemCommand ( CurrentPage : Insured Info, FlowIdentifier : 4, DiIndicator : DI )
----------------
2019-02-07 08:15:49,296 INFO  execution-log - [Sequence No - 42] Beginning ValidateEnableStatusCommand ( LogicalFieldName : InsuredName, LogicalFieldValue : True )
----------------
2019-02-07 08:15:51,972 INFO  execution-log - [Sequence No - 42]	 Command completed.
----------------
2019-02-07 08:15:51,985 INFO  execution-log - [Sequence No - 43] Beginning TestDataCommand ( LogicalFieldName : InsuredName, LogicalFieldValue : Smith )
----------------
2019-02-07 08:15:52,380 INFO  execution-log - [Sequence No - 43]	 Command completed.
----------------
2019-02-07 08:15:52,394 INFO  execution-log - [Sequence No - 44] Beginning ValidateEnableStatusCommand ( LogicalFieldName : Primary State Click, LogicalFieldValue : True )
----------------
2019-02-07 08:15:52,474 INFO  execution-log - [Sequence No - 44]	 Command completed.
----------------
2019-02-07 08:15:52,510 INFO  execution-log - [Sequence No - 45] Beginning ActionCommand ( LogicalFieldName : Primary State Click, LogicalFieldValue : Click )
----------------
2019-02-07 08:15:52,773 INFO  execution-log - [Sequence No - 45]	 Command completed.
----------------
2019-02-07 08:15:52,793 INFO  execution-log - [Sequence No - 46] Beginning ActionCommand ( LogicalFieldName : PrimayState Select, LogicalFieldValue : Click )
----------------
2019-02-07 08:15:53,209 INFO  execution-log - [Sequence No - 46]	 Command completed.
----------------
2019-02-07 08:15:53,226 INFO  execution-log - [Sequence No - 47] Beginning ValidateExistStatusCommand ( LogicalFieldName : Street Address, LogicalFieldValue : True )
----------------
2019-02-07 08:15:53,310 INFO  execution-log - [Sequence No - 47]	 Command completed.
----------------
2019-02-07 08:15:53,330 INFO  execution-log - [Sequence No - 48] Beginning TestDataCommand ( LogicalFieldName : Street Address, LogicalFieldValue : 123 new street )
----------------
2019-02-07 08:15:53,898 INFO  execution-log - [Sequence No - 48]	 Command completed.
----------------
2019-02-07 08:15:53,914 INFO  execution-log - [Sequence No - 49] Beginning ValidateExistStatusCommand ( LogicalFieldName : Zip Code, LogicalFieldValue : True )
----------------
2019-02-07 08:15:53,946 INFO  execution-log - [Sequence No - 49]	 Command completed.
----------------
2019-02-07 08:15:53,959 INFO  execution-log - [Sequence No - 50] Beginning TestDataCommand ( LogicalFieldName : Zip Code, LogicalFieldValue : 53704 )
----------------
2019-02-07 08:15:54,255 INFO  execution-log - [Sequence No - 50]	 Command completed.
----------------
2019-02-07 08:15:54,269 INFO  execution-log - [Sequence No - 51] Beginning ValidateExistStatusCommand ( LogicalFieldName : Same as Physical Address, LogicalFieldValue : True )
----------------
2019-02-07 08:15:54,325 INFO  execution-log - [Sequence No - 51]	 Command completed.
----------------
2019-02-07 08:15:54,339 INFO  execution-log - [Sequence No - 52] Beginning ActionCommand ( LogicalFieldName : Same as Physical Address, LogicalFieldValue : Click )
----------------
2019-02-07 08:15:54,636 INFO  execution-log - [Sequence No - 52]	 Command completed.
----------------
2019-02-07 08:15:54,649 INFO  execution-log - [Sequence No - 53] Beginning ValidateExistStatusCommand ( LogicalFieldName : SIC Code, LogicalFieldValue : True )
----------------
2019-02-07 08:15:54,705 INFO  execution-log - [Sequence No - 53]	 Command completed.
----------------
2019-02-07 08:15:54,723 INFO  execution-log - [Sequence No - 54] Beginning TestDataCommand ( LogicalFieldName : SIC Code, LogicalFieldValue : 41510000-School buses )
----------------
2019-02-07 08:15:55,451 INFO  execution-log - [Sequence No - 54]	 Command completed.
----------------
2019-02-07 08:15:55,470 INFO  execution-log - [Sequence No - 55] Beginning ValidateExistStatusCommand ( LogicalFieldName : BusinessInceptionYear, LogicalFieldValue : True )
----------------
2019-02-07 08:15:55,520 INFO  execution-log - [Sequence No - 55]	 Command completed.
----------------
2019-02-07 08:15:55,535 INFO  execution-log - [Sequence No - 56] Beginning TestDataCommand ( LogicalFieldName : BusinessInceptionYear, LogicalFieldValue : 2012 )
----------------
2019-02-07 08:15:55,937 INFO  execution-log - [Sequence No - 56]	 Command completed.
----------------
2019-02-07 08:15:55,949 INFO  execution-log - [Sequence No - 57] Beginning ValidateExistStatusCommand ( LogicalFieldName : BusinessPhone, LogicalFieldValue : True )
----------------
2019-02-07 08:15:55,994 INFO  execution-log - [Sequence No - 57]	 Command completed.
----------------
2019-02-07 08:15:56,009 INFO  execution-log - [Sequence No - 58] Beginning TestDataCommand ( LogicalFieldName : BusinessPhone, LogicalFieldValue : 6549879879 )
----------------
2019-02-07 08:15:57,608 INFO  execution-log - [Sequence No - 58]	 Command completed.
----------------
2019-02-07 08:15:57,624 INFO  execution-log - [Sequence No - 59] Beginning ValidateEnableStatusCommand ( LogicalFieldName : Next, LogicalFieldValue : True )
----------------
2019-02-07 08:15:57,672 INFO  execution-log - [Sequence No - 59]	 Command completed.
----------------
2019-02-07 08:15:57,685 INFO  execution-log - [Sequence No - 60] Beginning ActionCommand ( LogicalFieldName : Next, LogicalFieldValue : Click )
----------------
2019-02-07 08:15:57,977 INFO  execution-log - [Sequence No - 60]	 Command completed.
----------------
2019-02-07 08:15:57,998 INFO  execution-log - 	 Command completed.
----------------
2019-02-07 08:15:58,011 INFO  execution-log -  Beginning PageCommand ( CurrentPage : Policy Info, FlowIdentifier : 5, DiIndicator : DI )
----------------
2019-02-07 08:15:58,020 INFO  execution-log - 	 Command completed.
----------------
2019-02-07 08:15:58,046 INFO  execution-log -  Beginning LoadTestDataItemCommand ( CurrentPage : Policy Info, FlowIdentifier : 5, DiIndicator : DI )
----------------
2019-02-07 08:15:58,084 INFO  execution-log - [Sequence No - 61] Beginning ValidateEnableStatusCommand ( LogicalFieldName : Which State do u operate In?, LogicalFieldValue : True )
----------------
2019-02-07 08:15:59,097 INFO  execution-log - [Sequence No - 61]	 Command completed.
----------------
2019-02-07 08:15:59,143 INFO  execution-log - [Sequence No - 62] Beginning ActionCommand ( LogicalFieldName : Which State do u operate In?, LogicalFieldValue : Click )
----------------
2019-02-07 08:15:59,685 INFO  execution-log - [Sequence No - 62]	 Command completed.
----------------
2019-02-07 08:15:59,698 INFO  execution-log - [Sequence No - 63] Beginning ActionCommand ( LogicalFieldName : Which State do u operate In?1, LogicalFieldValue : Click )
----------------
2019-02-07 08:16:00,435 INFO  execution-log - [Sequence No - 63]	 Command completed.
----------------
2019-02-07 08:16:00,447 INFO  execution-log - [Sequence No - 64] Beginning ActionCommand ( LogicalFieldName : Label Click, LogicalFieldValue : Click )
----------------
2019-02-07 08:16:00,728 INFO  execution-log - [Sequence No - 64]	 Command completed.
----------------
2019-02-07 08:16:00,743 INFO  execution-log - [Sequence No - 65] Beginning ActionCommand ( LogicalFieldName : Collapse, LogicalFieldValue : Click )
----------------
2019-02-07 08:16:01,088 INFO  execution-log - [Sequence No - 65]	 Command completed.
----------------
2019-02-07 08:16:01,100 INFO  execution-log - [Sequence No - 66] Beginning ValidateEnableStatusCommand ( LogicalFieldName : Select Product, LogicalFieldValue : True )
----------------
2019-02-07 08:16:01,221 INFO  execution-log - [Sequence No - 66]	 Command completed.
----------------
2019-02-07 08:16:01,265 INFO  execution-log - [Sequence No - 67] Beginning ActionCommand ( LogicalFieldName : Select Product, LogicalFieldValue : Click-Wait(2000) )
----------------
2019-02-07 08:16:05,554 INFO  execution-log - [Sequence No - 67]	 Command completed.
----------------
2019-02-07 08:16:05,567 INFO  execution-log - [Sequence No - 68] Beginning ActionCommand ( LogicalFieldName : Select Product 1, LogicalFieldValue : Click )
----------------
2019-02-07 08:16:08,470 INFO  execution-log - [Sequence No - 68]	 Command completed.
----------------
2019-02-07 08:16:08,826 INFO  execution-log - 	 Command completed.
----------------
2019-02-07 08:16:22,688 ERROR execution-log - An error has caused test case #1 to abort. Proceeding to the next test case.
System.IO.IOException: The process cannot access the file 'C:\Users\VMQApractice\Desktop\v4Dev_Updated\v4Dev_Updated\VMTestAutomation\UIDesign\UIDesign\bin\Debug\PersistedValues.bin' because it is being used by another process.
   at System.IO.__Error.WinIOError(Int32 errorCode, String maybeFullPath)
   at System.IO.FileStream.Init(String path, FileMode mode, FileAccess access, Int32 rights, Boolean useRights, FileShare share, Int32 bufferSize, FileOptions options, SECURITY_ATTRIBUTES secAttrs, String msgPath, Boolean bFromProxy, Boolean useLongPath, Boolean checkHost)
   at System.IO.FileStream..ctor(String path, FileMode mode, FileAccess access, FileShare share)
   at System.IO.File.OpenWrite(String path)
   at VM.Platform.TestAutomationFramework.Core.LocallyPersistedValuesHandler.SaveValues(Dictionary`2 values) in C:\Users\VMQApractice\Desktop\v4Dev_Updated\v4Dev_Updated\VMTestAutomation\Src\Framework.Core\LocallyPersistedValuesHandler.cs:line 66
   at VM.Platform.TestAutomationFramework.Core.SingleTestCaseRunner.ExecuteSingleTestCase(Int32 testCaseId, String targetEnvironment, String repositiory, Int32 Retry) in C:\Users\VMQApractice\Desktop\v4Dev_Updated\v4Dev_Updated\VMTestAutomation\Src\Framework.Core\SingleTestCaseRunner.cs:line 195
   at VM.Platform.TestAutomationFramework.Core.TestAutomation.Execute(Int32 testCaseId, Int32 Retry, String targetEnvironment) in C:\Users\VMQApractice\Desktop\v4Dev_Updated\v4Dev_Updated\VMTestAutomation\Src\Framework.Core\TestAutomation.cs:line 203
----------------
