2019-02-04 16:17:34,782 INFO  execution-log - 	Initializing control map with map # MASTER
----------------
2019-02-04 16:17:34,789 INFO  execution-log - Initializing Test Automation
----------------
2019-02-04 16:17:34,797 INFO  execution-log - 	target browser: Chrome
----------------
2019-02-04 16:17:34,820 INFO  execution-log - TC # : 1, Downloading test case from DB
----------------
2019-02-04 16:17:34,834 INFO  execution-log - TC # : 1, Getting control map :MASTER from DB
----------------
2019-02-04 16:17:34,835 INFO  execution-log - TC # : 1, Getting test data from DB
----------------
2019-02-04 16:17:34,848 INFO  execution-log - TC # : 1, Control map retrieval completed
----------------
2019-02-04 16:17:34,873 INFO  execution-log - TC # : 1, Test data retrieval completed
----------------
2019-02-04 16:17:34,879 INFO  execution-log - TC # : 1, Parsing commands
----------------
2019-02-04 16:17:34,885 INFO  execution-log - Loading captured values from persistence.
----------------
2019-02-04 16:17:34,894 INFO  execution-log - TC # : 1, Started executing test case in the VMTESTAPP1 environment (http://vam-qa.cloudapp.net:6363/pages/login.html)
----------------
2019-02-04 16:17:34,942 INFO  execution-log -  Beginning StartIterationCommand ( Iterations : 1 )
----------------
2019-02-04 16:17:34,948 INFO  execution-log - TC # : 1, Starting iteration #1
----------------
2019-02-04 16:17:34,954 INFO  execution-log - 	 Command completed.
----------------
2019-02-04 16:17:34,958 INFO  execution-log -  Beginning InvokeApplicationCommand ( Target :  )
----------------
2019-02-04 16:17:36,477 INFO  execution-log - 	 Command completed.
----------------
2019-02-04 16:17:36,484 INFO  execution-log -  Beginning PageCommand ( CurrentPage : Login, FlowIdentifier : 1, DiIndicator : DI )
----------------
2019-02-04 16:17:36,496 INFO  execution-log - 	 Command completed.
----------------
2019-02-04 16:17:36,519 INFO  execution-log -  Beginning LoadTestDataItemCommand ( CurrentPage : Login, FlowIdentifier : 1, DiIndicator : DI )
----------------
2019-02-04 16:17:36,543 INFO  execution-log - [Sequence No - 1] Beginning ValidateExistStatusCommand ( LogicalFieldName : User Name, LogicalFieldValue : True )
----------------
2019-02-04 16:17:36,573 INFO  execution-log - [Sequence No - 1]	 Command completed.
----------------
2019-02-04 16:17:36,584 INFO  execution-log - [Sequence No - 2] Beginning ActionCommand ( LogicalFieldName : User Name, LogicalFieldValue : Click )
----------------
2019-02-04 16:17:36,731 INFO  execution-log - [Sequence No - 2]	 Command completed.
----------------
2019-02-04 16:17:36,748 INFO  execution-log - [Sequence No - 3] Beginning TestDataCommand ( LogicalFieldName : User Name, LogicalFieldValue : Jack )
----------------
2019-02-04 16:17:36,915 INFO  execution-log - [Sequence No - 3]	 Command completed.
----------------
2019-02-04 16:17:36,925 INFO  execution-log - [Sequence No - 4] Beginning ValidateExistStatusCommand ( LogicalFieldName : Password, LogicalFieldValue : True )
----------------
2019-02-04 16:17:36,948 INFO  execution-log - [Sequence No - 4]	 Command completed.
----------------
2019-02-04 16:17:36,960 INFO  execution-log - [Sequence No - 5] Beginning TestDataCommand ( LogicalFieldName : Password, LogicalFieldValue : Smit@123 )
----------------
2019-02-04 16:17:37,123 INFO  execution-log - [Sequence No - 5]	 Command completed.
----------------
2019-02-04 16:17:37,137 INFO  execution-log - [Sequence No - 6] Beginning ValidateEnableStatusCommand ( LogicalFieldName : Login_Button, LogicalFieldValue : True )
----------------
2019-02-04 16:17:37,177 INFO  execution-log - [Sequence No - 6]	 Command completed.
----------------
2019-02-04 16:17:37,188 INFO  execution-log - [Sequence No - 7] Beginning ActionCommand ( LogicalFieldName : Login_Button, LogicalFieldValue : Click )
----------------
2019-02-04 16:17:37,310 INFO  execution-log - [Sequence No - 7]	 Command completed.
----------------
2019-02-04 16:17:37,317 INFO  execution-log - 	 Command completed.
----------------
2019-02-04 16:17:37,322 INFO  execution-log -  Beginning PageCommand ( CurrentPage : Home, FlowIdentifier : 2, DiIndicator : DI )
----------------
2019-02-04 16:17:37,327 INFO  execution-log - 	 Command completed.
----------------
2019-02-04 16:17:37,333 INFO  execution-log -  Beginning LoadTestDataItemCommand ( CurrentPage : Home, FlowIdentifier : 2, DiIndicator : DI )
----------------
2019-02-04 16:17:37,348 INFO  execution-log - [Sequence No - 8] Beginning ActionCommand ( LogicalFieldName : New Quote, LogicalFieldValue : Click )
----------------
2019-02-04 16:17:40,656 INFO  execution-log - [Sequence No - 8]	 Command completed.
----------------
2019-02-04 16:17:40,674 INFO  execution-log - 	 Command completed.
----------------
2019-02-04 16:17:40,683 INFO  execution-log -  Beginning PageCommand ( CurrentPage : New Quote, FlowIdentifier : 3, DiIndicator : DI )
----------------
2019-02-04 16:17:40,753 INFO  execution-log - 	 Command completed.
----------------
2019-02-04 16:17:40,763 INFO  execution-log -  Beginning LoadTestDataItemCommand ( CurrentPage : New Quote, FlowIdentifier : 3, DiIndicator : DI )
----------------
2019-02-04 16:17:40,779 INFO  execution-log - [Sequence No - 9] Beginning TestDataCommand ( LogicalFieldName : Account Name, LogicalFieldValue : RANDOMIZE(7,2) )
----------------
2019-02-04 16:17:41,051 INFO  execution-log - [Sequence No - 9]	 Command completed.
----------------
2019-02-04 16:17:41,061 INFO  execution-log - [Sequence No - 11] Beginning TestDataCommand ( LogicalFieldName : First Name, LogicalFieldValue : Jack )
----------------
2019-02-04 16:17:41,268 INFO  execution-log - [Sequence No - 11]	 Command completed.
----------------
2019-02-04 16:17:41,279 INFO  execution-log - [Sequence No - 12] Beginning TestDataCommand ( LogicalFieldName : Last Name, LogicalFieldValue : Smith )
----------------
2019-02-04 16:17:41,539 INFO  execution-log - [Sequence No - 12]	 Command completed.
----------------
2019-02-04 16:17:41,559 INFO  execution-log - [Sequence No - 13] Beginning TestDataCommand ( LogicalFieldName : ContactNumber1, LogicalFieldValue : 654 )
----------------
2019-02-04 16:17:41,842 INFO  execution-log - [Sequence No - 13]	 Command completed.
----------------
2019-02-04 16:17:41,860 INFO  execution-log - [Sequence No - 14] Beginning TestDataCommand ( LogicalFieldName : ContactNumber2, LogicalFieldValue : 321 )
----------------
2019-02-04 16:17:42,055 INFO  execution-log - [Sequence No - 14]	 Command completed.
----------------
2019-02-04 16:17:42,066 INFO  execution-log - [Sequence No - 15] Beginning TestDataCommand ( LogicalFieldName : ContactNumber3, LogicalFieldValue : 6541 )
----------------
2019-02-04 16:17:42,204 INFO  execution-log - [Sequence No - 15]	 Command completed.
----------------
2019-02-04 16:17:42,220 INFO  execution-log - [Sequence No - 16] Beginning TestDataCommand ( LogicalFieldName : Primary Email, LogicalFieldValue : jack.smith@gmail.com )
----------------
2019-02-04 16:17:42,532 INFO  execution-log - [Sequence No - 16]	 Command completed.
----------------
2019-02-04 16:17:42,543 INFO  execution-log - [Sequence No - 17] Beginning TestDataCommand ( LogicalFieldName : Business Started Year, LogicalFieldValue : 2012 )
----------------
2019-02-04 16:17:42,704 INFO  execution-log - [Sequence No - 17]	 Command completed.
----------------
2019-02-04 16:17:42,716 INFO  execution-log - [Sequence No - 18] Beginning ActionCommand ( LogicalFieldName : Select Product, LogicalFieldValue : Click )
----------------
2019-02-04 16:17:42,906 INFO  execution-log - [Sequence No - 18]	 Command completed.
----------------
2019-02-04 16:17:42,916 INFO  execution-log - [Sequence No - 19] Beginning ActionCommand ( LogicalFieldName : Select Product1, LogicalFieldValue : Click )
----------------
2019-02-04 16:17:43,143 INFO  execution-log - [Sequence No - 19]	 Command completed.
----------------
2019-02-04 16:17:43,155 INFO  execution-log - [Sequence No - 20] Beginning ActionCommand ( LogicalFieldName : Contact Name, LogicalFieldValue : Click )
----------------
2019-02-04 16:17:43,385 INFO  execution-log - [Sequence No - 20]	 Command completed.
----------------
2019-02-04 16:17:43,411 INFO  execution-log - [Sequence No - 21] Beginning ActionCommand ( LogicalFieldName : Contact Name Initial Select, LogicalFieldValue : Click )
----------------
2019-02-04 16:17:43,640 INFO  execution-log - [Sequence No - 21]	 Command completed.
----------------
2019-02-04 16:17:43,656 INFO  execution-log - [Sequence No - 22] Beginning ActionCommand ( LogicalFieldName : Industry, LogicalFieldValue : Click )
----------------
2019-02-04 16:17:43,941 INFO  execution-log - [Sequence No - 22]	 Command completed.
----------------
2019-02-04 16:17:43,971 INFO  execution-log - [Sequence No - 23] Beginning ActionCommand ( LogicalFieldName : Industry1, LogicalFieldValue : Click )
----------------
2019-02-04 16:17:44,277 INFO  execution-log - [Sequence No - 23]	 Command completed.
----------------
2019-02-04 16:17:44,288 INFO  execution-log - [Sequence No - 24] Beginning TestDataCommand ( LogicalFieldName : Zip Code, LogicalFieldValue : 53704 )
----------------
2019-02-04 16:17:44,539 INFO  execution-log - [Sequence No - 24]	 Command completed.
----------------
2019-02-04 16:17:44,550 INFO  execution-log - [Sequence No - 25] Beginning ActionCommand ( LogicalFieldName : zipcode click, LogicalFieldValue : Click )
----------------
2019-02-04 16:17:45,028 INFO  execution-log - [Sequence No - 25]	 Command completed.
----------------
2019-02-04 16:17:45,046 INFO  execution-log - [Sequence No - 26] Beginning TestDataCommand ( LogicalFieldName : Street Address, LogicalFieldValue : 123 BLUEJAY LN )
----------------
2019-02-04 16:17:45,504 INFO  execution-log - [Sequence No - 26]	 Command completed.
----------------
2019-02-04 16:17:45,515 INFO  execution-log - [Sequence No - 27] Beginning ActionCommand ( LogicalFieldName : Same as Physical Address, LogicalFieldValue : Click )
----------------
2019-02-04 16:17:45,781 INFO  execution-log - [Sequence No - 27]	 Command completed.
----------------
2019-02-04 16:17:45,793 INFO  execution-log - [Sequence No - 28] Beginning ActionCommand ( LogicalFieldName : Proceed, LogicalFieldValue : Click )
----------------
2019-02-04 16:17:45,958 INFO  execution-log - [Sequence No - 28]	 Command completed.
----------------
2019-02-04 16:17:46,009 INFO  execution-log - 	 Command completed.
----------------
2019-02-04 16:17:46,021 INFO  execution-log -  Beginning PageCommand ( CurrentPage : Insured Info, FlowIdentifier : 4, DiIndicator : DI )
----------------
2019-02-04 16:17:46,028 INFO  execution-log - 	 Command completed.
----------------
2019-02-04 16:17:46,034 INFO  execution-log -  Beginning LoadTestDataItemCommand ( CurrentPage : Insured Info, FlowIdentifier : 4, DiIndicator : DI )
----------------
2019-02-04 16:17:46,049 INFO  execution-log - [Sequence No - 29] Beginning TestDataCommand ( LogicalFieldName : InsuredName, LogicalFieldValue : Smith )
----------------
2019-02-04 16:17:50,547 INFO  execution-log - [Sequence No - 29]	 Command completed.
----------------
2019-02-04 16:17:50,559 INFO  execution-log - [Sequence No - 30] Beginning ActionCommand ( LogicalFieldName : Primary State Click, LogicalFieldValue : Click )
----------------
2019-02-04 16:17:50,766 INFO  execution-log - [Sequence No - 30]	 Command completed.
----------------
2019-02-04 16:17:50,786 INFO  execution-log - [Sequence No - 31] Beginning ActionCommand ( LogicalFieldName : PrimayState Select, LogicalFieldValue : Click )
----------------
2019-02-04 16:17:51,191 INFO  execution-log - [Sequence No - 31]	 Command completed.
----------------
2019-02-04 16:17:51,227 INFO  execution-log - [Sequence No - 32] Beginning TestDataCommand ( LogicalFieldName : Street Address, LogicalFieldValue : 123 new street )
----------------
2019-02-04 16:17:51,694 INFO  execution-log - [Sequence No - 32]	 Command completed.
----------------
2019-02-04 16:17:51,705 INFO  execution-log - [Sequence No - 33] Beginning TestDataCommand ( LogicalFieldName : Zip Code, LogicalFieldValue : 53704 )
----------------
2019-02-04 16:17:51,857 INFO  execution-log - [Sequence No - 33]	 Command completed.
----------------
2019-02-04 16:17:51,870 INFO  execution-log - [Sequence No - 34] Beginning ActionCommand ( LogicalFieldName : Same as Physical Address, LogicalFieldValue : Click )
----------------
2019-02-04 16:17:52,085 INFO  execution-log - [Sequence No - 34]	 Command completed.
----------------
2019-02-04 16:17:52,103 INFO  execution-log - [Sequence No - 35] Beginning TestDataCommand ( LogicalFieldName : SIC Code, LogicalFieldValue : 41510000-School buses )
----------------
2019-02-04 16:17:52,648 INFO  execution-log - [Sequence No - 35]	 Command completed.
----------------
2019-02-04 16:17:52,660 INFO  execution-log - [Sequence No - 36] Beginning TestDataCommand ( LogicalFieldName : BusinessInceptionYear, LogicalFieldValue : 2012 )
----------------
2019-02-04 16:17:52,826 INFO  execution-log - [Sequence No - 36]	 Command completed.
----------------
2019-02-04 16:17:52,844 INFO  execution-log - [Sequence No - 37] Beginning TestDataCommand ( LogicalFieldName : BusinessPhone, LogicalFieldValue : 6549879879 )
----------------
2019-02-04 16:17:54,178 INFO  execution-log - [Sequence No - 37]	 Command completed.
----------------
2019-02-04 16:17:54,191 INFO  execution-log - [Sequence No - 38] Beginning ActionCommand ( LogicalFieldName : Next, LogicalFieldValue : Click )
----------------
2019-02-04 16:17:54,344 INFO  execution-log - [Sequence No - 38]	 Command completed.
----------------
2019-02-04 16:17:54,351 INFO  execution-log - 	 Command completed.
----------------
2019-02-04 16:17:54,358 INFO  execution-log -  Beginning PageCommand ( CurrentPage : Policy Info, FlowIdentifier : 5, DiIndicator : DI )
----------------
2019-02-04 16:17:54,365 INFO  execution-log - 	 Command completed.
----------------
2019-02-04 16:17:54,370 INFO  execution-log -  Beginning LoadTestDataItemCommand ( CurrentPage : Policy Info, FlowIdentifier : 5, DiIndicator : DI )
----------------
2019-02-04 16:17:54,392 INFO  execution-log - [Sequence No - 39] Beginning ActionCommand ( LogicalFieldName : Which State do u operate In?, LogicalFieldValue : Click )
----------------
2019-02-04 16:17:55,609 INFO  execution-log - [Sequence No - 39]	 Command completed.
----------------
2019-02-04 16:17:55,626 INFO  execution-log - [Sequence No - 40] Beginning ActionCommand ( LogicalFieldName : Which State do u operate In?1, LogicalFieldValue : Click )
----------------
2019-02-04 16:17:56,288 INFO  execution-log - [Sequence No - 40]	 Command completed.
----------------
2019-02-04 16:17:56,300 INFO  execution-log - [Sequence No - 41] Beginning ActionCommand ( LogicalFieldName : Label Click, LogicalFieldValue : Click )
----------------
2019-02-04 16:17:56,442 INFO  execution-log - [Sequence No - 41]	 Command completed.
----------------
2019-02-04 16:17:56,469 INFO  execution-log - [Sequence No - 42] Beginning ActionCommand ( LogicalFieldName : Collapse, LogicalFieldValue : Click )
----------------
2019-02-04 16:17:56,772 INFO  execution-log - [Sequence No - 42]	 Command completed.
----------------
2019-02-04 16:17:56,786 INFO  execution-log - [Sequence No - 43] Beginning ActionCommand ( LogicalFieldName : Select Product, LogicalFieldValue : Click-Wait(2000) )
----------------
2019-02-04 16:18:01,021 INFO  execution-log - [Sequence No - 43]	 Command completed.
----------------
2019-02-04 16:18:01,032 INFO  execution-log - [Sequence No - 44] Beginning ActionCommand ( LogicalFieldName : Select Product 1, LogicalFieldValue : Click )
----------------
2019-02-04 16:18:03,708 INFO  execution-log - [Sequence No - 44]	 Command completed.
----------------
2019-02-04 16:18:03,720 INFO  execution-log - [Sequence No - 45] Beginning ActionCommand ( LogicalFieldName : Next Policy Info, LogicalFieldValue : Click(1000) )
----------------
2019-02-04 16:18:03,894 INFO  execution-log - [Sequence No - 45]	 Command completed.
----------------
2019-02-04 16:18:03,902 INFO  execution-log - 	 Command completed.
----------------
2019-02-04 16:18:03,919 INFO  execution-log - Saving captured values to file.
----------------
2019-02-04 16:18:03,926 INFO  execution-log - TC # : 1, has completed successfully.
----------------
