2019-01-29 05:06:08,763 INFO  execution-log - 	Initializing control map with map # MASTER
----------------
2019-01-29 05:06:08,779 INFO  execution-log - Initializing Test Automation
----------------
2019-01-29 05:06:08,784 INFO  execution-log - 	target browser: Chrome
----------------
2019-01-29 05:06:08,794 INFO  execution-log - TC # : 1, Downloading test case from DB
----------------
2019-01-29 05:06:08,821 INFO  execution-log - TC # : 1, Getting control map :MASTER from DB
----------------
2019-01-29 05:06:08,833 INFO  execution-log - TC # : 1, Getting test data from DB
----------------
2019-01-29 05:06:08,842 INFO  execution-log - TC # : 1, Control map retrieval completed
----------------
2019-01-29 05:06:08,850 INFO  execution-log - TC # : 1, Test data retrieval completed
----------------
2019-01-29 05:06:08,855 INFO  execution-log - TC # : 1, Parsing commands
----------------
2019-01-29 05:06:08,860 INFO  execution-log - Loading captured values from persistence.
----------------
2019-01-29 05:06:08,868 INFO  execution-log - TC # : 1, Started executing test case in the VMTESTAPP1 environment (http://vam-qa.cloudapp.net:6363/pages/login.html)
----------------
2019-01-29 05:06:08,913 INFO  execution-log -  Beginning StartIterationCommand ( Iterations : 1 )
----------------
2019-01-29 05:06:08,919 INFO  execution-log - TC # : 1, Starting iteration #1
----------------
2019-01-29 05:06:08,924 INFO  execution-log - 	 Command completed.
----------------
2019-01-29 05:06:08,930 INFO  execution-log -  Beginning InvokeApplicationCommand ( Target :  )
----------------
2019-01-29 05:06:09,850 INFO  execution-log - 	 Command completed.
----------------
2019-01-29 05:06:09,858 INFO  execution-log -  Beginning PageCommand ( CurrentPage : Login, FlowIdentifier : 1, DiIndicator : DI )
----------------
2019-01-29 05:06:09,868 INFO  execution-log - 	 Command completed.
----------------
2019-01-29 05:06:09,879 INFO  execution-log -  Beginning LoadTestDataItemCommand ( CurrentPage : Login, FlowIdentifier : 1, DiIndicator : DI )
----------------
2019-01-29 05:06:09,901 INFO  execution-log - [Sequence No - 1] Beginning ValidateExistStatusCommand ( LogicalFieldName : User Name, LogicalFieldValue : True )
----------------
2019-01-29 05:06:09,932 INFO  execution-log - [Sequence No - 1]	 Command completed.
----------------
2019-01-29 05:06:09,941 INFO  execution-log - [Sequence No - 2] Beginning ActionCommand ( LogicalFieldName : User Name, LogicalFieldValue : Click )
----------------
2019-01-29 05:06:10,076 INFO  execution-log - [Sequence No - 2]	 Command completed.
----------------
2019-01-29 05:06:10,100 INFO  execution-log - [Sequence No - 3] Beginning TestDataCommand ( LogicalFieldName : User Name, LogicalFieldValue : Jack )
----------------
2019-01-29 05:06:10,199 INFO  execution-log - [Sequence No - 3]	 Command completed.
----------------
2019-01-29 05:06:10,209 INFO  execution-log - [Sequence No - 4] Beginning ValidateExistStatusCommand ( LogicalFieldName : Password, LogicalFieldValue : True )
----------------
2019-01-29 05:06:10,230 INFO  execution-log - [Sequence No - 4]	 Command completed.
----------------
2019-01-29 05:06:10,240 INFO  execution-log - [Sequence No - 5] Beginning TestDataCommand ( LogicalFieldName : Password, LogicalFieldValue : Smit@123 )
----------------
2019-01-29 05:06:10,382 INFO  execution-log - [Sequence No - 5]	 Command completed.
----------------
2019-01-29 05:06:10,392 INFO  execution-log - [Sequence No - 6] Beginning ValidateEnableStatusCommand ( LogicalFieldName : Login_Button, LogicalFieldValue : True )
----------------
2019-01-29 05:06:10,426 INFO  execution-log - [Sequence No - 6]	 Command completed.
----------------
2019-01-29 05:06:10,434 INFO  execution-log - [Sequence No - 7] Beginning ActionCommand ( LogicalFieldName : Login_Button, LogicalFieldValue : Click )
----------------
2019-01-29 05:06:10,549 INFO  execution-log - [Sequence No - 7]	 Command completed.
----------------
2019-01-29 05:06:10,556 INFO  execution-log - 	 Command completed.
----------------
2019-01-29 05:06:10,561 INFO  execution-log -  Beginning PageCommand ( CurrentPage : Home, FlowIdentifier : 1, DiIndicator : DI )
----------------
2019-01-29 05:06:10,571 INFO  execution-log - 	 Command completed.
----------------
2019-01-29 05:06:10,577 INFO  execution-log -  Beginning LoadTestDataItemCommand ( CurrentPage : Home, FlowIdentifier : 1, DiIndicator : DI )
----------------
2019-01-29 05:06:10,587 INFO  execution-log - 	 Command completed.
----------------
2019-01-29 05:06:10,635 INFO  execution-log - Saving captured values to file.
----------------
2019-01-29 05:06:10,640 INFO  execution-log - TC # : 1, has completed successfully.
----------------
