2019-02-07 00:45:27,297 INFO  execution-log - 	Initializing control map with map # MASTER
----------------
2019-02-07 00:45:27,306 INFO  execution-log - Initializing Test Automation
----------------
2019-02-07 00:45:27,313 INFO  execution-log - 	target browser: Chrome
----------------
2019-02-07 00:45:27,318 INFO  execution-log - TC # : 1, Downloading test case from DB
----------------
2019-02-07 00:45:27,330 INFO  execution-log - TC # : 1, Getting control map :MASTER from DB
----------------
2019-02-07 00:45:27,330 INFO  execution-log - TC # : 1, Getting test data from DB
----------------
2019-02-07 00:45:27,343 INFO  execution-log - TC # : 1, Control map retrieval completed
----------------
2019-02-07 00:45:27,363 INFO  execution-log - TC # : 1, Test data retrieval completed
----------------
2019-02-07 00:45:27,370 INFO  execution-log - TC # : 1, Parsing commands
----------------
2019-02-07 00:45:27,376 INFO  execution-log - Loading captured values from persistence.
----------------
2019-02-07 00:45:27,381 INFO  execution-log - TC # : 1, Started executing test case in the VMTESTAPP1 environment (http://vam-qa.cloudapp.net:6363/pages/login.html)
----------------
2019-02-07 00:45:27,424 INFO  execution-log -  Beginning StartIterationCommand ( Iterations : 1 )
----------------
2019-02-07 00:45:27,434 INFO  execution-log - TC # : 1, Starting iteration #1
----------------
2019-02-07 00:45:27,440 INFO  execution-log - 	 Command completed.
----------------
2019-02-07 00:45:27,453 INFO  execution-log -  Beginning InvokeApplicationCommand ( Target :  )
----------------
2019-02-07 00:45:28,309 INFO  execution-log - 	 Command completed.
----------------
2019-02-07 00:45:28,323 INFO  execution-log -  Beginning PageCommand ( CurrentPage : Login, FlowIdentifier : 1, DiIndicator : DI )
----------------
2019-02-07 00:45:28,332 INFO  execution-log - 	 Command completed.
----------------
2019-02-07 00:45:28,334 INFO  execution-log -  Beginning LoadTestDataItemCommand ( CurrentPage : Login, FlowIdentifier : 1, DiIndicator : DI )
----------------
2019-02-07 00:45:28,350 INFO  execution-log - [Sequence No - 1] Beginning ValidateExistStatusCommand ( LogicalFieldName : User Name, LogicalFieldValue : True )
----------------
2019-02-07 00:45:28,374 INFO  execution-log - [Sequence No - 1]	 Command completed.
----------------
2019-02-07 00:45:28,384 INFO  execution-log - [Sequence No - 2] Beginning ActionCommand ( LogicalFieldName : User Name, LogicalFieldValue : Click )
----------------
2019-02-07 00:45:28,510 INFO  execution-log - [Sequence No - 2]	 Command completed.
----------------
2019-02-07 00:45:28,523 INFO  execution-log - [Sequence No - 3] Beginning TestDataCommand ( LogicalFieldName : User Name, LogicalFieldValue : Jack )
----------------
2019-02-07 00:45:28,616 INFO  execution-log - [Sequence No - 3]	 Command completed.
----------------
2019-02-07 00:45:28,627 INFO  execution-log - [Sequence No - 4] Beginning ValidateExistStatusCommand ( LogicalFieldName : Password, LogicalFieldValue : True )
----------------
2019-02-07 00:45:28,651 INFO  execution-log - [Sequence No - 4]	 Command completed.
----------------
2019-02-07 00:45:28,661 INFO  execution-log - [Sequence No - 5] Beginning TestDataCommand ( LogicalFieldName : Password, LogicalFieldValue : Smit@123 )
----------------
2019-02-07 00:45:28,805 INFO  execution-log - [Sequence No - 5]	 Command completed.
----------------
2019-02-07 00:45:28,818 INFO  execution-log - [Sequence No - 6] Beginning ValidateEnableStatusCommand ( LogicalFieldName : Login_Button, LogicalFieldValue : True )
----------------
2019-02-07 00:45:28,868 INFO  execution-log - [Sequence No - 6]	 Command completed.
----------------
2019-02-07 00:45:28,878 INFO  execution-log - [Sequence No - 7] Beginning ActionCommand ( LogicalFieldName : Login_Button, LogicalFieldValue : Click )
----------------
2019-02-07 00:45:28,990 INFO  execution-log - [Sequence No - 7]	 Command completed.
----------------
2019-02-07 00:45:28,997 INFO  execution-log - 	 Command completed.
----------------
2019-02-07 00:45:29,004 INFO  execution-log -  Beginning PageCommand ( CurrentPage : Home, FlowIdentifier : 2, DiIndicator : DI )
----------------
2019-02-07 00:45:29,010 INFO  execution-log - 	 Command completed.
----------------
2019-02-07 00:45:29,016 INFO  execution-log -  Beginning LoadTestDataItemCommand ( CurrentPage : Home, FlowIdentifier : 2, DiIndicator : DI )
----------------
2019-02-07 00:45:29,029 INFO  execution-log - [Sequence No - 8] Beginning ValidateEnableStatusCommand ( LogicalFieldName : New Quote, LogicalFieldValue : True )
----------------
2019-02-07 00:45:30,717 INFO  execution-log - [Sequence No - 8]	 Command completed.
----------------
2019-02-07 00:45:30,728 INFO  execution-log - [Sequence No - 9] Beginning ActionCommand ( LogicalFieldName : New Quote, LogicalFieldValue : Click )
----------------
2019-02-07 00:45:31,518 INFO  execution-log - [Sequence No - 9]	 Command completed.
----------------
2019-02-07 00:45:31,528 INFO  execution-log - 	 Command completed.
----------------
2019-02-07 00:45:31,537 INFO  execution-log -  Beginning PageCommand ( CurrentPage : New Quote, FlowIdentifier : 3, DiIndicator : DI )
----------------
2019-02-07 00:45:31,553 INFO  execution-log - 	 Command completed.
----------------
2019-02-07 00:45:31,561 INFO  execution-log -  Beginning LoadTestDataItemCommand ( CurrentPage : New Quote, FlowIdentifier : 3, DiIndicator : DI )
----------------
2019-02-07 00:45:31,596 INFO  execution-log - [Sequence No - 10] Beginning ValidateExistStatusCommand ( LogicalFieldName : Account Name, LogicalFieldValue : True )
----------------
2019-02-07 00:45:31,626 INFO  execution-log - [Sequence No - 10]	 Command completed.
----------------
2019-02-07 00:45:31,636 INFO  execution-log - [Sequence No - 11] Beginning TestDataCommand ( LogicalFieldName : Account Name, LogicalFieldValue : RANDOMIZE(7,2) )
----------------
2019-02-07 00:45:31,908 INFO  execution-log - [Sequence No - 11]	 Command completed.
----------------
2019-02-07 00:45:31,921 INFO  execution-log - [Sequence No - 12] Beginning ValidateExistStatusCommand ( LogicalFieldName : First Name, LogicalFieldValue : True )
----------------
2019-02-07 00:45:31,961 INFO  execution-log - [Sequence No - 12]	 Command completed.
----------------
2019-02-07 00:45:31,973 INFO  execution-log - [Sequence No - 13] Beginning TestDataCommand ( LogicalFieldName : First Name, LogicalFieldValue : Jack )
----------------
2019-02-07 00:45:32,200 INFO  execution-log - [Sequence No - 13]	 Command completed.
----------------
2019-02-07 00:45:32,210 INFO  execution-log - [Sequence No - 14] Beginning ValidateEnableStatusCommand ( LogicalFieldName : Last Name, LogicalFieldValue : True )
----------------
2019-02-07 00:45:32,243 INFO  execution-log - [Sequence No - 14]	 Command completed.
----------------
2019-02-07 00:45:32,254 INFO  execution-log - [Sequence No - 15] Beginning TestDataCommand ( LogicalFieldName : Last Name, LogicalFieldValue : Smith )
----------------
2019-02-07 00:45:32,429 INFO  execution-log - [Sequence No - 15]	 Command completed.
----------------
2019-02-07 00:45:32,439 INFO  execution-log - [Sequence No - 16] Beginning ValidateExistStatusCommand ( LogicalFieldName : ContactNumber1, LogicalFieldValue : True )
----------------
2019-02-07 00:45:32,466 INFO  execution-log - [Sequence No - 16]	 Command completed.
----------------
2019-02-07 00:45:32,478 INFO  execution-log - [Sequence No - 17] Beginning TestDataCommand ( LogicalFieldName : ContactNumber1, LogicalFieldValue : 654 )
----------------
2019-02-07 00:45:32,611 INFO  execution-log - [Sequence No - 17]	 Command completed.
----------------
2019-02-07 00:45:32,626 INFO  execution-log - [Sequence No - 18] Beginning TestDataCommand ( LogicalFieldName : ContactNumber2, LogicalFieldValue : 321 )
----------------
2019-02-07 00:45:32,804 INFO  execution-log - [Sequence No - 18]	 Command completed.
----------------
2019-02-07 00:45:32,815 INFO  execution-log - [Sequence No - 19] Beginning TestDataCommand ( LogicalFieldName : ContactNumber3, LogicalFieldValue : 6541 )
----------------
2019-02-07 00:45:32,959 INFO  execution-log - [Sequence No - 19]	 Command completed.
----------------
2019-02-07 00:45:32,978 INFO  execution-log - [Sequence No - 20] Beginning ValidateExistStatusCommand ( LogicalFieldName : Primary Email, LogicalFieldValue : True )
----------------
2019-02-07 00:45:33,104 INFO  execution-log - [Sequence No - 20]	 Command completed.
----------------
2019-02-07 00:45:33,116 INFO  execution-log - [Sequence No - 21] Beginning TestDataCommand ( LogicalFieldName : Primary Email, LogicalFieldValue : jack.smith@gmail.com )
----------------
2019-02-07 00:45:33,940 INFO  execution-log - [Sequence No - 21]	 Command completed.
----------------
2019-02-07 00:45:33,951 INFO  execution-log - [Sequence No - 22] Beginning ValidateExistStatusCommand ( LogicalFieldName : Business Started Year, LogicalFieldValue : True )
----------------
2019-02-07 00:45:33,979 INFO  execution-log - [Sequence No - 22]	 Command completed.
----------------
2019-02-07 00:45:33,990 INFO  execution-log - [Sequence No - 23] Beginning TestDataCommand ( LogicalFieldName : Business Started Year, LogicalFieldValue : 2012 )
----------------
2019-02-07 00:45:34,165 INFO  execution-log - [Sequence No - 23]	 Command completed.
----------------
2019-02-07 00:45:34,175 INFO  execution-log - [Sequence No - 24] Beginning ValidateExistStatusCommand ( LogicalFieldName : Select Product, LogicalFieldValue : True )
----------------
2019-02-07 00:45:34,214 INFO  execution-log - [Sequence No - 24]	 Command completed.
----------------
2019-02-07 00:45:34,224 INFO  execution-log - [Sequence No - 25] Beginning ActionCommand ( LogicalFieldName : Select Product, LogicalFieldValue : Click )
----------------
2019-02-07 00:45:34,582 INFO  execution-log - [Sequence No - 25]	 Command completed.
----------------
2019-02-07 00:45:34,593 INFO  execution-log - [Sequence No - 26] Beginning ActionCommand ( LogicalFieldName : Select Product1, LogicalFieldValue : Click )
----------------
2019-02-07 00:45:34,805 INFO  execution-log - [Sequence No - 26]	 Command completed.
----------------
2019-02-07 00:45:34,816 INFO  execution-log - [Sequence No - 27] Beginning ValidateExistStatusCommand ( LogicalFieldName : Contact Name, LogicalFieldValue : True )
----------------
2019-02-07 00:45:34,862 INFO  execution-log - [Sequence No - 27]	 Command completed.
----------------
2019-02-07 00:45:34,873 INFO  execution-log - [Sequence No - 28] Beginning ActionCommand ( LogicalFieldName : Contact Name, LogicalFieldValue : Click )
----------------
2019-02-07 00:45:35,126 INFO  execution-log - [Sequence No - 28]	 Command completed.
----------------
2019-02-07 00:45:35,139 INFO  execution-log - [Sequence No - 29] Beginning ActionCommand ( LogicalFieldName : Contact Name Initial Select, LogicalFieldValue : Click )
----------------
2019-02-07 00:45:36,498 INFO  execution-log - [Sequence No - 29]	 Command completed.
----------------
2019-02-07 00:45:36,512 INFO  execution-log - [Sequence No - 30] Beginning ValidateExistStatusCommand ( LogicalFieldName : Industry, LogicalFieldValue : True )
----------------
2019-02-07 00:45:36,562 INFO  execution-log - [Sequence No - 30]	 Command completed.
----------------
2019-02-07 00:45:36,577 INFO  execution-log - [Sequence No - 31] Beginning ActionCommand ( LogicalFieldName : Industry, LogicalFieldValue : Click )
----------------
2019-02-07 00:45:37,589 INFO  execution-log - [Sequence No - 31]	 Command completed.
----------------
2019-02-07 00:45:37,603 INFO  execution-log - [Sequence No - 32] Beginning ActionCommand ( LogicalFieldName : Industry1, LogicalFieldValue : Click )
----------------
2019-02-07 00:45:38,028 INFO  execution-log - [Sequence No - 32]	 Command completed.
----------------
2019-02-07 00:45:38,040 INFO  execution-log - [Sequence No - 33] Beginning ValidateExistStatusCommand ( LogicalFieldName : Zip Code, LogicalFieldValue : True )
----------------
2019-02-07 00:45:38,120 INFO  execution-log - [Sequence No - 33]	 Command completed.
----------------
2019-02-07 00:45:38,131 INFO  execution-log - [Sequence No - 34] Beginning TestDataCommand ( LogicalFieldName : Zip Code, LogicalFieldValue : 53704 )
----------------
2019-02-07 00:45:38,394 INFO  execution-log - [Sequence No - 34]	 Command completed.
----------------
2019-02-07 00:45:38,414 INFO  execution-log - [Sequence No - 35] Beginning ActionCommand ( LogicalFieldName : zipcode click, LogicalFieldValue : Click )
----------------
2019-02-07 00:45:38,817 INFO  execution-log - [Sequence No - 35]	 Command completed.
----------------
2019-02-07 00:45:38,828 INFO  execution-log - [Sequence No - 36] Beginning ValidateExistStatusCommand ( LogicalFieldName : Street Address, LogicalFieldValue : True )
----------------
2019-02-07 00:45:38,859 INFO  execution-log - [Sequence No - 36]	 Command completed.
----------------
2019-02-07 00:45:38,869 INFO  execution-log - [Sequence No - 37] Beginning TestDataCommand ( LogicalFieldName : Street Address, LogicalFieldValue : 123 BLUEJAY LN )
----------------
2019-02-07 00:45:39,255 INFO  execution-log - [Sequence No - 37]	 Command completed.
----------------
2019-02-07 00:45:39,266 INFO  execution-log - [Sequence No - 38] Beginning ValidateExistStatusCommand ( LogicalFieldName : Same as Physical Address, LogicalFieldValue : True )
----------------
2019-02-07 00:45:39,298 INFO  execution-log - [Sequence No - 38]	 Command completed.
----------------
2019-02-07 00:45:39,309 INFO  execution-log - [Sequence No - 39] Beginning ActionCommand ( LogicalFieldName : Same as Physical Address, LogicalFieldValue : Click )
----------------
2019-02-07 00:45:39,943 INFO  execution-log - [Sequence No - 39]	 Command completed.
----------------
2019-02-07 00:45:39,981 INFO  execution-log - [Sequence No - 40] Beginning ValidateEnableStatusCommand ( LogicalFieldName : Proceed, LogicalFieldValue : True )
----------------
2019-02-07 00:45:40,078 INFO  execution-log - [Sequence No - 40]	 Command completed.
----------------
2019-02-07 00:45:40,088 INFO  execution-log - [Sequence No - 41] Beginning ActionCommand ( LogicalFieldName : Proceed, LogicalFieldValue : Click )
----------------
2019-02-07 00:45:40,538 INFO  execution-log - [Sequence No - 41]	 Command completed.
----------------
2019-02-07 00:45:40,546 INFO  execution-log - 	 Command completed.
----------------
2019-02-07 00:45:40,553 INFO  execution-log -  Beginning PageCommand ( CurrentPage : Insured Info, FlowIdentifier : 4, DiIndicator : DI )
----------------
2019-02-07 00:45:40,566 INFO  execution-log - 	 Command completed.
----------------
2019-02-07 00:45:40,572 INFO  execution-log -  Beginning LoadTestDataItemCommand ( CurrentPage : Insured Info, FlowIdentifier : 4, DiIndicator : DI )
----------------
2019-02-07 00:45:40,586 INFO  execution-log - [Sequence No - 42] Beginning ValidateEnableStatusCommand ( LogicalFieldName : InsuredName, LogicalFieldValue : True )
----------------
2019-02-07 00:45:42,756 INFO  execution-log - [Sequence No - 42]	 Command completed.
----------------
2019-02-07 00:45:42,766 INFO  execution-log - [Sequence No - 43] Beginning TestDataCommand ( LogicalFieldName : InsuredName, LogicalFieldValue : Smith )
----------------
2019-02-07 00:45:43,025 INFO  execution-log - [Sequence No - 43]	 Command completed.
----------------
2019-02-07 00:45:43,038 INFO  execution-log - [Sequence No - 44] Beginning ValidateEnableStatusCommand ( LogicalFieldName : Primary State Click, LogicalFieldValue : True )
----------------
2019-02-07 00:45:43,102 INFO  execution-log - [Sequence No - 44]	 Command completed.
----------------
2019-02-07 00:45:43,112 INFO  execution-log - [Sequence No - 45] Beginning ActionCommand ( LogicalFieldName : Primary State Click, LogicalFieldValue : Click )
----------------
2019-02-07 00:45:43,273 INFO  execution-log - [Sequence No - 45]	 Command completed.
----------------
2019-02-07 00:45:43,286 INFO  execution-log - [Sequence No - 46] Beginning ActionCommand ( LogicalFieldName : PrimayState Select, LogicalFieldValue : Click )
----------------
2019-02-07 00:45:46,303 INFO  execution-log - [Sequence No - 46]	 Command completed.
----------------
2019-02-07 00:45:46,321 INFO  execution-log - [Sequence No - 47] Beginning ValidateExistStatusCommand ( LogicalFieldName : Street Address, LogicalFieldValue : True )
----------------
2019-02-07 00:45:46,481 INFO  execution-log - [Sequence No - 47]	 Command completed.
----------------
2019-02-07 00:45:46,493 INFO  execution-log - [Sequence No - 48] Beginning TestDataCommand ( LogicalFieldName : Street Address, LogicalFieldValue : 123 new street )
----------------
2019-02-07 00:45:47,377 INFO  execution-log - [Sequence No - 48]	 Command completed.
----------------
2019-02-07 00:45:47,392 INFO  execution-log - [Sequence No - 49] Beginning ValidateExistStatusCommand ( LogicalFieldName : Zip Code, LogicalFieldValue : True )
----------------
2019-02-07 00:45:47,590 INFO  execution-log - [Sequence No - 49]	 Command completed.
----------------
2019-02-07 00:45:47,602 INFO  execution-log - [Sequence No - 50] Beginning TestDataCommand ( LogicalFieldName : Zip Code, LogicalFieldValue : 53704 )
----------------
2019-02-07 00:45:48,350 INFO  execution-log - [Sequence No - 50]	 Command completed.
----------------
2019-02-07 00:45:48,370 INFO  execution-log - [Sequence No - 51] Beginning ValidateExistStatusCommand ( LogicalFieldName : Same as Physical Address, LogicalFieldValue : True )
----------------
2019-02-07 00:45:48,428 INFO  execution-log - [Sequence No - 51]	 Command completed.
----------------
2019-02-07 00:45:48,441 INFO  execution-log - [Sequence No - 52] Beginning ActionCommand ( LogicalFieldName : Same as Physical Address, LogicalFieldValue : Click )
----------------
2019-02-07 00:45:48,709 INFO  execution-log - [Sequence No - 52]	 Command completed.
----------------
2019-02-07 00:45:48,721 INFO  execution-log - [Sequence No - 53] Beginning ValidateExistStatusCommand ( LogicalFieldName : SIC Code, LogicalFieldValue : True )
----------------
2019-02-07 00:45:48,798 INFO  execution-log - [Sequence No - 53]	 Command completed.
----------------
2019-02-07 00:45:48,808 INFO  execution-log - [Sequence No - 54] Beginning TestDataCommand ( LogicalFieldName : SIC Code, LogicalFieldValue : 41510000-School buses )
----------------
2019-02-07 00:45:49,431 INFO  execution-log - [Sequence No - 54]	 Command completed.
----------------
2019-02-07 00:45:49,445 INFO  execution-log - [Sequence No - 55] Beginning ValidateExistStatusCommand ( LogicalFieldName : BusinessInceptionYear, LogicalFieldValue : True )
----------------
2019-02-07 00:45:49,477 INFO  execution-log - [Sequence No - 55]	 Command completed.
----------------
2019-02-07 00:45:49,493 INFO  execution-log - [Sequence No - 56] Beginning TestDataCommand ( LogicalFieldName : BusinessInceptionYear, LogicalFieldValue : 2012 )
----------------
2019-02-07 00:45:49,674 INFO  execution-log - [Sequence No - 56]	 Command completed.
----------------
2019-02-07 00:45:49,688 INFO  execution-log - [Sequence No - 57] Beginning ValidateExistStatusCommand ( LogicalFieldName : BusinessPhone, LogicalFieldValue : True )
----------------
2019-02-07 00:45:49,721 INFO  execution-log - [Sequence No - 57]	 Command completed.
----------------
2019-02-07 00:45:49,732 INFO  execution-log - [Sequence No - 58] Beginning TestDataCommand ( LogicalFieldName : BusinessPhone, LogicalFieldValue : 6549879879 )
----------------
2019-02-07 00:45:51,068 INFO  execution-log - [Sequence No - 58]	 Command completed.
----------------
2019-02-07 00:45:51,080 INFO  execution-log - [Sequence No - 59] Beginning ValidateEnableStatusCommand ( LogicalFieldName : Next, LogicalFieldValue : True )
----------------
2019-02-07 00:45:51,120 INFO  execution-log - [Sequence No - 59]	 Command completed.
----------------
2019-02-07 00:45:51,131 INFO  execution-log - [Sequence No - 60] Beginning ActionCommand ( LogicalFieldName : Next, LogicalFieldValue : Click )
----------------
2019-02-07 00:45:51,293 INFO  execution-log - [Sequence No - 60]	 Command completed.
----------------
2019-02-07 00:45:51,307 INFO  execution-log - 	 Command completed.
----------------
2019-02-07 00:45:51,315 INFO  execution-log -  Beginning PageCommand ( CurrentPage : Policy Info, FlowIdentifier : 5, DiIndicator : DI )
----------------
2019-02-07 00:45:51,320 INFO  execution-log - 	 Command completed.
----------------
2019-02-07 00:45:51,328 INFO  execution-log -  Beginning LoadTestDataItemCommand ( CurrentPage : Policy Info, FlowIdentifier : 5, DiIndicator : DI )
----------------
2019-02-07 00:45:51,347 INFO  execution-log - [Sequence No - 61] Beginning ValidateEnableStatusCommand ( LogicalFieldName : Which State do u operate In?, LogicalFieldValue : True )
----------------
2019-02-07 00:45:52,457 INFO  execution-log - [Sequence No - 61]	 Command completed.
----------------
2019-02-07 00:45:52,492 INFO  execution-log - [Sequence No - 62] Beginning ActionCommand ( LogicalFieldName : Which State do u operate In?, LogicalFieldValue : Click )
----------------
2019-02-07 00:45:53,003 INFO  execution-log - [Sequence No - 62]	 Command completed.
----------------
2019-02-07 00:45:53,014 INFO  execution-log - [Sequence No - 63] Beginning ActionCommand ( LogicalFieldName : Which State do u operate In?1, LogicalFieldValue : Click )
----------------
2019-02-07 00:45:53,669 INFO  execution-log - [Sequence No - 63]	 Command completed.
----------------
2019-02-07 00:45:53,679 INFO  execution-log - [Sequence No - 64] Beginning ActionCommand ( LogicalFieldName : Label Click, LogicalFieldValue : Click )
----------------
2019-02-07 00:45:53,840 INFO  execution-log - [Sequence No - 64]	 Command completed.
----------------
2019-02-07 00:45:53,854 INFO  execution-log - [Sequence No - 65] Beginning ActionCommand ( LogicalFieldName : Collapse, LogicalFieldValue : Click )
----------------
2019-02-07 00:45:54,073 INFO  execution-log - [Sequence No - 65]	 Command completed.
----------------
2019-02-07 00:45:54,084 INFO  execution-log - [Sequence No - 66] Beginning ValidateEnableStatusCommand ( LogicalFieldName : Select Product, LogicalFieldValue : True )
----------------
2019-02-07 00:45:54,137 INFO  execution-log - [Sequence No - 66]	 Command completed.
----------------
2019-02-07 00:45:54,155 INFO  execution-log - [Sequence No - 67] Beginning ActionCommand ( LogicalFieldName : Select Product, LogicalFieldValue : Click-Wait(2000) )
----------------
2019-02-07 00:45:58,334 INFO  execution-log - [Sequence No - 67]	 Command completed.
----------------
2019-02-07 00:45:58,344 INFO  execution-log - [Sequence No - 68] Beginning ActionCommand ( LogicalFieldName : Select Product 1, LogicalFieldValue : Click )
----------------
2019-02-07 00:46:01,398 INFO  execution-log - [Sequence No - 68]	 Command completed.
----------------
2019-02-07 00:46:01,410 INFO  execution-log - [Sequence No - 69] Beginning ValidateEnableStatusCommand ( LogicalFieldName : Next Policy Info, LogicalFieldValue : True )
----------------
2019-02-07 00:46:01,541 INFO  execution-log - [Sequence No - 69]	 Command completed.
----------------
2019-02-07 00:46:01,553 INFO  execution-log - [Sequence No - 70] Beginning ActionCommand ( LogicalFieldName : Next Policy Info, LogicalFieldValue : Click(1000) )
----------------
2019-02-07 00:46:01,718 INFO  execution-log - [Sequence No - 70]	 Command completed.
----------------
2019-02-07 00:46:01,726 INFO  execution-log - 	 Command completed.
----------------
2019-02-07 00:46:01,755 INFO  execution-log - Saving captured values to file.
----------------
2019-02-07 00:46:01,763 INFO  execution-log - TC # : 1, has completed successfully.
----------------
