2018-11-09 09:06:06,531 INFO  execution-log - 	Initializing control map with map # Master
----------------
2018-11-09 09:06:06,533 INFO  execution-log - Initializing Test Automation
----------------
2018-11-09 09:06:06,533 INFO  execution-log - 	target browser: Chrome
----------------
2018-11-09 09:06:06,534 INFO  execution-log - TC # : 2, Downloading test case from DB
----------------
2018-11-09 09:06:06,537 INFO  execution-log - TC # : 2, Getting test data from DB
----------------
2018-11-09 09:06:06,537 INFO  execution-log - TC # : 2, Getting control map :Master from DB
----------------
2018-11-09 09:06:06,554 INFO  execution-log - TC # : 2, Control map retrieval completed
----------------
2018-11-09 09:06:06,555 INFO  execution-log - TC # : 2, Test data retrieval completed
----------------
2018-11-09 09:06:06,556 INFO  execution-log - TC # : 2, Parsing commands
----------------
2018-11-09 09:06:06,557 INFO  execution-log - Loading captured values from persistence.
----------------
2018-11-09 09:06:06,559 INFO  execution-log - TC # : 2, Started executing test case in the HISCOX environment (http://hiscpvt.cloud.hiscox.com/oneshield/index.jsp#gateway)
----------------
2018-11-09 09:06:06,604 INFO  execution-log -  Beginning StartIterationCommand ( Iterations : 1 )
----------------
2018-11-09 09:06:06,605 INFO  execution-log - TC # : 2, Starting iteration #1
----------------
2018-11-09 09:06:06,606 INFO  execution-log - 	 Command completed.
----------------
2018-11-09 09:06:06,608 INFO  execution-log -  Beginning InvokeApplicationCommand ( Target :  )
----------------
2018-11-09 09:06:07,927 INFO  execution-log - 	 Command completed.
----------------
2018-11-09 09:06:07,928 INFO  execution-log -  Beginning PageCommand ( CurrentPage : Login, FlowIdentifier : 1, DiIndicator : DI )
----------------
2018-11-09 09:06:07,929 INFO  execution-log - 	 Command completed.
----------------
2018-11-09 09:06:07,930 INFO  execution-log -  Beginning LoadTestDataItemCommand ( CurrentPage : Login, FlowIdentifier : 1, DiIndicator : DI )
----------------
2018-11-09 09:06:07,964 INFO  execution-log - [Sequence No - 1] Beginning TestDataCommand ( LogicalFieldName : Partner Number, LogicalFieldValue : 0 )
----------------
2018-11-09 09:06:09,200 INFO  execution-log - [Sequence No - 1]	 Command completed.
----------------
2018-11-09 09:06:09,205 INFO  execution-log - [Sequence No - 2] Beginning TestDataCommand ( LogicalFieldName : Username, LogicalFieldValue : karthicuw )
----------------
2018-11-09 09:06:09,366 INFO  execution-log - [Sequence No - 2]	 Command completed.
----------------
2018-11-09 09:06:09,373 INFO  execution-log - [Sequence No - 3] Beginning TestDataCommand ( LogicalFieldName : Password, LogicalFieldValue : Monday!23 )
----------------
2018-11-09 09:06:09,523 INFO  execution-log - [Sequence No - 3]	 Command completed.
----------------
2018-11-09 09:06:09,527 INFO  execution-log - [Sequence No - 4] Beginning TestDataCommand ( LogicalFieldName : Partner Number, LogicalFieldValue : 0 )
----------------
2018-11-09 09:06:09,684 INFO  execution-log - [Sequence No - 4]	 Command completed.
----------------
2018-11-09 09:06:09,688 INFO  execution-log - [Sequence No - 5] Beginning ActionCommand ( LogicalFieldName : Login Page, LogicalFieldValue : Click )
----------------
2018-11-09 09:06:09,839 INFO  execution-log - [Sequence No - 5]	 Command completed.
----------------
2018-11-09 09:06:09,844 INFO  execution-log - [Sequence No - 6] Beginning ActionCommand ( LogicalFieldName : Login Button, LogicalFieldValue : Click )
----------------
2018-11-09 09:06:10,012 INFO  execution-log - [Sequence No - 6]	 Command completed.
----------------
2018-11-09 09:06:10,016 INFO  execution-log - [Sequence No - 7] Beginning TestDataCommand ( LogicalFieldName : Partner Number, LogicalFieldValue : 0 )
----------------
2018-11-09 09:06:10,269 INFO  execution-log - [Sequence No - 7]	 Command completed.
----------------
2018-11-09 09:06:10,271 INFO  execution-log - 	 Command completed.
----------------
2018-11-09 09:06:10,272 INFO  execution-log -  Beginning PageCommand ( CurrentPage : Quotes, FlowIdentifier : 1, DiIndicator : DI )
----------------
2018-11-09 09:06:10,273 INFO  execution-log - 	 Command completed.
----------------
2018-11-09 09:06:10,273 INFO  execution-log -  Beginning LoadTestDataItemCommand ( CurrentPage : Quotes, FlowIdentifier : 1, DiIndicator : DI )
----------------
2018-11-09 09:06:10,305 INFO  execution-log - [Sequence No - 8] Beginning WaitForControlCommand ( LogicalFieldName : Quotes_Link, LogicalFieldValue : True )
----------------
2018-11-09 09:06:11,294 INFO  execution-log - [Sequence No - 8]	 Command completed.
----------------
2018-11-09 09:06:11,299 INFO  execution-log - [Sequence No - 9] Beginning ActionCommand ( LogicalFieldName : Quotes_Link, LogicalFieldValue : Click )
----------------
2018-11-09 09:06:11,507 INFO  execution-log - [Sequence No - 9]	 Command completed.
----------------
2018-11-09 09:06:11,512 INFO  execution-log - [Sequence No - 10] Beginning WaitForControlCommand ( LogicalFieldName : New quote, LogicalFieldValue : True )
----------------
2018-11-09 09:06:13,461 INFO  execution-log - [Sequence No - 10]	 Command completed.
----------------
2018-11-09 09:06:13,466 INFO  execution-log - [Sequence No - 11] Beginning ActionCommand ( LogicalFieldName : New quote, LogicalFieldValue : Click )
----------------
2018-11-09 09:06:13,659 INFO  execution-log - [Sequence No - 11]	 Command completed.
----------------
2018-11-09 09:06:13,668 INFO  execution-log - [Sequence No - 12] Beginning ActionCommand ( LogicalFieldName : Select Producing Agency, LogicalFieldValue : Click-Wait(500) )
----------------
2018-11-09 09:06:15,278 INFO  execution-log - [Sequence No - 12]	 Command completed.
----------------
2018-11-09 09:06:15,282 INFO  execution-log - [Sequence No - 13] Beginning ActionCommand ( LogicalFieldName : Select Agency, LogicalFieldValue : Click )
----------------
2018-11-09 09:06:15,419 INFO  execution-log - [Sequence No - 13]	 Command completed.
----------------
2018-11-09 09:06:15,423 INFO  execution-log - [Sequence No - 14] Beginning WaitForControlCommand ( LogicalFieldName : Producer, LogicalFieldValue : True )
----------------
2018-11-09 09:06:17,299 INFO  execution-log - [Sequence No - 14]	 Command completed.
----------------
2018-11-09 09:06:17,305 INFO  execution-log - [Sequence No - 15] Beginning ActionCommand ( LogicalFieldName : Producer, LogicalFieldValue : Click-Wait(500) )
----------------
2018-11-09 09:06:18,504 INFO  execution-log - [Sequence No - 15]	 Command completed.
----------------
2018-11-09 09:06:18,508 INFO  execution-log - [Sequence No - 16] Beginning TestDataCommand ( LogicalFieldName : Producer, LogicalFieldValue : Agency  Producer )
----------------
2018-11-09 09:06:19,122 INFO  execution-log - [Sequence No - 16]	 Command completed.
----------------
2018-11-09 09:06:19,129 INFO  execution-log - [Sequence No - 17] Beginning TestDataCommand ( LogicalFieldName : First Name, LogicalFieldValue : HISCOX )
----------------
2018-11-09 09:06:19,515 INFO  execution-log - [Sequence No - 17]	 Command completed.
----------------
2018-11-09 09:06:19,520 INFO  execution-log - [Sequence No - 18] Beginning TestDataCommand ( LogicalFieldName : Last Name, LogicalFieldValue : Demo )
----------------
2018-11-09 09:06:19,762 INFO  execution-log - [Sequence No - 18]	 Command completed.
----------------
2018-11-09 09:06:19,767 INFO  execution-log - [Sequence No - 19] Beginning TestDataCommand ( LogicalFieldName : City, LogicalFieldValue : Atlanta )
----------------
2018-11-09 09:06:20,018 INFO  execution-log - [Sequence No - 19]	 Command completed.
----------------
2018-11-09 09:06:20,022 INFO  execution-log - [Sequence No - 20] Beginning TestDataCommand ( LogicalFieldName : State, LogicalFieldValue : Georgia )
----------------
2018-11-09 09:06:20,397 INFO  execution-log - [Sequence No - 20]	 Command completed.
----------------
2018-11-09 09:06:20,403 INFO  execution-log - [Sequence No - 21] Beginning TestDataCommand ( LogicalFieldName : Zip, LogicalFieldValue : 30338 )
----------------
2018-11-09 09:06:20,590 INFO  execution-log - [Sequence No - 21]	 Command completed.
----------------
2018-11-09 09:06:20,594 INFO  execution-log - [Sequence No - 22] Beginning TestDataCommand ( LogicalFieldName : Address Line 1, LogicalFieldValue : 1 Main st )
----------------
2018-11-09 09:06:20,884 INFO  execution-log - [Sequence No - 22]	 Command completed.
----------------
2018-11-09 09:06:20,894 INFO  execution-log - [Sequence No - 23] Beginning TestDataCommand ( LogicalFieldName : Address Line 2, LogicalFieldValue : 1 )
----------------
2018-11-09 09:06:21,028 INFO  execution-log - [Sequence No - 23]	 Command completed.
----------------
2018-11-09 09:06:21,033 INFO  execution-log - [Sequence No - 24] Beginning ActionCommand ( LogicalFieldName : Product line (errors and omissions), LogicalFieldValue : Click )
----------------
2018-11-09 09:06:21,228 INFO  execution-log - [Sequence No - 24]	 Command completed.
----------------
2018-11-09 09:06:21,232 INFO  execution-log - [Sequence No - 25] Beginning ActionCommand ( LogicalFieldName : Customer search, LogicalFieldValue : Click )
----------------
2018-11-09 09:06:21,537 INFO  execution-log - [Sequence No - 25]	 Command completed.
----------------
2018-11-09 09:06:21,538 INFO  execution-log - 	 Command completed.
----------------
2018-11-09 09:06:21,539 INFO  execution-log -  Beginning PageCommand ( CurrentPage : QuoteDetails, FlowIdentifier : 1, DiIndicator : DI )
----------------
2018-11-09 09:06:21,540 INFO  execution-log - 	 Command completed.
----------------
2018-11-09 09:06:21,541 INFO  execution-log -  Beginning LoadTestDataItemCommand ( CurrentPage : QuoteDetails, FlowIdentifier : 1, DiIndicator : DI )
----------------
2018-11-09 09:06:21,556 INFO  execution-log - [Sequence No - 26] Beginning WaitForControlCommand ( LogicalFieldName : Retro-active Date, LogicalFieldValue : True )
----------------
2018-11-09 09:06:28,381 INFO  execution-log - [Sequence No - 26]	 Command completed.
----------------
2018-11-09 09:06:28,388 INFO  execution-log - [Sequence No - 27] Beginning TestDataCommand ( LogicalFieldName : Rating Company, LogicalFieldValue : FDLI Protection Insurance Company )
----------------
2018-11-09 09:06:28,951 INFO  execution-log - [Sequence No - 27]	 Command completed.
----------------
2018-11-09 09:06:28,955 INFO  execution-log - [Sequence No - 28] Beginning TestDataCommand ( LogicalFieldName : Retro-active Date, LogicalFieldValue : 09/11/2018 )
----------------
2018-11-09 09:06:29,113 INFO  execution-log - [Sequence No - 28]	 Command completed.
----------------
2018-11-09 09:06:29,118 INFO  execution-log - [Sequence No - 29] Beginning TestDataCommand ( LogicalFieldName : Professional Liability Gross Sales, LogicalFieldValue : 100000 )
----------------
2018-11-09 09:06:29,262 INFO  execution-log - [Sequence No - 29]	 Command completed.
----------------
2018-11-09 09:06:29,267 INFO  execution-log - [Sequence No - 30] Beginning ActionCommand ( LogicalFieldName : QuoteDetails Page, LogicalFieldValue : Click )
----------------
2018-11-09 09:06:29,449 INFO  execution-log - [Sequence No - 30]	 Command completed.
----------------
2018-11-09 09:06:29,453 INFO  execution-log - [Sequence No - 31] Beginning ActionCommand ( LogicalFieldName : Save Changes, LogicalFieldValue : Click )
----------------
2018-11-09 09:06:29,605 INFO  execution-log - [Sequence No - 31]	 Command completed.
----------------
2018-11-09 09:06:29,609 INFO  execution-log - [Sequence No - 32] Beginning WaitForControlCommand ( LogicalFieldName : Rate Quote, LogicalFieldValue : True )
----------------
2018-11-09 09:06:30,447 INFO  execution-log - [Sequence No - 32]	 Command completed.
----------------
2018-11-09 09:06:30,454 INFO  execution-log - [Sequence No - 33] Beginning ActionCommand ( LogicalFieldName : Rate Quote, LogicalFieldValue : Click-Wait(1000) )
----------------
2018-11-09 09:06:32,618 INFO  execution-log - [Sequence No - 33]	 Command completed.
----------------
2018-11-09 09:06:32,623 INFO  execution-log - [Sequence No - 34] Beginning WaitForControlCommand ( LogicalFieldName : Request Issue, LogicalFieldValue : True )
----------------
2018-11-09 09:06:39,158 INFO  execution-log - [Sequence No - 34]	 Command completed.
----------------
2018-11-09 09:06:39,163 INFO  execution-log - [Sequence No - 35] Beginning ActionCommand ( LogicalFieldName : Request Issue, LogicalFieldValue : Click-Wait(1000) )
----------------
2018-11-09 09:06:41,389 INFO  execution-log - [Sequence No - 35]	 Command completed.
----------------
2018-11-09 09:06:41,394 INFO  execution-log - [Sequence No - 36] Beginning WaitForControlCommand ( LogicalFieldName : Next, LogicalFieldValue : True )
----------------
2018-11-09 09:06:42,169 INFO  execution-log - [Sequence No - 36]	 Command completed.
----------------
2018-11-09 09:06:42,173 INFO  execution-log - [Sequence No - 37] Beginning ActionCommand ( LogicalFieldName : Next, LogicalFieldValue : Click )
----------------
2018-11-09 09:06:42,319 INFO  execution-log - [Sequence No - 37]	 Command completed.
----------------
2018-11-09 09:06:42,321 INFO  execution-log - 	 Command completed.
----------------
2018-11-09 09:06:42,322 INFO  execution-log -  Beginning PageCommand ( CurrentPage : Payment Profile, FlowIdentifier : 1, DiIndicator : DI )
----------------
2018-11-09 09:06:42,323 INFO  execution-log - 	 Command completed.
----------------
2018-11-09 09:06:42,324 INFO  execution-log -  Beginning LoadTestDataItemCommand ( CurrentPage : Payment Profile, FlowIdentifier : 1, DiIndicator : DI )
----------------
2018-11-09 09:06:42,358 INFO  execution-log - [Sequence No - 38] Beginning WaitForControlCommand ( LogicalFieldName : Check Payment, LogicalFieldValue : True )
----------------
2018-11-09 09:06:43,917 INFO  execution-log - [Sequence No - 38]	 Command completed.
----------------
2018-11-09 09:06:43,921 INFO  execution-log - [Sequence No - 39] Beginning ActionCommand ( LogicalFieldName : Check Payment, LogicalFieldValue : Click )
----------------
2018-11-09 09:06:44,081 INFO  execution-log - [Sequence No - 39]	 Command completed.
----------------
2018-11-09 09:06:44,086 INFO  execution-log - [Sequence No - 40] Beginning ActionCommand ( LogicalFieldName : Next, LogicalFieldValue : Click-Wait(1000) )
----------------
2018-11-09 09:06:46,351 INFO  execution-log - [Sequence No - 40]	 Command completed.
----------------
2018-11-09 09:06:46,352 INFO  execution-log - 	 Command completed.
----------------
2018-11-09 09:06:46,353 INFO  execution-log -  Beginning PageCommand ( CurrentPage : Billing Choices, FlowIdentifier : 1, DiIndicator : DI )
----------------
2018-11-09 09:06:46,354 INFO  execution-log - 	 Command completed.
----------------
2018-11-09 09:06:46,355 INFO  execution-log -  Beginning LoadTestDataItemCommand ( CurrentPage : Billing Choices, FlowIdentifier : 1, DiIndicator : DI )
----------------
2018-11-09 09:06:46,368 INFO  execution-log - [Sequence No - 41] Beginning WaitForControlCommand ( LogicalFieldName : Email Address, LogicalFieldValue : True )
----------------
2018-11-09 09:06:46,428 INFO  execution-log - [Sequence No - 41]	 Command completed.
----------------
2018-11-09 09:06:46,432 INFO  execution-log - [Sequence No - 42] Beginning ActionCommand ( LogicalFieldName : Email Address, LogicalFieldValue : Click-Wait(2000) )
----------------
2018-11-09 09:06:50,599 INFO  execution-log - [Sequence No - 42]	 Command completed.
----------------
2018-11-09 09:06:50,603 INFO  execution-log - [Sequence No - 43] Beginning TestDataCommand ( LogicalFieldName : Email Address, LogicalFieldValue : EMAILID )
----------------
2018-11-09 09:06:51,005 INFO  execution-log - [Sequence No - 43]	 Command completed.
----------------
2018-11-09 09:06:51,009 INFO  execution-log - [Sequence No - 44] Beginning ActionCommand ( LogicalFieldName : Billing Choices Page, LogicalFieldValue : Click )
----------------
2018-11-09 09:06:51,110 INFO  execution-log - [Sequence No - 44]	 Command completed.
----------------
2018-11-09 09:06:51,114 INFO  execution-log - [Sequence No - 45] Beginning ActionCommand ( LogicalFieldName : Next, LogicalFieldValue : Click-Wait(2000) )
----------------
2018-11-09 09:06:55,293 INFO  execution-log - [Sequence No - 45]	 Command completed.
----------------
2018-11-09 09:06:55,294 INFO  execution-log - 	 Command completed.
----------------
2018-11-09 09:06:55,295 INFO  execution-log -  Beginning PageCommand ( CurrentPage : Quote Bind, FlowIdentifier : 1, DiIndicator : DI )
----------------
2018-11-09 09:06:55,296 INFO  execution-log - 	 Command completed.
----------------
2018-11-09 09:06:55,297 INFO  execution-log -  Beginning LoadTestDataItemCommand ( CurrentPage : Quote Bind, FlowIdentifier : 1, DiIndicator : DI )
----------------
2018-11-09 09:06:55,305 INFO  execution-log - [Sequence No - 46] Beginning WaitForControlCommand ( LogicalFieldName : Bind, LogicalFieldValue : True )
----------------
2018-11-09 09:06:55,348 INFO  execution-log - [Sequence No - 46]	 Command completed.
----------------
2018-11-09 09:06:55,352 INFO  execution-log - [Sequence No - 47] Beginning ActionCommand ( LogicalFieldName : Bind, LogicalFieldValue : Click-Wait(2000) )
----------------
2018-11-09 09:06:59,473 INFO  execution-log - [Sequence No - 47]	 Command completed.
----------------
2018-11-09 09:06:59,479 INFO  execution-log - 	 Command completed.
----------------
2018-11-09 09:06:59,498 INFO  execution-log - Saving captured values to file.
----------------
2018-11-09 09:06:59,500 INFO  execution-log - TC # : 2, has completed successfully.
----------------
