2019-02-08 07:57:33,477 INFO  execution-log - 	Initializing control map with map # MASTER
----------------
2019-02-08 07:57:33,485 INFO  execution-log - Initializing Test Automation
----------------
2019-02-08 07:57:33,490 INFO  execution-log - 	target browser: Chrome
----------------
2019-02-08 07:57:33,494 INFO  execution-log - TC # : 1, Downloading test case from DB
----------------
2019-02-08 07:57:33,506 INFO  execution-log - TC # : 1, Getting control map :MASTER from DB
----------------
2019-02-08 07:57:33,507 INFO  execution-log - TC # : 1, Getting test data from DB
----------------
2019-02-08 07:57:33,523 INFO  execution-log - TC # : 1, Control map retrieval completed
----------------
2019-02-08 07:57:33,540 INFO  execution-log - TC # : 1, Test data retrieval completed
----------------
2019-02-08 07:57:33,545 INFO  execution-log - TC # : 1, Parsing commands
----------------
2019-02-08 07:57:33,552 INFO  execution-log - Loading captured values from persistence.
----------------
2019-02-08 07:57:33,557 INFO  execution-log - TC # : 1, Started executing test case in the VMTESTAPP1 environment (http://vam-qa.cloudapp.net:6363/pages/login.html)
----------------
2019-02-08 07:57:33,596 INFO  execution-log -  Beginning StartIterationCommand ( Iterations : 1 )
----------------
2019-02-08 07:57:33,602 INFO  execution-log - TC # : 1, Starting iteration #1
----------------
2019-02-08 07:57:33,607 INFO  execution-log - 	 Command completed.
----------------
2019-02-08 07:57:33,611 INFO  execution-log -  Beginning InvokeApplicationCommand ( Target :  )
----------------
2019-02-08 07:57:34,518 INFO  execution-log - 	 Command completed.
----------------
2019-02-08 07:57:34,523 INFO  execution-log -  Beginning PageCommand ( CurrentPage : Login, FlowIdentifier : 1, DiIndicator : DI )
----------------
2019-02-08 07:57:34,528 INFO  execution-log - 	 Command completed.
----------------
2019-02-08 07:57:34,535 INFO  execution-log -  Beginning LoadTestDataItemCommand ( CurrentPage : Login, FlowIdentifier : 1, DiIndicator : DI )
----------------
2019-02-08 07:57:34,550 INFO  execution-log - [Sequence No - 1] Beginning ValidateExistStatusCommand ( LogicalFieldName : User Name, LogicalFieldValue : True )
----------------
2019-02-08 07:57:34,571 INFO  execution-log - [Sequence No - 1]	 Command completed.
----------------
2019-02-08 07:57:34,580 INFO  execution-log - [Sequence No - 2] Beginning ActionCommand ( LogicalFieldName : User Name, LogicalFieldValue : Click )
----------------
2019-02-08 07:57:34,701 INFO  execution-log - [Sequence No - 2]	 Command completed.
----------------
2019-02-08 07:57:34,713 INFO  execution-log - [Sequence No - 3] Beginning TestDataCommand ( LogicalFieldName : User Name, LogicalFieldValue : Jack )
----------------
2019-02-08 07:57:34,817 INFO  execution-log - [Sequence No - 3]	 Command completed.
----------------
2019-02-08 07:57:34,827 INFO  execution-log - [Sequence No - 4] Beginning ValidateExistStatusCommand ( LogicalFieldName : Password, LogicalFieldValue : True )
----------------
2019-02-08 07:57:34,854 INFO  execution-log - [Sequence No - 4]	 Command completed.
----------------
2019-02-08 07:57:34,863 INFO  execution-log - [Sequence No - 5] Beginning TestDataCommand ( LogicalFieldName : Password, LogicalFieldValue : Smit@123 )
----------------
2019-02-08 07:57:34,996 INFO  execution-log - [Sequence No - 5]	 Command completed.
----------------
2019-02-08 07:57:35,006 INFO  execution-log - [Sequence No - 6] Beginning ValidateEnableStatusCommand ( LogicalFieldName : Login_Button, LogicalFieldValue : True )
----------------
2019-02-08 07:57:35,037 INFO  execution-log - [Sequence No - 6]	 Command completed.
----------------
2019-02-08 07:57:35,047 INFO  execution-log - [Sequence No - 7] Beginning ActionCommand ( LogicalFieldName : Login_Button, LogicalFieldValue : Click )
----------------
2019-02-08 07:57:35,202 INFO  execution-log - [Sequence No - 7]	 Command completed.
----------------
2019-02-08 07:57:35,208 INFO  execution-log - 	 Command completed.
----------------
2019-02-08 07:57:35,214 INFO  execution-log -  Beginning PageCommand ( CurrentPage : Home, FlowIdentifier : 2, DiIndicator : DI )
----------------
2019-02-08 07:57:35,219 INFO  execution-log - 	 Command completed.
----------------
2019-02-08 07:57:35,223 INFO  execution-log -  Beginning LoadTestDataItemCommand ( CurrentPage : Home, FlowIdentifier : 2, DiIndicator : DI )
----------------
2019-02-08 07:57:35,240 INFO  execution-log - [Sequence No - 8] Beginning ValidateEnableStatusCommand ( LogicalFieldName : New Quote, LogicalFieldValue : True )
----------------
2019-02-08 07:57:36,783 INFO  execution-log - [Sequence No - 8]	 Command completed.
----------------
2019-02-08 07:57:36,795 INFO  execution-log - [Sequence No - 9] Beginning ActionCommand ( LogicalFieldName : New Quote, LogicalFieldValue : Click )
----------------
2019-02-08 07:57:37,639 INFO  execution-log - [Sequence No - 9]	 Command completed.
----------------
2019-02-08 07:57:37,645 INFO  execution-log - 	 Command completed.
----------------
2019-02-08 07:57:37,664 INFO  execution-log -  Beginning PageCommand ( CurrentPage : New Quote, FlowIdentifier : 3, DiIndicator : DI )
----------------
2019-02-08 07:57:37,672 INFO  execution-log - 	 Command completed.
----------------
2019-02-08 07:57:37,677 INFO  execution-log -  Beginning LoadTestDataItemCommand ( CurrentPage : New Quote, FlowIdentifier : 3, DiIndicator : DI )
----------------
2019-02-08 07:57:37,690 INFO  execution-log - [Sequence No - 10] Beginning ValidateExistStatusCommand ( LogicalFieldName : Account Name, LogicalFieldValue : True )
----------------
2019-02-08 07:57:37,712 INFO  execution-log - [Sequence No - 10]	 Command completed.
----------------
2019-02-08 07:57:37,720 INFO  execution-log - [Sequence No - 11] Beginning TestDataCommand ( LogicalFieldName : Account Name, LogicalFieldValue : RANDOMIZE(7,2) )
----------------
2019-02-08 07:57:37,993 INFO  execution-log - [Sequence No - 11]	 Command completed.
----------------
2019-02-08 07:57:38,004 INFO  execution-log - [Sequence No - 12] Beginning ValidateExistStatusCommand ( LogicalFieldName : First Name, LogicalFieldValue : True )
----------------
2019-02-08 07:57:38,036 INFO  execution-log - [Sequence No - 12]	 Command completed.
----------------
2019-02-08 07:57:38,047 INFO  execution-log - [Sequence No - 13] Beginning TestDataCommand ( LogicalFieldName : First Name, LogicalFieldValue : Jack )
----------------
2019-02-08 07:57:38,358 INFO  execution-log - [Sequence No - 13]	 Command completed.
----------------
2019-02-08 07:57:38,377 INFO  execution-log - [Sequence No - 14] Beginning ValidateEnableStatusCommand ( LogicalFieldName : Last Name, LogicalFieldValue : True )
----------------
2019-02-08 07:57:38,425 INFO  execution-log - [Sequence No - 14]	 Command completed.
----------------
2019-02-08 07:57:38,433 INFO  execution-log - [Sequence No - 15] Beginning TestDataCommand ( LogicalFieldName : Last Name, LogicalFieldValue : Smith )
----------------
2019-02-08 07:57:38,641 INFO  execution-log - [Sequence No - 15]	 Command completed.
----------------
2019-02-08 07:57:38,653 INFO  execution-log - [Sequence No - 16] Beginning ValidateExistStatusCommand ( LogicalFieldName : ContactNumber1, LogicalFieldValue : True )
----------------
2019-02-08 07:57:38,676 INFO  execution-log - [Sequence No - 16]	 Command completed.
----------------
2019-02-08 07:57:38,686 INFO  execution-log - [Sequence No - 17] Beginning TestDataCommand ( LogicalFieldName : ContactNumber1, LogicalFieldValue : 654 )
----------------
2019-02-08 07:57:38,816 INFO  execution-log - [Sequence No - 17]	 Command completed.
----------------
2019-02-08 07:57:38,827 INFO  execution-log - [Sequence No - 18] Beginning TestDataCommand ( LogicalFieldName : ContactNumber2, LogicalFieldValue : 321 )
----------------
2019-02-08 07:57:38,972 INFO  execution-log - [Sequence No - 18]	 Command completed.
----------------
2019-02-08 07:57:38,986 INFO  execution-log - [Sequence No - 19] Beginning TestDataCommand ( LogicalFieldName : ContactNumber3, LogicalFieldValue : 6541 )
----------------
2019-02-08 07:57:39,375 INFO  execution-log - [Sequence No - 19]	 Command completed.
----------------
2019-02-08 07:57:39,394 INFO  execution-log - [Sequence No - 20] Beginning ValidateExistStatusCommand ( LogicalFieldName : Primary Email, LogicalFieldValue : True )
----------------
2019-02-08 07:57:39,477 INFO  execution-log - [Sequence No - 20]	 Command completed.
----------------
2019-02-08 07:57:39,487 INFO  execution-log - [Sequence No - 21] Beginning TestDataCommand ( LogicalFieldName : Primary Email, LogicalFieldValue : jack.smith@gmail.com )
----------------
2019-02-08 07:57:39,782 INFO  execution-log - [Sequence No - 21]	 Command completed.
----------------
2019-02-08 07:57:39,795 INFO  execution-log - [Sequence No - 22] Beginning ValidateExistStatusCommand ( LogicalFieldName : Business Started Year, LogicalFieldValue : True )
----------------
2019-02-08 07:57:39,824 INFO  execution-log - [Sequence No - 22]	 Command completed.
----------------
2019-02-08 07:57:39,833 INFO  execution-log - [Sequence No - 23] Beginning TestDataCommand ( LogicalFieldName : Business Started Year, LogicalFieldValue : 2012 )
----------------
2019-02-08 07:57:39,985 INFO  execution-log - [Sequence No - 23]	 Command completed.
----------------
2019-02-08 07:57:39,996 INFO  execution-log - [Sequence No - 24] Beginning ValidateExistStatusCommand ( LogicalFieldName : Select Product, LogicalFieldValue : True )
----------------
2019-02-08 07:57:40,022 INFO  execution-log - [Sequence No - 24]	 Command completed.
----------------
2019-02-08 07:57:40,033 INFO  execution-log - [Sequence No - 25] Beginning ActionCommand ( LogicalFieldName : Select Product, LogicalFieldValue : Click )
----------------
2019-02-08 07:57:40,358 INFO  execution-log - [Sequence No - 25]	 Command completed.
----------------
2019-02-08 07:57:40,369 INFO  execution-log - [Sequence No - 26] Beginning ActionCommand ( LogicalFieldName : Select Product1, LogicalFieldValue : Click )
----------------
2019-02-08 07:57:40,766 INFO  execution-log - [Sequence No - 26]	 Command completed.
----------------
2019-02-08 07:57:40,780 INFO  execution-log - [Sequence No - 27] Beginning ValidateExistStatusCommand ( LogicalFieldName : Contact Name, LogicalFieldValue : True )
----------------
2019-02-08 07:57:40,826 INFO  execution-log - [Sequence No - 27]	 Command completed.
----------------
2019-02-08 07:57:40,835 INFO  execution-log - [Sequence No - 28] Beginning ActionCommand ( LogicalFieldName : Contact Name, LogicalFieldValue : Click )
----------------
2019-02-08 07:57:41,253 INFO  execution-log - [Sequence No - 28]	 Command completed.
----------------
2019-02-08 07:57:41,267 INFO  execution-log - [Sequence No - 29] Beginning ActionCommand ( LogicalFieldName : Contact Name Initial Select, LogicalFieldValue : Click )
----------------
2019-02-08 07:57:41,731 INFO  execution-log - [Sequence No - 29]	 Command completed.
----------------
2019-02-08 07:57:41,741 INFO  execution-log - [Sequence No - 30] Beginning ValidateExistStatusCommand ( LogicalFieldName : Industry, LogicalFieldValue : True )
----------------
2019-02-08 07:57:41,802 INFO  execution-log - [Sequence No - 30]	 Command completed.
----------------
2019-02-08 07:57:41,826 INFO  execution-log - [Sequence No - 31] Beginning ActionCommand ( LogicalFieldName : Industry, LogicalFieldValue : Click )
----------------
2019-02-08 07:57:42,232 INFO  execution-log - [Sequence No - 31]	 Command completed.
----------------
2019-02-08 07:57:42,242 INFO  execution-log - [Sequence No - 32] Beginning ActionCommand ( LogicalFieldName : Industry1, LogicalFieldValue : Click )
----------------
2019-02-08 07:57:42,957 INFO  execution-log - [Sequence No - 32]	 Command completed.
----------------
2019-02-08 07:57:42,968 INFO  execution-log - [Sequence No - 33] Beginning ValidateExistStatusCommand ( LogicalFieldName : Zip Code, LogicalFieldValue : True )
----------------
2019-02-08 07:57:43,113 INFO  execution-log - [Sequence No - 33]	 Command completed.
----------------
2019-02-08 07:57:43,123 INFO  execution-log - [Sequence No - 34] Beginning TestDataCommand ( LogicalFieldName : Zip Code, LogicalFieldValue : 53704 )
----------------
2019-02-08 07:57:44,915 INFO  execution-log - [Sequence No - 34]	 Command completed.
----------------
2019-02-08 07:57:44,928 INFO  execution-log - [Sequence No - 35] Beginning ActionCommand ( LogicalFieldName : zipcode click, LogicalFieldValue : Click )
----------------
2019-02-08 07:57:46,481 INFO  execution-log - [Sequence No - 35]	 Command completed.
----------------
2019-02-08 07:57:46,489 INFO  execution-log - [Sequence No - 36] Beginning ValidateExistStatusCommand ( LogicalFieldName : Street Address, LogicalFieldValue : True )
----------------
2019-02-08 07:57:46,698 INFO  execution-log - [Sequence No - 36]	 Command completed.
----------------
2019-02-08 07:57:46,708 INFO  execution-log - [Sequence No - 37] Beginning TestDataCommand ( LogicalFieldName : Street Address, LogicalFieldValue : 123 BLUEJAY LN )
----------------
2019-02-08 07:57:47,746 INFO  execution-log - [Sequence No - 37]	 Command completed.
----------------
2019-02-08 07:57:47,756 INFO  execution-log - [Sequence No - 38] Beginning ValidateExistStatusCommand ( LogicalFieldName : Same as Physical Address, LogicalFieldValue : True )
----------------
2019-02-08 07:57:47,832 INFO  execution-log - [Sequence No - 38]	 Command completed.
----------------
2019-02-08 07:57:47,842 INFO  execution-log - [Sequence No - 39] Beginning ActionCommand ( LogicalFieldName : Same as Physical Address, LogicalFieldValue : Click )
----------------
2019-02-08 07:57:48,439 INFO  execution-log - [Sequence No - 39]	 Command completed.
----------------
2019-02-08 07:57:48,448 INFO  execution-log - [Sequence No - 40] Beginning ValidateEnableStatusCommand ( LogicalFieldName : Proceed, LogicalFieldValue : True )
----------------
2019-02-08 07:57:48,560 INFO  execution-log - [Sequence No - 40]	 Command completed.
----------------
2019-02-08 07:57:48,571 INFO  execution-log - [Sequence No - 41] Beginning ActionCommand ( LogicalFieldName : Proceed, LogicalFieldValue : Click )
----------------
2019-02-08 07:57:49,243 INFO  execution-log - [Sequence No - 41]	 Command completed.
----------------
2019-02-08 07:57:49,250 INFO  execution-log - 	 Command completed.
----------------
2019-02-08 07:57:49,254 INFO  execution-log -  Beginning PageCommand ( CurrentPage : Insured Info, FlowIdentifier : 4, DiIndicator : DI )
----------------
2019-02-08 07:57:49,259 INFO  execution-log - 	 Command completed.
----------------
2019-02-08 07:57:49,263 INFO  execution-log -  Beginning LoadTestDataItemCommand ( CurrentPage : Insured Info, FlowIdentifier : 4, DiIndicator : DI )
----------------
2019-02-08 07:57:49,280 INFO  execution-log - [Sequence No - 42] Beginning ValidateEnableStatusCommand ( LogicalFieldName : InsuredName, LogicalFieldValue : True )
----------------
2019-02-08 07:57:51,731 INFO  execution-log - [Sequence No - 42]	 Command completed.
----------------
2019-02-08 07:57:51,740 INFO  execution-log - [Sequence No - 43] Beginning TestDataCommand ( LogicalFieldName : InsuredName, LogicalFieldValue : Smith )
----------------
2019-02-08 07:57:52,443 INFO  execution-log - [Sequence No - 43]	 Command completed.
----------------
2019-02-08 07:57:52,454 INFO  execution-log - [Sequence No - 44] Beginning ValidateEnableStatusCommand ( LogicalFieldName : Primary State Click, LogicalFieldValue : True )
----------------
2019-02-08 07:57:52,580 INFO  execution-log - [Sequence No - 44]	 Command completed.
----------------
2019-02-08 07:57:52,589 INFO  execution-log - [Sequence No - 45] Beginning ActionCommand ( LogicalFieldName : Primary State Click, LogicalFieldValue : Click )
----------------
2019-02-08 07:57:53,099 INFO  execution-log - [Sequence No - 45]	 Command completed.
----------------
2019-02-08 07:57:53,115 INFO  execution-log - [Sequence No - 46] Beginning ActionCommand ( LogicalFieldName : PrimayState Select, LogicalFieldValue : Click )
----------------
2019-02-08 07:57:53,826 INFO  execution-log - [Sequence No - 46]	 Command completed.
----------------
2019-02-08 07:57:53,839 INFO  execution-log - [Sequence No - 47] Beginning ValidateExistStatusCommand ( LogicalFieldName : Street Address, LogicalFieldValue : True )
----------------
2019-02-08 07:57:54,121 INFO  execution-log - [Sequence No - 47]	 Command completed.
----------------
2019-02-08 07:57:54,130 INFO  execution-log - [Sequence No - 48] Beginning TestDataCommand ( LogicalFieldName : Street Address, LogicalFieldValue : 123 new street )
----------------
2019-02-08 07:57:55,009 INFO  execution-log - [Sequence No - 48]	 Command completed.
----------------
2019-02-08 07:57:55,018 INFO  execution-log - [Sequence No - 49] Beginning ValidateExistStatusCommand ( LogicalFieldName : Zip Code, LogicalFieldValue : True )
----------------
2019-02-08 07:57:55,081 INFO  execution-log - [Sequence No - 49]	 Command completed.
----------------
2019-02-08 07:57:55,090 INFO  execution-log - [Sequence No - 50] Beginning TestDataCommand ( LogicalFieldName : Zip Code, LogicalFieldValue : 53704 )
----------------
2019-02-08 07:57:55,738 INFO  execution-log - [Sequence No - 50]	 Command completed.
----------------
2019-02-08 07:57:55,747 INFO  execution-log - [Sequence No - 51] Beginning ValidateExistStatusCommand ( LogicalFieldName : Same as Physical Address, LogicalFieldValue : True )
----------------
2019-02-08 07:57:55,806 INFO  execution-log - [Sequence No - 51]	 Command completed.
----------------
2019-02-08 07:57:55,822 INFO  execution-log - [Sequence No - 52] Beginning ActionCommand ( LogicalFieldName : Same as Physical Address, LogicalFieldValue : Click )
----------------
2019-02-08 07:57:56,380 INFO  execution-log - [Sequence No - 52]	 Command completed.
----------------
2019-02-08 07:57:56,389 INFO  execution-log - [Sequence No - 53] Beginning ValidateExistStatusCommand ( LogicalFieldName : SIC Code, LogicalFieldValue : True )
----------------
2019-02-08 07:57:56,480 INFO  execution-log - [Sequence No - 53]	 Command completed.
----------------
2019-02-08 07:57:56,493 INFO  execution-log - [Sequence No - 54] Beginning TestDataCommand ( LogicalFieldName : SIC Code, LogicalFieldValue : 41510000-School buses )
----------------
2019-02-08 07:57:58,019 INFO  execution-log - [Sequence No - 54]	 Command completed.
----------------
2019-02-08 07:57:58,028 INFO  execution-log - [Sequence No - 55] Beginning ValidateExistStatusCommand ( LogicalFieldName : BusinessInceptionYear, LogicalFieldValue : True )
----------------
2019-02-08 07:57:58,065 INFO  execution-log - [Sequence No - 55]	 Command completed.
----------------
2019-02-08 07:57:58,073 INFO  execution-log - [Sequence No - 56] Beginning TestDataCommand ( LogicalFieldName : BusinessInceptionYear, LogicalFieldValue : 2012 )
----------------
2019-02-08 07:57:58,341 INFO  execution-log - [Sequence No - 56]	 Command completed.
----------------
2019-02-08 07:57:58,356 INFO  execution-log - [Sequence No - 57] Beginning ValidateExistStatusCommand ( LogicalFieldName : BusinessPhone, LogicalFieldValue : True )
----------------
2019-02-08 07:57:58,441 INFO  execution-log - [Sequence No - 57]	 Command completed.
----------------
2019-02-08 07:57:58,451 INFO  execution-log - [Sequence No - 58] Beginning TestDataCommand ( LogicalFieldName : BusinessPhone, LogicalFieldValue : 6549879879 )
----------------
2019-02-08 07:57:59,992 INFO  execution-log - [Sequence No - 58]	 Command completed.
----------------
2019-02-08 07:58:00,018 INFO  execution-log - [Sequence No - 59] Beginning ValidateEnableStatusCommand ( LogicalFieldName : Next, LogicalFieldValue : True )
----------------
2019-02-08 07:58:00,148 INFO  execution-log - [Sequence No - 59]	 Command completed.
----------------
2019-02-08 07:58:00,158 INFO  execution-log - [Sequence No - 60] Beginning ActionCommand ( LogicalFieldName : Next, LogicalFieldValue : Click )
----------------
2019-02-08 07:58:00,456 INFO  execution-log - [Sequence No - 60]	 Command completed.
----------------
2019-02-08 07:58:00,481 INFO  execution-log - 	 Command completed.
----------------
2019-02-08 07:58:00,501 INFO  execution-log -  Beginning PageCommand ( CurrentPage : Policy Info, FlowIdentifier : 5, DiIndicator : DI )
----------------
2019-02-08 07:58:00,506 INFO  execution-log - 	 Command completed.
----------------
2019-02-08 07:58:00,511 INFO  execution-log -  Beginning LoadTestDataItemCommand ( CurrentPage : Policy Info, FlowIdentifier : 5, DiIndicator : DI )
----------------
2019-02-08 07:58:00,544 INFO  execution-log - [Sequence No - 61] Beginning ValidateEnableStatusCommand ( LogicalFieldName : Which State do u operate In?, LogicalFieldValue : True )
----------------
2019-02-08 07:58:00,989 INFO  execution-log - [Sequence No - 61]	 Command completed.
----------------
2019-02-08 07:58:01,014 INFO  execution-log - [Sequence No - 62] Beginning ActionCommand ( LogicalFieldName : Which State do u operate In?, LogicalFieldValue : Click )
----------------
2019-02-08 07:58:02,235 INFO  execution-log - [Sequence No - 62]	 Command completed.
----------------
2019-02-08 07:58:02,248 INFO  execution-log - [Sequence No - 63] Beginning ActionCommand ( LogicalFieldName : Which State do u operate In?1, LogicalFieldValue : Click )
----------------
2019-02-08 07:58:02,584 INFO  execution-log - [Sequence No - 63]	 Command completed.
----------------
2019-02-08 07:58:02,594 INFO  execution-log - [Sequence No - 64] Beginning ActionCommand ( LogicalFieldName : Label Click, LogicalFieldValue : Click )
----------------
2019-02-08 07:58:02,858 INFO  execution-log - [Sequence No - 64]	 Command completed.
----------------
2019-02-08 07:58:02,871 INFO  execution-log - [Sequence No - 65] Beginning ActionCommand ( LogicalFieldName : Collapse, LogicalFieldValue : Click )
----------------
2019-02-08 07:58:03,267 INFO  execution-log - [Sequence No - 65]	 Command completed.
----------------
2019-02-08 07:58:03,277 INFO  execution-log - [Sequence No - 66] Beginning ValidateEnableStatusCommand ( LogicalFieldName : Select Product, LogicalFieldValue : True )
----------------
2019-02-08 07:58:03,356 INFO  execution-log - [Sequence No - 66]	 Command completed.
----------------
2019-02-08 07:58:03,368 INFO  execution-log - [Sequence No - 67] Beginning ActionCommand ( LogicalFieldName : Select Product, LogicalFieldValue : Click-Wait(2000) )
----------------
2019-02-08 07:58:07,842 INFO  execution-log - [Sequence No - 67]	 Command completed.
----------------
2019-02-08 07:58:07,858 INFO  execution-log - [Sequence No - 68] Beginning ActionCommand ( LogicalFieldName : Select Product 1, LogicalFieldValue : Click )
----------------
2019-02-08 07:58:10,784 INFO  execution-log - [Sequence No - 68]	 Command completed.
----------------
2019-02-08 07:58:10,790 INFO  execution-log - 	 Command completed.
----------------
2019-02-08 07:58:10,836 INFO  execution-log - Saving captured values to file.
----------------
2019-02-08 07:58:10,840 INFO  execution-log - TC # : 1, has completed successfully.
----------------
