2019-01-31 12:31:50,706 INFO  execution-log - 	Initializing control map with map # MASTER
----------------
2019-01-31 12:31:50,722 INFO  execution-log - Initializing Test Automation
----------------
2019-01-31 12:31:50,727 INFO  execution-log - 	target browser: Chrome
----------------
2019-01-31 12:31:50,735 INFO  execution-log - TC # : 1, Downloading test case from DB
----------------
2019-01-31 12:31:50,755 INFO  execution-log - TC # : 1, Getting control map :MASTER from DB
----------------
2019-01-31 12:31:50,772 INFO  execution-log - TC # : 1, Control map retrieval completed
----------------
2019-01-31 12:31:50,779 INFO  execution-log - TC # : 1, Getting test data from DB
----------------
2019-01-31 12:31:50,799 INFO  execution-log - TC # : 1, Test data retrieval completed
----------------
2019-01-31 12:31:50,803 INFO  execution-log - TC # : 1, Parsing commands
----------------
2019-01-31 12:31:50,808 INFO  execution-log - Loading captured values from persistence.
----------------
2019-01-31 12:31:50,815 INFO  execution-log - TC # : 1, Started executing test case in the VMTESTAPP1 environment (http://vam-qa.cloudapp.net:6363/pages/login.html)
----------------
2019-01-31 12:31:50,866 INFO  execution-log -  Beginning StartIterationCommand ( Iterations : 1 )
----------------
2019-01-31 12:31:50,875 INFO  execution-log - TC # : 1, Starting iteration #1
----------------
2019-01-31 12:31:50,881 INFO  execution-log - 	 Command completed.
----------------
2019-01-31 12:31:50,887 INFO  execution-log -  Beginning InvokeApplicationCommand ( Target :  )
----------------
2019-01-31 12:31:51,853 INFO  execution-log - 	 Command completed.
----------------
2019-01-31 12:31:51,868 INFO  execution-log -  Beginning PageCommand ( CurrentPage : Login, FlowIdentifier : 1, DiIndicator : DI )
----------------
2019-01-31 12:31:51,878 INFO  execution-log - 	 Command completed.
----------------
2019-01-31 12:31:51,884 INFO  execution-log -  Beginning LoadTestDataItemCommand ( CurrentPage : Login, FlowIdentifier : 1, DiIndicator : DI )
----------------
2019-01-31 12:31:51,904 INFO  execution-log - [Sequence No - 1] Beginning ValidateExistStatusCommand ( LogicalFieldName : User Name, LogicalFieldValue : True )
----------------
2019-01-31 12:31:51,946 INFO  execution-log - [Sequence No - 1]	 Command completed.
----------------
2019-01-31 12:31:51,956 INFO  execution-log - [Sequence No - 2] Beginning ActionCommand ( LogicalFieldName : User Name, LogicalFieldValue : Click )
----------------
2019-01-31 12:31:52,190 INFO  execution-log - [Sequence No - 2]	 Command completed.
----------------
2019-01-31 12:31:54,215 INFO  execution-log - [Sequence No - 3] Beginning TestDataCommand ( LogicalFieldName : User Name, LogicalFieldValue : RANDOMIZE7,2 )
----------------
