2019-02-05 04:23:03,709 INFO  execution-log - 	Initializing control map with map # MASTER
----------------
2019-02-05 04:23:03,714 INFO  execution-log - Initializing Test Automation
----------------
2019-02-05 04:23:03,718 INFO  execution-log - 	target browser: Chrome
----------------
2019-02-05 04:23:10,684 INFO  execution-log - TC # : 1, Downloading test case from DB
----------------
2019-02-05 04:23:10,699 INFO  execution-log - TC # : 1, Getting control map :MASTER from DB
----------------
2019-02-05 04:23:10,706 INFO  execution-log - TC # : 1, Getting test data from DB
----------------
2019-02-05 04:23:10,713 INFO  execution-log - TC # : 1, Control map retrieval completed
----------------
2019-02-05 04:23:10,724 INFO  execution-log - TC # : 1, Test data retrieval completed
----------------
2019-02-05 04:23:10,730 INFO  execution-log - TC # : 1, Parsing commands
----------------
2019-02-05 04:23:10,736 INFO  execution-log - Loading captured values from persistence.
----------------
2019-02-05 04:23:10,740 INFO  execution-log - TC # : 1, Started executing test case in the VMTESTAPP1 environment (http://vam-qa.cloudapp.net:6363/pages/login.html)
----------------
2019-02-05 04:23:10,779 INFO  execution-log -  Beginning StartIterationCommand ( Iterations : 1 )
----------------
2019-02-05 04:23:10,784 INFO  execution-log - TC # : 1, Starting iteration #1
----------------
2019-02-05 04:23:10,788 INFO  execution-log - 	 Command completed.
----------------
2019-02-05 04:23:10,793 INFO  execution-log -  Beginning InvokeApplicationCommand ( Target :  )
----------------
2019-02-05 04:23:11,656 INFO  execution-log - 	 Command completed.
----------------
2019-02-05 04:23:11,664 INFO  execution-log -  Beginning PageCommand ( CurrentPage : Login, FlowIdentifier : 1, DiIndicator : DI )
----------------
2019-02-05 04:23:11,669 INFO  execution-log - 	 Command completed.
----------------
2019-02-05 04:23:11,674 INFO  execution-log -  Beginning LoadTestDataItemCommand ( CurrentPage : Login, FlowIdentifier : 1, DiIndicator : DI )
----------------
2019-02-05 04:23:11,687 INFO  execution-log - [Sequence No - 1] Beginning ValidateExistStatusCommand ( LogicalFieldName : User Name, LogicalFieldValue : True )
----------------
2019-02-05 04:23:11,710 INFO  execution-log - [Sequence No - 1]	 Command completed.
----------------
2019-02-05 04:23:11,725 INFO  execution-log - [Sequence No - 2] Beginning ActionCommand ( LogicalFieldName : User Name, LogicalFieldValue : Click )
----------------
2019-02-05 04:23:11,841 INFO  execution-log - [Sequence No - 2]	 Command completed.
----------------
2019-02-05 04:23:12,835 INFO  execution-log - [Sequence No - 3] Beginning TestDataCommand ( LogicalFieldName : User Name, LogicalFieldValue : Jack )
----------------
2019-02-05 04:23:14,964 INFO  execution-log - [Sequence No - 3]	 Command completed.
----------------
2019-02-05 04:23:14,975 INFO  execution-log - [Sequence No - 4] Beginning ValidateExistStatusCommand ( LogicalFieldName : Password, LogicalFieldValue : True )
----------------
2019-02-05 04:23:14,999 INFO  execution-log - [Sequence No - 4]	 Command completed.
----------------
2019-02-05 04:23:15,222 INFO  execution-log - [Sequence No - 5] Beginning TestDataCommand ( LogicalFieldName : Password, LogicalFieldValue : Smit@123 )
----------------
2019-02-05 04:23:16,539 INFO  execution-log - [Sequence No - 5]	 Command completed.
----------------
2019-02-05 04:23:16,550 INFO  execution-log - [Sequence No - 6] Beginning ValidateEnableStatusCommand ( LogicalFieldName : Login_Button, LogicalFieldValue : True )
----------------
2019-02-05 04:23:16,591 INFO  execution-log - [Sequence No - 6]	 Command completed.
----------------
2019-02-05 04:23:16,602 INFO  execution-log - [Sequence No - 7] Beginning ActionCommand ( LogicalFieldName : Login_Button, LogicalFieldValue : Click )
----------------
2019-02-05 04:23:16,731 INFO  execution-log - [Sequence No - 7]	 Command completed.
----------------
2019-02-05 04:23:16,737 INFO  execution-log - 	 Command completed.
----------------
2019-02-05 04:23:16,743 INFO  execution-log -  Beginning PageCommand ( CurrentPage : Home, FlowIdentifier : 2, DiIndicator : DI )
----------------
2019-02-05 04:23:16,749 INFO  execution-log - 	 Command completed.
----------------
2019-02-05 04:23:16,754 INFO  execution-log -  Beginning LoadTestDataItemCommand ( CurrentPage : Home, FlowIdentifier : 2, DiIndicator : DI )
----------------
2019-02-05 04:23:16,769 INFO  execution-log - [Sequence No - 8] Beginning ActionCommand ( LogicalFieldName : New Quote, LogicalFieldValue : Click )
----------------
2019-02-05 04:23:18,484 INFO  execution-log - [Sequence No - 8]	 Command completed.
----------------
2019-02-05 04:23:18,491 INFO  execution-log - 	 Command completed.
----------------
2019-02-05 04:23:18,499 INFO  execution-log -  Beginning PageCommand ( CurrentPage : New Quote, FlowIdentifier : 3, DiIndicator : DI )
----------------
2019-02-05 04:23:18,505 INFO  execution-log - 	 Command completed.
----------------
2019-02-05 04:23:18,509 INFO  execution-log -  Beginning LoadTestDataItemCommand ( CurrentPage : New Quote, FlowIdentifier : 3, DiIndicator : DI )
----------------
