2019-02-20 02:09:00,192 INFO  execution-log - 	Initializing control map with map # MASTER
----------------
2019-02-20 02:09:00,210 INFO  execution-log - Initializing Test Automation
----------------
2019-02-20 02:09:00,215 INFO  execution-log - 	target browser: Chrome
----------------
2019-02-20 02:09:00,224 INFO  execution-log - TC # : 1, Downloading test case from DB
----------------
2019-02-20 02:09:00,245 INFO  execution-log - TC # : 1, Getting test data from DB
----------------
2019-02-20 02:09:00,246 INFO  execution-log - TC # : 1, Getting control map :MASTER from DB
----------------
2019-02-20 02:09:00,268 INFO  execution-log - TC # : 1, Control map retrieval completed
----------------
2019-02-20 02:09:00,270 INFO  execution-log - TC # : 1, Test data retrieval completed
----------------
2019-02-20 02:09:00,277 INFO  execution-log - TC # : 1, Parsing commands
----------------
2019-02-20 02:09:00,282 INFO  execution-log - Loading captured values from persistence.
----------------
2019-02-20 02:09:00,291 INFO  execution-log - TC # : 1, Started executing test case in the VMTESTAPP1 environment (http://vam-qa.cloudapp.net:6363/pages/login.html)
----------------
2019-02-20 02:09:00,373 INFO  execution-log -  Beginning StartIterationCommand ( Iterations : 1 )
----------------
2019-02-20 02:09:00,381 INFO  execution-log - TC # : 1, Starting iteration #1
----------------
2019-02-20 02:09:00,405 INFO  execution-log - 	 Command completed.
----------------
2019-02-20 02:09:00,411 INFO  execution-log -  Beginning InvokeApplicationCommand ( Target :  )
----------------
2019-02-20 02:09:01,327 INFO  execution-log - 	 Command completed.
----------------
2019-02-20 02:09:01,341 INFO  execution-log -  Beginning PageCommand ( CurrentPage : Login, FlowIdentifier : 1, DiIndicator : DI )
----------------
2019-02-20 02:09:01,359 INFO  execution-log - 	 Command completed.
----------------
2019-02-20 02:09:01,366 INFO  execution-log -  Beginning LoadTestDataItemCommand ( CurrentPage : Login, FlowIdentifier : 1, DiIndicator : DI )
----------------
2019-02-20 02:09:01,388 INFO  execution-log - [Sequence No - 1] Beginning ValidateExistStatusCommand ( LogicalFieldName : User Name, LogicalFieldValue : True )
----------------
2019-02-20 02:09:01,429 INFO  execution-log - [Sequence No - 1]	 Command completed.
----------------
2019-02-20 02:09:01,440 INFO  execution-log - [Sequence No - 2] Beginning ActionCommand ( LogicalFieldName : User Name, LogicalFieldValue : Click )
----------------
2019-02-20 02:09:01,567 INFO  execution-log - [Sequence No - 2]	 Command completed.
----------------
2019-02-20 02:09:01,581 INFO  execution-log - [Sequence No - 3] Beginning TestDataCommand ( LogicalFieldName : User Name, LogicalFieldValue : Jack )
----------------
2019-02-20 02:09:03,594 INFO  execution-log - [Sequence No - 3]	 Command completed.
----------------
2019-02-20 02:09:03,605 INFO  execution-log - [Sequence No - 4] Beginning ValidateExistStatusCommand ( LogicalFieldName : Password, LogicalFieldValue : True )
----------------
2019-02-20 02:09:03,628 INFO  execution-log - [Sequence No - 4]	 Command completed.
----------------
2019-02-20 02:09:03,637 INFO  execution-log - [Sequence No - 5] Beginning TestDataCommand ( LogicalFieldName : Password, LogicalFieldValue : Smit@123 )
----------------
2019-02-20 02:09:04,498 INFO  execution-log - [Sequence No - 5]	 Command completed.
----------------
2019-02-20 02:09:04,509 INFO  execution-log - [Sequence No - 6] Beginning ValidateEnableStatusCommand ( LogicalFieldName : Login_Button, LogicalFieldValue : True )
----------------
2019-02-20 02:09:04,548 INFO  execution-log - [Sequence No - 6]	 Command completed.
----------------
2019-02-20 02:09:04,558 INFO  execution-log - [Sequence No - 7] Beginning ActionCommand ( LogicalFieldName : Login_Button, LogicalFieldValue : Click )
----------------
2019-02-20 02:09:04,696 INFO  execution-log - [Sequence No - 7]	 Command completed.
----------------
2019-02-20 02:09:04,703 INFO  execution-log - 	 Command completed.
----------------
2019-02-20 02:09:04,710 INFO  execution-log -  Beginning PageCommand ( CurrentPage : Home, FlowIdentifier : 2, DiIndicator : DI )
----------------
2019-02-20 02:09:04,715 INFO  execution-log - 	 Command completed.
----------------
2019-02-20 02:09:04,720 INFO  execution-log -  Beginning LoadTestDataItemCommand ( CurrentPage : Home, FlowIdentifier : 2, DiIndicator : DI )
----------------
2019-02-20 02:09:04,734 INFO  execution-log - [Sequence No - 8] Beginning ValidateEnableStatusCommand ( LogicalFieldName : New Quote, LogicalFieldValue : True )
----------------
2019-02-20 02:09:05,745 INFO  execution-log - [Sequence No - 8]	 Command completed.
----------------
2019-02-20 02:09:05,761 INFO  execution-log - [Sequence No - 9] Beginning ActionCommand ( LogicalFieldName : New Quote, LogicalFieldValue : Click )
----------------
2019-02-20 02:09:06,480 INFO  execution-log - [Sequence No - 9]	 Command completed.
----------------
2019-02-20 02:09:06,487 INFO  execution-log - 	 Command completed.
----------------
2019-02-20 02:09:06,501 INFO  execution-log -  Beginning PageCommand ( CurrentPage : New Quote, FlowIdentifier : 3, DiIndicator : DI )
----------------
2019-02-20 02:09:06,511 INFO  execution-log - 	 Command completed.
----------------
2019-02-20 02:09:06,518 INFO  execution-log -  Beginning LoadTestDataItemCommand ( CurrentPage : New Quote, FlowIdentifier : 3, DiIndicator : DI )
----------------
2019-02-20 02:09:06,548 INFO  execution-log - [Sequence No - 10] Beginning ValidateExistStatusCommand ( LogicalFieldName : Account Name, LogicalFieldValue : True )
----------------
2019-02-20 02:09:06,581 INFO  execution-log - [Sequence No - 10]	 Command completed.
----------------
2019-02-20 02:09:06,592 INFO  execution-log - [Sequence No - 11] Beginning TestDataCommand ( LogicalFieldName : Account Name, LogicalFieldValue : RANDOMIZE(7,2) )
----------------
2019-02-20 02:09:08,490 INFO  execution-log - [Sequence No - 11]	 Command completed.
----------------
2019-02-20 02:09:08,509 INFO  execution-log - [Sequence No - 12] Beginning ValidateExistStatusCommand ( LogicalFieldName : First Name, LogicalFieldValue : True )
----------------
2019-02-20 02:09:08,534 INFO  execution-log - [Sequence No - 12]	 Command completed.
----------------
2019-02-20 02:09:08,542 INFO  execution-log - [Sequence No - 13] Beginning TestDataCommand ( LogicalFieldName : First Name, LogicalFieldValue : Jack )
----------------
2019-02-20 02:09:09,256 INFO  execution-log - [Sequence No - 13]	 Command completed.
----------------
2019-02-20 02:09:09,267 INFO  execution-log - [Sequence No - 14] Beginning ValidateEnableStatusCommand ( LogicalFieldName : Last Name, LogicalFieldValue : True )
----------------
2019-02-20 02:09:09,297 INFO  execution-log - [Sequence No - 14]	 Command completed.
----------------
2019-02-20 02:09:09,307 INFO  execution-log - [Sequence No - 15] Beginning TestDataCommand ( LogicalFieldName : Last Name, LogicalFieldValue : Smith )
----------------
2019-02-20 02:09:09,977 INFO  execution-log - [Sequence No - 15]	 Command completed.
----------------
2019-02-20 02:09:09,989 INFO  execution-log - [Sequence No - 16] Beginning ValidateExistStatusCommand ( LogicalFieldName : ContactNumber1, LogicalFieldValue : True )
----------------
2019-02-20 02:09:10,019 INFO  execution-log - [Sequence No - 16]	 Command completed.
----------------
2019-02-20 02:09:10,027 INFO  execution-log - [Sequence No - 17] Beginning TestDataCommand ( LogicalFieldName : ContactNumber1, LogicalFieldValue : 654 )
----------------
2019-02-20 02:09:10,660 INFO  execution-log - [Sequence No - 17]	 Command completed.
----------------
2019-02-20 02:09:10,670 INFO  execution-log - [Sequence No - 18] Beginning TestDataCommand ( LogicalFieldName : ContactNumber2, LogicalFieldValue : 321 )
----------------
2019-02-20 02:09:11,352 INFO  execution-log - [Sequence No - 18]	 Command completed.
----------------
2019-02-20 02:09:11,363 INFO  execution-log - [Sequence No - 19] Beginning TestDataCommand ( LogicalFieldName : ContactNumber3, LogicalFieldValue : 6541 )
----------------
2019-02-20 02:09:12,034 INFO  execution-log - [Sequence No - 19]	 Command completed.
----------------
2019-02-20 02:09:12,048 INFO  execution-log - [Sequence No - 20] Beginning ValidateExistStatusCommand ( LogicalFieldName : Primary Email, LogicalFieldValue : True )
----------------
2019-02-20 02:09:12,077 INFO  execution-log - [Sequence No - 20]	 Command completed.
----------------
2019-02-20 02:09:12,087 INFO  execution-log - [Sequence No - 21] Beginning TestDataCommand ( LogicalFieldName : Primary Email, LogicalFieldValue : jack.smith@gmail.com )
----------------
2019-02-20 02:09:12,917 INFO  execution-log - [Sequence No - 21]	 Command completed.
----------------
2019-02-20 02:09:12,928 INFO  execution-log - [Sequence No - 22] Beginning ValidateExistStatusCommand ( LogicalFieldName : Business Started Year, LogicalFieldValue : True )
----------------
2019-02-20 02:09:12,946 INFO  execution-log - [Sequence No - 22]	 Command completed.
----------------
2019-02-20 02:09:12,955 INFO  execution-log - [Sequence No - 23] Beginning TestDataCommand ( LogicalFieldName : Business Started Year, LogicalFieldValue : 2012 )
----------------
2019-02-20 02:09:14,068 INFO  execution-log - [Sequence No - 23]	 Command completed.
----------------
2019-02-20 02:09:14,079 INFO  execution-log - [Sequence No - 24] Beginning ValidateExistStatusCommand ( LogicalFieldName : Select Product, LogicalFieldValue : True )
----------------
2019-02-20 02:09:14,099 INFO  execution-log - [Sequence No - 24]	 Command completed.
----------------
2019-02-20 02:09:14,108 INFO  execution-log - [Sequence No - 25] Beginning ActionCommand ( LogicalFieldName : Select Product, LogicalFieldValue : Click )
----------------
2019-02-20 02:09:14,239 INFO  execution-log - [Sequence No - 25]	 Command completed.
----------------
2019-02-20 02:09:14,252 INFO  execution-log - [Sequence No - 26] Beginning ActionCommand ( LogicalFieldName : Select Product1, LogicalFieldValue : Click )
----------------
2019-02-20 02:09:14,368 INFO  execution-log - [Sequence No - 26]	 Command completed.
----------------
2019-02-20 02:09:14,382 INFO  execution-log - [Sequence No - 27] Beginning ValidateExistStatusCommand ( LogicalFieldName : Contact Name, LogicalFieldValue : True )
----------------
2019-02-20 02:09:14,411 INFO  execution-log - [Sequence No - 27]	 Command completed.
----------------
2019-02-20 02:09:14,420 INFO  execution-log - [Sequence No - 28] Beginning ActionCommand ( LogicalFieldName : Contact Name, LogicalFieldValue : Click )
----------------
2019-02-20 02:09:14,546 INFO  execution-log - [Sequence No - 28]	 Command completed.
----------------
2019-02-20 02:09:14,556 INFO  execution-log - [Sequence No - 29] Beginning ActionCommand ( LogicalFieldName : Contact Name Initial Select, LogicalFieldValue : Click )
----------------
2019-02-20 02:09:15,418 INFO  execution-log - [Sequence No - 29]	 Command completed.
----------------
2019-02-20 02:09:15,434 INFO  execution-log - [Sequence No - 30] Beginning ValidateExistStatusCommand ( LogicalFieldName : Industry, LogicalFieldValue : True )
----------------
2019-02-20 02:09:15,458 INFO  execution-log - [Sequence No - 30]	 Command completed.
----------------
2019-02-20 02:09:15,469 INFO  execution-log - [Sequence No - 31] Beginning ActionCommand ( LogicalFieldName : Industry, LogicalFieldValue : Click )
----------------
2019-02-20 02:09:15,648 INFO  execution-log - [Sequence No - 31]	 Command completed.
----------------
2019-02-20 02:09:15,660 INFO  execution-log - [Sequence No - 32] Beginning ActionCommand ( LogicalFieldName : Industry1, LogicalFieldValue : Click )
----------------
2019-02-20 02:09:15,847 INFO  execution-log - [Sequence No - 32]	 Command completed.
----------------
2019-02-20 02:09:15,859 INFO  execution-log - [Sequence No - 33] Beginning ValidateExistStatusCommand ( LogicalFieldName : Zip Code, LogicalFieldValue : True )
----------------
2019-02-20 02:09:15,968 INFO  execution-log - [Sequence No - 33]	 Command completed.
----------------
2019-02-20 02:09:15,980 INFO  execution-log - [Sequence No - 34] Beginning TestDataCommand ( LogicalFieldName : Zip Code, LogicalFieldValue : 53704 )
----------------
