2019-02-08 08:10:01,869 INFO  execution-log - 	Initializing control map with map # MASTER
----------------
2019-02-08 08:10:01,875 INFO  execution-log - Initializing Test Automation
----------------
2019-02-08 08:10:01,880 INFO  execution-log - 	target browser: Chrome
----------------
2019-02-08 08:10:13,151 INFO  execution-log - TC # : 1, Downloading test case from DB
----------------
2019-02-08 08:10:33,765 INFO  execution-log - TC # : 1, Getting test data from DB
----------------
2019-02-08 08:10:33,765 INFO  execution-log - TC # : 1, Getting control map :MASTER from DB
----------------
2019-02-08 08:10:42,974 INFO  execution-log - TC # : 1, Test data retrieval completed
----------------
2019-02-08 08:10:42,976 INFO  execution-log - TC # : 1, Control map retrieval completed
----------------
2019-02-08 08:10:46,560 INFO  execution-log - TC # : 1, Parsing commands
----------------
2019-02-08 08:11:18,580 INFO  execution-log - Loading captured values from persistence.
----------------
2019-02-08 08:11:33,907 INFO  execution-log - TC # : 1, Started executing test case in the VMTESTAPP1 environment (http://vam-qa.cloudapp.net:6363/pages/login.html)
----------------
2019-02-08 08:11:41,065 INFO  execution-log -  Beginning StartIterationCommand ( Iterations : 1 )
----------------
2019-02-08 08:11:41,318 INFO  execution-log - TC # : 1, Starting iteration #1
----------------
2019-02-08 08:11:41,331 INFO  execution-log - 	 Command completed.
----------------
2019-02-08 08:11:41,649 INFO  execution-log -  Beginning InvokeApplicationCommand ( Target :  )
----------------
2019-02-08 08:11:43,688 INFO  execution-log - 	 Command completed.
----------------
2019-02-08 08:11:43,981 INFO  execution-log -  Beginning PageCommand ( CurrentPage : Login, FlowIdentifier : 1, DiIndicator : DI )
----------------
2019-02-08 08:11:44,274 INFO  execution-log - 	 Command completed.
----------------
2019-02-08 08:11:44,285 INFO  execution-log -  Beginning LoadTestDataItemCommand ( CurrentPage : Login, FlowIdentifier : 1, DiIndicator : DI )
----------------
2019-02-08 08:11:44,312 INFO  execution-log - [Sequence No - 1] Beginning ValidateExistStatusCommand ( LogicalFieldName : User Name, LogicalFieldValue : True )
----------------
2019-02-08 08:11:44,599 INFO  execution-log - [Sequence No - 1]	 Command completed.
----------------
2019-02-08 08:11:44,926 INFO  execution-log - [Sequence No - 2] Beginning ActionCommand ( LogicalFieldName : User Name, LogicalFieldValue : Click )
----------------
2019-02-08 08:11:52,861 INFO  execution-log - [Sequence No - 2]	 Command completed.
----------------
2019-02-08 08:11:53,622 INFO  execution-log - [Sequence No - 3] Beginning TestDataCommand ( LogicalFieldName : User Name, LogicalFieldValue : Jack )
----------------
2019-02-08 08:11:55,882 INFO  execution-log - [Sequence No - 3]	 Command completed.
----------------
2019-02-08 08:11:56,474 INFO  execution-log - [Sequence No - 4] Beginning ValidateExistStatusCommand ( LogicalFieldName : Password, LogicalFieldValue : True )
----------------
2019-02-08 08:11:56,783 INFO  execution-log - [Sequence No - 4]	 Command completed.
----------------
2019-02-08 08:11:56,857 INFO  execution-log - [Sequence No - 5] Beginning TestDataCommand ( LogicalFieldName : Password, LogicalFieldValue : Smit@123 )
----------------
2019-02-08 08:11:59,239 INFO  execution-log - [Sequence No - 5]	 Command completed.
----------------
2019-02-08 08:11:59,252 INFO  execution-log - [Sequence No - 6] Beginning ValidateEnableStatusCommand ( LogicalFieldName : Login_Button, LogicalFieldValue : True )
----------------
2019-02-08 08:11:59,288 INFO  execution-log - [Sequence No - 6]	 Command completed.
----------------
2019-02-08 08:11:59,302 INFO  execution-log - [Sequence No - 7] Beginning ActionCommand ( LogicalFieldName : Login_Button, LogicalFieldValue : Click )
----------------
2019-02-08 08:12:04,425 INFO  execution-log - [Sequence No - 7]	 Command completed.
----------------
2019-02-08 08:12:04,432 INFO  execution-log - 	 Command completed.
----------------
2019-02-08 08:12:04,437 INFO  execution-log -  Beginning PageCommand ( CurrentPage : Home, FlowIdentifier : 2, DiIndicator : DI )
----------------
2019-02-08 08:12:04,441 INFO  execution-log - 	 Command completed.
----------------
2019-02-08 08:12:04,446 INFO  execution-log -  Beginning LoadTestDataItemCommand ( CurrentPage : Home, FlowIdentifier : 2, DiIndicator : DI )
----------------
2019-02-08 08:12:04,461 INFO  execution-log - [Sequence No - 8] Beginning ValidateEnableStatusCommand ( LogicalFieldName : New Quote, LogicalFieldValue : True )
----------------
2019-02-08 08:12:06,942 INFO  execution-log - [Sequence No - 8]	 Command completed.
----------------
2019-02-08 08:12:06,953 INFO  execution-log - [Sequence No - 9] Beginning ActionCommand ( LogicalFieldName : New Quote, LogicalFieldValue : Click )
----------------
2019-02-08 08:12:12,532 INFO  execution-log - [Sequence No - 9]	 Command completed.
----------------
2019-02-08 08:12:12,550 INFO  execution-log - 	 Command completed.
----------------
2019-02-08 08:12:12,561 INFO  execution-log -  Beginning PageCommand ( CurrentPage : New Quote, FlowIdentifier : 3, DiIndicator : DI )
----------------
2019-02-08 08:12:12,567 INFO  execution-log - 	 Command completed.
----------------
2019-02-08 08:12:12,574 INFO  execution-log -  Beginning LoadTestDataItemCommand ( CurrentPage : New Quote, FlowIdentifier : 3, DiIndicator : DI )
----------------
2019-02-08 08:12:12,610 INFO  execution-log - [Sequence No - 10] Beginning ValidateExistStatusCommand ( LogicalFieldName : Account Name, LogicalFieldValue : True )
----------------
2019-02-08 08:12:12,681 INFO  execution-log - [Sequence No - 10]	 Command completed.
----------------
2019-02-08 08:12:12,691 INFO  execution-log - [Sequence No - 11] Beginning TestDataCommand ( LogicalFieldName : Account Name, LogicalFieldValue : RANDOMIZE(7,2) )
----------------
2019-02-08 08:12:13,073 INFO  execution-log - [Sequence No - 11]	 Command completed.
----------------
2019-02-08 08:12:13,083 INFO  execution-log - [Sequence No - 12] Beginning ValidateExistStatusCommand ( LogicalFieldName : First Name, LogicalFieldValue : True )
----------------
2019-02-08 08:12:13,114 INFO  execution-log - [Sequence No - 12]	 Command completed.
----------------
2019-02-08 08:12:13,123 INFO  execution-log - [Sequence No - 13] Beginning TestDataCommand ( LogicalFieldName : First Name, LogicalFieldValue : Jack )
----------------
2019-02-08 08:12:13,384 INFO  execution-log - [Sequence No - 13]	 Command completed.
----------------
2019-02-08 08:12:13,394 INFO  execution-log - [Sequence No - 14] Beginning ValidateEnableStatusCommand ( LogicalFieldName : Last Name, LogicalFieldValue : True )
----------------
2019-02-08 08:12:13,458 INFO  execution-log - [Sequence No - 14]	 Command completed.
----------------
2019-02-08 08:12:13,479 INFO  execution-log - [Sequence No - 15] Beginning TestDataCommand ( LogicalFieldName : Last Name, LogicalFieldValue : Smith )
----------------
2019-02-08 08:12:14,077 INFO  execution-log - [Sequence No - 15]	 Command completed.
----------------
2019-02-08 08:12:14,088 INFO  execution-log - [Sequence No - 16] Beginning ValidateExistStatusCommand ( LogicalFieldName : ContactNumber1, LogicalFieldValue : True )
----------------
2019-02-08 08:12:14,162 INFO  execution-log - [Sequence No - 16]	 Command completed.
----------------
2019-02-08 08:12:14,182 INFO  execution-log - [Sequence No - 17] Beginning TestDataCommand ( LogicalFieldName : ContactNumber1, LogicalFieldValue : 654 )
----------------
2019-02-08 08:12:14,382 INFO  execution-log - [Sequence No - 17]	 Command completed.
----------------
2019-02-08 08:12:14,391 INFO  execution-log - [Sequence No - 18] Beginning TestDataCommand ( LogicalFieldName : ContactNumber2, LogicalFieldValue : 321 )
----------------
2019-02-08 08:12:14,603 INFO  execution-log - [Sequence No - 18]	 Command completed.
----------------
2019-02-08 08:12:14,615 INFO  execution-log - [Sequence No - 19] Beginning TestDataCommand ( LogicalFieldName : ContactNumber3, LogicalFieldValue : 6541 )
----------------
2019-02-08 08:12:14,767 INFO  execution-log - [Sequence No - 19]	 Command completed.
----------------
2019-02-08 08:12:14,779 INFO  execution-log - [Sequence No - 20] Beginning ValidateExistStatusCommand ( LogicalFieldName : Primary Email, LogicalFieldValue : True )
----------------
2019-02-08 08:12:14,818 INFO  execution-log - [Sequence No - 20]	 Command completed.
----------------
2019-02-08 08:12:14,827 INFO  execution-log - [Sequence No - 21] Beginning TestDataCommand ( LogicalFieldName : Primary Email, LogicalFieldValue : jack.smith@gmail.com )
----------------
2019-02-08 08:12:15,158 INFO  execution-log - [Sequence No - 21]	 Command completed.
----------------
2019-02-08 08:12:15,169 INFO  execution-log - [Sequence No - 22] Beginning ValidateExistStatusCommand ( LogicalFieldName : Business Started Year, LogicalFieldValue : True )
----------------
2019-02-08 08:12:15,197 INFO  execution-log - [Sequence No - 22]	 Command completed.
----------------
2019-02-08 08:12:15,205 INFO  execution-log - [Sequence No - 23] Beginning TestDataCommand ( LogicalFieldName : Business Started Year, LogicalFieldValue : 2012 )
----------------
2019-02-08 08:12:15,410 INFO  execution-log - [Sequence No - 23]	 Command completed.
----------------
2019-02-08 08:12:15,420 INFO  execution-log - [Sequence No - 24] Beginning ValidateExistStatusCommand ( LogicalFieldName : Select Product, LogicalFieldValue : True )
----------------
2019-02-08 08:12:15,549 INFO  execution-log - [Sequence No - 24]	 Command completed.
----------------
2019-02-08 08:12:15,559 INFO  execution-log - [Sequence No - 25] Beginning ActionCommand ( LogicalFieldName : Select Product, LogicalFieldValue : Click )
----------------
2019-02-08 08:12:16,091 INFO  execution-log - [Sequence No - 25]	 Command completed.
----------------
2019-02-08 08:12:16,102 INFO  execution-log - [Sequence No - 26] Beginning ActionCommand ( LogicalFieldName : Select Product1, LogicalFieldValue : Click )
----------------
2019-02-08 08:12:16,490 INFO  execution-log - [Sequence No - 26]	 Command completed.
----------------
2019-02-08 08:12:16,503 INFO  execution-log - [Sequence No - 27] Beginning ValidateExistStatusCommand ( LogicalFieldName : Contact Name, LogicalFieldValue : True )
----------------
2019-02-08 08:12:16,570 INFO  execution-log - [Sequence No - 27]	 Command completed.
----------------
2019-02-08 08:12:16,608 INFO  execution-log - [Sequence No - 28] Beginning ActionCommand ( LogicalFieldName : Contact Name, LogicalFieldValue : Click )
----------------
2019-02-08 08:12:16,808 INFO  execution-log - [Sequence No - 28]	 Command completed.
----------------
2019-02-08 08:12:16,822 INFO  execution-log - [Sequence No - 29] Beginning ActionCommand ( LogicalFieldName : Contact Name Initial Select, LogicalFieldValue : Click )
----------------
2019-02-08 08:12:17,484 INFO  execution-log - [Sequence No - 29]	 Command completed.
----------------
2019-02-08 08:12:17,496 INFO  execution-log - [Sequence No - 30] Beginning ValidateExistStatusCommand ( LogicalFieldName : Industry, LogicalFieldValue : True )
----------------
2019-02-08 08:12:17,541 INFO  execution-log - [Sequence No - 30]	 Command completed.
----------------
2019-02-08 08:12:17,554 INFO  execution-log - [Sequence No - 31] Beginning ActionCommand ( LogicalFieldName : Industry, LogicalFieldValue : Click )
----------------
2019-02-08 08:12:17,772 INFO  execution-log - [Sequence No - 31]	 Command completed.
----------------
2019-02-08 08:12:17,786 INFO  execution-log - [Sequence No - 32] Beginning ActionCommand ( LogicalFieldName : Industry1, LogicalFieldValue : Click )
----------------
2019-02-08 08:12:18,173 INFO  execution-log - [Sequence No - 32]	 Command completed.
----------------
2019-02-08 08:12:18,203 INFO  execution-log - [Sequence No - 33] Beginning ValidateExistStatusCommand ( LogicalFieldName : Zip Code, LogicalFieldValue : True )
----------------
2019-02-08 08:12:18,313 INFO  execution-log - [Sequence No - 33]	 Command completed.
----------------
2019-02-08 08:12:18,334 INFO  execution-log - [Sequence No - 34] Beginning TestDataCommand ( LogicalFieldName : Zip Code, LogicalFieldValue : 53704 )
----------------
2019-02-08 08:12:18,535 INFO  execution-log - [Sequence No - 34]	 Command completed.
----------------
2019-02-08 08:12:18,548 INFO  execution-log - [Sequence No - 35] Beginning ActionCommand ( LogicalFieldName : zipcode click, LogicalFieldValue : Click )
----------------
2019-02-08 08:12:18,932 INFO  execution-log - [Sequence No - 35]	 Command completed.
----------------
2019-02-08 08:12:18,941 INFO  execution-log - [Sequence No - 36] Beginning ValidateExistStatusCommand ( LogicalFieldName : Street Address, LogicalFieldValue : True )
----------------
2019-02-08 08:12:18,964 INFO  execution-log - [Sequence No - 36]	 Command completed.
----------------
2019-02-08 08:12:18,972 INFO  execution-log - [Sequence No - 37] Beginning TestDataCommand ( LogicalFieldName : Street Address, LogicalFieldValue : 123 BLUEJAY LN )
----------------
2019-02-08 08:12:19,223 INFO  execution-log - [Sequence No - 37]	 Command completed.
----------------
2019-02-08 08:12:19,234 INFO  execution-log - [Sequence No - 38] Beginning ValidateExistStatusCommand ( LogicalFieldName : Same as Physical Address, LogicalFieldValue : True )
----------------
2019-02-08 08:12:19,256 INFO  execution-log - [Sequence No - 38]	 Command completed.
----------------
2019-02-08 08:12:19,264 INFO  execution-log - [Sequence No - 39] Beginning ActionCommand ( LogicalFieldName : Same as Physical Address, LogicalFieldValue : Click )
----------------
2019-02-08 08:12:19,420 INFO  execution-log - [Sequence No - 39]	 Command completed.
----------------
2019-02-08 08:12:19,431 INFO  execution-log - [Sequence No - 40] Beginning ValidateEnableStatusCommand ( LogicalFieldName : Proceed, LogicalFieldValue : True )
----------------
2019-02-08 08:12:19,470 INFO  execution-log - [Sequence No - 40]	 Command completed.
----------------
2019-02-08 08:12:19,480 INFO  execution-log - [Sequence No - 41] Beginning ActionCommand ( LogicalFieldName : Proceed, LogicalFieldValue : Click )
----------------
2019-02-08 08:12:19,650 INFO  execution-log - [Sequence No - 41]	 Command completed.
----------------
2019-02-08 08:12:19,658 INFO  execution-log - 	 Command completed.
----------------
2019-02-08 08:12:19,666 INFO  execution-log -  Beginning PageCommand ( CurrentPage : Insured Info, FlowIdentifier : 4, DiIndicator : DI )
----------------
2019-02-08 08:12:19,675 INFO  execution-log - 	 Command completed.
----------------
2019-02-08 08:12:19,684 INFO  execution-log -  Beginning LoadTestDataItemCommand ( CurrentPage : Insured Info, FlowIdentifier : 4, DiIndicator : DI )
----------------
2019-02-08 08:12:19,699 INFO  execution-log - [Sequence No - 42] Beginning ValidateEnableStatusCommand ( LogicalFieldName : InsuredName, LogicalFieldValue : True )
----------------
2019-02-08 08:12:22,442 INFO  execution-log - [Sequence No - 42]	 Command completed.
----------------
2019-02-08 08:12:22,468 INFO  execution-log - [Sequence No - 43] Beginning TestDataCommand ( LogicalFieldName : InsuredName, LogicalFieldValue : Smith )
----------------
2019-02-08 08:12:22,760 INFO  execution-log - [Sequence No - 43]	 Command completed.
----------------
2019-02-08 08:12:22,771 INFO  execution-log - [Sequence No - 44] Beginning ValidateEnableStatusCommand ( LogicalFieldName : Primary State Click, LogicalFieldValue : True )
----------------
2019-02-08 08:12:22,816 INFO  execution-log - [Sequence No - 44]	 Command completed.
----------------
2019-02-08 08:12:22,824 INFO  execution-log - [Sequence No - 45] Beginning ActionCommand ( LogicalFieldName : Primary State Click, LogicalFieldValue : Click )
----------------
2019-02-08 08:12:22,967 INFO  execution-log - [Sequence No - 45]	 Command completed.
----------------
2019-02-08 08:12:22,978 INFO  execution-log - [Sequence No - 46] Beginning ActionCommand ( LogicalFieldName : PrimayState Select, LogicalFieldValue : Click )
----------------
2019-02-08 08:12:23,188 INFO  execution-log - [Sequence No - 46]	 Command completed.
----------------
2019-02-08 08:12:23,198 INFO  execution-log - [Sequence No - 47] Beginning ValidateExistStatusCommand ( LogicalFieldName : Street Address, LogicalFieldValue : True )
----------------
2019-02-08 08:12:23,252 INFO  execution-log - [Sequence No - 47]	 Command completed.
----------------
2019-02-08 08:12:23,262 INFO  execution-log - [Sequence No - 48] Beginning TestDataCommand ( LogicalFieldName : Street Address, LogicalFieldValue : 123 new street )
----------------
2019-02-08 08:12:23,746 INFO  execution-log - [Sequence No - 48]	 Command completed.
----------------
2019-02-08 08:12:23,755 INFO  execution-log - [Sequence No - 49] Beginning ValidateExistStatusCommand ( LogicalFieldName : Zip Code, LogicalFieldValue : True )
----------------
2019-02-08 08:12:23,785 INFO  execution-log - [Sequence No - 49]	 Command completed.
----------------
2019-02-08 08:12:23,793 INFO  execution-log - [Sequence No - 50] Beginning TestDataCommand ( LogicalFieldName : Zip Code, LogicalFieldValue : 53704 )
----------------
2019-02-08 08:12:24,109 INFO  execution-log - [Sequence No - 50]	 Command completed.
----------------
2019-02-08 08:12:24,158 INFO  execution-log - [Sequence No - 51] Beginning ValidateExistStatusCommand ( LogicalFieldName : Same as Physical Address, LogicalFieldValue : True )
----------------
2019-02-08 08:12:24,183 INFO  execution-log - [Sequence No - 51]	 Command completed.
----------------
2019-02-08 08:12:24,192 INFO  execution-log - [Sequence No - 52] Beginning ActionCommand ( LogicalFieldName : Same as Physical Address, LogicalFieldValue : Click )
----------------
2019-02-08 08:12:24,518 INFO  execution-log - [Sequence No - 52]	 Command completed.
----------------
2019-02-08 08:12:24,531 INFO  execution-log - [Sequence No - 53] Beginning ValidateExistStatusCommand ( LogicalFieldName : SIC Code, LogicalFieldValue : True )
----------------
2019-02-08 08:12:24,581 INFO  execution-log - [Sequence No - 53]	 Command completed.
----------------
2019-02-08 08:12:24,591 INFO  execution-log - [Sequence No - 54] Beginning TestDataCommand ( LogicalFieldName : SIC Code, LogicalFieldValue : 41510000-School buses )
----------------
2019-02-08 08:12:24,973 INFO  execution-log - [Sequence No - 54]	 Command completed.
----------------
2019-02-08 08:12:24,985 INFO  execution-log - [Sequence No - 55] Beginning ValidateExistStatusCommand ( LogicalFieldName : BusinessInceptionYear, LogicalFieldValue : True )
----------------
2019-02-08 08:12:25,009 INFO  execution-log - [Sequence No - 55]	 Command completed.
----------------
2019-02-08 08:12:25,019 INFO  execution-log - [Sequence No - 56] Beginning TestDataCommand ( LogicalFieldName : BusinessInceptionYear, LogicalFieldValue : 2012 )
----------------
2019-02-08 08:12:25,209 INFO  execution-log - [Sequence No - 56]	 Command completed.
----------------
2019-02-08 08:12:25,238 INFO  execution-log - [Sequence No - 57] Beginning ValidateExistStatusCommand ( LogicalFieldName : BusinessPhone, LogicalFieldValue : True )
----------------
2019-02-08 08:12:25,268 INFO  execution-log - [Sequence No - 57]	 Command completed.
----------------
2019-02-08 08:12:25,278 INFO  execution-log - [Sequence No - 58] Beginning TestDataCommand ( LogicalFieldName : BusinessPhone, LogicalFieldValue : 6549879879 )
----------------
2019-02-08 08:12:26,741 INFO  execution-log - [Sequence No - 58]	 Command completed.
----------------
2019-02-08 08:12:26,755 INFO  execution-log - [Sequence No - 59] Beginning ValidateEnableStatusCommand ( LogicalFieldName : Next, LogicalFieldValue : True )
----------------
2019-02-08 08:12:26,797 INFO  execution-log - [Sequence No - 59]	 Command completed.
----------------
2019-02-08 08:12:26,809 INFO  execution-log - [Sequence No - 60] Beginning ActionCommand ( LogicalFieldName : Next, LogicalFieldValue : Click )
----------------
2019-02-08 08:12:26,935 INFO  execution-log - [Sequence No - 60]	 Command completed.
----------------
2019-02-08 08:12:26,942 INFO  execution-log - 	 Command completed.
----------------
2019-02-08 08:12:26,950 INFO  execution-log -  Beginning PageCommand ( CurrentPage : Policy Info, FlowIdentifier : 5, DiIndicator : DI )
----------------
2019-02-08 08:12:26,956 INFO  execution-log - 	 Command completed.
----------------
2019-02-08 08:12:26,962 INFO  execution-log -  Beginning LoadTestDataItemCommand ( CurrentPage : Policy Info, FlowIdentifier : 5, DiIndicator : DI )
----------------
2019-02-08 08:12:26,975 INFO  execution-log - [Sequence No - 61] Beginning ValidateEnableStatusCommand ( LogicalFieldName : Which State do u operate In?, LogicalFieldValue : True )
----------------
2019-02-08 08:12:27,432 INFO  execution-log - [Sequence No - 61]	 Command completed.
----------------
2019-02-08 08:12:27,447 INFO  execution-log - [Sequence No - 62] Beginning ActionCommand ( LogicalFieldName : Which State do u operate In?, LogicalFieldValue : Click )
----------------
2019-02-08 08:12:28,135 INFO  execution-log - [Sequence No - 62]	 Command completed.
----------------
2019-02-08 08:12:28,145 INFO  execution-log - [Sequence No - 63] Beginning ActionCommand ( LogicalFieldName : Which State do u operate In?1, LogicalFieldValue : Click )
----------------
2019-02-08 08:12:28,790 INFO  execution-log - [Sequence No - 63]	 Command completed.
----------------
2019-02-08 08:12:28,805 INFO  execution-log - [Sequence No - 64] Beginning ActionCommand ( LogicalFieldName : Label Click, LogicalFieldValue : Click )
----------------
2019-02-08 08:12:28,993 INFO  execution-log - [Sequence No - 64]	 Command completed.
----------------
2019-02-08 08:12:29,005 INFO  execution-log - [Sequence No - 65] Beginning ActionCommand ( LogicalFieldName : Collapse, LogicalFieldValue : Click )
----------------
2019-02-08 08:12:38,220 INFO  execution-log - [Sequence No - 65]	 Command completed.
----------------
2019-02-08 08:12:38,248 INFO  execution-log - [Sequence No - 66] Beginning ValidateEnableStatusCommand ( LogicalFieldName : Select Product, LogicalFieldValue : True )
----------------
2019-02-08 08:12:39,187 INFO  execution-log - [Sequence No - 66]	 Command completed.
----------------
2019-02-08 08:12:39,198 INFO  execution-log - [Sequence No - 67] Beginning ActionCommand ( LogicalFieldName : Select Product, LogicalFieldValue : Click-Wait(2000) )
----------------
2019-02-08 08:12:52,858 INFO  execution-log - [Sequence No - 67]	 Command completed.
----------------
2019-02-08 08:12:53,189 INFO  execution-log - [Sequence No - 68] Beginning ActionCommand ( LogicalFieldName : Select Product 1, LogicalFieldValue : Click )
----------------
2019-02-08 08:12:59,497 INFO  execution-log - [Sequence No - 68]	 Command completed.
----------------
2019-02-08 08:12:59,524 INFO  execution-log - 	 Command completed.
----------------
2019-02-08 08:21:05,341 INFO  execution-log - Saving captured values to file.
----------------
