2019-02-07 07:44:05,043 INFO  execution-log - 	Initializing control map with map # MASTER
----------------
2019-02-07 07:44:05,048 INFO  execution-log - Initializing Test Automation
----------------
2019-02-07 07:44:05,052 INFO  execution-log - 	target browser: Chrome
----------------
2019-02-07 07:44:10,361 INFO  execution-log - TC # : 1, Downloading test case from DB
----------------
2019-02-07 07:44:10,391 INFO  execution-log - TC # : 1, Getting test data from DB
----------------
2019-02-07 07:44:10,391 INFO  execution-log - TC # : 1, Getting control map :MASTER from DB
----------------
2019-02-07 07:44:10,411 INFO  execution-log - TC # : 1, Test data retrieval completed
----------------
2019-02-07 07:44:10,424 INFO  execution-log - TC # : 1, Control map retrieval completed
----------------
2019-02-07 07:44:10,432 INFO  execution-log - TC # : 1, Parsing commands
----------------
2019-02-07 07:44:10,437 INFO  execution-log - Loading captured values from persistence.
----------------
2019-02-07 07:44:10,444 INFO  execution-log - TC # : 1, Started executing test case in the VMTESTAPP1 environment (http://vam-qa.cloudapp.net:6363/pages/login.html)
----------------
2019-02-07 07:44:12,023 INFO  execution-log -  Beginning StartIterationCommand ( Iterations : 1 )
----------------
2019-02-07 07:44:12,033 INFO  execution-log - TC # : 1, Starting iteration #1
----------------
2019-02-07 07:44:12,039 INFO  execution-log - 	 Command completed.
----------------
2019-02-07 07:44:12,044 INFO  execution-log -  Beginning InvokeApplicationCommand ( Target :  )
----------------
2019-02-07 07:44:13,100 INFO  execution-log - 	 Command completed.
----------------
2019-02-07 07:44:13,112 INFO  execution-log -  Beginning PageCommand ( CurrentPage : Login, FlowIdentifier : 1, DiIndicator : DI )
----------------
2019-02-07 07:44:13,119 INFO  execution-log - 	 Command completed.
----------------
2019-02-07 07:44:13,124 INFO  execution-log -  Beginning LoadTestDataItemCommand ( CurrentPage : Login, FlowIdentifier : 1, DiIndicator : DI )
----------------
2019-02-07 07:44:13,139 INFO  execution-log - [Sequence No - 1] Beginning ValidateExistStatusCommand ( LogicalFieldName : User Name, LogicalFieldValue : True )
----------------
2019-02-07 07:44:13,173 INFO  execution-log - [Sequence No - 1]	 Command completed.
----------------
2019-02-07 07:44:13,187 INFO  execution-log - [Sequence No - 2] Beginning ActionCommand ( LogicalFieldName : User Name, LogicalFieldValue : Click )
----------------
2019-02-07 07:44:13,343 INFO  execution-log - [Sequence No - 2]	 Command completed.
----------------
2019-02-07 07:44:13,371 INFO  execution-log - [Sequence No - 3] Beginning TestDataCommand ( LogicalFieldName : User Name, LogicalFieldValue : Jack )
----------------
2019-02-07 07:44:13,539 INFO  execution-log - [Sequence No - 3]	 Command completed.
----------------
2019-02-07 07:44:13,550 INFO  execution-log - [Sequence No - 4] Beginning ValidateExistStatusCommand ( LogicalFieldName : Password, LogicalFieldValue : True )
----------------
2019-02-07 07:44:13,583 INFO  execution-log - [Sequence No - 4]	 Command completed.
----------------
2019-02-07 07:44:13,593 INFO  execution-log - [Sequence No - 5] Beginning TestDataCommand ( LogicalFieldName : Password, LogicalFieldValue : Smit@123 )
----------------
2019-02-07 07:44:13,749 INFO  execution-log - [Sequence No - 5]	 Command completed.
----------------
2019-02-07 07:44:13,760 INFO  execution-log - [Sequence No - 6] Beginning ValidateEnableStatusCommand ( LogicalFieldName : Login_Button, LogicalFieldValue : True )
----------------
2019-02-07 07:44:13,796 INFO  execution-log - [Sequence No - 6]	 Command completed.
----------------
2019-02-07 07:44:13,805 INFO  execution-log - [Sequence No - 7] Beginning ActionCommand ( LogicalFieldName : Login_Button, LogicalFieldValue : Click )
----------------
2019-02-07 07:44:14,048 INFO  execution-log - [Sequence No - 7]	 Command completed.
----------------
2019-02-07 07:44:14,061 INFO  execution-log - 	 Command completed.
----------------
2019-02-07 07:44:14,078 INFO  execution-log -  Beginning PageCommand ( CurrentPage : Home, FlowIdentifier : 2, DiIndicator : DI )
----------------
2019-02-07 07:44:14,089 INFO  execution-log - 	 Command completed.
----------------
2019-02-07 07:44:14,096 INFO  execution-log -  Beginning LoadTestDataItemCommand ( CurrentPage : Home, FlowIdentifier : 2, DiIndicator : DI )
----------------
2019-02-07 07:44:14,112 INFO  execution-log - [Sequence No - 8] Beginning ValidateEnableStatusCommand ( LogicalFieldName : New Quote, LogicalFieldValue : True )
----------------
2019-02-07 07:44:19,855 INFO  execution-log - [Sequence No - 8]	 Command completed.
----------------
2019-02-07 07:44:20,985 INFO  execution-log - [Sequence No - 9] Beginning ActionCommand ( LogicalFieldName : New Quote, LogicalFieldValue : Click )
----------------
2019-02-07 07:44:23,065 INFO  execution-log - [Sequence No - 9]	 Command completed.
----------------
2019-02-07 07:44:23,075 INFO  execution-log - 	 Command completed.
----------------
2019-02-07 07:44:23,079 INFO  execution-log -  Beginning PageCommand ( CurrentPage : New Quote, FlowIdentifier : 3, DiIndicator : DI )
----------------
2019-02-07 07:44:23,102 INFO  execution-log - 	 Command completed.
----------------
2019-02-07 07:44:23,110 INFO  execution-log -  Beginning LoadTestDataItemCommand ( CurrentPage : New Quote, FlowIdentifier : 3, DiIndicator : DI )
----------------
2019-02-07 07:44:23,201 INFO  execution-log - [Sequence No - 10] Beginning ValidateExistStatusCommand ( LogicalFieldName : Account Name, LogicalFieldValue : True )
----------------
2019-02-07 07:44:23,233 INFO  execution-log - [Sequence No - 10]	 Command completed.
----------------
2019-02-07 07:44:23,245 INFO  execution-log - [Sequence No - 11] Beginning TestDataCommand ( LogicalFieldName : Account Name, LogicalFieldValue : RANDOMIZE(7,2) )
----------------
2019-02-07 07:44:23,826 INFO  execution-log - [Sequence No - 11]	 Command completed.
----------------
2019-02-07 07:44:23,836 INFO  execution-log - [Sequence No - 12] Beginning ValidateExistStatusCommand ( LogicalFieldName : First Name, LogicalFieldValue : True )
----------------
2019-02-07 07:44:23,863 INFO  execution-log - [Sequence No - 12]	 Command completed.
----------------
2019-02-07 07:44:23,872 INFO  execution-log - [Sequence No - 13] Beginning TestDataCommand ( LogicalFieldName : First Name, LogicalFieldValue : Jack )
----------------
2019-02-07 07:44:24,162 INFO  execution-log - [Sequence No - 13]	 Command completed.
----------------
2019-02-07 07:44:24,185 INFO  execution-log - [Sequence No - 14] Beginning ValidateEnableStatusCommand ( LogicalFieldName : Last Name, LogicalFieldValue : True )
----------------
2019-02-07 07:44:24,221 INFO  execution-log - [Sequence No - 14]	 Command completed.
----------------
2019-02-07 07:44:24,230 INFO  execution-log - [Sequence No - 15] Beginning TestDataCommand ( LogicalFieldName : Last Name, LogicalFieldValue : Smith )
----------------
2019-02-07 07:44:24,906 INFO  execution-log - [Sequence No - 15]	 Command completed.
----------------
2019-02-07 07:44:24,919 INFO  execution-log - [Sequence No - 16] Beginning ValidateExistStatusCommand ( LogicalFieldName : ContactNumber1, LogicalFieldValue : True )
----------------
2019-02-07 07:44:24,955 INFO  execution-log - [Sequence No - 16]	 Command completed.
----------------
2019-02-07 07:44:24,968 INFO  execution-log - [Sequence No - 17] Beginning TestDataCommand ( LogicalFieldName : ContactNumber1, LogicalFieldValue : 654 )
----------------
2019-02-07 07:44:25,243 INFO  execution-log - [Sequence No - 17]	 Command completed.
----------------
2019-02-07 07:44:25,253 INFO  execution-log - [Sequence No - 18] Beginning TestDataCommand ( LogicalFieldName : ContactNumber2, LogicalFieldValue : 321 )
----------------
2019-02-07 07:44:25,436 INFO  execution-log - [Sequence No - 18]	 Command completed.
----------------
2019-02-07 07:44:25,447 INFO  execution-log - [Sequence No - 19] Beginning TestDataCommand ( LogicalFieldName : ContactNumber3, LogicalFieldValue : 6541 )
----------------
2019-02-07 07:44:25,687 INFO  execution-log - [Sequence No - 19]	 Command completed.
----------------
2019-02-07 07:44:25,698 INFO  execution-log - [Sequence No - 20] Beginning ValidateExistStatusCommand ( LogicalFieldName : Primary Email, LogicalFieldValue : True )
----------------
2019-02-07 07:44:25,738 INFO  execution-log - [Sequence No - 20]	 Command completed.
----------------
2019-02-07 07:44:25,748 INFO  execution-log - [Sequence No - 21] Beginning TestDataCommand ( LogicalFieldName : Primary Email, LogicalFieldValue : jack.smith@gmail.com )
----------------
2019-02-07 07:44:26,162 INFO  execution-log - [Sequence No - 21]	 Command completed.
----------------
2019-02-07 07:44:26,172 INFO  execution-log - [Sequence No - 22] Beginning ValidateExistStatusCommand ( LogicalFieldName : Business Started Year, LogicalFieldValue : True )
----------------
2019-02-07 07:44:26,196 INFO  execution-log - [Sequence No - 22]	 Command completed.
----------------
2019-02-07 07:44:26,205 INFO  execution-log - [Sequence No - 23] Beginning TestDataCommand ( LogicalFieldName : Business Started Year, LogicalFieldValue : 2012 )
----------------
2019-02-07 07:44:26,366 INFO  execution-log - [Sequence No - 23]	 Command completed.
----------------
2019-02-07 07:44:26,374 INFO  execution-log - [Sequence No - 24] Beginning ValidateExistStatusCommand ( LogicalFieldName : Select Product, LogicalFieldValue : True )
----------------
2019-02-07 07:44:26,401 INFO  execution-log - [Sequence No - 24]	 Command completed.
----------------
2019-02-07 07:44:26,410 INFO  execution-log - [Sequence No - 25] Beginning ActionCommand ( LogicalFieldName : Select Product, LogicalFieldValue : Click )
----------------
2019-02-07 07:44:26,663 INFO  execution-log - [Sequence No - 25]	 Command completed.
----------------
2019-02-07 07:44:26,673 INFO  execution-log - [Sequence No - 26] Beginning ActionCommand ( LogicalFieldName : Select Product1, LogicalFieldValue : Click )
----------------
