2019-02-06 06:19:18,423 INFO  execution-log - 	Initializing control map with map # MASTER
----------------
2019-02-06 06:19:18,435 INFO  execution-log - Initializing Test Automation
----------------
2019-02-06 06:19:18,440 INFO  execution-log - 	target browser: Chrome
----------------
2019-02-06 06:19:38,969 INFO  execution-log - TC # : 1, Downloading test case from DB
----------------
2019-02-06 06:19:57,780 INFO  execution-log - TC # : 1, Getting control map :MASTER from DB
----------------
2019-02-06 06:19:59,141 INFO  execution-log - TC # : 1, Getting test data from DB
----------------
2019-02-06 06:20:00,156 INFO  execution-log - TC # : 1, Control map retrieval completed
----------------
2019-02-06 06:20:00,958 INFO  execution-log - TC # : 1, Test data retrieval completed
----------------
2019-02-06 06:20:05,018 INFO  execution-log - TC # : 1, Parsing commands
----------------
2019-02-06 06:20:14,746 INFO  execution-log - Loading captured values from persistence.
----------------
2019-02-06 06:20:19,097 INFO  execution-log - TC # : 1, Started executing test case in the VMTESTAPP1 environment (http://vam-qa.cloudapp.net:6363/pages/login.html)
----------------
2019-02-06 06:20:25,106 INFO  execution-log -  Beginning StartIterationCommand ( Iterations : 1 )
----------------
2019-02-06 06:20:26,595 INFO  execution-log - TC # : 1, Starting iteration #1
----------------
2019-02-06 06:20:26,617 INFO  execution-log - 	 Command completed.
----------------
2019-02-06 06:20:29,178 INFO  execution-log -  Beginning InvokeApplicationCommand ( Target :  )
----------------
2019-02-06 06:20:30,241 INFO  execution-log - 	 Command completed.
----------------
2019-02-06 06:20:53,633 INFO  execution-log -  Beginning PageCommand ( CurrentPage : Login, FlowIdentifier : 1, DiIndicator : DI )
----------------
2019-02-06 06:20:53,665 INFO  execution-log - 	 Command completed.
----------------
2019-02-06 06:20:53,673 INFO  execution-log -  Beginning LoadTestDataItemCommand ( CurrentPage : Login, FlowIdentifier : 1, DiIndicator : DI )
----------------
2019-02-06 06:20:57,488 INFO  execution-log - [Sequence No - 1] Beginning ValidateExistStatusCommand ( LogicalFieldName : User Name, LogicalFieldValue : True )
----------------
