2019-01-27 21:06:54,586 INFO  execution-log - 	Initializing control map with map # MASTER
----------------
2019-01-27 21:06:54,601 INFO  execution-log - Initializing Test Automation
----------------
2019-01-27 21:06:54,606 INFO  execution-log - 	target browser: Chrome
----------------
2019-01-27 21:06:54,616 INFO  execution-log - TC # : 1, Downloading test case from DB
----------------
2019-01-27 21:06:54,644 INFO  execution-log - TC # : 1, Getting test data from DB
----------------
2019-01-27 21:06:54,644 INFO  execution-log - TC # : 1, Getting control map :MASTER from DB
----------------
2019-01-27 21:06:54,666 INFO  execution-log - TC # : 1, Control map retrieval completed
----------------
2019-01-27 21:06:54,666 INFO  execution-log - TC # : 1, Test data retrieval completed
----------------
2019-01-27 21:06:54,677 INFO  execution-log - TC # : 1, Parsing commands
----------------
2019-01-27 21:06:54,684 INFO  execution-log - Loading captured values from persistence.
----------------
2019-01-27 21:06:54,692 INFO  execution-log - TC # : 1, Started executing test case in the VMTESTAPP environment (http://vam-qa.cloudapp.net:6363/pages/login.html)
----------------
