2019-02-20 01:55:33,248 INFO  execution-log - 	Initializing control map with map # MASTER
----------------
2019-02-20 01:55:33,255 INFO  execution-log - Initializing Test Automation
----------------
2019-02-20 01:55:33,260 INFO  execution-log - 	target browser: Chrome
----------------
2019-02-20 01:55:33,264 INFO  execution-log - TC # : 1, Downloading test case from DB
----------------
2019-02-20 01:55:33,272 INFO  execution-log - TC # : 1, Getting control map :MASTER from DB
----------------
2019-02-20 01:55:33,273 INFO  execution-log - TC # : 1, Getting test data from DB
----------------
2019-02-20 01:55:33,281 INFO  execution-log - TC # : 1, Control map retrieval completed
----------------
2019-02-20 01:55:33,289 INFO  execution-log - TC # : 1, Test data retrieval completed
----------------
2019-02-20 01:55:33,293 INFO  execution-log - TC # : 1, Parsing commands
----------------
2019-02-20 01:55:33,297 INFO  execution-log - Loading captured values from persistence.
----------------
2019-02-20 01:55:33,302 INFO  execution-log - TC # : 1, Started executing test case in the VMTESTAPP1 environment (http://vam-qa.cloudapp.net:6363/pages/login.html)
----------------
2019-02-20 01:55:33,338 INFO  execution-log -  Beginning StartIterationCommand ( Iterations : 1 )
----------------
2019-02-20 01:55:33,343 INFO  execution-log - TC # : 1, Starting iteration #1
----------------
2019-02-20 01:55:33,455 INFO  execution-log - 	 Command completed.
----------------
2019-02-20 01:55:33,459 INFO  execution-log -  Beginning InvokeApplicationCommand ( Target :  )
----------------
2019-02-20 01:55:34,302 INFO  execution-log - 	 Command completed.
----------------
2019-02-20 01:55:34,309 INFO  execution-log -  Beginning PageCommand ( CurrentPage : Login, FlowIdentifier : 1, DiIndicator : DI )
----------------
2019-02-20 01:55:34,317 INFO  execution-log - 	 Command completed.
----------------
2019-02-20 01:55:34,323 INFO  execution-log -  Beginning LoadTestDataItemCommand ( CurrentPage : Login, FlowIdentifier : 1, DiIndicator : DI )
----------------
2019-02-20 01:55:34,339 INFO  execution-log - [Sequence No - 1] Beginning ValidateExistStatusCommand ( LogicalFieldName : User Name, LogicalFieldValue : True )
----------------
2019-02-20 01:55:34,361 INFO  execution-log - [Sequence No - 1]	 Command completed.
----------------
2019-02-20 01:55:34,380 INFO  execution-log - [Sequence No - 2] Beginning ActionCommand ( LogicalFieldName : User Name, LogicalFieldValue : Click )
----------------
2019-02-20 01:55:34,530 INFO  execution-log - [Sequence No - 2]	 Command completed.
----------------
2019-02-20 01:55:34,542 INFO  execution-log - [Sequence No - 3] Beginning TestDataCommand ( LogicalFieldName : User Name, LogicalFieldValue : Jack )
----------------
2019-02-20 02:02:36,543 INFO  execution-log - [Sequence No - 3]	 Command completed.
----------------
2019-02-20 02:02:36,555 INFO  execution-log - [Sequence No - 4] Beginning ValidateExistStatusCommand ( LogicalFieldName : Password, LogicalFieldValue : True )
----------------
2019-02-20 02:02:36,578 INFO  execution-log - [Sequence No - 4]	 Command completed.
----------------
2019-02-20 02:02:36,586 INFO  execution-log - [Sequence No - 5] Beginning TestDataCommand ( LogicalFieldName : Password, LogicalFieldValue : Smit@123 )
----------------
2019-02-20 02:02:42,072 INFO  execution-log - [Sequence No - 5]	 Command completed.
----------------
2019-02-20 02:02:42,083 INFO  execution-log - [Sequence No - 6] Beginning ValidateEnableStatusCommand ( LogicalFieldName : Login_Button, LogicalFieldValue : True )
----------------
2019-02-20 02:02:42,109 INFO  execution-log - [Sequence No - 6]	 Command completed.
----------------
2019-02-20 02:02:42,117 INFO  execution-log - [Sequence No - 7] Beginning ActionCommand ( LogicalFieldName : Login_Button, LogicalFieldValue : Click )
----------------
2019-02-20 02:02:42,226 INFO  execution-log - [Sequence No - 7]	 Command completed.
----------------
2019-02-20 02:02:42,232 INFO  execution-log - 	 Command completed.
----------------
2019-02-20 02:02:42,251 INFO  execution-log -  Beginning PageCommand ( CurrentPage : Home, FlowIdentifier : 2, DiIndicator : DI )
----------------
2019-02-20 02:02:42,255 INFO  execution-log - 	 Command completed.
----------------
2019-02-20 02:02:42,260 INFO  execution-log -  Beginning LoadTestDataItemCommand ( CurrentPage : Home, FlowIdentifier : 2, DiIndicator : DI )
----------------
2019-02-20 02:02:42,275 INFO  execution-log - [Sequence No - 8] Beginning ValidateEnableStatusCommand ( LogicalFieldName : New Quote, LogicalFieldValue : True )
----------------
2019-02-20 02:02:43,744 INFO  execution-log - [Sequence No - 8]	 Command completed.
----------------
2019-02-20 02:02:43,754 INFO  execution-log - [Sequence No - 9] Beginning ActionCommand ( LogicalFieldName : New Quote, LogicalFieldValue : Click )
----------------
2019-02-20 02:02:44,702 INFO  execution-log - [Sequence No - 9]	 Command completed.
----------------
2019-02-20 02:02:44,718 INFO  execution-log - 	 Command completed.
----------------
2019-02-20 02:02:44,727 INFO  execution-log -  Beginning PageCommand ( CurrentPage : New Quote, FlowIdentifier : 3, DiIndicator : DI )
----------------
2019-02-20 02:02:44,746 INFO  execution-log - 	 Command completed.
----------------
2019-02-20 02:02:44,780 INFO  execution-log -  Beginning LoadTestDataItemCommand ( CurrentPage : New Quote, FlowIdentifier : 3, DiIndicator : DI )
----------------
2019-02-20 02:02:44,823 INFO  execution-log - [Sequence No - 10] Beginning ValidateExistStatusCommand ( LogicalFieldName : Account Name, LogicalFieldValue : True )
----------------
2019-02-20 02:02:44,857 INFO  execution-log - [Sequence No - 10]	 Command completed.
----------------
2019-02-20 02:02:44,867 INFO  execution-log - [Sequence No - 11] Beginning TestDataCommand ( LogicalFieldName : Account Name, LogicalFieldValue : RANDOMIZE(7,2) )
----------------
