2019-02-07 09:10:11,285 INFO  execution-log - 	Initializing control map with map # MASTER
----------------
2019-02-07 09:10:11,302 INFO  execution-log - Initializing Test Automation
----------------
2019-02-07 09:10:11,314 INFO  execution-log - 	target browser: Chrome
----------------
2019-02-07 09:10:17,116 INFO  execution-log - TC # : 2, Downloading test case from DB
----------------
2019-02-07 09:10:17,712 INFO  execution-log - TC # : 2, Getting control map :MASTER from DB
----------------
2019-02-07 09:10:17,714 INFO  execution-log - TC # : 2, Getting test data from DB
----------------
2019-02-07 09:10:17,776 INFO  execution-log - TC # : 2, Control map retrieval completed
----------------
2019-02-07 09:10:17,781 INFO  execution-log - TC # : 2, Test data retrieval completed
----------------
2019-02-07 09:10:17,808 INFO  execution-log - TC # : 2, Parsing commands
----------------
2019-02-07 09:10:17,831 INFO  execution-log - Loading captured values from persistence.
----------------
2019-02-07 09:10:17,851 INFO  execution-log - TC # : 2, Started executing test case in the VMTESTAPP1 environment (http://vam-qa.cloudapp.net:6363/pages/login.html)
----------------
2019-02-07 09:10:17,900 INFO  execution-log -  Beginning StartIterationCommand ( Iterations : 1 )
----------------
2019-02-07 09:10:17,920 INFO  execution-log - TC # : 2, Starting iteration #1
----------------
2019-02-07 09:10:17,930 INFO  execution-log - 	 Command completed.
----------------
2019-02-07 09:10:17,950 INFO  execution-log -  Beginning InvokeApplicationCommand ( Target :  )
----------------
2019-02-07 09:10:21,813 INFO  execution-log - 	 Command completed.
----------------
2019-02-07 09:10:21,822 INFO  execution-log -  Beginning PageCommand ( CurrentPage : Login, FlowIdentifier : 1, DiIndicator : DI )
----------------
2019-02-07 09:10:21,881 INFO  execution-log - 	 Command completed.
----------------
2019-02-07 09:10:21,921 INFO  execution-log -  Beginning LoadTestDataItemCommand ( CurrentPage : Login, FlowIdentifier : 1, DiIndicator : DI )
----------------
2019-02-07 09:10:22,061 INFO  execution-log - [Sequence No - 1] Beginning ValidateExistStatusCommand ( LogicalFieldName : User Name, LogicalFieldValue : True )
----------------
2019-02-07 09:10:22,238 INFO  execution-log - [Sequence No - 1]	 Command completed.
----------------
2019-02-07 09:10:22,268 INFO  execution-log - [Sequence No - 2] Beginning ActionCommand ( LogicalFieldName : User Name, LogicalFieldValue : Click )
----------------
2019-02-07 09:10:22,884 INFO  execution-log - [Sequence No - 2]	 Command completed.
----------------
2019-02-07 09:10:22,897 INFO  execution-log - [Sequence No - 3] Beginning TestDataCommand ( LogicalFieldName : User Name, LogicalFieldValue : Jack )
----------------
2019-02-07 09:10:23,409 INFO  execution-log - [Sequence No - 3]	 Command completed.
----------------
2019-02-07 09:10:23,421 INFO  execution-log - [Sequence No - 4] Beginning ValidateExistStatusCommand ( LogicalFieldName : Password, LogicalFieldValue : True )
----------------
2019-02-07 09:10:23,529 INFO  execution-log - [Sequence No - 4]	 Command completed.
----------------
2019-02-07 09:10:23,562 INFO  execution-log - [Sequence No - 5] Beginning TestDataCommand ( LogicalFieldName : Password, LogicalFieldValue : Smit@123 )
----------------
2019-02-07 09:10:24,305 INFO  execution-log - [Sequence No - 5]	 Command completed.
----------------
2019-02-07 09:10:24,317 INFO  execution-log - [Sequence No - 6] Beginning ValidateEnableStatusCommand ( LogicalFieldName : Login_Button, LogicalFieldValue : True )
----------------
2019-02-07 09:10:24,444 INFO  execution-log - [Sequence No - 6]	 Command completed.
----------------
2019-02-07 09:10:24,460 INFO  execution-log - [Sequence No - 7] Beginning ActionCommand ( LogicalFieldName : Login_Button, LogicalFieldValue : Click )
----------------
2019-02-07 09:10:24,873 INFO  execution-log - [Sequence No - 7]	 Command completed.
----------------
2019-02-07 09:10:24,881 INFO  execution-log - 	 Command completed.
----------------
2019-02-07 09:10:24,911 INFO  execution-log -  Beginning StartIterationCommand ( Iterations : 2 )
----------------
2019-02-07 09:10:24,933 INFO  execution-log - TC # : 2, Starting iteration #2
----------------
2019-02-07 09:10:24,942 INFO  execution-log - 	 Command completed.
----------------
2019-02-07 09:10:25,070 INFO  execution-log -  Beginning InvokeApplicationCommand ( Target :  )
----------------
2019-02-07 09:10:27,352 INFO  execution-log - 	 Command completed.
----------------
2019-02-07 09:10:27,361 INFO  execution-log -  Beginning PageCommand ( CurrentPage : Home, FlowIdentifier : 2, DiIndicator : DI )
----------------
2019-02-07 09:10:27,377 INFO  execution-log - 	 Command completed.
----------------
2019-02-07 09:10:27,402 INFO  execution-log -  Beginning LoadTestDataItemCommand ( CurrentPage : Home, FlowIdentifier : 2, DiIndicator : DI )
----------------
2019-02-07 09:10:27,454 INFO  execution-log - [Sequence No - 8] Beginning ActionCommand ( LogicalFieldName : New Quote, LogicalFieldValue : Click )
----------------
2019-02-07 09:10:41,311 ERROR execution-log - TC # : 2, Timed out after 10 seconds
----------------
