2019-02-07 07:44:15,006 INFO  execution-log - 	Initializing control map with map # MASTER
----------------
2019-02-07 07:44:15,012 INFO  execution-log - Initializing Test Automation
----------------
2019-02-07 07:44:15,017 INFO  execution-log - 	target browser: Chrome
----------------
2019-02-07 07:44:19,848 INFO  execution-log - TC # : 2, Downloading test case from DB
----------------
2019-02-07 07:44:20,960 INFO  execution-log - TC # : 2, Getting control map :MASTER from DB
----------------
2019-02-07 07:44:20,961 INFO  execution-log - TC # : 2, Getting test data from DB
----------------
2019-02-07 07:44:21,012 INFO  execution-log - TC # : 2, Control map retrieval completed
----------------
2019-02-07 07:44:21,027 INFO  execution-log - TC # : 2, Test data retrieval completed
----------------
2019-02-07 07:44:21,044 INFO  execution-log - TC # : 2, Parsing commands
----------------
2019-02-07 07:44:21,050 INFO  execution-log - Loading captured values from persistence.
----------------
2019-02-07 07:44:21,056 INFO  execution-log - TC # : 2, Started executing test case in the VMTESTAPP1 environment (http://vam-qa.cloudapp.net:6363/pages/login.html)
----------------
2019-02-07 07:44:22,376 INFO  execution-log -  Beginning StartIterationCommand ( Iterations : 1 )
----------------
2019-02-07 07:44:22,382 INFO  execution-log - TC # : 2, Starting iteration #1
----------------
2019-02-07 07:44:22,391 INFO  execution-log - 	 Command completed.
----------------
2019-02-07 07:44:22,396 INFO  execution-log -  Beginning InvokeApplicationCommand ( Target :  )
----------------
2019-02-07 07:44:32,090 INFO  execution-log - 	 Command completed.
----------------
2019-02-07 07:44:32,134 INFO  execution-log -  Beginning PageCommand ( CurrentPage : Login, FlowIdentifier : 1, DiIndicator : DI )
----------------
2019-02-07 07:44:32,142 INFO  execution-log - 	 Command completed.
----------------
2019-02-07 07:44:32,149 INFO  execution-log -  Beginning LoadTestDataItemCommand ( CurrentPage : Login, FlowIdentifier : 1, DiIndicator : DI )
----------------
2019-02-07 07:44:32,165 INFO  execution-log - [Sequence No - 1] Beginning ValidateExistStatusCommand ( LogicalFieldName : User Name, LogicalFieldValue : True )
----------------
2019-02-07 07:44:32,205 INFO  execution-log - [Sequence No - 1]	 Command completed.
----------------
2019-02-07 07:44:32,215 INFO  execution-log - [Sequence No - 2] Beginning ActionCommand ( LogicalFieldName : User Name, LogicalFieldValue : Click )
----------------
2019-02-07 07:44:32,682 INFO  execution-log - [Sequence No - 2]	 Command completed.
----------------
2019-02-07 07:44:32,698 INFO  execution-log - [Sequence No - 3] Beginning TestDataCommand ( LogicalFieldName : User Name, LogicalFieldValue : Jack )
----------------
2019-02-07 07:44:32,996 INFO  execution-log - [Sequence No - 3]	 Command completed.
----------------
2019-02-07 07:44:33,007 INFO  execution-log - [Sequence No - 4] Beginning ValidateExistStatusCommand ( LogicalFieldName : Password, LogicalFieldValue : True )
----------------
2019-02-07 07:44:33,196 INFO  execution-log - [Sequence No - 4]	 Command completed.
----------------
2019-02-07 07:44:33,205 INFO  execution-log - [Sequence No - 5] Beginning TestDataCommand ( LogicalFieldName : Password, LogicalFieldValue : Smit@123 )
----------------
2019-02-07 07:44:33,559 INFO  execution-log - [Sequence No - 5]	 Command completed.
----------------
2019-02-07 07:44:33,571 INFO  execution-log - [Sequence No - 6] Beginning ValidateEnableStatusCommand ( LogicalFieldName : Login_Button, LogicalFieldValue : True )
----------------
2019-02-07 07:44:33,627 INFO  execution-log - [Sequence No - 6]	 Command completed.
----------------
2019-02-07 07:44:33,636 INFO  execution-log - [Sequence No - 7] Beginning ActionCommand ( LogicalFieldName : Login_Button, LogicalFieldValue : Click )
----------------
2019-02-07 07:44:33,792 INFO  execution-log - [Sequence No - 7]	 Command completed.
----------------
2019-02-07 07:44:33,799 INFO  execution-log - 	 Command completed.
----------------
2019-02-07 07:44:33,804 INFO  execution-log -  Beginning StartIterationCommand ( Iterations : 2 )
----------------
2019-02-07 07:44:33,810 INFO  execution-log - TC # : 2, Starting iteration #2
----------------
2019-02-07 07:44:33,815 INFO  execution-log - 	 Command completed.
----------------
2019-02-07 07:44:33,821 INFO  execution-log -  Beginning InvokeApplicationCommand ( Target :  )
----------------
2019-02-07 07:44:34,078 INFO  execution-log - 	 Command completed.
----------------
2019-02-07 07:44:34,086 INFO  execution-log -  Beginning PageCommand ( CurrentPage : Home, FlowIdentifier : 2, DiIndicator : DI )
----------------
2019-02-07 07:44:34,091 INFO  execution-log - 	 Command completed.
----------------
2019-02-07 07:44:34,096 INFO  execution-log -  Beginning LoadTestDataItemCommand ( CurrentPage : Home, FlowIdentifier : 2, DiIndicator : DI )
----------------
2019-02-07 07:44:34,109 INFO  execution-log - [Sequence No - 8] Beginning ActionCommand ( LogicalFieldName : New Quote, LogicalFieldValue : Click )
----------------
