2019-02-20 06:56:41,075 INFO  execution-log - 	Initializing control map with map # MASTER
----------------
2019-02-20 06:56:41,081 INFO  execution-log - Initializing Test Automation
----------------
2019-02-20 06:56:41,085 INFO  execution-log - 	target browser: Chrome
----------------
2019-02-20 06:56:41,089 INFO  execution-log - TC # : 1, Downloading test case from DB
----------------
2019-02-20 06:56:41,099 INFO  execution-log - TC # : 1, Getting test data from DB
----------------
2019-02-20 06:56:41,099 INFO  execution-log - TC # : 1, Getting control map :MASTER from DB
----------------
2019-02-20 06:56:41,116 INFO  execution-log - TC # : 1, Control map retrieval completed
----------------
2019-02-20 06:56:41,120 INFO  execution-log - TC # : 1, Test data retrieval completed
----------------
2019-02-20 06:56:41,124 INFO  execution-log - TC # : 1, Parsing commands
----------------
2019-02-20 06:56:41,130 INFO  execution-log - Loading captured values from persistence.
----------------
2019-02-20 06:56:41,134 INFO  execution-log - TC # : 1, Started executing test case in the VMTESTAPP1 environment (http://vam-qa.cloudapp.net:6363/pages/login.html)
----------------
2019-02-20 06:56:41,174 INFO  execution-log -  Beginning StartIterationCommand ( Iterations : 1 )
----------------
2019-02-20 06:56:41,179 INFO  execution-log - TC # : 1, Starting iteration #1
----------------
2019-02-20 06:56:41,184 INFO  execution-log - 	 Command completed.
----------------
2019-02-20 06:56:41,188 INFO  execution-log -  Beginning InvokeApplicationCommand ( Target :  )
----------------
2019-02-20 06:56:41,469 INFO  execution-log - 	 Command completed.
----------------
2019-02-20 06:56:41,477 INFO  execution-log -  Beginning PageCommand ( CurrentPage : Login, FlowIdentifier : 1, DiIndicator : DI )
----------------
2019-02-20 06:56:41,483 INFO  execution-log - 	 Command completed.
----------------
2019-02-20 06:56:41,488 INFO  execution-log -  Beginning LoadTestDataItemCommand ( CurrentPage : Login, FlowIdentifier : 1, DiIndicator : DI )
----------------
2019-02-20 06:56:41,514 INFO  execution-log - [Sequence No - 1] Beginning ValidateExistStatusCommand ( LogicalFieldName : User Name, LogicalFieldValue : True )
----------------
2019-02-20 06:56:41,884 ERROR execution-log - TC # : 1, User Name was expected to exist.
----------------
2019-02-20 06:56:41,905 ERROR execution-log - TC # : 1, User Name was expected to exist.
----------------
2019-02-20 06:56:41,917 ERROR execution-log - TC # : 1, Expectation failed, the test will proceed despite execution failure
----------------
2019-02-20 06:56:41,923 INFO  execution-log -  Beginning PageCommand ( CurrentPage : Home, FlowIdentifier : 2, DiIndicator : DI )
----------------
2019-02-20 06:56:41,930 INFO  execution-log - 	 Command completed.
----------------
2019-02-20 06:56:41,937 INFO  execution-log -  Beginning LoadTestDataItemCommand ( CurrentPage : Home, FlowIdentifier : 2, DiIndicator : DI )
----------------
2019-02-20 06:56:41,952 INFO  execution-log - [Sequence No - 8] Beginning ValidateEnableStatusCommand ( LogicalFieldName : New Quote, LogicalFieldValue : True )
----------------
