2019-02-07 00:56:33,811 INFO  execution-log - 	Initializing control map with map # MASTER
----------------
2019-02-07 00:56:33,827 INFO  execution-log - Initializing Test Automation
----------------
2019-02-07 00:56:33,833 INFO  execution-log - 	target browser: Chrome
----------------
2019-02-07 00:56:33,843 INFO  execution-log - TC # : 1, Downloading test case from DB
----------------
2019-02-07 00:56:33,869 INFO  execution-log - TC # : 1, Getting control map :MASTER from DB
----------------
2019-02-07 00:56:33,870 INFO  execution-log - TC # : 1, Getting test data from DB
----------------
2019-02-07 00:56:33,924 INFO  execution-log - TC # : 1, Control map retrieval completed
----------------
2019-02-07 00:56:33,945 INFO  execution-log - TC # : 1, Test data retrieval completed
----------------
2019-02-07 00:56:33,952 INFO  execution-log - TC # : 1, Parsing commands
----------------
2019-02-07 00:56:33,961 INFO  execution-log - Loading captured values from persistence.
----------------
2019-02-07 00:56:34,016 INFO  execution-log - TC # : 1, Started executing test case in the VMTESTAPP1 environment (http://vam-qa.cloudapp.net:6363/pages/login.html)
----------------
2019-02-07 00:56:34,094 INFO  execution-log -  Beginning StartIterationCommand ( Iterations : 1 )
----------------
2019-02-07 00:56:34,102 INFO  execution-log - TC # : 1, Starting iteration #1
----------------
2019-02-07 00:56:34,107 INFO  execution-log - 	 Command completed.
----------------
2019-02-07 00:56:34,113 INFO  execution-log -  Beginning InvokeApplicationCommand ( Target :  )
----------------
2019-02-07 00:56:35,104 INFO  execution-log - 	 Command completed.
----------------
2019-02-07 00:56:35,118 INFO  execution-log -  Beginning PageCommand ( CurrentPage : Login, FlowIdentifier : 1, DiIndicator : DI )
----------------
2019-02-07 00:56:35,140 INFO  execution-log - 	 Command completed.
----------------
2019-02-07 00:56:35,151 INFO  execution-log -  Beginning LoadTestDataItemCommand ( CurrentPage : Login, FlowIdentifier : 1, DiIndicator : DI )
----------------
2019-02-07 00:56:35,175 INFO  execution-log - [Sequence No - 1] Beginning ValidateExistStatusCommand ( LogicalFieldName : User Name, LogicalFieldValue : True )
----------------
2019-02-07 00:56:35,212 INFO  execution-log - [Sequence No - 1]	 Command completed.
----------------
2019-02-07 00:56:35,224 INFO  execution-log - [Sequence No - 2] Beginning ActionCommand ( LogicalFieldName : User Name, LogicalFieldValue : Click )
----------------
2019-02-07 00:56:35,379 INFO  execution-log - [Sequence No - 2]	 Command completed.
----------------
2019-02-07 00:56:35,392 INFO  execution-log - [Sequence No - 3] Beginning TestDataCommand ( LogicalFieldName : User Name, LogicalFieldValue : Jack )
----------------
2019-02-07 00:56:35,503 INFO  execution-log - [Sequence No - 3]	 Command completed.
----------------
2019-02-07 00:56:35,513 INFO  execution-log - [Sequence No - 4] Beginning ValidateExistStatusCommand ( LogicalFieldName : Password, LogicalFieldValue : True )
----------------
2019-02-07 00:56:35,548 INFO  execution-log - [Sequence No - 4]	 Command completed.
----------------
2019-02-07 00:56:35,559 INFO  execution-log - [Sequence No - 5] Beginning TestDataCommand ( LogicalFieldName : Password, LogicalFieldValue : Smit@123 )
----------------
2019-02-07 00:56:35,786 INFO  execution-log - [Sequence No - 5]	 Command completed.
----------------
2019-02-07 00:56:35,803 INFO  execution-log - [Sequence No - 6] Beginning ValidateEnableStatusCommand ( LogicalFieldName : Login_Button, LogicalFieldValue : True )
----------------
2019-02-07 00:56:36,175 INFO  execution-log - [Sequence No - 6]	 Command completed.
----------------
2019-02-07 00:56:36,186 INFO  execution-log - [Sequence No - 7] Beginning ActionCommand ( LogicalFieldName : Login_Button, LogicalFieldValue : Click )
----------------
2019-02-07 00:56:36,340 INFO  execution-log - [Sequence No - 7]	 Command completed.
----------------
2019-02-07 00:56:36,351 INFO  execution-log - 	 Command completed.
----------------
2019-02-07 00:56:36,357 INFO  execution-log -  Beginning PageCommand ( CurrentPage : Home, FlowIdentifier : 2, DiIndicator : DI )
----------------
2019-02-07 00:56:36,364 INFO  execution-log - 	 Command completed.
----------------
2019-02-07 00:56:36,370 INFO  execution-log -  Beginning LoadTestDataItemCommand ( CurrentPage : Home, FlowIdentifier : 2, DiIndicator : DI )
----------------
2019-02-07 00:56:36,384 INFO  execution-log - [Sequence No - 8] Beginning ValidateEnableStatusCommand ( LogicalFieldName : New Quote, LogicalFieldValue : True )
----------------
2019-02-07 00:56:37,567 INFO  execution-log - [Sequence No - 8]	 Command completed.
----------------
2019-02-07 00:56:37,579 INFO  execution-log - [Sequence No - 9] Beginning ActionCommand ( LogicalFieldName : New Quote, LogicalFieldValue : Click )
----------------
2019-02-07 00:56:38,264 INFO  execution-log - [Sequence No - 9]	 Command completed.
----------------
2019-02-07 00:56:38,313 INFO  execution-log - 	 Command completed.
----------------
2019-02-07 00:56:38,327 INFO  execution-log -  Beginning PageCommand ( CurrentPage : New Quote, FlowIdentifier : 3, DiIndicator : DI )
----------------
2019-02-07 00:56:38,335 INFO  execution-log - 	 Command completed.
----------------
2019-02-07 00:56:38,342 INFO  execution-log -  Beginning LoadTestDataItemCommand ( CurrentPage : New Quote, FlowIdentifier : 3, DiIndicator : DI )
----------------
2019-02-07 00:56:38,360 INFO  execution-log - [Sequence No - 10] Beginning ValidateExistStatusCommand ( LogicalFieldName : Account Name, LogicalFieldValue : True )
----------------
2019-02-07 00:56:38,448 INFO  execution-log - [Sequence No - 10]	 Command completed.
----------------
2019-02-07 00:56:38,459 INFO  execution-log - [Sequence No - 11] Beginning TestDataCommand ( LogicalFieldName : Account Name, LogicalFieldValue : RANDOMIZE(7,2) )
----------------
2019-02-07 00:56:38,812 INFO  execution-log - [Sequence No - 11]	 Command completed.
----------------
2019-02-07 00:56:38,827 INFO  execution-log - [Sequence No - 12] Beginning ValidateExistStatusCommand ( LogicalFieldName : First Name, LogicalFieldValue : True )
----------------
2019-02-07 00:56:38,887 INFO  execution-log - [Sequence No - 12]	 Command completed.
----------------
2019-02-07 00:56:38,905 INFO  execution-log - [Sequence No - 13] Beginning TestDataCommand ( LogicalFieldName : First Name, LogicalFieldValue : Jack )
----------------
2019-02-07 00:56:39,308 INFO  execution-log - [Sequence No - 13]	 Command completed.
----------------
2019-02-07 00:56:39,318 INFO  execution-log - [Sequence No - 14] Beginning ValidateEnableStatusCommand ( LogicalFieldName : Last Name, LogicalFieldValue : True )
----------------
2019-02-07 00:56:39,409 INFO  execution-log - [Sequence No - 14]	 Command completed.
----------------
2019-02-07 00:56:39,421 INFO  execution-log - [Sequence No - 15] Beginning TestDataCommand ( LogicalFieldName : Last Name, LogicalFieldValue : Smith )
----------------
2019-02-07 00:56:40,519 INFO  execution-log - [Sequence No - 15]	 Command completed.
----------------
2019-02-07 00:56:40,533 INFO  execution-log - [Sequence No - 16] Beginning ValidateExistStatusCommand ( LogicalFieldName : ContactNumber1, LogicalFieldValue : True )
----------------
2019-02-07 00:56:40,585 INFO  execution-log - [Sequence No - 16]	 Command completed.
----------------
2019-02-07 00:56:40,598 INFO  execution-log - [Sequence No - 17] Beginning TestDataCommand ( LogicalFieldName : ContactNumber1, LogicalFieldValue : 654 )
----------------
2019-02-07 00:56:41,482 INFO  execution-log - [Sequence No - 17]	 Command completed.
----------------
2019-02-07 00:56:41,493 INFO  execution-log - [Sequence No - 18] Beginning TestDataCommand ( LogicalFieldName : ContactNumber2, LogicalFieldValue : 321 )
----------------
2019-02-07 00:56:41,727 INFO  execution-log - [Sequence No - 18]	 Command completed.
----------------
2019-02-07 00:56:41,738 INFO  execution-log - [Sequence No - 19] Beginning TestDataCommand ( LogicalFieldName : ContactNumber3, LogicalFieldValue : 6541 )
----------------
2019-02-07 00:56:41,899 INFO  execution-log - [Sequence No - 19]	 Command completed.
----------------
2019-02-07 00:56:41,910 INFO  execution-log - [Sequence No - 20] Beginning ValidateExistStatusCommand ( LogicalFieldName : Primary Email, LogicalFieldValue : True )
----------------
2019-02-07 00:56:41,956 INFO  execution-log - [Sequence No - 20]	 Command completed.
----------------
2019-02-07 00:56:41,970 INFO  execution-log - [Sequence No - 21] Beginning TestDataCommand ( LogicalFieldName : Primary Email, LogicalFieldValue : jack.smith@gmail.com )
----------------
2019-02-07 00:56:42,367 INFO  execution-log - [Sequence No - 21]	 Command completed.
----------------
2019-02-07 00:56:42,378 INFO  execution-log - [Sequence No - 22] Beginning ValidateExistStatusCommand ( LogicalFieldName : Business Started Year, LogicalFieldValue : True )
----------------
2019-02-07 00:56:42,416 INFO  execution-log - [Sequence No - 22]	 Command completed.
----------------
2019-02-07 00:56:42,426 INFO  execution-log - [Sequence No - 23] Beginning TestDataCommand ( LogicalFieldName : Business Started Year, LogicalFieldValue : 2012 )
----------------
2019-02-07 00:56:42,580 INFO  execution-log - [Sequence No - 23]	 Command completed.
----------------
2019-02-07 00:56:42,590 INFO  execution-log - [Sequence No - 24] Beginning ValidateExistStatusCommand ( LogicalFieldName : Select Product, LogicalFieldValue : True )
----------------
2019-02-07 00:56:42,636 INFO  execution-log - [Sequence No - 24]	 Command completed.
----------------
2019-02-07 00:56:42,646 INFO  execution-log - [Sequence No - 25] Beginning ActionCommand ( LogicalFieldName : Select Product, LogicalFieldValue : Click )
----------------
2019-02-07 00:56:42,885 INFO  execution-log - [Sequence No - 25]	 Command completed.
----------------
2019-02-07 00:56:42,895 INFO  execution-log - [Sequence No - 26] Beginning ActionCommand ( LogicalFieldName : Select Product1, LogicalFieldValue : Click )
----------------
2019-02-07 00:56:43,127 INFO  execution-log - [Sequence No - 26]	 Command completed.
----------------
2019-02-07 00:56:43,139 INFO  execution-log - [Sequence No - 27] Beginning ValidateExistStatusCommand ( LogicalFieldName : Contact Name, LogicalFieldValue : True )
----------------
2019-02-07 00:56:43,297 INFO  execution-log - [Sequence No - 27]	 Command completed.
----------------
2019-02-07 00:56:43,307 INFO  execution-log - [Sequence No - 28] Beginning ActionCommand ( LogicalFieldName : Contact Name, LogicalFieldValue : Click )
----------------
2019-02-07 00:56:43,947 INFO  execution-log - [Sequence No - 28]	 Command completed.
----------------
2019-02-07 00:56:43,957 INFO  execution-log - [Sequence No - 29] Beginning ActionCommand ( LogicalFieldName : Contact Name Initial Select, LogicalFieldValue : Click )
----------------
2019-02-07 00:56:44,223 INFO  execution-log - [Sequence No - 29]	 Command completed.
----------------
2019-02-07 00:56:44,242 INFO  execution-log - [Sequence No - 30] Beginning ValidateExistStatusCommand ( LogicalFieldName : Industry, LogicalFieldValue : True )
----------------
2019-02-07 00:56:44,274 INFO  execution-log - [Sequence No - 30]	 Command completed.
----------------
2019-02-07 00:56:44,285 INFO  execution-log - [Sequence No - 31] Beginning ActionCommand ( LogicalFieldName : Industry, LogicalFieldValue : Click )
----------------
2019-02-07 00:56:44,533 INFO  execution-log - [Sequence No - 31]	 Command completed.
----------------
2019-02-07 00:56:44,544 INFO  execution-log - [Sequence No - 32] Beginning ActionCommand ( LogicalFieldName : Industry1, LogicalFieldValue : Click )
----------------
2019-02-07 00:56:44,800 INFO  execution-log - [Sequence No - 32]	 Command completed.
----------------
2019-02-07 00:56:44,813 INFO  execution-log - [Sequence No - 33] Beginning ValidateExistStatusCommand ( LogicalFieldName : Zip Code, LogicalFieldValue : True )
----------------
2019-02-07 00:56:44,851 INFO  execution-log - [Sequence No - 33]	 Command completed.
----------------
2019-02-07 00:56:44,864 INFO  execution-log - [Sequence No - 34] Beginning TestDataCommand ( LogicalFieldName : Zip Code, LogicalFieldValue : 53704 )
----------------
2019-02-07 00:56:45,074 INFO  execution-log - [Sequence No - 34]	 Command completed.
----------------
2019-02-07 00:56:45,085 INFO  execution-log - [Sequence No - 35] Beginning ActionCommand ( LogicalFieldName : zipcode click, LogicalFieldValue : Click )
----------------
2019-02-07 00:56:45,772 INFO  execution-log - [Sequence No - 35]	 Command completed.
----------------
2019-02-07 00:56:45,788 INFO  execution-log - [Sequence No - 36] Beginning ValidateExistStatusCommand ( LogicalFieldName : Street Address, LogicalFieldValue : True )
----------------
2019-02-07 00:56:45,858 INFO  execution-log - [Sequence No - 36]	 Command completed.
----------------
2019-02-07 00:56:45,873 INFO  execution-log - [Sequence No - 37] Beginning TestDataCommand ( LogicalFieldName : Street Address, LogicalFieldValue : 123 BLUEJAY LN )
----------------
2019-02-07 00:56:46,337 INFO  execution-log - [Sequence No - 37]	 Command completed.
----------------
2019-02-07 00:56:46,348 INFO  execution-log - [Sequence No - 38] Beginning ValidateExistStatusCommand ( LogicalFieldName : Same as Physical Address, LogicalFieldValue : True )
----------------
2019-02-07 00:56:46,413 INFO  execution-log - [Sequence No - 38]	 Command completed.
----------------
2019-02-07 00:56:46,423 INFO  execution-log - [Sequence No - 39] Beginning ActionCommand ( LogicalFieldName : Same as Physical Address, LogicalFieldValue : Click )
----------------
2019-02-07 00:56:46,844 INFO  execution-log - [Sequence No - 39]	 Command completed.
----------------
2019-02-07 00:56:46,855 INFO  execution-log - [Sequence No - 40] Beginning ValidateEnableStatusCommand ( LogicalFieldName : Proceed, LogicalFieldValue : True )
----------------
2019-02-07 00:56:46,942 INFO  execution-log - [Sequence No - 40]	 Command completed.
----------------
2019-02-07 00:56:46,954 INFO  execution-log - [Sequence No - 41] Beginning ActionCommand ( LogicalFieldName : Proceed, LogicalFieldValue : Click )
----------------
2019-02-07 00:56:47,236 INFO  execution-log - [Sequence No - 41]	 Command completed.
----------------
2019-02-07 00:56:47,247 INFO  execution-log - 	 Command completed.
----------------
2019-02-07 00:56:47,254 INFO  execution-log -  Beginning PageCommand ( CurrentPage : Insured Info, FlowIdentifier : 4, DiIndicator : DI )
----------------
2019-02-07 00:56:47,259 INFO  execution-log - 	 Command completed.
----------------
2019-02-07 00:56:47,264 INFO  execution-log -  Beginning LoadTestDataItemCommand ( CurrentPage : Insured Info, FlowIdentifier : 4, DiIndicator : DI )
----------------
2019-02-07 00:56:47,293 INFO  execution-log - [Sequence No - 42] Beginning ValidateEnableStatusCommand ( LogicalFieldName : InsuredName, LogicalFieldValue : True )
----------------
2019-02-07 00:56:49,281 INFO  execution-log - [Sequence No - 42]	 Command completed.
----------------
2019-02-07 00:56:49,291 INFO  execution-log - [Sequence No - 43] Beginning TestDataCommand ( LogicalFieldName : InsuredName, LogicalFieldValue : Smith )
----------------
2019-02-07 00:56:49,463 INFO  execution-log - [Sequence No - 43]	 Command completed.
----------------
2019-02-07 00:56:49,474 INFO  execution-log - [Sequence No - 44] Beginning ValidateEnableStatusCommand ( LogicalFieldName : Primary State Click, LogicalFieldValue : True )
----------------
2019-02-07 00:56:49,514 INFO  execution-log - [Sequence No - 44]	 Command completed.
----------------
2019-02-07 00:56:49,524 INFO  execution-log - [Sequence No - 45] Beginning ActionCommand ( LogicalFieldName : Primary State Click, LogicalFieldValue : Click )
----------------
2019-02-07 00:56:49,935 INFO  execution-log - [Sequence No - 45]	 Command completed.
----------------
2019-02-07 00:56:49,948 INFO  execution-log - [Sequence No - 46] Beginning ActionCommand ( LogicalFieldName : PrimayState Select, LogicalFieldValue : Click )
----------------
2019-02-07 00:56:50,352 INFO  execution-log - [Sequence No - 46]	 Command completed.
----------------
2019-02-07 00:56:50,365 INFO  execution-log - [Sequence No - 47] Beginning ValidateExistStatusCommand ( LogicalFieldName : Street Address, LogicalFieldValue : True )
----------------
2019-02-07 00:56:50,401 INFO  execution-log - [Sequence No - 47]	 Command completed.
----------------
2019-02-07 00:56:50,411 INFO  execution-log - [Sequence No - 48] Beginning TestDataCommand ( LogicalFieldName : Street Address, LogicalFieldValue : 123 new street )
----------------
2019-02-07 00:56:51,948 INFO  execution-log - [Sequence No - 48]	 Command completed.
----------------
2019-02-07 00:56:51,958 INFO  execution-log - [Sequence No - 49] Beginning ValidateExistStatusCommand ( LogicalFieldName : Zip Code, LogicalFieldValue : True )
----------------
2019-02-07 00:56:52,144 INFO  execution-log - [Sequence No - 49]	 Command completed.
----------------
2019-02-07 00:56:52,154 INFO  execution-log - [Sequence No - 50] Beginning TestDataCommand ( LogicalFieldName : Zip Code, LogicalFieldValue : 53704 )
----------------
2019-02-07 00:56:52,470 INFO  execution-log - [Sequence No - 50]	 Command completed.
----------------
2019-02-07 00:56:52,486 INFO  execution-log - [Sequence No - 51] Beginning ValidateExistStatusCommand ( LogicalFieldName : Same as Physical Address, LogicalFieldValue : True )
----------------
2019-02-07 00:56:52,549 INFO  execution-log - [Sequence No - 51]	 Command completed.
----------------
2019-02-07 00:56:52,562 INFO  execution-log - [Sequence No - 52] Beginning ActionCommand ( LogicalFieldName : Same as Physical Address, LogicalFieldValue : Click )
----------------
2019-02-07 00:56:52,762 INFO  execution-log - [Sequence No - 52]	 Command completed.
----------------
2019-02-07 00:56:52,772 INFO  execution-log - [Sequence No - 53] Beginning ValidateExistStatusCommand ( LogicalFieldName : SIC Code, LogicalFieldValue : True )
----------------
2019-02-07 00:56:52,817 INFO  execution-log - [Sequence No - 53]	 Command completed.
----------------
2019-02-07 00:56:52,827 INFO  execution-log - [Sequence No - 54] Beginning TestDataCommand ( LogicalFieldName : SIC Code, LogicalFieldValue : 41510000-School buses )
----------------
2019-02-07 00:56:53,541 INFO  execution-log - [Sequence No - 54]	 Command completed.
----------------
2019-02-07 00:56:53,559 INFO  execution-log - [Sequence No - 55] Beginning ValidateExistStatusCommand ( LogicalFieldName : BusinessInceptionYear, LogicalFieldValue : True )
----------------
2019-02-07 00:56:53,593 INFO  execution-log - [Sequence No - 55]	 Command completed.
----------------
2019-02-07 00:56:53,604 INFO  execution-log - [Sequence No - 56] Beginning TestDataCommand ( LogicalFieldName : BusinessInceptionYear, LogicalFieldValue : 2012 )
----------------
2019-02-07 00:56:53,785 INFO  execution-log - [Sequence No - 56]	 Command completed.
----------------
2019-02-07 00:56:53,797 INFO  execution-log - [Sequence No - 57] Beginning ValidateExistStatusCommand ( LogicalFieldName : BusinessPhone, LogicalFieldValue : True )
----------------
2019-02-07 00:56:53,864 INFO  execution-log - [Sequence No - 57]	 Command completed.
----------------
2019-02-07 00:56:53,885 INFO  execution-log - [Sequence No - 58] Beginning TestDataCommand ( LogicalFieldName : BusinessPhone, LogicalFieldValue : 6549879879 )
----------------
2019-02-07 00:56:55,498 INFO  execution-log - [Sequence No - 58]	 Command completed.
----------------
2019-02-07 00:56:55,509 INFO  execution-log - [Sequence No - 59] Beginning ValidateEnableStatusCommand ( LogicalFieldName : Next, LogicalFieldValue : True )
----------------
2019-02-07 00:56:55,545 INFO  execution-log - [Sequence No - 59]	 Command completed.
----------------
2019-02-07 00:56:55,559 INFO  execution-log - [Sequence No - 60] Beginning ActionCommand ( LogicalFieldName : Next, LogicalFieldValue : Click )
----------------
2019-02-07 00:56:55,771 INFO  execution-log - [Sequence No - 60]	 Command completed.
----------------
2019-02-07 00:56:55,779 INFO  execution-log - 	 Command completed.
----------------
2019-02-07 00:56:55,789 INFO  execution-log -  Beginning PageCommand ( CurrentPage : Policy Info, FlowIdentifier : 5, DiIndicator : DI )
----------------
2019-02-07 00:56:55,808 INFO  execution-log - 	 Command completed.
----------------
2019-02-07 00:56:55,814 INFO  execution-log -  Beginning LoadTestDataItemCommand ( CurrentPage : Policy Info, FlowIdentifier : 5, DiIndicator : DI )
----------------
2019-02-07 00:56:55,829 INFO  execution-log - [Sequence No - 61] Beginning ValidateEnableStatusCommand ( LogicalFieldName : Which State do u operate In?, LogicalFieldValue : True )
----------------
2019-02-07 00:56:56,621 INFO  execution-log - [Sequence No - 61]	 Command completed.
----------------
2019-02-07 00:56:56,633 INFO  execution-log - [Sequence No - 62] Beginning ActionCommand ( LogicalFieldName : Which State do u operate In?, LogicalFieldValue : Click )
----------------
2019-02-07 00:56:57,117 INFO  execution-log - [Sequence No - 62]	 Command completed.
----------------
2019-02-07 00:56:57,127 INFO  execution-log - [Sequence No - 63] Beginning ActionCommand ( LogicalFieldName : Which State do u operate In?1, LogicalFieldValue : Click )
----------------
2019-02-07 00:56:57,829 INFO  execution-log - [Sequence No - 63]	 Command completed.
----------------
2019-02-07 00:56:57,839 INFO  execution-log - [Sequence No - 64] Beginning ActionCommand ( LogicalFieldName : Label Click, LogicalFieldValue : Click )
----------------
2019-02-07 00:56:58,023 INFO  execution-log - [Sequence No - 64]	 Command completed.
----------------
2019-02-07 00:56:58,034 INFO  execution-log - [Sequence No - 65] Beginning ActionCommand ( LogicalFieldName : Collapse, LogicalFieldValue : Click )
----------------
2019-02-07 00:56:58,368 INFO  execution-log - [Sequence No - 65]	 Command completed.
----------------
2019-02-07 00:56:58,386 INFO  execution-log - [Sequence No - 66] Beginning ValidateEnableStatusCommand ( LogicalFieldName : Select Product, LogicalFieldValue : True )
----------------
2019-02-07 00:56:58,487 INFO  execution-log - [Sequence No - 66]	 Command completed.
----------------
2019-02-07 00:56:58,502 INFO  execution-log - [Sequence No - 67] Beginning ActionCommand ( LogicalFieldName : Select Product, LogicalFieldValue : Click-Wait(2000) )
----------------
2019-02-07 00:57:02,819 INFO  execution-log - [Sequence No - 67]	 Command completed.
----------------
2019-02-07 00:57:02,831 INFO  execution-log - [Sequence No - 68] Beginning ActionCommand ( LogicalFieldName : Select Product 1, LogicalFieldValue : Click )
----------------
2019-02-07 00:57:05,603 INFO  execution-log - [Sequence No - 68]	 Command completed.
----------------
2019-02-07 00:57:05,620 INFO  execution-log - [Sequence No - 69] Beginning ValidateEnableStatusCommand ( LogicalFieldName : Next Policy Info, LogicalFieldValue : True )
----------------
2019-02-07 00:57:05,730 INFO  execution-log - [Sequence No - 69]	 Command completed.
----------------
2019-02-07 00:57:05,736 INFO  execution-log - 	 Command completed.
----------------
2019-02-07 00:57:05,807 INFO  execution-log - Saving captured values to file.
----------------
2019-02-07 00:57:05,813 INFO  execution-log - TC # : 1, has completed successfully.
----------------
