2019-02-08 01:57:38,601 INFO  execution-log - 	Initializing control map with map # MASTER
----------------
2019-02-08 01:57:38,608 INFO  execution-log - Initializing Test Automation
----------------
2019-02-08 01:57:38,613 INFO  execution-log - 	target browser: Chrome
----------------
2019-02-08 01:57:56,281 INFO  execution-log - TC # : 1, Downloading test case from DB
----------------
2019-02-08 01:57:58,067 INFO  execution-log - TC # : 1, Getting test data from DB
----------------
2019-02-08 01:57:58,067 INFO  execution-log - TC # : 1, Getting control map :MASTER from DB
----------------
2019-02-08 01:57:58,091 INFO  execution-log - TC # : 1, Test data retrieval completed
----------------
2019-02-08 01:57:58,151 INFO  execution-log - TC # : 1, Control map retrieval completed
----------------
2019-02-08 01:57:58,211 INFO  execution-log - TC # : 1, Parsing commands
----------------
2019-02-08 01:57:58,224 INFO  execution-log - Loading captured values from persistence.
----------------
2019-02-08 01:57:58,235 INFO  execution-log - TC # : 1, Started executing test case in the VMTESTAPP1 environment (http://vam-qa.cloudapp.net:6363/pages/login.html)
----------------
2019-02-08 01:57:58,284 INFO  execution-log -  Beginning StartIterationCommand ( Iterations : 1 )
----------------
2019-02-08 01:57:58,290 INFO  execution-log - TC # : 1, Starting iteration #1
----------------
2019-02-08 01:57:58,299 INFO  execution-log - 	 Command completed.
----------------
2019-02-08 01:57:58,309 INFO  execution-log -  Beginning InvokeApplicationCommand ( Target :  )
----------------
2019-02-08 01:57:59,644 INFO  execution-log - 	 Command completed.
----------------
2019-02-08 01:57:59,652 INFO  execution-log -  Beginning PageCommand ( CurrentPage : Login, FlowIdentifier : 1, DiIndicator : DI )
----------------
2019-02-08 01:57:59,657 INFO  execution-log - 	 Command completed.
----------------
2019-02-08 01:57:59,666 INFO  execution-log -  Beginning LoadTestDataItemCommand ( CurrentPage : Login, FlowIdentifier : 1, DiIndicator : DI )
----------------
2019-02-08 01:57:59,690 INFO  execution-log - [Sequence No - 1] Beginning ValidateExistStatusCommand ( LogicalFieldName : User Name, LogicalFieldValue : True )
----------------
2019-02-08 01:57:59,736 INFO  execution-log - [Sequence No - 1]	 Command completed.
----------------
2019-02-08 01:57:59,748 INFO  execution-log - [Sequence No - 2] Beginning ActionCommand ( LogicalFieldName : User Name, LogicalFieldValue : Click )
----------------
2019-02-08 01:57:59,905 INFO  execution-log - [Sequence No - 2]	 Command completed.
----------------
2019-02-08 01:57:59,919 INFO  execution-log - [Sequence No - 3] Beginning TestDataCommand ( LogicalFieldName : User Name, LogicalFieldValue : Jack )
----------------
2019-02-08 01:58:00,130 INFO  execution-log - [Sequence No - 3]	 Command completed.
----------------
2019-02-08 01:58:00,146 INFO  execution-log - [Sequence No - 4] Beginning ValidateExistStatusCommand ( LogicalFieldName : Password, LogicalFieldValue : True )
----------------
2019-02-08 01:58:00,174 INFO  execution-log - [Sequence No - 4]	 Command completed.
----------------
2019-02-08 01:58:00,187 INFO  execution-log - [Sequence No - 5] Beginning TestDataCommand ( LogicalFieldName : Password, LogicalFieldValue : Smit@123 )
----------------
2019-02-08 01:58:00,376 INFO  execution-log - [Sequence No - 5]	 Command completed.
----------------
2019-02-08 01:58:00,393 INFO  execution-log - [Sequence No - 6] Beginning ValidateEnableStatusCommand ( LogicalFieldName : Login_Button, LogicalFieldValue : True )
----------------
2019-02-08 01:58:00,447 INFO  execution-log - [Sequence No - 6]	 Command completed.
----------------
2019-02-08 01:58:00,457 INFO  execution-log - [Sequence No - 7] Beginning ActionCommand ( LogicalFieldName : Login_Button, LogicalFieldValue : Click )
----------------
2019-02-08 01:58:00,583 INFO  execution-log - [Sequence No - 7]	 Command completed.
----------------
2019-02-08 01:58:00,593 INFO  execution-log - 	 Command completed.
----------------
2019-02-08 01:58:00,603 INFO  execution-log -  Beginning PageCommand ( CurrentPage : Home, FlowIdentifier : 2, DiIndicator : DI )
----------------
2019-02-08 01:58:00,609 INFO  execution-log - 	 Command completed.
----------------
2019-02-08 01:58:00,616 INFO  execution-log -  Beginning LoadTestDataItemCommand ( CurrentPage : Home, FlowIdentifier : 2, DiIndicator : DI )
----------------
2019-02-08 01:58:00,638 INFO  execution-log - [Sequence No - 8] Beginning ValidateEnableStatusCommand ( LogicalFieldName : New Quote, LogicalFieldValue : True )
----------------
2019-02-08 01:58:15,549 INFO  execution-log - [Sequence No - 8]	 Command completed.
----------------
2019-02-08 01:58:15,575 INFO  execution-log - [Sequence No - 9] Beginning ActionCommand ( LogicalFieldName : New Quote, LogicalFieldValue : Click )
----------------
2019-02-08 01:58:19,325 INFO  execution-log - [Sequence No - 9]	 Command completed.
----------------
2019-02-08 01:58:19,337 INFO  execution-log - 	 Command completed.
----------------
2019-02-08 01:58:19,381 INFO  execution-log -  Beginning PageCommand ( CurrentPage : New Quote, FlowIdentifier : 3, DiIndicator : DI )
----------------
2019-02-08 01:58:19,406 INFO  execution-log - 	 Command completed.
----------------
2019-02-08 01:58:19,432 INFO  execution-log -  Beginning LoadTestDataItemCommand ( CurrentPage : New Quote, FlowIdentifier : 3, DiIndicator : DI )
----------------
2019-02-08 01:58:19,469 INFO  execution-log - [Sequence No - 10] Beginning ValidateExistStatusCommand ( LogicalFieldName : Account Name, LogicalFieldValue : True )
----------------
2019-02-08 01:58:19,546 INFO  execution-log - [Sequence No - 10]	 Command completed.
----------------
2019-02-08 01:58:19,559 INFO  execution-log - [Sequence No - 11] Beginning TestDataCommand ( LogicalFieldName : Account Name, LogicalFieldValue : RANDOMIZE(7,2) )
----------------
2019-02-08 01:58:20,264 INFO  execution-log - [Sequence No - 11]	 Command completed.
----------------
2019-02-08 01:58:20,282 INFO  execution-log - [Sequence No - 12] Beginning ValidateExistStatusCommand ( LogicalFieldName : First Name, LogicalFieldValue : True )
----------------
2019-02-08 01:58:20,377 INFO  execution-log - [Sequence No - 12]	 Command completed.
----------------
2019-02-08 01:58:20,387 INFO  execution-log - [Sequence No - 13] Beginning TestDataCommand ( LogicalFieldName : First Name, LogicalFieldValue : Jack )
----------------
2019-02-08 01:58:21,078 INFO  execution-log - [Sequence No - 13]	 Command completed.
----------------
2019-02-08 01:58:21,092 INFO  execution-log - [Sequence No - 14] Beginning ValidateEnableStatusCommand ( LogicalFieldName : Last Name, LogicalFieldValue : True )
----------------
2019-02-08 01:58:21,161 INFO  execution-log - [Sequence No - 14]	 Command completed.
----------------
2019-02-08 01:58:21,172 INFO  execution-log - [Sequence No - 15] Beginning TestDataCommand ( LogicalFieldName : Last Name, LogicalFieldValue : Smith )
----------------
2019-02-08 01:58:22,126 INFO  execution-log - [Sequence No - 15]	 Command completed.
----------------
2019-02-08 01:58:22,138 INFO  execution-log - [Sequence No - 16] Beginning ValidateExistStatusCommand ( LogicalFieldName : ContactNumber1, LogicalFieldValue : True )
----------------
2019-02-08 01:58:22,214 INFO  execution-log - [Sequence No - 16]	 Command completed.
----------------
2019-02-08 01:58:22,226 INFO  execution-log - [Sequence No - 17] Beginning TestDataCommand ( LogicalFieldName : ContactNumber1, LogicalFieldValue : 654 )
----------------
2019-02-08 01:58:22,492 INFO  execution-log - [Sequence No - 17]	 Command completed.
----------------
2019-02-08 01:58:22,506 INFO  execution-log - [Sequence No - 18] Beginning TestDataCommand ( LogicalFieldName : ContactNumber2, LogicalFieldValue : 321 )
----------------
2019-02-08 01:58:22,671 INFO  execution-log - [Sequence No - 18]	 Command completed.
----------------
2019-02-08 01:58:22,686 INFO  execution-log - [Sequence No - 19] Beginning TestDataCommand ( LogicalFieldName : ContactNumber3, LogicalFieldValue : 6541 )
----------------
2019-02-08 01:58:22,892 INFO  execution-log - [Sequence No - 19]	 Command completed.
----------------
2019-02-08 01:58:22,902 INFO  execution-log - [Sequence No - 20] Beginning ValidateExistStatusCommand ( LogicalFieldName : Primary Email, LogicalFieldValue : True )
----------------
2019-02-08 01:58:22,948 INFO  execution-log - [Sequence No - 20]	 Command completed.
----------------
2019-02-08 01:58:22,963 INFO  execution-log - [Sequence No - 21] Beginning TestDataCommand ( LogicalFieldName : Primary Email, LogicalFieldValue : jack.smith@gmail.com )
----------------
2019-02-08 01:58:23,333 INFO  execution-log - [Sequence No - 21]	 Command completed.
----------------
2019-02-08 01:58:23,343 INFO  execution-log - [Sequence No - 22] Beginning ValidateExistStatusCommand ( LogicalFieldName : Business Started Year, LogicalFieldValue : True )
----------------
2019-02-08 01:58:23,386 INFO  execution-log - [Sequence No - 22]	 Command completed.
----------------
2019-02-08 01:58:23,396 INFO  execution-log - [Sequence No - 23] Beginning TestDataCommand ( LogicalFieldName : Business Started Year, LogicalFieldValue : 2012 )
----------------
2019-02-08 01:58:23,571 INFO  execution-log - [Sequence No - 23]	 Command completed.
----------------
2019-02-08 01:58:23,581 INFO  execution-log - [Sequence No - 24] Beginning ValidateExistStatusCommand ( LogicalFieldName : Select Product, LogicalFieldValue : True )
----------------
2019-02-08 01:58:23,603 INFO  execution-log - [Sequence No - 24]	 Command completed.
----------------
2019-02-08 01:58:23,613 INFO  execution-log - [Sequence No - 25] Beginning ActionCommand ( LogicalFieldName : Select Product, LogicalFieldValue : Click )
----------------
2019-02-08 01:58:23,844 INFO  execution-log - [Sequence No - 25]	 Command completed.
----------------
2019-02-08 01:58:23,858 INFO  execution-log - [Sequence No - 26] Beginning ActionCommand ( LogicalFieldName : Select Product1, LogicalFieldValue : Click )
----------------
2019-02-08 01:58:24,252 INFO  execution-log - [Sequence No - 26]	 Command completed.
----------------
2019-02-08 01:58:24,266 INFO  execution-log - [Sequence No - 27] Beginning ValidateExistStatusCommand ( LogicalFieldName : Contact Name, LogicalFieldValue : True )
----------------
2019-02-08 01:58:24,310 INFO  execution-log - [Sequence No - 27]	 Command completed.
----------------
2019-02-08 01:58:24,321 INFO  execution-log - [Sequence No - 28] Beginning ActionCommand ( LogicalFieldName : Contact Name, LogicalFieldValue : Click )
----------------
2019-02-08 01:58:24,532 INFO  execution-log - [Sequence No - 28]	 Command completed.
----------------
2019-02-08 01:58:24,547 INFO  execution-log - [Sequence No - 29] Beginning ActionCommand ( LogicalFieldName : Contact Name Initial Select, LogicalFieldValue : Click )
----------------
2019-02-08 01:58:24,767 INFO  execution-log - [Sequence No - 29]	 Command completed.
----------------
2019-02-08 01:58:24,780 INFO  execution-log - [Sequence No - 30] Beginning ValidateExistStatusCommand ( LogicalFieldName : Industry, LogicalFieldValue : True )
----------------
2019-02-08 01:58:24,803 INFO  execution-log - [Sequence No - 30]	 Command completed.
----------------
2019-02-08 01:58:24,813 INFO  execution-log - [Sequence No - 31] Beginning ActionCommand ( LogicalFieldName : Industry, LogicalFieldValue : Click )
----------------
2019-02-08 01:58:25,119 INFO  execution-log - [Sequence No - 31]	 Command completed.
----------------
2019-02-08 01:58:25,137 INFO  execution-log - [Sequence No - 32] Beginning ActionCommand ( LogicalFieldName : Industry1, LogicalFieldValue : Click )
----------------
2019-02-08 01:58:25,398 INFO  execution-log - [Sequence No - 32]	 Command completed.
----------------
2019-02-08 01:58:25,408 INFO  execution-log - [Sequence No - 33] Beginning ValidateExistStatusCommand ( LogicalFieldName : Zip Code, LogicalFieldValue : True )
----------------
2019-02-08 01:58:25,481 INFO  execution-log - [Sequence No - 33]	 Command completed.
----------------
2019-02-08 01:58:25,496 INFO  execution-log - [Sequence No - 34] Beginning TestDataCommand ( LogicalFieldName : Zip Code, LogicalFieldValue : 53704 )
----------------
2019-02-08 01:58:25,860 INFO  execution-log - [Sequence No - 34]	 Command completed.
----------------
2019-02-08 01:58:25,873 INFO  execution-log - [Sequence No - 35] Beginning ActionCommand ( LogicalFieldName : zipcode click, LogicalFieldValue : Click )
----------------
2019-02-08 01:58:26,369 INFO  execution-log - [Sequence No - 35]	 Command completed.
----------------
2019-02-08 01:58:26,380 INFO  execution-log - [Sequence No - 36] Beginning ValidateExistStatusCommand ( LogicalFieldName : Street Address, LogicalFieldValue : True )
----------------
2019-02-08 01:58:26,411 INFO  execution-log - [Sequence No - 36]	 Command completed.
----------------
2019-02-08 01:58:26,422 INFO  execution-log - [Sequence No - 37] Beginning TestDataCommand ( LogicalFieldName : Street Address, LogicalFieldValue : 123 BLUEJAY LN )
----------------
2019-02-08 01:58:26,825 INFO  execution-log - [Sequence No - 37]	 Command completed.
----------------
2019-02-08 01:58:26,836 INFO  execution-log - [Sequence No - 38] Beginning ValidateExistStatusCommand ( LogicalFieldName : Same as Physical Address, LogicalFieldValue : True )
----------------
2019-02-08 01:58:26,869 INFO  execution-log - [Sequence No - 38]	 Command completed.
----------------
2019-02-08 01:58:26,879 INFO  execution-log - [Sequence No - 39] Beginning ActionCommand ( LogicalFieldName : Same as Physical Address, LogicalFieldValue : Click )
----------------
2019-02-08 01:58:27,165 INFO  execution-log - [Sequence No - 39]	 Command completed.
----------------
2019-02-08 01:58:27,185 INFO  execution-log - [Sequence No - 40] Beginning ValidateEnableStatusCommand ( LogicalFieldName : Proceed, LogicalFieldValue : True )
----------------
2019-02-08 01:58:27,279 INFO  execution-log - [Sequence No - 40]	 Command completed.
----------------
2019-02-08 01:58:27,297 INFO  execution-log - [Sequence No - 41] Beginning ActionCommand ( LogicalFieldName : Proceed, LogicalFieldValue : Click )
----------------
2019-02-08 01:58:27,631 INFO  execution-log - [Sequence No - 41]	 Command completed.
----------------
2019-02-08 01:58:27,642 INFO  execution-log - 	 Command completed.
----------------
2019-02-08 01:58:27,660 INFO  execution-log -  Beginning PageCommand ( CurrentPage : Insured Info, FlowIdentifier : 4, DiIndicator : DI )
----------------
2019-02-08 01:58:27,672 INFO  execution-log - 	 Command completed.
----------------
2019-02-08 01:58:27,690 INFO  execution-log -  Beginning LoadTestDataItemCommand ( CurrentPage : Insured Info, FlowIdentifier : 4, DiIndicator : DI )
----------------
2019-02-08 01:58:27,711 INFO  execution-log - [Sequence No - 42] Beginning ValidateEnableStatusCommand ( LogicalFieldName : InsuredName, LogicalFieldValue : True )
----------------
2019-02-08 01:58:30,512 INFO  execution-log - [Sequence No - 42]	 Command completed.
----------------
2019-02-08 01:58:30,522 INFO  execution-log - [Sequence No - 43] Beginning TestDataCommand ( LogicalFieldName : InsuredName, LogicalFieldValue : Smith )
----------------
2019-02-08 01:58:30,734 INFO  execution-log - [Sequence No - 43]	 Command completed.
----------------
2019-02-08 01:58:30,745 INFO  execution-log - [Sequence No - 44] Beginning ValidateEnableStatusCommand ( LogicalFieldName : Primary State Click, LogicalFieldValue : True )
----------------
2019-02-08 01:58:30,794 INFO  execution-log - [Sequence No - 44]	 Command completed.
----------------
2019-02-08 01:58:30,804 INFO  execution-log - [Sequence No - 45] Beginning ActionCommand ( LogicalFieldName : Primary State Click, LogicalFieldValue : Click )
----------------
2019-02-08 01:58:31,014 INFO  execution-log - [Sequence No - 45]	 Command completed.
----------------
2019-02-08 01:58:31,024 INFO  execution-log - [Sequence No - 46] Beginning ActionCommand ( LogicalFieldName : PrimayState Select, LogicalFieldValue : Click )
----------------
2019-02-08 01:58:31,298 INFO  execution-log - [Sequence No - 46]	 Command completed.
----------------
2019-02-08 01:58:31,319 INFO  execution-log - [Sequence No - 47] Beginning ValidateExistStatusCommand ( LogicalFieldName : Street Address, LogicalFieldValue : True )
----------------
2019-02-08 01:58:31,371 INFO  execution-log - [Sequence No - 47]	 Command completed.
----------------
2019-02-08 01:58:31,399 INFO  execution-log - [Sequence No - 48] Beginning TestDataCommand ( LogicalFieldName : Street Address, LogicalFieldValue : 123 new street )
----------------
2019-02-08 01:58:31,934 INFO  execution-log - [Sequence No - 48]	 Command completed.
----------------
2019-02-08 01:58:31,947 INFO  execution-log - [Sequence No - 49] Beginning ValidateExistStatusCommand ( LogicalFieldName : Zip Code, LogicalFieldValue : True )
----------------
2019-02-08 01:58:31,991 INFO  execution-log - [Sequence No - 49]	 Command completed.
----------------
2019-02-08 01:58:32,002 INFO  execution-log - [Sequence No - 50] Beginning TestDataCommand ( LogicalFieldName : Zip Code, LogicalFieldValue : 53704 )
----------------
2019-02-08 01:58:32,507 INFO  execution-log - [Sequence No - 50]	 Command completed.
----------------
2019-02-08 01:58:32,521 INFO  execution-log - [Sequence No - 51] Beginning ValidateExistStatusCommand ( LogicalFieldName : Same as Physical Address, LogicalFieldValue : True )
----------------
2019-02-08 01:58:32,800 INFO  execution-log - [Sequence No - 51]	 Command completed.
----------------
2019-02-08 01:58:32,812 INFO  execution-log - [Sequence No - 52] Beginning ActionCommand ( LogicalFieldName : Same as Physical Address, LogicalFieldValue : Click )
----------------
2019-02-08 01:58:33,337 INFO  execution-log - [Sequence No - 52]	 Command completed.
----------------
2019-02-08 01:58:33,352 INFO  execution-log - [Sequence No - 53] Beginning ValidateExistStatusCommand ( LogicalFieldName : SIC Code, LogicalFieldValue : True )
----------------
2019-02-08 01:58:33,405 INFO  execution-log - [Sequence No - 53]	 Command completed.
----------------
2019-02-08 01:58:33,423 INFO  execution-log - [Sequence No - 54] Beginning TestDataCommand ( LogicalFieldName : SIC Code, LogicalFieldValue : 41510000-School buses )
----------------
2019-02-08 01:58:33,913 INFO  execution-log - [Sequence No - 54]	 Command completed.
----------------
2019-02-08 01:58:33,923 INFO  execution-log - [Sequence No - 55] Beginning ValidateExistStatusCommand ( LogicalFieldName : BusinessInceptionYear, LogicalFieldValue : True )
----------------
2019-02-08 01:58:33,969 INFO  execution-log - [Sequence No - 55]	 Command completed.
----------------
2019-02-08 01:58:33,983 INFO  execution-log - [Sequence No - 56] Beginning TestDataCommand ( LogicalFieldName : BusinessInceptionYear, LogicalFieldValue : 2012 )
----------------
2019-02-08 01:58:34,281 INFO  execution-log - [Sequence No - 56]	 Command completed.
----------------
2019-02-08 01:58:34,291 INFO  execution-log - [Sequence No - 57] Beginning ValidateExistStatusCommand ( LogicalFieldName : BusinessPhone, LogicalFieldValue : True )
----------------
2019-02-08 01:58:34,365 INFO  execution-log - [Sequence No - 57]	 Command completed.
----------------
2019-02-08 01:58:34,380 INFO  execution-log - [Sequence No - 58] Beginning TestDataCommand ( LogicalFieldName : BusinessPhone, LogicalFieldValue : 6549879879 )
----------------
2019-02-08 01:58:35,966 INFO  execution-log - [Sequence No - 58]	 Command completed.
----------------
2019-02-08 01:58:35,976 INFO  execution-log - [Sequence No - 59] Beginning ValidateEnableStatusCommand ( LogicalFieldName : Next, LogicalFieldValue : True )
----------------
2019-02-08 01:58:36,018 INFO  execution-log - [Sequence No - 59]	 Command completed.
----------------
2019-02-08 01:58:36,029 INFO  execution-log - [Sequence No - 60] Beginning ActionCommand ( LogicalFieldName : Next, LogicalFieldValue : Click )
----------------
2019-02-08 01:58:36,270 INFO  execution-log - [Sequence No - 60]	 Command completed.
----------------
2019-02-08 01:58:36,279 INFO  execution-log - 	 Command completed.
----------------
2019-02-08 01:58:36,286 INFO  execution-log -  Beginning PageCommand ( CurrentPage : Policy Info, FlowIdentifier : 5, DiIndicator : DI )
----------------
2019-02-08 01:58:36,308 INFO  execution-log - 	 Command completed.
----------------
2019-02-08 01:58:36,316 INFO  execution-log -  Beginning LoadTestDataItemCommand ( CurrentPage : Policy Info, FlowIdentifier : 5, DiIndicator : DI )
----------------
2019-02-08 01:58:36,349 INFO  execution-log - [Sequence No - 61] Beginning ValidateEnableStatusCommand ( LogicalFieldName : Which State do u operate In?, LogicalFieldValue : True )
----------------
2019-02-08 01:58:36,868 INFO  execution-log - [Sequence No - 61]	 Command completed.
----------------
2019-02-08 01:58:36,892 INFO  execution-log - [Sequence No - 62] Beginning ActionCommand ( LogicalFieldName : Which State do u operate In?, LogicalFieldValue : Click )
----------------
2019-02-08 01:58:37,408 INFO  execution-log - [Sequence No - 62]	 Command completed.
----------------
2019-02-08 01:58:37,422 INFO  execution-log - [Sequence No - 63] Beginning ActionCommand ( LogicalFieldName : Which State do u operate In?1, LogicalFieldValue : Click )
----------------
2019-02-08 01:58:38,233 INFO  execution-log - [Sequence No - 63]	 Command completed.
----------------
2019-02-08 01:58:38,253 INFO  execution-log - [Sequence No - 64] Beginning ActionCommand ( LogicalFieldName : Label Click, LogicalFieldValue : Click )
----------------
2019-02-08 01:58:38,421 INFO  execution-log - [Sequence No - 64]	 Command completed.
----------------
2019-02-08 01:58:38,435 INFO  execution-log - [Sequence No - 65] Beginning ActionCommand ( LogicalFieldName : Collapse, LogicalFieldValue : Click )
----------------
2019-02-08 01:58:38,703 INFO  execution-log - [Sequence No - 65]	 Command completed.
----------------
2019-02-08 01:58:38,718 INFO  execution-log - [Sequence No - 66] Beginning ValidateEnableStatusCommand ( LogicalFieldName : Select Product, LogicalFieldValue : True )
----------------
2019-02-08 01:58:38,797 INFO  execution-log - [Sequence No - 66]	 Command completed.
----------------
2019-02-08 01:58:38,807 INFO  execution-log - [Sequence No - 67] Beginning ActionCommand ( LogicalFieldName : Select Product, LogicalFieldValue : Click-Wait(2000) )
----------------
2019-02-08 01:58:42,984 INFO  execution-log - [Sequence No - 67]	 Command completed.
----------------
2019-02-08 01:58:42,997 INFO  execution-log - [Sequence No - 68] Beginning ActionCommand ( LogicalFieldName : Select Product 1, LogicalFieldValue : Click )
----------------
2019-02-08 01:58:45,917 INFO  execution-log - [Sequence No - 68]	 Command completed.
----------------
2019-02-08 01:58:56,210 INFO  execution-log - 	 Command completed.
----------------
2019-02-08 01:59:45,626 INFO  execution-log - Saving captured values to file.
----------------
2019-02-08 01:59:45,642 INFO  execution-log - TC # : 1, has completed successfully.
----------------
