2019-01-28 22:16:11,389 INFO  execution-log - 	Initializing control map with map # MASTER
----------------
2019-01-28 22:16:11,389 INFO  execution-log - Initializing Test Automation
----------------
2019-01-28 22:16:11,389 INFO  execution-log - 	target browser: Chrome
----------------
2019-01-28 22:16:11,405 INFO  execution-log - TC # : 1, Downloading test case from DB
----------------
2019-01-28 22:16:11,405 INFO  execution-log - TC # : 1, Getting control map :MASTER from DB
----------------
2019-01-28 22:16:11,405 INFO  execution-log - TC # : 1, Getting test data from DB
----------------
2019-01-28 22:16:11,420 INFO  execution-log - TC # : 1, Control map retrieval completed
----------------
2019-01-28 22:16:11,436 INFO  execution-log - TC # : 1, Test data retrieval completed
----------------
2019-01-28 22:16:11,436 INFO  execution-log - TC # : 1, Parsing commands
----------------
2019-01-28 22:16:11,436 INFO  execution-log - Loading captured values from persistence.
----------------
2019-01-28 22:16:11,451 INFO  execution-log - TC # : 1, Started executing test case in the VMTESTAPP environment (http://vam-qa.cloudapp.net:6363/pages/login.html)
----------------
2019-01-28 22:16:11,467 INFO  execution-log -  Beginning StartIterationCommand ( Iterations : 1 )
----------------
2019-01-28 22:16:11,467 INFO  execution-log - TC # : 1, Starting iteration #1
----------------
2019-01-28 22:16:11,467 INFO  execution-log - 	 Command completed.
----------------
2019-01-28 22:16:11,483 INFO  execution-log -  Beginning InvokeApplicationCommand ( Target :  )
----------------
2019-01-28 22:16:12,416 INFO  execution-log - 	 Command completed.
----------------
2019-01-28 22:16:12,434 INFO  execution-log -  Beginning PageCommand ( CurrentPage : Login, FlowIdentifier : 1, DiIndicator : DI )
----------------
2019-01-28 22:16:12,445 INFO  execution-log - 	 Command completed.
----------------
2019-01-28 22:16:12,457 INFO  execution-log -  Beginning LoadTestDataItemCommand ( CurrentPage : Login, FlowIdentifier : 1, DiIndicator : DI )
----------------
2019-01-28 22:16:12,474 INFO  execution-log - [Sequence No - 1] Beginning ValidateExistStatusCommand ( LogicalFieldName : User Name, LogicalFieldValue : True )
----------------
2019-01-28 22:16:12,490 INFO  execution-log - [Sequence No - 1]	 Command completed.
----------------
2019-01-28 22:16:12,505 INFO  execution-log - [Sequence No - 2] Beginning ActionCommand ( LogicalFieldName : User Name, LogicalFieldValue : Click )
----------------
2019-01-28 22:16:12,634 INFO  execution-log - [Sequence No - 2]	 Command completed.
----------------
2019-01-28 22:16:12,650 INFO  execution-log - [Sequence No - 3] Beginning TestDataCommand ( LogicalFieldName : User Name, LogicalFieldValue : Jack )
----------------
2019-01-28 22:16:12,750 INFO  execution-log - [Sequence No - 3]	 Command completed.
----------------
2019-01-28 22:16:12,761 INFO  execution-log - [Sequence No - 4] Beginning ValidateExistStatusCommand ( LogicalFieldName : Password, LogicalFieldValue : True )
----------------
2019-01-28 22:16:12,783 INFO  execution-log - [Sequence No - 4]	 Command completed.
----------------
2019-01-28 22:16:12,792 INFO  execution-log - [Sequence No - 5] Beginning TestDataCommand ( LogicalFieldName : Password, LogicalFieldValue : Smit@123 )
----------------
2019-01-28 22:16:12,998 INFO  execution-log - [Sequence No - 5]	 Command completed.
----------------
2019-01-28 22:16:13,016 INFO  execution-log - [Sequence No - 6] Beginning ValidateEnableStatusCommand ( LogicalFieldName : Login_Button, LogicalFieldValue : True )
----------------
2019-01-28 22:16:13,125 INFO  execution-log - [Sequence No - 6]	 Command completed.
----------------
2019-01-28 22:16:13,140 INFO  execution-log - [Sequence No - 7] Beginning ActionCommand ( LogicalFieldName : Login_Button, LogicalFieldValue : Click )
----------------
2019-01-28 22:16:13,279 INFO  execution-log - [Sequence No - 7]	 Command completed.
----------------
2019-01-28 22:16:13,285 INFO  execution-log - 	 Command completed.
----------------
2019-01-28 22:16:13,306 INFO  execution-log - Saving captured values to file.
----------------
2019-01-28 22:16:13,318 INFO  execution-log - TC # : 1, has completed successfully.
----------------
