2019-01-28 22:16:14,870 INFO  execution-log - 	Initializing control map with map # MASTER
----------------
2019-01-28 22:16:14,870 INFO  execution-log - Initializing Test Automation
----------------
2019-01-28 22:16:14,870 INFO  execution-log - 	target browser: Ie
----------------
2019-01-28 22:16:14,870 INFO  execution-log - TC # : 2, Downloading test case from DB
----------------
2019-01-28 22:16:14,886 INFO  execution-log - TC # : 2, Getting test data from DB
----------------
2019-01-28 22:16:14,886 INFO  execution-log - TC # : 2, Getting control map :MASTER from DB
----------------
2019-01-28 22:16:14,902 INFO  execution-log - TC # : 2, Test data retrieval completed
----------------
2019-01-28 22:16:14,902 INFO  execution-log - TC # : 2, Control map retrieval completed
----------------
2019-01-28 22:16:14,902 INFO  execution-log - TC # : 2, Parsing commands
----------------
2019-01-28 22:16:14,917 INFO  execution-log - Loading captured values from persistence.
----------------
2019-01-28 22:16:14,917 INFO  execution-log - TC # : 2, Started executing test case in the VMTESTAPP environment (http://vam-qa.cloudapp.net:6363/pages/login.html)
----------------
2019-01-28 22:16:14,933 INFO  execution-log -  Beginning StartIterationCommand ( Iterations : 1 )
----------------
2019-01-28 22:16:14,933 INFO  execution-log - TC # : 2, Starting iteration #1
----------------
2019-01-28 22:16:14,948 INFO  execution-log - 	 Command completed.
----------------
2019-01-28 22:16:14,948 INFO  execution-log -  Beginning InvokeApplicationCommand ( Target :  )
----------------
2019-01-28 22:16:16,020 INFO  execution-log - 	 Command completed.
----------------
2019-01-28 22:16:16,029 INFO  execution-log -  Beginning PageCommand ( CurrentPage : Login, FlowIdentifier : 1, DiIndicator : DI )
----------------
2019-01-28 22:16:16,039 INFO  execution-log - 	 Command completed.
----------------
2019-01-28 22:16:16,046 INFO  execution-log -  Beginning LoadTestDataItemCommand ( CurrentPage : Login, FlowIdentifier : 1, DiIndicator : DI )
----------------
2019-01-28 22:16:16,067 INFO  execution-log - [Sequence No - 1] Beginning ValidateExistStatusCommand ( LogicalFieldName : User Name, LogicalFieldValue : True )
----------------
2019-01-28 22:16:16,163 INFO  execution-log - [Sequence No - 1]	 Command completed.
----------------
2019-01-28 22:16:16,173 INFO  execution-log - [Sequence No - 2] Beginning ActionCommand ( LogicalFieldName : User Name, LogicalFieldValue : Click )
----------------
2019-01-28 22:16:17,116 INFO  execution-log - [Sequence No - 2]	 Command completed.
----------------
2019-01-28 22:16:17,116 INFO  execution-log - [Sequence No - 3] Beginning TestDataCommand ( LogicalFieldName : User Name, LogicalFieldValue : Jack )
----------------
2019-01-28 22:16:17,679 INFO  execution-log - [Sequence No - 3]	 Command completed.
----------------
2019-01-28 22:16:17,679 INFO  execution-log - [Sequence No - 4] Beginning ValidateExistStatusCommand ( LogicalFieldName : Password, LogicalFieldValue : True )
----------------
2019-01-28 22:16:17,772 INFO  execution-log - [Sequence No - 4]	 Command completed.
----------------
2019-01-28 22:16:17,772 INFO  execution-log - [Sequence No - 5] Beginning TestDataCommand ( LogicalFieldName : Password, LogicalFieldValue : Smit@123 )
----------------
2019-01-28 22:16:18,663 INFO  execution-log - [Sequence No - 5]	 Command completed.
----------------
2019-01-28 22:16:18,663 INFO  execution-log - [Sequence No - 6] Beginning ValidateEnableStatusCommand ( LogicalFieldName : Login_Button, LogicalFieldValue : True )
----------------
2019-01-28 22:16:18,953 INFO  execution-log - [Sequence No - 6]	 Command completed.
----------------
2019-01-28 22:16:18,953 INFO  execution-log - [Sequence No - 7] Beginning ActionCommand ( LogicalFieldName : Login_Button, LogicalFieldValue : Click )
----------------
2019-01-28 22:16:19,625 INFO  execution-log - [Sequence No - 7]	 Command completed.
----------------
2019-01-28 22:16:19,625 INFO  execution-log - 	 Command completed.
----------------
2019-01-28 22:16:19,641 INFO  execution-log - Saving captured values to file.
----------------
2019-01-28 22:16:19,656 INFO  execution-log - TC # : 2, has completed successfully.
----------------
