2019-02-19 10:33:52,163 INFO  execution-log - 	Initializing control map with map # MASTER
----------------
2019-02-19 10:33:52,180 INFO  execution-log - Initializing Test Automation
----------------
2019-02-19 10:33:52,185 INFO  execution-log - 	target browser: RemoteChrome
----------------
2019-02-19 10:33:52,194 INFO  execution-log - TC # : 1, Downloading test case from DB
----------------
2019-02-19 10:33:52,219 INFO  execution-log - TC # : 1, Getting control map :MASTER from DB
----------------
2019-02-19 10:33:52,220 INFO  execution-log - TC # : 1, Getting test data from DB
----------------
2019-02-19 10:33:52,247 INFO  execution-log - TC # : 1, Control map retrieval completed
----------------
2019-02-19 10:33:52,270 INFO  execution-log - TC # : 1, Test data retrieval completed
----------------
2019-02-19 10:33:52,281 INFO  execution-log - TC # : 1, Parsing commands
----------------
2019-02-19 10:33:52,289 INFO  execution-log - Loading captured values from persistence.
----------------
2019-02-19 10:33:52,296 INFO  execution-log - TC # : 1, Started executing test case in the VMTESTAPP1 environment (http://vam-qa.cloudapp.net:6363/pages/login.html)
----------------
2019-02-19 10:33:52,373 INFO  execution-log -  Beginning StartIterationCommand ( Iterations : 1 )
----------------
2019-02-19 10:33:52,380 INFO  execution-log - TC # : 1, Starting iteration #1
----------------
2019-02-19 10:33:52,386 INFO  execution-log - 	 Command completed.
----------------
2019-02-19 10:33:52,391 INFO  execution-log -  Beginning InvokeApplicationCommand ( Target :  )
----------------
2019-02-19 10:33:53,302 INFO  execution-log - 	 Command completed.
----------------
2019-02-19 10:33:53,317 INFO  execution-log -  Beginning PageCommand ( CurrentPage : Login, FlowIdentifier : 1, DiIndicator : DI )
----------------
2019-02-19 10:33:53,322 INFO  execution-log - 	 Command completed.
----------------
2019-02-19 10:33:53,328 INFO  execution-log -  Beginning LoadTestDataItemCommand ( CurrentPage : Login, FlowIdentifier : 1, DiIndicator : DI )
----------------
2019-02-19 10:33:53,348 INFO  execution-log - [Sequence No - 1] Beginning ValidateExistStatusCommand ( LogicalFieldName : User Name, LogicalFieldValue : True )
----------------
2019-02-19 10:33:53,398 INFO  execution-log - [Sequence No - 1]	 Command completed.
----------------
2019-02-19 10:33:53,409 INFO  execution-log - [Sequence No - 2] Beginning ActionCommand ( LogicalFieldName : User Name, LogicalFieldValue : Click )
----------------
2019-02-19 10:33:53,592 INFO  execution-log - [Sequence No - 2]	 Command completed.
----------------
2019-02-19 10:33:53,604 INFO  execution-log - [Sequence No - 3] Beginning TestDataCommand ( LogicalFieldName : User Name, LogicalFieldValue : Jack )
----------------
2019-02-19 10:33:53,769 INFO  execution-log - [Sequence No - 3]	 Command completed.
----------------
2019-02-19 10:33:53,780 INFO  execution-log - [Sequence No - 4] Beginning ValidateExistStatusCommand ( LogicalFieldName : Password, LogicalFieldValue : True )
----------------
2019-02-19 10:33:53,830 INFO  execution-log - [Sequence No - 4]	 Command completed.
----------------
2019-02-19 10:33:53,840 INFO  execution-log - [Sequence No - 5] Beginning TestDataCommand ( LogicalFieldName : Password, LogicalFieldValue : Smit@123 )
----------------
2019-02-19 10:33:54,023 INFO  execution-log - [Sequence No - 5]	 Command completed.
----------------
2019-02-19 10:33:54,035 INFO  execution-log - [Sequence No - 6] Beginning ValidateEnableStatusCommand ( LogicalFieldName : Login_Button, LogicalFieldValue : True )
----------------
2019-02-19 10:33:54,087 INFO  execution-log - [Sequence No - 6]	 Command completed.
----------------
2019-02-19 10:33:54,096 INFO  execution-log - [Sequence No - 7] Beginning ActionCommand ( LogicalFieldName : Login_Button, LogicalFieldValue : Click )
----------------
2019-02-19 10:33:54,266 INFO  execution-log - [Sequence No - 7]	 Command completed.
----------------
2019-02-19 10:33:54,272 INFO  execution-log - 	 Command completed.
----------------
2019-02-19 10:33:54,279 INFO  execution-log -  Beginning PageCommand ( CurrentPage : Home, FlowIdentifier : 2, DiIndicator : DI )
----------------
2019-02-19 10:33:54,285 INFO  execution-log - 	 Command completed.
----------------
2019-02-19 10:33:54,291 INFO  execution-log -  Beginning LoadTestDataItemCommand ( CurrentPage : Home, FlowIdentifier : 2, DiIndicator : DI )
----------------
2019-02-19 10:33:54,306 INFO  execution-log - [Sequence No - 8] Beginning ValidateEnableStatusCommand ( LogicalFieldName : New Quote, LogicalFieldValue : True )
----------------
2019-02-19 10:33:55,526 INFO  execution-log - [Sequence No - 8]	 Command completed.
----------------
2019-02-19 10:33:55,552 INFO  execution-log - [Sequence No - 9] Beginning ActionCommand ( LogicalFieldName : New Quote, LogicalFieldValue : Click )
----------------
2019-02-19 10:33:56,451 INFO  execution-log - [Sequence No - 9]	 Command completed.
----------------
2019-02-19 10:33:56,469 INFO  execution-log - 	 Command completed.
----------------
2019-02-19 10:33:56,477 INFO  execution-log -  Beginning PageCommand ( CurrentPage : New Quote, FlowIdentifier : 3, DiIndicator : DI )
----------------
2019-02-19 10:33:56,483 INFO  execution-log - 	 Command completed.
----------------
2019-02-19 10:33:56,488 INFO  execution-log -  Beginning LoadTestDataItemCommand ( CurrentPage : New Quote, FlowIdentifier : 3, DiIndicator : DI )
----------------
2019-02-19 10:33:56,505 INFO  execution-log - [Sequence No - 10] Beginning ValidateExistStatusCommand ( LogicalFieldName : Account Name, LogicalFieldValue : True )
----------------
2019-02-19 10:33:56,594 INFO  execution-log - [Sequence No - 10]	 Command completed.
----------------
2019-02-19 10:33:56,606 INFO  execution-log - [Sequence No - 11] Beginning TestDataCommand ( LogicalFieldName : Account Name, LogicalFieldValue : RANDOMIZE(7,2) )
----------------
2019-02-19 10:33:56,843 INFO  execution-log - [Sequence No - 11]	 Command completed.
----------------
2019-02-19 10:33:56,854 INFO  execution-log - [Sequence No - 12] Beginning ValidateExistStatusCommand ( LogicalFieldName : First Name, LogicalFieldValue : True )
----------------
2019-02-19 10:33:56,897 INFO  execution-log - [Sequence No - 12]	 Command completed.
----------------
2019-02-19 10:33:56,907 INFO  execution-log - [Sequence No - 13] Beginning TestDataCommand ( LogicalFieldName : First Name, LogicalFieldValue : Jack )
----------------
2019-02-19 10:33:57,155 INFO  execution-log - [Sequence No - 13]	 Command completed.
----------------
2019-02-19 10:33:57,166 INFO  execution-log - [Sequence No - 14] Beginning ValidateEnableStatusCommand ( LogicalFieldName : Last Name, LogicalFieldValue : True )
----------------
2019-02-19 10:33:57,208 INFO  execution-log - [Sequence No - 14]	 Command completed.
----------------
2019-02-19 10:33:57,219 INFO  execution-log - [Sequence No - 15] Beginning TestDataCommand ( LogicalFieldName : Last Name, LogicalFieldValue : Smith )
----------------
2019-02-19 10:33:57,444 INFO  execution-log - [Sequence No - 15]	 Command completed.
----------------
2019-02-19 10:33:57,461 INFO  execution-log - [Sequence No - 16] Beginning ValidateExistStatusCommand ( LogicalFieldName : ContactNumber1, LogicalFieldValue : True )
----------------
2019-02-19 10:33:57,511 INFO  execution-log - [Sequence No - 16]	 Command completed.
----------------
2019-02-19 10:33:57,522 INFO  execution-log - [Sequence No - 17] Beginning TestDataCommand ( LogicalFieldName : ContactNumber1, LogicalFieldValue : 654 )
----------------
2019-02-19 10:33:57,682 INFO  execution-log - [Sequence No - 17]	 Command completed.
----------------
2019-02-19 10:33:57,692 INFO  execution-log - [Sequence No - 18] Beginning TestDataCommand ( LogicalFieldName : ContactNumber2, LogicalFieldValue : 321 )
----------------
2019-02-19 10:33:57,846 INFO  execution-log - [Sequence No - 18]	 Command completed.
----------------
2019-02-19 10:33:57,857 INFO  execution-log - [Sequence No - 19] Beginning TestDataCommand ( LogicalFieldName : ContactNumber3, LogicalFieldValue : 6541 )
----------------
2019-02-19 10:33:58,122 INFO  execution-log - [Sequence No - 19]	 Command completed.
----------------
2019-02-19 10:33:58,133 INFO  execution-log - [Sequence No - 20] Beginning ValidateExistStatusCommand ( LogicalFieldName : Primary Email, LogicalFieldValue : True )
----------------
2019-02-19 10:33:58,172 INFO  execution-log - [Sequence No - 20]	 Command completed.
----------------
2019-02-19 10:33:58,182 INFO  execution-log - [Sequence No - 21] Beginning TestDataCommand ( LogicalFieldName : Primary Email, LogicalFieldValue : jack.smith@gmail.com )
----------------
2019-02-19 10:33:58,469 INFO  execution-log - [Sequence No - 21]	 Command completed.
----------------
2019-02-19 10:33:58,482 INFO  execution-log - [Sequence No - 22] Beginning ValidateExistStatusCommand ( LogicalFieldName : Business Started Year, LogicalFieldValue : True )
----------------
2019-02-19 10:33:58,519 INFO  execution-log - [Sequence No - 22]	 Command completed.
----------------
2019-02-19 10:33:58,529 INFO  execution-log - [Sequence No - 23] Beginning TestDataCommand ( LogicalFieldName : Business Started Year, LogicalFieldValue : 2012 )
----------------
2019-02-19 10:33:58,688 INFO  execution-log - [Sequence No - 23]	 Command completed.
----------------
2019-02-19 10:33:58,700 INFO  execution-log - [Sequence No - 24] Beginning ValidateExistStatusCommand ( LogicalFieldName : Select Product, LogicalFieldValue : True )
----------------
2019-02-19 10:33:58,736 INFO  execution-log - [Sequence No - 24]	 Command completed.
----------------
2019-02-19 10:33:58,745 INFO  execution-log - [Sequence No - 25] Beginning ActionCommand ( LogicalFieldName : Select Product, LogicalFieldValue : Click )
----------------
2019-02-19 10:33:58,919 INFO  execution-log - [Sequence No - 25]	 Command completed.
----------------
2019-02-19 10:33:58,930 INFO  execution-log - [Sequence No - 26] Beginning ActionCommand ( LogicalFieldName : Select Product1, LogicalFieldValue : Click )
----------------
2019-02-19 10:33:59,109 INFO  execution-log - [Sequence No - 26]	 Command completed.
----------------
2019-02-19 10:33:59,120 INFO  execution-log - [Sequence No - 27] Beginning ValidateExistStatusCommand ( LogicalFieldName : Contact Name, LogicalFieldValue : True )
----------------
2019-02-19 10:33:59,159 INFO  execution-log - [Sequence No - 27]	 Command completed.
----------------
2019-02-19 10:33:59,169 INFO  execution-log - [Sequence No - 28] Beginning ActionCommand ( LogicalFieldName : Contact Name, LogicalFieldValue : Click )
----------------
2019-02-19 10:33:59,339 INFO  execution-log - [Sequence No - 28]	 Command completed.
----------------
2019-02-19 10:33:59,350 INFO  execution-log - [Sequence No - 29] Beginning ActionCommand ( LogicalFieldName : Contact Name Initial Select, LogicalFieldValue : Click )
----------------
2019-02-19 10:34:00,041 INFO  execution-log - [Sequence No - 29]	 Command completed.
----------------
2019-02-19 10:34:00,056 INFO  execution-log - [Sequence No - 30] Beginning ValidateExistStatusCommand ( LogicalFieldName : Industry, LogicalFieldValue : True )
----------------
2019-02-19 10:34:00,100 INFO  execution-log - [Sequence No - 30]	 Command completed.
----------------
2019-02-19 10:34:00,111 INFO  execution-log - [Sequence No - 31] Beginning ActionCommand ( LogicalFieldName : Industry, LogicalFieldValue : Click )
----------------
2019-02-19 10:34:00,304 INFO  execution-log - [Sequence No - 31]	 Command completed.
----------------
2019-02-19 10:34:00,317 INFO  execution-log - [Sequence No - 32] Beginning ActionCommand ( LogicalFieldName : Industry1, LogicalFieldValue : Click )
----------------
2019-02-19 10:34:00,491 INFO  execution-log - [Sequence No - 32]	 Command completed.
----------------
2019-02-19 10:34:00,503 INFO  execution-log - [Sequence No - 33] Beginning ValidateExistStatusCommand ( LogicalFieldName : Zip Code, LogicalFieldValue : True )
----------------
2019-02-19 10:34:00,547 INFO  execution-log - [Sequence No - 33]	 Command completed.
----------------
2019-02-19 10:34:00,557 INFO  execution-log - [Sequence No - 34] Beginning TestDataCommand ( LogicalFieldName : Zip Code, LogicalFieldValue : 53704 )
----------------
2019-02-19 10:34:00,760 INFO  execution-log - [Sequence No - 34]	 Command completed.
----------------
2019-02-19 10:34:00,771 INFO  execution-log - [Sequence No - 35] Beginning ActionCommand ( LogicalFieldName : zipcode click, LogicalFieldValue : Click )
----------------
2019-02-19 10:34:01,174 INFO  execution-log - [Sequence No - 35]	 Command completed.
----------------
2019-02-19 10:34:01,186 INFO  execution-log - [Sequence No - 36] Beginning ValidateExistStatusCommand ( LogicalFieldName : Street Address, LogicalFieldValue : True )
----------------
2019-02-19 10:34:01,227 INFO  execution-log - [Sequence No - 36]	 Command completed.
----------------
2019-02-19 10:34:01,237 INFO  execution-log - [Sequence No - 37] Beginning TestDataCommand ( LogicalFieldName : Street Address, LogicalFieldValue : 123 BLUEJAY LN )
----------------
2019-02-19 10:34:01,514 INFO  execution-log - [Sequence No - 37]	 Command completed.
----------------
2019-02-19 10:34:01,525 INFO  execution-log - [Sequence No - 38] Beginning ValidateExistStatusCommand ( LogicalFieldName : Same as Physical Address, LogicalFieldValue : True )
----------------
2019-02-19 10:34:01,572 INFO  execution-log - [Sequence No - 38]	 Command completed.
----------------
2019-02-19 10:34:01,582 INFO  execution-log - [Sequence No - 39] Beginning ActionCommand ( LogicalFieldName : Same as Physical Address, LogicalFieldValue : Click )
----------------
2019-02-19 10:34:01,736 INFO  execution-log - [Sequence No - 39]	 Command completed.
----------------
2019-02-19 10:34:01,747 INFO  execution-log - [Sequence No - 40] Beginning ValidateEnableStatusCommand ( LogicalFieldName : Proceed, LogicalFieldValue : True )
----------------
2019-02-19 10:34:01,786 INFO  execution-log - [Sequence No - 40]	 Command completed.
----------------
2019-02-19 10:34:01,796 INFO  execution-log - [Sequence No - 41] Beginning ActionCommand ( LogicalFieldName : Proceed, LogicalFieldValue : Click )
----------------
2019-02-19 10:34:01,954 INFO  execution-log - [Sequence No - 41]	 Command completed.
----------------
2019-02-19 10:34:01,968 INFO  execution-log - 	 Command completed.
----------------
2019-02-19 10:34:01,975 INFO  execution-log -  Beginning PageCommand ( CurrentPage : Insured Info, FlowIdentifier : 4, DiIndicator : DI )
----------------
2019-02-19 10:34:01,982 INFO  execution-log - 	 Command completed.
----------------
2019-02-19 10:34:01,988 INFO  execution-log -  Beginning LoadTestDataItemCommand ( CurrentPage : Insured Info, FlowIdentifier : 4, DiIndicator : DI )
----------------
2019-02-19 10:34:02,004 INFO  execution-log - [Sequence No - 42] Beginning ValidateEnableStatusCommand ( LogicalFieldName : InsuredName, LogicalFieldValue : True )
----------------
2019-02-19 10:34:04,364 INFO  execution-log - [Sequence No - 42]	 Command completed.
----------------
2019-02-19 10:34:04,375 INFO  execution-log - [Sequence No - 43] Beginning TestDataCommand ( LogicalFieldName : InsuredName, LogicalFieldValue : Smith )
----------------
2019-02-19 10:34:04,543 INFO  execution-log - [Sequence No - 43]	 Command completed.
----------------
2019-02-19 10:34:04,559 INFO  execution-log - [Sequence No - 44] Beginning ValidateEnableStatusCommand ( LogicalFieldName : Primary State Click, LogicalFieldValue : True )
----------------
2019-02-19 10:34:04,599 INFO  execution-log - [Sequence No - 44]	 Command completed.
----------------
2019-02-19 10:34:04,608 INFO  execution-log - [Sequence No - 45] Beginning ActionCommand ( LogicalFieldName : Primary State Click, LogicalFieldValue : Click )
----------------
2019-02-19 10:34:04,799 INFO  execution-log - [Sequence No - 45]	 Command completed.
----------------
2019-02-19 10:34:04,810 INFO  execution-log - [Sequence No - 46] Beginning ActionCommand ( LogicalFieldName : PrimayState Select, LogicalFieldValue : Click )
----------------
2019-02-19 10:34:05,030 INFO  execution-log - [Sequence No - 46]	 Command completed.
----------------
2019-02-19 10:34:05,040 INFO  execution-log - [Sequence No - 47] Beginning ValidateExistStatusCommand ( LogicalFieldName : Street Address, LogicalFieldValue : True )
----------------
2019-02-19 10:34:05,100 INFO  execution-log - [Sequence No - 47]	 Command completed.
----------------
2019-02-19 10:34:05,111 INFO  execution-log - [Sequence No - 48] Beginning TestDataCommand ( LogicalFieldName : Street Address, LogicalFieldValue : 123 new street )
----------------
2019-02-19 10:34:05,443 INFO  execution-log - [Sequence No - 48]	 Command completed.
----------------
2019-02-19 10:34:05,458 INFO  execution-log - [Sequence No - 49] Beginning ValidateExistStatusCommand ( LogicalFieldName : Zip Code, LogicalFieldValue : True )
----------------
2019-02-19 10:34:05,496 INFO  execution-log - [Sequence No - 49]	 Command completed.
----------------
2019-02-19 10:34:05,506 INFO  execution-log - [Sequence No - 50] Beginning TestDataCommand ( LogicalFieldName : Zip Code, LogicalFieldValue : 53704 )
----------------
2019-02-19 10:34:05,670 INFO  execution-log - [Sequence No - 50]	 Command completed.
----------------
2019-02-19 10:34:05,683 INFO  execution-log - [Sequence No - 51] Beginning ValidateExistStatusCommand ( LogicalFieldName : Same as Physical Address, LogicalFieldValue : True )
----------------
2019-02-19 10:34:05,722 INFO  execution-log - [Sequence No - 51]	 Command completed.
----------------
2019-02-19 10:34:05,737 INFO  execution-log - [Sequence No - 52] Beginning ActionCommand ( LogicalFieldName : Same as Physical Address, LogicalFieldValue : Click )
----------------
2019-02-19 10:34:05,906 INFO  execution-log - [Sequence No - 52]	 Command completed.
----------------
2019-02-19 10:34:05,923 INFO  execution-log - [Sequence No - 53] Beginning ValidateExistStatusCommand ( LogicalFieldName : SIC Code, LogicalFieldValue : True )
----------------
2019-02-19 10:34:05,969 INFO  execution-log - [Sequence No - 53]	 Command completed.
----------------
2019-02-19 10:34:05,985 INFO  execution-log - [Sequence No - 54] Beginning TestDataCommand ( LogicalFieldName : SIC Code, LogicalFieldValue : 41510000-School buses )
----------------
2019-02-19 10:34:06,324 INFO  execution-log - [Sequence No - 54]	 Command completed.
----------------
2019-02-19 10:34:06,335 INFO  execution-log - [Sequence No - 55] Beginning ValidateExistStatusCommand ( LogicalFieldName : BusinessInceptionYear, LogicalFieldValue : True )
----------------
2019-02-19 10:34:06,378 INFO  execution-log - [Sequence No - 55]	 Command completed.
----------------
2019-02-19 10:34:06,390 INFO  execution-log - [Sequence No - 56] Beginning TestDataCommand ( LogicalFieldName : BusinessInceptionYear, LogicalFieldValue : 2012 )
----------------
2019-02-19 10:34:06,557 INFO  execution-log - [Sequence No - 56]	 Command completed.
----------------
2019-02-19 10:34:06,573 INFO  execution-log - [Sequence No - 57] Beginning ValidateExistStatusCommand ( LogicalFieldName : BusinessPhone, LogicalFieldValue : True )
----------------
2019-02-19 10:34:06,616 INFO  execution-log - [Sequence No - 57]	 Command completed.
----------------
2019-02-19 10:34:06,627 INFO  execution-log - [Sequence No - 58] Beginning TestDataCommand ( LogicalFieldName : BusinessPhone, LogicalFieldValue : 6549879879 )
----------------
2019-02-19 10:34:07,934 INFO  execution-log - [Sequence No - 58]	 Command completed.
----------------
2019-02-19 10:34:07,946 INFO  execution-log - [Sequence No - 59] Beginning ValidateEnableStatusCommand ( LogicalFieldName : Next, LogicalFieldValue : True )
----------------
2019-02-19 10:34:07,997 INFO  execution-log - [Sequence No - 59]	 Command completed.
----------------
2019-02-19 10:34:08,008 INFO  execution-log - [Sequence No - 60] Beginning ActionCommand ( LogicalFieldName : Next, LogicalFieldValue : Click )
----------------
2019-02-19 10:34:08,165 INFO  execution-log - [Sequence No - 60]	 Command completed.
----------------
2019-02-19 10:34:08,173 INFO  execution-log - 	 Command completed.
----------------
2019-02-19 10:34:08,181 INFO  execution-log -  Beginning PageCommand ( CurrentPage : Policy Info, FlowIdentifier : 5, DiIndicator : DI )
----------------
2019-02-19 10:34:08,190 INFO  execution-log - 	 Command completed.
----------------
2019-02-19 10:34:08,201 INFO  execution-log -  Beginning LoadTestDataItemCommand ( CurrentPage : Policy Info, FlowIdentifier : 5, DiIndicator : DI )
----------------
2019-02-19 10:34:08,218 INFO  execution-log - [Sequence No - 61] Beginning ValidateEnableStatusCommand ( LogicalFieldName : Which State do u operate In?, LogicalFieldValue : True )
----------------
2019-02-19 10:34:08,838 INFO  execution-log - [Sequence No - 61]	 Command completed.
----------------
2019-02-19 10:34:08,854 INFO  execution-log - [Sequence No - 62] Beginning ActionCommand ( LogicalFieldName : Which State do u operate In?, LogicalFieldValue : Click )
----------------
2019-02-19 10:34:09,557 INFO  execution-log - [Sequence No - 62]	 Command completed.
----------------
2019-02-19 10:34:09,568 INFO  execution-log - [Sequence No - 63] Beginning ActionCommand ( LogicalFieldName : Which State do u operate In?1, LogicalFieldValue : Click )
----------------
2019-02-19 10:34:10,232 INFO  execution-log - [Sequence No - 63]	 Command completed.
----------------
2019-02-19 10:34:10,243 INFO  execution-log - [Sequence No - 64] Beginning ActionCommand ( LogicalFieldName : Label Click, LogicalFieldValue : Click )
----------------
2019-02-19 10:34:10,434 INFO  execution-log - [Sequence No - 64]	 Command completed.
----------------
2019-02-19 10:34:10,445 INFO  execution-log - [Sequence No - 65] Beginning ActionCommand ( LogicalFieldName : Collapse, LogicalFieldValue : Click )
----------------
2019-02-19 10:34:10,672 INFO  execution-log - [Sequence No - 65]	 Command completed.
----------------
2019-02-19 10:34:10,684 INFO  execution-log - [Sequence No - 66] Beginning ValidateEnableStatusCommand ( LogicalFieldName : Select Product, LogicalFieldValue : True )
----------------
2019-02-19 10:34:10,733 INFO  execution-log - [Sequence No - 66]	 Command completed.
----------------
2019-02-19 10:34:10,743 INFO  execution-log - [Sequence No - 67] Beginning ActionCommand ( LogicalFieldName : Select Product, LogicalFieldValue : Click-Wait(2000) )
----------------
2019-02-19 10:34:14,949 INFO  execution-log - [Sequence No - 67]	 Command completed.
----------------
2019-02-19 10:34:14,966 INFO  execution-log - [Sequence No - 68] Beginning ActionCommand ( LogicalFieldName : Select Product 1, LogicalFieldValue : Click )
----------------
2019-02-19 10:34:17,717 INFO  execution-log - [Sequence No - 68]	 Command completed.
----------------
2019-02-19 10:34:17,733 INFO  execution-log - 	 Command completed.
----------------
2019-02-19 10:34:17,784 INFO  execution-log - Saving captured values to file.
----------------
2019-02-19 10:34:17,791 INFO  execution-log - TC # : 1, has completed successfully.
----------------
