2019-01-28 18:42:57,479 INFO  execution-log - 	Initializing control map with map # MASTER
----------------
2019-01-28 18:42:57,479 INFO  execution-log - Initializing Test Automation
----------------
2019-01-28 18:42:57,479 INFO  execution-log - 	target browser: Chrome
----------------
2019-01-28 18:42:57,495 INFO  execution-log - TC # : 1, Downloading test case from DB
----------------
2019-01-28 18:42:57,495 INFO  execution-log - TC # : 1, Getting control map :MASTER from DB
----------------
2019-01-28 18:42:57,495 INFO  execution-log - TC # : 1, Getting test data from DB
----------------
2019-01-28 18:42:57,511 INFO  execution-log - TC # : 1, Control map retrieval completed
----------------
2019-01-28 18:42:57,526 INFO  execution-log - TC # : 1, Test data retrieval completed
----------------
2019-01-28 18:42:57,526 INFO  execution-log - TC # : 1, Parsing commands
----------------
2019-01-28 18:42:57,526 INFO  execution-log - Loading captured values from persistence.
----------------
2019-01-28 18:42:57,542 INFO  execution-log - TC # : 1, Started executing test case in the VMTESTAPP environment (http://vam-qa.cloudapp.net:6363/pages/login.html)
----------------
2019-01-28 18:42:57,557 INFO  execution-log -  Beginning StartIterationCommand ( Iterations : 1 )
----------------
2019-01-28 18:42:57,557 INFO  execution-log - TC # : 1, Starting iteration #1
----------------
2019-01-28 18:42:57,557 INFO  execution-log - 	 Command completed.
----------------
2019-01-28 18:42:57,573 INFO  execution-log -  Beginning InvokeApplicationCommand ( Target :  )
----------------
2019-01-28 18:42:58,659 INFO  execution-log - 	 Command completed.
----------------
2019-01-28 18:42:58,667 INFO  execution-log -  Beginning PageCommand ( CurrentPage : Login, FlowIdentifier : 1, DiIndicator : DI )
----------------
2019-01-28 18:42:58,675 INFO  execution-log - 	 Command completed.
----------------
2019-01-28 18:42:58,680 INFO  execution-log -  Beginning LoadTestDataItemCommand ( CurrentPage : Login, FlowIdentifier : 1, DiIndicator : DI )
----------------
2019-01-28 18:42:58,708 INFO  execution-log - [Sequence No - 1] Beginning ValidateExistStatusCommand ( LogicalFieldName : User Name, LogicalFieldValue : True )
----------------
2019-01-28 18:42:58,731 INFO  execution-log - [Sequence No - 1]	 Command completed.
----------------
2019-01-28 18:42:58,747 INFO  execution-log - [Sequence No - 2] Beginning ActionCommand ( LogicalFieldName : User Name, LogicalFieldValue : Click )
----------------
2019-01-28 18:42:58,896 INFO  execution-log - [Sequence No - 2]	 Command completed.
----------------
2019-01-28 18:42:58,913 INFO  execution-log - [Sequence No - 3] Beginning TestDataCommand ( LogicalFieldName : User Name, LogicalFieldValue : Jack )
----------------
2019-01-28 18:42:59,027 INFO  execution-log - [Sequence No - 3]	 Command completed.
----------------
2019-01-28 18:42:59,040 INFO  execution-log - [Sequence No - 4] Beginning ValidateExistStatusCommand ( LogicalFieldName : Password, LogicalFieldValue : True )
----------------
2019-01-28 18:42:59,070 INFO  execution-log - [Sequence No - 4]	 Command completed.
----------------
2019-01-28 18:42:59,082 INFO  execution-log - [Sequence No - 5] Beginning TestDataCommand ( LogicalFieldName : Password, LogicalFieldValue : Smit@123 )
----------------
2019-01-28 18:42:59,239 INFO  execution-log - [Sequence No - 5]	 Command completed.
----------------
2019-01-28 18:42:59,250 INFO  execution-log - [Sequence No - 6] Beginning ValidateEnableStatusCommand ( LogicalFieldName : Password, LogicalFieldValue : True )
----------------
2019-01-28 18:42:59,276 INFO  execution-log - [Sequence No - 6]	 Command completed.
----------------
2019-01-28 18:42:59,288 INFO  execution-log - [Sequence No - 7] Beginning ActionCommand ( LogicalFieldName : Login_Button, LogicalFieldValue : Click )
----------------
2019-01-28 18:42:59,423 INFO  execution-log - [Sequence No - 7]	 Command completed.
----------------
2019-01-28 18:42:59,431 INFO  execution-log - 	 Command completed.
----------------
2019-01-28 18:42:59,456 INFO  execution-log - Saving captured values to file.
----------------
2019-01-28 18:42:59,463 INFO  execution-log - TC # : 1, has completed successfully.
----------------
