2019-01-29 02:29:33,043 INFO  execution-log - 	Initializing control map with map # MASTER
----------------
2019-01-29 02:29:33,043 INFO  execution-log - Initializing Test Automation
----------------
2019-01-29 02:29:33,043 INFO  execution-log - 	target browser: Chrome
----------------
2019-01-29 02:29:33,059 INFO  execution-log - TC # : 2, Downloading test case from DB
----------------
2019-01-29 02:29:33,059 INFO  execution-log - TC # : 2, Getting control map :MASTER from DB
----------------
2019-01-29 02:29:33,059 INFO  execution-log - TC # : 2, Getting test data from DB
----------------
2019-01-29 02:29:33,074 INFO  execution-log - TC # : 2, Control map retrieval completed
----------------
2019-01-29 02:29:33,074 INFO  execution-log - TC # : 2, Test data retrieval completed
----------------
2019-01-29 02:29:33,090 INFO  execution-log - TC # : 2, Parsing commands
----------------
2019-01-29 02:29:33,090 INFO  execution-log - Loading captured values from persistence.
----------------
2019-01-29 02:29:33,090 INFO  execution-log - TC # : 2, Started executing test case in the VMTESTAPP1 environment (http://vam-qa.cloudapp.net:6363/pages/login.html)
----------------
2019-01-29 02:29:33,121 INFO  execution-log -  Beginning StartIterationCommand ( Iterations : 1 )
----------------
2019-01-29 02:29:33,137 INFO  execution-log - TC # : 2, Starting iteration #1
----------------
2019-01-29 02:29:33,137 INFO  execution-log - 	 Command completed.
----------------
2019-01-29 02:29:33,137 INFO  execution-log -  Beginning InvokeApplicationCommand ( Target :  )
----------------
2019-01-29 02:29:34,174 INFO  execution-log - 	 Command completed.
----------------
2019-01-29 02:29:34,180 INFO  execution-log -  Beginning PageCommand ( CurrentPage : Login, FlowIdentifier : 1, DiIndicator : DI )
----------------
2019-01-29 02:29:34,185 INFO  execution-log - 	 Command completed.
----------------
2019-01-29 02:29:34,191 INFO  execution-log -  Beginning LoadTestDataItemCommand ( CurrentPage : Login, FlowIdentifier : 1, DiIndicator : DI )
----------------
2019-01-29 02:29:34,207 INFO  execution-log - [Sequence No - 1] Beginning ValidateExistStatusCommand ( LogicalFieldName : User Name, LogicalFieldValue : True )
----------------
2019-01-29 02:29:34,228 INFO  execution-log - [Sequence No - 1]	 Command completed.
----------------
2019-01-29 02:29:34,228 INFO  execution-log - [Sequence No - 2] Beginning ActionCommand ( LogicalFieldName : User Name, LogicalFieldValue : Click )
----------------
2019-01-29 02:29:34,356 INFO  execution-log - [Sequence No - 2]	 Command completed.
----------------
2019-01-29 02:29:34,369 INFO  execution-log - [Sequence No - 3] Beginning TestDataCommand ( LogicalFieldName : User Name, LogicalFieldValue : Jack )
----------------
2019-01-29 02:29:34,450 INFO  execution-log - [Sequence No - 3]	 Command completed.
----------------
2019-01-29 02:29:34,461 INFO  execution-log - [Sequence No - 4] Beginning ValidateExistStatusCommand ( LogicalFieldName : Password, LogicalFieldValue : True )
----------------
2019-01-29 02:29:34,480 INFO  execution-log - [Sequence No - 4]	 Command completed.
----------------
2019-01-29 02:29:34,488 INFO  execution-log - [Sequence No - 5] Beginning TestDataCommand ( LogicalFieldName : Password, LogicalFieldValue : Smit@123 )
----------------
2019-01-29 02:29:34,610 INFO  execution-log - [Sequence No - 5]	 Command completed.
----------------
2019-01-29 02:29:34,620 INFO  execution-log - [Sequence No - 6] Beginning ValidateEnableStatusCommand ( LogicalFieldName : Login_Button, LogicalFieldValue : True )
----------------
2019-01-29 02:29:34,652 INFO  execution-log - [Sequence No - 6]	 Command completed.
----------------
2019-01-29 02:29:34,660 INFO  execution-log - [Sequence No - 7] Beginning ActionCommand ( LogicalFieldName : Login_Button, LogicalFieldValue : Click )
----------------
2019-01-29 02:29:34,762 INFO  execution-log - [Sequence No - 7]	 Command completed.
----------------
2019-01-29 02:29:34,768 INFO  execution-log - 	 Command completed.
----------------
2019-01-29 02:29:34,772 INFO  execution-log -  Beginning StartIterationCommand ( Iterations : 2 )
----------------
2019-01-29 02:29:34,777 INFO  execution-log - TC # : 2, Starting iteration #2
----------------
2019-01-29 02:29:34,781 INFO  execution-log - 	 Command completed.
----------------
2019-01-29 02:29:34,786 INFO  execution-log -  Beginning InvokeApplicationCommand ( Target :  )
----------------
2019-01-29 02:29:34,971 INFO  execution-log - 	 Command completed.
----------------
2019-01-29 02:29:34,977 INFO  execution-log -  Beginning PageCommand ( CurrentPage : Home, FlowIdentifier : 2, DiIndicator : DI )
----------------
2019-01-29 02:29:34,984 INFO  execution-log - 	 Command completed.
----------------
2019-01-29 02:29:34,990 INFO  execution-log -  Beginning LoadTestDataItemCommand ( CurrentPage : Home, FlowIdentifier : 2, DiIndicator : DI )
----------------
2019-01-29 02:29:34,994 INFO  execution-log - 	 Command completed.
----------------
2019-01-29 02:29:35,025 INFO  execution-log - Saving captured values to file.
----------------
2019-01-29 02:29:35,025 INFO  execution-log - TC # : 2, has completed successfully.
----------------
