2019-02-20 02:24:09,921 INFO  execution-log - 	Initializing control map with map # MASTER
----------------
2019-02-20 02:24:21,448 INFO  execution-log - Initializing Test Automation
----------------
2019-02-20 02:24:21,458 INFO  execution-log - 	target browser: Chrome
----------------
2019-02-20 02:24:21,463 INFO  execution-log - TC # : 1, Downloading test case from DB
----------------
2019-02-20 02:24:21,473 INFO  execution-log - TC # : 1, Getting control map :MASTER from DB
----------------
2019-02-20 02:24:21,483 INFO  execution-log - TC # : 1, Getting test data from DB
----------------
2019-02-20 02:24:21,483 INFO  execution-log - TC # : 1, Control map retrieval completed
----------------
2019-02-20 02:24:21,495 INFO  execution-log - TC # : 1, Test data retrieval completed
----------------
2019-02-20 02:24:21,496 INFO  execution-log - TC # : 1, Parsing commands
----------------
2019-02-20 02:24:21,501 INFO  execution-log - Loading captured values from persistence.
----------------
2019-02-20 02:24:21,505 INFO  execution-log - TC # : 1, Started executing test case in the VMTESTAPP1 environment (http://vam-qa.cloudapp.net:6363/pages/login.html)
----------------
2019-02-20 02:24:21,546 INFO  execution-log -  Beginning StartIterationCommand ( Iterations : 1 )
----------------
2019-02-20 02:24:21,551 INFO  execution-log - TC # : 1, Starting iteration #1
----------------
2019-02-20 02:24:21,555 INFO  execution-log - 	 Command completed.
----------------
2019-02-20 02:24:21,559 INFO  execution-log -  Beginning InvokeApplicationCommand ( Target :  )
----------------
2019-02-20 02:24:22,559 INFO  execution-log - 	 Command completed.
----------------
2019-02-20 02:24:22,565 INFO  execution-log -  Beginning PageCommand ( CurrentPage : Login, FlowIdentifier : 1, DiIndicator : DI )
----------------
2019-02-20 02:24:22,570 INFO  execution-log - 	 Command completed.
----------------
2019-02-20 02:24:22,576 INFO  execution-log -  Beginning LoadTestDataItemCommand ( CurrentPage : Login, FlowIdentifier : 1, DiIndicator : DI )
----------------
2019-02-20 02:24:22,586 INFO  execution-log - [Sequence No - 1] Beginning ValidateExistStatusCommand ( LogicalFieldName : User Name, LogicalFieldValue : True )
----------------
2019-02-20 02:24:22,615 INFO  execution-log - [Sequence No - 1]	 Command completed.
----------------
2019-02-20 02:24:22,624 INFO  execution-log - [Sequence No - 2] Beginning ActionCommand ( LogicalFieldName : User Name, LogicalFieldValue : Click )
----------------
2019-02-20 02:24:22,740 INFO  execution-log - [Sequence No - 2]	 Command completed.
----------------
2019-02-20 02:24:22,753 INFO  execution-log - [Sequence No - 3] Beginning TestDataCommand ( LogicalFieldName : User Name, LogicalFieldValue : Jack )
----------------
2019-02-20 02:26:35,649 INFO  execution-log - [Sequence No - 3]	 Command completed.
----------------
2019-02-20 02:26:47,464 INFO  execution-log - [Sequence No - 4] Beginning ValidateExistStatusCommand ( LogicalFieldName : Password, LogicalFieldValue : True )
----------------
2019-02-20 02:26:47,497 INFO  execution-log - [Sequence No - 4]	 Command completed.
----------------
2019-02-20 02:26:47,506 INFO  execution-log - [Sequence No - 5] Beginning TestDataCommand ( LogicalFieldName : Password, LogicalFieldValue : Smit@123 )
----------------
2019-02-20 02:27:22,193 INFO  execution-log - [Sequence No - 5]	 Command completed.
----------------
2019-02-20 02:27:30,700 INFO  execution-log - [Sequence No - 6] Beginning ValidateEnableStatusCommand ( LogicalFieldName : Login_Button, LogicalFieldValue : True )
----------------
2019-02-20 02:27:30,733 INFO  execution-log - [Sequence No - 6]	 Command completed.
----------------
2019-02-20 02:27:30,742 INFO  execution-log - [Sequence No - 7] Beginning ActionCommand ( LogicalFieldName : Login_Button, LogicalFieldValue : Click )
----------------
2019-02-20 02:27:35,866 INFO  execution-log - [Sequence No - 7]	 Command completed.
----------------
2019-02-20 02:27:35,873 INFO  execution-log - 	 Command completed.
----------------
2019-02-20 02:27:35,884 INFO  execution-log -  Beginning PageCommand ( CurrentPage : Home, FlowIdentifier : 2, DiIndicator : DI )
----------------
2019-02-20 02:27:35,891 INFO  execution-log - 	 Command completed.
----------------
2019-02-20 02:27:35,896 INFO  execution-log -  Beginning LoadTestDataItemCommand ( CurrentPage : Home, FlowIdentifier : 2, DiIndicator : DI )
----------------
2019-02-20 02:27:35,907 INFO  execution-log - [Sequence No - 8] Beginning ValidateEnableStatusCommand ( LogicalFieldName : New Quote, LogicalFieldValue : True )
----------------
2019-02-20 02:27:37,551 INFO  execution-log - [Sequence No - 8]	 Command completed.
----------------
2019-02-20 02:27:37,562 INFO  execution-log - [Sequence No - 9] Beginning ActionCommand ( LogicalFieldName : New Quote, LogicalFieldValue : Click )
----------------
2019-02-20 02:27:38,270 INFO  execution-log - [Sequence No - 9]	 Command completed.
----------------
2019-02-20 02:27:38,285 INFO  execution-log - 	 Command completed.
----------------
2019-02-20 02:27:38,291 INFO  execution-log -  Beginning PageCommand ( CurrentPage : New Quote, FlowIdentifier : 3, DiIndicator : DI )
----------------
2019-02-20 02:27:38,296 INFO  execution-log - 	 Command completed.
----------------
2019-02-20 02:27:38,300 INFO  execution-log -  Beginning LoadTestDataItemCommand ( CurrentPage : New Quote, FlowIdentifier : 3, DiIndicator : DI )
----------------
2019-02-20 02:27:38,312 INFO  execution-log - [Sequence No - 10] Beginning ValidateExistStatusCommand ( LogicalFieldName : Account Name, LogicalFieldValue : True )
----------------
2019-02-20 02:27:38,334 INFO  execution-log - [Sequence No - 10]	 Command completed.
----------------
2019-02-20 02:27:38,347 INFO  execution-log - [Sequence No - 11] Beginning TestDataCommand ( LogicalFieldName : Account Name, LogicalFieldValue : RANDOMIZE(7,2) )
----------------
2019-02-20 02:28:05,174 INFO  execution-log - [Sequence No - 11]	 Command completed.
----------------
2019-02-20 02:28:05,184 INFO  execution-log - [Sequence No - 12] Beginning ValidateExistStatusCommand ( LogicalFieldName : First Name, LogicalFieldValue : True )
----------------
2019-02-20 02:28:05,212 INFO  execution-log - [Sequence No - 12]	 Command completed.
----------------
2019-02-20 02:28:05,225 INFO  execution-log - [Sequence No - 13] Beginning TestDataCommand ( LogicalFieldName : First Name, LogicalFieldValue : Jack )
----------------
2019-02-20 02:29:23,584 INFO  execution-log - [Sequence No - 13]	 Command completed.
----------------
2019-02-20 02:32:27,147 INFO  execution-log - [Sequence No - 14] Beginning ValidateEnableStatusCommand ( LogicalFieldName : Last Name, LogicalFieldValue : True )
----------------
2019-02-20 02:32:27,225 INFO  execution-log - [Sequence No - 14]	 Command completed.
----------------
2019-02-20 02:32:45,450 INFO  execution-log - [Sequence No - 15] Beginning TestDataCommand ( LogicalFieldName : Last Name, LogicalFieldValue : Smith )
----------------
2019-02-20 02:33:39,877 INFO  execution-log - [Sequence No - 15]	 Command completed.
----------------
2019-02-20 02:34:22,817 INFO  execution-log - [Sequence No - 16] Beginning ValidateExistStatusCommand ( LogicalFieldName : ContactNumber1, LogicalFieldValue : True )
----------------
2019-02-20 02:34:22,976 INFO  execution-log - [Sequence No - 16]	 Command completed.
----------------
2019-02-20 02:34:24,081 INFO  execution-log - [Sequence No - 17] Beginning TestDataCommand ( LogicalFieldName : ContactNumber1, LogicalFieldValue : 654 )
----------------
2019-02-20 02:34:43,666 INFO  execution-log - [Sequence No - 17]	 Command completed.
----------------
2019-02-20 02:35:21,663 INFO  execution-log - [Sequence No - 18] Beginning TestDataCommand ( LogicalFieldName : ContactNumber2, LogicalFieldValue : 321 )
----------------
2019-02-20 02:35:32,437 INFO  execution-log - [Sequence No - 18]	 Command completed.
----------------
2019-02-20 02:35:32,448 INFO  execution-log - [Sequence No - 19] Beginning TestDataCommand ( LogicalFieldName : ContactNumber3, LogicalFieldValue : 6541 )
----------------
2019-02-20 02:35:42,318 INFO  execution-log - [Sequence No - 19]	 Command completed.
----------------
2019-02-20 02:35:42,328 INFO  execution-log - [Sequence No - 20] Beginning ValidateExistStatusCommand ( LogicalFieldName : Primary Email, LogicalFieldValue : True )
----------------
2019-02-20 02:35:42,350 INFO  execution-log - [Sequence No - 20]	 Command completed.
----------------
2019-02-20 02:35:42,359 INFO  execution-log - [Sequence No - 21] Beginning TestDataCommand ( LogicalFieldName : Primary Email, LogicalFieldValue : jack.smith@gmail.com )
----------------
2019-02-20 02:35:58,305 INFO  execution-log - [Sequence No - 21]	 Command completed.
----------------
2019-02-20 02:35:58,316 INFO  execution-log - [Sequence No - 22] Beginning ValidateExistStatusCommand ( LogicalFieldName : Business Started Year, LogicalFieldValue : True )
----------------
2019-02-20 02:35:58,336 INFO  execution-log - [Sequence No - 22]	 Command completed.
----------------
2019-02-20 02:35:58,344 INFO  execution-log - [Sequence No - 23] Beginning TestDataCommand ( LogicalFieldName : Business Started Year, LogicalFieldValue : 2012 )
----------------
2019-02-20 02:36:02,652 INFO  execution-log - [Sequence No - 23]	 Command completed.
----------------
2019-02-20 02:36:02,663 INFO  execution-log - [Sequence No - 24] Beginning ValidateExistStatusCommand ( LogicalFieldName : Select Product, LogicalFieldValue : True )
----------------
2019-02-20 02:36:02,682 INFO  execution-log - [Sequence No - 24]	 Command completed.
----------------
2019-02-20 02:36:02,690 INFO  execution-log - [Sequence No - 25] Beginning ActionCommand ( LogicalFieldName : Select Product, LogicalFieldValue : Click )
----------------
2019-02-20 02:36:02,945 INFO  execution-log - [Sequence No - 25]	 Command completed.
----------------
2019-02-20 02:36:02,960 INFO  execution-log - [Sequence No - 26] Beginning ActionCommand ( LogicalFieldName : Select Product1, LogicalFieldValue : Click )
----------------
2019-02-20 02:36:03,086 INFO  execution-log - [Sequence No - 26]	 Command completed.
----------------
2019-02-20 02:36:03,097 INFO  execution-log - [Sequence No - 27] Beginning ValidateExistStatusCommand ( LogicalFieldName : Contact Name, LogicalFieldValue : True )
----------------
2019-02-20 02:36:03,116 INFO  execution-log - [Sequence No - 27]	 Command completed.
----------------
2019-02-20 02:36:03,134 INFO  execution-log - [Sequence No - 28] Beginning ActionCommand ( LogicalFieldName : Contact Name, LogicalFieldValue : Click )
----------------
2019-02-20 02:36:03,266 INFO  execution-log - [Sequence No - 28]	 Command completed.
----------------
2019-02-20 02:36:03,277 INFO  execution-log - [Sequence No - 29] Beginning ActionCommand ( LogicalFieldName : Contact Name Initial Select, LogicalFieldValue : Click )
----------------
2019-02-20 02:36:03,955 INFO  execution-log - [Sequence No - 29]	 Command completed.
----------------
2019-02-20 02:36:03,965 INFO  execution-log - [Sequence No - 30] Beginning ValidateExistStatusCommand ( LogicalFieldName : Industry, LogicalFieldValue : True )
----------------
2019-02-20 02:36:03,986 INFO  execution-log - [Sequence No - 30]	 Command completed.
----------------
2019-02-20 02:36:03,995 INFO  execution-log - [Sequence No - 31] Beginning ActionCommand ( LogicalFieldName : Industry, LogicalFieldValue : Click )
----------------
2019-02-20 02:36:04,156 INFO  execution-log - [Sequence No - 31]	 Command completed.
----------------
2019-02-20 02:36:04,167 INFO  execution-log - [Sequence No - 32] Beginning ActionCommand ( LogicalFieldName : Industry1, LogicalFieldValue : Click )
----------------
2019-02-20 02:36:04,301 INFO  execution-log - [Sequence No - 32]	 Command completed.
----------------
2019-02-20 02:36:04,315 INFO  execution-log - [Sequence No - 33] Beginning ValidateExistStatusCommand ( LogicalFieldName : Zip Code, LogicalFieldValue : True )
----------------
2019-02-20 02:36:04,335 INFO  execution-log - [Sequence No - 33]	 Command completed.
----------------
2019-02-20 02:36:04,344 INFO  execution-log - [Sequence No - 34] Beginning TestDataCommand ( LogicalFieldName : Zip Code, LogicalFieldValue : 53704 )
----------------
2019-02-20 02:36:15,821 INFO  execution-log - [Sequence No - 34]	 Command completed.
----------------
2019-02-20 02:36:15,832 INFO  execution-log - [Sequence No - 35] Beginning ActionCommand ( LogicalFieldName : zipcode click, LogicalFieldValue : Click )
----------------
2019-02-20 02:36:16,288 INFO  execution-log - [Sequence No - 35]	 Command completed.
----------------
2019-02-20 02:36:16,299 INFO  execution-log - [Sequence No - 36] Beginning ValidateExistStatusCommand ( LogicalFieldName : Street Address, LogicalFieldValue : True )
----------------
2019-02-20 02:36:16,322 INFO  execution-log - [Sequence No - 36]	 Command completed.
----------------
2019-02-20 02:36:16,332 INFO  execution-log - [Sequence No - 37] Beginning TestDataCommand ( LogicalFieldName : Street Address, LogicalFieldValue : 123 BLUEJAY LN )
----------------
2019-02-20 02:36:26,601 INFO  execution-log - [Sequence No - 37]	 Command completed.
----------------
2019-02-20 02:36:26,613 INFO  execution-log - [Sequence No - 38] Beginning ValidateExistStatusCommand ( LogicalFieldName : Same as Physical Address, LogicalFieldValue : True )
----------------
2019-02-20 02:36:26,634 INFO  execution-log - [Sequence No - 38]	 Command completed.
----------------
2019-02-20 02:36:26,646 INFO  execution-log - [Sequence No - 39] Beginning ActionCommand ( LogicalFieldName : Same as Physical Address, LogicalFieldValue : Click )
----------------
2019-02-20 02:36:26,752 INFO  execution-log - [Sequence No - 39]	 Command completed.
----------------
2019-02-20 02:36:26,763 INFO  execution-log - [Sequence No - 40] Beginning ValidateEnableStatusCommand ( LogicalFieldName : Proceed, LogicalFieldValue : True )
----------------
2019-02-20 02:36:26,791 INFO  execution-log - [Sequence No - 40]	 Command completed.
----------------
2019-02-20 02:36:26,800 INFO  execution-log - [Sequence No - 41] Beginning ActionCommand ( LogicalFieldName : Proceed, LogicalFieldValue : Click )
----------------
2019-02-20 02:36:26,930 INFO  execution-log - [Sequence No - 41]	 Command completed.
----------------
2019-02-20 02:36:26,940 INFO  execution-log - 	 Command completed.
----------------
2019-02-20 02:36:26,945 INFO  execution-log -  Beginning PageCommand ( CurrentPage : Insured Info, FlowIdentifier : 4, DiIndicator : DI )
----------------
2019-02-20 02:36:26,950 INFO  execution-log - 	 Command completed.
----------------
2019-02-20 02:36:26,955 INFO  execution-log -  Beginning LoadTestDataItemCommand ( CurrentPage : Insured Info, FlowIdentifier : 4, DiIndicator : DI )
----------------
2019-02-20 02:36:26,973 INFO  execution-log - [Sequence No - 42] Beginning ValidateEnableStatusCommand ( LogicalFieldName : InsuredName, LogicalFieldValue : True )
----------------
2019-02-20 02:36:30,186 INFO  execution-log - [Sequence No - 42]	 Command completed.
----------------
2019-02-20 02:36:30,196 INFO  execution-log - [Sequence No - 43] Beginning TestDataCommand ( LogicalFieldName : InsuredName, LogicalFieldValue : Smith )
----------------
2019-02-20 02:36:40,487 INFO  execution-log - [Sequence No - 43]	 Command completed.
----------------
2019-02-20 02:36:40,498 INFO  execution-log - [Sequence No - 44] Beginning ValidateEnableStatusCommand ( LogicalFieldName : Primary State Click, LogicalFieldValue : True )
----------------
2019-02-20 02:36:40,525 INFO  execution-log - [Sequence No - 44]	 Command completed.
----------------
2019-02-20 02:36:40,533 INFO  execution-log - [Sequence No - 45] Beginning ActionCommand ( LogicalFieldName : Primary State Click, LogicalFieldValue : Click )
----------------
2019-02-20 02:36:40,672 INFO  execution-log - [Sequence No - 45]	 Command completed.
----------------
2019-02-20 02:36:40,684 INFO  execution-log - [Sequence No - 46] Beginning ActionCommand ( LogicalFieldName : PrimayState Select, LogicalFieldValue : Click )
----------------
2019-02-20 02:36:40,844 INFO  execution-log - [Sequence No - 46]	 Command completed.
----------------
2019-02-20 02:36:40,854 INFO  execution-log - [Sequence No - 47] Beginning ValidateExistStatusCommand ( LogicalFieldName : Street Address, LogicalFieldValue : True )
----------------
2019-02-20 02:36:40,875 INFO  execution-log - [Sequence No - 47]	 Command completed.
----------------
2019-02-20 02:36:40,883 INFO  execution-log - [Sequence No - 48] Beginning TestDataCommand ( LogicalFieldName : Street Address, LogicalFieldValue : 123 new street )
----------------
2019-02-20 02:37:05,102 INFO  execution-log - [Sequence No - 48]	 Command completed.
----------------
2019-02-20 02:37:05,114 INFO  execution-log - [Sequence No - 49] Beginning ValidateExistStatusCommand ( LogicalFieldName : Zip Code, LogicalFieldValue : True )
----------------
2019-02-20 02:37:05,140 INFO  execution-log - [Sequence No - 49]	 Command completed.
----------------
2019-02-20 02:37:05,152 INFO  execution-log - [Sequence No - 50] Beginning TestDataCommand ( LogicalFieldName : Zip Code, LogicalFieldValue : 53704 )
----------------
2019-02-20 02:37:09,714 INFO  execution-log - [Sequence No - 50]	 Command completed.
----------------
2019-02-20 02:37:09,726 INFO  execution-log - [Sequence No - 51] Beginning ValidateExistStatusCommand ( LogicalFieldName : Same as Physical Address, LogicalFieldValue : True )
----------------
2019-02-20 02:37:09,744 INFO  execution-log - [Sequence No - 51]	 Command completed.
----------------
2019-02-20 02:37:09,753 INFO  execution-log - [Sequence No - 52] Beginning ActionCommand ( LogicalFieldName : Same as Physical Address, LogicalFieldValue : Click )
----------------
2019-02-20 02:37:09,882 INFO  execution-log - [Sequence No - 52]	 Command completed.
----------------
2019-02-20 02:37:09,897 INFO  execution-log - [Sequence No - 53] Beginning ValidateExistStatusCommand ( LogicalFieldName : SIC Code, LogicalFieldValue : True )
----------------
2019-02-20 02:37:09,921 INFO  execution-log - [Sequence No - 53]	 Command completed.
----------------
2019-02-20 02:37:09,930 INFO  execution-log - [Sequence No - 54] Beginning TestDataCommand ( LogicalFieldName : SIC Code, LogicalFieldValue : 41510000-School buses )
----------------
2019-02-20 02:37:14,173 INFO  execution-log - [Sequence No - 54]	 Command completed.
----------------
2019-02-20 02:37:14,183 INFO  execution-log - [Sequence No - 55] Beginning ValidateExistStatusCommand ( LogicalFieldName : BusinessInceptionYear, LogicalFieldValue : True )
----------------
2019-02-20 02:37:14,201 INFO  execution-log - [Sequence No - 55]	 Command completed.
----------------
2019-02-20 02:37:14,209 INFO  execution-log - [Sequence No - 56] Beginning TestDataCommand ( LogicalFieldName : BusinessInceptionYear, LogicalFieldValue : 2012 )
----------------
2019-02-20 02:37:18,760 INFO  execution-log - [Sequence No - 56]	 Command completed.
----------------
2019-02-20 02:37:18,770 INFO  execution-log - [Sequence No - 57] Beginning ValidateExistStatusCommand ( LogicalFieldName : BusinessPhone, LogicalFieldValue : True )
----------------
2019-02-20 02:37:18,792 INFO  execution-log - [Sequence No - 57]	 Command completed.
----------------
2019-02-20 02:37:18,802 INFO  execution-log - [Sequence No - 58] Beginning TestDataCommand ( LogicalFieldName : BusinessPhone, LogicalFieldValue : 6549879879 )
----------------
2019-02-20 02:37:23,489 INFO  execution-log - [Sequence No - 58]	 Command completed.
----------------
2019-02-20 02:37:23,499 INFO  execution-log - [Sequence No - 59] Beginning ValidateEnableStatusCommand ( LogicalFieldName : Next, LogicalFieldValue : True )
----------------
2019-02-20 02:37:23,525 INFO  execution-log - [Sequence No - 59]	 Command completed.
----------------
2019-02-20 02:37:23,533 INFO  execution-log - [Sequence No - 60] Beginning ActionCommand ( LogicalFieldName : Next, LogicalFieldValue : Click )
----------------
2019-02-20 02:37:23,653 INFO  execution-log - [Sequence No - 60]	 Command completed.
----------------
2019-02-20 02:37:23,661 INFO  execution-log - 	 Command completed.
----------------
2019-02-20 02:37:23,666 INFO  execution-log -  Beginning PageCommand ( CurrentPage : Policy Info, FlowIdentifier : 5, DiIndicator : DI )
----------------
2019-02-20 02:37:23,672 INFO  execution-log - 	 Command completed.
----------------
2019-02-20 02:37:23,677 INFO  execution-log -  Beginning LoadTestDataItemCommand ( CurrentPage : Policy Info, FlowIdentifier : 5, DiIndicator : DI )
----------------
2019-02-20 02:37:23,694 INFO  execution-log - [Sequence No - 61] Beginning ValidateEnableStatusCommand ( LogicalFieldName : Which State do u operate In?, LogicalFieldValue : True )
----------------
2019-02-20 02:37:24,265 INFO  execution-log - [Sequence No - 61]	 Command completed.
----------------
2019-02-20 02:37:24,315 INFO  execution-log - [Sequence No - 62] Beginning ActionCommand ( LogicalFieldName : Which State do u operate In?, LogicalFieldValue : Click )
----------------
2019-02-20 02:37:24,780 INFO  execution-log - [Sequence No - 62]	 Command completed.
----------------
2019-02-20 02:37:24,792 INFO  execution-log - [Sequence No - 63] Beginning ActionCommand ( LogicalFieldName : Which State do u operate In?1, LogicalFieldValue : Click )
----------------
2019-02-20 02:37:25,505 INFO  execution-log - [Sequence No - 63]	 Command completed.
----------------
2019-02-20 02:37:25,515 INFO  execution-log - [Sequence No - 64] Beginning ActionCommand ( LogicalFieldName : Label Click, LogicalFieldValue : Click )
----------------
2019-02-20 02:37:25,651 INFO  execution-log - [Sequence No - 64]	 Command completed.
----------------
2019-02-20 02:37:25,663 INFO  execution-log - [Sequence No - 65] Beginning ActionCommand ( LogicalFieldName : Collapse, LogicalFieldValue : Click )
----------------
2019-02-20 02:37:25,892 INFO  execution-log - [Sequence No - 65]	 Command completed.
----------------
2019-02-20 02:37:25,903 INFO  execution-log - [Sequence No - 66] Beginning ValidateEnableStatusCommand ( LogicalFieldName : Select Product, LogicalFieldValue : True )
----------------
2019-02-20 02:37:25,942 INFO  execution-log - [Sequence No - 66]	 Command completed.
----------------
2019-02-20 02:37:25,953 INFO  execution-log - [Sequence No - 67] Beginning ActionCommand ( LogicalFieldName : Select Product, LogicalFieldValue : Click-Wait(2000) )
----------------
2019-02-20 02:37:30,122 INFO  execution-log - [Sequence No - 67]	 Command completed.
----------------
2019-02-20 02:37:30,141 INFO  execution-log - [Sequence No - 68] Beginning ActionCommand ( LogicalFieldName : Select Product 1, LogicalFieldValue : Click )
----------------
2019-02-20 02:37:32,559 INFO  execution-log - [Sequence No - 68]	 Command completed.
----------------
2019-02-20 02:37:32,565 INFO  execution-log - 	 Command completed.
----------------
2019-02-20 02:37:32,591 INFO  execution-log - Saving captured values to file.
----------------
2019-02-20 02:37:32,596 INFO  execution-log - TC # : 1, has completed successfully.
----------------
