2019-01-29 02:37:40,955 INFO  execution-log - 	Initializing control map with map # MASTER
----------------
2019-01-29 02:37:40,955 INFO  execution-log - Initializing Test Automation
----------------
2019-01-29 02:37:40,955 INFO  execution-log - 	target browser: Chrome
----------------
2019-01-29 02:37:40,955 INFO  execution-log - TC # : 2, Downloading test case from DB
----------------
2019-01-29 02:37:40,970 INFO  execution-log - TC # : 2, Getting control map :MASTER from DB
----------------
2019-01-29 02:37:40,970 INFO  execution-log - TC # : 2, Getting test data from DB
----------------
2019-01-29 02:37:40,986 INFO  execution-log - TC # : 2, Control map retrieval completed
----------------
2019-01-29 02:37:40,986 INFO  execution-log - TC # : 2, Test data retrieval completed
----------------
2019-01-29 02:37:41,001 INFO  execution-log - TC # : 2, Parsing commands
----------------
2019-01-29 02:37:41,001 INFO  execution-log - Loading captured values from persistence.
----------------
2019-01-29 02:37:41,001 INFO  execution-log - TC # : 2, Started executing test case in the VMTESTAPP1 environment (http://vam-qa.cloudapp.net:6363/pages/login.html)
----------------
2019-01-29 02:37:41,033 INFO  execution-log -  Beginning StartIterationCommand ( Iterations : 1 )
----------------
2019-01-29 02:37:41,033 INFO  execution-log - TC # : 2, Starting iteration #1
----------------
2019-01-29 02:37:41,033 INFO  execution-log - 	 Command completed.
----------------
2019-01-29 02:37:41,033 INFO  execution-log -  Beginning InvokeApplicationCommand ( Target :  )
----------------
2019-01-29 02:37:41,875 INFO  execution-log - 	 Command completed.
----------------
2019-01-29 02:37:41,882 INFO  execution-log -  Beginning PageCommand ( CurrentPage : Login, FlowIdentifier : 1, DiIndicator : DI )
----------------
2019-01-29 02:37:41,887 INFO  execution-log - 	 Command completed.
----------------
2019-01-29 02:37:41,892 INFO  execution-log -  Beginning LoadTestDataItemCommand ( CurrentPage : Login, FlowIdentifier : 1, DiIndicator : DI )
----------------
2019-01-29 02:37:41,911 INFO  execution-log - [Sequence No - 1] Beginning ValidateExistStatusCommand ( LogicalFieldName : User Name, LogicalFieldValue : True )
----------------
2019-01-29 02:37:41,920 INFO  execution-log - [Sequence No - 1]	 Command completed.
----------------
2019-01-29 02:37:41,935 INFO  execution-log - [Sequence No - 2] Beginning ActionCommand ( LogicalFieldName : User Name, LogicalFieldValue : Click )
----------------
2019-01-29 02:37:42,059 INFO  execution-log - [Sequence No - 2]	 Command completed.
----------------
2019-01-29 02:37:42,072 INFO  execution-log - [Sequence No - 3] Beginning TestDataCommand ( LogicalFieldName : User Name, LogicalFieldValue : Jack )
----------------
2019-01-29 02:37:42,157 INFO  execution-log - [Sequence No - 3]	 Command completed.
----------------
2019-01-29 02:37:42,165 INFO  execution-log - [Sequence No - 4] Beginning ValidateExistStatusCommand ( LogicalFieldName : Password, LogicalFieldValue : True )
----------------
2019-01-29 02:37:42,184 INFO  execution-log - [Sequence No - 4]	 Command completed.
----------------
2019-01-29 02:37:42,192 INFO  execution-log - [Sequence No - 5] Beginning TestDataCommand ( LogicalFieldName : Password, LogicalFieldValue : Smit@123 )
----------------
2019-01-29 02:37:42,324 INFO  execution-log - [Sequence No - 5]	 Command completed.
----------------
2019-01-29 02:37:42,334 INFO  execution-log - [Sequence No - 6] Beginning ValidateEnableStatusCommand ( LogicalFieldName : Login_Button, LogicalFieldValue : True )
----------------
2019-01-29 02:37:42,365 INFO  execution-log - [Sequence No - 6]	 Command completed.
----------------
2019-01-29 02:37:42,368 INFO  execution-log - [Sequence No - 7] Beginning ActionCommand ( LogicalFieldName : Login_Button, LogicalFieldValue : Click )
----------------
2019-01-29 02:37:42,470 INFO  execution-log - [Sequence No - 7]	 Command completed.
----------------
2019-01-29 02:37:42,476 INFO  execution-log - 	 Command completed.
----------------
2019-01-29 02:37:42,480 INFO  execution-log -  Beginning StartIterationCommand ( Iterations : 2 )
----------------
2019-01-29 02:37:42,485 INFO  execution-log - TC # : 2, Starting iteration #2
----------------
2019-01-29 02:37:42,489 INFO  execution-log - 	 Command completed.
----------------
2019-01-29 02:37:42,494 INFO  execution-log -  Beginning InvokeApplicationCommand ( Target :  )
----------------
2019-01-29 02:37:42,680 INFO  execution-log - 	 Command completed.
----------------
2019-01-29 02:37:42,687 INFO  execution-log -  Beginning PageCommand ( CurrentPage : Home, FlowIdentifier : 2, DiIndicator : DI )
----------------
2019-01-29 02:37:42,692 INFO  execution-log - 	 Command completed.
----------------
2019-01-29 02:37:42,700 INFO  execution-log -  Beginning LoadTestDataItemCommand ( CurrentPage : Home, FlowIdentifier : 2, DiIndicator : DI )
----------------
2019-01-29 02:37:42,718 INFO  execution-log - [Sequence No - 8] Beginning ValidateExistStatusCommand ( LogicalFieldName : New Quote, LogicalFieldValue : True )
----------------
2019-01-29 02:37:43,208 ERROR execution-log - TC # : 2, New Quote was expected to exist.
----------------
2019-01-29 02:37:43,224 ERROR execution-log - TC # : 2, New Quote was expected to exist.
----------------
2019-01-29 02:37:43,239 ERROR execution-log - TC # : 2, Expectation failed, the test will proceed despite execution failure
----------------
2019-01-29 02:37:43,255 INFO  execution-log - Saving captured values to file.
----------------
2019-01-29 02:37:43,255 ERROR execution-log - TC # : 2,  has failed
----------------
