2019-02-07 01:51:57,574 INFO  execution-log - 	Initializing control map with map # MASTER
----------------
2019-02-07 01:51:57,589 INFO  execution-log - Initializing Test Automation
----------------
2019-02-07 01:51:57,595 INFO  execution-log - 	target browser: Chrome
----------------
2019-02-07 01:51:57,604 INFO  execution-log - TC # : 1, Downloading test case from DB
----------------
2019-02-07 01:51:57,624 INFO  execution-log - TC # : 1, Getting test data from DB
----------------
2019-02-07 01:51:57,624 INFO  execution-log - TC # : 1, Getting control map :MASTER from DB
----------------
2019-02-07 01:51:57,649 INFO  execution-log - TC # : 1, Control map retrieval completed
----------------
2019-02-07 01:51:57,654 INFO  execution-log - TC # : 1, Test data retrieval completed
----------------
2019-02-07 01:51:57,661 INFO  execution-log - TC # : 1, Parsing commands
----------------
2019-02-07 01:51:57,667 INFO  execution-log - Loading captured values from persistence.
----------------
2019-02-07 01:51:57,674 INFO  execution-log - TC # : 1, Started executing test case in the VMTESTAPP1 environment (http://vam-qa.cloudapp.net:6363/pages/login.html)
----------------
2019-02-07 01:51:57,754 INFO  execution-log -  Beginning StartIterationCommand ( Iterations : 1 )
----------------
2019-02-07 01:51:57,763 INFO  execution-log - TC # : 1, Starting iteration #1
----------------
2019-02-07 01:51:57,768 INFO  execution-log - 	 Command completed.
----------------
2019-02-07 01:51:57,774 INFO  execution-log -  Beginning InvokeApplicationCommand ( Target :  )
----------------
2019-02-07 01:51:58,718 INFO  execution-log - 	 Command completed.
----------------
2019-02-07 01:51:58,725 INFO  execution-log -  Beginning PageCommand ( CurrentPage : Login, FlowIdentifier : 1, DiIndicator : DI )
----------------
2019-02-07 01:51:58,740 INFO  execution-log - 	 Command completed.
----------------
2019-02-07 01:51:58,746 INFO  execution-log -  Beginning LoadTestDataItemCommand ( CurrentPage : Login, FlowIdentifier : 1, DiIndicator : DI )
----------------
2019-02-07 01:51:58,774 INFO  execution-log - [Sequence No - 1] Beginning ValidateExistStatusCommand ( LogicalFieldName : User Name, LogicalFieldValue : True )
----------------
2019-02-07 01:51:58,812 INFO  execution-log - [Sequence No - 1]	 Command completed.
----------------
2019-02-07 01:51:58,824 INFO  execution-log - [Sequence No - 2] Beginning ActionCommand ( LogicalFieldName : User Name, LogicalFieldValue : Click )
----------------
2019-02-07 01:51:58,987 INFO  execution-log - [Sequence No - 2]	 Command completed.
----------------
2019-02-07 01:51:59,000 INFO  execution-log - [Sequence No - 3] Beginning TestDataCommand ( LogicalFieldName : User Name, LogicalFieldValue : Jack )
----------------
2019-02-07 01:51:59,122 INFO  execution-log - [Sequence No - 3]	 Command completed.
----------------
2019-02-07 01:51:59,132 INFO  execution-log - [Sequence No - 4] Beginning ValidateExistStatusCommand ( LogicalFieldName : Password, LogicalFieldValue : True )
----------------
2019-02-07 01:51:59,163 INFO  execution-log - [Sequence No - 4]	 Command completed.
----------------
2019-02-07 01:51:59,173 INFO  execution-log - [Sequence No - 5] Beginning TestDataCommand ( LogicalFieldName : Password, LogicalFieldValue : Smit@123 )
----------------
2019-02-07 01:51:59,439 INFO  execution-log - [Sequence No - 5]	 Command completed.
----------------
2019-02-07 01:51:59,449 INFO  execution-log - [Sequence No - 6] Beginning ValidateEnableStatusCommand ( LogicalFieldName : Login_Button, LogicalFieldValue : True )
----------------
2019-02-07 01:51:59,485 INFO  execution-log - [Sequence No - 6]	 Command completed.
----------------
2019-02-07 01:51:59,504 INFO  execution-log - [Sequence No - 7] Beginning ActionCommand ( LogicalFieldName : Login_Button, LogicalFieldValue : Click )
----------------
2019-02-07 01:51:59,633 INFO  execution-log - [Sequence No - 7]	 Command completed.
----------------
2019-02-07 01:51:59,640 INFO  execution-log - 	 Command completed.
----------------
2019-02-07 01:51:59,647 INFO  execution-log -  Beginning PageCommand ( CurrentPage : Home, FlowIdentifier : 2, DiIndicator : DI )
----------------
2019-02-07 01:51:59,652 INFO  execution-log - 	 Command completed.
----------------
2019-02-07 01:51:59,658 INFO  execution-log -  Beginning LoadTestDataItemCommand ( CurrentPage : Home, FlowIdentifier : 2, DiIndicator : DI )
----------------
2019-02-07 01:51:59,673 INFO  execution-log - [Sequence No - 8] Beginning ValidateEnableStatusCommand ( LogicalFieldName : New Quote, LogicalFieldValue : True )
----------------
2019-02-07 01:52:01,058 INFO  execution-log - [Sequence No - 8]	 Command completed.
----------------
2019-02-07 01:52:01,071 INFO  execution-log - [Sequence No - 9] Beginning ActionCommand ( LogicalFieldName : New Quote, LogicalFieldValue : Click )
----------------
2019-02-07 01:52:01,882 INFO  execution-log - [Sequence No - 9]	 Command completed.
----------------
2019-02-07 01:52:01,892 INFO  execution-log - 	 Command completed.
----------------
2019-02-07 01:52:01,897 INFO  execution-log -  Beginning PageCommand ( CurrentPage : New Quote, FlowIdentifier : 3, DiIndicator : DI )
----------------
2019-02-07 01:52:01,908 INFO  execution-log - 	 Command completed.
----------------
2019-02-07 01:52:01,920 INFO  execution-log -  Beginning LoadTestDataItemCommand ( CurrentPage : New Quote, FlowIdentifier : 3, DiIndicator : DI )
----------------
2019-02-07 01:52:01,963 INFO  execution-log - [Sequence No - 10] Beginning ValidateExistStatusCommand ( LogicalFieldName : Account Name, LogicalFieldValue : True )
----------------
2019-02-07 01:52:01,994 INFO  execution-log - [Sequence No - 10]	 Command completed.
----------------
2019-02-07 01:52:02,015 INFO  execution-log - [Sequence No - 11] Beginning TestDataCommand ( LogicalFieldName : Account Name, LogicalFieldValue : RANDOMIZE(7,2) )
----------------
2019-02-07 01:52:02,360 INFO  execution-log - [Sequence No - 11]	 Command completed.
----------------
2019-02-07 01:52:02,382 INFO  execution-log - [Sequence No - 12] Beginning ValidateExistStatusCommand ( LogicalFieldName : First Name, LogicalFieldValue : True )
----------------
2019-02-07 01:52:02,412 INFO  execution-log - [Sequence No - 12]	 Command completed.
----------------
2019-02-07 01:52:02,424 INFO  execution-log - [Sequence No - 13] Beginning TestDataCommand ( LogicalFieldName : First Name, LogicalFieldValue : Jack )
----------------
2019-02-07 01:52:02,711 INFO  execution-log - [Sequence No - 13]	 Command completed.
----------------
2019-02-07 01:52:02,725 INFO  execution-log - [Sequence No - 14] Beginning ValidateEnableStatusCommand ( LogicalFieldName : Last Name, LogicalFieldValue : True )
----------------
2019-02-07 01:52:02,766 INFO  execution-log - [Sequence No - 14]	 Command completed.
----------------
2019-02-07 01:52:02,778 INFO  execution-log - [Sequence No - 15] Beginning TestDataCommand ( LogicalFieldName : Last Name, LogicalFieldValue : Smith )
----------------
2019-02-07 01:52:03,004 INFO  execution-log - [Sequence No - 15]	 Command completed.
----------------
2019-02-07 01:52:03,015 INFO  execution-log - [Sequence No - 16] Beginning ValidateExistStatusCommand ( LogicalFieldName : ContactNumber1, LogicalFieldValue : True )
----------------
2019-02-07 01:52:03,052 INFO  execution-log - [Sequence No - 16]	 Command completed.
----------------
2019-02-07 01:52:03,065 INFO  execution-log - [Sequence No - 17] Beginning TestDataCommand ( LogicalFieldName : ContactNumber1, LogicalFieldValue : 654 )
----------------
2019-02-07 01:52:03,287 INFO  execution-log - [Sequence No - 17]	 Command completed.
----------------
2019-02-07 01:52:03,335 INFO  execution-log - [Sequence No - 18] Beginning TestDataCommand ( LogicalFieldName : ContactNumber2, LogicalFieldValue : 321 )
----------------
2019-02-07 01:52:03,594 INFO  execution-log - [Sequence No - 18]	 Command completed.
----------------
2019-02-07 01:52:03,605 INFO  execution-log - [Sequence No - 19] Beginning TestDataCommand ( LogicalFieldName : ContactNumber3, LogicalFieldValue : 6541 )
----------------
2019-02-07 01:52:03,763 INFO  execution-log - [Sequence No - 19]	 Command completed.
----------------
2019-02-07 01:52:03,777 INFO  execution-log - [Sequence No - 20] Beginning ValidateExistStatusCommand ( LogicalFieldName : Primary Email, LogicalFieldValue : True )
----------------
2019-02-07 01:52:03,803 INFO  execution-log - [Sequence No - 20]	 Command completed.
----------------
2019-02-07 01:52:03,823 INFO  execution-log - [Sequence No - 21] Beginning TestDataCommand ( LogicalFieldName : Primary Email, LogicalFieldValue : jack.smith@gmail.com )
----------------
2019-02-07 01:52:04,163 INFO  execution-log - [Sequence No - 21]	 Command completed.
----------------
2019-02-07 01:52:04,174 INFO  execution-log - [Sequence No - 22] Beginning ValidateExistStatusCommand ( LogicalFieldName : Business Started Year, LogicalFieldValue : True )
----------------
2019-02-07 01:52:04,206 INFO  execution-log - [Sequence No - 22]	 Command completed.
----------------
2019-02-07 01:52:04,218 INFO  execution-log - [Sequence No - 23] Beginning TestDataCommand ( LogicalFieldName : Business Started Year, LogicalFieldValue : 2012 )
----------------
2019-02-07 01:52:04,419 INFO  execution-log - [Sequence No - 23]	 Command completed.
----------------
2019-02-07 01:52:04,430 INFO  execution-log - [Sequence No - 24] Beginning ValidateExistStatusCommand ( LogicalFieldName : Select Product, LogicalFieldValue : True )
----------------
2019-02-07 01:52:04,462 INFO  execution-log - [Sequence No - 24]	 Command completed.
----------------
2019-02-07 01:52:04,473 INFO  execution-log - [Sequence No - 25] Beginning ActionCommand ( LogicalFieldName : Select Product, LogicalFieldValue : Click )
----------------
2019-02-07 01:52:04,688 INFO  execution-log - [Sequence No - 25]	 Command completed.
----------------
2019-02-07 01:52:04,699 INFO  execution-log - [Sequence No - 26] Beginning ActionCommand ( LogicalFieldName : Select Product1, LogicalFieldValue : Click )
----------------
2019-02-07 01:52:04,889 INFO  execution-log - [Sequence No - 26]	 Command completed.
----------------
2019-02-07 01:52:04,903 INFO  execution-log - [Sequence No - 27] Beginning ValidateExistStatusCommand ( LogicalFieldName : Contact Name, LogicalFieldValue : True )
----------------
2019-02-07 01:52:04,934 INFO  execution-log - [Sequence No - 27]	 Command completed.
----------------
2019-02-07 01:52:04,946 INFO  execution-log - [Sequence No - 28] Beginning ActionCommand ( LogicalFieldName : Contact Name, LogicalFieldValue : Click )
----------------
2019-02-07 01:52:05,127 INFO  execution-log - [Sequence No - 28]	 Command completed.
----------------
2019-02-07 01:52:05,137 INFO  execution-log - [Sequence No - 29] Beginning ActionCommand ( LogicalFieldName : Contact Name Initial Select, LogicalFieldValue : Click )
----------------
2019-02-07 01:52:05,314 INFO  execution-log - [Sequence No - 29]	 Command completed.
----------------
2019-02-07 01:52:05,326 INFO  execution-log - [Sequence No - 30] Beginning ValidateExistStatusCommand ( LogicalFieldName : Industry, LogicalFieldValue : True )
----------------
2019-02-07 01:52:05,351 INFO  execution-log - [Sequence No - 30]	 Command completed.
----------------
2019-02-07 01:52:05,364 INFO  execution-log - [Sequence No - 31] Beginning ActionCommand ( LogicalFieldName : Industry, LogicalFieldValue : Click )
----------------
2019-02-07 01:52:05,575 INFO  execution-log - [Sequence No - 31]	 Command completed.
----------------
2019-02-07 01:52:05,588 INFO  execution-log - [Sequence No - 32] Beginning ActionCommand ( LogicalFieldName : Industry1, LogicalFieldValue : Click )
----------------
2019-02-07 01:52:05,772 INFO  execution-log - [Sequence No - 32]	 Command completed.
----------------
2019-02-07 01:52:05,783 INFO  execution-log - [Sequence No - 33] Beginning ValidateExistStatusCommand ( LogicalFieldName : Zip Code, LogicalFieldValue : True )
----------------
2019-02-07 01:52:05,872 INFO  execution-log - [Sequence No - 33]	 Command completed.
----------------
2019-02-07 01:52:05,882 INFO  execution-log - [Sequence No - 34] Beginning TestDataCommand ( LogicalFieldName : Zip Code, LogicalFieldValue : 53704 )
----------------
2019-02-07 01:52:06,076 INFO  execution-log - [Sequence No - 34]	 Command completed.
----------------
2019-02-07 01:52:06,087 INFO  execution-log - [Sequence No - 35] Beginning ActionCommand ( LogicalFieldName : zipcode click, LogicalFieldValue : Click )
----------------
2019-02-07 01:52:06,451 INFO  execution-log - [Sequence No - 35]	 Command completed.
----------------
2019-02-07 01:52:06,465 INFO  execution-log - [Sequence No - 36] Beginning ValidateExistStatusCommand ( LogicalFieldName : Street Address, LogicalFieldValue : True )
----------------
2019-02-07 01:52:06,502 INFO  execution-log - [Sequence No - 36]	 Command completed.
----------------
2019-02-07 01:52:06,517 INFO  execution-log - [Sequence No - 37] Beginning TestDataCommand ( LogicalFieldName : Street Address, LogicalFieldValue : 123 BLUEJAY LN )
----------------
2019-02-07 01:52:06,785 INFO  execution-log - [Sequence No - 37]	 Command completed.
----------------
2019-02-07 01:52:06,799 INFO  execution-log - [Sequence No - 38] Beginning ValidateExistStatusCommand ( LogicalFieldName : Same as Physical Address, LogicalFieldValue : True )
----------------
2019-02-07 01:52:06,827 INFO  execution-log - [Sequence No - 38]	 Command completed.
----------------
2019-02-07 01:52:06,837 INFO  execution-log - [Sequence No - 39] Beginning ActionCommand ( LogicalFieldName : Same as Physical Address, LogicalFieldValue : Click )
----------------
2019-02-07 01:52:06,981 INFO  execution-log - [Sequence No - 39]	 Command completed.
----------------
2019-02-07 01:52:06,992 INFO  execution-log - [Sequence No - 40] Beginning ValidateEnableStatusCommand ( LogicalFieldName : Proceed, LogicalFieldValue : True )
----------------
2019-02-07 01:52:07,026 INFO  execution-log - [Sequence No - 40]	 Command completed.
----------------
2019-02-07 01:52:07,036 INFO  execution-log - [Sequence No - 41] Beginning ActionCommand ( LogicalFieldName : Proceed, LogicalFieldValue : Click )
----------------
2019-02-07 01:52:07,185 INFO  execution-log - [Sequence No - 41]	 Command completed.
----------------
2019-02-07 01:52:07,197 INFO  execution-log - 	 Command completed.
----------------
2019-02-07 01:52:07,203 INFO  execution-log -  Beginning PageCommand ( CurrentPage : Insured Info, FlowIdentifier : 4, DiIndicator : DI )
----------------
2019-02-07 01:52:07,210 INFO  execution-log - 	 Command completed.
----------------
2019-02-07 01:52:07,216 INFO  execution-log -  Beginning LoadTestDataItemCommand ( CurrentPage : Insured Info, FlowIdentifier : 4, DiIndicator : DI )
----------------
2019-02-07 01:52:07,234 INFO  execution-log - [Sequence No - 42] Beginning ValidateEnableStatusCommand ( LogicalFieldName : InsuredName, LogicalFieldValue : True )
----------------
2019-02-07 01:52:09,162 INFO  execution-log - [Sequence No - 42]	 Command completed.
----------------
2019-02-07 01:52:09,172 INFO  execution-log - [Sequence No - 43] Beginning TestDataCommand ( LogicalFieldName : InsuredName, LogicalFieldValue : Smith )
----------------
2019-02-07 01:52:09,452 INFO  execution-log - [Sequence No - 43]	 Command completed.
----------------
2019-02-07 01:52:09,463 INFO  execution-log - [Sequence No - 44] Beginning ValidateEnableStatusCommand ( LogicalFieldName : Primary State Click, LogicalFieldValue : True )
----------------
2019-02-07 01:52:09,496 INFO  execution-log - [Sequence No - 44]	 Command completed.
----------------
2019-02-07 01:52:09,507 INFO  execution-log - [Sequence No - 45] Beginning ActionCommand ( LogicalFieldName : Primary State Click, LogicalFieldValue : Click )
----------------
2019-02-07 01:52:09,666 INFO  execution-log - [Sequence No - 45]	 Command completed.
----------------
2019-02-07 01:52:09,677 INFO  execution-log - [Sequence No - 46] Beginning ActionCommand ( LogicalFieldName : PrimayState Select, LogicalFieldValue : Click )
----------------
2019-02-07 01:52:09,878 INFO  execution-log - [Sequence No - 46]	 Command completed.
----------------
2019-02-07 01:52:09,896 INFO  execution-log - [Sequence No - 47] Beginning ValidateExistStatusCommand ( LogicalFieldName : Street Address, LogicalFieldValue : True )
----------------
2019-02-07 01:52:09,940 INFO  execution-log - [Sequence No - 47]	 Command completed.
----------------
2019-02-07 01:52:09,951 INFO  execution-log - [Sequence No - 48] Beginning TestDataCommand ( LogicalFieldName : Street Address, LogicalFieldValue : 123 new street )
----------------
2019-02-07 01:52:10,299 INFO  execution-log - [Sequence No - 48]	 Command completed.
----------------
2019-02-07 01:52:10,315 INFO  execution-log - [Sequence No - 49] Beginning ValidateExistStatusCommand ( LogicalFieldName : Zip Code, LogicalFieldValue : True )
----------------
2019-02-07 01:52:10,341 INFO  execution-log - [Sequence No - 49]	 Command completed.
----------------
2019-02-07 01:52:10,351 INFO  execution-log - [Sequence No - 50] Beginning TestDataCommand ( LogicalFieldName : Zip Code, LogicalFieldValue : 53704 )
----------------
2019-02-07 01:52:10,486 INFO  execution-log - [Sequence No - 50]	 Command completed.
----------------
2019-02-07 01:52:10,502 INFO  execution-log - [Sequence No - 51] Beginning ValidateExistStatusCommand ( LogicalFieldName : Same as Physical Address, LogicalFieldValue : True )
----------------
2019-02-07 01:52:10,529 INFO  execution-log - [Sequence No - 51]	 Command completed.
----------------
2019-02-07 01:52:10,539 INFO  execution-log - [Sequence No - 52] Beginning ActionCommand ( LogicalFieldName : Same as Physical Address, LogicalFieldValue : Click )
----------------
2019-02-07 01:52:10,690 INFO  execution-log - [Sequence No - 52]	 Command completed.
----------------
2019-02-07 01:52:10,706 INFO  execution-log - [Sequence No - 53] Beginning ValidateExistStatusCommand ( LogicalFieldName : SIC Code, LogicalFieldValue : True )
----------------
2019-02-07 01:52:10,733 INFO  execution-log - [Sequence No - 53]	 Command completed.
----------------
2019-02-07 01:52:10,751 INFO  execution-log - [Sequence No - 54] Beginning TestDataCommand ( LogicalFieldName : SIC Code, LogicalFieldValue : 41510000-School buses )
----------------
2019-02-07 01:52:11,068 INFO  execution-log - [Sequence No - 54]	 Command completed.
----------------
2019-02-07 01:52:11,079 INFO  execution-log - [Sequence No - 55] Beginning ValidateExistStatusCommand ( LogicalFieldName : BusinessInceptionYear, LogicalFieldValue : True )
----------------
2019-02-07 01:52:11,102 INFO  execution-log - [Sequence No - 55]	 Command completed.
----------------
2019-02-07 01:52:11,113 INFO  execution-log - [Sequence No - 56] Beginning TestDataCommand ( LogicalFieldName : BusinessInceptionYear, LogicalFieldValue : 2012 )
----------------
2019-02-07 01:52:11,265 INFO  execution-log - [Sequence No - 56]	 Command completed.
----------------
2019-02-07 01:52:11,282 INFO  execution-log - [Sequence No - 57] Beginning ValidateExistStatusCommand ( LogicalFieldName : BusinessPhone, LogicalFieldValue : True )
----------------
2019-02-07 01:52:11,307 INFO  execution-log - [Sequence No - 57]	 Command completed.
----------------
2019-02-07 01:52:11,318 INFO  execution-log - [Sequence No - 58] Beginning TestDataCommand ( LogicalFieldName : BusinessPhone, LogicalFieldValue : 6549879879 )
----------------
2019-02-07 01:52:12,583 INFO  execution-log - [Sequence No - 58]	 Command completed.
----------------
2019-02-07 01:52:12,596 INFO  execution-log - [Sequence No - 59] Beginning ValidateEnableStatusCommand ( LogicalFieldName : Next, LogicalFieldValue : True )
----------------
2019-02-07 01:52:12,628 INFO  execution-log - [Sequence No - 59]	 Command completed.
----------------
2019-02-07 01:52:12,637 INFO  execution-log - [Sequence No - 60] Beginning ActionCommand ( LogicalFieldName : Next, LogicalFieldValue : Click )
----------------
2019-02-07 01:52:12,773 INFO  execution-log - [Sequence No - 60]	 Command completed.
----------------
2019-02-07 01:52:12,780 INFO  execution-log - 	 Command completed.
----------------
2019-02-07 01:52:12,786 INFO  execution-log -  Beginning PageCommand ( CurrentPage : Policy Info, FlowIdentifier : 5, DiIndicator : DI )
----------------
2019-02-07 01:52:12,794 INFO  execution-log - 	 Command completed.
----------------
2019-02-07 01:52:12,805 INFO  execution-log -  Beginning LoadTestDataItemCommand ( CurrentPage : Policy Info, FlowIdentifier : 5, DiIndicator : DI )
----------------
2019-02-07 01:52:12,821 INFO  execution-log - [Sequence No - 61] Beginning ValidateEnableStatusCommand ( LogicalFieldName : Which State do u operate In?, LogicalFieldValue : True )
----------------
2019-02-07 01:52:13,244 INFO  execution-log - [Sequence No - 61]	 Command completed.
----------------
2019-02-07 01:52:13,257 INFO  execution-log - [Sequence No - 62] Beginning ActionCommand ( LogicalFieldName : Which State do u operate In?, LogicalFieldValue : Click )
----------------
2019-02-07 01:52:13,925 INFO  execution-log - [Sequence No - 62]	 Command completed.
----------------
2019-02-07 01:52:13,937 INFO  execution-log - [Sequence No - 63] Beginning ActionCommand ( LogicalFieldName : Which State do u operate In?1, LogicalFieldValue : Click )
----------------
2019-02-07 01:52:14,567 INFO  execution-log - [Sequence No - 63]	 Command completed.
----------------
2019-02-07 01:52:14,578 INFO  execution-log - [Sequence No - 64] Beginning ActionCommand ( LogicalFieldName : Label Click, LogicalFieldValue : Click )
----------------
2019-02-07 01:52:14,747 INFO  execution-log - [Sequence No - 64]	 Command completed.
----------------
2019-02-07 01:52:14,761 INFO  execution-log - [Sequence No - 65] Beginning ActionCommand ( LogicalFieldName : Collapse, LogicalFieldValue : Click )
----------------
2019-02-07 01:52:14,995 INFO  execution-log - [Sequence No - 65]	 Command completed.
----------------
2019-02-07 01:52:15,006 INFO  execution-log - [Sequence No - 66] Beginning ValidateEnableStatusCommand ( LogicalFieldName : Select Product, LogicalFieldValue : True )
----------------
2019-02-07 01:52:15,047 INFO  execution-log - [Sequence No - 66]	 Command completed.
----------------
2019-02-07 01:52:15,058 INFO  execution-log - [Sequence No - 67] Beginning ActionCommand ( LogicalFieldName : Select Product, LogicalFieldValue : Click-Wait(2000) )
----------------
2019-02-07 01:52:19,248 INFO  execution-log - [Sequence No - 67]	 Command completed.
----------------
2019-02-07 01:52:19,258 INFO  execution-log - [Sequence No - 68] Beginning ActionCommand ( LogicalFieldName : Select Product 1, LogicalFieldValue : Click )
----------------
2019-02-07 01:52:21,648 INFO  execution-log - [Sequence No - 68]	 Command completed.
----------------
2019-02-07 01:52:21,656 INFO  execution-log - 	 Command completed.
----------------
2019-02-07 01:52:21,697 INFO  execution-log - Saving captured values to file.
----------------
2019-02-07 01:52:21,709 INFO  execution-log - TC # : 1, has completed successfully.
----------------
