2019-02-07 02:09:48,438 INFO  execution-log - 	Initializing control map with map # MASTER
----------------
2019-02-07 02:09:48,453 INFO  execution-log - Initializing Test Automation
----------------
2019-02-07 02:09:48,460 INFO  execution-log - 	target browser: Chrome
----------------
2019-02-07 02:09:48,472 INFO  execution-log - TC # : 1, Downloading test case from DB
----------------
2019-02-07 02:09:48,490 INFO  execution-log - TC # : 1, Getting test data from DB
----------------
2019-02-07 02:09:48,490 INFO  execution-log - TC # : 1, Getting control map :MASTER from DB
----------------
2019-02-07 02:09:48,519 INFO  execution-log - TC # : 1, Control map retrieval completed
----------------
2019-02-07 02:09:48,531 INFO  execution-log - TC # : 1, Test data retrieval completed
----------------
2019-02-07 02:09:48,537 INFO  execution-log - TC # : 1, Parsing commands
----------------
2019-02-07 02:09:48,543 INFO  execution-log - Loading captured values from persistence.
----------------
2019-02-07 02:09:48,550 INFO  execution-log - TC # : 1, Started executing test case in the VMTESTAPP1 environment (http://vam-qa.cloudapp.net:6363/pages/login.html)
----------------
2019-02-07 02:09:48,625 INFO  execution-log -  Beginning StartIterationCommand ( Iterations : 1 )
----------------
2019-02-07 02:09:48,633 INFO  execution-log - TC # : 1, Starting iteration #1
----------------
2019-02-07 02:09:48,637 INFO  execution-log - 	 Command completed.
----------------
2019-02-07 02:09:48,644 INFO  execution-log -  Beginning InvokeApplicationCommand ( Target :  )
----------------
2019-02-07 02:09:49,574 INFO  execution-log - 	 Command completed.
----------------
2019-02-07 02:09:49,583 INFO  execution-log -  Beginning PageCommand ( CurrentPage : Login, FlowIdentifier : 1, DiIndicator : DI )
----------------
2019-02-07 02:09:49,595 INFO  execution-log - 	 Command completed.
----------------
2019-02-07 02:09:49,603 INFO  execution-log -  Beginning LoadTestDataItemCommand ( CurrentPage : Login, FlowIdentifier : 1, DiIndicator : DI )
----------------
2019-02-07 02:09:49,636 INFO  execution-log - [Sequence No - 1] Beginning ValidateExistStatusCommand ( LogicalFieldName : User Name, LogicalFieldValue : True )
----------------
2019-02-07 02:09:49,672 INFO  execution-log - [Sequence No - 1]	 Command completed.
----------------
2019-02-07 02:09:49,684 INFO  execution-log - [Sequence No - 2] Beginning ActionCommand ( LogicalFieldName : User Name, LogicalFieldValue : Click )
----------------
2019-02-07 02:09:49,835 INFO  execution-log - [Sequence No - 2]	 Command completed.
----------------
2019-02-07 02:09:49,850 INFO  execution-log - [Sequence No - 3] Beginning TestDataCommand ( LogicalFieldName : User Name, LogicalFieldValue : Jack )
----------------
2019-02-07 02:09:49,949 INFO  execution-log - [Sequence No - 3]	 Command completed.
----------------
2019-02-07 02:09:49,974 INFO  execution-log - [Sequence No - 4] Beginning ValidateExistStatusCommand ( LogicalFieldName : Password, LogicalFieldValue : True )
----------------
2019-02-07 02:09:50,001 INFO  execution-log - [Sequence No - 4]	 Command completed.
----------------
2019-02-07 02:09:50,011 INFO  execution-log - [Sequence No - 5] Beginning TestDataCommand ( LogicalFieldName : Password, LogicalFieldValue : Smit@123 )
----------------
2019-02-07 02:09:50,272 INFO  execution-log - [Sequence No - 5]	 Command completed.
----------------
2019-02-07 02:09:50,283 INFO  execution-log - [Sequence No - 6] Beginning ValidateEnableStatusCommand ( LogicalFieldName : Login_Button, LogicalFieldValue : True )
----------------
2019-02-07 02:09:50,341 INFO  execution-log - [Sequence No - 6]	 Command completed.
----------------
2019-02-07 02:09:50,354 INFO  execution-log - [Sequence No - 7] Beginning ActionCommand ( LogicalFieldName : Login_Button, LogicalFieldValue : Click )
----------------
2019-02-07 02:09:50,842 INFO  execution-log - [Sequence No - 7]	 Command completed.
----------------
2019-02-07 02:09:50,849 INFO  execution-log - 	 Command completed.
----------------
2019-02-07 02:09:50,856 INFO  execution-log -  Beginning PageCommand ( CurrentPage : Home, FlowIdentifier : 2, DiIndicator : DI )
----------------
2019-02-07 02:09:50,883 INFO  execution-log - 	 Command completed.
----------------
2019-02-07 02:09:50,888 INFO  execution-log -  Beginning LoadTestDataItemCommand ( CurrentPage : Home, FlowIdentifier : 2, DiIndicator : DI )
----------------
2019-02-07 02:09:50,906 INFO  execution-log - [Sequence No - 8] Beginning ValidateEnableStatusCommand ( LogicalFieldName : New Quote, LogicalFieldValue : True )
----------------
2019-02-07 02:09:52,159 INFO  execution-log - [Sequence No - 8]	 Command completed.
----------------
2019-02-07 02:09:52,178 INFO  execution-log - [Sequence No - 9] Beginning ActionCommand ( LogicalFieldName : New Quote, LogicalFieldValue : Click )
----------------
2019-02-07 02:09:52,807 INFO  execution-log - [Sequence No - 9]	 Command completed.
----------------
2019-02-07 02:09:52,816 INFO  execution-log - 	 Command completed.
----------------
2019-02-07 02:09:52,835 INFO  execution-log -  Beginning PageCommand ( CurrentPage : New Quote, FlowIdentifier : 3, DiIndicator : DI )
----------------
2019-02-07 02:09:52,841 INFO  execution-log - 	 Command completed.
----------------
2019-02-07 02:09:52,851 INFO  execution-log -  Beginning LoadTestDataItemCommand ( CurrentPage : New Quote, FlowIdentifier : 3, DiIndicator : DI )
----------------
2019-02-07 02:09:52,866 INFO  execution-log - [Sequence No - 10] Beginning ValidateExistStatusCommand ( LogicalFieldName : Account Name, LogicalFieldValue : True )
----------------
2019-02-07 02:09:52,901 INFO  execution-log - [Sequence No - 10]	 Command completed.
----------------
2019-02-07 02:09:52,919 INFO  execution-log - [Sequence No - 11] Beginning TestDataCommand ( LogicalFieldName : Account Name, LogicalFieldValue : RANDOMIZE(7,2) )
----------------
2019-02-07 02:09:53,144 INFO  execution-log - [Sequence No - 11]	 Command completed.
----------------
2019-02-07 02:09:53,155 INFO  execution-log - [Sequence No - 12] Beginning ValidateExistStatusCommand ( LogicalFieldName : First Name, LogicalFieldValue : True )
----------------
2019-02-07 02:09:53,187 INFO  execution-log - [Sequence No - 12]	 Command completed.
----------------
2019-02-07 02:09:53,197 INFO  execution-log - [Sequence No - 13] Beginning TestDataCommand ( LogicalFieldName : First Name, LogicalFieldValue : Jack )
----------------
2019-02-07 02:09:53,438 INFO  execution-log - [Sequence No - 13]	 Command completed.
----------------
2019-02-07 02:09:53,448 INFO  execution-log - [Sequence No - 14] Beginning ValidateEnableStatusCommand ( LogicalFieldName : Last Name, LogicalFieldValue : True )
----------------
2019-02-07 02:09:53,493 INFO  execution-log - [Sequence No - 14]	 Command completed.
----------------
2019-02-07 02:09:53,503 INFO  execution-log - [Sequence No - 15] Beginning TestDataCommand ( LogicalFieldName : Last Name, LogicalFieldValue : Smith )
----------------
2019-02-07 02:09:53,755 INFO  execution-log - [Sequence No - 15]	 Command completed.
----------------
2019-02-07 02:09:53,767 INFO  execution-log - [Sequence No - 16] Beginning ValidateExistStatusCommand ( LogicalFieldName : ContactNumber1, LogicalFieldValue : True )
----------------
2019-02-07 02:09:53,792 INFO  execution-log - [Sequence No - 16]	 Command completed.
----------------
2019-02-07 02:09:53,817 INFO  execution-log - [Sequence No - 17] Beginning TestDataCommand ( LogicalFieldName : ContactNumber1, LogicalFieldValue : 654 )
----------------
2019-02-07 02:09:54,013 INFO  execution-log - [Sequence No - 17]	 Command completed.
----------------
2019-02-07 02:09:54,026 INFO  execution-log - [Sequence No - 18] Beginning TestDataCommand ( LogicalFieldName : ContactNumber2, LogicalFieldValue : 321 )
----------------
2019-02-07 02:09:54,229 INFO  execution-log - [Sequence No - 18]	 Command completed.
----------------
2019-02-07 02:09:54,238 INFO  execution-log - [Sequence No - 19] Beginning TestDataCommand ( LogicalFieldName : ContactNumber3, LogicalFieldValue : 6541 )
----------------
2019-02-07 02:09:54,953 INFO  execution-log - [Sequence No - 19]	 Command completed.
----------------
2019-02-07 02:09:54,963 INFO  execution-log - [Sequence No - 20] Beginning ValidateExistStatusCommand ( LogicalFieldName : Primary Email, LogicalFieldValue : True )
----------------
2019-02-07 02:09:55,010 INFO  execution-log - [Sequence No - 20]	 Command completed.
----------------
2019-02-07 02:09:55,025 INFO  execution-log - [Sequence No - 21] Beginning TestDataCommand ( LogicalFieldName : Primary Email, LogicalFieldValue : jack.smith@gmail.com )
----------------
2019-02-07 02:09:56,083 INFO  execution-log - [Sequence No - 21]	 Command completed.
----------------
2019-02-07 02:09:56,096 INFO  execution-log - [Sequence No - 22] Beginning ValidateExistStatusCommand ( LogicalFieldName : Business Started Year, LogicalFieldValue : True )
----------------
2019-02-07 02:09:56,125 INFO  execution-log - [Sequence No - 22]	 Command completed.
----------------
2019-02-07 02:09:56,137 INFO  execution-log - [Sequence No - 23] Beginning TestDataCommand ( LogicalFieldName : Business Started Year, LogicalFieldValue : 2012 )
----------------
2019-02-07 02:09:56,314 INFO  execution-log - [Sequence No - 23]	 Command completed.
----------------
2019-02-07 02:09:56,326 INFO  execution-log - [Sequence No - 24] Beginning ValidateExistStatusCommand ( LogicalFieldName : Select Product, LogicalFieldValue : True )
----------------
2019-02-07 02:09:56,362 INFO  execution-log - [Sequence No - 24]	 Command completed.
----------------
2019-02-07 02:09:56,372 INFO  execution-log - [Sequence No - 25] Beginning ActionCommand ( LogicalFieldName : Select Product, LogicalFieldValue : Click )
----------------
2019-02-07 02:09:56,567 INFO  execution-log - [Sequence No - 25]	 Command completed.
----------------
2019-02-07 02:09:56,581 INFO  execution-log - [Sequence No - 26] Beginning ActionCommand ( LogicalFieldName : Select Product1, LogicalFieldValue : Click )
----------------
2019-02-07 02:09:56,776 INFO  execution-log - [Sequence No - 26]	 Command completed.
----------------
2019-02-07 02:09:56,787 INFO  execution-log - [Sequence No - 27] Beginning ValidateExistStatusCommand ( LogicalFieldName : Contact Name, LogicalFieldValue : True )
----------------
2019-02-07 02:09:56,820 INFO  execution-log - [Sequence No - 27]	 Command completed.
----------------
2019-02-07 02:09:56,830 INFO  execution-log - [Sequence No - 28] Beginning ActionCommand ( LogicalFieldName : Contact Name, LogicalFieldValue : Click )
----------------
2019-02-07 02:09:57,041 INFO  execution-log - [Sequence No - 28]	 Command completed.
----------------
2019-02-07 02:09:57,057 INFO  execution-log - [Sequence No - 29] Beginning ActionCommand ( LogicalFieldName : Contact Name Initial Select, LogicalFieldValue : Click )
----------------
2019-02-07 02:09:57,294 INFO  execution-log - [Sequence No - 29]	 Command completed.
----------------
2019-02-07 02:09:57,304 INFO  execution-log - [Sequence No - 30] Beginning ValidateExistStatusCommand ( LogicalFieldName : Industry, LogicalFieldValue : True )
----------------
2019-02-07 02:09:57,342 INFO  execution-log - [Sequence No - 30]	 Command completed.
----------------
2019-02-07 02:09:57,353 INFO  execution-log - [Sequence No - 31] Beginning ActionCommand ( LogicalFieldName : Industry, LogicalFieldValue : Click )
----------------
2019-02-07 02:09:57,606 INFO  execution-log - [Sequence No - 31]	 Command completed.
----------------
2019-02-07 02:09:57,618 INFO  execution-log - [Sequence No - 32] Beginning ActionCommand ( LogicalFieldName : Industry1, LogicalFieldValue : Click )
----------------
2019-02-07 02:09:57,886 INFO  execution-log - [Sequence No - 32]	 Command completed.
----------------
2019-02-07 02:09:57,896 INFO  execution-log - [Sequence No - 33] Beginning ValidateExistStatusCommand ( LogicalFieldName : Zip Code, LogicalFieldValue : True )
----------------
2019-02-07 02:09:57,932 INFO  execution-log - [Sequence No - 33]	 Command completed.
----------------
2019-02-07 02:09:57,943 INFO  execution-log - [Sequence No - 34] Beginning TestDataCommand ( LogicalFieldName : Zip Code, LogicalFieldValue : 53704 )
----------------
2019-02-07 02:09:58,201 INFO  execution-log - [Sequence No - 34]	 Command completed.
----------------
2019-02-07 02:09:58,213 INFO  execution-log - [Sequence No - 35] Beginning ActionCommand ( LogicalFieldName : zipcode click, LogicalFieldValue : Click )
----------------
2019-02-07 02:09:58,648 INFO  execution-log - [Sequence No - 35]	 Command completed.
----------------
2019-02-07 02:09:58,658 INFO  execution-log - [Sequence No - 36] Beginning ValidateExistStatusCommand ( LogicalFieldName : Street Address, LogicalFieldValue : True )
----------------
2019-02-07 02:09:58,686 INFO  execution-log - [Sequence No - 36]	 Command completed.
----------------
2019-02-07 02:09:58,696 INFO  execution-log - [Sequence No - 37] Beginning TestDataCommand ( LogicalFieldName : Street Address, LogicalFieldValue : 123 BLUEJAY LN )
----------------
2019-02-07 02:09:59,057 INFO  execution-log - [Sequence No - 37]	 Command completed.
----------------
2019-02-07 02:09:59,067 INFO  execution-log - [Sequence No - 38] Beginning ValidateExistStatusCommand ( LogicalFieldName : Same as Physical Address, LogicalFieldValue : True )
----------------
2019-02-07 02:09:59,186 INFO  execution-log - [Sequence No - 38]	 Command completed.
----------------
2019-02-07 02:09:59,196 INFO  execution-log - [Sequence No - 39] Beginning ActionCommand ( LogicalFieldName : Same as Physical Address, LogicalFieldValue : Click )
----------------
2019-02-07 02:09:59,549 INFO  execution-log - [Sequence No - 39]	 Command completed.
----------------
2019-02-07 02:09:59,563 INFO  execution-log - [Sequence No - 40] Beginning ValidateEnableStatusCommand ( LogicalFieldName : Proceed, LogicalFieldValue : True )
----------------
2019-02-07 02:09:59,653 INFO  execution-log - [Sequence No - 40]	 Command completed.
----------------
2019-02-07 02:09:59,663 INFO  execution-log - [Sequence No - 41] Beginning ActionCommand ( LogicalFieldName : Proceed, LogicalFieldValue : Click )
----------------
2019-02-07 02:10:00,122 INFO  execution-log - [Sequence No - 41]	 Command completed.
----------------
2019-02-07 02:10:00,131 INFO  execution-log - 	 Command completed.
----------------
2019-02-07 02:10:00,142 INFO  execution-log -  Beginning PageCommand ( CurrentPage : Insured Info, FlowIdentifier : 4, DiIndicator : DI )
----------------
2019-02-07 02:10:00,149 INFO  execution-log - 	 Command completed.
----------------
2019-02-07 02:10:00,167 INFO  execution-log -  Beginning LoadTestDataItemCommand ( CurrentPage : Insured Info, FlowIdentifier : 4, DiIndicator : DI )
----------------
2019-02-07 02:10:00,214 INFO  execution-log - [Sequence No - 42] Beginning ValidateEnableStatusCommand ( LogicalFieldName : InsuredName, LogicalFieldValue : True )
----------------
2019-02-07 02:10:02,434 INFO  execution-log - [Sequence No - 42]	 Command completed.
----------------
2019-02-07 02:10:02,445 INFO  execution-log - [Sequence No - 43] Beginning TestDataCommand ( LogicalFieldName : InsuredName, LogicalFieldValue : Smith )
----------------
2019-02-07 02:10:02,630 INFO  execution-log - [Sequence No - 43]	 Command completed.
----------------
2019-02-07 02:10:02,644 INFO  execution-log - [Sequence No - 44] Beginning ValidateEnableStatusCommand ( LogicalFieldName : Primary State Click, LogicalFieldValue : True )
----------------
2019-02-07 02:10:02,696 INFO  execution-log - [Sequence No - 44]	 Command completed.
----------------
2019-02-07 02:10:02,708 INFO  execution-log - [Sequence No - 45] Beginning ActionCommand ( LogicalFieldName : Primary State Click, LogicalFieldValue : Click )
----------------
2019-02-07 02:10:02,931 INFO  execution-log - [Sequence No - 45]	 Command completed.
----------------
2019-02-07 02:10:02,946 INFO  execution-log - [Sequence No - 46] Beginning ActionCommand ( LogicalFieldName : PrimayState Select, LogicalFieldValue : Click )
----------------
2019-02-07 02:10:03,242 INFO  execution-log - [Sequence No - 46]	 Command completed.
----------------
2019-02-07 02:10:03,253 INFO  execution-log - [Sequence No - 47] Beginning ValidateExistStatusCommand ( LogicalFieldName : Street Address, LogicalFieldValue : True )
----------------
2019-02-07 02:10:03,315 INFO  execution-log - [Sequence No - 47]	 Command completed.
----------------
2019-02-07 02:10:03,337 INFO  execution-log - [Sequence No - 48] Beginning TestDataCommand ( LogicalFieldName : Street Address, LogicalFieldValue : 123 new street )
----------------
2019-02-07 02:10:04,216 INFO  execution-log - [Sequence No - 48]	 Command completed.
----------------
2019-02-07 02:10:04,234 INFO  execution-log - [Sequence No - 49] Beginning ValidateExistStatusCommand ( LogicalFieldName : Zip Code, LogicalFieldValue : True )
----------------
2019-02-07 02:10:04,366 INFO  execution-log - [Sequence No - 49]	 Command completed.
----------------
2019-02-07 02:10:04,377 INFO  execution-log - [Sequence No - 50] Beginning TestDataCommand ( LogicalFieldName : Zip Code, LogicalFieldValue : 53704 )
----------------
2019-02-07 02:10:05,192 INFO  execution-log - [Sequence No - 50]	 Command completed.
----------------
2019-02-07 02:10:05,202 INFO  execution-log - [Sequence No - 51] Beginning ValidateExistStatusCommand ( LogicalFieldName : Same as Physical Address, LogicalFieldValue : True )
----------------
2019-02-07 02:10:05,237 INFO  execution-log - [Sequence No - 51]	 Command completed.
----------------
2019-02-07 02:10:05,247 INFO  execution-log - [Sequence No - 52] Beginning ActionCommand ( LogicalFieldName : Same as Physical Address, LogicalFieldValue : Click )
----------------
2019-02-07 02:10:05,498 INFO  execution-log - [Sequence No - 52]	 Command completed.
----------------
2019-02-07 02:10:05,514 INFO  execution-log - [Sequence No - 53] Beginning ValidateExistStatusCommand ( LogicalFieldName : SIC Code, LogicalFieldValue : True )
----------------
2019-02-07 02:10:05,582 INFO  execution-log - [Sequence No - 53]	 Command completed.
----------------
2019-02-07 02:10:05,596 INFO  execution-log - [Sequence No - 54] Beginning TestDataCommand ( LogicalFieldName : SIC Code, LogicalFieldValue : 41510000-School buses )
----------------
2019-02-07 02:10:06,108 INFO  execution-log - [Sequence No - 54]	 Command completed.
----------------
2019-02-07 02:10:06,125 INFO  execution-log - [Sequence No - 55] Beginning ValidateExistStatusCommand ( LogicalFieldName : BusinessInceptionYear, LogicalFieldValue : True )
----------------
2019-02-07 02:10:06,160 INFO  execution-log - [Sequence No - 55]	 Command completed.
----------------
2019-02-07 02:10:06,173 INFO  execution-log - [Sequence No - 56] Beginning TestDataCommand ( LogicalFieldName : BusinessInceptionYear, LogicalFieldValue : 2012 )
----------------
2019-02-07 02:10:06,819 INFO  execution-log - [Sequence No - 56]	 Command completed.
----------------
2019-02-07 02:10:06,844 INFO  execution-log - [Sequence No - 57] Beginning ValidateExistStatusCommand ( LogicalFieldName : BusinessPhone, LogicalFieldValue : True )
----------------
2019-02-07 02:10:06,905 INFO  execution-log - [Sequence No - 57]	 Command completed.
----------------
2019-02-07 02:10:06,919 INFO  execution-log - [Sequence No - 58] Beginning TestDataCommand ( LogicalFieldName : BusinessPhone, LogicalFieldValue : 6549879879 )
----------------
2019-02-07 02:10:08,231 INFO  execution-log - [Sequence No - 58]	 Command completed.
----------------
2019-02-07 02:10:08,243 INFO  execution-log - [Sequence No - 59] Beginning ValidateEnableStatusCommand ( LogicalFieldName : Next, LogicalFieldValue : True )
----------------
2019-02-07 02:10:08,291 INFO  execution-log - [Sequence No - 59]	 Command completed.
----------------
2019-02-07 02:10:08,301 INFO  execution-log - [Sequence No - 60] Beginning ActionCommand ( LogicalFieldName : Next, LogicalFieldValue : Click )
----------------
2019-02-07 02:10:08,479 INFO  execution-log - [Sequence No - 60]	 Command completed.
----------------
2019-02-07 02:10:08,492 INFO  execution-log - 	 Command completed.
----------------
2019-02-07 02:10:08,507 INFO  execution-log -  Beginning PageCommand ( CurrentPage : Policy Info, FlowIdentifier : 5, DiIndicator : DI )
----------------
2019-02-07 02:10:08,515 INFO  execution-log - 	 Command completed.
----------------
2019-02-07 02:10:08,523 INFO  execution-log -  Beginning LoadTestDataItemCommand ( CurrentPage : Policy Info, FlowIdentifier : 5, DiIndicator : DI )
----------------
2019-02-07 02:10:08,542 INFO  execution-log - [Sequence No - 61] Beginning ValidateEnableStatusCommand ( LogicalFieldName : Which State do u operate In?, LogicalFieldValue : True )
----------------
2019-02-07 02:10:09,246 INFO  execution-log - [Sequence No - 61]	 Command completed.
----------------
2019-02-07 02:10:09,265 INFO  execution-log - [Sequence No - 62] Beginning ActionCommand ( LogicalFieldName : Which State do u operate In?, LogicalFieldValue : Click )
----------------
2019-02-07 02:10:10,029 INFO  execution-log - [Sequence No - 62]	 Command completed.
----------------
2019-02-07 02:10:10,041 INFO  execution-log - [Sequence No - 63] Beginning ActionCommand ( LogicalFieldName : Which State do u operate In?1, LogicalFieldValue : Click )
----------------
2019-02-07 02:10:10,690 INFO  execution-log - [Sequence No - 63]	 Command completed.
----------------
2019-02-07 02:10:10,704 INFO  execution-log - [Sequence No - 64] Beginning ActionCommand ( LogicalFieldName : Label Click, LogicalFieldValue : Click )
----------------
2019-02-07 02:10:10,871 INFO  execution-log - [Sequence No - 64]	 Command completed.
----------------
2019-02-07 02:10:10,896 INFO  execution-log - [Sequence No - 65] Beginning ActionCommand ( LogicalFieldName : Collapse, LogicalFieldValue : Click )
----------------
2019-02-07 02:10:11,135 INFO  execution-log - [Sequence No - 65]	 Command completed.
----------------
2019-02-07 02:10:11,146 INFO  execution-log - [Sequence No - 66] Beginning ValidateEnableStatusCommand ( LogicalFieldName : Select Product, LogicalFieldValue : True )
----------------
2019-02-07 02:10:11,189 INFO  execution-log - [Sequence No - 66]	 Command completed.
----------------
2019-02-07 02:10:11,204 INFO  execution-log - [Sequence No - 67] Beginning ActionCommand ( LogicalFieldName : Select Product, LogicalFieldValue : Click-Wait(2000) )
----------------
2019-02-07 02:10:15,396 INFO  execution-log - [Sequence No - 67]	 Command completed.
----------------
2019-02-07 02:10:15,406 INFO  execution-log - [Sequence No - 68] Beginning ActionCommand ( LogicalFieldName : Select Product 1, LogicalFieldValue : Click )
----------------
2019-02-07 02:10:17,949 INFO  execution-log - [Sequence No - 68]	 Command completed.
----------------
2019-02-07 02:10:17,962 INFO  execution-log - 	 Command completed.
----------------
2019-02-07 02:10:18,029 INFO  execution-log - Saving captured values to file.
----------------
2019-02-07 02:10:18,048 INFO  execution-log - TC # : 1, has completed successfully.
----------------
