2019-01-29 00:47:43,348 INFO  execution-log - 	Initializing control map with map # MASTER
----------------
2019-01-29 00:47:43,348 INFO  execution-log - Initializing Test Automation
----------------
2019-01-29 00:47:43,364 INFO  execution-log - 	target browser: Chrome
----------------
2019-01-29 00:47:43,364 INFO  execution-log - TC # : 2, Downloading test case from DB
----------------
2019-01-29 00:47:43,379 INFO  execution-log - TC # : 2, Getting control map :MASTER from DB
----------------
2019-01-29 00:47:43,379 INFO  execution-log - TC # : 2, Getting test data from DB
----------------
2019-01-29 00:47:43,379 INFO  execution-log - TC # : 2, Control map retrieval completed
----------------
2019-01-29 00:47:43,379 INFO  execution-log - TC # : 2, Test data retrieval completed
----------------
2019-01-29 00:47:43,395 INFO  execution-log - TC # : 2, Parsing commands
----------------
2019-01-29 00:47:43,395 INFO  execution-log - Loading captured values from persistence.
----------------
2019-01-29 00:47:43,395 INFO  execution-log - TC # : 2, Started executing test case in the VMTESTAPP1 environment (http://vam-qa.cloudapp.net:6363/pages/login.html)
----------------
2019-01-29 00:47:43,411 INFO  execution-log -  Beginning StartIterationCommand ( Iterations : 1 )
----------------
2019-01-29 00:47:43,411 INFO  execution-log - TC # : 2, Starting iteration #1
----------------
2019-01-29 00:47:43,426 INFO  execution-log - 	 Command completed.
----------------
2019-01-29 00:47:43,426 INFO  execution-log -  Beginning InvokeApplicationCommand ( Target :  )
----------------
2019-01-29 00:47:44,394 INFO  execution-log - 	 Command completed.
----------------
2019-01-29 00:47:44,399 INFO  execution-log -  Beginning PageCommand ( CurrentPage : Login, FlowIdentifier : 1, DiIndicator : DI )
----------------
2019-01-29 00:47:44,409 INFO  execution-log - 	 Command completed.
----------------
2019-01-29 00:47:44,415 INFO  execution-log -  Beginning LoadTestDataItemCommand ( CurrentPage : Login, FlowIdentifier : 1, DiIndicator : DI )
----------------
2019-01-29 00:47:44,417 INFO  execution-log - [Sequence No - 1] Beginning ValidateExistStatusCommand ( LogicalFieldName : User Name, LogicalFieldValue : True )
----------------
2019-01-29 00:47:44,448 INFO  execution-log - [Sequence No - 1]	 Command completed.
----------------
2019-01-29 00:47:44,448 INFO  execution-log - [Sequence No - 2] Beginning ActionCommand ( LogicalFieldName : User Name, LogicalFieldValue : Click )
----------------
2019-01-29 00:47:44,584 INFO  execution-log - [Sequence No - 2]	 Command completed.
----------------
2019-01-29 00:47:44,595 INFO  execution-log - [Sequence No - 3] Beginning TestDataCommand ( LogicalFieldName : User Name, LogicalFieldValue : Jack )
----------------
2019-01-29 00:47:44,680 INFO  execution-log - [Sequence No - 3]	 Command completed.
----------------
2019-01-29 00:47:44,692 INFO  execution-log - [Sequence No - 4] Beginning ValidateExistStatusCommand ( LogicalFieldName : Password, LogicalFieldValue : True )
----------------
2019-01-29 00:47:44,714 INFO  execution-log - [Sequence No - 4]	 Command completed.
----------------
2019-01-29 00:47:44,729 INFO  execution-log - [Sequence No - 5] Beginning TestDataCommand ( LogicalFieldName : Password, LogicalFieldValue : Smit@123 )
----------------
2019-01-29 00:47:44,880 INFO  execution-log - [Sequence No - 5]	 Command completed.
----------------
2019-01-29 00:47:44,891 INFO  execution-log - [Sequence No - 6] Beginning ValidateEnableStatusCommand ( LogicalFieldName : Login_Button, LogicalFieldValue : True )
----------------
2019-01-29 00:47:44,920 INFO  execution-log - [Sequence No - 6]	 Command completed.
----------------
2019-01-29 00:47:44,930 INFO  execution-log - [Sequence No - 7] Beginning ActionCommand ( LogicalFieldName : Login_Button, LogicalFieldValue : Click )
----------------
2019-01-29 00:47:45,048 INFO  execution-log - [Sequence No - 7]	 Command completed.
----------------
2019-01-29 00:47:45,056 INFO  execution-log - 	 Command completed.
----------------
2019-01-29 00:47:45,075 INFO  execution-log - Saving captured values to file.
----------------
2019-01-29 00:47:45,081 INFO  execution-log - TC # : 2, has completed successfully.
----------------
