2019-02-04 09:49:34,610 INFO  execution-log - 	Initializing control map with map # MASTER
----------------
2019-02-04 09:49:34,625 INFO  execution-log - Initializing Test Automation
----------------
2019-02-04 09:49:34,630 INFO  execution-log - 	target browser: Chrome
----------------
2019-02-04 09:49:34,639 INFO  execution-log - TC # : 1, Downloading test case from DB
----------------
2019-02-04 09:49:34,658 INFO  execution-log - TC # : 1, Getting test data from DB
----------------
2019-02-04 09:49:34,658 INFO  execution-log - TC # : 1, Getting control map :MASTER from DB
----------------
2019-02-04 09:49:34,677 INFO  execution-log - TC # : 1, Control map retrieval completed
----------------
2019-02-04 09:49:34,678 INFO  execution-log - TC # : 1, Test data retrieval completed
----------------
2019-02-04 09:49:34,686 INFO  execution-log - TC # : 1, Parsing commands
----------------
2019-02-04 09:49:34,691 INFO  execution-log - Loading captured values from persistence.
----------------
2019-02-04 09:49:34,698 INFO  execution-log - TC # : 1, Started executing test case in the VMTESTAPP1 environment (http://vam-qa.cloudapp.net:6363/pages/login.html)
----------------
2019-02-04 09:49:34,753 INFO  execution-log -  Beginning StartIterationCommand ( Iterations : 1 )
----------------
2019-02-04 09:49:34,759 INFO  execution-log - TC # : 1, Starting iteration #1
----------------
2019-02-04 09:49:34,764 INFO  execution-log - 	 Command completed.
----------------
2019-02-04 09:49:34,769 INFO  execution-log -  Beginning InvokeApplicationCommand ( Target :  )
----------------
2019-02-04 09:49:35,678 INFO  execution-log - 	 Command completed.
----------------
2019-02-04 09:49:35,685 INFO  execution-log -  Beginning PageCommand ( CurrentPage : Login, FlowIdentifier : 1, DiIndicator : DI )
----------------
2019-02-04 09:49:35,690 INFO  execution-log - 	 Command completed.
----------------
2019-02-04 09:49:35,695 INFO  execution-log -  Beginning LoadTestDataItemCommand ( CurrentPage : Login, FlowIdentifier : 1, DiIndicator : DI )
----------------
2019-02-04 09:49:35,714 INFO  execution-log - [Sequence No - 1] Beginning ValidateExistStatusCommand ( LogicalFieldName : User Name, LogicalFieldValue : True )
----------------
2019-02-04 09:49:35,751 INFO  execution-log - [Sequence No - 1]	 Command completed.
----------------
2019-02-04 09:49:35,760 INFO  execution-log - [Sequence No - 2] Beginning ActionCommand ( LogicalFieldName : User Name, LogicalFieldValue : Click )
----------------
2019-02-04 09:49:35,921 INFO  execution-log - [Sequence No - 2]	 Command completed.
----------------
2019-02-04 09:49:35,933 INFO  execution-log - [Sequence No - 3] Beginning TestDataCommand ( LogicalFieldName : User Name, LogicalFieldValue : Jack )
----------------
2019-02-04 09:49:36,028 INFO  execution-log - [Sequence No - 3]	 Command completed.
----------------
2019-02-04 09:49:36,037 INFO  execution-log - [Sequence No - 4] Beginning ValidateExistStatusCommand ( LogicalFieldName : Password, LogicalFieldValue : True )
----------------
2019-02-04 09:49:36,056 INFO  execution-log - [Sequence No - 4]	 Command completed.
----------------
2019-02-04 09:49:36,065 INFO  execution-log - [Sequence No - 5] Beginning TestDataCommand ( LogicalFieldName : Password, LogicalFieldValue : Smit@123 )
----------------
2019-02-04 09:49:36,193 INFO  execution-log - [Sequence No - 5]	 Command completed.
----------------
2019-02-04 09:49:36,204 INFO  execution-log - [Sequence No - 6] Beginning ValidateEnableStatusCommand ( LogicalFieldName : Login_Button, LogicalFieldValue : True )
----------------
2019-02-04 09:49:36,237 INFO  execution-log - [Sequence No - 6]	 Command completed.
----------------
2019-02-04 09:49:36,247 INFO  execution-log - [Sequence No - 7] Beginning ActionCommand ( LogicalFieldName : Login_Button, LogicalFieldValue : Click )
----------------
2019-02-04 09:49:36,355 INFO  execution-log - [Sequence No - 7]	 Command completed.
----------------
2019-02-04 09:49:36,362 INFO  execution-log - 	 Command completed.
----------------
2019-02-04 09:49:36,367 INFO  execution-log -  Beginning PageCommand ( CurrentPage : Home, FlowIdentifier : 2, DiIndicator : DI )
----------------
2019-02-04 09:49:36,371 INFO  execution-log - 	 Command completed.
----------------
2019-02-04 09:49:36,376 INFO  execution-log -  Beginning LoadTestDataItemCommand ( CurrentPage : Home, FlowIdentifier : 2, DiIndicator : DI )
----------------
2019-02-04 09:49:36,391 INFO  execution-log - [Sequence No - 8] Beginning ActionCommand ( LogicalFieldName : New Quote, LogicalFieldValue : Click )
----------------
2019-02-04 09:49:38,203 INFO  execution-log - [Sequence No - 8]	 Command completed.
----------------
2019-02-04 09:49:38,218 INFO  execution-log - 	 Command completed.
----------------
2019-02-04 09:49:38,224 INFO  execution-log -  Beginning PageCommand ( CurrentPage : New Quote, FlowIdentifier : 3, DiIndicator : DI )
----------------
2019-02-04 09:49:38,230 INFO  execution-log - 	 Command completed.
----------------
2019-02-04 09:49:38,236 INFO  execution-log -  Beginning LoadTestDataItemCommand ( CurrentPage : New Quote, FlowIdentifier : 3, DiIndicator : DI )
----------------
2019-02-04 09:49:38,257 INFO  execution-log - [Sequence No - 9] Beginning TestDataCommand ( LogicalFieldName : Account Name, LogicalFieldValue : RANDOMIZE(7,2) )
----------------
2019-02-04 09:49:38,505 INFO  execution-log - [Sequence No - 9]	 Command completed.
----------------
2019-02-04 09:49:38,515 INFO  execution-log - [Sequence No - 11] Beginning TestDataCommand ( LogicalFieldName : First Name, LogicalFieldValue : Jack )
----------------
2019-02-04 09:49:38,731 INFO  execution-log - [Sequence No - 11]	 Command completed.
----------------
2019-02-04 09:49:38,741 INFO  execution-log - [Sequence No - 12] Beginning TestDataCommand ( LogicalFieldName : Last Name, LogicalFieldValue : Smith )
----------------
2019-02-04 09:49:38,934 INFO  execution-log - [Sequence No - 12]	 Command completed.
----------------
2019-02-04 09:49:38,945 INFO  execution-log - [Sequence No - 13] Beginning TestDataCommand ( LogicalFieldName : ContactNumber1, LogicalFieldValue : 654 )
----------------
2019-02-04 09:49:39,076 INFO  execution-log - [Sequence No - 13]	 Command completed.
----------------
2019-02-04 09:49:39,088 INFO  execution-log - [Sequence No - 14] Beginning TestDataCommand ( LogicalFieldName : ContactNumber2, LogicalFieldValue : 321 )
----------------
2019-02-04 09:49:39,217 INFO  execution-log - [Sequence No - 14]	 Command completed.
----------------
2019-02-04 09:49:39,234 INFO  execution-log - [Sequence No - 15] Beginning TestDataCommand ( LogicalFieldName : ContactNumber3, LogicalFieldValue : 6541 )
----------------
2019-02-04 09:49:39,367 INFO  execution-log - [Sequence No - 15]	 Command completed.
----------------
2019-02-04 09:49:39,376 INFO  execution-log - [Sequence No - 16] Beginning TestDataCommand ( LogicalFieldName : Primary Email, LogicalFieldValue : jack.smith@gmail.com )
----------------
2019-02-04 09:49:39,734 INFO  execution-log - [Sequence No - 16]	 Command completed.
----------------
2019-02-04 09:49:39,744 INFO  execution-log - [Sequence No - 17] Beginning TestDataCommand ( LogicalFieldName : Business Started Year, LogicalFieldValue : 2012 )
----------------
2019-02-04 09:49:39,917 INFO  execution-log - [Sequence No - 17]	 Command completed.
----------------
2019-02-04 09:49:39,927 INFO  execution-log - [Sequence No - 18] Beginning ActionCommand ( LogicalFieldName : Select Product, LogicalFieldValue : Click )
----------------
2019-02-04 09:49:40,077 INFO  execution-log - [Sequence No - 18]	 Command completed.
----------------
2019-02-04 09:49:40,088 INFO  execution-log - [Sequence No - 19] Beginning ActionCommand ( LogicalFieldName : Select Product1, LogicalFieldValue : Click )
----------------
2019-02-04 09:49:40,218 INFO  execution-log - [Sequence No - 19]	 Command completed.
----------------
2019-02-04 09:49:40,245 INFO  execution-log - [Sequence No - 20] Beginning ActionCommand ( LogicalFieldName : Contact Name, LogicalFieldValue : Click )
----------------
2019-02-04 09:49:40,414 INFO  execution-log - [Sequence No - 20]	 Command completed.
----------------
2019-02-04 09:49:40,431 INFO  execution-log - [Sequence No - 21] Beginning ActionCommand ( LogicalFieldName : Contact Name Initial Select, LogicalFieldValue : Click )
----------------
2019-02-04 09:49:41,070 INFO  execution-log - [Sequence No - 21]	 Command completed.
----------------
2019-02-04 09:49:41,081 INFO  execution-log - [Sequence No - 22] Beginning ActionCommand ( LogicalFieldName : Industry, LogicalFieldValue : Click )
----------------
2019-02-04 09:49:41,280 INFO  execution-log - [Sequence No - 22]	 Command completed.
----------------
2019-02-04 09:49:41,294 INFO  execution-log - [Sequence No - 23] Beginning ActionCommand ( LogicalFieldName : Industry1, LogicalFieldValue : Click )
----------------
2019-02-04 09:49:41,435 INFO  execution-log - [Sequence No - 23]	 Command completed.
----------------
2019-02-04 09:49:41,446 INFO  execution-log - [Sequence No - 24] Beginning TestDataCommand ( LogicalFieldName : Zip Code, LogicalFieldValue : 53704 )
----------------
2019-02-04 09:49:41,608 INFO  execution-log - [Sequence No - 24]	 Command completed.
----------------
2019-02-04 09:49:41,619 INFO  execution-log - [Sequence No - 25] Beginning ActionCommand ( LogicalFieldName : zipcode click, LogicalFieldValue : Click )
----------------
2019-02-04 09:49:42,016 INFO  execution-log - [Sequence No - 25]	 Command completed.
----------------
2019-02-04 09:49:42,032 INFO  execution-log - [Sequence No - 26] Beginning TestDataCommand ( LogicalFieldName : Street Address, LogicalFieldValue : 123 BLUEJAY LN )
----------------
2019-02-04 09:49:42,307 INFO  execution-log - [Sequence No - 26]	 Command completed.
----------------
2019-02-04 09:49:42,317 INFO  execution-log - [Sequence No - 27] Beginning ActionCommand ( LogicalFieldName : Same as Physical Address, LogicalFieldValue : Click )
----------------
2019-02-04 09:49:42,478 INFO  execution-log - [Sequence No - 27]	 Command completed.
----------------
2019-02-04 09:49:42,490 INFO  execution-log - [Sequence No - 28] Beginning ActionCommand ( LogicalFieldName : Proceed, LogicalFieldValue : Click )
----------------
2019-02-04 09:49:42,648 INFO  execution-log - [Sequence No - 28]	 Command completed.
----------------
2019-02-04 09:49:42,654 INFO  execution-log - 	 Command completed.
----------------
2019-02-04 09:49:42,660 INFO  execution-log -  Beginning PageCommand ( CurrentPage : Insured Info, FlowIdentifier : 4, DiIndicator : DI )
----------------
2019-02-04 09:49:42,667 INFO  execution-log - 	 Command completed.
----------------
2019-02-04 09:49:42,673 INFO  execution-log -  Beginning LoadTestDataItemCommand ( CurrentPage : Insured Info, FlowIdentifier : 4, DiIndicator : DI )
----------------
2019-02-04 09:49:42,687 INFO  execution-log - [Sequence No - 29] Beginning TestDataCommand ( LogicalFieldName : InsuredName, LogicalFieldValue : Smith )
----------------
2019-02-04 09:49:44,770 INFO  execution-log - [Sequence No - 29]	 Command completed.
----------------
2019-02-04 09:49:44,783 INFO  execution-log - [Sequence No - 30] Beginning ActionCommand ( LogicalFieldName : Primary State Click, LogicalFieldValue : Click )
----------------
2019-02-04 09:49:44,943 INFO  execution-log - [Sequence No - 30]	 Command completed.
----------------
2019-02-04 09:49:44,956 INFO  execution-log - [Sequence No - 31] Beginning ActionCommand ( LogicalFieldName : PrimayState Select, LogicalFieldValue : Click )
----------------
2019-02-04 09:49:45,130 INFO  execution-log - [Sequence No - 31]	 Command completed.
----------------
2019-02-04 09:49:45,145 INFO  execution-log - [Sequence No - 32] Beginning TestDataCommand ( LogicalFieldName : Street Address, LogicalFieldValue : 123 new street )
----------------
2019-02-04 09:49:45,408 INFO  execution-log - [Sequence No - 32]	 Command completed.
----------------
2019-02-04 09:49:45,419 INFO  execution-log - [Sequence No - 33] Beginning TestDataCommand ( LogicalFieldName : Zip Code, LogicalFieldValue : 53704 )
----------------
2019-02-04 09:49:45,577 INFO  execution-log - [Sequence No - 33]	 Command completed.
----------------
2019-02-04 09:49:45,588 INFO  execution-log - [Sequence No - 34] Beginning ActionCommand ( LogicalFieldName : Same as Physical Address, LogicalFieldValue : Click )
----------------
2019-02-04 09:49:45,736 INFO  execution-log - [Sequence No - 34]	 Command completed.
----------------
2019-02-04 09:49:45,748 INFO  execution-log - [Sequence No - 35] Beginning TestDataCommand ( LogicalFieldName : SIC Code, LogicalFieldValue : 41510000-School buses )
----------------
2019-02-04 09:49:46,045 INFO  execution-log - [Sequence No - 35]	 Command completed.
----------------
2019-02-04 09:49:46,056 INFO  execution-log - [Sequence No - 36] Beginning TestDataCommand ( LogicalFieldName : BusinessInceptionYear, LogicalFieldValue : 2012 )
----------------
2019-02-04 09:49:46,203 INFO  execution-log - [Sequence No - 36]	 Command completed.
----------------
2019-02-04 09:49:46,216 INFO  execution-log - [Sequence No - 37] Beginning TestDataCommand ( LogicalFieldName : BusinessPhone, LogicalFieldValue : 6549879879 )
----------------
2019-02-04 09:49:47,464 INFO  execution-log - [Sequence No - 37]	 Command completed.
----------------
2019-02-04 09:49:47,470 INFO  execution-log - 	 Command completed.
----------------
2019-02-04 09:49:47,503 INFO  execution-log - Saving captured values to file.
----------------
2019-02-04 09:49:47,509 INFO  execution-log - TC # : 1, has completed successfully.
----------------
