2019-02-08 07:02:54,153 INFO  execution-log - 	Initializing control map with map # MASTER
----------------
2019-02-08 07:02:54,167 INFO  execution-log - Initializing Test Automation
----------------
2019-02-08 07:02:54,172 INFO  execution-log - 	target browser: Chrome
----------------
2019-02-08 07:02:54,181 INFO  execution-log - TC # : 1, Downloading test case from DB
----------------
2019-02-08 07:02:54,197 INFO  execution-log - TC # : 1, Getting test data from DB
----------------
2019-02-08 07:02:54,198 INFO  execution-log - TC # : 1, Getting control map :MASTER from DB
----------------
2019-02-08 07:02:54,219 INFO  execution-log - TC # : 1, Control map retrieval completed
----------------
2019-02-08 07:02:54,222 INFO  execution-log - TC # : 1, Test data retrieval completed
----------------
2019-02-08 07:02:54,229 INFO  execution-log - TC # : 1, Parsing commands
----------------
2019-02-08 07:02:54,241 INFO  execution-log - Loading captured values from persistence.
----------------
2019-02-08 07:02:54,248 INFO  execution-log - TC # : 1, Started executing test case in the VMTESTAPP1 environment (http://vam-qa.cloudapp.net:6363/pages/login.html)
----------------
2019-02-08 07:02:54,323 INFO  execution-log -  Beginning StartIterationCommand ( Iterations : 1 )
----------------
2019-02-08 07:02:54,333 INFO  execution-log - TC # : 1, Starting iteration #1
----------------
2019-02-08 07:02:54,339 INFO  execution-log - 	 Command completed.
----------------
2019-02-08 07:02:54,348 INFO  execution-log -  Beginning InvokeApplicationCommand ( Target :  )
----------------
2019-02-08 07:02:55,224 INFO  execution-log - 	 Command completed.
----------------
2019-02-08 07:02:55,231 INFO  execution-log -  Beginning PageCommand ( CurrentPage : Login, FlowIdentifier : 1, DiIndicator : DI )
----------------
2019-02-08 07:02:55,238 INFO  execution-log - 	 Command completed.
----------------
2019-02-08 07:02:55,244 INFO  execution-log -  Beginning LoadTestDataItemCommand ( CurrentPage : Login, FlowIdentifier : 1, DiIndicator : DI )
----------------
2019-02-08 07:02:55,262 INFO  execution-log - [Sequence No - 1] Beginning ValidateExistStatusCommand ( LogicalFieldName : User Name, LogicalFieldValue : True )
----------------
2019-02-08 07:02:55,291 INFO  execution-log - [Sequence No - 1]	 Command completed.
----------------
2019-02-08 07:02:55,299 INFO  execution-log - [Sequence No - 2] Beginning ActionCommand ( LogicalFieldName : User Name, LogicalFieldValue : Click )
----------------
2019-02-08 07:02:55,483 INFO  execution-log - [Sequence No - 2]	 Command completed.
----------------
2019-02-08 07:02:55,494 INFO  execution-log - [Sequence No - 3] Beginning TestDataCommand ( LogicalFieldName : User Name, LogicalFieldValue : Jack )
----------------
2019-02-08 07:02:56,086 INFO  execution-log - [Sequence No - 3]	 Command completed.
----------------
2019-02-08 07:02:56,095 INFO  execution-log - [Sequence No - 4] Beginning ValidateExistStatusCommand ( LogicalFieldName : Password, LogicalFieldValue : True )
----------------
2019-02-08 07:02:56,165 INFO  execution-log - [Sequence No - 4]	 Command completed.
----------------
2019-02-08 07:02:56,193 INFO  execution-log - [Sequence No - 5] Beginning TestDataCommand ( LogicalFieldName : Password, LogicalFieldValue : Smit@123 )
----------------
2019-02-08 07:02:56,423 INFO  execution-log - [Sequence No - 5]	 Command completed.
----------------
2019-02-08 07:02:56,433 INFO  execution-log - [Sequence No - 6] Beginning ValidateEnableStatusCommand ( LogicalFieldName : Login_Button, LogicalFieldValue : True )
----------------
2019-02-08 07:02:56,464 INFO  execution-log - [Sequence No - 6]	 Command completed.
----------------
2019-02-08 07:02:56,471 INFO  execution-log - [Sequence No - 7] Beginning ActionCommand ( LogicalFieldName : Login_Button, LogicalFieldValue : Click )
----------------
2019-02-08 07:02:56,585 INFO  execution-log - [Sequence No - 7]	 Command completed.
----------------
2019-02-08 07:02:56,594 INFO  execution-log - 	 Command completed.
----------------
2019-02-08 07:02:56,600 INFO  execution-log -  Beginning PageCommand ( CurrentPage : Home, FlowIdentifier : 2, DiIndicator : DI )
----------------
2019-02-08 07:02:56,605 INFO  execution-log - 	 Command completed.
----------------
2019-02-08 07:02:56,610 INFO  execution-log -  Beginning LoadTestDataItemCommand ( CurrentPage : Home, FlowIdentifier : 2, DiIndicator : DI )
----------------
2019-02-08 07:02:56,624 INFO  execution-log - [Sequence No - 8] Beginning ValidateEnableStatusCommand ( LogicalFieldName : New Quote, LogicalFieldValue : True )
----------------
2019-02-08 07:02:57,787 INFO  execution-log - [Sequence No - 8]	 Command completed.
----------------
2019-02-08 07:02:57,799 INFO  execution-log - [Sequence No - 9] Beginning ActionCommand ( LogicalFieldName : New Quote, LogicalFieldValue : Click )
----------------
2019-02-08 07:02:58,451 INFO  execution-log - [Sequence No - 9]	 Command completed.
----------------
2019-02-08 07:02:58,458 INFO  execution-log - 	 Command completed.
----------------
2019-02-08 07:02:58,466 INFO  execution-log -  Beginning PageCommand ( CurrentPage : New Quote, FlowIdentifier : 3, DiIndicator : DI )
----------------
2019-02-08 07:02:58,472 INFO  execution-log - 	 Command completed.
----------------
2019-02-08 07:02:58,476 INFO  execution-log -  Beginning LoadTestDataItemCommand ( CurrentPage : New Quote, FlowIdentifier : 3, DiIndicator : DI )
----------------
2019-02-08 07:02:58,492 INFO  execution-log - [Sequence No - 10] Beginning ValidateExistStatusCommand ( LogicalFieldName : Account Name, LogicalFieldValue : True )
----------------
2019-02-08 07:02:58,523 INFO  execution-log - [Sequence No - 10]	 Command completed.
----------------
2019-02-08 07:02:58,533 INFO  execution-log - [Sequence No - 11] Beginning TestDataCommand ( LogicalFieldName : Account Name, LogicalFieldValue : RANDOMIZE(7,2) )
----------------
2019-02-08 07:02:58,825 INFO  execution-log - [Sequence No - 11]	 Command completed.
----------------
2019-02-08 07:02:58,836 INFO  execution-log - [Sequence No - 12] Beginning ValidateExistStatusCommand ( LogicalFieldName : First Name, LogicalFieldValue : True )
----------------
2019-02-08 07:02:58,873 INFO  execution-log - [Sequence No - 12]	 Command completed.
----------------
2019-02-08 07:02:58,890 INFO  execution-log - [Sequence No - 13] Beginning TestDataCommand ( LogicalFieldName : First Name, LogicalFieldValue : Jack )
----------------
2019-02-08 07:02:59,195 INFO  execution-log - [Sequence No - 13]	 Command completed.
----------------
2019-02-08 07:02:59,206 INFO  execution-log - [Sequence No - 14] Beginning ValidateEnableStatusCommand ( LogicalFieldName : Last Name, LogicalFieldValue : True )
----------------
2019-02-08 07:02:59,245 INFO  execution-log - [Sequence No - 14]	 Command completed.
----------------
2019-02-08 07:02:59,254 INFO  execution-log - [Sequence No - 15] Beginning TestDataCommand ( LogicalFieldName : Last Name, LogicalFieldValue : Smith )
----------------
2019-02-08 07:02:59,499 INFO  execution-log - [Sequence No - 15]	 Command completed.
----------------
2019-02-08 07:02:59,508 INFO  execution-log - [Sequence No - 16] Beginning ValidateExistStatusCommand ( LogicalFieldName : ContactNumber1, LogicalFieldValue : True )
----------------
2019-02-08 07:02:59,538 INFO  execution-log - [Sequence No - 16]	 Command completed.
----------------
2019-02-08 07:02:59,547 INFO  execution-log - [Sequence No - 17] Beginning TestDataCommand ( LogicalFieldName : ContactNumber1, LogicalFieldValue : 654 )
----------------
2019-02-08 07:02:59,700 INFO  execution-log - [Sequence No - 17]	 Command completed.
----------------
2019-02-08 07:02:59,710 INFO  execution-log - [Sequence No - 18] Beginning TestDataCommand ( LogicalFieldName : ContactNumber2, LogicalFieldValue : 321 )
----------------
2019-02-08 07:03:00,348 INFO  execution-log - [Sequence No - 18]	 Command completed.
----------------
2019-02-08 07:03:00,359 INFO  execution-log - [Sequence No - 19] Beginning TestDataCommand ( LogicalFieldName : ContactNumber3, LogicalFieldValue : 6541 )
----------------
2019-02-08 07:03:00,915 INFO  execution-log - [Sequence No - 19]	 Command completed.
----------------
2019-02-08 07:03:00,925 INFO  execution-log - [Sequence No - 20] Beginning ValidateExistStatusCommand ( LogicalFieldName : Primary Email, LogicalFieldValue : True )
----------------
2019-02-08 07:03:00,958 INFO  execution-log - [Sequence No - 20]	 Command completed.
----------------
2019-02-08 07:03:00,969 INFO  execution-log - [Sequence No - 21] Beginning TestDataCommand ( LogicalFieldName : Primary Email, LogicalFieldValue : jack.smith@gmail.com )
----------------
2019-02-08 07:03:01,360 INFO  execution-log - [Sequence No - 21]	 Command completed.
----------------
2019-02-08 07:03:01,375 INFO  execution-log - [Sequence No - 22] Beginning ValidateExistStatusCommand ( LogicalFieldName : Business Started Year, LogicalFieldValue : True )
----------------
2019-02-08 07:03:01,405 INFO  execution-log - [Sequence No - 22]	 Command completed.
----------------
2019-02-08 07:03:01,414 INFO  execution-log - [Sequence No - 23] Beginning TestDataCommand ( LogicalFieldName : Business Started Year, LogicalFieldValue : 2012 )
----------------
2019-02-08 07:03:01,607 INFO  execution-log - [Sequence No - 23]	 Command completed.
----------------
2019-02-08 07:03:01,618 INFO  execution-log - [Sequence No - 24] Beginning ValidateExistStatusCommand ( LogicalFieldName : Select Product, LogicalFieldValue : True )
----------------
2019-02-08 07:03:01,647 INFO  execution-log - [Sequence No - 24]	 Command completed.
----------------
2019-02-08 07:03:01,659 INFO  execution-log - [Sequence No - 25] Beginning ActionCommand ( LogicalFieldName : Select Product, LogicalFieldValue : Click )
----------------
2019-02-08 07:03:01,874 INFO  execution-log - [Sequence No - 25]	 Command completed.
----------------
2019-02-08 07:03:01,886 INFO  execution-log - [Sequence No - 26] Beginning ActionCommand ( LogicalFieldName : Select Product1, LogicalFieldValue : Click )
----------------
2019-02-08 07:03:02,086 INFO  execution-log - [Sequence No - 26]	 Command completed.
----------------
2019-02-08 07:03:02,097 INFO  execution-log - [Sequence No - 27] Beginning ValidateExistStatusCommand ( LogicalFieldName : Contact Name, LogicalFieldValue : True )
----------------
2019-02-08 07:03:02,125 INFO  execution-log - [Sequence No - 27]	 Command completed.
----------------
2019-02-08 07:03:02,139 INFO  execution-log - [Sequence No - 28] Beginning ActionCommand ( LogicalFieldName : Contact Name, LogicalFieldValue : Click )
----------------
2019-02-08 07:03:02,416 INFO  execution-log - [Sequence No - 28]	 Command completed.
----------------
2019-02-08 07:03:02,428 INFO  execution-log - [Sequence No - 29] Beginning ActionCommand ( LogicalFieldName : Contact Name Initial Select, LogicalFieldValue : Click )
----------------
2019-02-08 07:03:02,643 INFO  execution-log - [Sequence No - 29]	 Command completed.
----------------
2019-02-08 07:03:02,659 INFO  execution-log - [Sequence No - 30] Beginning ValidateExistStatusCommand ( LogicalFieldName : Industry, LogicalFieldValue : True )
----------------
2019-02-08 07:03:02,739 INFO  execution-log - [Sequence No - 30]	 Command completed.
----------------
2019-02-08 07:03:02,749 INFO  execution-log - [Sequence No - 31] Beginning ActionCommand ( LogicalFieldName : Industry, LogicalFieldValue : Click )
----------------
2019-02-08 07:03:03,083 INFO  execution-log - [Sequence No - 31]	 Command completed.
----------------
2019-02-08 07:03:03,093 INFO  execution-log - [Sequence No - 32] Beginning ActionCommand ( LogicalFieldName : Industry1, LogicalFieldValue : Click )
----------------
2019-02-08 07:03:03,509 INFO  execution-log - [Sequence No - 32]	 Command completed.
----------------
2019-02-08 07:03:03,526 INFO  execution-log - [Sequence No - 33] Beginning ValidateExistStatusCommand ( LogicalFieldName : Zip Code, LogicalFieldValue : True )
----------------
2019-02-08 07:03:03,560 INFO  execution-log - [Sequence No - 33]	 Command completed.
----------------
2019-02-08 07:03:03,570 INFO  execution-log - [Sequence No - 34] Beginning TestDataCommand ( LogicalFieldName : Zip Code, LogicalFieldValue : 53704 )
----------------
2019-02-08 07:03:03,802 INFO  execution-log - [Sequence No - 34]	 Command completed.
----------------
2019-02-08 07:03:03,811 INFO  execution-log - [Sequence No - 35] Beginning ActionCommand ( LogicalFieldName : zipcode click, LogicalFieldValue : Click )
----------------
2019-02-08 07:03:04,292 INFO  execution-log - [Sequence No - 35]	 Command completed.
----------------
2019-02-08 07:03:04,305 INFO  execution-log - [Sequence No - 36] Beginning ValidateExistStatusCommand ( LogicalFieldName : Street Address, LogicalFieldValue : True )
----------------
2019-02-08 07:03:04,328 INFO  execution-log - [Sequence No - 36]	 Command completed.
----------------
2019-02-08 07:03:04,336 INFO  execution-log - [Sequence No - 37] Beginning TestDataCommand ( LogicalFieldName : Street Address, LogicalFieldValue : 123 BLUEJAY LN )
----------------
2019-02-08 07:03:04,903 INFO  execution-log - [Sequence No - 37]	 Command completed.
----------------
2019-02-08 07:03:04,913 INFO  execution-log - [Sequence No - 38] Beginning ValidateExistStatusCommand ( LogicalFieldName : Same as Physical Address, LogicalFieldValue : True )
----------------
2019-02-08 07:03:04,939 INFO  execution-log - [Sequence No - 38]	 Command completed.
----------------
2019-02-08 07:03:04,946 INFO  execution-log - [Sequence No - 39] Beginning ActionCommand ( LogicalFieldName : Same as Physical Address, LogicalFieldValue : Click )
----------------
2019-02-08 07:03:05,088 INFO  execution-log - [Sequence No - 39]	 Command completed.
----------------
2019-02-08 07:03:05,100 INFO  execution-log - [Sequence No - 40] Beginning ValidateEnableStatusCommand ( LogicalFieldName : Proceed, LogicalFieldValue : True )
----------------
2019-02-08 07:03:05,141 INFO  execution-log - [Sequence No - 40]	 Command completed.
----------------
2019-02-08 07:03:05,148 INFO  execution-log - [Sequence No - 41] Beginning ActionCommand ( LogicalFieldName : Proceed, LogicalFieldValue : Click )
----------------
2019-02-08 07:03:05,332 INFO  execution-log - [Sequence No - 41]	 Command completed.
----------------
2019-02-08 07:03:05,338 INFO  execution-log - 	 Command completed.
----------------
2019-02-08 07:03:05,346 INFO  execution-log -  Beginning PageCommand ( CurrentPage : Insured Info, FlowIdentifier : 4, DiIndicator : DI )
----------------
2019-02-08 07:03:05,356 INFO  execution-log - 	 Command completed.
----------------
2019-02-08 07:03:05,365 INFO  execution-log -  Beginning LoadTestDataItemCommand ( CurrentPage : Insured Info, FlowIdentifier : 4, DiIndicator : DI )
----------------
2019-02-08 07:03:05,379 INFO  execution-log - [Sequence No - 42] Beginning ValidateEnableStatusCommand ( LogicalFieldName : InsuredName, LogicalFieldValue : True )
----------------
2019-02-08 07:03:08,791 INFO  execution-log - [Sequence No - 42]	 Command completed.
----------------
2019-02-08 07:03:08,803 INFO  execution-log - [Sequence No - 43] Beginning TestDataCommand ( LogicalFieldName : InsuredName, LogicalFieldValue : Smith )
----------------
2019-02-08 07:03:08,958 INFO  execution-log - [Sequence No - 43]	 Command completed.
----------------
2019-02-08 07:03:08,968 INFO  execution-log - [Sequence No - 44] Beginning ValidateEnableStatusCommand ( LogicalFieldName : Primary State Click, LogicalFieldValue : True )
----------------
2019-02-08 07:03:09,011 INFO  execution-log - [Sequence No - 44]	 Command completed.
----------------
2019-02-08 07:03:09,019 INFO  execution-log - [Sequence No - 45] Beginning ActionCommand ( LogicalFieldName : Primary State Click, LogicalFieldValue : Click )
----------------
2019-02-08 07:03:09,223 INFO  execution-log - [Sequence No - 45]	 Command completed.
----------------
2019-02-08 07:03:09,235 INFO  execution-log - [Sequence No - 46] Beginning ActionCommand ( LogicalFieldName : PrimayState Select, LogicalFieldValue : Click )
----------------
2019-02-08 07:03:09,484 INFO  execution-log - [Sequence No - 46]	 Command completed.
----------------
2019-02-08 07:03:09,495 INFO  execution-log - [Sequence No - 47] Beginning ValidateExistStatusCommand ( LogicalFieldName : Street Address, LogicalFieldValue : True )
----------------
2019-02-08 07:03:09,521 INFO  execution-log - [Sequence No - 47]	 Command completed.
----------------
2019-02-08 07:03:09,529 INFO  execution-log - [Sequence No - 48] Beginning TestDataCommand ( LogicalFieldName : Street Address, LogicalFieldValue : 123 new street )
----------------
2019-02-08 07:03:09,899 INFO  execution-log - [Sequence No - 48]	 Command completed.
----------------
2019-02-08 07:03:09,908 INFO  execution-log - [Sequence No - 49] Beginning ValidateExistStatusCommand ( LogicalFieldName : Zip Code, LogicalFieldValue : True )
----------------
2019-02-08 07:03:09,940 INFO  execution-log - [Sequence No - 49]	 Command completed.
----------------
2019-02-08 07:03:09,949 INFO  execution-log - [Sequence No - 50] Beginning TestDataCommand ( LogicalFieldName : Zip Code, LogicalFieldValue : 53704 )
----------------
2019-02-08 07:03:10,120 INFO  execution-log - [Sequence No - 50]	 Command completed.
----------------
2019-02-08 07:03:10,130 INFO  execution-log - [Sequence No - 51] Beginning ValidateExistStatusCommand ( LogicalFieldName : Same as Physical Address, LogicalFieldValue : True )
----------------
2019-02-08 07:03:10,166 INFO  execution-log - [Sequence No - 51]	 Command completed.
----------------
2019-02-08 07:03:10,177 INFO  execution-log - [Sequence No - 52] Beginning ActionCommand ( LogicalFieldName : Same as Physical Address, LogicalFieldValue : Click )
----------------
2019-02-08 07:03:10,374 INFO  execution-log - [Sequence No - 52]	 Command completed.
----------------
2019-02-08 07:03:10,385 INFO  execution-log - [Sequence No - 53] Beginning ValidateExistStatusCommand ( LogicalFieldName : SIC Code, LogicalFieldValue : True )
----------------
2019-02-08 07:03:10,420 INFO  execution-log - [Sequence No - 53]	 Command completed.
----------------
2019-02-08 07:03:10,450 INFO  execution-log - [Sequence No - 54] Beginning TestDataCommand ( LogicalFieldName : SIC Code, LogicalFieldValue : 41510000-School buses )
----------------
2019-02-08 07:03:10,981 INFO  execution-log - [Sequence No - 54]	 Command completed.
----------------
2019-02-08 07:03:11,000 INFO  execution-log - [Sequence No - 55] Beginning ValidateExistStatusCommand ( LogicalFieldName : BusinessInceptionYear, LogicalFieldValue : True )
----------------
2019-02-08 07:03:11,030 INFO  execution-log - [Sequence No - 55]	 Command completed.
----------------
2019-02-08 07:03:11,042 INFO  execution-log - [Sequence No - 56] Beginning TestDataCommand ( LogicalFieldName : BusinessInceptionYear, LogicalFieldValue : 2012 )
----------------
2019-02-08 07:03:11,698 INFO  execution-log - [Sequence No - 56]	 Command completed.
----------------
2019-02-08 07:03:11,717 INFO  execution-log - [Sequence No - 57] Beginning ValidateExistStatusCommand ( LogicalFieldName : BusinessPhone, LogicalFieldValue : True )
----------------
2019-02-08 07:03:11,756 INFO  execution-log - [Sequence No - 57]	 Command completed.
----------------
2019-02-08 07:03:11,765 INFO  execution-log - [Sequence No - 58] Beginning TestDataCommand ( LogicalFieldName : BusinessPhone, LogicalFieldValue : 6549879879 )
----------------
2019-02-08 07:03:13,089 INFO  execution-log - [Sequence No - 58]	 Command completed.
----------------
2019-02-08 07:03:13,101 INFO  execution-log - [Sequence No - 59] Beginning ValidateEnableStatusCommand ( LogicalFieldName : Next, LogicalFieldValue : True )
----------------
2019-02-08 07:03:13,131 INFO  execution-log - [Sequence No - 59]	 Command completed.
----------------
2019-02-08 07:03:13,140 INFO  execution-log - [Sequence No - 60] Beginning ActionCommand ( LogicalFieldName : Next, LogicalFieldValue : Click )
----------------
2019-02-08 07:03:13,288 INFO  execution-log - [Sequence No - 60]	 Command completed.
----------------
2019-02-08 07:03:13,296 INFO  execution-log - 	 Command completed.
----------------
2019-02-08 07:03:13,303 INFO  execution-log -  Beginning PageCommand ( CurrentPage : Policy Info, FlowIdentifier : 5, DiIndicator : DI )
----------------
2019-02-08 07:03:13,309 INFO  execution-log - 	 Command completed.
----------------
2019-02-08 07:03:13,316 INFO  execution-log -  Beginning LoadTestDataItemCommand ( CurrentPage : Policy Info, FlowIdentifier : 5, DiIndicator : DI )
----------------
2019-02-08 07:03:13,334 INFO  execution-log - [Sequence No - 61] Beginning ValidateEnableStatusCommand ( LogicalFieldName : Which State do u operate In?, LogicalFieldValue : True )
----------------
2019-02-08 07:03:14,052 INFO  execution-log - [Sequence No - 61]	 Command completed.
----------------
2019-02-08 07:03:14,066 INFO  execution-log - [Sequence No - 62] Beginning ActionCommand ( LogicalFieldName : Which State do u operate In?, LogicalFieldValue : Click )
----------------
2019-02-08 07:03:14,401 INFO  execution-log - [Sequence No - 62]	 Command completed.
----------------
2019-02-08 07:03:14,411 INFO  execution-log - [Sequence No - 63] Beginning ActionCommand ( LogicalFieldName : Which State do u operate In?1, LogicalFieldValue : Click )
----------------
2019-02-08 07:03:15,348 INFO  execution-log - [Sequence No - 63]	 Command completed.
----------------
2019-02-08 07:03:15,359 INFO  execution-log - [Sequence No - 64] Beginning ActionCommand ( LogicalFieldName : Label Click, LogicalFieldValue : Click )
----------------
2019-02-08 07:03:15,842 INFO  execution-log - [Sequence No - 64]	 Command completed.
----------------
2019-02-08 07:03:15,852 INFO  execution-log - [Sequence No - 65] Beginning ActionCommand ( LogicalFieldName : Collapse, LogicalFieldValue : Click )
----------------
2019-02-08 07:03:16,121 INFO  execution-log - [Sequence No - 65]	 Command completed.
----------------
2019-02-08 07:03:16,134 INFO  execution-log - [Sequence No - 66] Beginning ValidateEnableStatusCommand ( LogicalFieldName : Select Product, LogicalFieldValue : True )
----------------
2019-02-08 07:03:16,177 INFO  execution-log - [Sequence No - 66]	 Command completed.
----------------
2019-02-08 07:03:16,187 INFO  execution-log - [Sequence No - 67] Beginning ActionCommand ( LogicalFieldName : Select Product, LogicalFieldValue : Click-Wait(2000) )
----------------
2019-02-08 07:03:20,368 INFO  execution-log - [Sequence No - 67]	 Command completed.
----------------
2019-02-08 07:03:20,377 INFO  execution-log - [Sequence No - 68] Beginning ActionCommand ( LogicalFieldName : Select Product 1, LogicalFieldValue : Click )
----------------
2019-02-08 07:03:22,738 INFO  execution-log - [Sequence No - 68]	 Command completed.
----------------
2019-02-08 07:03:22,751 INFO  execution-log - 	 Command completed.
----------------
2019-02-08 07:03:22,801 INFO  execution-log - Saving captured values to file.
----------------
2019-02-08 07:03:22,807 INFO  execution-log - TC # : 1, has completed successfully.
----------------
