2019-01-29 09:21:43,623 INFO  execution-log - 	Initializing control map with map # MASTER
----------------
2019-01-29 09:21:43,641 INFO  execution-log - Initializing Test Automation
----------------
2019-01-29 09:21:43,646 INFO  execution-log - 	target browser: Chrome
----------------
2019-01-29 09:21:43,656 INFO  execution-log - TC # : 1, Downloading test case from DB
----------------
2019-01-29 09:21:43,685 INFO  execution-log - TC # : 1, Getting control map :MASTER from DB
----------------
2019-01-29 09:21:43,691 INFO  execution-log - TC # : 1, Getting test data from DB
----------------
2019-01-29 09:21:43,709 INFO  execution-log - TC # : 1, Control map retrieval completed
----------------
2019-01-29 09:21:43,716 INFO  execution-log - TC # : 1, Test data retrieval completed
----------------
2019-01-29 09:21:43,721 INFO  execution-log - TC # : 1, Parsing commands
----------------
2019-01-29 09:21:43,727 INFO  execution-log - Loading captured values from persistence.
----------------
2019-01-29 09:21:43,734 INFO  execution-log - TC # : 1, Started executing test case in the VMTESTAPP1 environment (http://vam-qa.cloudapp.net:6363/pages/login.html)
----------------
2019-01-29 09:21:43,785 INFO  execution-log -  Beginning StartIterationCommand ( Iterations : 1 )
----------------
2019-01-29 09:21:43,792 INFO  execution-log - TC # : 1, Starting iteration #1
----------------
2019-01-29 09:21:43,797 INFO  execution-log - 	 Command completed.
----------------
2019-01-29 09:21:43,850 INFO  execution-log -  Beginning InvokeApplicationCommand ( Target :  )
----------------
2019-01-29 09:21:44,874 INFO  execution-log - 	 Command completed.
----------------
2019-01-29 09:21:44,881 INFO  execution-log -  Beginning PageCommand ( CurrentPage : Login, FlowIdentifier : 1, DiIndicator : DI )
----------------
2019-01-29 09:21:44,898 INFO  execution-log - 	 Command completed.
----------------
2019-01-29 09:21:44,904 INFO  execution-log -  Beginning LoadTestDataItemCommand ( CurrentPage : Login, FlowIdentifier : 1, DiIndicator : DI )
----------------
2019-01-29 09:21:44,932 INFO  execution-log - [Sequence No - 1] Beginning ValidateExistStatusCommand ( LogicalFieldName : User Name, LogicalFieldValue : True )
----------------
2019-01-29 09:21:44,967 INFO  execution-log - [Sequence No - 1]	 Command completed.
----------------
2019-01-29 09:21:44,988 INFO  execution-log - [Sequence No - 2] Beginning ActionCommand ( LogicalFieldName : User Name, LogicalFieldValue : Click )
----------------
2019-01-29 09:21:45,134 INFO  execution-log - [Sequence No - 2]	 Command completed.
----------------
2019-01-29 09:21:45,152 INFO  execution-log - [Sequence No - 3] Beginning TestDataCommand ( LogicalFieldName : User Name, LogicalFieldValue : Jack )
----------------
2019-01-29 09:21:45,265 INFO  execution-log - [Sequence No - 3]	 Command completed.
----------------
2019-01-29 09:21:45,276 INFO  execution-log - [Sequence No - 4] Beginning ValidateExistStatusCommand ( LogicalFieldName : Password, LogicalFieldValue : True )
----------------
2019-01-29 09:21:45,297 INFO  execution-log - [Sequence No - 4]	 Command completed.
----------------
2019-01-29 09:21:45,311 INFO  execution-log - [Sequence No - 5] Beginning TestDataCommand ( LogicalFieldName : Password, LogicalFieldValue : Smit@123 )
----------------
2019-01-29 09:21:45,461 INFO  execution-log - [Sequence No - 5]	 Command completed.
----------------
2019-01-29 09:21:45,471 INFO  execution-log - [Sequence No - 6] Beginning ValidateEnableStatusCommand ( LogicalFieldName : Login_Button, LogicalFieldValue : True )
----------------
2019-01-29 09:21:45,506 INFO  execution-log - [Sequence No - 6]	 Command completed.
----------------
2019-01-29 09:21:45,515 INFO  execution-log - [Sequence No - 7] Beginning ActionCommand ( LogicalFieldName : Login_Button, LogicalFieldValue : Click )
----------------
2019-01-29 09:21:45,628 INFO  execution-log - [Sequence No - 7]	 Command completed.
----------------
2019-01-29 09:21:45,634 INFO  execution-log - 	 Command completed.
----------------
2019-01-29 09:21:45,645 INFO  execution-log -  Beginning PageCommand ( CurrentPage : Home, FlowIdentifier : 2, DiIndicator : DI )
----------------
2019-01-29 09:21:45,652 INFO  execution-log - 	 Command completed.
----------------
2019-01-29 09:21:45,659 INFO  execution-log -  Beginning LoadTestDataItemCommand ( CurrentPage : Home, FlowIdentifier : 2, DiIndicator : DI )
----------------
2019-01-29 09:21:45,673 INFO  execution-log - [Sequence No - 8] Beginning ActionCommand ( LogicalFieldName : New Quote, LogicalFieldValue : Click )
----------------
2019-01-29 09:21:47,778 INFO  execution-log - [Sequence No - 8]	 Command completed.
----------------
2019-01-29 09:21:47,790 INFO  execution-log - 	 Command completed.
----------------
2019-01-29 09:21:47,795 INFO  execution-log -  Beginning PageCommand ( CurrentPage : New Quote, FlowIdentifier : 3, DiIndicator : DI )
----------------
2019-01-29 09:21:47,812 INFO  execution-log - 	 Command completed.
----------------
2019-01-29 09:21:47,819 INFO  execution-log -  Beginning LoadTestDataItemCommand ( CurrentPage : New Quote, FlowIdentifier : 3, DiIndicator : DI )
----------------
2019-01-29 09:21:47,832 INFO  execution-log - [Sequence No - 9] Beginning TestDataCommand ( LogicalFieldName : Account Name, LogicalFieldValue : Acme Insurance )
----------------
2019-01-29 09:21:48,159 INFO  execution-log - [Sequence No - 9]	 Command completed.
----------------
2019-01-29 09:21:48,169 INFO  execution-log - [Sequence No - 10] Beginning TestDataCommand ( LogicalFieldName : First Name, LogicalFieldValue : Jack )
----------------
2019-01-29 09:21:48,398 INFO  execution-log - [Sequence No - 10]	 Command completed.
----------------
2019-01-29 09:21:48,409 INFO  execution-log - [Sequence No - 11] Beginning TestDataCommand ( LogicalFieldName : Last Name, LogicalFieldValue : Smith )
----------------
2019-01-29 09:21:48,601 INFO  execution-log - [Sequence No - 11]	 Command completed.
----------------
2019-01-29 09:21:48,612 INFO  execution-log - [Sequence No - 12] Beginning TestDataCommand ( LogicalFieldName : ContactNumber1, LogicalFieldValue : 654 )
----------------
2019-01-29 09:21:48,749 INFO  execution-log - [Sequence No - 12]	 Command completed.
----------------
2019-01-29 09:21:48,759 INFO  execution-log - [Sequence No - 13] Beginning TestDataCommand ( LogicalFieldName : ContactNumber2, LogicalFieldValue : 321 )
----------------
2019-01-29 09:21:48,899 INFO  execution-log - [Sequence No - 13]	 Command completed.
----------------
2019-01-29 09:21:48,911 INFO  execution-log - [Sequence No - 14] Beginning TestDataCommand ( LogicalFieldName : ContactNumber3, LogicalFieldValue : 6541 )
----------------
2019-01-29 09:21:49,047 INFO  execution-log - [Sequence No - 14]	 Command completed.
----------------
2019-01-29 09:21:49,059 INFO  execution-log - [Sequence No - 15] Beginning TestDataCommand ( LogicalFieldName : Primary Email, LogicalFieldValue : jack.smith@gmail.com )
----------------
2019-01-29 09:21:49,496 INFO  execution-log - [Sequence No - 15]	 Command completed.
----------------
2019-01-29 09:21:49,517 INFO  execution-log - [Sequence No - 16] Beginning TestDataCommand ( LogicalFieldName : Business Started Year, LogicalFieldValue : 2012 )
----------------
2019-01-29 09:21:49,668 INFO  execution-log - [Sequence No - 16]	 Command completed.
----------------
2019-01-29 09:21:49,680 INFO  execution-log - [Sequence No - 17] Beginning ActionCommand ( LogicalFieldName : Select Product, LogicalFieldValue : Click )
----------------
2019-01-29 09:21:49,842 INFO  execution-log - [Sequence No - 17]	 Command completed.
----------------
2019-01-29 09:21:49,857 INFO  execution-log - [Sequence No - 18] Beginning ActionCommand ( LogicalFieldName : Select Product1, LogicalFieldValue : Click )
----------------
2019-01-29 09:21:50,008 INFO  execution-log - [Sequence No - 18]	 Command completed.
----------------
2019-01-29 09:21:50,019 INFO  execution-log - [Sequence No - 19] Beginning ActionCommand ( LogicalFieldName : Contact Name, LogicalFieldValue : Click )
----------------
2019-01-29 09:21:50,206 INFO  execution-log - [Sequence No - 19]	 Command completed.
----------------
2019-01-29 09:21:50,217 INFO  execution-log - [Sequence No - 20] Beginning ActionCommand ( LogicalFieldName : Contact Name Initial Select, LogicalFieldValue : Click )
----------------
2019-01-29 09:21:50,399 INFO  execution-log - [Sequence No - 20]	 Command completed.
----------------
2019-01-29 09:21:50,418 INFO  execution-log - [Sequence No - 21] Beginning ActionCommand ( LogicalFieldName : Industry, LogicalFieldValue : Click )
----------------
2019-01-29 09:21:50,653 INFO  execution-log - [Sequence No - 21]	 Command completed.
----------------
2019-01-29 09:21:50,667 INFO  execution-log - [Sequence No - 22] Beginning ActionCommand ( LogicalFieldName : Industry1, LogicalFieldValue : Click )
----------------
2019-01-29 09:21:50,902 INFO  execution-log - [Sequence No - 22]	 Command completed.
----------------
2019-01-29 09:21:50,923 INFO  execution-log - [Sequence No - 23] Beginning TestDataCommand ( LogicalFieldName : Zip Code, LogicalFieldValue : 53704 )
----------------
2019-01-29 09:21:51,142 INFO  execution-log - [Sequence No - 23]	 Command completed.
----------------
2019-01-29 09:21:51,153 INFO  execution-log - [Sequence No - 24] Beginning ActionCommand ( LogicalFieldName : zipcode click, LogicalFieldValue : Click )
----------------
2019-01-29 09:21:51,552 INFO  execution-log - [Sequence No - 24]	 Command completed.
----------------
2019-01-29 09:21:51,566 INFO  execution-log - [Sequence No - 25] Beginning TestDataCommand ( LogicalFieldName : Street Address, LogicalFieldValue : 123 BLUEJAY LN )
----------------
2019-01-29 09:21:51,847 INFO  execution-log - [Sequence No - 25]	 Command completed.
----------------
2019-01-29 09:21:51,861 INFO  execution-log - [Sequence No - 26] Beginning ActionCommand ( LogicalFieldName : Same as Physical Address, LogicalFieldValue : Click )
----------------
2019-01-29 09:21:52,001 INFO  execution-log - [Sequence No - 26]	 Command completed.
----------------
2019-01-29 09:21:52,012 INFO  execution-log - [Sequence No - 27] Beginning ActionCommand ( LogicalFieldName : Proceed, LogicalFieldValue : Click )
----------------
2019-01-29 09:21:52,165 INFO  execution-log - [Sequence No - 27]	 Command completed.
----------------
2019-01-29 09:21:52,176 INFO  execution-log - [Sequence No - 28] Beginning TestDataCommand ( LogicalFieldName : InsuredName, LogicalFieldValue : Smith )
----------------
2019-01-29 09:21:54,317 INFO  execution-log - [Sequence No - 28]	 Command completed.
----------------
2019-01-29 09:21:54,324 INFO  execution-log - 	 Command completed.
----------------
2019-01-29 09:21:54,370 INFO  execution-log - Saving captured values to file.
----------------
2019-01-29 09:21:54,376 INFO  execution-log - TC # : 1, has completed successfully.
----------------
