2019-01-28 13:19:11,402 INFO  execution-log - 	Initializing control map with map # MASTER
----------------
2019-01-28 13:19:11,411 INFO  execution-log - Initializing Test Automation
----------------
2019-01-28 13:19:11,419 INFO  execution-log - 	target browser: Chrome
----------------
2019-01-28 13:19:11,430 INFO  execution-log - TC # : 1, Downloading test case from DB
----------------
2019-01-28 13:19:11,465 INFO  execution-log - TC # : 1, Getting control map :MASTER from DB
----------------
2019-01-28 13:19:11,465 INFO  execution-log - TC # : 1, Getting test data from DB
----------------
2019-01-28 13:19:11,480 INFO  execution-log - TC # : 1, Control map retrieval completed
----------------
2019-01-28 13:19:11,502 INFO  execution-log - TC # : 1, Test data retrieval completed
----------------
2019-01-28 13:19:11,508 INFO  execution-log - TC # : 1, Parsing commands
----------------
2019-01-28 13:19:11,513 INFO  execution-log - Loading captured values from persistence.
----------------
2019-01-28 13:19:11,517 INFO  execution-log - TC # : 1, Started executing test case in the VMTESTAPP environment (http://vam-qa.cloudapp.net:6363/pages/login.html)
----------------
2019-01-28 13:19:11,535 INFO  execution-log -  Beginning StartIterationCommand ( Iterations : 1 )
----------------
2019-01-28 13:19:11,545 INFO  execution-log - TC # : 1, Starting iteration #1
----------------
2019-01-28 13:19:11,551 INFO  execution-log - 	 Command completed.
----------------
2019-01-28 13:19:11,559 INFO  execution-log -  Beginning InvokeApplicationCommand ( Target :  )
----------------
2019-01-28 13:19:13,265 INFO  execution-log - 	 Command completed.
----------------
2019-01-28 13:19:13,272 INFO  execution-log -  Beginning PageCommand ( CurrentPage : Login, FlowIdentifier : 1, DiIndicator : DI )
----------------
2019-01-28 13:19:13,279 INFO  execution-log - 	 Command completed.
----------------
2019-01-28 13:19:13,281 INFO  execution-log -  Beginning LoadTestDataItemCommand ( CurrentPage : Login, FlowIdentifier : 1, DiIndicator : DI )
----------------
2019-01-28 13:19:13,312 INFO  execution-log - [Sequence No - 1] Beginning ActionCommand ( LogicalFieldName : User Name, LogicalFieldValue : Click )
----------------
2019-01-28 13:19:13,525 INFO  execution-log - [Sequence No - 1]	 Command completed.
----------------
2019-01-28 13:19:13,540 INFO  execution-log - [Sequence No - 2] Beginning TestDataCommand ( LogicalFieldName : User Name, LogicalFieldValue : Jack )
----------------
2019-01-28 13:19:13,714 INFO  execution-log - [Sequence No - 2]	 Command completed.
----------------
2019-01-28 13:19:13,727 INFO  execution-log - [Sequence No - 3] Beginning TestDataCommand ( LogicalFieldName : Password, LogicalFieldValue : Smit@123 )
----------------
2019-01-28 13:19:13,918 INFO  execution-log - [Sequence No - 3]	 Command completed.
----------------
2019-01-28 13:19:13,935 INFO  execution-log - [Sequence No - 4] Beginning ActionCommand ( LogicalFieldName : Login_Button, LogicalFieldValue : Click )
----------------
2019-01-28 13:19:14,112 INFO  execution-log - [Sequence No - 4]	 Command completed.
----------------
2019-01-28 13:19:14,120 INFO  execution-log - 	 Command completed.
----------------
2019-01-28 13:19:14,140 INFO  execution-log - Saving captured values to file.
----------------
2019-01-28 13:19:14,146 INFO  execution-log - TC # : 1, has completed successfully.
----------------
