2019-01-29 10:43:58,137 INFO  execution-log - 	Initializing control map with map # MASTER
----------------
2019-01-29 10:43:58,152 INFO  execution-log - Initializing Test Automation
----------------
2019-01-29 10:43:58,158 INFO  execution-log - 	target browser: Chrome
----------------
2019-01-29 10:43:58,166 INFO  execution-log - TC # : 1, Downloading test case from DB
----------------
2019-01-29 10:43:58,185 INFO  execution-log - TC # : 1, Getting test data from DB
----------------
2019-01-29 10:43:58,185 INFO  execution-log - TC # : 1, Getting control map :MASTER from DB
----------------
2019-01-29 10:43:58,205 INFO  execution-log - TC # : 1, Control map retrieval completed
----------------
2019-01-29 10:43:58,206 INFO  execution-log - TC # : 1, Test data retrieval completed
----------------
2019-01-29 10:43:58,214 INFO  execution-log - TC # : 1, Parsing commands
----------------
2019-01-29 10:43:58,219 INFO  execution-log - Loading captured values from persistence.
----------------
2019-01-29 10:43:58,226 INFO  execution-log - TC # : 1, Started executing test case in the VMTESTAPP1 environment (http://vam-qa.cloudapp.net:6363/pages/login.html)
----------------
2019-01-29 10:43:58,273 INFO  execution-log -  Beginning StartIterationCommand ( Iterations : 1 )
----------------
2019-01-29 10:43:58,280 INFO  execution-log - TC # : 1, Starting iteration #1
----------------
2019-01-29 10:43:58,284 INFO  execution-log - 	 Command completed.
----------------
2019-01-29 10:43:58,290 INFO  execution-log -  Beginning InvokeApplicationCommand ( Target :  )
----------------
2019-01-29 10:43:59,123 INFO  execution-log - 	 Command completed.
----------------
2019-01-29 10:43:59,129 INFO  execution-log -  Beginning PageCommand ( CurrentPage : Login, FlowIdentifier : 1, DiIndicator : DI )
----------------
2019-01-29 10:43:59,138 INFO  execution-log - 	 Command completed.
----------------
2019-01-29 10:43:59,145 INFO  execution-log -  Beginning LoadTestDataItemCommand ( CurrentPage : Login, FlowIdentifier : 1, DiIndicator : DI )
----------------
2019-01-29 10:43:59,170 INFO  execution-log - [Sequence No - 1] Beginning ValidateExistStatusCommand ( LogicalFieldName : User Name, LogicalFieldValue : True )
----------------
2019-01-29 10:43:59,200 INFO  execution-log - [Sequence No - 1]	 Command completed.
----------------
2019-01-29 10:43:59,209 INFO  execution-log - [Sequence No - 2] Beginning ActionCommand ( LogicalFieldName : User Name, LogicalFieldValue : Click )
----------------
2019-01-29 10:43:59,334 INFO  execution-log - [Sequence No - 2]	 Command completed.
----------------
2019-01-29 10:43:59,346 INFO  execution-log - [Sequence No - 3] Beginning TestDataCommand ( LogicalFieldName : User Name, LogicalFieldValue : Jack )
----------------
2019-01-29 10:43:59,439 INFO  execution-log - [Sequence No - 3]	 Command completed.
----------------
2019-01-29 10:43:59,457 INFO  execution-log - [Sequence No - 4] Beginning ValidateExistStatusCommand ( LogicalFieldName : Password, LogicalFieldValue : True )
----------------
2019-01-29 10:43:59,479 INFO  execution-log - [Sequence No - 4]	 Command completed.
----------------
2019-01-29 10:43:59,488 INFO  execution-log - [Sequence No - 5] Beginning TestDataCommand ( LogicalFieldName : Password, LogicalFieldValue : Smit@123 )
----------------
2019-01-29 10:43:59,613 INFO  execution-log - [Sequence No - 5]	 Command completed.
----------------
2019-01-29 10:43:59,625 INFO  execution-log - [Sequence No - 6] Beginning ValidateEnableStatusCommand ( LogicalFieldName : Login_Button, LogicalFieldValue : True )
----------------
2019-01-29 10:43:59,658 INFO  execution-log - [Sequence No - 6]	 Command completed.
----------------
2019-01-29 10:43:59,668 INFO  execution-log - [Sequence No - 7] Beginning ActionCommand ( LogicalFieldName : Login_Button, LogicalFieldValue : Click )
----------------
2019-01-29 10:43:59,781 INFO  execution-log - [Sequence No - 7]	 Command completed.
----------------
2019-01-29 10:43:59,789 INFO  execution-log - 	 Command completed.
----------------
2019-01-29 10:43:59,794 INFO  execution-log -  Beginning PageCommand ( CurrentPage : Home, FlowIdentifier : 2, DiIndicator : DI )
----------------
2019-01-29 10:43:59,799 INFO  execution-log - 	 Command completed.
----------------
2019-01-29 10:43:59,805 INFO  execution-log -  Beginning LoadTestDataItemCommand ( CurrentPage : Home, FlowIdentifier : 2, DiIndicator : DI )
----------------
2019-01-29 10:43:59,819 INFO  execution-log - [Sequence No - 8] Beginning ActionCommand ( LogicalFieldName : New Quote, LogicalFieldValue : Click )
----------------
2019-01-29 10:44:01,497 INFO  execution-log - [Sequence No - 8]	 Command completed.
----------------
2019-01-29 10:44:01,526 INFO  execution-log - 	 Command completed.
----------------
2019-01-29 10:44:01,532 INFO  execution-log -  Beginning PageCommand ( CurrentPage : New Quote, FlowIdentifier : 3, DiIndicator : DI )
----------------
2019-01-29 10:44:01,537 INFO  execution-log - 	 Command completed.
----------------
2019-01-29 10:44:01,543 INFO  execution-log -  Beginning LoadTestDataItemCommand ( CurrentPage : New Quote, FlowIdentifier : 3, DiIndicator : DI )
----------------
2019-01-29 10:44:01,558 INFO  execution-log - [Sequence No - 9] Beginning TestDataCommand ( LogicalFieldName : Account Name, LogicalFieldValue : Cycle Insurance1 )
----------------
2019-01-29 10:44:01,853 INFO  execution-log - [Sequence No - 9]	 Command completed.
----------------
2019-01-29 10:44:01,866 INFO  execution-log - [Sequence No - 11] Beginning TestDataCommand ( LogicalFieldName : First Name, LogicalFieldValue : Jack )
----------------
2019-01-29 10:44:02,084 INFO  execution-log - [Sequence No - 11]	 Command completed.
----------------
2019-01-29 10:44:02,094 INFO  execution-log - [Sequence No - 12] Beginning TestDataCommand ( LogicalFieldName : Last Name, LogicalFieldValue : Smith )
----------------
2019-01-29 10:44:02,260 INFO  execution-log - [Sequence No - 12]	 Command completed.
----------------
2019-01-29 10:44:02,270 INFO  execution-log - [Sequence No - 13] Beginning TestDataCommand ( LogicalFieldName : ContactNumber1, LogicalFieldValue : 654 )
----------------
2019-01-29 10:44:02,387 INFO  execution-log - [Sequence No - 13]	 Command completed.
----------------
2019-01-29 10:44:02,397 INFO  execution-log - [Sequence No - 14] Beginning TestDataCommand ( LogicalFieldName : ContactNumber2, LogicalFieldValue : 321 )
----------------
2019-01-29 10:44:02,519 INFO  execution-log - [Sequence No - 14]	 Command completed.
----------------
2019-01-29 10:44:02,530 INFO  execution-log - [Sequence No - 15] Beginning TestDataCommand ( LogicalFieldName : ContactNumber3, LogicalFieldValue : 6541 )
----------------
2019-01-29 10:44:02,647 INFO  execution-log - [Sequence No - 15]	 Command completed.
----------------
2019-01-29 10:44:02,657 INFO  execution-log - [Sequence No - 16] Beginning TestDataCommand ( LogicalFieldName : Primary Email, LogicalFieldValue : jack.smith@gmail.com )
----------------
2019-01-29 10:44:02,895 INFO  execution-log - [Sequence No - 16]	 Command completed.
----------------
2019-01-29 10:44:02,904 INFO  execution-log - [Sequence No - 17] Beginning TestDataCommand ( LogicalFieldName : Business Started Year, LogicalFieldValue : 2012 )
----------------
2019-01-29 10:44:03,162 INFO  execution-log - [Sequence No - 17]	 Command completed.
----------------
2019-01-29 10:44:03,175 INFO  execution-log - [Sequence No - 18] Beginning ActionCommand ( LogicalFieldName : Select Product, LogicalFieldValue : Click )
----------------
2019-01-29 10:44:03,322 INFO  execution-log - [Sequence No - 18]	 Command completed.
----------------
2019-01-29 10:44:03,339 INFO  execution-log - [Sequence No - 19] Beginning ActionCommand ( LogicalFieldName : Select Product1, LogicalFieldValue : Click )
----------------
2019-01-29 10:44:03,465 INFO  execution-log - [Sequence No - 19]	 Command completed.
----------------
2019-01-29 10:44:03,479 INFO  execution-log - [Sequence No - 20] Beginning ActionCommand ( LogicalFieldName : Contact Name, LogicalFieldValue : Click )
----------------
2019-01-29 10:44:03,626 INFO  execution-log - [Sequence No - 20]	 Command completed.
----------------
2019-01-29 10:44:03,637 INFO  execution-log - [Sequence No - 21] Beginning ActionCommand ( LogicalFieldName : Contact Name Initial Select, LogicalFieldValue : Click )
----------------
2019-01-29 10:44:04,274 INFO  execution-log - [Sequence No - 21]	 Command completed.
----------------
2019-01-29 10:44:04,285 INFO  execution-log - [Sequence No - 22] Beginning ActionCommand ( LogicalFieldName : Industry, LogicalFieldValue : Click )
----------------
2019-01-29 10:44:04,455 INFO  execution-log - [Sequence No - 22]	 Command completed.
----------------
2019-01-29 10:44:04,469 INFO  execution-log - [Sequence No - 23] Beginning ActionCommand ( LogicalFieldName : Industry1, LogicalFieldValue : Click )
----------------
2019-01-29 10:44:04,614 INFO  execution-log - [Sequence No - 23]	 Command completed.
----------------
2019-01-29 10:44:04,628 INFO  execution-log - [Sequence No - 24] Beginning TestDataCommand ( LogicalFieldName : Zip Code, LogicalFieldValue : 53704 )
----------------
2019-01-29 10:44:04,794 INFO  execution-log - [Sequence No - 24]	 Command completed.
----------------
2019-01-29 10:44:04,807 INFO  execution-log - [Sequence No - 25] Beginning ActionCommand ( LogicalFieldName : zipcode click, LogicalFieldValue : Click )
----------------
2019-01-29 10:44:05,192 INFO  execution-log - [Sequence No - 25]	 Command completed.
----------------
2019-01-29 10:44:05,202 INFO  execution-log - [Sequence No - 26] Beginning TestDataCommand ( LogicalFieldName : Street Address, LogicalFieldValue : 123 BLUEJAY LN )
----------------
2019-01-29 10:44:05,465 INFO  execution-log - [Sequence No - 26]	 Command completed.
----------------
2019-01-29 10:44:05,477 INFO  execution-log - [Sequence No - 27] Beginning ActionCommand ( LogicalFieldName : Same as Physical Address, LogicalFieldValue : Click )
----------------
2019-01-29 10:44:05,615 INFO  execution-log - [Sequence No - 27]	 Command completed.
----------------
2019-01-29 10:44:05,628 INFO  execution-log - [Sequence No - 28] Beginning ActionCommand ( LogicalFieldName : Proceed, LogicalFieldValue : Click )
----------------
2019-01-29 10:44:05,780 INFO  execution-log - [Sequence No - 28]	 Command completed.
----------------
2019-01-29 10:44:05,797 INFO  execution-log - [Sequence No - 29] Beginning TestDataCommand ( LogicalFieldName : InsuredName, LogicalFieldValue : Smith )
----------------
2019-01-29 10:44:07,762 INFO  execution-log - [Sequence No - 29]	 Command completed.
----------------
2019-01-29 10:44:07,770 INFO  execution-log - 	 Command completed.
----------------
2019-01-29 10:44:07,803 INFO  execution-log - Saving captured values to file.
----------------
2019-01-29 10:44:07,810 INFO  execution-log - TC # : 1, has completed successfully.
----------------
