2019-02-05 05:39:50,645 INFO  execution-log - 	Initializing control map with map # MASTER
----------------
2019-02-05 05:39:50,659 INFO  execution-log - Initializing Test Automation
----------------
2019-02-05 05:39:50,664 INFO  execution-log - 	target browser: Chrome
----------------
2019-02-05 05:39:50,671 INFO  execution-log - TC # : 1, Downloading test case from DB
----------------
2019-02-05 05:39:50,694 INFO  execution-log - TC # : 1, Getting test data from DB
----------------
2019-02-05 05:39:50,694 INFO  execution-log - TC # : 1, Getting control map :MASTER from DB
----------------
2019-02-05 05:39:50,715 INFO  execution-log - TC # : 1, Control map retrieval completed
----------------
2019-02-05 05:39:50,718 INFO  execution-log - TC # : 1, Test data retrieval completed
----------------
2019-02-05 05:39:50,724 INFO  execution-log - TC # : 1, Parsing commands
----------------
2019-02-05 05:39:50,729 INFO  execution-log - Loading captured values from persistence.
----------------
2019-02-05 05:39:50,736 INFO  execution-log - TC # : 1, Started executing test case in the VMTESTAPP1 environment (http://vam-qa.cloudapp.net:6363/pages/login.html)
----------------
2019-02-05 05:39:50,791 INFO  execution-log -  Beginning StartIterationCommand ( Iterations : 1 )
----------------
2019-02-05 05:39:50,796 INFO  execution-log - TC # : 1, Starting iteration #1
----------------
2019-02-05 05:39:50,801 INFO  execution-log - 	 Command completed.
----------------
2019-02-05 05:39:50,806 INFO  execution-log -  Beginning InvokeApplicationCommand ( Target :  )
----------------
2019-02-05 05:39:51,648 INFO  execution-log - 	 Command completed.
----------------
2019-02-05 05:39:51,654 INFO  execution-log -  Beginning PageCommand ( CurrentPage : Login, FlowIdentifier : 1, DiIndicator : DI )
----------------
2019-02-05 05:39:51,668 INFO  execution-log - 	 Command completed.
----------------
2019-02-05 05:39:51,674 INFO  execution-log -  Beginning LoadTestDataItemCommand ( CurrentPage : Login, FlowIdentifier : 1, DiIndicator : DI )
----------------
2019-02-05 05:39:51,696 INFO  execution-log - [Sequence No - 1] Beginning ValidateExistStatusCommand ( LogicalFieldName : User Name, LogicalFieldValue : True )
----------------
2019-02-05 05:39:51,724 INFO  execution-log - [Sequence No - 1]	 Command completed.
----------------
2019-02-05 05:39:51,732 INFO  execution-log - [Sequence No - 2] Beginning ActionCommand ( LogicalFieldName : User Name, LogicalFieldValue : Click )
----------------
2019-02-05 05:39:51,856 INFO  execution-log - [Sequence No - 2]	 Command completed.
----------------
2019-02-05 05:39:51,873 INFO  execution-log - [Sequence No - 3] Beginning TestDataCommand ( LogicalFieldName : User Name, LogicalFieldValue : Jack )
----------------
2019-02-05 05:39:51,965 INFO  execution-log - [Sequence No - 3]	 Command completed.
----------------
2019-02-05 05:39:51,974 INFO  execution-log - [Sequence No - 4] Beginning ValidateExistStatusCommand ( LogicalFieldName : Password, LogicalFieldValue : True )
----------------
2019-02-05 05:39:51,994 INFO  execution-log - [Sequence No - 4]	 Command completed.
----------------
2019-02-05 05:39:52,002 INFO  execution-log - [Sequence No - 5] Beginning TestDataCommand ( LogicalFieldName : Password, LogicalFieldValue : Smit@123 )
----------------
2019-02-05 05:39:52,124 INFO  execution-log - [Sequence No - 5]	 Command completed.
----------------
2019-02-05 05:39:52,134 INFO  execution-log - [Sequence No - 6] Beginning ValidateEnableStatusCommand ( LogicalFieldName : Login_Button, LogicalFieldValue : True )
----------------
2019-02-05 05:39:52,167 INFO  execution-log - [Sequence No - 6]	 Command completed.
----------------
2019-02-05 05:39:52,175 INFO  execution-log - [Sequence No - 7] Beginning ActionCommand ( LogicalFieldName : Login_Button, LogicalFieldValue : Click )
----------------
2019-02-05 05:39:52,277 INFO  execution-log - [Sequence No - 7]	 Command completed.
----------------
2019-02-05 05:39:52,283 INFO  execution-log - 	 Command completed.
----------------
2019-02-05 05:39:52,288 INFO  execution-log -  Beginning PageCommand ( CurrentPage : Home, FlowIdentifier : 2, DiIndicator : DI )
----------------
2019-02-05 05:39:52,293 INFO  execution-log - 	 Command completed.
----------------
2019-02-05 05:39:52,297 INFO  execution-log -  Beginning LoadTestDataItemCommand ( CurrentPage : Home, FlowIdentifier : 2, DiIndicator : DI )
----------------
2019-02-05 05:39:52,310 INFO  execution-log - [Sequence No - 8] Beginning ValidateEnableStatusCommand ( LogicalFieldName : New Quote, LogicalFieldValue : True )
----------------
2019-02-05 05:39:53,357 INFO  execution-log - [Sequence No - 8]	 Command completed.
----------------
2019-02-05 05:39:53,372 INFO  execution-log - [Sequence No - 9] Beginning ActionCommand ( LogicalFieldName : New Quote, LogicalFieldValue : Click )
----------------
2019-02-05 05:39:53,980 INFO  execution-log - [Sequence No - 9]	 Command completed.
----------------
2019-02-05 05:39:53,999 INFO  execution-log - 	 Command completed.
----------------
2019-02-05 05:39:54,005 INFO  execution-log -  Beginning PageCommand ( CurrentPage : New Quote, FlowIdentifier : 3, DiIndicator : DI )
----------------
2019-02-05 05:39:54,010 INFO  execution-log - 	 Command completed.
----------------
2019-02-05 05:39:54,015 INFO  execution-log -  Beginning LoadTestDataItemCommand ( CurrentPage : New Quote, FlowIdentifier : 3, DiIndicator : DI )
----------------
2019-02-05 05:39:54,032 INFO  execution-log - [Sequence No - 10] Beginning ValidateExistStatusCommand ( LogicalFieldName : Account Name, LogicalFieldValue : True )
----------------
2019-02-05 05:39:54,064 INFO  execution-log - [Sequence No - 10]	 Command completed.
----------------
2019-02-05 05:39:54,075 INFO  execution-log - [Sequence No - 11] Beginning TestDataCommand ( LogicalFieldName : Account Name, LogicalFieldValue : RANDOMIZE(7,2) )
----------------
2019-02-05 05:39:54,319 INFO  execution-log - [Sequence No - 11]	 Command completed.
----------------
2019-02-05 05:39:54,332 INFO  execution-log - [Sequence No - 12] Beginning ValidateExistStatusCommand ( LogicalFieldName : First Name, LogicalFieldValue : True )
----------------
2019-02-05 05:39:54,357 INFO  execution-log - [Sequence No - 12]	 Command completed.
----------------
2019-02-05 05:39:54,365 INFO  execution-log - [Sequence No - 13] Beginning TestDataCommand ( LogicalFieldName : First Name, LogicalFieldValue : Jack )
----------------
2019-02-05 05:39:54,564 INFO  execution-log - [Sequence No - 13]	 Command completed.
----------------
2019-02-05 05:39:54,575 INFO  execution-log - [Sequence No - 14] Beginning ValidateEnableStatusCommand ( LogicalFieldName : Last Name, LogicalFieldValue : True )
----------------
2019-02-05 05:39:54,605 INFO  execution-log - [Sequence No - 14]	 Command completed.
----------------
2019-02-05 05:39:54,613 INFO  execution-log - [Sequence No - 15] Beginning TestDataCommand ( LogicalFieldName : Last Name, LogicalFieldValue : Smith )
----------------
2019-02-05 05:39:54,771 INFO  execution-log - [Sequence No - 15]	 Command completed.
----------------
2019-02-05 05:39:54,781 INFO  execution-log - [Sequence No - 16] Beginning ValidateExistStatusCommand ( LogicalFieldName : ContactNumber1, LogicalFieldValue : True )
----------------
2019-02-05 05:39:54,802 INFO  execution-log - [Sequence No - 16]	 Command completed.
----------------
2019-02-05 05:39:54,810 INFO  execution-log - [Sequence No - 17] Beginning TestDataCommand ( LogicalFieldName : ContactNumber1, LogicalFieldValue : 654 )
----------------
2019-02-05 05:39:54,930 INFO  execution-log - [Sequence No - 17]	 Command completed.
----------------
2019-02-05 05:39:54,951 INFO  execution-log - [Sequence No - 18] Beginning TestDataCommand ( LogicalFieldName : ContactNumber2, LogicalFieldValue : 321 )
----------------
2019-02-05 05:39:55,078 INFO  execution-log - [Sequence No - 18]	 Command completed.
----------------
2019-02-05 05:39:55,088 INFO  execution-log - [Sequence No - 19] Beginning TestDataCommand ( LogicalFieldName : ContactNumber3, LogicalFieldValue : 6541 )
----------------
2019-02-05 05:39:55,206 INFO  execution-log - [Sequence No - 19]	 Command completed.
----------------
2019-02-05 05:39:55,217 INFO  execution-log - [Sequence No - 20] Beginning ValidateExistStatusCommand ( LogicalFieldName : Primary Email, LogicalFieldValue : True )
----------------
2019-02-05 05:39:55,238 INFO  execution-log - [Sequence No - 20]	 Command completed.
----------------
2019-02-05 05:39:55,247 INFO  execution-log - [Sequence No - 21] Beginning TestDataCommand ( LogicalFieldName : Primary Email, LogicalFieldValue : jack.smith@gmail.com )
----------------
2019-02-05 05:39:55,618 INFO  execution-log - [Sequence No - 21]	 Command completed.
----------------
2019-02-05 05:39:55,628 INFO  execution-log - [Sequence No - 22] Beginning ValidateExistStatusCommand ( LogicalFieldName : Business Started Year, LogicalFieldValue : True )
----------------
2019-02-05 05:39:55,650 INFO  execution-log - [Sequence No - 22]	 Command completed.
----------------
2019-02-05 05:39:55,658 INFO  execution-log - [Sequence No - 23] Beginning TestDataCommand ( LogicalFieldName : Business Started Year, LogicalFieldValue : 2012 )
----------------
2019-02-05 05:39:55,786 INFO  execution-log - [Sequence No - 23]	 Command completed.
----------------
2019-02-05 05:39:55,798 INFO  execution-log - [Sequence No - 24] Beginning ActionCommand ( LogicalFieldName : Select Product, LogicalFieldValue : Click )
----------------
2019-02-05 05:39:55,961 INFO  execution-log - [Sequence No - 24]	 Command completed.
----------------
2019-02-05 05:39:55,972 INFO  execution-log - [Sequence No - 25] Beginning ActionCommand ( LogicalFieldName : Select Product1, LogicalFieldValue : Click )
----------------
2019-02-05 05:39:56,125 INFO  execution-log - [Sequence No - 25]	 Command completed.
----------------
2019-02-05 05:39:56,135 INFO  execution-log - [Sequence No - 26] Beginning ActionCommand ( LogicalFieldName : Contact Name, LogicalFieldValue : Click )
----------------
2019-02-05 05:39:56,298 INFO  execution-log - [Sequence No - 26]	 Command completed.
----------------
2019-02-05 05:39:56,307 INFO  execution-log - [Sequence No - 27] Beginning ActionCommand ( LogicalFieldName : Contact Name Initial Select, LogicalFieldValue : Click )
----------------
2019-02-05 05:39:56,953 INFO  execution-log - [Sequence No - 27]	 Command completed.
----------------
2019-02-05 05:39:56,966 INFO  execution-log - [Sequence No - 28] Beginning ActionCommand ( LogicalFieldName : Industry, LogicalFieldValue : Click )
----------------
2019-02-05 05:39:57,125 INFO  execution-log - [Sequence No - 28]	 Command completed.
----------------
2019-02-05 05:39:57,136 INFO  execution-log - [Sequence No - 29] Beginning ActionCommand ( LogicalFieldName : Industry1, LogicalFieldValue : Click )
----------------
2019-02-05 05:39:57,270 INFO  execution-log - [Sequence No - 29]	 Command completed.
----------------
2019-02-05 05:39:57,281 INFO  execution-log - [Sequence No - 30] Beginning TestDataCommand ( LogicalFieldName : Zip Code, LogicalFieldValue : 53704 )
----------------
2019-02-05 05:39:57,443 INFO  execution-log - [Sequence No - 30]	 Command completed.
----------------
2019-02-05 05:39:57,455 INFO  execution-log - [Sequence No - 31] Beginning ActionCommand ( LogicalFieldName : zipcode click, LogicalFieldValue : Click )
----------------
2019-02-05 05:39:57,837 INFO  execution-log - [Sequence No - 31]	 Command completed.
----------------
2019-02-05 05:39:57,851 INFO  execution-log - [Sequence No - 32] Beginning TestDataCommand ( LogicalFieldName : Street Address, LogicalFieldValue : 123 BLUEJAY LN )
----------------
2019-02-05 05:39:58,091 INFO  execution-log - [Sequence No - 32]	 Command completed.
----------------
2019-02-05 05:39:58,101 INFO  execution-log - [Sequence No - 33] Beginning ActionCommand ( LogicalFieldName : Same as Physical Address, LogicalFieldValue : Click )
----------------
2019-02-05 05:39:58,218 INFO  execution-log - [Sequence No - 33]	 Command completed.
----------------
2019-02-05 05:39:58,228 INFO  execution-log - [Sequence No - 34] Beginning ActionCommand ( LogicalFieldName : Proceed, LogicalFieldValue : Click )
----------------
2019-02-05 05:39:58,361 INFO  execution-log - [Sequence No - 34]	 Command completed.
----------------
2019-02-05 05:39:58,367 INFO  execution-log - 	 Command completed.
----------------
2019-02-05 05:39:58,373 INFO  execution-log -  Beginning PageCommand ( CurrentPage : Insured Info, FlowIdentifier : 4, DiIndicator : DI )
----------------
2019-02-05 05:39:58,382 INFO  execution-log - 	 Command completed.
----------------
2019-02-05 05:39:58,388 INFO  execution-log -  Beginning LoadTestDataItemCommand ( CurrentPage : Insured Info, FlowIdentifier : 4, DiIndicator : DI )
----------------
2019-02-05 05:39:58,401 INFO  execution-log - [Sequence No - 35] Beginning TestDataCommand ( LogicalFieldName : InsuredName, LogicalFieldValue : Smith )
----------------
2019-02-05 05:40:00,584 INFO  execution-log - [Sequence No - 35]	 Command completed.
----------------
2019-02-05 05:40:00,598 INFO  execution-log - [Sequence No - 36] Beginning ActionCommand ( LogicalFieldName : Primary State Click, LogicalFieldValue : Click )
----------------
2019-02-05 05:40:00,783 INFO  execution-log - [Sequence No - 36]	 Command completed.
----------------
2019-02-05 05:40:00,799 INFO  execution-log - [Sequence No - 37] Beginning ActionCommand ( LogicalFieldName : PrimayState Select, LogicalFieldValue : Click )
----------------
2019-02-05 05:40:00,991 INFO  execution-log - [Sequence No - 37]	 Command completed.
----------------
2019-02-05 05:40:01,005 INFO  execution-log - [Sequence No - 38] Beginning TestDataCommand ( LogicalFieldName : Street Address, LogicalFieldValue : 123 new street )
----------------
2019-02-05 05:40:01,312 INFO  execution-log - [Sequence No - 38]	 Command completed.
----------------
2019-02-05 05:40:01,323 INFO  execution-log - [Sequence No - 39] Beginning TestDataCommand ( LogicalFieldName : Zip Code, LogicalFieldValue : 53704 )
----------------
2019-02-05 05:40:01,487 INFO  execution-log - [Sequence No - 39]	 Command completed.
----------------
2019-02-05 05:40:01,499 INFO  execution-log - [Sequence No - 40] Beginning ActionCommand ( LogicalFieldName : Same as Physical Address, LogicalFieldValue : Click )
----------------
2019-02-05 05:40:01,639 INFO  execution-log - [Sequence No - 40]	 Command completed.
----------------
2019-02-05 05:40:01,650 INFO  execution-log - [Sequence No - 41] Beginning TestDataCommand ( LogicalFieldName : SIC Code, LogicalFieldValue : 41510000-School buses )
----------------
2019-02-05 05:40:01,951 INFO  execution-log - [Sequence No - 41]	 Command completed.
----------------
2019-02-05 05:40:01,963 INFO  execution-log - [Sequence No - 42] Beginning TestDataCommand ( LogicalFieldName : BusinessInceptionYear, LogicalFieldValue : 2012 )
----------------
2019-02-05 05:40:02,087 INFO  execution-log - [Sequence No - 42]	 Command completed.
----------------
2019-02-05 05:40:02,103 INFO  execution-log - [Sequence No - 43] Beginning TestDataCommand ( LogicalFieldName : BusinessPhone, LogicalFieldValue : 6549879879 )
----------------
2019-02-05 05:40:03,370 INFO  execution-log - [Sequence No - 43]	 Command completed.
----------------
2019-02-05 05:40:03,381 INFO  execution-log - [Sequence No - 44] Beginning ActionCommand ( LogicalFieldName : Next, LogicalFieldValue : Click )
----------------
2019-02-05 05:40:03,509 INFO  execution-log - [Sequence No - 44]	 Command completed.
----------------
2019-02-05 05:40:03,516 INFO  execution-log - 	 Command completed.
----------------
2019-02-05 05:40:03,521 INFO  execution-log -  Beginning PageCommand ( CurrentPage : Policy Info, FlowIdentifier : 5, DiIndicator : DI )
----------------
2019-02-05 05:40:03,528 INFO  execution-log - 	 Command completed.
----------------
2019-02-05 05:40:03,538 INFO  execution-log -  Beginning LoadTestDataItemCommand ( CurrentPage : Policy Info, FlowIdentifier : 5, DiIndicator : DI )
----------------
2019-02-05 05:40:03,551 INFO  execution-log - [Sequence No - 45] Beginning ActionCommand ( LogicalFieldName : Which State do u operate In?, LogicalFieldValue : Click )
----------------
2019-02-05 05:40:04,758 INFO  execution-log - [Sequence No - 45]	 Command completed.
----------------
2019-02-05 05:40:04,769 INFO  execution-log - [Sequence No - 46] Beginning ActionCommand ( LogicalFieldName : Which State do u operate In?1, LogicalFieldValue : Click )
----------------
2019-02-05 05:40:05,395 INFO  execution-log - [Sequence No - 46]	 Command completed.
----------------
2019-02-05 05:40:05,405 INFO  execution-log - [Sequence No - 47] Beginning ActionCommand ( LogicalFieldName : Label Click, LogicalFieldValue : Click )
----------------
2019-02-05 05:40:05,546 INFO  execution-log - [Sequence No - 47]	 Command completed.
----------------
2019-02-05 05:40:05,558 INFO  execution-log - [Sequence No - 48] Beginning ActionCommand ( LogicalFieldName : Collapse, LogicalFieldValue : Click )
----------------
2019-02-05 05:40:05,775 INFO  execution-log - [Sequence No - 48]	 Command completed.
----------------
2019-02-05 05:40:05,785 INFO  execution-log - [Sequence No - 49] Beginning ActionCommand ( LogicalFieldName : Select Product, LogicalFieldValue : Click-Wait(2000) )
----------------
2019-02-05 05:40:10,002 INFO  execution-log - [Sequence No - 49]	 Command completed.
----------------
2019-02-05 05:40:10,011 INFO  execution-log - [Sequence No - 50] Beginning ActionCommand ( LogicalFieldName : Select Product 1, LogicalFieldValue : Click )
----------------
2019-02-05 05:40:12,398 INFO  execution-log - [Sequence No - 50]	 Command completed.
----------------
2019-02-05 05:40:12,410 INFO  execution-log - [Sequence No - 51] Beginning ActionCommand ( LogicalFieldName : Next Policy Info, LogicalFieldValue : Click(1000) )
----------------
2019-02-05 05:40:12,537 INFO  execution-log - [Sequence No - 51]	 Command completed.
----------------
2019-02-05 05:40:12,545 INFO  execution-log - 	 Command completed.
----------------
2019-02-05 05:40:12,581 INFO  execution-log - Saving captured values to file.
----------------
2019-02-05 05:40:12,587 INFO  execution-log - TC # : 1, has completed successfully.
----------------
