2019-01-29 02:25:53,101 INFO  execution-log - 	Initializing control map with map # MASTER
----------------
2019-01-29 02:25:53,101 INFO  execution-log - Initializing Test Automation
----------------
2019-01-29 02:25:53,101 INFO  execution-log - 	target browser: Chrome
----------------
2019-01-29 02:25:53,117 INFO  execution-log - TC # : 2, Downloading test case from DB
----------------
2019-01-29 02:25:53,117 INFO  execution-log - TC # : 2, Getting control map :MASTER from DB
----------------
2019-01-29 02:25:53,133 INFO  execution-log - TC # : 2, Getting test data from DB
----------------
2019-01-29 02:25:53,133 INFO  execution-log - TC # : 2, Control map retrieval completed
----------------
2019-01-29 02:25:53,133 INFO  execution-log - TC # : 2, Test data retrieval completed
----------------
2019-01-29 02:25:53,148 INFO  execution-log - TC # : 2, Parsing commands
----------------
2019-01-29 02:25:53,148 INFO  execution-log - Loading captured values from persistence.
----------------
2019-01-29 02:25:53,148 INFO  execution-log - TC # : 2, Started executing test case in the VMTESTAPP1 environment (http://vam-qa.cloudapp.net:6363/pages/login.html)
----------------
2019-01-29 02:25:53,180 INFO  execution-log -  Beginning StartIterationCommand ( Iterations : 1 )
----------------
2019-01-29 02:25:53,180 INFO  execution-log - TC # : 2, Starting iteration #1
----------------
2019-01-29 02:25:53,180 INFO  execution-log - 	 Command completed.
----------------
2019-01-29 02:25:53,180 INFO  execution-log -  Beginning InvokeApplicationCommand ( Target :  )
----------------
2019-01-29 02:25:54,176 INFO  execution-log - 	 Command completed.
----------------
2019-01-29 02:25:54,182 INFO  execution-log -  Beginning PageCommand ( CurrentPage : Login, FlowIdentifier : 1, DiIndicator : DI )
----------------
2019-01-29 02:25:54,187 INFO  execution-log - 	 Command completed.
----------------
2019-01-29 02:25:54,193 INFO  execution-log -  Beginning LoadTestDataItemCommand ( CurrentPage : Login, FlowIdentifier : 1, DiIndicator : DI )
----------------
2019-01-29 02:25:54,207 INFO  execution-log - [Sequence No - 1] Beginning ValidateExistStatusCommand ( LogicalFieldName : User Name, LogicalFieldValue : True )
----------------
2019-01-29 02:25:54,229 INFO  execution-log - [Sequence No - 1]	 Command completed.
----------------
2019-01-29 02:25:54,238 INFO  execution-log - [Sequence No - 2] Beginning ActionCommand ( LogicalFieldName : User Name, LogicalFieldValue : Click )
----------------
2019-01-29 02:25:54,361 INFO  execution-log - [Sequence No - 2]	 Command completed.
----------------
2019-01-29 02:25:54,372 INFO  execution-log - [Sequence No - 3] Beginning TestDataCommand ( LogicalFieldName : User Name, LogicalFieldValue : Jack )
----------------
2019-01-29 02:25:54,455 INFO  execution-log - [Sequence No - 3]	 Command completed.
----------------
2019-01-29 02:25:54,464 INFO  execution-log - [Sequence No - 4] Beginning ValidateExistStatusCommand ( LogicalFieldName : Password, LogicalFieldValue : True )
----------------
2019-01-29 02:25:54,484 INFO  execution-log - [Sequence No - 4]	 Command completed.
----------------
2019-01-29 02:25:54,497 INFO  execution-log - [Sequence No - 5] Beginning TestDataCommand ( LogicalFieldName : Password, LogicalFieldValue : Smit@123 )
----------------
2019-01-29 02:25:54,633 INFO  execution-log - [Sequence No - 5]	 Command completed.
----------------
2019-01-29 02:25:54,643 INFO  execution-log - [Sequence No - 6] Beginning ValidateEnableStatusCommand ( LogicalFieldName : Login_Button, LogicalFieldValue : True )
----------------
2019-01-29 02:25:54,671 INFO  execution-log - [Sequence No - 6]	 Command completed.
----------------
2019-01-29 02:25:54,679 INFO  execution-log - [Sequence No - 7] Beginning ActionCommand ( LogicalFieldName : Login_Button, LogicalFieldValue : Click )
----------------
2019-01-29 02:25:54,792 INFO  execution-log - [Sequence No - 7]	 Command completed.
----------------
2019-01-29 02:25:54,798 INFO  execution-log - 	 Command completed.
----------------
2019-01-29 02:25:54,802 INFO  execution-log -  Beginning StartIterationCommand ( Iterations : 2 )
----------------
2019-01-29 02:25:54,807 INFO  execution-log - TC # : 2, Starting iteration #2
----------------
2019-01-29 02:25:54,812 INFO  execution-log - 	 Command completed.
----------------
2019-01-29 02:25:54,818 INFO  execution-log -  Beginning InvokeApplicationCommand ( Target :  )
----------------
2019-01-29 02:25:55,026 INFO  execution-log - 	 Command completed.
----------------
2019-01-29 02:25:55,032 INFO  execution-log -  Beginning PageCommand ( CurrentPage : Home, FlowIdentifier : 1, DiIndicator : DI )
----------------
2019-01-29 02:25:55,038 INFO  execution-log - 	 Command completed.
----------------
2019-01-29 02:25:55,042 INFO  execution-log -  Beginning LoadTestDataItemCommand ( CurrentPage : Home, FlowIdentifier : 1, DiIndicator : DI )
----------------
2019-01-29 02:25:55,053 INFO  execution-log - 	 Command completed.
----------------
2019-01-29 02:25:55,065 INFO  execution-log - Saving captured values to file.
----------------
2019-01-29 02:25:55,065 INFO  execution-log - TC # : 2, has completed successfully.
----------------
