2019-02-04 04:46:39,740 INFO  execution-log - 	Initializing control map with map # MASTER
----------------
2019-02-04 04:46:39,755 INFO  execution-log - Initializing Test Automation
----------------
2019-02-04 04:46:39,760 INFO  execution-log - 	target browser: Chrome
----------------
2019-02-04 04:46:39,768 INFO  execution-log - TC # : 1, Downloading test case from DB
----------------
2019-02-04 04:46:39,788 INFO  execution-log - TC # : 1, Getting control map :MASTER from DB
----------------
2019-02-04 04:46:39,788 INFO  execution-log - TC # : 1, Getting test data from DB
----------------
2019-02-04 04:46:39,803 INFO  execution-log - TC # : 1, Control map retrieval completed
----------------
2019-02-04 04:46:39,814 INFO  execution-log - TC # : 1, Test data retrieval completed
----------------
2019-02-04 04:46:39,818 INFO  execution-log - TC # : 1, Parsing commands
----------------
2019-02-04 04:46:39,823 INFO  execution-log - Loading captured values from persistence.
----------------
2019-02-04 04:46:39,830 INFO  execution-log - TC # : 1, Started executing test case in the VMTESTAPP1 environment (http://vam-qa.cloudapp.net:6363/pages/login.html)
----------------
2019-02-04 04:46:39,866 INFO  execution-log -  Beginning StartIterationCommand ( Iterations : 1 )
----------------
2019-02-04 04:46:39,881 INFO  execution-log - TC # : 1, Starting iteration #1
----------------
2019-02-04 04:46:39,881 INFO  execution-log - 	 Command completed.
----------------
2019-02-04 04:46:39,881 INFO  execution-log -  Beginning InvokeApplicationCommand ( Target :  )
----------------
2019-02-04 04:46:40,859 INFO  execution-log - 	 Command completed.
----------------
2019-02-04 04:46:40,866 INFO  execution-log -  Beginning PageCommand ( CurrentPage : Login, FlowIdentifier : 1, DiIndicator : DI )
----------------
2019-02-04 04:46:40,874 INFO  execution-log - 	 Command completed.
----------------
2019-02-04 04:46:40,880 INFO  execution-log -  Beginning LoadTestDataItemCommand ( CurrentPage : Login, FlowIdentifier : 1, DiIndicator : DI )
----------------
2019-02-04 04:46:40,899 INFO  execution-log - [Sequence No - 1] Beginning ValidateExistStatusCommand ( LogicalFieldName : User Name, LogicalFieldValue : True )
----------------
2019-02-04 04:46:40,929 INFO  execution-log - [Sequence No - 1]	 Command completed.
----------------
2019-02-04 04:46:40,938 INFO  execution-log - [Sequence No - 2] Beginning ActionCommand ( LogicalFieldName : User Name, LogicalFieldValue : Click )
----------------
2019-02-04 04:46:41,087 INFO  execution-log - [Sequence No - 2]	 Command completed.
----------------
2019-02-04 04:46:41,107 INFO  execution-log - [Sequence No - 3] Beginning TestDataCommand ( LogicalFieldName : User Name, LogicalFieldValue : Jack )
----------------
2019-02-04 04:46:41,203 INFO  execution-log - [Sequence No - 3]	 Command completed.
----------------
2019-02-04 04:46:41,215 INFO  execution-log - [Sequence No - 4] Beginning ValidateExistStatusCommand ( LogicalFieldName : Password, LogicalFieldValue : True )
----------------
2019-02-04 04:46:41,235 INFO  execution-log - [Sequence No - 4]	 Command completed.
----------------
2019-02-04 04:46:41,243 INFO  execution-log - [Sequence No - 5] Beginning TestDataCommand ( LogicalFieldName : Password, LogicalFieldValue : Smit@123 )
----------------
2019-02-04 04:46:41,371 INFO  execution-log - [Sequence No - 5]	 Command completed.
----------------
2019-02-04 04:46:41,383 INFO  execution-log - [Sequence No - 6] Beginning ValidateEnableStatusCommand ( LogicalFieldName : Login_Button, LogicalFieldValue : True )
----------------
2019-02-04 04:46:41,423 INFO  execution-log - [Sequence No - 6]	 Command completed.
----------------
2019-02-04 04:46:41,432 INFO  execution-log - [Sequence No - 7] Beginning ActionCommand ( LogicalFieldName : Login_Button, LogicalFieldValue : Click )
----------------
2019-02-04 04:46:41,538 INFO  execution-log - [Sequence No - 7]	 Command completed.
----------------
2019-02-04 04:46:41,544 INFO  execution-log - 	 Command completed.
----------------
2019-02-04 04:46:41,549 INFO  execution-log -  Beginning PageCommand ( CurrentPage : Home, FlowIdentifier : 2, DiIndicator : DI )
----------------
2019-02-04 04:46:41,554 INFO  execution-log - 	 Command completed.
----------------
2019-02-04 04:46:41,559 INFO  execution-log -  Beginning LoadTestDataItemCommand ( CurrentPage : Home, FlowIdentifier : 2, DiIndicator : DI )
----------------
2019-02-04 04:46:41,574 INFO  execution-log - [Sequence No - 8] Beginning ActionCommand ( LogicalFieldName : New Quote, LogicalFieldValue : Click )
----------------
2019-02-04 04:46:43,566 INFO  execution-log - [Sequence No - 8]	 Command completed.
----------------
2019-02-04 04:46:43,575 INFO  execution-log - 	 Command completed.
----------------
2019-02-04 04:46:43,584 INFO  execution-log -  Beginning PageCommand ( CurrentPage : New Quote, FlowIdentifier : 3, DiIndicator : DI )
----------------
2019-02-04 04:46:43,600 INFO  execution-log - 	 Command completed.
----------------
2019-02-04 04:46:43,617 INFO  execution-log -  Beginning LoadTestDataItemCommand ( CurrentPage : New Quote, FlowIdentifier : 3, DiIndicator : DI )
----------------
2019-02-04 04:46:43,705 INFO  execution-log - [Sequence No - 9] Beginning TestDataCommand ( LogicalFieldName : Account Name, LogicalFieldValue : RANDOMIZE(7,2) )
----------------
2019-02-04 04:46:43,965 INFO  execution-log - [Sequence No - 9]	 Command completed.
----------------
2019-02-04 04:46:43,975 INFO  execution-log - [Sequence No - 11] Beginning TestDataCommand ( LogicalFieldName : First Name, LogicalFieldValue : Jack )
----------------
2019-02-04 04:46:44,187 INFO  execution-log - [Sequence No - 11]	 Command completed.
----------------
2019-02-04 04:46:44,198 INFO  execution-log - [Sequence No - 12] Beginning TestDataCommand ( LogicalFieldName : Last Name, LogicalFieldValue : Smith )
----------------
2019-02-04 04:46:44,367 INFO  execution-log - [Sequence No - 12]	 Command completed.
----------------
2019-02-04 04:46:44,379 INFO  execution-log - [Sequence No - 13] Beginning TestDataCommand ( LogicalFieldName : ContactNumber1, LogicalFieldValue : 654 )
----------------
2019-02-04 04:46:44,523 INFO  execution-log - [Sequence No - 13]	 Command completed.
----------------
2019-02-04 04:46:44,534 INFO  execution-log - [Sequence No - 14] Beginning TestDataCommand ( LogicalFieldName : ContactNumber2, LogicalFieldValue : 321 )
----------------
2019-02-04 04:46:44,665 INFO  execution-log - [Sequence No - 14]	 Command completed.
----------------
2019-02-04 04:46:44,679 INFO  execution-log - [Sequence No - 15] Beginning TestDataCommand ( LogicalFieldName : ContactNumber3, LogicalFieldValue : 6541 )
----------------
2019-02-04 04:46:44,802 INFO  execution-log - [Sequence No - 15]	 Command completed.
----------------
2019-02-04 04:46:44,817 INFO  execution-log - [Sequence No - 16] Beginning TestDataCommand ( LogicalFieldName : Primary Email, LogicalFieldValue : jack.smith@gmail.com )
----------------
2019-02-04 04:46:45,265 INFO  execution-log - [Sequence No - 16]	 Command completed.
----------------
2019-02-04 04:46:45,279 INFO  execution-log - [Sequence No - 17] Beginning TestDataCommand ( LogicalFieldName : Business Started Year, LogicalFieldValue : 2012 )
----------------
2019-02-04 04:46:45,410 INFO  execution-log - [Sequence No - 17]	 Command completed.
----------------
2019-02-04 04:46:45,426 INFO  execution-log - [Sequence No - 18] Beginning ActionCommand ( LogicalFieldName : Select Product, LogicalFieldValue : Click )
----------------
2019-02-04 04:46:45,576 INFO  execution-log - [Sequence No - 18]	 Command completed.
----------------
2019-02-04 04:46:45,587 INFO  execution-log - [Sequence No - 19] Beginning ActionCommand ( LogicalFieldName : Select Product1, LogicalFieldValue : Click )
----------------
2019-02-04 04:46:45,736 INFO  execution-log - [Sequence No - 19]	 Command completed.
----------------
2019-02-04 04:46:45,748 INFO  execution-log - [Sequence No - 20] Beginning ActionCommand ( LogicalFieldName : Contact Name, LogicalFieldValue : Click )
----------------
2019-02-04 04:46:45,907 INFO  execution-log - [Sequence No - 20]	 Command completed.
----------------
2019-02-04 04:46:45,918 INFO  execution-log - [Sequence No - 21] Beginning ActionCommand ( LogicalFieldName : Contact Name Initial Select, LogicalFieldValue : Click )
----------------
2019-02-04 04:46:46,598 INFO  execution-log - [Sequence No - 21]	 Command completed.
----------------
2019-02-04 04:46:46,609 INFO  execution-log - [Sequence No - 22] Beginning ActionCommand ( LogicalFieldName : Industry, LogicalFieldValue : Click )
----------------
2019-02-04 04:46:46,816 INFO  execution-log - [Sequence No - 22]	 Command completed.
----------------
2019-02-04 04:46:46,833 INFO  execution-log - [Sequence No - 23] Beginning ActionCommand ( LogicalFieldName : Industry1, LogicalFieldValue : Click )
----------------
2019-02-04 04:46:47,046 INFO  execution-log - [Sequence No - 23]	 Command completed.
----------------
2019-02-04 04:46:47,056 INFO  execution-log - [Sequence No - 24] Beginning TestDataCommand ( LogicalFieldName : Zip Code, LogicalFieldValue : 53704 )
----------------
2019-02-04 04:46:47,222 INFO  execution-log - [Sequence No - 24]	 Command completed.
----------------
2019-02-04 04:46:47,232 INFO  execution-log - [Sequence No - 25] Beginning ActionCommand ( LogicalFieldName : zipcode click, LogicalFieldValue : Click )
----------------
2019-02-04 04:46:47,660 INFO  execution-log - [Sequence No - 25]	 Command completed.
----------------
2019-02-04 04:46:47,670 INFO  execution-log - [Sequence No - 26] Beginning TestDataCommand ( LogicalFieldName : Street Address, LogicalFieldValue : 123 BLUEJAY LN )
----------------
2019-02-04 04:46:47,902 INFO  execution-log - [Sequence No - 26]	 Command completed.
----------------
2019-02-04 04:46:47,914 INFO  execution-log - [Sequence No - 27] Beginning ActionCommand ( LogicalFieldName : Same as Physical Address, LogicalFieldValue : Click )
----------------
2019-02-04 04:46:48,048 INFO  execution-log - [Sequence No - 27]	 Command completed.
----------------
2019-02-04 04:46:48,058 INFO  execution-log - [Sequence No - 28] Beginning ActionCommand ( LogicalFieldName : Proceed, LogicalFieldValue : Click )
----------------
2019-02-04 04:46:48,244 INFO  execution-log - [Sequence No - 28]	 Command completed.
----------------
2019-02-04 04:46:48,254 INFO  execution-log - [Sequence No - 29] Beginning TestDataCommand ( LogicalFieldName : InsuredName, LogicalFieldValue : Smith )
----------------
2019-02-04 04:46:50,336 INFO  execution-log - [Sequence No - 29]	 Command completed.
----------------
2019-02-04 04:46:50,344 INFO  execution-log - 	 Command completed.
----------------
2019-02-04 04:46:50,385 INFO  execution-log - Saving captured values to file.
----------------
2019-02-04 04:46:50,391 INFO  execution-log - TC # : 1, has completed successfully.
----------------
