2019-02-07 08:54:22,471 INFO  execution-log - 	Initializing control map with map # MASTER
----------------
2019-02-07 08:54:22,487 INFO  execution-log - Initializing Test Automation
----------------
2019-02-07 08:54:22,492 INFO  execution-log - 	target browser: Chrome
----------------
2019-02-07 08:54:22,500 INFO  execution-log - TC # : 1, Downloading test case from DB
----------------
2019-02-07 08:54:22,517 INFO  execution-log - TC # : 1, Getting test data from DB
----------------
2019-02-07 08:54:22,518 INFO  execution-log - TC # : 1, Getting control map :MASTER from DB
----------------
2019-02-07 08:54:22,538 INFO  execution-log - TC # : 1, Control map retrieval completed
----------------
2019-02-07 08:54:22,541 INFO  execution-log - TC # : 1, Test data retrieval completed
----------------
2019-02-07 08:54:22,548 INFO  execution-log - TC # : 1, Parsing commands
----------------
2019-02-07 08:54:22,554 INFO  execution-log - Loading captured values from persistence.
----------------
2019-02-07 08:54:22,560 INFO  execution-log - TC # : 1, Started executing test case in the VMTESTAPP1 environment (http://vam-qa.cloudapp.net:6363/pages/login.html)
----------------
2019-02-07 08:54:22,625 INFO  execution-log -  Beginning StartIterationCommand ( Iterations : 1 )
----------------
2019-02-07 08:54:22,632 INFO  execution-log - TC # : 1, Starting iteration #1
----------------
2019-02-07 08:54:22,638 INFO  execution-log - 	 Command completed.
----------------
2019-02-07 08:54:22,643 INFO  execution-log -  Beginning InvokeApplicationCommand ( Target :  )
----------------
2019-02-07 08:54:23,443 INFO  execution-log - 	 Command completed.
----------------
2019-02-07 08:54:23,451 INFO  execution-log -  Beginning PageCommand ( CurrentPage : Login, FlowIdentifier : 1, DiIndicator : DI )
----------------
2019-02-07 08:54:23,457 INFO  execution-log - 	 Command completed.
----------------
2019-02-07 08:54:23,461 INFO  execution-log -  Beginning LoadTestDataItemCommand ( CurrentPage : Login, FlowIdentifier : 1, DiIndicator : DI )
----------------
2019-02-07 08:54:23,485 INFO  execution-log - [Sequence No - 1] Beginning ValidateExistStatusCommand ( LogicalFieldName : User Name, LogicalFieldValue : True )
----------------
2019-02-07 08:54:23,515 INFO  execution-log - [Sequence No - 1]	 Command completed.
----------------
2019-02-07 08:54:23,524 INFO  execution-log - [Sequence No - 2] Beginning ActionCommand ( LogicalFieldName : User Name, LogicalFieldValue : Click )
----------------
2019-02-07 08:54:23,664 INFO  execution-log - [Sequence No - 2]	 Command completed.
----------------
2019-02-07 08:54:23,675 INFO  execution-log - [Sequence No - 3] Beginning TestDataCommand ( LogicalFieldName : User Name, LogicalFieldValue : Jack )
----------------
2019-02-07 08:54:23,773 INFO  execution-log - [Sequence No - 3]	 Command completed.
----------------
2019-02-07 08:54:23,783 INFO  execution-log - [Sequence No - 4] Beginning ValidateExistStatusCommand ( LogicalFieldName : Password, LogicalFieldValue : True )
----------------
2019-02-07 08:54:23,803 INFO  execution-log - [Sequence No - 4]	 Command completed.
----------------
2019-02-07 08:54:23,812 INFO  execution-log - [Sequence No - 5] Beginning TestDataCommand ( LogicalFieldName : Password, LogicalFieldValue : Smit@123 )
----------------
2019-02-07 08:54:23,943 INFO  execution-log - [Sequence No - 5]	 Command completed.
----------------
2019-02-07 08:54:23,955 INFO  execution-log - [Sequence No - 6] Beginning ValidateEnableStatusCommand ( LogicalFieldName : Login_Button, LogicalFieldValue : True )
----------------
2019-02-07 08:54:23,989 INFO  execution-log - [Sequence No - 6]	 Command completed.
----------------
2019-02-07 08:54:24,002 INFO  execution-log - [Sequence No - 7] Beginning ActionCommand ( LogicalFieldName : Login_Button, LogicalFieldValue : Click )
----------------
2019-02-07 08:54:24,140 INFO  execution-log - [Sequence No - 7]	 Command completed.
----------------
2019-02-07 08:54:24,148 INFO  execution-log - 	 Command completed.
----------------
2019-02-07 08:54:24,161 INFO  execution-log -  Beginning PageCommand ( CurrentPage : Home, FlowIdentifier : 2, DiIndicator : DI )
----------------
2019-02-07 08:54:24,172 INFO  execution-log - 	 Command completed.
----------------
2019-02-07 08:54:24,178 INFO  execution-log -  Beginning LoadTestDataItemCommand ( CurrentPage : Home, FlowIdentifier : 2, DiIndicator : DI )
----------------
2019-02-07 08:54:24,200 INFO  execution-log - [Sequence No - 8] Beginning ValidateEnableStatusCommand ( LogicalFieldName : New Quote, LogicalFieldValue : True )
----------------
2019-02-07 08:54:25,624 INFO  execution-log - [Sequence No - 8]	 Command completed.
----------------
2019-02-07 08:54:25,677 INFO  execution-log - [Sequence No - 9] Beginning ActionCommand ( LogicalFieldName : New Quote, LogicalFieldValue : Click )
----------------
2019-02-07 08:54:26,382 INFO  execution-log - [Sequence No - 9]	 Command completed.
----------------
2019-02-07 08:54:26,398 INFO  execution-log - 	 Command completed.
----------------
2019-02-07 08:54:26,403 INFO  execution-log -  Beginning PageCommand ( CurrentPage : New Quote, FlowIdentifier : 3, DiIndicator : DI )
----------------
2019-02-07 08:54:26,407 INFO  execution-log - 	 Command completed.
----------------
2019-02-07 08:54:26,412 INFO  execution-log -  Beginning LoadTestDataItemCommand ( CurrentPage : New Quote, FlowIdentifier : 3, DiIndicator : DI )
----------------
2019-02-07 08:54:26,431 INFO  execution-log - [Sequence No - 10] Beginning ValidateExistStatusCommand ( LogicalFieldName : Account Name, LogicalFieldValue : True )
----------------
2019-02-07 08:54:26,465 INFO  execution-log - [Sequence No - 10]	 Command completed.
----------------
2019-02-07 08:54:26,475 INFO  execution-log - [Sequence No - 11] Beginning TestDataCommand ( LogicalFieldName : Account Name, LogicalFieldValue : RANDOMIZE(7,2) )
----------------
2019-02-07 08:54:26,706 INFO  execution-log - [Sequence No - 11]	 Command completed.
----------------
2019-02-07 08:54:26,715 INFO  execution-log - [Sequence No - 12] Beginning ValidateExistStatusCommand ( LogicalFieldName : First Name, LogicalFieldValue : True )
----------------
2019-02-07 08:54:26,735 INFO  execution-log - [Sequence No - 12]	 Command completed.
----------------
2019-02-07 08:54:26,745 INFO  execution-log - [Sequence No - 13] Beginning TestDataCommand ( LogicalFieldName : First Name, LogicalFieldValue : Jack )
----------------
2019-02-07 08:54:26,951 INFO  execution-log - [Sequence No - 13]	 Command completed.
----------------
2019-02-07 08:54:26,962 INFO  execution-log - [Sequence No - 14] Beginning ValidateEnableStatusCommand ( LogicalFieldName : Last Name, LogicalFieldValue : True )
----------------
2019-02-07 08:54:26,993 INFO  execution-log - [Sequence No - 14]	 Command completed.
----------------
2019-02-07 08:54:27,003 INFO  execution-log - [Sequence No - 15] Beginning TestDataCommand ( LogicalFieldName : Last Name, LogicalFieldValue : Smith )
----------------
2019-02-07 08:54:27,219 INFO  execution-log - [Sequence No - 15]	 Command completed.
----------------
2019-02-07 08:54:27,228 INFO  execution-log - [Sequence No - 16] Beginning ValidateExistStatusCommand ( LogicalFieldName : ContactNumber1, LogicalFieldValue : True )
----------------
2019-02-07 08:54:27,251 INFO  execution-log - [Sequence No - 16]	 Command completed.
----------------
2019-02-07 08:54:27,262 INFO  execution-log - [Sequence No - 17] Beginning TestDataCommand ( LogicalFieldName : ContactNumber1, LogicalFieldValue : 654 )
----------------
2019-02-07 08:54:27,430 INFO  execution-log - [Sequence No - 17]	 Command completed.
----------------
2019-02-07 08:54:27,444 INFO  execution-log - [Sequence No - 18] Beginning TestDataCommand ( LogicalFieldName : ContactNumber2, LogicalFieldValue : 321 )
----------------
2019-02-07 08:54:27,652 INFO  execution-log - [Sequence No - 18]	 Command completed.
----------------
2019-02-07 08:54:27,662 INFO  execution-log - [Sequence No - 19] Beginning TestDataCommand ( LogicalFieldName : ContactNumber3, LogicalFieldValue : 6541 )
----------------
2019-02-07 08:54:27,995 INFO  execution-log - [Sequence No - 19]	 Command completed.
----------------
2019-02-07 08:54:28,013 INFO  execution-log - [Sequence No - 20] Beginning ValidateExistStatusCommand ( LogicalFieldName : Primary Email, LogicalFieldValue : True )
----------------
2019-02-07 08:54:28,087 INFO  execution-log - [Sequence No - 20]	 Command completed.
----------------
2019-02-07 08:54:28,107 INFO  execution-log - [Sequence No - 21] Beginning TestDataCommand ( LogicalFieldName : Primary Email, LogicalFieldValue : jack.smith@gmail.com )
----------------
2019-02-07 08:54:28,540 INFO  execution-log - [Sequence No - 21]	 Command completed.
----------------
2019-02-07 08:54:28,563 INFO  execution-log - [Sequence No - 22] Beginning ValidateExistStatusCommand ( LogicalFieldName : Business Started Year, LogicalFieldValue : True )
----------------
2019-02-07 08:54:28,594 INFO  execution-log - [Sequence No - 22]	 Command completed.
----------------
2019-02-07 08:54:28,603 INFO  execution-log - [Sequence No - 23] Beginning TestDataCommand ( LogicalFieldName : Business Started Year, LogicalFieldValue : 2012 )
----------------
2019-02-07 08:54:28,810 INFO  execution-log - [Sequence No - 23]	 Command completed.
----------------
2019-02-07 08:54:28,820 INFO  execution-log - [Sequence No - 24] Beginning ValidateExistStatusCommand ( LogicalFieldName : Select Product, LogicalFieldValue : True )
----------------
2019-02-07 08:54:28,842 INFO  execution-log - [Sequence No - 24]	 Command completed.
----------------
2019-02-07 08:54:28,852 INFO  execution-log - [Sequence No - 25] Beginning ActionCommand ( LogicalFieldName : Select Product, LogicalFieldValue : Click )
----------------
2019-02-07 08:54:29,011 INFO  execution-log - [Sequence No - 25]	 Command completed.
----------------
2019-02-07 08:54:29,030 INFO  execution-log - [Sequence No - 26] Beginning ActionCommand ( LogicalFieldName : Select Product1, LogicalFieldValue : Click )
----------------
2019-02-07 08:54:29,191 INFO  execution-log - [Sequence No - 26]	 Command completed.
----------------
2019-02-07 08:54:29,201 INFO  execution-log - [Sequence No - 27] Beginning ValidateExistStatusCommand ( LogicalFieldName : Contact Name, LogicalFieldValue : True )
----------------
2019-02-07 08:54:29,228 INFO  execution-log - [Sequence No - 27]	 Command completed.
----------------
2019-02-07 08:54:29,238 INFO  execution-log - [Sequence No - 28] Beginning ActionCommand ( LogicalFieldName : Contact Name, LogicalFieldValue : Click )
----------------
2019-02-07 08:54:29,403 INFO  execution-log - [Sequence No - 28]	 Command completed.
----------------
2019-02-07 08:54:29,412 INFO  execution-log - [Sequence No - 29] Beginning ActionCommand ( LogicalFieldName : Contact Name Initial Select, LogicalFieldValue : Click )
----------------
2019-02-07 08:54:30,073 INFO  execution-log - [Sequence No - 29]	 Command completed.
----------------
2019-02-07 08:54:30,084 INFO  execution-log - [Sequence No - 30] Beginning ValidateExistStatusCommand ( LogicalFieldName : Industry, LogicalFieldValue : True )
----------------
2019-02-07 08:54:30,114 INFO  execution-log - [Sequence No - 30]	 Command completed.
----------------
2019-02-07 08:54:30,124 INFO  execution-log - [Sequence No - 31] Beginning ActionCommand ( LogicalFieldName : Industry, LogicalFieldValue : Click )
----------------
2019-02-07 08:54:30,323 INFO  execution-log - [Sequence No - 31]	 Command completed.
----------------
2019-02-07 08:54:30,333 INFO  execution-log - [Sequence No - 32] Beginning ActionCommand ( LogicalFieldName : Industry1, LogicalFieldValue : Click )
----------------
2019-02-07 08:54:30,533 INFO  execution-log - [Sequence No - 32]	 Command completed.
----------------
2019-02-07 08:54:30,543 INFO  execution-log - [Sequence No - 33] Beginning ValidateExistStatusCommand ( LogicalFieldName : Zip Code, LogicalFieldValue : True )
----------------
2019-02-07 08:54:30,583 INFO  execution-log - [Sequence No - 33]	 Command completed.
----------------
2019-02-07 08:54:30,592 INFO  execution-log - [Sequence No - 34] Beginning TestDataCommand ( LogicalFieldName : Zip Code, LogicalFieldValue : 53704 )
----------------
2019-02-07 08:54:30,803 INFO  execution-log - [Sequence No - 34]	 Command completed.
----------------
2019-02-07 08:54:30,812 INFO  execution-log - [Sequence No - 35] Beginning ActionCommand ( LogicalFieldName : zipcode click, LogicalFieldValue : Click )
----------------
2019-02-07 08:54:31,535 INFO  execution-log - [Sequence No - 35]	 Command completed.
----------------
2019-02-07 08:54:31,546 INFO  execution-log - [Sequence No - 36] Beginning ValidateExistStatusCommand ( LogicalFieldName : Street Address, LogicalFieldValue : True )
----------------
2019-02-07 08:54:31,578 INFO  execution-log - [Sequence No - 36]	 Command completed.
----------------
2019-02-07 08:54:31,588 INFO  execution-log - [Sequence No - 37] Beginning TestDataCommand ( LogicalFieldName : Street Address, LogicalFieldValue : 123 BLUEJAY LN )
----------------
2019-02-07 08:54:31,926 INFO  execution-log - [Sequence No - 37]	 Command completed.
----------------
2019-02-07 08:54:31,939 INFO  execution-log - [Sequence No - 38] Beginning ValidateExistStatusCommand ( LogicalFieldName : Same as Physical Address, LogicalFieldValue : True )
----------------
2019-02-07 08:54:32,000 INFO  execution-log - [Sequence No - 38]	 Command completed.
----------------
2019-02-07 08:54:32,011 INFO  execution-log - [Sequence No - 39] Beginning ActionCommand ( LogicalFieldName : Same as Physical Address, LogicalFieldValue : Click )
----------------
2019-02-07 08:54:32,262 INFO  execution-log - [Sequence No - 39]	 Command completed.
----------------
2019-02-07 08:54:32,288 INFO  execution-log - [Sequence No - 40] Beginning ValidateEnableStatusCommand ( LogicalFieldName : Proceed, LogicalFieldValue : True )
----------------
2019-02-07 08:54:32,343 INFO  execution-log - [Sequence No - 40]	 Command completed.
----------------
2019-02-07 08:54:32,354 INFO  execution-log - [Sequence No - 41] Beginning ActionCommand ( LogicalFieldName : Proceed, LogicalFieldValue : Click )
----------------
2019-02-07 08:54:32,690 INFO  execution-log - [Sequence No - 41]	 Command completed.
----------------
2019-02-07 08:54:32,697 INFO  execution-log - 	 Command completed.
----------------
2019-02-07 08:54:32,704 INFO  execution-log -  Beginning PageCommand ( CurrentPage : Insured Info, FlowIdentifier : 4, DiIndicator : DI )
----------------
2019-02-07 08:54:32,713 INFO  execution-log - 	 Command completed.
----------------
2019-02-07 08:54:32,719 INFO  execution-log -  Beginning LoadTestDataItemCommand ( CurrentPage : Insured Info, FlowIdentifier : 4, DiIndicator : DI )
----------------
2019-02-07 08:54:32,737 INFO  execution-log - [Sequence No - 42] Beginning ValidateEnableStatusCommand ( LogicalFieldName : InsuredName, LogicalFieldValue : True )
----------------
2019-02-07 08:54:35,397 INFO  execution-log - [Sequence No - 42]	 Command completed.
----------------
2019-02-07 08:54:35,407 INFO  execution-log - [Sequence No - 43] Beginning TestDataCommand ( LogicalFieldName : InsuredName, LogicalFieldValue : Smith )
----------------
2019-02-07 08:54:35,575 INFO  execution-log - [Sequence No - 43]	 Command completed.
----------------
2019-02-07 08:54:35,585 INFO  execution-log - [Sequence No - 44] Beginning ValidateEnableStatusCommand ( LogicalFieldName : Primary State Click, LogicalFieldValue : True )
----------------
2019-02-07 08:54:35,624 INFO  execution-log - [Sequence No - 44]	 Command completed.
----------------
2019-02-07 08:54:35,634 INFO  execution-log - [Sequence No - 45] Beginning ActionCommand ( LogicalFieldName : Primary State Click, LogicalFieldValue : Click )
----------------
2019-02-07 08:54:35,795 INFO  execution-log - [Sequence No - 45]	 Command completed.
----------------
2019-02-07 08:54:35,810 INFO  execution-log - [Sequence No - 46] Beginning ActionCommand ( LogicalFieldName : PrimayState Select, LogicalFieldValue : Click )
----------------
2019-02-07 08:54:36,076 INFO  execution-log - [Sequence No - 46]	 Command completed.
----------------
2019-02-07 08:54:36,089 INFO  execution-log - [Sequence No - 47] Beginning ValidateExistStatusCommand ( LogicalFieldName : Street Address, LogicalFieldValue : True )
----------------
2019-02-07 08:54:36,138 INFO  execution-log - [Sequence No - 47]	 Command completed.
----------------
2019-02-07 08:54:36,149 INFO  execution-log - [Sequence No - 48] Beginning TestDataCommand ( LogicalFieldName : Street Address, LogicalFieldValue : 123 new street )
----------------
2019-02-07 08:54:36,524 INFO  execution-log - [Sequence No - 48]	 Command completed.
----------------
2019-02-07 08:54:36,536 INFO  execution-log - [Sequence No - 49] Beginning ValidateExistStatusCommand ( LogicalFieldName : Zip Code, LogicalFieldValue : True )
----------------
2019-02-07 08:54:36,557 INFO  execution-log - [Sequence No - 49]	 Command completed.
----------------
2019-02-07 08:54:36,566 INFO  execution-log - [Sequence No - 50] Beginning TestDataCommand ( LogicalFieldName : Zip Code, LogicalFieldValue : 53704 )
----------------
2019-02-07 08:54:36,762 INFO  execution-log - [Sequence No - 50]	 Command completed.
----------------
2019-02-07 08:54:36,783 INFO  execution-log - [Sequence No - 51] Beginning ValidateExistStatusCommand ( LogicalFieldName : Same as Physical Address, LogicalFieldValue : True )
----------------
2019-02-07 08:54:36,972 INFO  execution-log - [Sequence No - 51]	 Command completed.
----------------
2019-02-07 08:54:36,982 INFO  execution-log - [Sequence No - 52] Beginning ActionCommand ( LogicalFieldName : Same as Physical Address, LogicalFieldValue : Click )
----------------
2019-02-07 08:54:37,184 INFO  execution-log - [Sequence No - 52]	 Command completed.
----------------
2019-02-07 08:54:37,194 INFO  execution-log - [Sequence No - 53] Beginning ValidateExistStatusCommand ( LogicalFieldName : SIC Code, LogicalFieldValue : True )
----------------
2019-02-07 08:54:37,227 INFO  execution-log - [Sequence No - 53]	 Command completed.
----------------
2019-02-07 08:54:37,249 INFO  execution-log - [Sequence No - 54] Beginning TestDataCommand ( LogicalFieldName : SIC Code, LogicalFieldValue : 41510000-School buses )
----------------
2019-02-07 08:54:37,761 INFO  execution-log - [Sequence No - 54]	 Command completed.
----------------
2019-02-07 08:54:37,771 INFO  execution-log - [Sequence No - 55] Beginning ValidateExistStatusCommand ( LogicalFieldName : BusinessInceptionYear, LogicalFieldValue : True )
----------------
2019-02-07 08:54:37,794 INFO  execution-log - [Sequence No - 55]	 Command completed.
----------------
2019-02-07 08:54:37,803 INFO  execution-log - [Sequence No - 56] Beginning TestDataCommand ( LogicalFieldName : BusinessInceptionYear, LogicalFieldValue : 2012 )
----------------
2019-02-07 08:54:38,017 INFO  execution-log - [Sequence No - 56]	 Command completed.
----------------
2019-02-07 08:54:38,027 INFO  execution-log - [Sequence No - 57] Beginning ValidateExistStatusCommand ( LogicalFieldName : BusinessPhone, LogicalFieldValue : True )
----------------
2019-02-07 08:54:38,063 INFO  execution-log - [Sequence No - 57]	 Command completed.
----------------
2019-02-07 08:54:38,078 INFO  execution-log - [Sequence No - 58] Beginning TestDataCommand ( LogicalFieldName : BusinessPhone, LogicalFieldValue : 6549879879 )
----------------
2019-02-07 08:54:39,948 INFO  execution-log - [Sequence No - 58]	 Command completed.
----------------
2019-02-07 08:54:40,000 INFO  execution-log - [Sequence No - 59] Beginning ValidateEnableStatusCommand ( LogicalFieldName : Next, LogicalFieldValue : True )
----------------
2019-02-07 08:54:40,048 INFO  execution-log - [Sequence No - 59]	 Command completed.
----------------
2019-02-07 08:54:40,059 INFO  execution-log - [Sequence No - 60] Beginning ActionCommand ( LogicalFieldName : Next, LogicalFieldValue : Click )
----------------
2019-02-07 08:54:40,460 INFO  execution-log - [Sequence No - 60]	 Command completed.
----------------
2019-02-07 08:54:40,516 INFO  execution-log - 	 Command completed.
----------------
2019-02-07 08:54:40,526 INFO  execution-log -  Beginning PageCommand ( CurrentPage : Policy Info, FlowIdentifier : 5, DiIndicator : DI )
----------------
2019-02-07 08:54:40,531 INFO  execution-log - 	 Command completed.
----------------
2019-02-07 08:54:40,537 INFO  execution-log -  Beginning LoadTestDataItemCommand ( CurrentPage : Policy Info, FlowIdentifier : 5, DiIndicator : DI )
----------------
2019-02-07 08:54:40,551 INFO  execution-log - [Sequence No - 61] Beginning ValidateEnableStatusCommand ( LogicalFieldName : Which State do u operate In?, LogicalFieldValue : True )
----------------
2019-02-07 08:54:41,133 INFO  execution-log - [Sequence No - 61]	 Command completed.
----------------
2019-02-07 08:54:41,161 INFO  execution-log - [Sequence No - 62] Beginning ActionCommand ( LogicalFieldName : Which State do u operate In?, LogicalFieldValue : Click )
----------------
2019-02-07 08:54:41,545 INFO  execution-log - [Sequence No - 62]	 Command completed.
----------------
2019-02-07 08:54:41,558 INFO  execution-log - [Sequence No - 63] Beginning ActionCommand ( LogicalFieldName : Which State do u operate In?1, LogicalFieldValue : Click )
----------------
2019-02-07 08:54:42,204 INFO  execution-log - [Sequence No - 63]	 Command completed.
----------------
2019-02-07 08:54:42,214 INFO  execution-log - [Sequence No - 64] Beginning ActionCommand ( LogicalFieldName : Label Click, LogicalFieldValue : Click )
----------------
2019-02-07 08:54:42,358 INFO  execution-log - [Sequence No - 64]	 Command completed.
----------------
2019-02-07 08:54:42,370 INFO  execution-log - [Sequence No - 65] Beginning ActionCommand ( LogicalFieldName : Collapse, LogicalFieldValue : Click )
----------------
2019-02-07 08:54:42,611 INFO  execution-log - [Sequence No - 65]	 Command completed.
----------------
2019-02-07 08:54:42,621 INFO  execution-log - [Sequence No - 66] Beginning ValidateEnableStatusCommand ( LogicalFieldName : Select Product, LogicalFieldValue : True )
----------------
2019-02-07 08:54:42,667 INFO  execution-log - [Sequence No - 66]	 Command completed.
----------------
2019-02-07 08:54:42,678 INFO  execution-log - [Sequence No - 67] Beginning ActionCommand ( LogicalFieldName : Select Product, LogicalFieldValue : Click-Wait(2000) )
----------------
2019-02-07 08:54:46,853 INFO  execution-log - [Sequence No - 67]	 Command completed.
----------------
2019-02-07 08:54:46,862 INFO  execution-log - [Sequence No - 68] Beginning ActionCommand ( LogicalFieldName : Select Product 1, LogicalFieldValue : Click )
----------------
2019-02-07 08:54:49,505 INFO  execution-log - [Sequence No - 68]	 Command completed.
----------------
2019-02-07 08:54:49,512 INFO  execution-log - 	 Command completed.
----------------
2019-02-07 08:54:49,532 INFO  execution-log - Saving captured values to file.
----------------
2019-02-07 08:54:49,551 INFO  execution-log - TC # : 1, has completed successfully.
----------------
