2019-02-07 08:50:15,774 INFO  execution-log - 	Initializing control map with map # MASTER
----------------
2019-02-07 08:50:15,795 INFO  execution-log - Initializing Test Automation
----------------
2019-02-07 08:50:15,814 INFO  execution-log - 	target browser: Chrome
----------------
2019-02-07 08:50:19,001 INFO  execution-log - TC # : 1, Downloading test case from DB
----------------
2019-02-07 08:50:19,044 INFO  execution-log - TC # : 1, Getting test data from DB
----------------
2019-02-07 08:50:19,045 INFO  execution-log - TC # : 1, Getting control map :MASTER from DB
----------------
2019-02-07 08:50:19,105 INFO  execution-log - TC # : 1, Test data retrieval completed
----------------
2019-02-07 08:50:19,128 INFO  execution-log - TC # : 1, Control map retrieval completed
----------------
2019-02-07 08:50:19,156 INFO  execution-log - TC # : 1, Parsing commands
----------------
2019-02-07 08:50:19,173 INFO  execution-log - Loading captured values from persistence.
----------------
2019-02-07 08:50:19,186 INFO  execution-log - TC # : 1, Started executing test case in the VMTESTAPP1 environment (http://vam-qa.cloudapp.net:6363/pages/login.html)
----------------
2019-02-07 08:50:46,156 INFO  execution-log -  Beginning StartIterationCommand ( Iterations : 1 )
----------------
2019-02-07 08:50:48,200 INFO  execution-log - TC # : 1, Starting iteration #1
----------------
2019-02-07 08:50:48,251 INFO  execution-log - 	 Command completed.
----------------
2019-02-07 08:50:48,272 INFO  execution-log -  Beginning InvokeApplicationCommand ( Target :  )
----------------
2019-02-07 08:50:59,360 INFO  execution-log - 	 Command completed.
----------------
2019-02-07 08:50:59,379 INFO  execution-log -  Beginning PageCommand ( CurrentPage : Login, FlowIdentifier : 1, DiIndicator : DI )
----------------
2019-02-07 08:50:59,424 INFO  execution-log - 	 Command completed.
----------------
2019-02-07 08:50:59,441 INFO  execution-log -  Beginning LoadTestDataItemCommand ( CurrentPage : Login, FlowIdentifier : 1, DiIndicator : DI )
----------------
2019-02-07 08:50:59,478 INFO  execution-log - [Sequence No - 1] Beginning ValidateExistStatusCommand ( LogicalFieldName : User Name, LogicalFieldValue : True )
----------------
2019-02-07 08:50:59,556 INFO  execution-log - [Sequence No - 1]	 Command completed.
----------------
2019-02-07 08:50:59,575 INFO  execution-log - [Sequence No - 2] Beginning ActionCommand ( LogicalFieldName : User Name, LogicalFieldValue : Click )
----------------
2019-02-07 08:51:00,000 INFO  execution-log - [Sequence No - 2]	 Command completed.
----------------
2019-02-07 08:51:00,045 INFO  execution-log - [Sequence No - 3] Beginning TestDataCommand ( LogicalFieldName : User Name, LogicalFieldValue : Jack )
----------------
2019-02-07 08:51:00,652 INFO  execution-log - [Sequence No - 3]	 Command completed.
----------------
2019-02-07 08:51:00,663 INFO  execution-log - [Sequence No - 4] Beginning ValidateExistStatusCommand ( LogicalFieldName : Password, LogicalFieldValue : True )
----------------
2019-02-07 08:51:00,728 INFO  execution-log - [Sequence No - 4]	 Command completed.
----------------
2019-02-07 08:51:00,742 INFO  execution-log - [Sequence No - 5] Beginning TestDataCommand ( LogicalFieldName : Password, LogicalFieldValue : Smit@123 )
----------------
2019-02-07 08:51:01,163 INFO  execution-log - [Sequence No - 5]	 Command completed.
----------------
2019-02-07 08:51:01,181 INFO  execution-log - [Sequence No - 6] Beginning ValidateEnableStatusCommand ( LogicalFieldName : Login_Button, LogicalFieldValue : True )
----------------
2019-02-07 08:51:01,270 INFO  execution-log - [Sequence No - 6]	 Command completed.
----------------
2019-02-07 08:51:01,286 INFO  execution-log - [Sequence No - 7] Beginning ActionCommand ( LogicalFieldName : Login_Button, LogicalFieldValue : Click )
----------------
2019-02-07 08:51:01,550 INFO  execution-log - [Sequence No - 7]	 Command completed.
----------------
2019-02-07 08:51:01,564 INFO  execution-log - 	 Command completed.
----------------
2019-02-07 08:51:01,574 INFO  execution-log -  Beginning PageCommand ( CurrentPage : Home, FlowIdentifier : 2, DiIndicator : DI )
----------------
2019-02-07 08:51:01,585 INFO  execution-log - 	 Command completed.
----------------
2019-02-07 08:51:01,597 INFO  execution-log -  Beginning LoadTestDataItemCommand ( CurrentPage : Home, FlowIdentifier : 2, DiIndicator : DI )
----------------
2019-02-07 08:51:01,643 INFO  execution-log - [Sequence No - 8] Beginning ValidateEnableStatusCommand ( LogicalFieldName : New Quote, LogicalFieldValue : True )
----------------
2019-02-07 08:51:03,690 INFO  execution-log - [Sequence No - 8]	 Command completed.
----------------
2019-02-07 08:51:03,713 INFO  execution-log - [Sequence No - 9] Beginning ActionCommand ( LogicalFieldName : New Quote, LogicalFieldValue : Click )
----------------
2019-02-07 08:51:05,442 INFO  execution-log - [Sequence No - 9]	 Command completed.
----------------
2019-02-07 08:51:05,457 INFO  execution-log - 	 Command completed.
----------------
2019-02-07 08:51:05,508 INFO  execution-log -  Beginning PageCommand ( CurrentPage : New Quote, FlowIdentifier : 3, DiIndicator : DI )
----------------
2019-02-07 08:51:05,547 INFO  execution-log - 	 Command completed.
----------------
2019-02-07 08:51:05,585 INFO  execution-log -  Beginning LoadTestDataItemCommand ( CurrentPage : New Quote, FlowIdentifier : 3, DiIndicator : DI )
----------------
2019-02-07 08:51:05,670 INFO  execution-log - [Sequence No - 10] Beginning ValidateExistStatusCommand ( LogicalFieldName : Account Name, LogicalFieldValue : True )
----------------
2019-02-07 08:51:05,727 INFO  execution-log - [Sequence No - 10]	 Command completed.
----------------
2019-02-07 08:51:05,740 INFO  execution-log - [Sequence No - 11] Beginning TestDataCommand ( LogicalFieldName : Account Name, LogicalFieldValue : RANDOMIZE(7,2) )
----------------
2019-02-07 08:51:06,936 INFO  execution-log - [Sequence No - 11]	 Command completed.
----------------
2019-02-07 08:51:06,951 INFO  execution-log - [Sequence No - 12] Beginning ValidateExistStatusCommand ( LogicalFieldName : First Name, LogicalFieldValue : True )
----------------
2019-02-07 08:51:07,122 INFO  execution-log - [Sequence No - 12]	 Command completed.
----------------
2019-02-07 08:51:07,160 INFO  execution-log - [Sequence No - 13] Beginning TestDataCommand ( LogicalFieldName : First Name, LogicalFieldValue : Jack )
----------------
2019-02-07 08:51:07,618 INFO  execution-log - [Sequence No - 13]	 Command completed.
----------------
2019-02-07 08:51:07,631 INFO  execution-log - [Sequence No - 14] Beginning ValidateEnableStatusCommand ( LogicalFieldName : Last Name, LogicalFieldValue : True )
----------------
2019-02-07 08:51:07,676 INFO  execution-log - [Sequence No - 14]	 Command completed.
----------------
2019-02-07 08:51:07,689 INFO  execution-log - [Sequence No - 15] Beginning TestDataCommand ( LogicalFieldName : Last Name, LogicalFieldValue : Smith )
----------------
2019-02-07 08:51:08,062 INFO  execution-log - [Sequence No - 15]	 Command completed.
----------------
2019-02-07 08:51:08,074 INFO  execution-log - [Sequence No - 16] Beginning ValidateExistStatusCommand ( LogicalFieldName : ContactNumber1, LogicalFieldValue : True )
----------------
2019-02-07 08:51:08,112 INFO  execution-log - [Sequence No - 16]	 Command completed.
----------------
2019-02-07 08:51:08,125 INFO  execution-log - [Sequence No - 17] Beginning TestDataCommand ( LogicalFieldName : ContactNumber1, LogicalFieldValue : 654 )
----------------
2019-02-07 08:51:08,464 INFO  execution-log - [Sequence No - 17]	 Command completed.
----------------
2019-02-07 08:51:08,491 INFO  execution-log - [Sequence No - 18] Beginning TestDataCommand ( LogicalFieldName : ContactNumber2, LogicalFieldValue : 321 )
----------------
2019-02-07 08:51:08,751 INFO  execution-log - [Sequence No - 18]	 Command completed.
----------------
2019-02-07 08:51:08,765 INFO  execution-log - [Sequence No - 19] Beginning TestDataCommand ( LogicalFieldName : ContactNumber3, LogicalFieldValue : 6541 )
----------------
2019-02-07 08:51:09,030 INFO  execution-log - [Sequence No - 19]	 Command completed.
----------------
2019-02-07 08:51:09,047 INFO  execution-log - [Sequence No - 20] Beginning ValidateExistStatusCommand ( LogicalFieldName : Primary Email, LogicalFieldValue : True )
----------------
2019-02-07 08:51:09,088 INFO  execution-log - [Sequence No - 20]	 Command completed.
----------------
2019-02-07 08:51:09,100 INFO  execution-log - [Sequence No - 21] Beginning TestDataCommand ( LogicalFieldName : Primary Email, LogicalFieldValue : jack.smith@gmail.com )
----------------
2019-02-07 08:51:10,094 INFO  execution-log - [Sequence No - 21]	 Command completed.
----------------
2019-02-07 08:51:10,118 INFO  execution-log - [Sequence No - 22] Beginning ValidateExistStatusCommand ( LogicalFieldName : Business Started Year, LogicalFieldValue : True )
----------------
2019-02-07 08:51:10,278 INFO  execution-log - [Sequence No - 22]	 Command completed.
----------------
2019-02-07 08:51:10,290 INFO  execution-log - [Sequence No - 23] Beginning TestDataCommand ( LogicalFieldName : Business Started Year, LogicalFieldValue : 2012 )
----------------
2019-02-07 08:51:10,722 INFO  execution-log - [Sequence No - 23]	 Command completed.
----------------
2019-02-07 08:51:10,737 INFO  execution-log - [Sequence No - 24] Beginning ValidateExistStatusCommand ( LogicalFieldName : Select Product, LogicalFieldValue : True )
----------------
2019-02-07 08:51:10,789 INFO  execution-log - [Sequence No - 24]	 Command completed.
----------------
2019-02-07 08:51:10,816 INFO  execution-log - [Sequence No - 25] Beginning ActionCommand ( LogicalFieldName : Select Product, LogicalFieldValue : Click )
----------------
2019-02-07 08:51:11,276 INFO  execution-log - [Sequence No - 25]	 Command completed.
----------------
2019-02-07 08:51:11,306 INFO  execution-log - [Sequence No - 26] Beginning ActionCommand ( LogicalFieldName : Select Product1, LogicalFieldValue : Click )
----------------
2019-02-07 08:51:11,880 INFO  execution-log - [Sequence No - 26]	 Command completed.
----------------
2019-02-07 08:51:11,898 INFO  execution-log - [Sequence No - 27] Beginning ValidateExistStatusCommand ( LogicalFieldName : Contact Name, LogicalFieldValue : True )
----------------
2019-02-07 08:51:11,987 INFO  execution-log - [Sequence No - 27]	 Command completed.
----------------
2019-02-07 08:51:12,006 INFO  execution-log - [Sequence No - 28] Beginning ActionCommand ( LogicalFieldName : Contact Name, LogicalFieldValue : Click )
----------------
2019-02-07 08:51:12,381 INFO  execution-log - [Sequence No - 28]	 Command completed.
----------------
2019-02-07 08:51:12,397 INFO  execution-log - [Sequence No - 29] Beginning ActionCommand ( LogicalFieldName : Contact Name Initial Select, LogicalFieldValue : Click )
----------------
2019-02-07 08:51:12,814 INFO  execution-log - [Sequence No - 29]	 Command completed.
----------------
2019-02-07 08:51:12,834 INFO  execution-log - [Sequence No - 30] Beginning ValidateExistStatusCommand ( LogicalFieldName : Industry, LogicalFieldValue : True )
----------------
2019-02-07 08:51:12,904 INFO  execution-log - [Sequence No - 30]	 Command completed.
----------------
2019-02-07 08:51:12,927 INFO  execution-log - [Sequence No - 31] Beginning ActionCommand ( LogicalFieldName : Industry, LogicalFieldValue : Click )
----------------
2019-02-07 08:51:13,350 INFO  execution-log - [Sequence No - 31]	 Command completed.
----------------
2019-02-07 08:51:13,376 INFO  execution-log - [Sequence No - 32] Beginning ActionCommand ( LogicalFieldName : Industry1, LogicalFieldValue : Click )
----------------
2019-02-07 08:51:13,718 INFO  execution-log - [Sequence No - 32]	 Command completed.
----------------
2019-02-07 08:51:13,742 INFO  execution-log - [Sequence No - 33] Beginning ValidateExistStatusCommand ( LogicalFieldName : Zip Code, LogicalFieldValue : True )
----------------
2019-02-07 08:51:13,787 INFO  execution-log - [Sequence No - 33]	 Command completed.
----------------
2019-02-07 08:51:13,799 INFO  execution-log - [Sequence No - 34] Beginning TestDataCommand ( LogicalFieldName : Zip Code, LogicalFieldValue : 53704 )
----------------
2019-02-07 08:51:14,262 INFO  execution-log - [Sequence No - 34]	 Command completed.
----------------
2019-02-07 08:51:14,287 INFO  execution-log - [Sequence No - 35] Beginning ActionCommand ( LogicalFieldName : zipcode click, LogicalFieldValue : Click )
----------------
2019-02-07 08:51:14,817 INFO  execution-log - [Sequence No - 35]	 Command completed.
----------------
2019-02-07 08:51:14,830 INFO  execution-log - [Sequence No - 36] Beginning ValidateExistStatusCommand ( LogicalFieldName : Street Address, LogicalFieldValue : True )
----------------
2019-02-07 08:51:14,930 INFO  execution-log - [Sequence No - 36]	 Command completed.
----------------
2019-02-07 08:51:14,945 INFO  execution-log - [Sequence No - 37] Beginning TestDataCommand ( LogicalFieldName : Street Address, LogicalFieldValue : 123 BLUEJAY LN )
----------------
2019-02-07 08:51:15,466 INFO  execution-log - [Sequence No - 37]	 Command completed.
----------------
2019-02-07 08:51:15,479 INFO  execution-log - [Sequence No - 38] Beginning ValidateExistStatusCommand ( LogicalFieldName : Same as Physical Address, LogicalFieldValue : True )
----------------
2019-02-07 08:51:15,550 INFO  execution-log - [Sequence No - 38]	 Command completed.
----------------
2019-02-07 08:51:15,562 INFO  execution-log - [Sequence No - 39] Beginning ActionCommand ( LogicalFieldName : Same as Physical Address, LogicalFieldValue : Click )
----------------
2019-02-07 08:51:15,849 INFO  execution-log - [Sequence No - 39]	 Command completed.
----------------
2019-02-07 08:51:15,868 INFO  execution-log - [Sequence No - 40] Beginning ValidateEnableStatusCommand ( LogicalFieldName : Proceed, LogicalFieldValue : True )
----------------
2019-02-07 08:51:15,936 INFO  execution-log - [Sequence No - 40]	 Command completed.
----------------
2019-02-07 08:51:15,948 INFO  execution-log - [Sequence No - 41] Beginning ActionCommand ( LogicalFieldName : Proceed, LogicalFieldValue : Click )
----------------
2019-02-07 08:51:16,264 INFO  execution-log - [Sequence No - 41]	 Command completed.
----------------
2019-02-07 08:51:16,272 INFO  execution-log - 	 Command completed.
----------------
2019-02-07 08:51:16,299 INFO  execution-log -  Beginning PageCommand ( CurrentPage : Insured Info, FlowIdentifier : 4, DiIndicator : DI )
----------------
2019-02-07 08:51:16,309 INFO  execution-log - 	 Command completed.
----------------
2019-02-07 08:51:16,321 INFO  execution-log -  Beginning LoadTestDataItemCommand ( CurrentPage : Insured Info, FlowIdentifier : 4, DiIndicator : DI )
----------------
2019-02-07 08:51:16,343 INFO  execution-log - [Sequence No - 42] Beginning ValidateEnableStatusCommand ( LogicalFieldName : InsuredName, LogicalFieldValue : True )
----------------
2019-02-07 08:51:19,305 INFO  execution-log - [Sequence No - 42]	 Command completed.
----------------
2019-02-07 08:51:19,321 INFO  execution-log - [Sequence No - 43] Beginning TestDataCommand ( LogicalFieldName : InsuredName, LogicalFieldValue : Smith )
----------------
2019-02-07 08:51:19,610 INFO  execution-log - [Sequence No - 43]	 Command completed.
----------------
2019-02-07 08:51:19,622 INFO  execution-log - [Sequence No - 44] Beginning ValidateEnableStatusCommand ( LogicalFieldName : Primary State Click, LogicalFieldValue : True )
----------------
2019-02-07 08:51:19,673 INFO  execution-log - [Sequence No - 44]	 Command completed.
----------------
2019-02-07 08:51:19,686 INFO  execution-log - [Sequence No - 45] Beginning ActionCommand ( LogicalFieldName : Primary State Click, LogicalFieldValue : Click )
----------------
2019-02-07 08:51:19,994 INFO  execution-log - [Sequence No - 45]	 Command completed.
----------------
2019-02-07 08:51:20,007 INFO  execution-log - [Sequence No - 46] Beginning ActionCommand ( LogicalFieldName : PrimayState Select, LogicalFieldValue : Click )
----------------
2019-02-07 08:51:20,434 INFO  execution-log - [Sequence No - 46]	 Command completed.
----------------
2019-02-07 08:51:20,455 INFO  execution-log - [Sequence No - 47] Beginning ValidateExistStatusCommand ( LogicalFieldName : Street Address, LogicalFieldValue : True )
----------------
2019-02-07 08:51:20,524 INFO  execution-log - [Sequence No - 47]	 Command completed.
----------------
2019-02-07 08:51:20,550 INFO  execution-log - [Sequence No - 48] Beginning TestDataCommand ( LogicalFieldName : Street Address, LogicalFieldValue : 123 new street )
----------------
2019-02-07 08:51:21,351 INFO  execution-log - [Sequence No - 48]	 Command completed.
----------------
2019-02-07 08:51:21,366 INFO  execution-log - [Sequence No - 49] Beginning ValidateExistStatusCommand ( LogicalFieldName : Zip Code, LogicalFieldValue : True )
----------------
2019-02-07 08:51:21,408 INFO  execution-log - [Sequence No - 49]	 Command completed.
----------------
2019-02-07 08:51:21,420 INFO  execution-log - [Sequence No - 50] Beginning TestDataCommand ( LogicalFieldName : Zip Code, LogicalFieldValue : 53704 )
----------------
2019-02-07 08:51:22,189 INFO  execution-log - [Sequence No - 50]	 Command completed.
----------------
2019-02-07 08:51:22,202 INFO  execution-log - [Sequence No - 51] Beginning ValidateExistStatusCommand ( LogicalFieldName : Same as Physical Address, LogicalFieldValue : True )
----------------
2019-02-07 08:51:22,252 INFO  execution-log - [Sequence No - 51]	 Command completed.
----------------
2019-02-07 08:51:22,264 INFO  execution-log - [Sequence No - 52] Beginning ActionCommand ( LogicalFieldName : Same as Physical Address, LogicalFieldValue : Click )
----------------
2019-02-07 08:51:22,785 INFO  execution-log - [Sequence No - 52]	 Command completed.
----------------
2019-02-07 08:51:22,797 INFO  execution-log - [Sequence No - 53] Beginning ValidateExistStatusCommand ( LogicalFieldName : SIC Code, LogicalFieldValue : True )
----------------
2019-02-07 08:51:22,889 INFO  execution-log - [Sequence No - 53]	 Command completed.
----------------
2019-02-07 08:51:22,903 INFO  execution-log - [Sequence No - 54] Beginning TestDataCommand ( LogicalFieldName : SIC Code, LogicalFieldValue : 41510000-School buses )
----------------
2019-02-07 08:51:24,087 INFO  execution-log - [Sequence No - 54]	 Command completed.
----------------
2019-02-07 08:51:24,137 INFO  execution-log - [Sequence No - 55] Beginning ValidateExistStatusCommand ( LogicalFieldName : BusinessInceptionYear, LogicalFieldValue : True )
----------------
2019-02-07 08:51:24,177 INFO  execution-log - [Sequence No - 55]	 Command completed.
----------------
2019-02-07 08:51:24,204 INFO  execution-log - [Sequence No - 56] Beginning TestDataCommand ( LogicalFieldName : BusinessInceptionYear, LogicalFieldValue : 2012 )
----------------
2019-02-07 08:51:25,088 INFO  execution-log - [Sequence No - 56]	 Command completed.
----------------
2019-02-07 08:51:25,100 INFO  execution-log - [Sequence No - 57] Beginning ValidateExistStatusCommand ( LogicalFieldName : BusinessPhone, LogicalFieldValue : True )
----------------
2019-02-07 08:51:25,238 INFO  execution-log - [Sequence No - 57]	 Command completed.
----------------
2019-02-07 08:51:25,248 INFO  execution-log - [Sequence No - 58] Beginning TestDataCommand ( LogicalFieldName : BusinessPhone, LogicalFieldValue : 6549879879 )
----------------
2019-02-07 08:51:27,084 INFO  execution-log - [Sequence No - 58]	 Command completed.
----------------
2019-02-07 08:51:27,100 INFO  execution-log - [Sequence No - 59] Beginning ValidateEnableStatusCommand ( LogicalFieldName : Next, LogicalFieldValue : True )
----------------
2019-02-07 08:51:27,144 INFO  execution-log - [Sequence No - 59]	 Command completed.
----------------
2019-02-07 08:51:27,158 INFO  execution-log - [Sequence No - 60] Beginning ActionCommand ( LogicalFieldName : Next, LogicalFieldValue : Click )
----------------
2019-02-07 08:51:27,415 INFO  execution-log - [Sequence No - 60]	 Command completed.
----------------
2019-02-07 08:51:27,432 INFO  execution-log - 	 Command completed.
----------------
2019-02-07 08:51:27,444 INFO  execution-log -  Beginning PageCommand ( CurrentPage : Policy Info, FlowIdentifier : 5, DiIndicator : DI )
----------------
2019-02-07 08:51:27,455 INFO  execution-log - 	 Command completed.
----------------
2019-02-07 08:51:27,471 INFO  execution-log -  Beginning LoadTestDataItemCommand ( CurrentPage : Policy Info, FlowIdentifier : 5, DiIndicator : DI )
----------------
2019-02-07 08:51:27,514 INFO  execution-log - [Sequence No - 61] Beginning ValidateEnableStatusCommand ( LogicalFieldName : Which State do u operate In?, LogicalFieldValue : True )
----------------
2019-02-07 08:51:28,135 INFO  execution-log - [Sequence No - 61]	 Command completed.
----------------
2019-02-07 08:51:28,157 INFO  execution-log - [Sequence No - 62] Beginning ActionCommand ( LogicalFieldName : Which State do u operate In?, LogicalFieldValue : Click )
----------------
2019-02-07 08:51:28,694 INFO  execution-log - [Sequence No - 62]	 Command completed.
----------------
2019-02-07 08:51:28,714 INFO  execution-log - [Sequence No - 63] Beginning ActionCommand ( LogicalFieldName : Which State do u operate In?1, LogicalFieldValue : Click )
----------------
2019-02-07 08:51:29,461 INFO  execution-log - [Sequence No - 63]	 Command completed.
----------------
2019-02-07 08:51:29,473 INFO  execution-log - [Sequence No - 64] Beginning ActionCommand ( LogicalFieldName : Label Click, LogicalFieldValue : Click )
----------------
2019-02-07 08:51:29,777 INFO  execution-log - [Sequence No - 64]	 Command completed.
----------------
2019-02-07 08:51:29,798 INFO  execution-log - [Sequence No - 65] Beginning ActionCommand ( LogicalFieldName : Collapse, LogicalFieldValue : Click )
----------------
2019-02-07 08:51:30,260 INFO  execution-log - [Sequence No - 65]	 Command completed.
----------------
2019-02-07 08:51:30,273 INFO  execution-log - [Sequence No - 66] Beginning ValidateEnableStatusCommand ( LogicalFieldName : Select Product, LogicalFieldValue : True )
----------------
2019-02-07 08:51:30,446 INFO  execution-log - [Sequence No - 66]	 Command completed.
----------------
2019-02-07 08:51:30,466 INFO  execution-log - [Sequence No - 67] Beginning ActionCommand ( LogicalFieldName : Select Product, LogicalFieldValue : Click-Wait(2000) )
----------------
2019-02-07 08:51:34,944 INFO  execution-log - [Sequence No - 67]	 Command completed.
----------------
2019-02-07 08:51:34,955 INFO  execution-log - [Sequence No - 68] Beginning ActionCommand ( LogicalFieldName : Select Product 1, LogicalFieldValue : Click )
----------------
2019-02-07 08:51:37,609 INFO  execution-log - [Sequence No - 68]	 Command completed.
----------------
2019-02-07 08:51:37,618 INFO  execution-log - 	 Command completed.
----------------
2019-02-07 08:51:43,552 INFO  execution-log - Saving captured values to file.
----------------
2019-02-07 08:51:45,057 INFO  execution-log - TC # : 1, has completed successfully.
----------------
