2019-01-29 05:00:44,652 INFO  execution-log - 	Initializing control map with map # MASTER
----------------
2019-01-29 05:00:44,667 INFO  execution-log - Initializing Test Automation
----------------
2019-01-29 05:00:44,671 INFO  execution-log - 	target browser: Chrome
----------------
2019-01-29 05:00:44,679 INFO  execution-log - TC # : 1, Downloading test case from DB
----------------
2019-01-29 05:00:44,700 INFO  execution-log - TC # : 1, Getting control map :MASTER from DB
----------------
2019-01-29 05:00:44,723 INFO  execution-log - TC # : 1, Control map retrieval completed
----------------
2019-01-29 05:00:44,725 INFO  execution-log - TC # : 1, Getting test data from DB
----------------
2019-01-29 05:00:44,756 INFO  execution-log - TC # : 1, Test data retrieval completed
----------------
2019-01-29 05:00:44,762 INFO  execution-log - TC # : 1, Parsing commands
----------------
2019-01-29 05:00:44,768 INFO  execution-log - Loading captured values from persistence.
----------------
2019-01-29 05:00:44,776 INFO  execution-log - TC # : 1, Started executing test case in the VMTESTAPP1 environment (http://vam-qa.cloudapp.net:6363/pages/login.html)
----------------
2019-01-29 05:00:44,822 INFO  execution-log -  Beginning StartIterationCommand ( Iterations : 1 )
----------------
2019-01-29 05:00:44,831 INFO  execution-log - TC # : 1, Starting iteration #1
----------------
2019-01-29 05:00:44,836 INFO  execution-log - 	 Command completed.
----------------
2019-01-29 05:00:44,843 INFO  execution-log -  Beginning InvokeApplicationCommand ( Target :  )
----------------
2019-01-29 05:00:45,798 INFO  execution-log - 	 Command completed.
----------------
2019-01-29 05:00:45,804 INFO  execution-log -  Beginning PageCommand ( CurrentPage : Login, FlowIdentifier : 1, DiIndicator : DI )
----------------
2019-01-29 05:00:45,811 INFO  execution-log - 	 Command completed.
----------------
2019-01-29 05:00:45,820 INFO  execution-log -  Beginning LoadTestDataItemCommand ( CurrentPage : Login, FlowIdentifier : 1, DiIndicator : DI )
----------------
2019-01-29 05:00:45,842 INFO  execution-log - [Sequence No - 1] Beginning ValidateExistStatusCommand ( LogicalFieldName : User Name, LogicalFieldValue : True )
----------------
2019-01-29 05:00:45,872 INFO  execution-log - [Sequence No - 1]	 Command completed.
----------------
2019-01-29 05:00:45,880 INFO  execution-log - [Sequence No - 2] Beginning ActionCommand ( LogicalFieldName : User Name, LogicalFieldValue : Click )
----------------
2019-01-29 05:00:46,104 INFO  execution-log - [Sequence No - 2]	 Command completed.
----------------
2019-01-29 05:00:46,117 INFO  execution-log - [Sequence No - 3] Beginning TestDataCommand ( LogicalFieldName : User Name, LogicalFieldValue : Jack )
----------------
2019-01-29 05:00:46,235 INFO  execution-log - [Sequence No - 3]	 Command completed.
----------------
2019-01-29 05:00:46,244 INFO  execution-log - [Sequence No - 4] Beginning ValidateExistStatusCommand ( LogicalFieldName : Password, LogicalFieldValue : True )
----------------
2019-01-29 05:00:46,269 INFO  execution-log - [Sequence No - 4]	 Command completed.
----------------
2019-01-29 05:00:46,278 INFO  execution-log - [Sequence No - 5] Beginning TestDataCommand ( LogicalFieldName : Password, LogicalFieldValue : Smit@123 )
----------------
2019-01-29 05:00:46,414 INFO  execution-log - [Sequence No - 5]	 Command completed.
----------------
2019-01-29 05:00:46,428 INFO  execution-log - [Sequence No - 6] Beginning ValidateEnableStatusCommand ( LogicalFieldName : Login_Button, LogicalFieldValue : True )
----------------
2019-01-29 05:00:46,461 INFO  execution-log - [Sequence No - 6]	 Command completed.
----------------
2019-01-29 05:00:46,471 INFO  execution-log - [Sequence No - 7] Beginning ActionCommand ( LogicalFieldName : Login_Button, LogicalFieldValue : Click )
----------------
2019-01-29 05:00:46,611 INFO  execution-log - [Sequence No - 7]	 Command completed.
----------------
2019-01-29 05:00:46,619 INFO  execution-log - 	 Command completed.
----------------
2019-01-29 05:00:46,681 INFO  execution-log - Saving captured values to file.
----------------
2019-01-29 05:00:46,686 INFO  execution-log - TC # : 1, has completed successfully.
----------------
