2019-02-05 07:12:56,243 INFO  execution-log - 	Initializing control map with map # MASTER
----------------
2019-02-05 07:12:56,248 INFO  execution-log - Initializing Test Automation
----------------
2019-02-05 07:12:56,252 INFO  execution-log - 	target browser: Chrome
----------------
2019-02-05 07:12:56,256 INFO  execution-log - TC # : 1, Downloading test case from DB
----------------
2019-02-05 07:12:56,268 INFO  execution-log - TC # : 1, Getting control map :MASTER from DB
----------------
2019-02-05 07:12:56,268 INFO  execution-log - TC # : 1, Getting test data from DB
----------------
2019-02-05 07:12:56,278 INFO  execution-log - TC # : 1, Control map retrieval completed
----------------
2019-02-05 07:12:56,289 INFO  execution-log - TC # : 1, Test data retrieval completed
----------------
2019-02-05 07:12:56,293 INFO  execution-log - TC # : 1, Parsing commands
----------------
2019-02-05 07:12:56,298 INFO  execution-log - Loading captured values from persistence.
----------------
2019-02-05 07:12:56,302 INFO  execution-log - TC # : 1, Started executing test case in the VMTESTAPP1 environment (http://vam-qa.cloudapp.net:6363/pages/login.html)
----------------
2019-02-05 07:12:56,346 INFO  execution-log -  Beginning StartIterationCommand ( Iterations : 1 )
----------------
2019-02-05 07:12:56,351 INFO  execution-log - TC # : 1, Starting iteration #1
----------------
2019-02-05 07:12:56,356 INFO  execution-log - 	 Command completed.
----------------
2019-02-05 07:12:56,360 INFO  execution-log -  Beginning InvokeApplicationCommand ( Target :  )
----------------
2019-02-05 07:12:57,208 INFO  execution-log - 	 Command completed.
----------------
2019-02-05 07:12:57,215 INFO  execution-log -  Beginning PageCommand ( CurrentPage : Login, FlowIdentifier : 1, DiIndicator : DI )
----------------
2019-02-05 07:12:57,219 INFO  execution-log - 	 Command completed.
----------------
2019-02-05 07:12:57,224 INFO  execution-log -  Beginning LoadTestDataItemCommand ( CurrentPage : Login, FlowIdentifier : 1, DiIndicator : DI )
----------------
2019-02-05 07:12:57,239 INFO  execution-log - [Sequence No - 1] Beginning ValidateExistStatusCommand ( LogicalFieldName : User Name, LogicalFieldValue : True )
----------------
2019-02-05 07:12:57,262 INFO  execution-log - [Sequence No - 1]	 Command completed.
----------------
2019-02-05 07:12:57,272 INFO  execution-log - [Sequence No - 2] Beginning ActionCommand ( LogicalFieldName : User Name, LogicalFieldValue : Click )
----------------
2019-02-05 07:12:57,390 INFO  execution-log - [Sequence No - 2]	 Command completed.
----------------
2019-02-05 07:12:57,401 INFO  execution-log - [Sequence No - 3] Beginning TestDataCommand ( LogicalFieldName : User Name, LogicalFieldValue : Jack )
----------------
2019-02-05 07:12:57,497 INFO  execution-log - [Sequence No - 3]	 Command completed.
----------------
2019-02-05 07:12:57,507 INFO  execution-log - [Sequence No - 4] Beginning ValidateExistStatusCommand ( LogicalFieldName : Password, LogicalFieldValue : True )
----------------
2019-02-05 07:12:57,536 INFO  execution-log - [Sequence No - 4]	 Command completed.
----------------
2019-02-05 07:12:57,545 INFO  execution-log - [Sequence No - 5] Beginning TestDataCommand ( LogicalFieldName : Password, LogicalFieldValue : Smit@123 )
----------------
2019-02-05 07:12:57,670 INFO  execution-log - [Sequence No - 5]	 Command completed.
----------------
2019-02-05 07:12:57,680 INFO  execution-log - [Sequence No - 6] Beginning ValidateEnableStatusCommand ( LogicalFieldName : Login_Button, LogicalFieldValue : True )
----------------
2019-02-05 07:12:57,711 INFO  execution-log - [Sequence No - 6]	 Command completed.
----------------
2019-02-05 07:12:57,720 INFO  execution-log - [Sequence No - 7] Beginning ActionCommand ( LogicalFieldName : Login_Button, LogicalFieldValue : Click )
----------------
2019-02-05 07:12:57,824 INFO  execution-log - [Sequence No - 7]	 Command completed.
----------------
2019-02-05 07:12:57,830 INFO  execution-log - 	 Command completed.
----------------
2019-02-05 07:12:57,837 INFO  execution-log -  Beginning PageCommand ( CurrentPage : Home, FlowIdentifier : 2, DiIndicator : DI )
----------------
2019-02-05 07:12:57,842 INFO  execution-log - 	 Command completed.
----------------
2019-02-05 07:12:57,850 INFO  execution-log -  Beginning LoadTestDataItemCommand ( CurrentPage : Home, FlowIdentifier : 2, DiIndicator : DI )
----------------
2019-02-05 07:12:57,863 INFO  execution-log - [Sequence No - 8] Beginning ValidateEnableStatusCommand ( LogicalFieldName : New Quote, LogicalFieldValue : True )
----------------
2019-02-05 07:12:58,859 INFO  execution-log - [Sequence No - 8]	 Command completed.
----------------
2019-02-05 07:12:58,876 INFO  execution-log - [Sequence No - 9] Beginning ActionCommand ( LogicalFieldName : New Quote, LogicalFieldValue : Click )
----------------
2019-02-05 07:12:59,498 INFO  execution-log - [Sequence No - 9]	 Command completed.
----------------
2019-02-05 07:12:59,513 INFO  execution-log - 	 Command completed.
----------------
2019-02-05 07:12:59,523 INFO  execution-log -  Beginning PageCommand ( CurrentPage : New Quote, FlowIdentifier : 3, DiIndicator : DI )
----------------
2019-02-05 07:12:59,532 INFO  execution-log - 	 Command completed.
----------------
2019-02-05 07:12:59,537 INFO  execution-log -  Beginning LoadTestDataItemCommand ( CurrentPage : New Quote, FlowIdentifier : 3, DiIndicator : DI )
----------------
2019-02-05 07:12:59,550 INFO  execution-log - [Sequence No - 10] Beginning ValidateExistStatusCommand ( LogicalFieldName : Account Name, LogicalFieldValue : True )
----------------
2019-02-05 07:12:59,573 INFO  execution-log - [Sequence No - 10]	 Command completed.
----------------
2019-02-05 07:12:59,582 INFO  execution-log - [Sequence No - 11] Beginning TestDataCommand ( LogicalFieldName : Account Name, LogicalFieldValue : RANDOMIZE(7,2) )
----------------
2019-02-05 07:12:59,826 INFO  execution-log - [Sequence No - 11]	 Command completed.
----------------
2019-02-05 07:12:59,838 INFO  execution-log - [Sequence No - 12] Beginning ValidateExistStatusCommand ( LogicalFieldName : First Name, LogicalFieldValue : True )
----------------
2019-02-05 07:12:59,863 INFO  execution-log - [Sequence No - 12]	 Command completed.
----------------
2019-02-05 07:12:59,873 INFO  execution-log - [Sequence No - 13] Beginning TestDataCommand ( LogicalFieldName : First Name, LogicalFieldValue : Jack )
----------------
2019-02-05 07:13:00,125 INFO  execution-log - [Sequence No - 13]	 Command completed.
----------------
2019-02-05 07:13:00,136 INFO  execution-log - [Sequence No - 14] Beginning ValidateEnableStatusCommand ( LogicalFieldName : Last Name, LogicalFieldValue : True )
----------------
2019-02-05 07:13:00,173 INFO  execution-log - [Sequence No - 14]	 Command completed.
----------------
2019-02-05 07:13:00,183 INFO  execution-log - [Sequence No - 15] Beginning TestDataCommand ( LogicalFieldName : Last Name, LogicalFieldValue : Smith )
----------------
2019-02-05 07:13:00,380 INFO  execution-log - [Sequence No - 15]	 Command completed.
----------------
2019-02-05 07:13:00,399 INFO  execution-log - [Sequence No - 16] Beginning ValidateExistStatusCommand ( LogicalFieldName : ContactNumber1, LogicalFieldValue : True )
----------------
2019-02-05 07:13:00,421 INFO  execution-log - [Sequence No - 16]	 Command completed.
----------------
2019-02-05 07:13:00,431 INFO  execution-log - [Sequence No - 17] Beginning TestDataCommand ( LogicalFieldName : ContactNumber1, LogicalFieldValue : 654 )
----------------
2019-02-05 07:13:00,563 INFO  execution-log - [Sequence No - 17]	 Command completed.
----------------
2019-02-05 07:13:00,576 INFO  execution-log - [Sequence No - 18] Beginning TestDataCommand ( LogicalFieldName : ContactNumber2, LogicalFieldValue : 321 )
----------------
2019-02-05 07:13:00,720 INFO  execution-log - [Sequence No - 18]	 Command completed.
----------------
2019-02-05 07:13:00,731 INFO  execution-log - [Sequence No - 19] Beginning TestDataCommand ( LogicalFieldName : ContactNumber3, LogicalFieldValue : 6541 )
----------------
2019-02-05 07:13:00,848 INFO  execution-log - [Sequence No - 19]	 Command completed.
----------------
2019-02-05 07:13:00,859 INFO  execution-log - [Sequence No - 20] Beginning ValidateExistStatusCommand ( LogicalFieldName : Primary Email, LogicalFieldValue : True )
----------------
2019-02-05 07:13:00,879 INFO  execution-log - [Sequence No - 20]	 Command completed.
----------------
2019-02-05 07:13:00,889 INFO  execution-log - [Sequence No - 21] Beginning TestDataCommand ( LogicalFieldName : Primary Email, LogicalFieldValue : jack.smith@gmail.com )
----------------
2019-02-05 07:13:01,297 INFO  execution-log - [Sequence No - 21]	 Command completed.
----------------
2019-02-05 07:13:01,308 INFO  execution-log - [Sequence No - 22] Beginning ValidateExistStatusCommand ( LogicalFieldName : Business Started Year, LogicalFieldValue : True )
----------------
2019-02-05 07:13:01,328 INFO  execution-log - [Sequence No - 22]	 Command completed.
----------------
2019-02-05 07:13:01,337 INFO  execution-log - [Sequence No - 23] Beginning TestDataCommand ( LogicalFieldName : Business Started Year, LogicalFieldValue : 2012 )
----------------
2019-02-05 07:13:01,475 INFO  execution-log - [Sequence No - 23]	 Command completed.
----------------
2019-02-05 07:13:01,485 INFO  execution-log - [Sequence No - 24] Beginning ValidateExistStatusCommand ( LogicalFieldName : Select Product, LogicalFieldValue : True )
----------------
2019-02-05 07:13:01,506 INFO  execution-log - [Sequence No - 24]	 Command completed.
----------------
2019-02-05 07:13:01,515 INFO  execution-log - [Sequence No - 25] Beginning ActionCommand ( LogicalFieldName : Select Product, LogicalFieldValue : Click )
----------------
2019-02-05 07:13:01,646 INFO  execution-log - [Sequence No - 25]	 Command completed.
----------------
2019-02-05 07:13:01,660 INFO  execution-log - [Sequence No - 26] Beginning ActionCommand ( LogicalFieldName : Select Product1, LogicalFieldValue : Click )
----------------
2019-02-05 07:13:01,803 INFO  execution-log - [Sequence No - 26]	 Command completed.
----------------
2019-02-05 07:13:01,814 INFO  execution-log - [Sequence No - 27] Beginning ValidateExistStatusCommand ( LogicalFieldName : Contact Name, LogicalFieldValue : True )
----------------
2019-02-05 07:13:01,845 INFO  execution-log - [Sequence No - 27]	 Command completed.
----------------
2019-02-05 07:13:01,856 INFO  execution-log - [Sequence No - 28] Beginning ActionCommand ( LogicalFieldName : Contact Name, LogicalFieldValue : Click )
----------------
2019-02-05 07:13:01,989 INFO  execution-log - [Sequence No - 28]	 Command completed.
----------------
2019-02-05 07:13:02,000 INFO  execution-log - [Sequence No - 29] Beginning ActionCommand ( LogicalFieldName : Contact Name Initial Select, LogicalFieldValue : Click )
----------------
2019-02-05 07:13:02,632 INFO  execution-log - [Sequence No - 29]	 Command completed.
----------------
2019-02-05 07:13:02,642 INFO  execution-log - [Sequence No - 30] Beginning ValidateExistStatusCommand ( LogicalFieldName : Industry, LogicalFieldValue : True )
----------------
2019-02-05 07:13:02,670 INFO  execution-log - [Sequence No - 30]	 Command completed.
----------------
2019-02-05 07:13:02,680 INFO  execution-log - [Sequence No - 31] Beginning ActionCommand ( LogicalFieldName : Industry, LogicalFieldValue : Click )
----------------
2019-02-05 07:13:02,855 INFO  execution-log - [Sequence No - 31]	 Command completed.
----------------
2019-02-05 07:13:02,871 INFO  execution-log - [Sequence No - 32] Beginning ActionCommand ( LogicalFieldName : Industry1, LogicalFieldValue : Click )
----------------
2019-02-05 07:13:03,026 INFO  execution-log - [Sequence No - 32]	 Command completed.
----------------
2019-02-05 07:13:03,036 INFO  execution-log - [Sequence No - 33] Beginning ValidateExistStatusCommand ( LogicalFieldName : Zip Code, LogicalFieldValue : True )
----------------
2019-02-05 07:13:03,057 INFO  execution-log - [Sequence No - 33]	 Command completed.
----------------
2019-02-05 07:13:03,065 INFO  execution-log - [Sequence No - 34] Beginning TestDataCommand ( LogicalFieldName : Zip Code, LogicalFieldValue : 53704 )
----------------
2019-02-05 07:13:03,215 INFO  execution-log - [Sequence No - 34]	 Command completed.
----------------
2019-02-05 07:13:03,225 INFO  execution-log - [Sequence No - 35] Beginning ActionCommand ( LogicalFieldName : zipcode click, LogicalFieldValue : Click )
----------------
2019-02-05 07:13:03,578 INFO  execution-log - [Sequence No - 35]	 Command completed.
----------------
2019-02-05 07:13:03,588 INFO  execution-log - [Sequence No - 36] Beginning ValidateExistStatusCommand ( LogicalFieldName : Street Address, LogicalFieldValue : True )
----------------
2019-02-05 07:13:03,619 INFO  execution-log - [Sequence No - 36]	 Command completed.
----------------
2019-02-05 07:13:03,629 INFO  execution-log - [Sequence No - 37] Beginning TestDataCommand ( LogicalFieldName : Street Address, LogicalFieldValue : 123 BLUEJAY LN )
----------------
2019-02-05 07:13:03,871 INFO  execution-log - [Sequence No - 37]	 Command completed.
----------------
2019-02-05 07:13:03,882 INFO  execution-log - [Sequence No - 38] Beginning ValidateExistStatusCommand ( LogicalFieldName : Same as Physical Address, LogicalFieldValue : True )
----------------
2019-02-05 07:13:03,905 INFO  execution-log - [Sequence No - 38]	 Command completed.
----------------
2019-02-05 07:13:03,915 INFO  execution-log - [Sequence No - 39] Beginning ActionCommand ( LogicalFieldName : Same as Physical Address, LogicalFieldValue : Click )
----------------
2019-02-05 07:13:04,035 INFO  execution-log - [Sequence No - 39]	 Command completed.
----------------
2019-02-05 07:13:04,045 INFO  execution-log - [Sequence No - 40] Beginning ValidateEnableStatusCommand ( LogicalFieldName : Proceed, LogicalFieldValue : True )
----------------
2019-02-05 07:13:04,080 INFO  execution-log - [Sequence No - 40]	 Command completed.
----------------
2019-02-05 07:13:04,091 INFO  execution-log - [Sequence No - 41] Beginning ActionCommand ( LogicalFieldName : Proceed, LogicalFieldValue : Click )
----------------
2019-02-05 07:13:04,217 INFO  execution-log - [Sequence No - 41]	 Command completed.
----------------
2019-02-05 07:13:04,225 INFO  execution-log - 	 Command completed.
----------------
2019-02-05 07:13:04,231 INFO  execution-log -  Beginning PageCommand ( CurrentPage : Insured Info, FlowIdentifier : 4, DiIndicator : DI )
----------------
2019-02-05 07:13:04,237 INFO  execution-log - 	 Command completed.
----------------
2019-02-05 07:13:04,242 INFO  execution-log -  Beginning LoadTestDataItemCommand ( CurrentPage : Insured Info, FlowIdentifier : 4, DiIndicator : DI )
----------------
2019-02-05 07:13:04,258 INFO  execution-log - [Sequence No - 42] Beginning ValidateEnableStatusCommand ( LogicalFieldName : InsuredName, LogicalFieldValue : True )
----------------
2019-02-05 07:13:06,194 INFO  execution-log - [Sequence No - 42]	 Command completed.
----------------
2019-02-05 07:13:06,204 INFO  execution-log - [Sequence No - 43] Beginning TestDataCommand ( LogicalFieldName : InsuredName, LogicalFieldValue : Smith )
----------------
2019-02-05 07:13:06,373 INFO  execution-log - [Sequence No - 43]	 Command completed.
----------------
2019-02-05 07:13:06,383 INFO  execution-log - [Sequence No - 44] Beginning ValidateEnableStatusCommand ( LogicalFieldName : Primary State Click, LogicalFieldValue : True )
----------------
2019-02-05 07:13:06,414 INFO  execution-log - [Sequence No - 44]	 Command completed.
----------------
2019-02-05 07:13:06,424 INFO  execution-log - [Sequence No - 45] Beginning ActionCommand ( LogicalFieldName : Primary State Click, LogicalFieldValue : Click )
----------------
2019-02-05 07:13:06,571 INFO  execution-log - [Sequence No - 45]	 Command completed.
----------------
2019-02-05 07:13:06,582 INFO  execution-log - [Sequence No - 46] Beginning ActionCommand ( LogicalFieldName : PrimayState Select, LogicalFieldValue : Click )
----------------
2019-02-05 07:13:06,777 INFO  execution-log - [Sequence No - 46]	 Command completed.
----------------
2019-02-05 07:13:06,787 INFO  execution-log - [Sequence No - 47] Beginning ValidateExistStatusCommand ( LogicalFieldName : Street Address, LogicalFieldValue : True )
----------------
2019-02-05 07:13:06,814 INFO  execution-log - [Sequence No - 47]	 Command completed.
----------------
2019-02-05 07:13:06,825 INFO  execution-log - [Sequence No - 48] Beginning TestDataCommand ( LogicalFieldName : Street Address, LogicalFieldValue : 123 new street )
----------------
2019-02-05 07:13:07,124 INFO  execution-log - [Sequence No - 48]	 Command completed.
----------------
2019-02-05 07:13:07,134 INFO  execution-log - [Sequence No - 49] Beginning ValidateExistStatusCommand ( LogicalFieldName : Zip Code, LogicalFieldValue : True )
----------------
2019-02-05 07:13:07,165 INFO  execution-log - [Sequence No - 49]	 Command completed.
----------------
2019-02-05 07:13:07,177 INFO  execution-log - [Sequence No - 50] Beginning TestDataCommand ( LogicalFieldName : Zip Code, LogicalFieldValue : 53704 )
----------------
2019-02-05 07:13:07,315 INFO  execution-log - [Sequence No - 50]	 Command completed.
----------------
2019-02-05 07:13:07,328 INFO  execution-log - [Sequence No - 51] Beginning ValidateExistStatusCommand ( LogicalFieldName : Same as Physical Address, LogicalFieldValue : True )
----------------
2019-02-05 07:13:07,355 INFO  execution-log - [Sequence No - 51]	 Command completed.
----------------
2019-02-05 07:13:07,367 INFO  execution-log - [Sequence No - 52] Beginning ActionCommand ( LogicalFieldName : Same as Physical Address, LogicalFieldValue : Click )
----------------
2019-02-05 07:13:07,527 INFO  execution-log - [Sequence No - 52]	 Command completed.
----------------
2019-02-05 07:13:07,539 INFO  execution-log - [Sequence No - 53] Beginning ValidateExistStatusCommand ( LogicalFieldName : SIC Code, LogicalFieldValue : True )
----------------
2019-02-05 07:13:07,578 INFO  execution-log - [Sequence No - 53]	 Command completed.
----------------
2019-02-05 07:13:07,588 INFO  execution-log - [Sequence No - 54] Beginning TestDataCommand ( LogicalFieldName : SIC Code, LogicalFieldValue : 41510000-School buses )
----------------
2019-02-05 07:13:07,907 INFO  execution-log - [Sequence No - 54]	 Command completed.
----------------
2019-02-05 07:13:07,918 INFO  execution-log - [Sequence No - 55] Beginning ValidateExistStatusCommand ( LogicalFieldName : BusinessInceptionYear, LogicalFieldValue : True )
----------------
2019-02-05 07:13:07,938 INFO  execution-log - [Sequence No - 55]	 Command completed.
----------------
2019-02-05 07:13:07,947 INFO  execution-log - [Sequence No - 56] Beginning TestDataCommand ( LogicalFieldName : BusinessInceptionYear, LogicalFieldValue : 2012 )
----------------
2019-02-05 07:13:08,066 INFO  execution-log - [Sequence No - 56]	 Command completed.
----------------
2019-02-05 07:13:08,080 INFO  execution-log - [Sequence No - 57] Beginning ValidateExistStatusCommand ( LogicalFieldName : BusinessPhone, LogicalFieldValue : True )
----------------
2019-02-05 07:13:08,107 INFO  execution-log - [Sequence No - 57]	 Command completed.
----------------
2019-02-05 07:13:08,119 INFO  execution-log - [Sequence No - 58] Beginning TestDataCommand ( LogicalFieldName : BusinessPhone, LogicalFieldValue : 6549879879 )
----------------
2019-02-05 07:13:09,357 INFO  execution-log - [Sequence No - 58]	 Command completed.
----------------
2019-02-05 07:13:09,367 INFO  execution-log - [Sequence No - 59] Beginning ValidateEnableStatusCommand ( LogicalFieldName : Next, LogicalFieldValue : True )
----------------
2019-02-05 07:13:09,394 INFO  execution-log - [Sequence No - 59]	 Command completed.
----------------
2019-02-05 07:13:09,404 INFO  execution-log - [Sequence No - 60] Beginning ActionCommand ( LogicalFieldName : Next, LogicalFieldValue : Click )
----------------
2019-02-05 07:13:09,522 INFO  execution-log - [Sequence No - 60]	 Command completed.
----------------
2019-02-05 07:13:09,528 INFO  execution-log - 	 Command completed.
----------------
2019-02-05 07:13:09,535 INFO  execution-log -  Beginning PageCommand ( CurrentPage : Policy Info, FlowIdentifier : 5, DiIndicator : DI )
----------------
2019-02-05 07:13:09,542 INFO  execution-log - 	 Command completed.
----------------
2019-02-05 07:13:09,546 INFO  execution-log -  Beginning LoadTestDataItemCommand ( CurrentPage : Policy Info, FlowIdentifier : 5, DiIndicator : DI )
----------------
2019-02-05 07:13:09,560 INFO  execution-log - [Sequence No - 61] Beginning ValidateEnableStatusCommand ( LogicalFieldName : Which State do u operate In?, LogicalFieldValue : True )
----------------
2019-02-05 07:13:10,009 INFO  execution-log - [Sequence No - 61]	 Command completed.
----------------
2019-02-05 07:13:10,023 INFO  execution-log - [Sequence No - 62] Beginning ActionCommand ( LogicalFieldName : Which State do u operate In?, LogicalFieldValue : Click )
----------------
2019-02-05 07:13:10,667 INFO  execution-log - [Sequence No - 62]	 Command completed.
----------------
2019-02-05 07:13:10,680 INFO  execution-log - [Sequence No - 63] Beginning ActionCommand ( LogicalFieldName : Which State do u operate In?1, LogicalFieldValue : Click )
----------------
2019-02-05 07:13:11,297 INFO  execution-log - [Sequence No - 63]	 Command completed.
----------------
2019-02-05 07:13:11,308 INFO  execution-log - [Sequence No - 64] Beginning ActionCommand ( LogicalFieldName : Label Click, LogicalFieldValue : Click )
----------------
2019-02-05 07:13:11,441 INFO  execution-log - [Sequence No - 64]	 Command completed.
----------------
2019-02-05 07:13:11,451 INFO  execution-log - [Sequence No - 65] Beginning ActionCommand ( LogicalFieldName : Collapse, LogicalFieldValue : Click )
----------------
2019-02-05 07:13:11,655 INFO  execution-log - [Sequence No - 65]	 Command completed.
----------------
2019-02-05 07:13:11,666 INFO  execution-log - [Sequence No - 66] Beginning ValidateEnableStatusCommand ( LogicalFieldName : Select Product, LogicalFieldValue : True )
----------------
2019-02-05 07:13:11,706 INFO  execution-log - [Sequence No - 66]	 Command completed.
----------------
2019-02-05 07:13:11,718 INFO  execution-log - [Sequence No - 67] Beginning ActionCommand ( LogicalFieldName : Select Product, LogicalFieldValue : Click-Wait(2000) )
----------------
2019-02-05 07:13:15,857 INFO  execution-log - [Sequence No - 67]	 Command completed.
----------------
2019-02-05 07:13:15,866 INFO  execution-log - [Sequence No - 68] Beginning ActionCommand ( LogicalFieldName : Select Product 1, LogicalFieldValue : Click )
----------------
2019-02-05 07:13:18,383 INFO  execution-log - [Sequence No - 68]	 Command completed.
----------------
2019-02-05 07:13:18,395 INFO  execution-log - [Sequence No - 69] Beginning ValidateEnableStatusCommand ( LogicalFieldName : Next Policy Info, LogicalFieldValue : True )
----------------
2019-02-05 07:13:18,433 INFO  execution-log - [Sequence No - 69]	 Command completed.
----------------
2019-02-05 07:13:18,445 INFO  execution-log - [Sequence No - 70] Beginning ActionCommand ( LogicalFieldName : Next Policy Info, LogicalFieldValue : Click(1000) )
----------------
2019-02-05 07:13:18,544 INFO  execution-log - [Sequence No - 70]	 Command completed.
----------------
2019-02-05 07:13:18,550 INFO  execution-log - 	 Command completed.
----------------
2019-02-05 07:13:18,570 INFO  execution-log - Saving captured values to file.
----------------
2019-02-05 07:13:18,575 INFO  execution-log - TC # : 1, has completed successfully.
----------------
