2019-01-29 08:33:36,750 INFO  execution-log - 	Initializing control map with map # MASTER
----------------
2019-01-29 08:33:36,758 INFO  execution-log - Initializing Test Automation
----------------
2019-01-29 08:33:36,762 INFO  execution-log - 	target browser: Chrome
----------------
2019-01-29 08:33:36,766 INFO  execution-log - TC # : 1, Downloading test case from DB
----------------
2019-01-29 08:33:36,775 INFO  execution-log - TC # : 1, Getting control map :MASTER from DB
----------------
2019-01-29 08:33:36,775 INFO  execution-log - TC # : 1, Getting test data from DB
----------------
2019-01-29 08:33:36,786 INFO  execution-log - TC # : 1, Control map retrieval completed
----------------
2019-01-29 08:33:36,794 INFO  execution-log - TC # : 1, Test data retrieval completed
----------------
2019-01-29 08:33:36,799 INFO  execution-log - TC # : 1, Parsing commands
----------------
2019-01-29 08:33:36,803 INFO  execution-log - Loading captured values from persistence.
----------------
2019-01-29 08:33:36,807 INFO  execution-log - TC # : 1, Started executing test case in the VMTESTAPP1 environment (http://vam-qa.cloudapp.net:6363/pages/login.html)
----------------
2019-01-29 08:33:36,836 INFO  execution-log -  Beginning StartIterationCommand ( Iterations : 1 )
----------------
2019-01-29 08:33:36,842 INFO  execution-log - TC # : 1, Starting iteration #1
----------------
2019-01-29 08:33:36,847 INFO  execution-log - 	 Command completed.
----------------
2019-01-29 08:33:36,853 INFO  execution-log -  Beginning InvokeApplicationCommand ( Target :  )
----------------
2019-01-29 08:33:37,788 INFO  execution-log - 	 Command completed.
----------------
2019-01-29 08:33:37,797 INFO  execution-log -  Beginning PageCommand ( CurrentPage : Login, FlowIdentifier : 1, DiIndicator : DI )
----------------
2019-01-29 08:33:37,804 INFO  execution-log - 	 Command completed.
----------------
2019-01-29 08:33:37,812 INFO  execution-log -  Beginning LoadTestDataItemCommand ( CurrentPage : Login, FlowIdentifier : 1, DiIndicator : DI )
----------------
2019-01-29 08:33:37,827 INFO  execution-log - [Sequence No - 1] Beginning ValidateExistStatusCommand ( LogicalFieldName : User Name, LogicalFieldValue : True )
----------------
2019-01-29 08:33:37,855 INFO  execution-log - [Sequence No - 1]	 Command completed.
----------------
2019-01-29 08:33:37,863 INFO  execution-log - [Sequence No - 2] Beginning ActionCommand ( LogicalFieldName : User Name, LogicalFieldValue : Click )
----------------
2019-01-29 08:33:37,987 INFO  execution-log - [Sequence No - 2]	 Command completed.
----------------
2019-01-29 08:33:38,016 INFO  execution-log - [Sequence No - 3] Beginning TestDataCommand ( LogicalFieldName : User Name, LogicalFieldValue : Jack )
----------------
2019-01-29 08:33:38,107 INFO  execution-log - [Sequence No - 3]	 Command completed.
----------------
2019-01-29 08:33:38,117 INFO  execution-log - [Sequence No - 4] Beginning ValidateExistStatusCommand ( LogicalFieldName : Password, LogicalFieldValue : True )
----------------
2019-01-29 08:33:38,139 INFO  execution-log - [Sequence No - 4]	 Command completed.
----------------
2019-01-29 08:33:38,148 INFO  execution-log - [Sequence No - 5] Beginning TestDataCommand ( LogicalFieldName : Password, LogicalFieldValue : Smit@123 )
----------------
2019-01-29 08:33:38,308 INFO  execution-log - [Sequence No - 5]	 Command completed.
----------------
2019-01-29 08:33:38,318 INFO  execution-log - [Sequence No - 6] Beginning ValidateEnableStatusCommand ( LogicalFieldName : Login_Button, LogicalFieldValue : True )
----------------
2019-01-29 08:33:38,355 INFO  execution-log - [Sequence No - 6]	 Command completed.
----------------
2019-01-29 08:33:38,365 INFO  execution-log - [Sequence No - 7] Beginning ActionCommand ( LogicalFieldName : Login_Button, LogicalFieldValue : Click )
----------------
2019-01-29 08:33:38,470 INFO  execution-log - [Sequence No - 7]	 Command completed.
----------------
2019-01-29 08:33:38,476 INFO  execution-log - 	 Command completed.
----------------
2019-01-29 08:33:38,482 INFO  execution-log -  Beginning PageCommand ( CurrentPage : Home, FlowIdentifier : 2, DiIndicator : DI )
----------------
2019-01-29 08:33:38,488 INFO  execution-log - 	 Command completed.
----------------
2019-01-29 08:33:38,495 INFO  execution-log -  Beginning LoadTestDataItemCommand ( CurrentPage : Home, FlowIdentifier : 2, DiIndicator : DI )
----------------
2019-01-29 08:33:38,507 INFO  execution-log - [Sequence No - 8] Beginning ActionCommand ( LogicalFieldName : New Quote, LogicalFieldValue : Click )
----------------
2019-01-29 08:33:40,281 INFO  execution-log - [Sequence No - 8]	 Command completed.
----------------
2019-01-29 08:33:40,304 INFO  execution-log - 	 Command completed.
----------------
2019-01-29 08:33:40,317 INFO  execution-log -  Beginning PageCommand ( CurrentPage : New Quote, FlowIdentifier : 3, DiIndicator : DI )
----------------
2019-01-29 08:33:40,324 INFO  execution-log - 	 Command completed.
----------------
2019-01-29 08:33:40,331 INFO  execution-log -  Beginning LoadTestDataItemCommand ( CurrentPage : New Quote, FlowIdentifier : 3, DiIndicator : DI )
----------------
2019-01-29 08:33:40,347 INFO  execution-log - [Sequence No - 9] Beginning TestDataCommand ( LogicalFieldName : Account Name, LogicalFieldValue : Auto Insurance )
----------------
2019-01-29 08:33:40,624 INFO  execution-log - [Sequence No - 9]	 Command completed.
----------------
2019-01-29 08:33:40,634 INFO  execution-log - [Sequence No - 10] Beginning TestDataCommand ( LogicalFieldName : First Name, LogicalFieldValue : Jack )
----------------
2019-01-29 08:33:40,845 INFO  execution-log - [Sequence No - 10]	 Command completed.
----------------
2019-01-29 08:33:40,856 INFO  execution-log - [Sequence No - 11] Beginning TestDataCommand ( LogicalFieldName : Last Name, LogicalFieldValue : Smith )
----------------
2019-01-29 08:33:41,045 INFO  execution-log - [Sequence No - 11]	 Command completed.
----------------
2019-01-29 08:33:41,055 INFO  execution-log - [Sequence No - 12] Beginning TestDataCommand ( LogicalFieldName : ContactNumber1, LogicalFieldValue : 654 )
----------------
2019-01-29 08:33:41,200 INFO  execution-log - [Sequence No - 12]	 Command completed.
----------------
2019-01-29 08:33:41,212 INFO  execution-log - [Sequence No - 13] Beginning TestDataCommand ( LogicalFieldName : ContactNumber2, LogicalFieldValue : 321 )
----------------
2019-01-29 08:33:41,351 INFO  execution-log - [Sequence No - 13]	 Command completed.
----------------
2019-01-29 08:33:41,361 INFO  execution-log - [Sequence No - 14] Beginning TestDataCommand ( LogicalFieldName : ContactNumber3, LogicalFieldValue : 6541 )
----------------
2019-01-29 08:33:41,494 INFO  execution-log - [Sequence No - 14]	 Command completed.
----------------
2019-01-29 08:33:41,503 INFO  execution-log - [Sequence No - 15] Beginning TestDataCommand ( LogicalFieldName : Primary Email, LogicalFieldValue : jack.smith@gmail.com )
----------------
2019-01-29 08:33:41,936 INFO  execution-log - [Sequence No - 15]	 Command completed.
----------------
2019-01-29 08:33:41,946 INFO  execution-log - [Sequence No - 16] Beginning TestDataCommand ( LogicalFieldName : Business Started Year, LogicalFieldValue : 2012 )
----------------
2019-01-29 08:33:42,082 INFO  execution-log - [Sequence No - 16]	 Command completed.
----------------
2019-01-29 08:33:42,091 INFO  execution-log - [Sequence No - 17] Beginning ActionCommand ( LogicalFieldName : Select Product, LogicalFieldValue : Click )
----------------
2019-01-29 08:33:42,273 INFO  execution-log - [Sequence No - 17]	 Command completed.
----------------
2019-01-29 08:33:42,284 INFO  execution-log - [Sequence No - 18] Beginning ActionCommand ( LogicalFieldName : Select Product1, LogicalFieldValue : Click )
----------------
2019-01-29 08:33:42,490 INFO  execution-log - [Sequence No - 18]	 Command completed.
----------------
2019-01-29 08:33:42,500 INFO  execution-log - [Sequence No - 19] Beginning ActionCommand ( LogicalFieldName : Contact Name, LogicalFieldValue : Click )
----------------
2019-01-29 08:33:42,663 INFO  execution-log - [Sequence No - 19]	 Command completed.
----------------
2019-01-29 08:33:42,674 INFO  execution-log - [Sequence No - 20] Beginning ActionCommand ( LogicalFieldName : Contact Name Initial Select, LogicalFieldValue : Click )
----------------
2019-01-29 08:33:43,312 INFO  execution-log - [Sequence No - 20]	 Command completed.
----------------
2019-01-29 08:33:43,320 INFO  execution-log - 	 Command completed.
----------------
2019-01-29 08:33:43,336 INFO  execution-log - Saving captured values to file.
----------------
2019-01-29 08:33:43,341 INFO  execution-log - TC # : 1, has completed successfully.
----------------
