2019-02-07 08:04:44,244 INFO  execution-log - 	Initializing control map with map # MASTER
----------------
2019-02-07 08:04:44,266 INFO  execution-log - Initializing Test Automation
----------------
2019-02-07 08:04:44,275 INFO  execution-log - 	target browser: Chrome
----------------
2019-02-07 08:04:44,288 INFO  execution-log - TC # : 1, Downloading test case from DB
----------------
2019-02-07 08:04:44,312 INFO  execution-log - TC # : 1, Getting test data from DB
----------------
2019-02-07 08:04:44,312 INFO  execution-log - TC # : 1, Getting control map :MASTER from DB
----------------
2019-02-07 08:04:44,345 INFO  execution-log - TC # : 1, Control map retrieval completed
----------------
2019-02-07 08:04:44,350 INFO  execution-log - TC # : 1, Test data retrieval completed
----------------
2019-02-07 08:04:44,361 INFO  execution-log - TC # : 1, Parsing commands
----------------
2019-02-07 08:04:44,371 INFO  execution-log - Loading captured values from persistence.
----------------
2019-02-07 08:04:44,382 INFO  execution-log - TC # : 1, Started executing test case in the VMTESTAPP1 environment (http://vam-qa.cloudapp.net:6363/pages/login.html)
----------------
2019-02-07 08:04:44,470 INFO  execution-log -  Beginning StartIterationCommand ( Iterations : 1 )
----------------
2019-02-07 08:04:44,481 INFO  execution-log - TC # : 1, Starting iteration #1
----------------
2019-02-07 08:04:44,489 INFO  execution-log - 	 Command completed.
----------------
2019-02-07 08:04:44,498 INFO  execution-log -  Beginning InvokeApplicationCommand ( Target :  )
----------------
2019-02-07 08:04:45,668 INFO  execution-log - 	 Command completed.
----------------
2019-02-07 08:04:45,680 INFO  execution-log -  Beginning PageCommand ( CurrentPage : Login, FlowIdentifier : 1, DiIndicator : DI )
----------------
2019-02-07 08:04:45,690 INFO  execution-log - 	 Command completed.
----------------
2019-02-07 08:04:45,710 INFO  execution-log -  Beginning LoadTestDataItemCommand ( CurrentPage : Login, FlowIdentifier : 1, DiIndicator : DI )
----------------
2019-02-07 08:04:45,740 INFO  execution-log - [Sequence No - 1] Beginning ValidateExistStatusCommand ( LogicalFieldName : User Name, LogicalFieldValue : True )
----------------
2019-02-07 08:04:45,798 INFO  execution-log - [Sequence No - 1]	 Command completed.
----------------
2019-02-07 08:04:45,827 INFO  execution-log - [Sequence No - 2] Beginning ActionCommand ( LogicalFieldName : User Name, LogicalFieldValue : Click )
----------------
2019-02-07 08:04:46,789 INFO  execution-log - [Sequence No - 2]	 Command completed.
----------------
2019-02-07 08:04:46,814 INFO  execution-log - [Sequence No - 3] Beginning TestDataCommand ( LogicalFieldName : User Name, LogicalFieldValue : Jack )
----------------
2019-02-07 08:04:47,004 INFO  execution-log - [Sequence No - 3]	 Command completed.
----------------
2019-02-07 08:04:47,022 INFO  execution-log - [Sequence No - 4] Beginning ValidateExistStatusCommand ( LogicalFieldName : Password, LogicalFieldValue : True )
----------------
2019-02-07 08:04:47,063 INFO  execution-log - [Sequence No - 4]	 Command completed.
----------------
2019-02-07 08:04:47,078 INFO  execution-log - [Sequence No - 5] Beginning TestDataCommand ( LogicalFieldName : Password, LogicalFieldValue : Smit@123 )
----------------
2019-02-07 08:04:47,318 INFO  execution-log - [Sequence No - 5]	 Command completed.
----------------
2019-02-07 08:04:47,336 INFO  execution-log - [Sequence No - 6] Beginning ValidateEnableStatusCommand ( LogicalFieldName : Login_Button, LogicalFieldValue : True )
----------------
2019-02-07 08:04:47,392 INFO  execution-log - [Sequence No - 6]	 Command completed.
----------------
2019-02-07 08:04:47,406 INFO  execution-log - [Sequence No - 7] Beginning ActionCommand ( LogicalFieldName : Login_Button, LogicalFieldValue : Click )
----------------
2019-02-07 08:04:47,659 INFO  execution-log - [Sequence No - 7]	 Command completed.
----------------
2019-02-07 08:04:47,669 INFO  execution-log - 	 Command completed.
----------------
2019-02-07 08:04:47,686 INFO  execution-log -  Beginning PageCommand ( CurrentPage : Home, FlowIdentifier : 2, DiIndicator : DI )
----------------
2019-02-07 08:04:47,694 INFO  execution-log - 	 Command completed.
----------------
2019-02-07 08:04:47,705 INFO  execution-log -  Beginning LoadTestDataItemCommand ( CurrentPage : Home, FlowIdentifier : 2, DiIndicator : DI )
----------------
2019-02-07 08:04:47,729 INFO  execution-log - [Sequence No - 8] Beginning ValidateEnableStatusCommand ( LogicalFieldName : New Quote, LogicalFieldValue : True )
----------------
2019-02-07 08:04:49,451 INFO  execution-log - [Sequence No - 8]	 Command completed.
----------------
2019-02-07 08:04:49,475 INFO  execution-log - [Sequence No - 9] Beginning ActionCommand ( LogicalFieldName : New Quote, LogicalFieldValue : Click )
----------------
2019-02-07 08:04:51,330 INFO  execution-log - [Sequence No - 9]	 Command completed.
----------------
2019-02-07 08:04:51,345 INFO  execution-log - 	 Command completed.
----------------
2019-02-07 08:04:51,377 INFO  execution-log -  Beginning PageCommand ( CurrentPage : New Quote, FlowIdentifier : 3, DiIndicator : DI )
----------------
2019-02-07 08:04:51,388 INFO  execution-log - 	 Command completed.
----------------
2019-02-07 08:04:51,448 INFO  execution-log -  Beginning LoadTestDataItemCommand ( CurrentPage : New Quote, FlowIdentifier : 3, DiIndicator : DI )
----------------
2019-02-07 08:04:51,490 INFO  execution-log - [Sequence No - 10] Beginning ValidateExistStatusCommand ( LogicalFieldName : Account Name, LogicalFieldValue : True )
----------------
2019-02-07 08:04:51,558 INFO  execution-log - [Sequence No - 10]	 Command completed.
----------------
2019-02-07 08:04:51,635 INFO  execution-log - [Sequence No - 11] Beginning TestDataCommand ( LogicalFieldName : Account Name, LogicalFieldValue : RANDOMIZE(7,2) )
----------------
2019-02-07 08:04:54,357 INFO  execution-log - [Sequence No - 11]	 Command completed.
----------------
2019-02-07 08:04:54,370 INFO  execution-log - [Sequence No - 12] Beginning ValidateExistStatusCommand ( LogicalFieldName : First Name, LogicalFieldValue : True )
----------------
2019-02-07 08:04:54,424 INFO  execution-log - [Sequence No - 12]	 Command completed.
----------------
2019-02-07 08:04:54,435 INFO  execution-log - [Sequence No - 13] Beginning TestDataCommand ( LogicalFieldName : First Name, LogicalFieldValue : Jack )
----------------
2019-02-07 08:04:54,902 INFO  execution-log - [Sequence No - 13]	 Command completed.
----------------
2019-02-07 08:04:54,918 INFO  execution-log - [Sequence No - 14] Beginning ValidateEnableStatusCommand ( LogicalFieldName : Last Name, LogicalFieldValue : True )
----------------
2019-02-07 08:04:55,030 INFO  execution-log - [Sequence No - 14]	 Command completed.
----------------
2019-02-07 08:04:55,046 INFO  execution-log - [Sequence No - 15] Beginning TestDataCommand ( LogicalFieldName : Last Name, LogicalFieldValue : Smith )
----------------
2019-02-07 08:04:55,433 INFO  execution-log - [Sequence No - 15]	 Command completed.
----------------
2019-02-07 08:04:55,449 INFO  execution-log - [Sequence No - 16] Beginning ValidateExistStatusCommand ( LogicalFieldName : ContactNumber1, LogicalFieldValue : True )
----------------
2019-02-07 08:04:55,491 INFO  execution-log - [Sequence No - 16]	 Command completed.
----------------
2019-02-07 08:04:55,504 INFO  execution-log - [Sequence No - 17] Beginning TestDataCommand ( LogicalFieldName : ContactNumber1, LogicalFieldValue : 654 )
----------------
2019-02-07 08:04:55,774 INFO  execution-log - [Sequence No - 17]	 Command completed.
----------------
2019-02-07 08:04:55,798 INFO  execution-log - [Sequence No - 18] Beginning TestDataCommand ( LogicalFieldName : ContactNumber2, LogicalFieldValue : 321 )
----------------
2019-02-07 08:04:56,109 INFO  execution-log - [Sequence No - 18]	 Command completed.
----------------
2019-02-07 08:04:56,123 INFO  execution-log - [Sequence No - 19] Beginning TestDataCommand ( LogicalFieldName : ContactNumber3, LogicalFieldValue : 6541 )
----------------
2019-02-07 08:04:56,406 INFO  execution-log - [Sequence No - 19]	 Command completed.
----------------
2019-02-07 08:04:56,421 INFO  execution-log - [Sequence No - 20] Beginning ValidateExistStatusCommand ( LogicalFieldName : Primary Email, LogicalFieldValue : True )
----------------
2019-02-07 08:04:56,596 INFO  execution-log - [Sequence No - 20]	 Command completed.
----------------
2019-02-07 08:04:56,608 INFO  execution-log - [Sequence No - 21] Beginning TestDataCommand ( LogicalFieldName : Primary Email, LogicalFieldValue : jack.smith@gmail.com )
----------------
2019-02-07 08:04:57,742 INFO  execution-log - [Sequence No - 21]	 Command completed.
----------------
2019-02-07 08:04:57,755 INFO  execution-log - [Sequence No - 22] Beginning ValidateExistStatusCommand ( LogicalFieldName : Business Started Year, LogicalFieldValue : True )
----------------
2019-02-07 08:04:57,815 INFO  execution-log - [Sequence No - 22]	 Command completed.
----------------
2019-02-07 08:04:57,828 INFO  execution-log - [Sequence No - 23] Beginning TestDataCommand ( LogicalFieldName : Business Started Year, LogicalFieldValue : 2012 )
----------------
2019-02-07 08:04:58,101 INFO  execution-log - [Sequence No - 23]	 Command completed.
----------------
2019-02-07 08:04:58,118 INFO  execution-log - [Sequence No - 24] Beginning ValidateExistStatusCommand ( LogicalFieldName : Select Product, LogicalFieldValue : True )
----------------
2019-02-07 08:04:58,172 INFO  execution-log - [Sequence No - 24]	 Command completed.
----------------
2019-02-07 08:04:58,184 INFO  execution-log - [Sequence No - 25] Beginning ActionCommand ( LogicalFieldName : Select Product, LogicalFieldValue : Click )
----------------
2019-02-07 08:04:58,491 INFO  execution-log - [Sequence No - 25]	 Command completed.
----------------
2019-02-07 08:04:58,510 INFO  execution-log - [Sequence No - 26] Beginning ActionCommand ( LogicalFieldName : Select Product1, LogicalFieldValue : Click )
----------------
2019-02-07 08:04:58,835 INFO  execution-log - [Sequence No - 26]	 Command completed.
----------------
2019-02-07 08:04:58,850 INFO  execution-log - [Sequence No - 27] Beginning ValidateExistStatusCommand ( LogicalFieldName : Contact Name, LogicalFieldValue : True )
----------------
2019-02-07 08:04:58,897 INFO  execution-log - [Sequence No - 27]	 Command completed.
----------------
2019-02-07 08:04:58,908 INFO  execution-log - [Sequence No - 28] Beginning ActionCommand ( LogicalFieldName : Contact Name, LogicalFieldValue : Click )
----------------
2019-02-07 08:04:59,304 INFO  execution-log - [Sequence No - 28]	 Command completed.
----------------
2019-02-07 08:04:59,338 INFO  execution-log - [Sequence No - 29] Beginning ActionCommand ( LogicalFieldName : Contact Name Initial Select, LogicalFieldValue : Click )
----------------
2019-02-07 08:04:59,874 INFO  execution-log - [Sequence No - 29]	 Command completed.
----------------
2019-02-07 08:04:59,893 INFO  execution-log - [Sequence No - 30] Beginning ValidateExistStatusCommand ( LogicalFieldName : Industry, LogicalFieldValue : True )
----------------
2019-02-07 08:04:59,965 INFO  execution-log - [Sequence No - 30]	 Command completed.
----------------
2019-02-07 08:04:59,986 INFO  execution-log - [Sequence No - 31] Beginning ActionCommand ( LogicalFieldName : Industry, LogicalFieldValue : Click )
----------------
2019-02-07 08:05:01,186 INFO  execution-log - [Sequence No - 31]	 Command completed.
----------------
2019-02-07 08:05:01,205 INFO  execution-log - [Sequence No - 32] Beginning ActionCommand ( LogicalFieldName : Industry1, LogicalFieldValue : Click )
----------------
2019-02-07 08:05:01,547 INFO  execution-log - [Sequence No - 32]	 Command completed.
----------------
2019-02-07 08:05:01,561 INFO  execution-log - [Sequence No - 33] Beginning ValidateExistStatusCommand ( LogicalFieldName : Zip Code, LogicalFieldValue : True )
----------------
2019-02-07 08:05:01,604 INFO  execution-log - [Sequence No - 33]	 Command completed.
----------------
2019-02-07 08:05:01,619 INFO  execution-log - [Sequence No - 34] Beginning TestDataCommand ( LogicalFieldName : Zip Code, LogicalFieldValue : 53704 )
----------------
2019-02-07 08:05:02,261 INFO  execution-log - [Sequence No - 34]	 Command completed.
----------------
2019-02-07 08:05:02,276 INFO  execution-log - [Sequence No - 35] Beginning ActionCommand ( LogicalFieldName : zipcode click, LogicalFieldValue : Click )
----------------
2019-02-07 08:05:03,389 INFO  execution-log - [Sequence No - 35]	 Command completed.
----------------
2019-02-07 08:05:03,408 INFO  execution-log - [Sequence No - 36] Beginning ValidateExistStatusCommand ( LogicalFieldName : Street Address, LogicalFieldValue : True )
----------------
2019-02-07 08:05:03,543 INFO  execution-log - [Sequence No - 36]	 Command completed.
----------------
2019-02-07 08:05:03,554 INFO  execution-log - [Sequence No - 37] Beginning TestDataCommand ( LogicalFieldName : Street Address, LogicalFieldValue : 123 BLUEJAY LN )
----------------
2019-02-07 08:05:04,082 INFO  execution-log - [Sequence No - 37]	 Command completed.
----------------
2019-02-07 08:05:04,097 INFO  execution-log - [Sequence No - 38] Beginning ValidateExistStatusCommand ( LogicalFieldName : Same as Physical Address, LogicalFieldValue : True )
----------------
2019-02-07 08:05:04,149 INFO  execution-log - [Sequence No - 38]	 Command completed.
----------------
2019-02-07 08:05:04,169 INFO  execution-log - [Sequence No - 39] Beginning ActionCommand ( LogicalFieldName : Same as Physical Address, LogicalFieldValue : Click )
----------------
2019-02-07 08:05:05,105 INFO  execution-log - [Sequence No - 39]	 Command completed.
----------------
2019-02-07 08:05:05,197 INFO  execution-log - [Sequence No - 40] Beginning ValidateEnableStatusCommand ( LogicalFieldName : Proceed, LogicalFieldValue : True )
----------------
2019-02-07 08:05:05,308 INFO  execution-log - [Sequence No - 40]	 Command completed.
----------------
2019-02-07 08:05:05,320 INFO  execution-log - [Sequence No - 41] Beginning ActionCommand ( LogicalFieldName : Proceed, LogicalFieldValue : Click )
----------------
2019-02-07 08:05:05,590 INFO  execution-log - [Sequence No - 41]	 Command completed.
----------------
2019-02-07 08:05:05,605 INFO  execution-log - 	 Command completed.
----------------
2019-02-07 08:05:05,639 INFO  execution-log -  Beginning PageCommand ( CurrentPage : Insured Info, FlowIdentifier : 4, DiIndicator : DI )
----------------
2019-02-07 08:05:05,684 INFO  execution-log - 	 Command completed.
----------------
2019-02-07 08:05:05,715 INFO  execution-log -  Beginning LoadTestDataItemCommand ( CurrentPage : Insured Info, FlowIdentifier : 4, DiIndicator : DI )
----------------
2019-02-07 08:05:05,734 INFO  execution-log - [Sequence No - 42] Beginning ValidateEnableStatusCommand ( LogicalFieldName : InsuredName, LogicalFieldValue : True )
----------------
2019-02-07 08:05:08,742 INFO  execution-log - [Sequence No - 42]	 Command completed.
----------------
2019-02-07 08:05:08,756 INFO  execution-log - [Sequence No - 43] Beginning TestDataCommand ( LogicalFieldName : InsuredName, LogicalFieldValue : Smith )
----------------
2019-02-07 08:05:09,271 INFO  execution-log - [Sequence No - 43]	 Command completed.
----------------
2019-02-07 08:05:09,285 INFO  execution-log - [Sequence No - 44] Beginning ValidateEnableStatusCommand ( LogicalFieldName : Primary State Click, LogicalFieldValue : True )
----------------
2019-02-07 08:05:09,337 INFO  execution-log - [Sequence No - 44]	 Command completed.
----------------
2019-02-07 08:05:09,354 INFO  execution-log - [Sequence No - 45] Beginning ActionCommand ( LogicalFieldName : Primary State Click, LogicalFieldValue : Click )
----------------
2019-02-07 08:05:09,655 INFO  execution-log - [Sequence No - 45]	 Command completed.
----------------
2019-02-07 08:05:09,670 INFO  execution-log - [Sequence No - 46] Beginning ActionCommand ( LogicalFieldName : PrimayState Select, LogicalFieldValue : Click )
----------------
2019-02-07 08:05:10,014 INFO  execution-log - [Sequence No - 46]	 Command completed.
----------------
2019-02-07 08:05:10,047 INFO  execution-log - [Sequence No - 47] Beginning ValidateExistStatusCommand ( LogicalFieldName : Street Address, LogicalFieldValue : True )
----------------
2019-02-07 08:05:10,139 INFO  execution-log - [Sequence No - 47]	 Command completed.
----------------
2019-02-07 08:05:10,172 INFO  execution-log - [Sequence No - 48] Beginning TestDataCommand ( LogicalFieldName : Street Address, LogicalFieldValue : 123 new street )
----------------
2019-02-07 08:05:10,722 INFO  execution-log - [Sequence No - 48]	 Command completed.
----------------
2019-02-07 08:05:10,737 INFO  execution-log - [Sequence No - 49] Beginning ValidateExistStatusCommand ( LogicalFieldName : Zip Code, LogicalFieldValue : True )
----------------
2019-02-07 08:05:10,798 INFO  execution-log - [Sequence No - 49]	 Command completed.
----------------
2019-02-07 08:05:10,812 INFO  execution-log - [Sequence No - 50] Beginning TestDataCommand ( LogicalFieldName : Zip Code, LogicalFieldValue : 53704 )
----------------
2019-02-07 08:05:11,108 INFO  execution-log - [Sequence No - 50]	 Command completed.
----------------
2019-02-07 08:05:11,128 INFO  execution-log - [Sequence No - 51] Beginning ValidateExistStatusCommand ( LogicalFieldName : Same as Physical Address, LogicalFieldValue : True )
----------------
2019-02-07 08:05:11,191 INFO  execution-log - [Sequence No - 51]	 Command completed.
----------------
2019-02-07 08:05:11,204 INFO  execution-log - [Sequence No - 52] Beginning ActionCommand ( LogicalFieldName : Same as Physical Address, LogicalFieldValue : Click )
----------------
2019-02-07 08:05:11,487 INFO  execution-log - [Sequence No - 52]	 Command completed.
----------------
2019-02-07 08:05:11,502 INFO  execution-log - [Sequence No - 53] Beginning ValidateExistStatusCommand ( LogicalFieldName : SIC Code, LogicalFieldValue : True )
----------------
2019-02-07 08:05:11,590 INFO  execution-log - [Sequence No - 53]	 Command completed.
----------------
2019-02-07 08:05:11,606 INFO  execution-log - [Sequence No - 54] Beginning TestDataCommand ( LogicalFieldName : SIC Code, LogicalFieldValue : 41510000-School buses )
----------------
2019-02-07 08:05:12,209 INFO  execution-log - [Sequence No - 54]	 Command completed.
----------------
2019-02-07 08:05:12,225 INFO  execution-log - [Sequence No - 55] Beginning ValidateExistStatusCommand ( LogicalFieldName : BusinessInceptionYear, LogicalFieldValue : True )
----------------
2019-02-07 08:05:12,273 INFO  execution-log - [Sequence No - 55]	 Command completed.
----------------
2019-02-07 08:05:12,287 INFO  execution-log - [Sequence No - 56] Beginning TestDataCommand ( LogicalFieldName : BusinessInceptionYear, LogicalFieldValue : 2012 )
----------------
2019-02-07 08:05:12,717 INFO  execution-log - [Sequence No - 56]	 Command completed.
----------------
2019-02-07 08:05:12,735 INFO  execution-log - [Sequence No - 57] Beginning ValidateExistStatusCommand ( LogicalFieldName : BusinessPhone, LogicalFieldValue : True )
----------------
2019-02-07 08:05:12,821 INFO  execution-log - [Sequence No - 57]	 Command completed.
----------------
2019-02-07 08:05:12,834 INFO  execution-log - [Sequence No - 58] Beginning TestDataCommand ( LogicalFieldName : BusinessPhone, LogicalFieldValue : 6549879879 )
----------------
2019-02-07 08:05:14,351 INFO  execution-log - [Sequence No - 58]	 Command completed.
----------------
2019-02-07 08:05:14,366 INFO  execution-log - [Sequence No - 59] Beginning ValidateEnableStatusCommand ( LogicalFieldName : Next, LogicalFieldValue : True )
----------------
2019-02-07 08:05:14,414 INFO  execution-log - [Sequence No - 59]	 Command completed.
----------------
2019-02-07 08:05:14,427 INFO  execution-log - [Sequence No - 60] Beginning ActionCommand ( LogicalFieldName : Next, LogicalFieldValue : Click )
----------------
2019-02-07 08:05:14,657 INFO  execution-log - [Sequence No - 60]	 Command completed.
----------------
2019-02-07 08:05:14,671 INFO  execution-log - 	 Command completed.
----------------
2019-02-07 08:05:14,703 INFO  execution-log -  Beginning PageCommand ( CurrentPage : Policy Info, FlowIdentifier : 5, DiIndicator : DI )
----------------
2019-02-07 08:05:14,730 INFO  execution-log - 	 Command completed.
----------------
2019-02-07 08:05:14,739 INFO  execution-log -  Beginning LoadTestDataItemCommand ( CurrentPage : Policy Info, FlowIdentifier : 5, DiIndicator : DI )
----------------
2019-02-07 08:05:14,763 INFO  execution-log - [Sequence No - 61] Beginning ValidateEnableStatusCommand ( LogicalFieldName : Which State do u operate In?, LogicalFieldValue : True )
----------------
2019-02-07 08:05:15,238 INFO  execution-log - [Sequence No - 61]	 Command completed.
----------------
2019-02-07 08:05:15,295 INFO  execution-log - [Sequence No - 62] Beginning ActionCommand ( LogicalFieldName : Which State do u operate In?, LogicalFieldValue : Click )
----------------
2019-02-07 08:05:15,857 INFO  execution-log - [Sequence No - 62]	 Command completed.
----------------
2019-02-07 08:05:15,886 INFO  execution-log - [Sequence No - 63] Beginning ActionCommand ( LogicalFieldName : Which State do u operate In?1, LogicalFieldValue : Click )
----------------
2019-02-07 08:05:16,630 INFO  execution-log - [Sequence No - 63]	 Command completed.
----------------
2019-02-07 08:05:16,642 INFO  execution-log - [Sequence No - 64] Beginning ActionCommand ( LogicalFieldName : Label Click, LogicalFieldValue : Click )
----------------
2019-02-07 08:05:17,018 INFO  execution-log - [Sequence No - 64]	 Command completed.
----------------
2019-02-07 08:05:17,031 INFO  execution-log - [Sequence No - 65] Beginning ActionCommand ( LogicalFieldName : Collapse, LogicalFieldValue : Click )
----------------
2019-02-07 08:05:17,328 INFO  execution-log - [Sequence No - 65]	 Command completed.
----------------
2019-02-07 08:05:17,340 INFO  execution-log - [Sequence No - 66] Beginning ValidateEnableStatusCommand ( LogicalFieldName : Select Product, LogicalFieldValue : True )
----------------
2019-02-07 08:05:17,465 INFO  execution-log - [Sequence No - 66]	 Command completed.
----------------
2019-02-07 08:05:17,483 INFO  execution-log - [Sequence No - 67] Beginning ActionCommand ( LogicalFieldName : Select Product, LogicalFieldValue : Click-Wait(2000) )
----------------
2019-02-07 08:05:22,102 INFO  execution-log - [Sequence No - 67]	 Command completed.
----------------
2019-02-07 08:05:22,114 INFO  execution-log - [Sequence No - 68] Beginning ActionCommand ( LogicalFieldName : Select Product 1, LogicalFieldValue : Click )
----------------
2019-02-07 08:05:24,601 INFO  execution-log - [Sequence No - 68]	 Command completed.
----------------
2019-02-07 08:05:24,619 INFO  execution-log - 	 Command completed.
----------------
2019-02-07 08:05:24,720 INFO  execution-log - Saving captured values to file.
----------------
2019-02-07 08:05:24,734 INFO  execution-log - TC # : 1, has completed successfully.
----------------
