2019-02-20 02:52:48,426 INFO  execution-log - 	Initializing control map with map # MASTER
----------------
2019-02-20 02:52:48,433 INFO  execution-log - Initializing Test Automation
----------------
2019-02-20 02:52:48,437 INFO  execution-log - 	target browser: Chrome
----------------
2019-02-20 02:52:48,442 INFO  execution-log - TC # : 1, Downloading test case from DB
----------------
2019-02-20 02:52:48,452 INFO  execution-log - TC # : 1, Getting test data from DB
----------------
2019-02-20 02:52:48,452 INFO  execution-log - TC # : 1, Getting control map :MASTER from DB
----------------
2019-02-20 02:52:48,469 INFO  execution-log - TC # : 1, Control map retrieval completed
----------------
2019-02-20 02:52:48,470 INFO  execution-log - TC # : 1, Test data retrieval completed
----------------
2019-02-20 02:52:48,478 INFO  execution-log - TC # : 1, Parsing commands
----------------
2019-02-20 02:52:48,483 INFO  execution-log - Loading captured values from persistence.
----------------
2019-02-20 02:52:48,488 INFO  execution-log - TC # : 1, Started executing test case in the VMTESTAPP1 environment (http://vam-qa.cloudapp.net:6363/pages/login.html)
----------------
2019-02-20 02:52:48,529 INFO  execution-log -  Beginning StartIterationCommand ( Iterations : 1 )
----------------
2019-02-20 02:52:48,534 INFO  execution-log - TC # : 1, Starting iteration #1
----------------
2019-02-20 02:52:48,539 INFO  execution-log - 	 Command completed.
----------------
2019-02-20 02:52:48,544 INFO  execution-log -  Beginning InvokeApplicationCommand ( Target :  )
----------------
2019-02-20 02:52:49,382 INFO  execution-log - 	 Command completed.
----------------
2019-02-20 02:52:49,390 INFO  execution-log -  Beginning PageCommand ( CurrentPage : Login, FlowIdentifier : 1, DiIndicator : DI )
----------------
2019-02-20 02:52:49,395 INFO  execution-log - 	 Command completed.
----------------
2019-02-20 02:52:49,401 INFO  execution-log -  Beginning LoadTestDataItemCommand ( CurrentPage : Login, FlowIdentifier : 1, DiIndicator : DI )
----------------
2019-02-20 02:52:49,417 INFO  execution-log - [Sequence No - 1] Beginning ValidateExistStatusCommand ( LogicalFieldName : User Name, LogicalFieldValue : True )
----------------
2019-02-20 02:52:49,451 INFO  execution-log - [Sequence No - 1]	 Command completed.
----------------
2019-02-20 02:52:49,468 INFO  execution-log - [Sequence No - 2] Beginning ActionCommand ( LogicalFieldName : User Name, LogicalFieldValue : Click )
----------------
2019-02-20 02:52:49,613 INFO  execution-log - [Sequence No - 2]	 Command completed.
----------------
2019-02-20 02:52:49,626 INFO  execution-log - [Sequence No - 3] Beginning TestDataCommand ( LogicalFieldName : User Name, LogicalFieldValue : Jack )
----------------
2019-02-20 02:52:49,728 INFO  execution-log - [Sequence No - 3]	 Command completed.
----------------
2019-02-20 02:52:49,738 INFO  execution-log - [Sequence No - 4] Beginning ValidateExistStatusCommand ( LogicalFieldName : Password, LogicalFieldValue : True )
----------------
2019-02-20 02:52:49,765 INFO  execution-log - [Sequence No - 4]	 Command completed.
----------------
2019-02-20 02:52:49,774 INFO  execution-log - [Sequence No - 5] Beginning TestDataCommand ( LogicalFieldName : Password, LogicalFieldValue : Smit@123 )
----------------
2019-02-20 02:52:49,970 INFO  execution-log - [Sequence No - 5]	 Command completed.
----------------
2019-02-20 02:52:49,982 INFO  execution-log - [Sequence No - 6] Beginning ValidateEnableStatusCommand ( LogicalFieldName : Login_Button, LogicalFieldValue : True )
----------------
2019-02-20 02:52:50,026 INFO  execution-log - [Sequence No - 6]	 Command completed.
----------------
2019-02-20 02:52:50,035 INFO  execution-log - [Sequence No - 7] Beginning ActionCommand ( LogicalFieldName : Login_Button, LogicalFieldValue : Click )
----------------
2019-02-20 02:52:50,180 INFO  execution-log - [Sequence No - 7]	 Command completed.
----------------
2019-02-20 02:52:50,186 INFO  execution-log - 	 Command completed.
----------------
2019-02-20 02:52:50,193 INFO  execution-log -  Beginning PageCommand ( CurrentPage : Home, FlowIdentifier : 2, DiIndicator : DI )
----------------
2019-02-20 02:52:50,201 INFO  execution-log - 	 Command completed.
----------------
2019-02-20 02:52:50,206 INFO  execution-log -  Beginning LoadTestDataItemCommand ( CurrentPage : Home, FlowIdentifier : 2, DiIndicator : DI )
----------------
2019-02-20 02:52:50,226 INFO  execution-log - [Sequence No - 8] Beginning ValidateEnableStatusCommand ( LogicalFieldName : New Quote, LogicalFieldValue : True )
----------------
2019-02-20 02:52:51,727 INFO  execution-log - [Sequence No - 8]	 Command completed.
----------------
2019-02-20 02:52:51,743 INFO  execution-log - [Sequence No - 9] Beginning ActionCommand ( LogicalFieldName : New Quote, LogicalFieldValue : Click )
----------------
2019-02-20 02:52:52,441 INFO  execution-log - [Sequence No - 9]	 Command completed.
----------------
2019-02-20 02:52:52,457 INFO  execution-log - 	 Command completed.
----------------
2019-02-20 02:52:52,464 INFO  execution-log -  Beginning PageCommand ( CurrentPage : New Quote, FlowIdentifier : 3, DiIndicator : DI )
----------------
2019-02-20 02:52:52,470 INFO  execution-log - 	 Command completed.
----------------
2019-02-20 02:52:52,476 INFO  execution-log -  Beginning LoadTestDataItemCommand ( CurrentPage : New Quote, FlowIdentifier : 3, DiIndicator : DI )
----------------
2019-02-20 02:52:52,490 INFO  execution-log - [Sequence No - 10] Beginning ValidateExistStatusCommand ( LogicalFieldName : Account Name, LogicalFieldValue : True )
----------------
2019-02-20 02:52:52,516 INFO  execution-log - [Sequence No - 10]	 Command completed.
----------------
2019-02-20 02:52:52,533 INFO  execution-log - [Sequence No - 11] Beginning TestDataCommand ( LogicalFieldName : Account Name, LogicalFieldValue : RANDOMIZE(7,2) )
----------------
2019-02-20 02:52:52,759 INFO  execution-log - [Sequence No - 11]	 Command completed.
----------------
2019-02-20 02:52:52,769 INFO  execution-log - [Sequence No - 12] Beginning ValidateExistStatusCommand ( LogicalFieldName : First Name, LogicalFieldValue : True )
----------------
2019-02-20 02:52:52,790 INFO  execution-log - [Sequence No - 12]	 Command completed.
----------------
2019-02-20 02:52:52,804 INFO  execution-log - [Sequence No - 13] Beginning TestDataCommand ( LogicalFieldName : First Name, LogicalFieldValue : Jack )
----------------
2019-02-20 02:52:53,002 INFO  execution-log - [Sequence No - 13]	 Command completed.
----------------
2019-02-20 02:52:53,012 INFO  execution-log - [Sequence No - 14] Beginning ValidateEnableStatusCommand ( LogicalFieldName : Last Name, LogicalFieldValue : True )
----------------
2019-02-20 02:52:53,040 INFO  execution-log - [Sequence No - 14]	 Command completed.
----------------
2019-02-20 02:52:53,050 INFO  execution-log - [Sequence No - 15] Beginning TestDataCommand ( LogicalFieldName : Last Name, LogicalFieldValue : Smith )
----------------
2019-02-20 02:52:53,199 INFO  execution-log - [Sequence No - 15]	 Command completed.
----------------
2019-02-20 02:52:53,210 INFO  execution-log - [Sequence No - 16] Beginning ValidateExistStatusCommand ( LogicalFieldName : ContactNumber1, LogicalFieldValue : True )
----------------
2019-02-20 02:52:53,229 INFO  execution-log - [Sequence No - 16]	 Command completed.
----------------
2019-02-20 02:52:53,239 INFO  execution-log - [Sequence No - 17] Beginning TestDataCommand ( LogicalFieldName : ContactNumber1, LogicalFieldValue : 654 )
----------------
2019-02-20 02:52:53,353 INFO  execution-log - [Sequence No - 17]	 Command completed.
----------------
2019-02-20 02:52:53,363 INFO  execution-log - [Sequence No - 18] Beginning TestDataCommand ( LogicalFieldName : ContactNumber2, LogicalFieldValue : 321 )
----------------
2019-02-20 02:52:53,472 INFO  execution-log - [Sequence No - 18]	 Command completed.
----------------
2019-02-20 02:52:53,482 INFO  execution-log - [Sequence No - 19] Beginning TestDataCommand ( LogicalFieldName : ContactNumber3, LogicalFieldValue : 6541 )
----------------
2019-02-20 02:52:53,591 INFO  execution-log - [Sequence No - 19]	 Command completed.
----------------
2019-02-20 02:52:53,602 INFO  execution-log - [Sequence No - 20] Beginning ValidateExistStatusCommand ( LogicalFieldName : Primary Email, LogicalFieldValue : True )
----------------
2019-02-20 02:52:53,621 INFO  execution-log - [Sequence No - 20]	 Command completed.
----------------
2019-02-20 02:52:53,630 INFO  execution-log - [Sequence No - 21] Beginning TestDataCommand ( LogicalFieldName : Primary Email, LogicalFieldValue : jack.smith@gmail.com )
----------------
2019-02-20 02:52:53,914 INFO  execution-log - [Sequence No - 21]	 Command completed.
----------------
2019-02-20 02:52:53,926 INFO  execution-log - [Sequence No - 22] Beginning ValidateExistStatusCommand ( LogicalFieldName : Business Started Year, LogicalFieldValue : True )
----------------
2019-02-20 02:52:54,015 INFO  execution-log - [Sequence No - 22]	 Command completed.
----------------
2019-02-20 02:52:54,025 INFO  execution-log - [Sequence No - 23] Beginning TestDataCommand ( LogicalFieldName : Business Started Year, LogicalFieldValue : 2012 )
----------------
2019-02-20 02:52:54,269 INFO  execution-log - [Sequence No - 23]	 Command completed.
----------------
2019-02-20 02:52:54,285 INFO  execution-log - [Sequence No - 24] Beginning ValidateExistStatusCommand ( LogicalFieldName : Select Product, LogicalFieldValue : True )
----------------
2019-02-20 02:52:54,326 INFO  execution-log - [Sequence No - 24]	 Command completed.
----------------
2019-02-20 02:52:54,340 INFO  execution-log - [Sequence No - 25] Beginning ActionCommand ( LogicalFieldName : Select Product, LogicalFieldValue : Click )
----------------
2019-02-20 02:52:54,518 INFO  execution-log - [Sequence No - 25]	 Command completed.
----------------
2019-02-20 02:52:54,534 INFO  execution-log - [Sequence No - 26] Beginning ActionCommand ( LogicalFieldName : Select Product1, LogicalFieldValue : Click )
----------------
2019-02-20 02:52:54,722 INFO  execution-log - [Sequence No - 26]	 Command completed.
----------------
2019-02-20 02:52:54,749 INFO  execution-log - [Sequence No - 27] Beginning ValidateExistStatusCommand ( LogicalFieldName : Contact Name, LogicalFieldValue : True )
----------------
2019-02-20 02:52:54,794 INFO  execution-log - [Sequence No - 27]	 Command completed.
----------------
2019-02-20 02:52:54,809 INFO  execution-log - [Sequence No - 28] Beginning ActionCommand ( LogicalFieldName : Contact Name, LogicalFieldValue : Click )
----------------
2019-02-20 02:52:55,065 INFO  execution-log - [Sequence No - 28]	 Command completed.
----------------
2019-02-20 02:52:55,073 INFO  execution-log - [Sequence No - 29] Beginning ActionCommand ( LogicalFieldName : Contact Name Initial Select, LogicalFieldValue : Click )
----------------
2019-02-20 02:52:55,537 INFO  execution-log - [Sequence No - 29]	 Command completed.
----------------
2019-02-20 02:52:55,548 INFO  execution-log - [Sequence No - 30] Beginning ValidateExistStatusCommand ( LogicalFieldName : Industry, LogicalFieldValue : True )
----------------
2019-02-20 02:52:55,587 INFO  execution-log - [Sequence No - 30]	 Command completed.
----------------
2019-02-20 02:52:55,601 INFO  execution-log - [Sequence No - 31] Beginning ActionCommand ( LogicalFieldName : Industry, LogicalFieldValue : Click )
----------------
2019-02-20 02:52:56,353 INFO  execution-log - [Sequence No - 31]	 Command completed.
----------------
2019-02-20 02:52:56,367 INFO  execution-log - [Sequence No - 32] Beginning ActionCommand ( LogicalFieldName : Industry1, LogicalFieldValue : Click )
----------------
2019-02-20 02:52:56,550 INFO  execution-log - [Sequence No - 32]	 Command completed.
----------------
2019-02-20 02:52:56,561 INFO  execution-log - [Sequence No - 33] Beginning ValidateExistStatusCommand ( LogicalFieldName : Zip Code, LogicalFieldValue : True )
----------------
2019-02-20 02:52:56,588 INFO  execution-log - [Sequence No - 33]	 Command completed.
----------------
2019-02-20 02:52:56,599 INFO  execution-log - [Sequence No - 34] Beginning TestDataCommand ( LogicalFieldName : Zip Code, LogicalFieldValue : 53704 )
----------------
2019-02-20 02:52:56,762 INFO  execution-log - [Sequence No - 34]	 Command completed.
----------------
2019-02-20 02:52:56,772 INFO  execution-log - [Sequence No - 35] Beginning ActionCommand ( LogicalFieldName : zipcode click, LogicalFieldValue : Click )
----------------
2019-02-20 02:52:57,133 INFO  execution-log - [Sequence No - 35]	 Command completed.
----------------
2019-02-20 02:52:57,143 INFO  execution-log - [Sequence No - 36] Beginning ValidateExistStatusCommand ( LogicalFieldName : Street Address, LogicalFieldValue : True )
----------------
2019-02-20 02:52:57,175 INFO  execution-log - [Sequence No - 36]	 Command completed.
----------------
2019-02-20 02:52:57,184 INFO  execution-log - [Sequence No - 37] Beginning TestDataCommand ( LogicalFieldName : Street Address, LogicalFieldValue : 123 BLUEJAY LN )
----------------
2019-02-20 02:52:57,471 INFO  execution-log - [Sequence No - 37]	 Command completed.
----------------
2019-02-20 02:52:57,483 INFO  execution-log - [Sequence No - 38] Beginning ValidateExistStatusCommand ( LogicalFieldName : Same as Physical Address, LogicalFieldValue : True )
----------------
2019-02-20 02:52:57,502 INFO  execution-log - [Sequence No - 38]	 Command completed.
----------------
2019-02-20 02:52:57,511 INFO  execution-log - [Sequence No - 39] Beginning ActionCommand ( LogicalFieldName : Same as Physical Address, LogicalFieldValue : Click )
----------------
2019-02-20 02:52:57,641 INFO  execution-log - [Sequence No - 39]	 Command completed.
----------------
2019-02-20 02:52:57,656 INFO  execution-log - [Sequence No - 40] Beginning ValidateEnableStatusCommand ( LogicalFieldName : Proceed, LogicalFieldValue : True )
----------------
2019-02-20 02:52:57,686 INFO  execution-log - [Sequence No - 40]	 Command completed.
----------------
2019-02-20 02:52:57,695 INFO  execution-log - [Sequence No - 41] Beginning ActionCommand ( LogicalFieldName : Proceed, LogicalFieldValue : Click )
----------------
2019-02-20 02:52:57,851 INFO  execution-log - [Sequence No - 41]	 Command completed.
----------------
2019-02-20 02:52:57,858 INFO  execution-log - 	 Command completed.
----------------
2019-02-20 02:52:57,864 INFO  execution-log -  Beginning PageCommand ( CurrentPage : Insured Info, FlowIdentifier : 4, DiIndicator : DI )
----------------
2019-02-20 02:52:57,872 INFO  execution-log - 	 Command completed.
----------------
2019-02-20 02:52:57,877 INFO  execution-log -  Beginning LoadTestDataItemCommand ( CurrentPage : Insured Info, FlowIdentifier : 4, DiIndicator : DI )
----------------
2019-02-20 02:52:57,892 INFO  execution-log - [Sequence No - 42] Beginning ValidateEnableStatusCommand ( LogicalFieldName : InsuredName, LogicalFieldValue : True )
----------------
2019-02-20 02:53:00,033 INFO  execution-log - [Sequence No - 42]	 Command completed.
----------------
2019-02-20 02:53:00,048 INFO  execution-log - [Sequence No - 43] Beginning TestDataCommand ( LogicalFieldName : InsuredName, LogicalFieldValue : Smith )
----------------
2019-02-20 02:53:00,480 INFO  execution-log - [Sequence No - 43]	 Command completed.
----------------
2019-02-20 02:53:00,491 INFO  execution-log - [Sequence No - 44] Beginning ValidateEnableStatusCommand ( LogicalFieldName : Primary State Click, LogicalFieldValue : True )
----------------
2019-02-20 02:53:00,545 INFO  execution-log - [Sequence No - 44]	 Command completed.
----------------
2019-02-20 02:53:00,556 INFO  execution-log - [Sequence No - 45] Beginning ActionCommand ( LogicalFieldName : Primary State Click, LogicalFieldValue : Click )
----------------
2019-02-20 02:53:00,787 INFO  execution-log - [Sequence No - 45]	 Command completed.
----------------
2019-02-20 02:53:00,806 INFO  execution-log - [Sequence No - 46] Beginning ActionCommand ( LogicalFieldName : PrimayState Select, LogicalFieldValue : Click )
----------------
2019-02-20 02:53:01,150 INFO  execution-log - [Sequence No - 46]	 Command completed.
----------------
2019-02-20 02:53:01,161 INFO  execution-log - [Sequence No - 47] Beginning ValidateExistStatusCommand ( LogicalFieldName : Street Address, LogicalFieldValue : True )
----------------
2019-02-20 02:53:01,330 INFO  execution-log - [Sequence No - 47]	 Command completed.
----------------
2019-02-20 02:53:01,343 INFO  execution-log - [Sequence No - 48] Beginning TestDataCommand ( LogicalFieldName : Street Address, LogicalFieldValue : 123 new street )
----------------
2019-02-20 02:53:02,204 INFO  execution-log - [Sequence No - 48]	 Command completed.
----------------
2019-02-20 02:53:02,216 INFO  execution-log - [Sequence No - 49] Beginning ValidateExistStatusCommand ( LogicalFieldName : Zip Code, LogicalFieldValue : True )
----------------
2019-02-20 02:53:02,324 INFO  execution-log - [Sequence No - 49]	 Command completed.
----------------
2019-02-20 02:53:02,334 INFO  execution-log - [Sequence No - 50] Beginning TestDataCommand ( LogicalFieldName : Zip Code, LogicalFieldValue : 53704 )
----------------
2019-02-20 02:53:02,882 INFO  execution-log - [Sequence No - 50]	 Command completed.
----------------
2019-02-20 02:53:02,892 INFO  execution-log - [Sequence No - 51] Beginning ValidateExistStatusCommand ( LogicalFieldName : Same as Physical Address, LogicalFieldValue : True )
----------------
2019-02-20 02:53:02,999 INFO  execution-log - [Sequence No - 51]	 Command completed.
----------------
2019-02-20 02:53:03,012 INFO  execution-log - [Sequence No - 52] Beginning ActionCommand ( LogicalFieldName : Same as Physical Address, LogicalFieldValue : Click )
----------------
2019-02-20 02:53:03,472 INFO  execution-log - [Sequence No - 52]	 Command completed.
----------------
2019-02-20 02:53:03,484 INFO  execution-log - [Sequence No - 53] Beginning ValidateExistStatusCommand ( LogicalFieldName : SIC Code, LogicalFieldValue : True )
----------------
2019-02-20 02:53:03,519 INFO  execution-log - [Sequence No - 53]	 Command completed.
----------------
2019-02-20 02:53:03,537 INFO  execution-log - [Sequence No - 54] Beginning TestDataCommand ( LogicalFieldName : SIC Code, LogicalFieldValue : 41510000-School buses )
----------------
2019-02-20 02:53:04,036 INFO  execution-log - [Sequence No - 54]	 Command completed.
----------------
2019-02-20 02:53:04,047 INFO  execution-log - [Sequence No - 55] Beginning ValidateExistStatusCommand ( LogicalFieldName : BusinessInceptionYear, LogicalFieldValue : True )
----------------
2019-02-20 02:53:04,129 INFO  execution-log - [Sequence No - 55]	 Command completed.
----------------
2019-02-20 02:53:04,139 INFO  execution-log - [Sequence No - 56] Beginning TestDataCommand ( LogicalFieldName : BusinessInceptionYear, LogicalFieldValue : 2012 )
----------------
2019-02-20 02:53:04,349 INFO  execution-log - [Sequence No - 56]	 Command completed.
----------------
2019-02-20 02:53:04,359 INFO  execution-log - [Sequence No - 57] Beginning ValidateExistStatusCommand ( LogicalFieldName : BusinessPhone, LogicalFieldValue : True )
----------------
2019-02-20 02:53:04,387 INFO  execution-log - [Sequence No - 57]	 Command completed.
----------------
2019-02-20 02:53:04,402 INFO  execution-log - [Sequence No - 58] Beginning TestDataCommand ( LogicalFieldName : BusinessPhone, LogicalFieldValue : 6549879879 )
----------------
2019-02-20 02:53:05,705 INFO  execution-log - [Sequence No - 58]	 Command completed.
----------------
2019-02-20 02:53:05,717 INFO  execution-log - [Sequence No - 59] Beginning ValidateEnableStatusCommand ( LogicalFieldName : Next, LogicalFieldValue : True )
----------------
2019-02-20 02:53:05,746 INFO  execution-log - [Sequence No - 59]	 Command completed.
----------------
2019-02-20 02:53:05,756 INFO  execution-log - [Sequence No - 60] Beginning ActionCommand ( LogicalFieldName : Next, LogicalFieldValue : Click )
----------------
2019-02-20 02:53:05,889 INFO  execution-log - [Sequence No - 60]	 Command completed.
----------------
2019-02-20 02:53:05,900 INFO  execution-log - 	 Command completed.
----------------
2019-02-20 02:53:05,907 INFO  execution-log -  Beginning PageCommand ( CurrentPage : Policy Info, FlowIdentifier : 5, DiIndicator : DI )
----------------
2019-02-20 02:53:05,913 INFO  execution-log - 	 Command completed.
----------------
2019-02-20 02:53:05,918 INFO  execution-log -  Beginning LoadTestDataItemCommand ( CurrentPage : Policy Info, FlowIdentifier : 5, DiIndicator : DI )
----------------
2019-02-20 02:53:05,941 INFO  execution-log - [Sequence No - 61] Beginning ValidateEnableStatusCommand ( LogicalFieldName : Which State do u operate In?, LogicalFieldValue : True )
----------------
2019-02-20 02:53:06,434 INFO  execution-log - [Sequence No - 61]	 Command completed.
----------------
2019-02-20 02:53:06,445 INFO  execution-log - [Sequence No - 62] Beginning ActionCommand ( LogicalFieldName : Which State do u operate In?, LogicalFieldValue : Click )
----------------
2019-02-20 02:53:06,992 INFO  execution-log - [Sequence No - 62]	 Command completed.
----------------
2019-02-20 02:53:07,041 INFO  execution-log - [Sequence No - 63] Beginning ActionCommand ( LogicalFieldName : Which State do u operate In?1, LogicalFieldValue : Click )
----------------
2019-02-20 02:53:07,306 INFO  execution-log - [Sequence No - 63]	 Command completed.
----------------
2019-02-20 02:53:07,322 INFO  execution-log - [Sequence No - 64] Beginning ActionCommand ( LogicalFieldName : Label Click, LogicalFieldValue : Click )
----------------
2019-02-20 02:53:07,504 INFO  execution-log - [Sequence No - 64]	 Command completed.
----------------
2019-02-20 02:53:07,517 INFO  execution-log - [Sequence No - 65] Beginning ActionCommand ( LogicalFieldName : Collapse, LogicalFieldValue : Click )
----------------
2019-02-20 02:53:07,761 INFO  execution-log - [Sequence No - 65]	 Command completed.
----------------
2019-02-20 02:53:07,785 INFO  execution-log - [Sequence No - 66] Beginning ValidateEnableStatusCommand ( LogicalFieldName : Select Product, LogicalFieldValue : True )
----------------
2019-02-20 02:53:07,823 INFO  execution-log - [Sequence No - 66]	 Command completed.
----------------
2019-02-20 02:53:07,836 INFO  execution-log - [Sequence No - 67] Beginning ActionCommand ( LogicalFieldName : Select Product, LogicalFieldValue : Click-Wait(2000) )
----------------
2019-02-20 02:53:12,015 INFO  execution-log - [Sequence No - 67]	 Command completed.
----------------
2019-02-20 02:53:12,025 INFO  execution-log - [Sequence No - 68] Beginning ActionCommand ( LogicalFieldName : Select Product 1, LogicalFieldValue : Click )
----------------
2019-02-20 02:53:14,430 INFO  execution-log - [Sequence No - 68]	 Command completed.
----------------
2019-02-20 02:53:14,437 INFO  execution-log - 	 Command completed.
----------------
2019-02-20 02:53:14,461 INFO  execution-log - Saving captured values to file.
----------------
2019-02-20 02:53:14,467 INFO  execution-log - TC # : 1, has completed successfully.
----------------
