2019-02-06 06:42:49,327 INFO  execution-log - 	Initializing control map with map # MASTER
----------------
2019-02-06 06:42:50,630 INFO  execution-log - Initializing Test Automation
----------------
2019-02-06 06:42:50,666 INFO  execution-log - 	target browser: Chrome
----------------
2019-02-06 06:42:52,826 INFO  execution-log - TC # : 1, Downloading test case from DB
----------------
2019-02-06 06:42:52,957 INFO  execution-log - TC # : 1, Getting control map :MASTER from DB
----------------
2019-02-06 06:42:52,958 INFO  execution-log - TC # : 1, Getting test data from DB
----------------
2019-02-06 06:42:52,981 INFO  execution-log - TC # : 1, Control map retrieval completed
----------------
2019-02-06 06:42:52,996 INFO  execution-log - TC # : 1, Test data retrieval completed
----------------
2019-02-06 06:42:53,036 INFO  execution-log - TC # : 1, Parsing commands
----------------
2019-02-06 06:42:53,051 INFO  execution-log - Loading captured values from persistence.
----------------
2019-02-06 06:42:53,063 INFO  execution-log - TC # : 1, Started executing test case in the VMTESTAPP1 environment (http://vam-qa.cloudapp.net:6363/pages/login.html)
----------------
2019-02-06 06:42:53,107 INFO  execution-log -  Beginning StartIterationCommand ( Iterations : 1 )
----------------
2019-02-06 06:42:53,113 INFO  execution-log - TC # : 1, Starting iteration #1
----------------
2019-02-06 06:42:53,117 INFO  execution-log - 	 Command completed.
----------------
2019-02-06 06:42:53,126 INFO  execution-log -  Beginning InvokeApplicationCommand ( Target :  )
----------------
2019-02-06 06:42:54,428 INFO  execution-log - 	 Command completed.
----------------
2019-02-06 06:42:54,443 INFO  execution-log -  Beginning PageCommand ( CurrentPage : Login, FlowIdentifier : 1, DiIndicator : DI )
----------------
2019-02-06 06:42:54,455 INFO  execution-log - 	 Command completed.
----------------
2019-02-06 06:42:54,473 INFO  execution-log -  Beginning LoadTestDataItemCommand ( CurrentPage : Login, FlowIdentifier : 1, DiIndicator : DI )
----------------
2019-02-06 06:42:54,509 INFO  execution-log - [Sequence No - 1] Beginning ValidateExistStatusCommand ( LogicalFieldName : User Name, LogicalFieldValue : True )
----------------
2019-02-06 06:42:54,551 INFO  execution-log - [Sequence No - 1]	 Command completed.
----------------
2019-02-06 06:42:54,562 INFO  execution-log - [Sequence No - 2] Beginning ActionCommand ( LogicalFieldName : User Name, LogicalFieldValue : Click )
----------------
2019-02-06 06:42:54,987 INFO  execution-log - [Sequence No - 2]	 Command completed.
----------------
2019-02-06 06:42:55,000 INFO  execution-log - [Sequence No - 3] Beginning TestDataCommand ( LogicalFieldName : User Name, LogicalFieldValue : Jack )
----------------
2019-02-06 06:42:55,234 INFO  execution-log - [Sequence No - 3]	 Command completed.
----------------
2019-02-06 06:42:55,253 INFO  execution-log - [Sequence No - 4] Beginning ValidateExistStatusCommand ( LogicalFieldName : Password, LogicalFieldValue : True )
----------------
2019-02-06 06:42:55,331 INFO  execution-log - [Sequence No - 4]	 Command completed.
----------------
2019-02-06 06:42:55,345 INFO  execution-log - [Sequence No - 5] Beginning TestDataCommand ( LogicalFieldName : Password, LogicalFieldValue : Smit@123 )
----------------
2019-02-06 06:42:55,862 INFO  execution-log - [Sequence No - 5]	 Command completed.
----------------
2019-02-06 06:42:55,887 INFO  execution-log - [Sequence No - 6] Beginning ValidateEnableStatusCommand ( LogicalFieldName : Login_Button, LogicalFieldValue : True )
----------------
2019-02-06 06:42:55,954 INFO  execution-log - [Sequence No - 6]	 Command completed.
----------------
2019-02-06 06:42:55,963 INFO  execution-log - [Sequence No - 7] Beginning ActionCommand ( LogicalFieldName : Login_Button, LogicalFieldValue : Click )
----------------
2019-02-06 06:42:56,266 INFO  execution-log - [Sequence No - 7]	 Command completed.
----------------
2019-02-06 06:42:56,272 INFO  execution-log - 	 Command completed.
----------------
2019-02-06 06:42:56,279 INFO  execution-log -  Beginning PageCommand ( CurrentPage : Home, FlowIdentifier : 2, DiIndicator : DI )
----------------
2019-02-06 06:42:56,288 INFO  execution-log - 	 Command completed.
----------------
2019-02-06 06:42:56,303 INFO  execution-log -  Beginning LoadTestDataItemCommand ( CurrentPage : Home, FlowIdentifier : 2, DiIndicator : DI )
----------------
2019-02-06 06:42:56,319 INFO  execution-log - [Sequence No - 8] Beginning ValidateEnableStatusCommand ( LogicalFieldName : New Quote, LogicalFieldValue : True )
----------------
2019-02-06 06:42:57,976 INFO  execution-log - [Sequence No - 8]	 Command completed.
----------------
2019-02-06 06:42:57,986 INFO  execution-log - [Sequence No - 9] Beginning ActionCommand ( LogicalFieldName : New Quote, LogicalFieldValue : Click )
----------------
2019-02-06 06:42:58,983 INFO  execution-log - [Sequence No - 9]	 Command completed.
----------------
2019-02-06 06:42:58,991 INFO  execution-log - 	 Command completed.
----------------
2019-02-06 06:42:58,998 INFO  execution-log -  Beginning PageCommand ( CurrentPage : New Quote, FlowIdentifier : 3, DiIndicator : DI )
----------------
2019-02-06 06:42:59,004 INFO  execution-log - 	 Command completed.
----------------
2019-02-06 06:42:59,009 INFO  execution-log -  Beginning LoadTestDataItemCommand ( CurrentPage : New Quote, FlowIdentifier : 3, DiIndicator : DI )
----------------
2019-02-06 06:42:59,025 INFO  execution-log - [Sequence No - 10] Beginning ValidateExistStatusCommand ( LogicalFieldName : Account Name, LogicalFieldValue : True )
----------------
2019-02-06 06:42:59,074 INFO  execution-log - [Sequence No - 10]	 Command completed.
----------------
2019-02-06 06:42:59,085 INFO  execution-log - [Sequence No - 11] Beginning TestDataCommand ( LogicalFieldName : Account Name, LogicalFieldValue : RANDOMIZE(7,2) )
----------------
2019-02-06 06:42:59,764 INFO  execution-log - [Sequence No - 11]	 Command completed.
----------------
2019-02-06 06:42:59,777 INFO  execution-log - [Sequence No - 12] Beginning ValidateExistStatusCommand ( LogicalFieldName : First Name, LogicalFieldValue : True )
----------------
2019-02-06 06:42:59,813 INFO  execution-log - [Sequence No - 12]	 Command completed.
----------------
2019-02-06 06:42:59,823 INFO  execution-log - [Sequence No - 13] Beginning TestDataCommand ( LogicalFieldName : First Name, LogicalFieldValue : Jack )
----------------
2019-02-06 06:43:00,297 INFO  execution-log - [Sequence No - 13]	 Command completed.
----------------
2019-02-06 06:43:00,310 INFO  execution-log - [Sequence No - 14] Beginning ValidateEnableStatusCommand ( LogicalFieldName : Last Name, LogicalFieldValue : True )
----------------
2019-02-06 06:43:00,362 INFO  execution-log - [Sequence No - 14]	 Command completed.
----------------
2019-02-06 06:43:00,387 INFO  execution-log - [Sequence No - 15] Beginning TestDataCommand ( LogicalFieldName : Last Name, LogicalFieldValue : Smith )
----------------
2019-02-06 06:43:00,886 INFO  execution-log - [Sequence No - 15]	 Command completed.
----------------
2019-02-06 06:43:00,897 INFO  execution-log - [Sequence No - 16] Beginning ValidateExistStatusCommand ( LogicalFieldName : ContactNumber1, LogicalFieldValue : True )
----------------
2019-02-06 06:43:00,923 INFO  execution-log - [Sequence No - 16]	 Command completed.
----------------
2019-02-06 06:43:00,935 INFO  execution-log - [Sequence No - 17] Beginning TestDataCommand ( LogicalFieldName : ContactNumber1, LogicalFieldValue : 654 )
----------------
2019-02-06 06:43:01,224 INFO  execution-log - [Sequence No - 17]	 Command completed.
----------------
2019-02-06 06:43:01,236 INFO  execution-log - [Sequence No - 18] Beginning TestDataCommand ( LogicalFieldName : ContactNumber2, LogicalFieldValue : 321 )
----------------
2019-02-06 06:43:01,700 INFO  execution-log - [Sequence No - 18]	 Command completed.
----------------
2019-02-06 06:43:01,715 INFO  execution-log - [Sequence No - 19] Beginning TestDataCommand ( LogicalFieldName : ContactNumber3, LogicalFieldValue : 6541 )
----------------
2019-02-06 06:43:02,116 INFO  execution-log - [Sequence No - 19]	 Command completed.
----------------
2019-02-06 06:43:02,128 INFO  execution-log - [Sequence No - 20] Beginning ValidateExistStatusCommand ( LogicalFieldName : Primary Email, LogicalFieldValue : True )
----------------
2019-02-06 06:43:02,191 INFO  execution-log - [Sequence No - 20]	 Command completed.
----------------
2019-02-06 06:43:02,206 INFO  execution-log - [Sequence No - 21] Beginning TestDataCommand ( LogicalFieldName : Primary Email, LogicalFieldValue : jack.smith@gmail.com )
----------------
2019-02-06 06:43:02,860 INFO  execution-log - [Sequence No - 21]	 Command completed.
----------------
2019-02-06 06:43:02,872 INFO  execution-log - [Sequence No - 22] Beginning ValidateExistStatusCommand ( LogicalFieldName : Business Started Year, LogicalFieldValue : True )
----------------
2019-02-06 06:43:02,904 INFO  execution-log - [Sequence No - 22]	 Command completed.
----------------
2019-02-06 06:43:02,913 INFO  execution-log - [Sequence No - 23] Beginning TestDataCommand ( LogicalFieldName : Business Started Year, LogicalFieldValue : 2012 )
----------------
2019-02-06 06:43:03,113 INFO  execution-log - [Sequence No - 23]	 Command completed.
----------------
2019-02-06 06:43:03,124 INFO  execution-log - [Sequence No - 24] Beginning ValidateExistStatusCommand ( LogicalFieldName : Select Product, LogicalFieldValue : True )
----------------
2019-02-06 06:43:03,149 INFO  execution-log - [Sequence No - 24]	 Command completed.
----------------
2019-02-06 06:43:03,157 INFO  execution-log - [Sequence No - 25] Beginning ActionCommand ( LogicalFieldName : Select Product, LogicalFieldValue : Click )
----------------
2019-02-06 06:43:03,369 INFO  execution-log - [Sequence No - 25]	 Command completed.
----------------
2019-02-06 06:43:03,384 INFO  execution-log - [Sequence No - 26] Beginning ActionCommand ( LogicalFieldName : Select Product1, LogicalFieldValue : Click )
----------------
2019-02-06 06:43:03,637 INFO  execution-log - [Sequence No - 26]	 Command completed.
----------------
2019-02-06 06:43:03,647 INFO  execution-log - [Sequence No - 27] Beginning ValidateExistStatusCommand ( LogicalFieldName : Contact Name, LogicalFieldValue : True )
----------------
2019-02-06 06:43:03,683 INFO  execution-log - [Sequence No - 27]	 Command completed.
----------------
2019-02-06 06:43:03,694 INFO  execution-log - [Sequence No - 28] Beginning ActionCommand ( LogicalFieldName : Contact Name, LogicalFieldValue : Click )
----------------
2019-02-06 06:43:03,948 INFO  execution-log - [Sequence No - 28]	 Command completed.
----------------
2019-02-06 06:43:03,962 INFO  execution-log - [Sequence No - 29] Beginning ActionCommand ( LogicalFieldName : Contact Name Initial Select, LogicalFieldValue : Click )
----------------
2019-02-06 06:43:04,232 INFO  execution-log - [Sequence No - 29]	 Command completed.
----------------
2019-02-06 06:43:04,242 INFO  execution-log - [Sequence No - 30] Beginning ValidateExistStatusCommand ( LogicalFieldName : Industry, LogicalFieldValue : True )
----------------
2019-02-06 06:43:04,291 INFO  execution-log - [Sequence No - 30]	 Command completed.
----------------
2019-02-06 06:43:04,301 INFO  execution-log - [Sequence No - 31] Beginning ActionCommand ( LogicalFieldName : Industry, LogicalFieldValue : Click )
----------------
2019-02-06 06:43:04,601 INFO  execution-log - [Sequence No - 31]	 Command completed.
----------------
2019-02-06 06:43:04,627 INFO  execution-log - [Sequence No - 32] Beginning ActionCommand ( LogicalFieldName : Industry1, LogicalFieldValue : Click )
----------------
2019-02-06 06:43:04,839 INFO  execution-log - [Sequence No - 32]	 Command completed.
----------------
2019-02-06 06:43:04,850 INFO  execution-log - [Sequence No - 33] Beginning ValidateExistStatusCommand ( LogicalFieldName : Zip Code, LogicalFieldValue : True )
----------------
2019-02-06 06:43:04,896 INFO  execution-log - [Sequence No - 33]	 Command completed.
----------------
2019-02-06 06:43:04,906 INFO  execution-log - [Sequence No - 34] Beginning TestDataCommand ( LogicalFieldName : Zip Code, LogicalFieldValue : 53704 )
----------------
2019-02-06 06:43:05,141 INFO  execution-log - [Sequence No - 34]	 Command completed.
----------------
2019-02-06 06:43:05,151 INFO  execution-log - [Sequence No - 35] Beginning ActionCommand ( LogicalFieldName : zipcode click, LogicalFieldValue : Click )
----------------
2019-02-06 06:43:05,653 INFO  execution-log - [Sequence No - 35]	 Command completed.
----------------
2019-02-06 06:43:05,668 INFO  execution-log - [Sequence No - 36] Beginning ValidateExistStatusCommand ( LogicalFieldName : Street Address, LogicalFieldValue : True )
----------------
2019-02-06 06:43:05,730 INFO  execution-log - [Sequence No - 36]	 Command completed.
----------------
2019-02-06 06:43:05,740 INFO  execution-log - [Sequence No - 37] Beginning TestDataCommand ( LogicalFieldName : Street Address, LogicalFieldValue : 123 BLUEJAY LN )
----------------
2019-02-06 06:43:06,127 INFO  execution-log - [Sequence No - 37]	 Command completed.
----------------
2019-02-06 06:43:06,138 INFO  execution-log - [Sequence No - 38] Beginning ValidateExistStatusCommand ( LogicalFieldName : Same as Physical Address, LogicalFieldValue : True )
----------------
2019-02-06 06:43:06,175 INFO  execution-log - [Sequence No - 38]	 Command completed.
----------------
2019-02-06 06:43:06,184 INFO  execution-log - [Sequence No - 39] Beginning ActionCommand ( LogicalFieldName : Same as Physical Address, LogicalFieldValue : Click )
----------------
2019-02-06 06:43:06,354 INFO  execution-log - [Sequence No - 39]	 Command completed.
----------------
2019-02-06 06:43:06,363 INFO  execution-log - [Sequence No - 40] Beginning ValidateEnableStatusCommand ( LogicalFieldName : Proceed, LogicalFieldValue : True )
----------------
2019-02-06 06:43:06,418 INFO  execution-log - [Sequence No - 40]	 Command completed.
----------------
2019-02-06 06:43:06,428 INFO  execution-log - [Sequence No - 41] Beginning ActionCommand ( LogicalFieldName : Proceed, LogicalFieldValue : Click )
----------------
2019-02-06 06:43:06,662 INFO  execution-log - [Sequence No - 41]	 Command completed.
----------------
2019-02-06 06:43:06,673 INFO  execution-log - 	 Command completed.
----------------
2019-02-06 06:43:06,694 INFO  execution-log -  Beginning PageCommand ( CurrentPage : Insured Info, FlowIdentifier : 4, DiIndicator : DI )
----------------
2019-02-06 06:43:06,703 INFO  execution-log - 	 Command completed.
----------------
2019-02-06 06:43:06,714 INFO  execution-log -  Beginning LoadTestDataItemCommand ( CurrentPage : Insured Info, FlowIdentifier : 4, DiIndicator : DI )
----------------
2019-02-06 06:43:06,732 INFO  execution-log - [Sequence No - 42] Beginning ValidateEnableStatusCommand ( LogicalFieldName : InsuredName, LogicalFieldValue : True )
----------------
2019-02-06 06:43:09,535 INFO  execution-log - [Sequence No - 42]	 Command completed.
----------------
2019-02-06 06:43:09,546 INFO  execution-log - [Sequence No - 43] Beginning TestDataCommand ( LogicalFieldName : InsuredName, LogicalFieldValue : Smith )
----------------
2019-02-06 06:43:09,736 INFO  execution-log - [Sequence No - 43]	 Command completed.
----------------
2019-02-06 06:43:09,747 INFO  execution-log - [Sequence No - 44] Beginning ValidateEnableStatusCommand ( LogicalFieldName : Primary State Click, LogicalFieldValue : True )
----------------
2019-02-06 06:43:09,780 INFO  execution-log - [Sequence No - 44]	 Command completed.
----------------
2019-02-06 06:43:09,788 INFO  execution-log - [Sequence No - 45] Beginning ActionCommand ( LogicalFieldName : Primary State Click, LogicalFieldValue : Click )
----------------
2019-02-06 06:43:10,196 INFO  execution-log - [Sequence No - 45]	 Command completed.
----------------
2019-02-06 06:43:10,228 INFO  execution-log - [Sequence No - 46] Beginning ActionCommand ( LogicalFieldName : PrimayState Select, LogicalFieldValue : Click )
----------------
2019-02-06 06:43:10,681 INFO  execution-log - [Sequence No - 46]	 Command completed.
----------------
2019-02-06 06:43:10,702 INFO  execution-log - [Sequence No - 47] Beginning ValidateExistStatusCommand ( LogicalFieldName : Street Address, LogicalFieldValue : True )
----------------
2019-02-06 06:43:10,794 INFO  execution-log - [Sequence No - 47]	 Command completed.
----------------
2019-02-06 06:43:10,807 INFO  execution-log - [Sequence No - 48] Beginning TestDataCommand ( LogicalFieldName : Street Address, LogicalFieldValue : 123 new street )
----------------
2019-02-06 06:43:11,247 INFO  execution-log - [Sequence No - 48]	 Command completed.
----------------
2019-02-06 06:43:11,258 INFO  execution-log - [Sequence No - 49] Beginning ValidateExistStatusCommand ( LogicalFieldName : Zip Code, LogicalFieldValue : True )
----------------
2019-02-06 06:43:11,282 INFO  execution-log - [Sequence No - 49]	 Command completed.
----------------
2019-02-06 06:43:11,291 INFO  execution-log - [Sequence No - 50] Beginning TestDataCommand ( LogicalFieldName : Zip Code, LogicalFieldValue : 53704 )
----------------
2019-02-06 06:43:11,473 INFO  execution-log - [Sequence No - 50]	 Command completed.
----------------
2019-02-06 06:43:11,485 INFO  execution-log - [Sequence No - 51] Beginning ValidateExistStatusCommand ( LogicalFieldName : Same as Physical Address, LogicalFieldValue : True )
----------------
2019-02-06 06:43:11,520 INFO  execution-log - [Sequence No - 51]	 Command completed.
----------------
2019-02-06 06:43:11,529 INFO  execution-log - [Sequence No - 52] Beginning ActionCommand ( LogicalFieldName : Same as Physical Address, LogicalFieldValue : Click )
----------------
2019-02-06 06:43:11,738 INFO  execution-log - [Sequence No - 52]	 Command completed.
----------------
2019-02-06 06:43:11,748 INFO  execution-log - [Sequence No - 53] Beginning ValidateExistStatusCommand ( LogicalFieldName : SIC Code, LogicalFieldValue : True )
----------------
2019-02-06 06:43:11,793 INFO  execution-log - [Sequence No - 53]	 Command completed.
----------------
2019-02-06 06:43:11,808 INFO  execution-log - [Sequence No - 54] Beginning TestDataCommand ( LogicalFieldName : SIC Code, LogicalFieldValue : 41510000-School buses )
----------------
2019-02-06 06:43:12,589 INFO  execution-log - [Sequence No - 54]	 Command completed.
----------------
2019-02-06 06:43:12,600 INFO  execution-log - [Sequence No - 55] Beginning ValidateExistStatusCommand ( LogicalFieldName : BusinessInceptionYear, LogicalFieldValue : True )
----------------
2019-02-06 06:43:12,627 INFO  execution-log - [Sequence No - 55]	 Command completed.
----------------
2019-02-06 06:43:12,638 INFO  execution-log - [Sequence No - 56] Beginning TestDataCommand ( LogicalFieldName : BusinessInceptionYear, LogicalFieldValue : 2012 )
----------------
2019-02-06 06:43:12,834 INFO  execution-log - [Sequence No - 56]	 Command completed.
----------------
2019-02-06 06:43:12,844 INFO  execution-log - [Sequence No - 57] Beginning ValidateExistStatusCommand ( LogicalFieldName : BusinessPhone, LogicalFieldValue : True )
----------------
2019-02-06 06:43:12,876 INFO  execution-log - [Sequence No - 57]	 Command completed.
----------------
2019-02-06 06:43:12,892 INFO  execution-log - [Sequence No - 58] Beginning TestDataCommand ( LogicalFieldName : BusinessPhone, LogicalFieldValue : 6549879879 )
----------------
2019-02-06 06:43:14,238 INFO  execution-log - [Sequence No - 58]	 Command completed.
----------------
2019-02-06 06:43:14,248 INFO  execution-log - [Sequence No - 59] Beginning ValidateEnableStatusCommand ( LogicalFieldName : Next, LogicalFieldValue : True )
----------------
2019-02-06 06:43:14,291 INFO  execution-log - [Sequence No - 59]	 Command completed.
----------------
2019-02-06 06:43:14,300 INFO  execution-log - [Sequence No - 60] Beginning ActionCommand ( LogicalFieldName : Next, LogicalFieldValue : Click )
----------------
2019-02-06 06:43:14,445 INFO  execution-log - [Sequence No - 60]	 Command completed.
----------------
2019-02-06 06:43:14,452 INFO  execution-log - 	 Command completed.
----------------
2019-02-06 06:43:14,460 INFO  execution-log -  Beginning PageCommand ( CurrentPage : Policy Info, FlowIdentifier : 5, DiIndicator : DI )
----------------
2019-02-06 06:43:14,465 INFO  execution-log - 	 Command completed.
----------------
2019-02-06 06:43:14,471 INFO  execution-log -  Beginning LoadTestDataItemCommand ( CurrentPage : Policy Info, FlowIdentifier : 5, DiIndicator : DI )
----------------
2019-02-06 06:43:14,489 INFO  execution-log - [Sequence No - 61] Beginning ValidateEnableStatusCommand ( LogicalFieldName : Which State do u operate In?, LogicalFieldValue : True )
----------------
2019-02-06 06:43:15,025 INFO  execution-log - [Sequence No - 61]	 Command completed.
----------------
2019-02-06 06:43:15,047 INFO  execution-log - [Sequence No - 62] Beginning ActionCommand ( LogicalFieldName : Which State do u operate In?, LogicalFieldValue : Click )
----------------
2019-02-06 06:43:15,487 INFO  execution-log - [Sequence No - 62]	 Command completed.
----------------
2019-02-06 06:43:15,497 INFO  execution-log - [Sequence No - 63] Beginning ActionCommand ( LogicalFieldName : Which State do u operate In?1, LogicalFieldValue : Click )
----------------
2019-02-06 06:43:16,193 INFO  execution-log - [Sequence No - 63]	 Command completed.
----------------
2019-02-06 06:43:16,208 INFO  execution-log - [Sequence No - 64] Beginning ActionCommand ( LogicalFieldName : Label Click, LogicalFieldValue : Click )
----------------
2019-02-06 06:43:16,460 INFO  execution-log - [Sequence No - 64]	 Command completed.
----------------
2019-02-06 06:43:16,476 INFO  execution-log - [Sequence No - 65] Beginning ActionCommand ( LogicalFieldName : Collapse, LogicalFieldValue : Click )
----------------
2019-02-06 06:43:16,739 INFO  execution-log - [Sequence No - 65]	 Command completed.
----------------
2019-02-06 06:43:16,758 INFO  execution-log - [Sequence No - 66] Beginning ValidateEnableStatusCommand ( LogicalFieldName : Select Product, LogicalFieldValue : True )
----------------
2019-02-06 06:43:16,847 INFO  execution-log - [Sequence No - 66]	 Command completed.
----------------
2019-02-06 06:43:16,862 INFO  execution-log - [Sequence No - 67] Beginning ActionCommand ( LogicalFieldName : Select Product, LogicalFieldValue : Click-Wait(2000) )
----------------
2019-02-06 06:43:21,108 INFO  execution-log - [Sequence No - 67]	 Command completed.
----------------
2019-02-06 06:43:21,117 INFO  execution-log - [Sequence No - 68] Beginning ActionCommand ( LogicalFieldName : Select Product 1, LogicalFieldValue : Click )
----------------
2019-02-06 06:43:23,650 INFO  execution-log - [Sequence No - 68]	 Command completed.
----------------
2019-02-06 06:43:23,661 INFO  execution-log - [Sequence No - 69] Beginning ValidateEnableStatusCommand ( LogicalFieldName : Next Policy Info, LogicalFieldValue : True )
----------------
2019-02-06 06:43:23,720 INFO  execution-log - [Sequence No - 69]	 Command completed.
----------------
2019-02-06 06:43:23,731 INFO  execution-log - [Sequence No - 70] Beginning ActionCommand ( LogicalFieldName : Next Policy Info, LogicalFieldValue : Click(1000) )
----------------
2019-02-06 06:43:23,844 INFO  execution-log - [Sequence No - 70]	 Command completed.
----------------
2019-02-06 06:43:23,855 INFO  execution-log - 	 Command completed.
----------------
2019-02-06 06:43:38,900 INFO  execution-log - Saving captured values to file.
----------------
2019-02-06 06:43:38,906 INFO  execution-log - TC # : 1, has completed successfully.
----------------
