2019-02-05 07:11:10,703 INFO  execution-log - 	Initializing control map with map # MASTER
----------------
2019-02-05 07:11:10,708 INFO  execution-log - Initializing Test Automation
----------------
2019-02-05 07:11:10,713 INFO  execution-log - 	target browser: Chrome
----------------
2019-02-05 07:11:10,717 INFO  execution-log - TC # : 1, Downloading test case from DB
----------------
2019-02-05 07:11:10,726 INFO  execution-log - TC # : 1, Getting control map :MASTER from DB
----------------
2019-02-05 07:11:10,726 INFO  execution-log - TC # : 1, Getting test data from DB
----------------
2019-02-05 07:11:10,735 INFO  execution-log - TC # : 1, Control map retrieval completed
----------------
2019-02-05 07:11:10,751 INFO  execution-log - TC # : 1, Test data retrieval completed
----------------
2019-02-05 07:11:10,755 INFO  execution-log - TC # : 1, Parsing commands
----------------
2019-02-05 07:11:10,759 INFO  execution-log - Loading captured values from persistence.
----------------
2019-02-05 07:11:10,763 INFO  execution-log - TC # : 1, Started executing test case in the VMTESTAPP1 environment (http://vam-qa.cloudapp.net:6363/pages/login.html)
----------------
2019-02-05 07:11:10,798 INFO  execution-log -  Beginning StartIterationCommand ( Iterations : 1 )
----------------
2019-02-05 07:11:10,802 INFO  execution-log - TC # : 1, Starting iteration #1
----------------
2019-02-05 07:11:10,807 INFO  execution-log - 	 Command completed.
----------------
2019-02-05 07:11:10,811 INFO  execution-log -  Beginning InvokeApplicationCommand ( Target :  )
----------------
2019-02-05 07:11:11,645 INFO  execution-log - 	 Command completed.
----------------
2019-02-05 07:11:11,665 INFO  execution-log -  Beginning PageCommand ( CurrentPage : Login, FlowIdentifier : 1, DiIndicator : DI )
----------------
2019-02-05 07:11:11,670 INFO  execution-log - 	 Command completed.
----------------
2019-02-05 07:11:11,677 INFO  execution-log -  Beginning LoadTestDataItemCommand ( CurrentPage : Login, FlowIdentifier : 1, DiIndicator : DI )
----------------
2019-02-05 07:11:11,693 INFO  execution-log - [Sequence No - 1] Beginning ValidateExistStatusCommand ( LogicalFieldName : User Name, LogicalFieldValue : True )
----------------
2019-02-05 07:11:11,715 INFO  execution-log - [Sequence No - 1]	 Command completed.
----------------
2019-02-05 07:11:11,725 INFO  execution-log - [Sequence No - 2] Beginning ActionCommand ( LogicalFieldName : User Name, LogicalFieldValue : Click )
----------------
2019-02-05 07:11:11,839 INFO  execution-log - [Sequence No - 2]	 Command completed.
----------------
2019-02-05 07:11:11,851 INFO  execution-log - [Sequence No - 3] Beginning TestDataCommand ( LogicalFieldName : User Name, LogicalFieldValue : Jack )
----------------
2019-02-05 07:11:11,949 INFO  execution-log - [Sequence No - 3]	 Command completed.
----------------
2019-02-05 07:11:11,958 INFO  execution-log - [Sequence No - 4] Beginning ValidateExistStatusCommand ( LogicalFieldName : Password, LogicalFieldValue : True )
----------------
2019-02-05 07:11:11,983 INFO  execution-log - [Sequence No - 4]	 Command completed.
----------------
2019-02-05 07:11:11,993 INFO  execution-log - [Sequence No - 5] Beginning TestDataCommand ( LogicalFieldName : Password, LogicalFieldValue : Smit@123 )
----------------
2019-02-05 07:11:12,131 INFO  execution-log - [Sequence No - 5]	 Command completed.
----------------
2019-02-05 07:11:12,144 INFO  execution-log - [Sequence No - 6] Beginning ValidateEnableStatusCommand ( LogicalFieldName : Login_Button, LogicalFieldValue : True )
----------------
2019-02-05 07:11:12,175 INFO  execution-log - [Sequence No - 6]	 Command completed.
----------------
2019-02-05 07:11:12,183 INFO  execution-log - [Sequence No - 7] Beginning ActionCommand ( LogicalFieldName : Login_Button, LogicalFieldValue : Click )
----------------
2019-02-05 07:11:12,288 INFO  execution-log - [Sequence No - 7]	 Command completed.
----------------
2019-02-05 07:11:12,294 INFO  execution-log - 	 Command completed.
----------------
2019-02-05 07:11:12,300 INFO  execution-log -  Beginning PageCommand ( CurrentPage : Home, FlowIdentifier : 2, DiIndicator : DI )
----------------
2019-02-05 07:11:12,305 INFO  execution-log - 	 Command completed.
----------------
2019-02-05 07:11:12,310 INFO  execution-log -  Beginning LoadTestDataItemCommand ( CurrentPage : Home, FlowIdentifier : 2, DiIndicator : DI )
----------------
2019-02-05 07:11:12,323 INFO  execution-log - [Sequence No - 8] Beginning ValidateEnableStatusCommand ( LogicalFieldName : New Quote, LogicalFieldValue : True )
----------------
2019-02-05 07:11:13,290 INFO  execution-log - [Sequence No - 8]	 Command completed.
----------------
2019-02-05 07:11:13,299 INFO  execution-log - [Sequence No - 9] Beginning ActionCommand ( LogicalFieldName : New Quote, LogicalFieldValue : Click )
----------------
2019-02-05 07:11:13,953 INFO  execution-log - [Sequence No - 9]	 Command completed.
----------------
2019-02-05 07:11:13,960 INFO  execution-log - 	 Command completed.
----------------
2019-02-05 07:11:13,967 INFO  execution-log -  Beginning PageCommand ( CurrentPage : New Quote, FlowIdentifier : 3, DiIndicator : DI )
----------------
2019-02-05 07:11:13,978 INFO  execution-log - 	 Command completed.
----------------
2019-02-05 07:11:13,983 INFO  execution-log -  Beginning LoadTestDataItemCommand ( CurrentPage : New Quote, FlowIdentifier : 3, DiIndicator : DI )
----------------
2019-02-05 07:11:14,010 INFO  execution-log - [Sequence No - 10] Beginning ValidateExistStatusCommand ( LogicalFieldName : Account Name, LogicalFieldValue : True )
----------------
2019-02-05 07:11:14,042 INFO  execution-log - [Sequence No - 10]	 Command completed.
----------------
2019-02-05 07:11:14,052 INFO  execution-log - [Sequence No - 11] Beginning TestDataCommand ( LogicalFieldName : Account Name, LogicalFieldValue : RANDOMIZE(7,2) )
----------------
2019-02-05 07:11:14,282 INFO  execution-log - [Sequence No - 11]	 Command completed.
----------------
2019-02-05 07:11:14,294 INFO  execution-log - [Sequence No - 12] Beginning ValidateExistStatusCommand ( LogicalFieldName : First Name, LogicalFieldValue : True )
----------------
2019-02-05 07:11:14,320 INFO  execution-log - [Sequence No - 12]	 Command completed.
----------------
2019-02-05 07:11:14,329 INFO  execution-log - [Sequence No - 13] Beginning TestDataCommand ( LogicalFieldName : First Name, LogicalFieldValue : Jack )
----------------
2019-02-05 07:11:14,532 INFO  execution-log - [Sequence No - 13]	 Command completed.
----------------
2019-02-05 07:11:14,543 INFO  execution-log - [Sequence No - 14] Beginning ValidateEnableStatusCommand ( LogicalFieldName : Last Name, LogicalFieldValue : True )
----------------
2019-02-05 07:11:14,572 INFO  execution-log - [Sequence No - 14]	 Command completed.
----------------
2019-02-05 07:11:14,581 INFO  execution-log - [Sequence No - 15] Beginning TestDataCommand ( LogicalFieldName : Last Name, LogicalFieldValue : Smith )
----------------
2019-02-05 07:11:14,741 INFO  execution-log - [Sequence No - 15]	 Command completed.
----------------
2019-02-05 07:11:14,751 INFO  execution-log - [Sequence No - 16] Beginning ValidateExistStatusCommand ( LogicalFieldName : ContactNumber1, LogicalFieldValue : True )
----------------
2019-02-05 07:11:14,771 INFO  execution-log - [Sequence No - 16]	 Command completed.
----------------
2019-02-05 07:11:14,780 INFO  execution-log - [Sequence No - 17] Beginning TestDataCommand ( LogicalFieldName : ContactNumber1, LogicalFieldValue : 654 )
----------------
2019-02-05 07:11:14,909 INFO  execution-log - [Sequence No - 17]	 Command completed.
----------------
2019-02-05 07:11:14,918 INFO  execution-log - [Sequence No - 18] Beginning TestDataCommand ( LogicalFieldName : ContactNumber2, LogicalFieldValue : 321 )
----------------
2019-02-05 07:11:15,038 INFO  execution-log - [Sequence No - 18]	 Command completed.
----------------
2019-02-05 07:11:15,049 INFO  execution-log - [Sequence No - 19] Beginning TestDataCommand ( LogicalFieldName : ContactNumber3, LogicalFieldValue : 6541 )
----------------
2019-02-05 07:11:15,169 INFO  execution-log - [Sequence No - 19]	 Command completed.
----------------
2019-02-05 07:11:15,181 INFO  execution-log - [Sequence No - 20] Beginning ValidateExistStatusCommand ( LogicalFieldName : Primary Email, LogicalFieldValue : True )
----------------
2019-02-05 07:11:15,200 INFO  execution-log - [Sequence No - 20]	 Command completed.
----------------
2019-02-05 07:11:15,209 INFO  execution-log - [Sequence No - 21] Beginning TestDataCommand ( LogicalFieldName : Primary Email, LogicalFieldValue : jack.smith@gmail.com )
----------------
2019-02-05 07:11:15,580 INFO  execution-log - [Sequence No - 21]	 Command completed.
----------------
2019-02-05 07:11:15,590 INFO  execution-log - [Sequence No - 22] Beginning ValidateExistStatusCommand ( LogicalFieldName : Business Started Year, LogicalFieldValue : True )
----------------
2019-02-05 07:11:15,615 INFO  execution-log - [Sequence No - 22]	 Command completed.
----------------
2019-02-05 07:11:15,625 INFO  execution-log - [Sequence No - 23] Beginning TestDataCommand ( LogicalFieldName : Business Started Year, LogicalFieldValue : 2012 )
----------------
2019-02-05 07:11:15,748 INFO  execution-log - [Sequence No - 23]	 Command completed.
----------------
2019-02-05 07:11:15,757 INFO  execution-log - [Sequence No - 24] Beginning ValidateExistStatusCommand ( LogicalFieldName : Select Product, LogicalFieldValue : True )
----------------
2019-02-05 07:11:15,793 INFO  execution-log - [Sequence No - 24]	 Command completed.
----------------
2019-02-05 07:11:15,802 INFO  execution-log - [Sequence No - 25] Beginning ActionCommand ( LogicalFieldName : Select Product, LogicalFieldValue : Click )
----------------
2019-02-05 07:11:15,937 INFO  execution-log - [Sequence No - 25]	 Command completed.
----------------
2019-02-05 07:11:15,954 INFO  execution-log - [Sequence No - 26] Beginning ActionCommand ( LogicalFieldName : Select Product1, LogicalFieldValue : Click )
----------------
2019-02-05 07:11:16,104 INFO  execution-log - [Sequence No - 26]	 Command completed.
----------------
2019-02-05 07:11:16,117 INFO  execution-log - [Sequence No - 27] Beginning ValidateExistStatusCommand ( LogicalFieldName : Contact Name, LogicalFieldValue : True )
----------------
2019-02-05 07:11:16,142 INFO  execution-log - [Sequence No - 27]	 Command completed.
----------------
2019-02-05 07:11:16,156 INFO  execution-log - [Sequence No - 28] Beginning ActionCommand ( LogicalFieldName : Contact Name, LogicalFieldValue : Click )
----------------
2019-02-05 07:11:16,304 INFO  execution-log - [Sequence No - 28]	 Command completed.
----------------
2019-02-05 07:11:16,314 INFO  execution-log - [Sequence No - 29] Beginning ActionCommand ( LogicalFieldName : Contact Name Initial Select, LogicalFieldValue : Click )
----------------
2019-02-05 07:11:16,955 INFO  execution-log - [Sequence No - 29]	 Command completed.
----------------
2019-02-05 07:11:16,966 INFO  execution-log - [Sequence No - 30] Beginning ValidateExistStatusCommand ( LogicalFieldName : Industry, LogicalFieldValue : True )
----------------
2019-02-05 07:11:16,989 INFO  execution-log - [Sequence No - 30]	 Command completed.
----------------
2019-02-05 07:11:16,998 INFO  execution-log - [Sequence No - 31] Beginning ActionCommand ( LogicalFieldName : Industry, LogicalFieldValue : Click )
----------------
2019-02-05 07:11:17,157 INFO  execution-log - [Sequence No - 31]	 Command completed.
----------------
2019-02-05 07:11:17,169 INFO  execution-log - [Sequence No - 32] Beginning ActionCommand ( LogicalFieldName : Industry1, LogicalFieldValue : Click )
----------------
2019-02-05 07:11:17,320 INFO  execution-log - [Sequence No - 32]	 Command completed.
----------------
2019-02-05 07:11:17,330 INFO  execution-log - [Sequence No - 33] Beginning ValidateExistStatusCommand ( LogicalFieldName : Zip Code, LogicalFieldValue : True )
----------------
2019-02-05 07:11:17,358 INFO  execution-log - [Sequence No - 33]	 Command completed.
----------------
2019-02-05 07:11:17,369 INFO  execution-log - [Sequence No - 34] Beginning TestDataCommand ( LogicalFieldName : Zip Code, LogicalFieldValue : 53704 )
----------------
2019-02-05 07:11:17,531 INFO  execution-log - [Sequence No - 34]	 Command completed.
----------------
2019-02-05 07:11:17,541 INFO  execution-log - [Sequence No - 35] Beginning ActionCommand ( LogicalFieldName : zipcode click, LogicalFieldValue : Click )
----------------
2019-02-05 07:11:17,907 INFO  execution-log - [Sequence No - 35]	 Command completed.
----------------
2019-02-05 07:11:17,919 INFO  execution-log - [Sequence No - 36] Beginning ValidateExistStatusCommand ( LogicalFieldName : Street Address, LogicalFieldValue : True )
----------------
2019-02-05 07:11:17,945 INFO  execution-log - [Sequence No - 36]	 Command completed.
----------------
2019-02-05 07:11:17,955 INFO  execution-log - [Sequence No - 37] Beginning TestDataCommand ( LogicalFieldName : Street Address, LogicalFieldValue : 123 BLUEJAY LN )
----------------
2019-02-05 07:11:18,240 INFO  execution-log - [Sequence No - 37]	 Command completed.
----------------
2019-02-05 07:11:18,250 INFO  execution-log - [Sequence No - 38] Beginning ValidateExistStatusCommand ( LogicalFieldName : Same as Physical Address, LogicalFieldValue : True )
----------------
2019-02-05 07:11:18,299 INFO  execution-log - [Sequence No - 38]	 Command completed.
----------------
2019-02-05 07:11:18,308 INFO  execution-log - [Sequence No - 39] Beginning ActionCommand ( LogicalFieldName : Same as Physical Address, LogicalFieldValue : Click )
----------------
2019-02-05 07:11:18,436 INFO  execution-log - [Sequence No - 39]	 Command completed.
----------------
2019-02-05 07:11:18,447 INFO  execution-log - [Sequence No - 40] Beginning ValidateEnableStatusCommand ( LogicalFieldName : Proceed, LogicalFieldValue : True )
----------------
2019-02-05 07:11:18,498 INFO  execution-log - [Sequence No - 40]	 Command completed.
----------------
2019-02-05 07:11:18,508 INFO  execution-log - [Sequence No - 41] Beginning ActionCommand ( LogicalFieldName : Proceed, LogicalFieldValue : Click )
----------------
2019-02-05 07:11:18,648 INFO  execution-log - [Sequence No - 41]	 Command completed.
----------------
2019-02-05 07:11:18,659 INFO  execution-log - 	 Command completed.
----------------
2019-02-05 07:11:18,665 INFO  execution-log -  Beginning PageCommand ( CurrentPage : Insured Info, FlowIdentifier : 4, DiIndicator : DI )
----------------
2019-02-05 07:11:18,679 INFO  execution-log - 	 Command completed.
----------------
2019-02-05 07:11:18,685 INFO  execution-log -  Beginning LoadTestDataItemCommand ( CurrentPage : Insured Info, FlowIdentifier : 4, DiIndicator : DI )
----------------
2019-02-05 07:11:18,701 INFO  execution-log - [Sequence No - 42] Beginning ValidateEnableStatusCommand ( LogicalFieldName : InsuredName, LogicalFieldValue : True )
----------------
2019-02-05 07:11:20,809 INFO  execution-log - [Sequence No - 42]	 Command completed.
----------------
2019-02-05 07:11:20,819 INFO  execution-log - [Sequence No - 43] Beginning TestDataCommand ( LogicalFieldName : InsuredName, LogicalFieldValue : Smith )
----------------
2019-02-05 07:11:20,966 INFO  execution-log - [Sequence No - 43]	 Command completed.
----------------
2019-02-05 07:11:20,976 INFO  execution-log - [Sequence No - 44] Beginning ValidateEnableStatusCommand ( LogicalFieldName : Primary State Click, LogicalFieldValue : True )
----------------
2019-02-05 07:11:21,006 INFO  execution-log - [Sequence No - 44]	 Command completed.
----------------
2019-02-05 07:11:21,015 INFO  execution-log - [Sequence No - 45] Beginning ActionCommand ( LogicalFieldName : Primary State Click, LogicalFieldValue : Click )
----------------
2019-02-05 07:11:21,166 INFO  execution-log - [Sequence No - 45]	 Command completed.
----------------
2019-02-05 07:11:21,180 INFO  execution-log - [Sequence No - 46] Beginning ActionCommand ( LogicalFieldName : PrimayState Select, LogicalFieldValue : Click )
----------------
2019-02-05 07:11:21,383 INFO  execution-log - [Sequence No - 46]	 Command completed.
----------------
2019-02-05 07:11:21,397 INFO  execution-log - [Sequence No - 47] Beginning ValidateExistStatusCommand ( LogicalFieldName : Street Address, LogicalFieldValue : True )
----------------
2019-02-05 07:11:21,428 INFO  execution-log - [Sequence No - 47]	 Command completed.
----------------
2019-02-05 07:11:21,438 INFO  execution-log - [Sequence No - 48] Beginning TestDataCommand ( LogicalFieldName : Street Address, LogicalFieldValue : 123 new street )
----------------
2019-02-05 07:11:21,716 INFO  execution-log - [Sequence No - 48]	 Command completed.
----------------
2019-02-05 07:11:21,729 INFO  execution-log - [Sequence No - 49] Beginning ValidateExistStatusCommand ( LogicalFieldName : Zip Code, LogicalFieldValue : True )
----------------
2019-02-05 07:11:21,767 INFO  execution-log - [Sequence No - 49]	 Command completed.
----------------
2019-02-05 07:11:21,781 INFO  execution-log - [Sequence No - 50] Beginning TestDataCommand ( LogicalFieldName : Zip Code, LogicalFieldValue : 53704 )
----------------
2019-02-05 07:11:21,932 INFO  execution-log - [Sequence No - 50]	 Command completed.
----------------
2019-02-05 07:11:21,946 INFO  execution-log - [Sequence No - 51] Beginning ValidateExistStatusCommand ( LogicalFieldName : Same as Physical Address, LogicalFieldValue : True )
----------------
2019-02-05 07:11:21,967 INFO  execution-log - [Sequence No - 51]	 Command completed.
----------------
2019-02-05 07:11:21,979 INFO  execution-log - [Sequence No - 52] Beginning ActionCommand ( LogicalFieldName : Same as Physical Address, LogicalFieldValue : Click )
----------------
2019-02-05 07:11:22,121 INFO  execution-log - [Sequence No - 52]	 Command completed.
----------------
2019-02-05 07:11:22,132 INFO  execution-log - [Sequence No - 53] Beginning ValidateExistStatusCommand ( LogicalFieldName : SIC Code, LogicalFieldValue : True )
----------------
2019-02-05 07:11:22,169 INFO  execution-log - [Sequence No - 53]	 Command completed.
----------------
2019-02-05 07:11:22,180 INFO  execution-log - [Sequence No - 54] Beginning TestDataCommand ( LogicalFieldName : SIC Code, LogicalFieldValue : 41510000-School buses )
----------------
2019-02-05 07:11:22,600 INFO  execution-log - [Sequence No - 54]	 Command completed.
----------------
2019-02-05 07:11:22,611 INFO  execution-log - [Sequence No - 55] Beginning ValidateExistStatusCommand ( LogicalFieldName : BusinessInceptionYear, LogicalFieldValue : True )
----------------
2019-02-05 07:11:22,633 INFO  execution-log - [Sequence No - 55]	 Command completed.
----------------
2019-02-05 07:11:22,645 INFO  execution-log - [Sequence No - 56] Beginning TestDataCommand ( LogicalFieldName : BusinessInceptionYear, LogicalFieldValue : 2012 )
----------------
2019-02-05 07:11:22,796 INFO  execution-log - [Sequence No - 56]	 Command completed.
----------------
2019-02-05 07:11:22,811 INFO  execution-log - [Sequence No - 57] Beginning ValidateExistStatusCommand ( LogicalFieldName : BusinessPhone, LogicalFieldValue : True )
----------------
2019-02-05 07:11:22,843 INFO  execution-log - [Sequence No - 57]	 Command completed.
----------------
2019-02-05 07:11:22,852 INFO  execution-log - [Sequence No - 58] Beginning TestDataCommand ( LogicalFieldName : BusinessPhone, LogicalFieldValue : 6549879879 )
----------------
2019-02-05 07:11:24,094 INFO  execution-log - [Sequence No - 58]	 Command completed.
----------------
2019-02-05 07:11:24,107 INFO  execution-log - [Sequence No - 59] Beginning ValidateEnableStatusCommand ( LogicalFieldName : Next, LogicalFieldValue : True )
----------------
2019-02-05 07:11:24,135 INFO  execution-log - [Sequence No - 59]	 Command completed.
----------------
2019-02-05 07:11:24,145 INFO  execution-log - [Sequence No - 60] Beginning ActionCommand ( LogicalFieldName : Next, LogicalFieldValue : Click )
----------------
2019-02-05 07:11:24,272 INFO  execution-log - [Sequence No - 60]	 Command completed.
----------------
2019-02-05 07:11:24,278 INFO  execution-log - 	 Command completed.
----------------
2019-02-05 07:11:24,285 INFO  execution-log -  Beginning PageCommand ( CurrentPage : Policy Info, FlowIdentifier : 5, DiIndicator : DI )
----------------
2019-02-05 07:11:24,294 INFO  execution-log - 	 Command completed.
----------------
2019-02-05 07:11:24,300 INFO  execution-log -  Beginning LoadTestDataItemCommand ( CurrentPage : Policy Info, FlowIdentifier : 5, DiIndicator : DI )
----------------
2019-02-05 07:11:24,318 INFO  execution-log - [Sequence No - 61] Beginning ValidateExistStatusCommand ( LogicalFieldName : Which State do u operate In?, LogicalFieldValue : True )
----------------
2019-02-05 07:11:24,773 ERROR execution-log - TC # : 1, Which State do u operate In? was expected to exist.
----------------
2019-02-05 07:11:24,788 ERROR execution-log - TC # : 1, Which State do u operate In? was expected to exist.
----------------
2019-02-05 07:11:24,795 ERROR execution-log - TC # : 1, Expectation failed, the test will proceed despite execution failure
----------------
2019-02-05 07:11:24,819 INFO  execution-log - Saving captured values to file.
----------------
2019-02-05 07:11:24,825 ERROR execution-log - TC # : 1,  has failed
----------------
