2019-02-05 04:29:51,473 INFO  execution-log - 	Initializing control map with map # MASTER
----------------
2019-02-05 04:29:51,491 INFO  execution-log - Initializing Test Automation
----------------
2019-02-05 04:29:51,495 INFO  execution-log - 	target browser: Chrome
----------------
2019-02-05 04:29:51,503 INFO  execution-log - TC # : 1, Downloading test case from DB
----------------
2019-02-05 04:29:51,519 INFO  execution-log - TC # : 1, Getting test data from DB
----------------
2019-02-05 04:29:51,520 INFO  execution-log - TC # : 1, Getting control map :MASTER from DB
----------------
2019-02-05 04:29:51,545 INFO  execution-log - TC # : 1, Control map retrieval completed
----------------
2019-02-05 04:29:51,548 INFO  execution-log - TC # : 1, Test data retrieval completed
----------------
2019-02-05 04:29:51,560 INFO  execution-log - TC # : 1, Parsing commands
----------------
2019-02-05 04:29:51,567 INFO  execution-log - Loading captured values from persistence.
----------------
2019-02-05 04:29:51,573 INFO  execution-log - TC # : 1, Started executing test case in the VMTESTAPP1 environment (http://vam-qa.cloudapp.net:6363/pages/login.html)
----------------
2019-02-05 04:29:51,640 INFO  execution-log -  Beginning StartIterationCommand ( Iterations : 1 )
----------------
2019-02-05 04:29:51,652 INFO  execution-log - TC # : 1, Starting iteration #1
----------------
2019-02-05 04:29:51,657 INFO  execution-log - 	 Command completed.
----------------
2019-02-05 04:29:51,663 INFO  execution-log -  Beginning InvokeApplicationCommand ( Target :  )
----------------
2019-02-05 04:29:52,556 INFO  execution-log - 	 Command completed.
----------------
2019-02-05 04:29:52,579 INFO  execution-log -  Beginning PageCommand ( CurrentPage : Login, FlowIdentifier : 1, DiIndicator : DI )
----------------
2019-02-05 04:29:52,587 INFO  execution-log - 	 Command completed.
----------------
2019-02-05 04:29:52,592 INFO  execution-log -  Beginning LoadTestDataItemCommand ( CurrentPage : Login, FlowIdentifier : 1, DiIndicator : DI )
----------------
2019-02-05 04:29:52,622 INFO  execution-log - [Sequence No - 1] Beginning ValidateExistStatusCommand ( LogicalFieldName : User Name, LogicalFieldValue : True )
----------------
2019-02-05 04:29:52,654 INFO  execution-log - [Sequence No - 1]	 Command completed.
----------------
2019-02-05 04:29:52,662 INFO  execution-log - [Sequence No - 2] Beginning ActionCommand ( LogicalFieldName : User Name, LogicalFieldValue : Click )
----------------
2019-02-05 04:29:52,841 INFO  execution-log - [Sequence No - 2]	 Command completed.
----------------
2019-02-05 04:29:52,858 INFO  execution-log - [Sequence No - 3] Beginning TestDataCommand ( LogicalFieldName : User Name, LogicalFieldValue : Jack )
----------------
2019-02-05 04:29:53,354 INFO  execution-log - [Sequence No - 3]	 Command completed.
----------------
2019-02-05 04:29:53,364 INFO  execution-log - [Sequence No - 4] Beginning ValidateExistStatusCommand ( LogicalFieldName : Password, LogicalFieldValue : True )
----------------
2019-02-05 04:29:53,475 INFO  execution-log - [Sequence No - 4]	 Command completed.
----------------
2019-02-05 04:29:53,484 INFO  execution-log - [Sequence No - 5] Beginning TestDataCommand ( LogicalFieldName : Password, LogicalFieldValue : Smit@123 )
----------------
2019-02-05 04:29:53,893 INFO  execution-log - [Sequence No - 5]	 Command completed.
----------------
2019-02-05 04:29:53,902 INFO  execution-log - [Sequence No - 6] Beginning ValidateEnableStatusCommand ( LogicalFieldName : Login_Button, LogicalFieldValue : True )
----------------
2019-02-05 04:29:54,044 INFO  execution-log - [Sequence No - 6]	 Command completed.
----------------
2019-02-05 04:29:54,062 INFO  execution-log - [Sequence No - 7] Beginning ActionCommand ( LogicalFieldName : Login_Button, LogicalFieldValue : Click )
----------------
2019-02-05 04:29:54,392 INFO  execution-log - [Sequence No - 7]	 Command completed.
----------------
2019-02-05 04:29:54,398 INFO  execution-log - 	 Command completed.
----------------
2019-02-05 04:29:54,403 INFO  execution-log -  Beginning PageCommand ( CurrentPage : Home, FlowIdentifier : 2, DiIndicator : DI )
----------------
2019-02-05 04:29:54,409 INFO  execution-log - 	 Command completed.
----------------
2019-02-05 04:29:54,414 INFO  execution-log -  Beginning LoadTestDataItemCommand ( CurrentPage : Home, FlowIdentifier : 2, DiIndicator : DI )
----------------
2019-02-05 04:29:54,429 INFO  execution-log - [Sequence No - 8] Beginning ActionCommand ( LogicalFieldName : New Quote, LogicalFieldValue : Click )
----------------
2019-02-05 04:29:56,305 INFO  execution-log - [Sequence No - 8]	 Command completed.
----------------
2019-02-05 04:29:56,330 INFO  execution-log - 	 Command completed.
----------------
2019-02-05 04:29:56,335 INFO  execution-log -  Beginning PageCommand ( CurrentPage : New Quote, FlowIdentifier : 3, DiIndicator : DI )
----------------
2019-02-05 04:29:56,341 INFO  execution-log - 	 Command completed.
----------------
2019-02-05 04:29:56,350 INFO  execution-log -  Beginning LoadTestDataItemCommand ( CurrentPage : New Quote, FlowIdentifier : 3, DiIndicator : DI )
----------------
2019-02-05 04:29:56,374 INFO  execution-log - [Sequence No - 9] Beginning TestDataCommand ( LogicalFieldName : Account Name, LogicalFieldValue : RANDOMIZE(7,2) )
----------------
2019-02-05 04:29:56,634 INFO  execution-log - [Sequence No - 9]	 Command completed.
----------------
2019-02-05 04:29:56,643 INFO  execution-log - [Sequence No - 11] Beginning TestDataCommand ( LogicalFieldName : First Name, LogicalFieldValue : Jack )
----------------
2019-02-05 04:29:56,847 INFO  execution-log - [Sequence No - 11]	 Command completed.
----------------
2019-02-05 04:29:56,856 INFO  execution-log - [Sequence No - 12] Beginning TestDataCommand ( LogicalFieldName : Last Name, LogicalFieldValue : Smith )
----------------
2019-02-05 04:29:57,027 INFO  execution-log - [Sequence No - 12]	 Command completed.
----------------
2019-02-05 04:29:57,037 INFO  execution-log - [Sequence No - 13] Beginning TestDataCommand ( LogicalFieldName : ContactNumber1, LogicalFieldValue : 654 )
----------------
2019-02-05 04:29:57,154 INFO  execution-log - [Sequence No - 13]	 Command completed.
----------------
2019-02-05 04:29:57,167 INFO  execution-log - [Sequence No - 14] Beginning TestDataCommand ( LogicalFieldName : ContactNumber2, LogicalFieldValue : 321 )
----------------
2019-02-05 04:29:57,298 INFO  execution-log - [Sequence No - 14]	 Command completed.
----------------
2019-02-05 04:29:57,314 INFO  execution-log - [Sequence No - 15] Beginning TestDataCommand ( LogicalFieldName : ContactNumber3, LogicalFieldValue : 6541 )
----------------
2019-02-05 04:29:57,449 INFO  execution-log - [Sequence No - 15]	 Command completed.
----------------
2019-02-05 04:29:57,459 INFO  execution-log - [Sequence No - 16] Beginning TestDataCommand ( LogicalFieldName : Primary Email, LogicalFieldValue : jack.smith@gmail.com )
----------------
2019-02-05 04:29:57,720 INFO  execution-log - [Sequence No - 16]	 Command completed.
----------------
2019-02-05 04:29:57,752 INFO  execution-log - [Sequence No - 17] Beginning TestDataCommand ( LogicalFieldName : Business Started Year, LogicalFieldValue : 2012 )
----------------
2019-02-05 04:29:57,975 INFO  execution-log - [Sequence No - 17]	 Command completed.
----------------
2019-02-05 04:29:57,985 INFO  execution-log - [Sequence No - 18] Beginning ActionCommand ( LogicalFieldName : Select Product, LogicalFieldValue : Click )
----------------
2019-02-05 04:29:58,133 INFO  execution-log - [Sequence No - 18]	 Command completed.
----------------
2019-02-05 04:29:58,142 INFO  execution-log - [Sequence No - 19] Beginning ActionCommand ( LogicalFieldName : Select Product1, LogicalFieldValue : Click )
----------------
2019-02-05 04:29:58,295 INFO  execution-log - [Sequence No - 19]	 Command completed.
----------------
2019-02-05 04:29:58,308 INFO  execution-log - [Sequence No - 20] Beginning ActionCommand ( LogicalFieldName : Contact Name, LogicalFieldValue : Click )
----------------
2019-02-05 04:29:58,548 INFO  execution-log - [Sequence No - 20]	 Command completed.
----------------
2019-02-05 04:29:58,593 INFO  execution-log - [Sequence No - 21] Beginning ActionCommand ( LogicalFieldName : Contact Name Initial Select, LogicalFieldValue : Click )
----------------
2019-02-05 04:29:58,746 INFO  execution-log - [Sequence No - 21]	 Command completed.
----------------
2019-02-05 04:29:58,756 INFO  execution-log - [Sequence No - 22] Beginning ActionCommand ( LogicalFieldName : Industry, LogicalFieldValue : Click )
----------------
2019-02-05 04:29:59,087 INFO  execution-log - [Sequence No - 22]	 Command completed.
----------------
2019-02-05 04:29:59,102 INFO  execution-log - [Sequence No - 23] Beginning ActionCommand ( LogicalFieldName : Industry1, LogicalFieldValue : Click )
----------------
2019-02-05 04:29:59,417 INFO  execution-log - [Sequence No - 23]	 Command completed.
----------------
2019-02-05 04:29:59,427 INFO  execution-log - [Sequence No - 24] Beginning TestDataCommand ( LogicalFieldName : Zip Code, LogicalFieldValue : 53704 )
----------------
2019-02-05 04:29:59,604 INFO  execution-log - [Sequence No - 24]	 Command completed.
----------------
2019-02-05 04:29:59,617 INFO  execution-log - [Sequence No - 25] Beginning ActionCommand ( LogicalFieldName : zipcode click, LogicalFieldValue : Click )
----------------
2019-02-05 04:30:00,105 INFO  execution-log - [Sequence No - 25]	 Command completed.
----------------
2019-02-05 04:30:00,119 INFO  execution-log - [Sequence No - 26] Beginning TestDataCommand ( LogicalFieldName : Street Address, LogicalFieldValue : 123 BLUEJAY LN )
----------------
2019-02-05 04:30:00,408 INFO  execution-log - [Sequence No - 26]	 Command completed.
----------------
2019-02-05 04:30:00,417 INFO  execution-log - [Sequence No - 27] Beginning ActionCommand ( LogicalFieldName : Same as Physical Address, LogicalFieldValue : Click )
----------------
2019-02-05 04:30:00,720 INFO  execution-log - [Sequence No - 27]	 Command completed.
----------------
2019-02-05 04:30:00,733 INFO  execution-log - [Sequence No - 28] Beginning ActionCommand ( LogicalFieldName : Proceed, LogicalFieldValue : Click )
----------------
2019-02-05 04:30:00,920 INFO  execution-log - [Sequence No - 28]	 Command completed.
----------------
2019-02-05 04:30:00,951 INFO  execution-log - 	 Command completed.
----------------
2019-02-05 04:30:00,957 INFO  execution-log -  Beginning PageCommand ( CurrentPage : Insured Info, FlowIdentifier : 4, DiIndicator : DI )
----------------
2019-02-05 04:30:00,977 INFO  execution-log - 	 Command completed.
----------------
2019-02-05 04:30:00,983 INFO  execution-log -  Beginning LoadTestDataItemCommand ( CurrentPage : Insured Info, FlowIdentifier : 4, DiIndicator : DI )
----------------
2019-02-05 04:30:01,004 INFO  execution-log - [Sequence No - 29] Beginning TestDataCommand ( LogicalFieldName : InsuredName, LogicalFieldValue : Smith )
----------------
2019-02-05 04:30:03,439 INFO  execution-log - [Sequence No - 29]	 Command completed.
----------------
2019-02-05 04:30:03,450 INFO  execution-log - [Sequence No - 30] Beginning ActionCommand ( LogicalFieldName : Primary State Click, LogicalFieldValue : Click )
----------------
2019-02-05 04:30:03,617 INFO  execution-log - [Sequence No - 30]	 Command completed.
----------------
2019-02-05 04:30:03,633 INFO  execution-log - [Sequence No - 31] Beginning ActionCommand ( LogicalFieldName : PrimayState Select, LogicalFieldValue : Click )
----------------
2019-02-05 04:30:03,817 INFO  execution-log - [Sequence No - 31]	 Command completed.
----------------
2019-02-05 04:30:03,827 INFO  execution-log - [Sequence No - 32] Beginning TestDataCommand ( LogicalFieldName : Street Address, LogicalFieldValue : 123 new street )
----------------
2019-02-05 04:30:04,130 INFO  execution-log - [Sequence No - 32]	 Command completed.
----------------
2019-02-05 04:30:04,140 INFO  execution-log - [Sequence No - 33] Beginning TestDataCommand ( LogicalFieldName : Zip Code, LogicalFieldValue : 53704 )
----------------
2019-02-05 04:30:04,333 INFO  execution-log - [Sequence No - 33]	 Command completed.
----------------
2019-02-05 04:30:04,349 INFO  execution-log - [Sequence No - 34] Beginning ActionCommand ( LogicalFieldName : Same as Physical Address, LogicalFieldValue : Click )
----------------
2019-02-05 04:30:04,537 INFO  execution-log - [Sequence No - 34]	 Command completed.
----------------
2019-02-05 04:30:04,548 INFO  execution-log - [Sequence No - 35] Beginning TestDataCommand ( LogicalFieldName : SIC Code, LogicalFieldValue : 41510000-School buses )
----------------
2019-02-05 04:30:04,915 INFO  execution-log - [Sequence No - 35]	 Command completed.
----------------
2019-02-05 04:30:04,925 INFO  execution-log - [Sequence No - 36] Beginning TestDataCommand ( LogicalFieldName : BusinessInceptionYear, LogicalFieldValue : 2012 )
----------------
2019-02-05 04:30:05,084 INFO  execution-log - [Sequence No - 36]	 Command completed.
----------------
2019-02-05 04:30:05,098 INFO  execution-log - [Sequence No - 37] Beginning TestDataCommand ( LogicalFieldName : BusinessPhone, LogicalFieldValue : 6549879879 )
----------------
2019-02-05 04:30:06,381 INFO  execution-log - [Sequence No - 37]	 Command completed.
----------------
2019-02-05 04:30:06,390 INFO  execution-log - [Sequence No - 38] Beginning ActionCommand ( LogicalFieldName : Next, LogicalFieldValue : Click )
----------------
2019-02-05 04:30:06,534 INFO  execution-log - [Sequence No - 38]	 Command completed.
----------------
2019-02-05 04:30:06,541 INFO  execution-log - 	 Command completed.
----------------
2019-02-05 04:30:06,548 INFO  execution-log -  Beginning PageCommand ( CurrentPage : Policy Info, FlowIdentifier : 5, DiIndicator : DI )
----------------
2019-02-05 04:30:06,557 INFO  execution-log - 	 Command completed.
----------------
2019-02-05 04:30:06,575 INFO  execution-log -  Beginning LoadTestDataItemCommand ( CurrentPage : Policy Info, FlowIdentifier : 5, DiIndicator : DI )
----------------
2019-02-05 04:30:06,590 INFO  execution-log - [Sequence No - 39] Beginning ActionCommand ( LogicalFieldName : Which State do u operate In?, LogicalFieldValue : Click )
----------------
2019-02-05 04:30:07,759 INFO  execution-log - [Sequence No - 39]	 Command completed.
----------------
2019-02-05 04:30:07,769 INFO  execution-log - [Sequence No - 40] Beginning ActionCommand ( LogicalFieldName : Which State do u operate In?1, LogicalFieldValue : Click )
----------------
2019-02-05 04:30:08,401 INFO  execution-log - [Sequence No - 40]	 Command completed.
----------------
2019-02-05 04:30:08,412 INFO  execution-log - [Sequence No - 41] Beginning ActionCommand ( LogicalFieldName : Label Click, LogicalFieldValue : Click )
----------------
2019-02-05 04:30:08,547 INFO  execution-log - [Sequence No - 41]	 Command completed.
----------------
2019-02-05 04:30:08,557 INFO  execution-log - [Sequence No - 42] Beginning ActionCommand ( LogicalFieldName : Collapse, LogicalFieldValue : Click )
----------------
2019-02-05 04:30:08,766 INFO  execution-log - [Sequence No - 42]	 Command completed.
----------------
2019-02-05 04:30:08,776 INFO  execution-log - [Sequence No - 43] Beginning ActionCommand ( LogicalFieldName : Select Product, LogicalFieldValue : Click-Wait(2000) )
----------------
2019-02-05 04:30:12,947 INFO  execution-log - [Sequence No - 43]	 Command completed.
----------------
2019-02-05 04:30:12,957 INFO  execution-log - [Sequence No - 44] Beginning ActionCommand ( LogicalFieldName : Select Product 1, LogicalFieldValue : Click )
----------------
2019-02-05 04:30:15,680 INFO  execution-log - [Sequence No - 44]	 Command completed.
----------------
2019-02-05 04:30:15,693 INFO  execution-log - [Sequence No - 45] Beginning ActionCommand ( LogicalFieldName : Next Policy Info, LogicalFieldValue : Click(1000) )
----------------
2019-02-05 04:30:15,837 INFO  execution-log - [Sequence No - 45]	 Command completed.
----------------
2019-02-05 04:30:15,846 INFO  execution-log - 	 Command completed.
----------------
2019-02-05 04:30:15,879 INFO  execution-log - Saving captured values to file.
----------------
2019-02-05 04:30:15,885 INFO  execution-log - TC # : 1, has completed successfully.
----------------
