2019-02-07 01:40:10,158 INFO  execution-log - 	Initializing control map with map # MASTER
----------------
2019-02-07 01:40:10,184 INFO  execution-log - Initializing Test Automation
----------------
2019-02-07 01:40:10,195 INFO  execution-log - 	target browser: Chrome
----------------
2019-02-07 01:40:10,206 INFO  execution-log - TC # : 1, Downloading test case from DB
----------------
2019-02-07 01:40:10,221 INFO  execution-log - TC # : 1, Getting control map :MASTER from DB
----------------
2019-02-07 01:40:10,222 INFO  execution-log - TC # : 1, Getting test data from DB
----------------
2019-02-07 01:40:10,238 INFO  execution-log - TC # : 1, Control map retrieval completed
----------------
2019-02-07 01:40:10,267 INFO  execution-log - TC # : 1, Test data retrieval completed
----------------
2019-02-07 01:40:10,275 INFO  execution-log - TC # : 1, Parsing commands
----------------
2019-02-07 01:40:10,281 INFO  execution-log - Loading captured values from persistence.
----------------
2019-02-07 01:40:10,289 INFO  execution-log - TC # : 1, Started executing test case in the VMTESTAPP1 environment (http://vam-qa.cloudapp.net:6363/pages/login.html)
----------------
2019-02-07 01:40:10,377 INFO  execution-log -  Beginning StartIterationCommand ( Iterations : 1 )
----------------
2019-02-07 01:40:10,406 INFO  execution-log - TC # : 1, Starting iteration #1
----------------
2019-02-07 01:40:10,467 INFO  execution-log - 	 Command completed.
----------------
2019-02-07 01:40:10,583 INFO  execution-log -  Beginning InvokeApplicationCommand ( Target :  )
----------------
2019-02-07 01:40:11,633 INFO  execution-log - 	 Command completed.
----------------
2019-02-07 01:40:11,640 INFO  execution-log -  Beginning PageCommand ( CurrentPage : Login, FlowIdentifier : 1, DiIndicator : DI )
----------------
2019-02-07 01:40:11,645 INFO  execution-log - 	 Command completed.
----------------
2019-02-07 01:40:11,652 INFO  execution-log -  Beginning LoadTestDataItemCommand ( CurrentPage : Login, FlowIdentifier : 1, DiIndicator : DI )
----------------
2019-02-07 01:40:11,670 INFO  execution-log - [Sequence No - 1] Beginning ValidateExistStatusCommand ( LogicalFieldName : User Name, LogicalFieldValue : True )
----------------
2019-02-07 01:40:11,704 INFO  execution-log - [Sequence No - 1]	 Command completed.
----------------
2019-02-07 01:40:11,713 INFO  execution-log - [Sequence No - 2] Beginning ActionCommand ( LogicalFieldName : User Name, LogicalFieldValue : Click )
----------------
2019-02-07 01:40:11,851 INFO  execution-log - [Sequence No - 2]	 Command completed.
----------------
2019-02-07 01:40:11,863 INFO  execution-log - [Sequence No - 3] Beginning TestDataCommand ( LogicalFieldName : User Name, LogicalFieldValue : Jack )
----------------
2019-02-07 01:40:11,984 INFO  execution-log - [Sequence No - 3]	 Command completed.
----------------
2019-02-07 01:40:11,994 INFO  execution-log - [Sequence No - 4] Beginning ValidateExistStatusCommand ( LogicalFieldName : Password, LogicalFieldValue : True )
----------------
2019-02-07 01:40:12,018 INFO  execution-log - [Sequence No - 4]	 Command completed.
----------------
2019-02-07 01:40:12,028 INFO  execution-log - [Sequence No - 5] Beginning TestDataCommand ( LogicalFieldName : Password, LogicalFieldValue : Smit@123 )
----------------
2019-02-07 01:40:12,176 INFO  execution-log - [Sequence No - 5]	 Command completed.
----------------
2019-02-07 01:40:12,188 INFO  execution-log - [Sequence No - 6] Beginning ValidateEnableStatusCommand ( LogicalFieldName : Login_Button, LogicalFieldValue : True )
----------------
2019-02-07 01:40:12,224 INFO  execution-log - [Sequence No - 6]	 Command completed.
----------------
2019-02-07 01:40:12,233 INFO  execution-log - [Sequence No - 7] Beginning ActionCommand ( LogicalFieldName : Login_Button, LogicalFieldValue : Click )
----------------
2019-02-07 01:40:12,342 INFO  execution-log - [Sequence No - 7]	 Command completed.
----------------
2019-02-07 01:40:12,348 INFO  execution-log - 	 Command completed.
----------------
2019-02-07 01:40:12,354 INFO  execution-log -  Beginning PageCommand ( CurrentPage : Home, FlowIdentifier : 2, DiIndicator : DI )
----------------
2019-02-07 01:40:12,359 INFO  execution-log - 	 Command completed.
----------------
2019-02-07 01:40:12,364 INFO  execution-log -  Beginning LoadTestDataItemCommand ( CurrentPage : Home, FlowIdentifier : 2, DiIndicator : DI )
----------------
2019-02-07 01:40:12,375 INFO  execution-log - [Sequence No - 8] Beginning ValidateEnableStatusCommand ( LogicalFieldName : New Quote, LogicalFieldValue : True )
----------------
2019-02-07 01:40:13,750 INFO  execution-log - [Sequence No - 8]	 Command completed.
----------------
2019-02-07 01:40:13,762 INFO  execution-log - [Sequence No - 9] Beginning ActionCommand ( LogicalFieldName : New Quote, LogicalFieldValue : Click )
----------------
2019-02-07 01:40:14,710 INFO  execution-log - [Sequence No - 9]	 Command completed.
----------------
2019-02-07 01:40:14,719 INFO  execution-log - 	 Command completed.
----------------
2019-02-07 01:40:14,734 INFO  execution-log -  Beginning PageCommand ( CurrentPage : New Quote, FlowIdentifier : 3, DiIndicator : DI )
----------------
2019-02-07 01:40:14,742 INFO  execution-log - 	 Command completed.
----------------
2019-02-07 01:40:14,757 INFO  execution-log -  Beginning LoadTestDataItemCommand ( CurrentPage : New Quote, FlowIdentifier : 3, DiIndicator : DI )
----------------
2019-02-07 01:40:14,784 INFO  execution-log - [Sequence No - 10] Beginning ValidateExistStatusCommand ( LogicalFieldName : Account Name, LogicalFieldValue : True )
----------------
2019-02-07 01:40:14,917 INFO  execution-log - [Sequence No - 10]	 Command completed.
----------------
2019-02-07 01:40:14,927 INFO  execution-log - [Sequence No - 11] Beginning TestDataCommand ( LogicalFieldName : Account Name, LogicalFieldValue : RANDOMIZE(7,2) )
----------------
2019-02-07 01:40:16,201 INFO  execution-log - [Sequence No - 11]	 Command completed.
----------------
2019-02-07 01:40:16,211 INFO  execution-log - [Sequence No - 12] Beginning ValidateExistStatusCommand ( LogicalFieldName : First Name, LogicalFieldValue : True )
----------------
2019-02-07 01:40:16,293 INFO  execution-log - [Sequence No - 12]	 Command completed.
----------------
2019-02-07 01:40:16,305 INFO  execution-log - [Sequence No - 13] Beginning TestDataCommand ( LogicalFieldName : First Name, LogicalFieldValue : Jack )
----------------
2019-02-07 01:40:16,570 INFO  execution-log - [Sequence No - 13]	 Command completed.
----------------
2019-02-07 01:40:16,589 INFO  execution-log - [Sequence No - 14] Beginning ValidateEnableStatusCommand ( LogicalFieldName : Last Name, LogicalFieldValue : True )
----------------
2019-02-07 01:40:16,630 INFO  execution-log - [Sequence No - 14]	 Command completed.
----------------
2019-02-07 01:40:16,640 INFO  execution-log - [Sequence No - 15] Beginning TestDataCommand ( LogicalFieldName : Last Name, LogicalFieldValue : Smith )
----------------
2019-02-07 01:40:16,863 INFO  execution-log - [Sequence No - 15]	 Command completed.
----------------
2019-02-07 01:40:16,873 INFO  execution-log - [Sequence No - 16] Beginning ValidateExistStatusCommand ( LogicalFieldName : ContactNumber1, LogicalFieldValue : True )
----------------
2019-02-07 01:40:16,900 INFO  execution-log - [Sequence No - 16]	 Command completed.
----------------
2019-02-07 01:40:16,910 INFO  execution-log - [Sequence No - 17] Beginning TestDataCommand ( LogicalFieldName : ContactNumber1, LogicalFieldValue : 654 )
----------------
2019-02-07 01:40:17,122 INFO  execution-log - [Sequence No - 17]	 Command completed.
----------------
2019-02-07 01:40:17,132 INFO  execution-log - [Sequence No - 18] Beginning TestDataCommand ( LogicalFieldName : ContactNumber2, LogicalFieldValue : 321 )
----------------
2019-02-07 01:40:17,340 INFO  execution-log - [Sequence No - 18]	 Command completed.
----------------
2019-02-07 01:40:17,350 INFO  execution-log - [Sequence No - 19] Beginning TestDataCommand ( LogicalFieldName : ContactNumber3, LogicalFieldValue : 6541 )
----------------
2019-02-07 01:40:17,555 INFO  execution-log - [Sequence No - 19]	 Command completed.
----------------
2019-02-07 01:40:17,565 INFO  execution-log - [Sequence No - 20] Beginning ValidateExistStatusCommand ( LogicalFieldName : Primary Email, LogicalFieldValue : True )
----------------
2019-02-07 01:40:17,590 INFO  execution-log - [Sequence No - 20]	 Command completed.
----------------
2019-02-07 01:40:17,600 INFO  execution-log - [Sequence No - 21] Beginning TestDataCommand ( LogicalFieldName : Primary Email, LogicalFieldValue : jack.smith@gmail.com )
----------------
2019-02-07 01:40:18,113 INFO  execution-log - [Sequence No - 21]	 Command completed.
----------------
2019-02-07 01:40:18,124 INFO  execution-log - [Sequence No - 22] Beginning ValidateExistStatusCommand ( LogicalFieldName : Business Started Year, LogicalFieldValue : True )
----------------
2019-02-07 01:40:18,160 INFO  execution-log - [Sequence No - 22]	 Command completed.
----------------
2019-02-07 01:40:18,173 INFO  execution-log - [Sequence No - 23] Beginning TestDataCommand ( LogicalFieldName : Business Started Year, LogicalFieldValue : 2012 )
----------------
2019-02-07 01:40:18,389 INFO  execution-log - [Sequence No - 23]	 Command completed.
----------------
2019-02-07 01:40:18,399 INFO  execution-log - [Sequence No - 24] Beginning ValidateExistStatusCommand ( LogicalFieldName : Select Product, LogicalFieldValue : True )
----------------
2019-02-07 01:40:18,434 INFO  execution-log - [Sequence No - 24]	 Command completed.
----------------
2019-02-07 01:40:18,445 INFO  execution-log - [Sequence No - 25] Beginning ActionCommand ( LogicalFieldName : Select Product, LogicalFieldValue : Click )
----------------
2019-02-07 01:40:18,700 INFO  execution-log - [Sequence No - 25]	 Command completed.
----------------
2019-02-07 01:40:18,713 INFO  execution-log - [Sequence No - 26] Beginning ActionCommand ( LogicalFieldName : Select Product1, LogicalFieldValue : Click )
----------------
2019-02-07 01:40:19,162 INFO  execution-log - [Sequence No - 26]	 Command completed.
----------------
2019-02-07 01:40:19,173 INFO  execution-log - [Sequence No - 27] Beginning ValidateExistStatusCommand ( LogicalFieldName : Contact Name, LogicalFieldValue : True )
----------------
2019-02-07 01:40:19,254 INFO  execution-log - [Sequence No - 27]	 Command completed.
----------------
2019-02-07 01:40:19,264 INFO  execution-log - [Sequence No - 28] Beginning ActionCommand ( LogicalFieldName : Contact Name, LogicalFieldValue : Click )
----------------
2019-02-07 01:40:19,466 INFO  execution-log - [Sequence No - 28]	 Command completed.
----------------
2019-02-07 01:40:19,486 INFO  execution-log - [Sequence No - 29] Beginning ActionCommand ( LogicalFieldName : Contact Name Initial Select, LogicalFieldValue : Click )
----------------
2019-02-07 01:40:20,217 INFO  execution-log - [Sequence No - 29]	 Command completed.
----------------
2019-02-07 01:40:20,230 INFO  execution-log - [Sequence No - 30] Beginning ValidateExistStatusCommand ( LogicalFieldName : Industry, LogicalFieldValue : True )
----------------
2019-02-07 01:40:20,266 INFO  execution-log - [Sequence No - 30]	 Command completed.
----------------
2019-02-07 01:40:20,278 INFO  execution-log - [Sequence No - 31] Beginning ActionCommand ( LogicalFieldName : Industry, LogicalFieldValue : Click )
----------------
2019-02-07 01:40:20,512 INFO  execution-log - [Sequence No - 31]	 Command completed.
----------------
2019-02-07 01:40:20,522 INFO  execution-log - [Sequence No - 32] Beginning ActionCommand ( LogicalFieldName : Industry1, LogicalFieldValue : Click )
----------------
2019-02-07 01:40:20,763 INFO  execution-log - [Sequence No - 32]	 Command completed.
----------------
2019-02-07 01:40:20,786 INFO  execution-log - [Sequence No - 33] Beginning ValidateExistStatusCommand ( LogicalFieldName : Zip Code, LogicalFieldValue : True )
----------------
2019-02-07 01:40:20,858 INFO  execution-log - [Sequence No - 33]	 Command completed.
----------------
2019-02-07 01:40:20,874 INFO  execution-log - [Sequence No - 34] Beginning TestDataCommand ( LogicalFieldName : Zip Code, LogicalFieldValue : 53704 )
----------------
2019-02-07 01:40:21,302 INFO  execution-log - [Sequence No - 34]	 Command completed.
----------------
2019-02-07 01:40:21,313 INFO  execution-log - [Sequence No - 35] Beginning ActionCommand ( LogicalFieldName : zipcode click, LogicalFieldValue : Click )
----------------
2019-02-07 01:40:21,694 INFO  execution-log - [Sequence No - 35]	 Command completed.
----------------
2019-02-07 01:40:21,717 INFO  execution-log - [Sequence No - 36] Beginning ValidateExistStatusCommand ( LogicalFieldName : Street Address, LogicalFieldValue : True )
----------------
2019-02-07 01:40:21,759 INFO  execution-log - [Sequence No - 36]	 Command completed.
----------------
2019-02-07 01:40:21,770 INFO  execution-log - [Sequence No - 37] Beginning TestDataCommand ( LogicalFieldName : Street Address, LogicalFieldValue : 123 BLUEJAY LN )
----------------
2019-02-07 01:40:22,149 INFO  execution-log - [Sequence No - 37]	 Command completed.
----------------
2019-02-07 01:40:22,159 INFO  execution-log - [Sequence No - 38] Beginning ValidateExistStatusCommand ( LogicalFieldName : Same as Physical Address, LogicalFieldValue : True )
----------------
2019-02-07 01:40:22,185 INFO  execution-log - [Sequence No - 38]	 Command completed.
----------------
2019-02-07 01:40:22,195 INFO  execution-log - [Sequence No - 39] Beginning ActionCommand ( LogicalFieldName : Same as Physical Address, LogicalFieldValue : Click )
----------------
2019-02-07 01:40:22,491 INFO  execution-log - [Sequence No - 39]	 Command completed.
----------------
2019-02-07 01:40:22,501 INFO  execution-log - [Sequence No - 40] Beginning ValidateEnableStatusCommand ( LogicalFieldName : Proceed, LogicalFieldValue : True )
----------------
2019-02-07 01:40:22,575 INFO  execution-log - [Sequence No - 40]	 Command completed.
----------------
2019-02-07 01:40:22,585 INFO  execution-log - [Sequence No - 41] Beginning ActionCommand ( LogicalFieldName : Proceed, LogicalFieldValue : Click )
----------------
2019-02-07 01:40:22,849 INFO  execution-log - [Sequence No - 41]	 Command completed.
----------------
2019-02-07 01:40:22,858 INFO  execution-log - 	 Command completed.
----------------
2019-02-07 01:40:22,878 INFO  execution-log -  Beginning PageCommand ( CurrentPage : Insured Info, FlowIdentifier : 4, DiIndicator : DI )
----------------
2019-02-07 01:40:22,887 INFO  execution-log - 	 Command completed.
----------------
2019-02-07 01:40:22,893 INFO  execution-log -  Beginning LoadTestDataItemCommand ( CurrentPage : Insured Info, FlowIdentifier : 4, DiIndicator : DI )
----------------
2019-02-07 01:40:22,903 INFO  execution-log - [Sequence No - 42] Beginning ValidateEnableStatusCommand ( LogicalFieldName : InsuredName, LogicalFieldValue : True )
----------------
2019-02-07 01:40:26,091 INFO  execution-log - [Sequence No - 42]	 Command completed.
----------------
2019-02-07 01:40:26,104 INFO  execution-log - [Sequence No - 43] Beginning TestDataCommand ( LogicalFieldName : InsuredName, LogicalFieldValue : Smith )
----------------
2019-02-07 01:40:26,552 INFO  execution-log - [Sequence No - 43]	 Command completed.
----------------
2019-02-07 01:40:26,565 INFO  execution-log - [Sequence No - 44] Beginning ValidateEnableStatusCommand ( LogicalFieldName : Primary State Click, LogicalFieldValue : True )
----------------
2019-02-07 01:40:26,676 INFO  execution-log - [Sequence No - 44]	 Command completed.
----------------
2019-02-07 01:40:26,725 INFO  execution-log - [Sequence No - 45] Beginning ActionCommand ( LogicalFieldName : Primary State Click, LogicalFieldValue : Click )
----------------
2019-02-07 01:40:27,167 INFO  execution-log - [Sequence No - 45]	 Command completed.
----------------
2019-02-07 01:40:27,180 INFO  execution-log - [Sequence No - 46] Beginning ActionCommand ( LogicalFieldName : PrimayState Select, LogicalFieldValue : Click )
----------------
2019-02-07 01:40:27,497 INFO  execution-log - [Sequence No - 46]	 Command completed.
----------------
2019-02-07 01:40:27,510 INFO  execution-log - [Sequence No - 47] Beginning ValidateExistStatusCommand ( LogicalFieldName : Street Address, LogicalFieldValue : True )
----------------
2019-02-07 01:40:27,549 INFO  execution-log - [Sequence No - 47]	 Command completed.
----------------
2019-02-07 01:40:27,575 INFO  execution-log - [Sequence No - 48] Beginning TestDataCommand ( LogicalFieldName : Street Address, LogicalFieldValue : 123 new street )
----------------
2019-02-07 01:40:28,017 INFO  execution-log - [Sequence No - 48]	 Command completed.
----------------
2019-02-07 01:40:28,029 INFO  execution-log - [Sequence No - 49] Beginning ValidateExistStatusCommand ( LogicalFieldName : Zip Code, LogicalFieldValue : True )
----------------
2019-02-07 01:40:28,066 INFO  execution-log - [Sequence No - 49]	 Command completed.
----------------
2019-02-07 01:40:28,076 INFO  execution-log - [Sequence No - 50] Beginning TestDataCommand ( LogicalFieldName : Zip Code, LogicalFieldValue : 53704 )
----------------
2019-02-07 01:40:28,275 INFO  execution-log - [Sequence No - 50]	 Command completed.
----------------
2019-02-07 01:40:28,292 INFO  execution-log - [Sequence No - 51] Beginning ValidateExistStatusCommand ( LogicalFieldName : Same as Physical Address, LogicalFieldValue : True )
----------------
2019-02-07 01:40:28,350 INFO  execution-log - [Sequence No - 51]	 Command completed.
----------------
2019-02-07 01:40:28,362 INFO  execution-log - [Sequence No - 52] Beginning ActionCommand ( LogicalFieldName : Same as Physical Address, LogicalFieldValue : Click )
----------------
2019-02-07 01:40:28,571 INFO  execution-log - [Sequence No - 52]	 Command completed.
----------------
2019-02-07 01:40:28,586 INFO  execution-log - [Sequence No - 53] Beginning ValidateExistStatusCommand ( LogicalFieldName : SIC Code, LogicalFieldValue : True )
----------------
2019-02-07 01:40:28,648 INFO  execution-log - [Sequence No - 53]	 Command completed.
----------------
2019-02-07 01:40:28,668 INFO  execution-log - [Sequence No - 54] Beginning TestDataCommand ( LogicalFieldName : SIC Code, LogicalFieldValue : 41510000-School buses )
----------------
2019-02-07 01:40:29,057 INFO  execution-log - [Sequence No - 54]	 Command completed.
----------------
2019-02-07 01:40:29,070 INFO  execution-log - [Sequence No - 55] Beginning ValidateExistStatusCommand ( LogicalFieldName : BusinessInceptionYear, LogicalFieldValue : True )
----------------
2019-02-07 01:40:29,104 INFO  execution-log - [Sequence No - 55]	 Command completed.
----------------
2019-02-07 01:40:29,115 INFO  execution-log - [Sequence No - 56] Beginning TestDataCommand ( LogicalFieldName : BusinessInceptionYear, LogicalFieldValue : 2012 )
----------------
2019-02-07 01:40:29,336 INFO  execution-log - [Sequence No - 56]	 Command completed.
----------------
2019-02-07 01:40:29,348 INFO  execution-log - [Sequence No - 57] Beginning ValidateExistStatusCommand ( LogicalFieldName : BusinessPhone, LogicalFieldValue : True )
----------------
2019-02-07 01:40:29,399 INFO  execution-log - [Sequence No - 57]	 Command completed.
----------------
2019-02-07 01:40:29,413 INFO  execution-log - [Sequence No - 58] Beginning TestDataCommand ( LogicalFieldName : BusinessPhone, LogicalFieldValue : 6549879879 )
----------------
2019-02-07 01:40:30,870 INFO  execution-log - [Sequence No - 58]	 Command completed.
----------------
2019-02-07 01:40:30,880 INFO  execution-log - [Sequence No - 59] Beginning ValidateEnableStatusCommand ( LogicalFieldName : Next, LogicalFieldValue : True )
----------------
2019-02-07 01:40:30,930 INFO  execution-log - [Sequence No - 59]	 Command completed.
----------------
2019-02-07 01:40:30,941 INFO  execution-log - [Sequence No - 60] Beginning ActionCommand ( LogicalFieldName : Next, LogicalFieldValue : Click )
----------------
2019-02-07 01:40:31,111 INFO  execution-log - [Sequence No - 60]	 Command completed.
----------------
2019-02-07 01:40:31,118 INFO  execution-log - 	 Command completed.
----------------
2019-02-07 01:40:31,127 INFO  execution-log -  Beginning PageCommand ( CurrentPage : Policy Info, FlowIdentifier : 5, DiIndicator : DI )
----------------
2019-02-07 01:40:31,140 INFO  execution-log - 	 Command completed.
----------------
2019-02-07 01:40:31,153 INFO  execution-log -  Beginning LoadTestDataItemCommand ( CurrentPage : Policy Info, FlowIdentifier : 5, DiIndicator : DI )
----------------
2019-02-07 01:40:31,175 INFO  execution-log - [Sequence No - 61] Beginning ValidateEnableStatusCommand ( LogicalFieldName : Which State do u operate In?, LogicalFieldValue : True )
----------------
2019-02-07 01:40:31,984 INFO  execution-log - [Sequence No - 61]	 Command completed.
----------------
2019-02-07 01:40:32,026 INFO  execution-log - [Sequence No - 62] Beginning ActionCommand ( LogicalFieldName : Which State do u operate In?, LogicalFieldValue : Click )
----------------
2019-02-07 01:40:32,659 INFO  execution-log - [Sequence No - 62]	 Command completed.
----------------
2019-02-07 01:40:32,669 INFO  execution-log - [Sequence No - 63] Beginning ActionCommand ( LogicalFieldName : Which State do u operate In?1, LogicalFieldValue : Click )
----------------
2019-02-07 01:40:33,006 INFO  execution-log - [Sequence No - 63]	 Command completed.
----------------
2019-02-07 01:40:33,017 INFO  execution-log - [Sequence No - 64] Beginning ActionCommand ( LogicalFieldName : Label Click, LogicalFieldValue : Click )
----------------
2019-02-07 01:40:33,224 INFO  execution-log - [Sequence No - 64]	 Command completed.
----------------
2019-02-07 01:40:33,235 INFO  execution-log - [Sequence No - 65] Beginning ActionCommand ( LogicalFieldName : Collapse, LogicalFieldValue : Click )
----------------
2019-02-07 01:40:33,476 INFO  execution-log - [Sequence No - 65]	 Command completed.
----------------
2019-02-07 01:40:33,486 INFO  execution-log - [Sequence No - 66] Beginning ValidateEnableStatusCommand ( LogicalFieldName : Select Product, LogicalFieldValue : True )
----------------
2019-02-07 01:40:33,557 INFO  execution-log - [Sequence No - 66]	 Command completed.
----------------
2019-02-07 01:40:33,568 INFO  execution-log - [Sequence No - 67] Beginning ActionCommand ( LogicalFieldName : Select Product, LogicalFieldValue : Click-Wait(2000) )
----------------
2019-02-07 01:40:37,785 INFO  execution-log - [Sequence No - 67]	 Command completed.
----------------
2019-02-07 01:40:37,795 INFO  execution-log - [Sequence No - 68] Beginning ActionCommand ( LogicalFieldName : Select Product 1, LogicalFieldValue : Click )
----------------
2019-02-07 01:40:40,186 INFO  execution-log - [Sequence No - 68]	 Command completed.
----------------
2019-02-07 01:40:40,193 INFO  execution-log - 	 Command completed.
----------------
2019-02-07 01:40:40,251 INFO  execution-log - Saving captured values to file.
----------------
2019-02-07 01:40:40,263 INFO  execution-log - TC # : 1, has completed successfully.
----------------
