2018-11-12 10:55:30,750 INFO  execution-log - 	Initializing control map with map # Master
----------------
2018-11-12 10:55:30,767 INFO  execution-log - Initializing Test Automation
----------------
2018-11-12 10:55:30,769 INFO  execution-log - 	target browser: Chrome
----------------
2018-11-12 10:55:30,776 INFO  execution-log - TC # : 2, Downloading test case from DB
----------------
2018-11-12 10:55:30,809 INFO  execution-log - TC # : 2, Getting control map :Master from DB
----------------
2018-11-12 10:55:30,809 INFO  execution-log - TC # : 2, Getting test data from DB
----------------
2018-11-12 10:55:30,827 INFO  execution-log - TC # : 2, Control map retrieval completed
----------------
2018-11-12 10:55:30,832 INFO  execution-log - TC # : 2, Test data retrieval completed
----------------
2018-11-12 10:55:30,833 INFO  execution-log - TC # : 2, Parsing commands
----------------
2018-11-12 10:55:30,835 INFO  execution-log - Loading captured values from persistence.
----------------
2018-11-12 10:55:30,839 INFO  execution-log - TC # : 2, Started executing test case in the HISCOX environment (http://hiscpvt.cloud.hiscox.com/oneshield/index.jsp#gateway)
----------------
2018-11-12 10:55:30,903 INFO  execution-log -  Beginning StartIterationCommand ( Iterations : 1 )
----------------
2018-11-12 10:55:30,906 INFO  execution-log - TC # : 2, Starting iteration #1
----------------
2018-11-12 10:55:30,907 INFO  execution-log - 	 Command completed.
----------------
2018-11-12 10:55:30,909 INFO  execution-log -  Beginning InvokeApplicationCommand ( Target :  )
----------------
2018-11-12 10:55:31,337 INFO  execution-log - 	 Command completed.
----------------
2018-11-12 10:55:31,342 INFO  execution-log -  Beginning PageCommand ( CurrentPage : Login, FlowIdentifier : 1, DiIndicator : DI )
----------------
2018-11-12 10:55:31,350 INFO  execution-log - 	 Command completed.
----------------
2018-11-12 10:55:31,352 INFO  execution-log -  Beginning LoadTestDataItemCommand ( CurrentPage : Login, FlowIdentifier : 1, DiIndicator : DI )
----------------
2018-11-12 10:55:31,419 INFO  execution-log - [Sequence No - 1] Beginning TestDataCommand ( LogicalFieldName : Partner Number, LogicalFieldValue : 0 )
----------------
2018-11-12 10:55:33,415 INFO  execution-log - [Sequence No - 1]	 Command completed.
----------------
2018-11-12 10:55:33,422 INFO  execution-log - [Sequence No - 2] Beginning TestDataCommand ( LogicalFieldName : Username, LogicalFieldValue : karthicuw )
----------------
2018-11-12 10:55:33,621 INFO  execution-log - [Sequence No - 2]	 Command completed.
----------------
2018-11-12 10:55:33,627 INFO  execution-log - [Sequence No - 3] Beginning TestDataCommand ( LogicalFieldName : Password, LogicalFieldValue : Monday!23 )
----------------
2018-11-12 10:55:33,786 INFO  execution-log - [Sequence No - 3]	 Command completed.
----------------
2018-11-12 10:55:33,790 INFO  execution-log - [Sequence No - 4] Beginning TestDataCommand ( LogicalFieldName : Partner Number, LogicalFieldValue : 0 )
----------------
2018-11-12 10:55:33,884 INFO  execution-log - [Sequence No - 4]	 Command completed.
----------------
2018-11-12 10:55:33,892 INFO  execution-log - [Sequence No - 5] Beginning ActionCommand ( LogicalFieldName : Login Page, LogicalFieldValue : Click )
----------------
2018-11-12 10:55:34,037 INFO  execution-log - [Sequence No - 5]	 Command completed.
----------------
2018-11-12 10:55:34,049 INFO  execution-log - [Sequence No - 6] Beginning ActionCommand ( LogicalFieldName : Login Button, LogicalFieldValue : Click )
----------------
2018-11-12 10:55:34,198 INFO  execution-log - [Sequence No - 6]	 Command completed.
----------------
2018-11-12 10:55:34,203 INFO  execution-log - [Sequence No - 7] Beginning TestDataCommand ( LogicalFieldName : Partner Number, LogicalFieldValue : 0 )
----------------
2018-11-12 10:55:34,369 INFO  execution-log - [Sequence No - 7]	 Command completed.
----------------
2018-11-12 10:55:34,370 INFO  execution-log - 	 Command completed.
----------------
2018-11-12 10:55:34,371 INFO  execution-log -  Beginning PageCommand ( CurrentPage : Quotes, FlowIdentifier : 1, DiIndicator : DI )
----------------
2018-11-12 10:55:34,372 INFO  execution-log - 	 Command completed.
----------------
2018-11-12 10:55:34,373 INFO  execution-log -  Beginning LoadTestDataItemCommand ( CurrentPage : Quotes, FlowIdentifier : 1, DiIndicator : DI )
----------------
2018-11-12 10:55:34,384 INFO  execution-log - [Sequence No - 8] Beginning WaitForControlCommand ( LogicalFieldName : Quotes_Link, LogicalFieldValue : True )
----------------
2018-11-12 10:55:35,189 INFO  execution-log - [Sequence No - 8]	 Command completed.
----------------
2018-11-12 10:55:35,195 INFO  execution-log - [Sequence No - 9] Beginning ActionCommand ( LogicalFieldName : Quotes_Link, LogicalFieldValue : Click )
----------------
2018-11-12 10:55:35,485 INFO  execution-log - [Sequence No - 9]	 Command completed.
----------------
2018-11-12 10:55:35,492 INFO  execution-log - [Sequence No - 10] Beginning WaitForControlCommand ( LogicalFieldName : New quote, LogicalFieldValue : True )
----------------
2018-11-12 10:55:37,347 INFO  execution-log - [Sequence No - 10]	 Command completed.
----------------
2018-11-12 10:55:37,352 INFO  execution-log - [Sequence No - 11] Beginning ActionCommand ( LogicalFieldName : New quote, LogicalFieldValue : Click )
----------------
2018-11-12 10:55:37,523 INFO  execution-log - [Sequence No - 11]	 Command completed.
----------------
2018-11-12 10:55:37,528 INFO  execution-log - [Sequence No - 12] Beginning ActionCommand ( LogicalFieldName : Select Producing Agency, LogicalFieldValue : Click-Wait(500) )
----------------
2018-11-12 10:55:39,117 INFO  execution-log - [Sequence No - 12]	 Command completed.
----------------
2018-11-12 10:55:39,123 INFO  execution-log - [Sequence No - 13] Beginning ActionCommand ( LogicalFieldName : Select Agency, LogicalFieldValue : Click )
----------------
2018-11-12 10:55:39,272 INFO  execution-log - [Sequence No - 13]	 Command completed.
----------------
2018-11-12 10:55:39,278 INFO  execution-log - [Sequence No - 14] Beginning WaitForControlCommand ( LogicalFieldName : Producer, LogicalFieldValue : True )
----------------
2018-11-12 10:55:41,861 INFO  execution-log - [Sequence No - 14]	 Command completed.
----------------
2018-11-12 10:55:41,866 INFO  execution-log - [Sequence No - 15] Beginning ActionCommand ( LogicalFieldName : Producer, LogicalFieldValue : Click-Wait(500) )
----------------
2018-11-12 10:55:43,016 INFO  execution-log - [Sequence No - 15]	 Command completed.
----------------
2018-11-12 10:55:43,020 INFO  execution-log - [Sequence No - 16] Beginning TestDataCommand ( LogicalFieldName : Producer, LogicalFieldValue : Agency  Producer )
----------------
2018-11-12 10:55:43,704 INFO  execution-log - [Sequence No - 16]	 Command completed.
----------------
2018-11-12 10:55:43,708 INFO  execution-log - [Sequence No - 17] Beginning TestDataCommand ( LogicalFieldName : First Name, LogicalFieldValue : HISCOX )
----------------
2018-11-12 10:55:44,171 INFO  execution-log - [Sequence No - 17]	 Command completed.
----------------
2018-11-12 10:55:44,178 INFO  execution-log - [Sequence No - 18] Beginning TestDataCommand ( LogicalFieldName : Last Name, LogicalFieldValue : Demo )
----------------
2018-11-12 10:55:44,348 INFO  execution-log - [Sequence No - 18]	 Command completed.
----------------
2018-11-12 10:55:44,355 INFO  execution-log - [Sequence No - 19] Beginning TestDataCommand ( LogicalFieldName : City, LogicalFieldValue : Atlanta )
----------------
2018-11-12 10:55:44,606 INFO  execution-log - [Sequence No - 19]	 Command completed.
----------------
2018-11-12 10:55:44,611 INFO  execution-log - [Sequence No - 20] Beginning TestDataCommand ( LogicalFieldName : State, LogicalFieldValue : Georgia )
----------------
2018-11-12 10:55:44,949 INFO  execution-log - [Sequence No - 20]	 Command completed.
----------------
2018-11-12 10:55:44,955 INFO  execution-log - [Sequence No - 21] Beginning TestDataCommand ( LogicalFieldName : Zip, LogicalFieldValue : 30338 )
----------------
2018-11-12 10:55:45,127 INFO  execution-log - [Sequence No - 21]	 Command completed.
----------------
2018-11-12 10:55:45,131 INFO  execution-log - [Sequence No - 22] Beginning TestDataCommand ( LogicalFieldName : Address Line 1, LogicalFieldValue : 1 Main st )
----------------
2018-11-12 10:55:45,370 INFO  execution-log - [Sequence No - 22]	 Command completed.
----------------
2018-11-12 10:55:45,375 INFO  execution-log - [Sequence No - 23] Beginning TestDataCommand ( LogicalFieldName : Address Line 2, LogicalFieldValue : 1 )
----------------
2018-11-12 10:55:45,493 INFO  execution-log - [Sequence No - 23]	 Command completed.
----------------
2018-11-12 10:55:45,498 INFO  execution-log - [Sequence No - 24] Beginning ActionCommand ( LogicalFieldName : Product line (errors and omissions), LogicalFieldValue : Click )
----------------
2018-11-12 10:55:45,693 INFO  execution-log - [Sequence No - 24]	 Command completed.
----------------
2018-11-12 10:55:45,700 INFO  execution-log - [Sequence No - 25] Beginning ActionCommand ( LogicalFieldName : Customer search, LogicalFieldValue : Click )
----------------
2018-11-12 10:55:45,993 INFO  execution-log - [Sequence No - 25]	 Command completed.
----------------
2018-11-12 10:55:45,995 INFO  execution-log - 	 Command completed.
----------------
2018-11-12 10:55:45,996 INFO  execution-log -  Beginning PageCommand ( CurrentPage : QuoteDetails, FlowIdentifier : 1, DiIndicator : DI )
----------------
2018-11-12 10:55:45,997 INFO  execution-log - 	 Command completed.
----------------
2018-11-12 10:55:45,998 INFO  execution-log -  Beginning LoadTestDataItemCommand ( CurrentPage : QuoteDetails, FlowIdentifier : 1, DiIndicator : DI )
----------------
2018-11-12 10:55:46,015 INFO  execution-log - [Sequence No - 26] Beginning WaitForControlCommand ( LogicalFieldName : Retro-active Date, LogicalFieldValue : True )
----------------
2018-11-12 10:55:55,542 INFO  execution-log - [Sequence No - 26]	 Command completed.
----------------
2018-11-12 10:55:55,546 INFO  execution-log - [Sequence No - 27] Beginning TestDataCommand ( LogicalFieldName : Rating Company, LogicalFieldValue : FDLI Protection Insurance Company )
----------------
2018-11-12 10:55:56,334 INFO  execution-log - [Sequence No - 27]	 Command completed.
----------------
2018-11-12 10:55:56,340 INFO  execution-log - [Sequence No - 28] Beginning TestDataCommand ( LogicalFieldName : Retro-active Date, LogicalFieldValue : 09/11/2018 )
----------------
2018-11-12 10:55:56,532 INFO  execution-log - [Sequence No - 28]	 Command completed.
----------------
2018-11-12 10:55:56,537 INFO  execution-log - [Sequence No - 29] Beginning TestDataCommand ( LogicalFieldName : Professional Liability Gross Sales, LogicalFieldValue : 100000 )
----------------
2018-11-12 10:55:56,702 INFO  execution-log - [Sequence No - 29]	 Command completed.
----------------
2018-11-12 10:55:56,708 INFO  execution-log - [Sequence No - 30] Beginning ActionCommand ( LogicalFieldName : QuoteDetails Page, LogicalFieldValue : Click )
----------------
2018-11-12 10:55:56,915 INFO  execution-log - [Sequence No - 30]	 Command completed.
----------------
2018-11-12 10:55:56,920 INFO  execution-log - [Sequence No - 31] Beginning ActionCommand ( LogicalFieldName : Save Changes, LogicalFieldValue : Click )
----------------
2018-11-12 10:55:57,100 INFO  execution-log - [Sequence No - 31]	 Command completed.
----------------
2018-11-12 10:55:57,107 INFO  execution-log - [Sequence No - 32] Beginning WaitForControlCommand ( LogicalFieldName : Rate Quote, LogicalFieldValue : True )
----------------
2018-11-12 10:55:58,051 INFO  execution-log - [Sequence No - 32]	 Command completed.
----------------
2018-11-12 10:55:58,055 INFO  execution-log - [Sequence No - 33] Beginning ActionCommand ( LogicalFieldName : Rate Quote, LogicalFieldValue : Click-Wait(1000) )
----------------
2018-11-12 10:56:00,216 INFO  execution-log - [Sequence No - 33]	 Command completed.
----------------
2018-11-12 10:56:00,220 INFO  execution-log - [Sequence No - 34] Beginning WaitForControlCommand ( LogicalFieldName : Request Issue, LogicalFieldValue : True )
----------------
2018-11-12 10:56:08,757 INFO  execution-log - [Sequence No - 34]	 Command completed.
----------------
2018-11-12 10:56:08,761 INFO  execution-log - [Sequence No - 35] Beginning ActionCommand ( LogicalFieldName : Request Issue, LogicalFieldValue : Click-Wait(1000) )
----------------
2018-11-12 10:56:11,062 INFO  execution-log - [Sequence No - 35]	 Command completed.
----------------
2018-11-12 10:56:11,067 INFO  execution-log - [Sequence No - 36] Beginning WaitForControlCommand ( LogicalFieldName : Next, LogicalFieldValue : True )
----------------
2018-11-12 10:56:12,960 INFO  execution-log - [Sequence No - 36]	 Command completed.
----------------
2018-11-12 10:56:12,965 INFO  execution-log - [Sequence No - 37] Beginning ActionCommand ( LogicalFieldName : Next, LogicalFieldValue : Click )
----------------
2018-11-12 10:56:13,115 INFO  execution-log - [Sequence No - 37]	 Command completed.
----------------
2018-11-12 10:56:13,116 INFO  execution-log - 	 Command completed.
----------------
2018-11-12 10:56:13,117 INFO  execution-log -  Beginning PageCommand ( CurrentPage : Payment Profile, FlowIdentifier : 1, DiIndicator : DI )
----------------
2018-11-12 10:56:13,118 INFO  execution-log - 	 Command completed.
----------------
2018-11-12 10:56:13,118 INFO  execution-log -  Beginning LoadTestDataItemCommand ( CurrentPage : Payment Profile, FlowIdentifier : 1, DiIndicator : DI )
----------------
2018-11-12 10:56:13,134 INFO  execution-log - [Sequence No - 38] Beginning WaitForControlCommand ( LogicalFieldName : Check Payment, LogicalFieldValue : True )
----------------
2018-11-12 10:56:15,144 INFO  execution-log - [Sequence No - 38]	 Command completed.
----------------
2018-11-12 10:56:15,153 INFO  execution-log - [Sequence No - 39] Beginning ActionCommand ( LogicalFieldName : Check Payment, LogicalFieldValue : Click )
----------------
2018-11-12 10:56:15,336 INFO  execution-log - [Sequence No - 39]	 Command completed.
----------------
2018-11-12 10:56:15,340 INFO  execution-log - [Sequence No - 40] Beginning ActionCommand ( LogicalFieldName : Next, LogicalFieldValue : Click-Wait(1000) )
----------------
2018-11-12 10:56:17,672 INFO  execution-log - [Sequence No - 40]	 Command completed.
----------------
2018-11-12 10:56:17,673 INFO  execution-log - 	 Command completed.
----------------
2018-11-12 10:56:17,674 INFO  execution-log -  Beginning PageCommand ( CurrentPage : Billing Choices, FlowIdentifier : 1, DiIndicator : DI )
----------------
2018-11-12 10:56:17,675 INFO  execution-log - 	 Command completed.
----------------
2018-11-12 10:56:17,676 INFO  execution-log -  Beginning LoadTestDataItemCommand ( CurrentPage : Billing Choices, FlowIdentifier : 1, DiIndicator : DI )
----------------
2018-11-12 10:56:17,689 INFO  execution-log - [Sequence No - 41] Beginning WaitForControlCommand ( LogicalFieldName : Email Address, LogicalFieldValue : True )
----------------
2018-11-12 10:56:17,758 INFO  execution-log - [Sequence No - 41]	 Command completed.
----------------
2018-11-12 10:56:17,763 INFO  execution-log - [Sequence No - 42] Beginning ActionCommand ( LogicalFieldName : Email Address, LogicalFieldValue : Click-Wait(2000) )
----------------
2018-11-12 10:56:21,917 INFO  execution-log - [Sequence No - 42]	 Command completed.
----------------
2018-11-12 10:56:21,921 INFO  execution-log - [Sequence No - 43] Beginning TestDataCommand ( LogicalFieldName : Email Address, LogicalFieldValue : EMAILID )
----------------
2018-11-12 10:56:22,294 INFO  execution-log - [Sequence No - 43]	 Command completed.
----------------
2018-11-12 10:56:22,299 INFO  execution-log - [Sequence No - 44] Beginning ActionCommand ( LogicalFieldName : Billing Choices Page, LogicalFieldValue : Click )
----------------
2018-11-12 10:56:22,522 INFO  execution-log - [Sequence No - 44]	 Command completed.
----------------
2018-11-12 10:56:22,526 INFO  execution-log - [Sequence No - 45] Beginning ActionCommand ( LogicalFieldName : Next, LogicalFieldValue : Click-Wait(2000) )
----------------
2018-11-12 10:56:26,785 INFO  execution-log - [Sequence No - 45]	 Command completed.
----------------
2018-11-12 10:56:26,786 INFO  execution-log - 	 Command completed.
----------------
2018-11-12 10:56:26,787 INFO  execution-log -  Beginning PageCommand ( CurrentPage : Quote Bind, FlowIdentifier : 1, DiIndicator : DI )
----------------
2018-11-12 10:56:26,787 INFO  execution-log - 	 Command completed.
----------------
2018-11-12 10:56:26,789 INFO  execution-log -  Beginning LoadTestDataItemCommand ( CurrentPage : Quote Bind, FlowIdentifier : 1, DiIndicator : DI )
----------------
2018-11-12 10:56:26,803 INFO  execution-log - [Sequence No - 46] Beginning WaitForControlCommand ( LogicalFieldName : Bind, LogicalFieldValue : True )
----------------
2018-11-12 10:56:26,900 INFO  execution-log - [Sequence No - 46]	 Command completed.
----------------
2018-11-12 10:56:26,908 INFO  execution-log - [Sequence No - 47] Beginning ActionCommand ( LogicalFieldName : Bind, LogicalFieldValue : Click-Wait(2000) )
----------------
2018-11-12 10:56:31,063 INFO  execution-log - [Sequence No - 47]	 Command completed.
----------------
2018-11-12 10:56:31,064 INFO  execution-log - 	 Command completed.
----------------
2018-11-12 10:56:31,065 INFO  execution-log -  Beginning PageCommand ( CurrentPage : Summary, FlowIdentifier : 1, DiIndicator : DI )
----------------
2018-11-12 10:56:31,066 INFO  execution-log - 	 Command completed.
----------------
2018-11-12 10:56:31,067 INFO  execution-log -  Beginning LoadTestDataItemCommand ( CurrentPage : Summary, FlowIdentifier : 1, DiIndicator : DI )
----------------
2018-11-12 10:56:31,083 INFO  execution-log - [Sequence No - 48] Beginning WaitForControlCommand ( LogicalFieldName : Exit Policy, LogicalFieldValue : True )
----------------
2018-11-12 10:56:36,838 INFO  execution-log - [Sequence No - 48]	 Command completed.
----------------
2018-11-12 10:56:36,843 INFO  execution-log -  Beginning CaptureValueToHtmlCommand ( 1 : e, LogicalFieldName : Policy#, LogicalFieldValue : True )
----------------
2018-11-12 10:56:36,847 INFO  execution-log - 	 Command completed.
----------------
2018-11-12 10:56:36,848 INFO  execution-log - 	 Command completed.
----------------
2018-11-12 10:56:36,973 INFO  execution-log - Saving captured values to file.
----------------
2018-11-12 10:56:36,974 INFO  execution-log - TC # : 2, has completed successfully.
----------------
