2019-02-07 08:35:36,760 INFO  execution-log - 	Initializing control map with map # MASTER
----------------
2019-02-07 08:35:36,777 INFO  execution-log - Initializing Test Automation
----------------
2019-02-07 08:35:36,783 INFO  execution-log - 	target browser: Chrome
----------------
2019-02-07 08:35:39,572 INFO  execution-log - TC # : 1, Downloading test case from DB
----------------
2019-02-07 08:35:39,596 INFO  execution-log - TC # : 1, Getting test data from DB
----------------
2019-02-07 08:35:39,596 INFO  execution-log - TC # : 1, Getting control map :MASTER from DB
----------------
2019-02-07 08:35:39,656 INFO  execution-log - TC # : 1, Test data retrieval completed
----------------
2019-02-07 08:35:39,674 INFO  execution-log - TC # : 1, Control map retrieval completed
----------------
2019-02-07 08:35:39,682 INFO  execution-log - TC # : 1, Parsing commands
----------------
2019-02-07 08:35:39,691 INFO  execution-log - Loading captured values from persistence.
----------------
2019-02-07 08:35:39,699 INFO  execution-log - TC # : 1, Started executing test case in the VMTESTAPP1 environment (http://vam-qa.cloudapp.net:6363/pages/login.html)
----------------
2019-02-07 08:35:40,705 INFO  execution-log -  Beginning StartIterationCommand ( Iterations : 1 )
----------------
2019-02-07 08:35:40,719 INFO  execution-log - TC # : 1, Starting iteration #1
----------------
2019-02-07 08:35:40,726 INFO  execution-log - 	 Command completed.
----------------
2019-02-07 08:35:40,746 INFO  execution-log -  Beginning InvokeApplicationCommand ( Target :  )
----------------
2019-02-07 08:35:41,977 INFO  execution-log - 	 Command completed.
----------------
2019-02-07 08:35:41,985 INFO  execution-log -  Beginning PageCommand ( CurrentPage : Login, FlowIdentifier : 1, DiIndicator : DI )
----------------
2019-02-07 08:35:42,000 INFO  execution-log - 	 Command completed.
----------------
2019-02-07 08:35:42,006 INFO  execution-log -  Beginning LoadTestDataItemCommand ( CurrentPage : Login, FlowIdentifier : 1, DiIndicator : DI )
----------------
2019-02-07 08:35:42,025 INFO  execution-log - [Sequence No - 1] Beginning ValidateExistStatusCommand ( LogicalFieldName : User Name, LogicalFieldValue : True )
----------------
2019-02-07 08:35:42,062 INFO  execution-log - [Sequence No - 1]	 Command completed.
----------------
2019-02-07 08:35:42,072 INFO  execution-log - [Sequence No - 2] Beginning ActionCommand ( LogicalFieldName : User Name, LogicalFieldValue : Click )
----------------
2019-02-07 08:35:42,282 INFO  execution-log - [Sequence No - 2]	 Command completed.
----------------
2019-02-07 08:35:42,294 INFO  execution-log - [Sequence No - 3] Beginning TestDataCommand ( LogicalFieldName : User Name, LogicalFieldValue : Jack )
----------------
2019-02-07 08:35:42,430 INFO  execution-log - [Sequence No - 3]	 Command completed.
----------------
2019-02-07 08:35:42,443 INFO  execution-log - [Sequence No - 4] Beginning ValidateExistStatusCommand ( LogicalFieldName : Password, LogicalFieldValue : True )
----------------
2019-02-07 08:35:42,485 INFO  execution-log - [Sequence No - 4]	 Command completed.
----------------
2019-02-07 08:35:42,495 INFO  execution-log - [Sequence No - 5] Beginning TestDataCommand ( LogicalFieldName : Password, LogicalFieldValue : Smit@123 )
----------------
2019-02-07 08:35:42,758 INFO  execution-log - [Sequence No - 5]	 Command completed.
----------------
2019-02-07 08:35:42,771 INFO  execution-log - [Sequence No - 6] Beginning ValidateEnableStatusCommand ( LogicalFieldName : Login_Button, LogicalFieldValue : True )
----------------
2019-02-07 08:35:42,830 INFO  execution-log - [Sequence No - 6]	 Command completed.
----------------
2019-02-07 08:35:42,843 INFO  execution-log - [Sequence No - 7] Beginning ActionCommand ( LogicalFieldName : Login_Button, LogicalFieldValue : Click )
----------------
2019-02-07 08:35:43,005 INFO  execution-log - [Sequence No - 7]	 Command completed.
----------------
2019-02-07 08:35:43,011 INFO  execution-log - 	 Command completed.
----------------
2019-02-07 08:35:43,016 INFO  execution-log -  Beginning PageCommand ( CurrentPage : Home, FlowIdentifier : 2, DiIndicator : DI )
----------------
2019-02-07 08:35:43,021 INFO  execution-log - 	 Command completed.
----------------
2019-02-07 08:35:43,026 INFO  execution-log -  Beginning LoadTestDataItemCommand ( CurrentPage : Home, FlowIdentifier : 2, DiIndicator : DI )
----------------
2019-02-07 08:35:43,041 INFO  execution-log - [Sequence No - 8] Beginning ValidateEnableStatusCommand ( LogicalFieldName : New Quote, LogicalFieldValue : True )
----------------
2019-02-07 08:36:29,855 INFO  execution-log - [Sequence No - 8]	 Command completed.
----------------
2019-02-07 08:36:29,872 INFO  execution-log - [Sequence No - 9] Beginning ActionCommand ( LogicalFieldName : New Quote, LogicalFieldValue : Click )
----------------
2019-02-07 08:36:49,331 INFO  execution-log - [Sequence No - 9]	 Command completed.
----------------
2019-02-07 08:36:49,413 INFO  execution-log - 	 Command completed.
----------------
2019-02-07 08:36:49,534 INFO  execution-log -  Beginning PageCommand ( CurrentPage : New Quote, FlowIdentifier : 3, DiIndicator : DI )
----------------
2019-02-07 08:36:49,551 INFO  execution-log - 	 Command completed.
----------------
2019-02-07 08:36:49,563 INFO  execution-log -  Beginning LoadTestDataItemCommand ( CurrentPage : New Quote, FlowIdentifier : 3, DiIndicator : DI )
----------------
2019-02-07 08:36:49,621 INFO  execution-log - [Sequence No - 10] Beginning ValidateExistStatusCommand ( LogicalFieldName : Account Name, LogicalFieldValue : True )
----------------
2019-02-07 08:36:49,692 INFO  execution-log - [Sequence No - 10]	 Command completed.
----------------
2019-02-07 08:36:49,706 INFO  execution-log - [Sequence No - 11] Beginning TestDataCommand ( LogicalFieldName : Account Name, LogicalFieldValue : RANDOMIZE(7,2) )
----------------
2019-02-07 08:36:51,406 INFO  execution-log - [Sequence No - 11]	 Command completed.
----------------
2019-02-07 08:36:51,428 INFO  execution-log - [Sequence No - 12] Beginning ValidateExistStatusCommand ( LogicalFieldName : First Name, LogicalFieldValue : True )
----------------
2019-02-07 08:36:51,473 INFO  execution-log - [Sequence No - 12]	 Command completed.
----------------
2019-02-07 08:36:51,485 INFO  execution-log - [Sequence No - 13] Beginning TestDataCommand ( LogicalFieldName : First Name, LogicalFieldValue : Jack )
----------------
2019-02-07 08:36:51,932 INFO  execution-log - [Sequence No - 13]	 Command completed.
----------------
2019-02-07 08:36:51,945 INFO  execution-log - [Sequence No - 14] Beginning ValidateEnableStatusCommand ( LogicalFieldName : Last Name, LogicalFieldValue : True )
----------------
2019-02-07 08:36:52,011 INFO  execution-log - [Sequence No - 14]	 Command completed.
----------------
2019-02-07 08:36:52,029 INFO  execution-log - [Sequence No - 15] Beginning TestDataCommand ( LogicalFieldName : Last Name, LogicalFieldValue : Smith )
----------------
2019-02-07 08:36:52,453 INFO  execution-log - [Sequence No - 15]	 Command completed.
----------------
2019-02-07 08:36:52,466 INFO  execution-log - [Sequence No - 16] Beginning ValidateExistStatusCommand ( LogicalFieldName : ContactNumber1, LogicalFieldValue : True )
----------------
2019-02-07 08:36:52,520 INFO  execution-log - [Sequence No - 16]	 Command completed.
----------------
2019-02-07 08:36:52,538 INFO  execution-log - [Sequence No - 17] Beginning TestDataCommand ( LogicalFieldName : ContactNumber1, LogicalFieldValue : 654 )
----------------
2019-02-07 08:36:52,896 INFO  execution-log - [Sequence No - 17]	 Command completed.
----------------
2019-02-07 08:36:52,909 INFO  execution-log - [Sequence No - 18] Beginning TestDataCommand ( LogicalFieldName : ContactNumber2, LogicalFieldValue : 321 )
----------------
2019-02-07 08:36:54,783 INFO  execution-log - [Sequence No - 18]	 Command completed.
----------------
2019-02-07 08:36:54,885 INFO  execution-log - [Sequence No - 19] Beginning TestDataCommand ( LogicalFieldName : ContactNumber3, LogicalFieldValue : 6541 )
----------------
2019-02-07 08:36:56,729 INFO  execution-log - [Sequence No - 19]	 Command completed.
----------------
2019-02-07 08:36:56,743 INFO  execution-log - [Sequence No - 20] Beginning ValidateExistStatusCommand ( LogicalFieldName : Primary Email, LogicalFieldValue : True )
----------------
2019-02-07 08:36:56,836 INFO  execution-log - [Sequence No - 20]	 Command completed.
----------------
2019-02-07 08:36:56,856 INFO  execution-log - [Sequence No - 21] Beginning TestDataCommand ( LogicalFieldName : Primary Email, LogicalFieldValue : jack.smith@gmail.com )
----------------
2019-02-07 08:36:58,494 INFO  execution-log - [Sequence No - 21]	 Command completed.
----------------
2019-02-07 08:36:58,508 INFO  execution-log - [Sequence No - 22] Beginning ValidateExistStatusCommand ( LogicalFieldName : Business Started Year, LogicalFieldValue : True )
----------------
2019-02-07 08:36:58,570 INFO  execution-log - [Sequence No - 22]	 Command completed.
----------------
2019-02-07 08:36:58,606 INFO  execution-log - [Sequence No - 23] Beginning TestDataCommand ( LogicalFieldName : Business Started Year, LogicalFieldValue : 2012 )
----------------
2019-02-07 08:36:58,956 INFO  execution-log - [Sequence No - 23]	 Command completed.
----------------
2019-02-07 08:36:58,971 INFO  execution-log - [Sequence No - 24] Beginning ValidateExistStatusCommand ( LogicalFieldName : Select Product, LogicalFieldValue : True )
----------------
2019-02-07 08:36:59,019 INFO  execution-log - [Sequence No - 24]	 Command completed.
----------------
2019-02-07 08:36:59,032 INFO  execution-log - [Sequence No - 25] Beginning ActionCommand ( LogicalFieldName : Select Product, LogicalFieldValue : Click )
----------------
2019-02-07 08:36:59,436 INFO  execution-log - [Sequence No - 25]	 Command completed.
----------------
2019-02-07 08:36:59,459 INFO  execution-log - [Sequence No - 26] Beginning ActionCommand ( LogicalFieldName : Select Product1, LogicalFieldValue : Click )
----------------
2019-02-07 08:36:59,862 INFO  execution-log - [Sequence No - 26]	 Command completed.
----------------
2019-02-07 08:36:59,883 INFO  execution-log - [Sequence No - 27] Beginning ValidateExistStatusCommand ( LogicalFieldName : Contact Name, LogicalFieldValue : True )
----------------
2019-02-07 08:36:59,932 INFO  execution-log - [Sequence No - 27]	 Command completed.
----------------
2019-02-07 08:36:59,952 INFO  execution-log - [Sequence No - 28] Beginning ActionCommand ( LogicalFieldName : Contact Name, LogicalFieldValue : Click )
----------------
2019-02-07 08:37:00,445 INFO  execution-log - [Sequence No - 28]	 Command completed.
----------------
2019-02-07 08:37:00,463 INFO  execution-log - [Sequence No - 29] Beginning ActionCommand ( LogicalFieldName : Contact Name Initial Select, LogicalFieldValue : Click )
----------------
2019-02-07 08:37:00,864 INFO  execution-log - [Sequence No - 29]	 Command completed.
----------------
2019-02-07 08:37:00,885 INFO  execution-log - [Sequence No - 30] Beginning ValidateExistStatusCommand ( LogicalFieldName : Industry, LogicalFieldValue : True )
----------------
2019-02-07 08:37:00,936 INFO  execution-log - [Sequence No - 30]	 Command completed.
----------------
2019-02-07 08:37:00,961 INFO  execution-log - [Sequence No - 31] Beginning ActionCommand ( LogicalFieldName : Industry, LogicalFieldValue : Click )
----------------
2019-02-07 08:37:01,390 INFO  execution-log - [Sequence No - 31]	 Command completed.
----------------
2019-02-07 08:37:06,434 INFO  execution-log - [Sequence No - 32] Beginning ActionCommand ( LogicalFieldName : Industry1, LogicalFieldValue : Click )
----------------
2019-02-07 08:37:06,749 INFO  execution-log - [Sequence No - 32]	 Command completed.
----------------
2019-02-07 08:37:06,770 INFO  execution-log - [Sequence No - 33] Beginning ValidateExistStatusCommand ( LogicalFieldName : Zip Code, LogicalFieldValue : True )
----------------
2019-02-07 08:37:06,898 INFO  execution-log - [Sequence No - 33]	 Command completed.
----------------
2019-02-07 08:37:06,918 INFO  execution-log - [Sequence No - 34] Beginning TestDataCommand ( LogicalFieldName : Zip Code, LogicalFieldValue : 53704 )
----------------
2019-02-07 08:37:07,584 INFO  execution-log - [Sequence No - 34]	 Command completed.
----------------
2019-02-07 08:37:07,607 INFO  execution-log - [Sequence No - 35] Beginning ActionCommand ( LogicalFieldName : zipcode click, LogicalFieldValue : Click )
----------------
2019-02-07 08:37:08,193 INFO  execution-log - [Sequence No - 35]	 Command completed.
----------------
2019-02-07 08:37:08,210 INFO  execution-log - [Sequence No - 36] Beginning ValidateExistStatusCommand ( LogicalFieldName : Street Address, LogicalFieldValue : True )
----------------
2019-02-07 08:37:08,290 INFO  execution-log - [Sequence No - 36]	 Command completed.
----------------
2019-02-07 08:37:08,308 INFO  execution-log - [Sequence No - 37] Beginning TestDataCommand ( LogicalFieldName : Street Address, LogicalFieldValue : 123 BLUEJAY LN )
----------------
2019-02-07 08:37:09,654 INFO  execution-log - [Sequence No - 37]	 Command completed.
----------------
2019-02-07 08:37:09,670 INFO  execution-log - [Sequence No - 38] Beginning ValidateExistStatusCommand ( LogicalFieldName : Same as Physical Address, LogicalFieldValue : True )
----------------
2019-02-07 08:37:09,722 INFO  execution-log - [Sequence No - 38]	 Command completed.
----------------
2019-02-07 08:37:09,744 INFO  execution-log - [Sequence No - 39] Beginning ActionCommand ( LogicalFieldName : Same as Physical Address, LogicalFieldValue : Click )
----------------
2019-02-07 08:37:10,124 INFO  execution-log - [Sequence No - 39]	 Command completed.
----------------
2019-02-07 08:37:10,150 INFO  execution-log - [Sequence No - 40] Beginning ValidateEnableStatusCommand ( LogicalFieldName : Proceed, LogicalFieldValue : True )
----------------
2019-02-07 08:37:10,370 INFO  execution-log - [Sequence No - 40]	 Command completed.
----------------
2019-02-07 08:37:10,385 INFO  execution-log - [Sequence No - 41] Beginning ActionCommand ( LogicalFieldName : Proceed, LogicalFieldValue : Click )
----------------
2019-02-07 08:37:10,696 INFO  execution-log - [Sequence No - 41]	 Command completed.
----------------
2019-02-07 08:37:10,714 INFO  execution-log - 	 Command completed.
----------------
2019-02-07 08:37:10,724 INFO  execution-log -  Beginning PageCommand ( CurrentPage : Insured Info, FlowIdentifier : 4, DiIndicator : DI )
----------------
2019-02-07 08:37:10,753 INFO  execution-log - 	 Command completed.
----------------
2019-02-07 08:37:10,774 INFO  execution-log -  Beginning LoadTestDataItemCommand ( CurrentPage : Insured Info, FlowIdentifier : 4, DiIndicator : DI )
----------------
2019-02-07 08:37:10,818 INFO  execution-log - [Sequence No - 42] Beginning ValidateEnableStatusCommand ( LogicalFieldName : InsuredName, LogicalFieldValue : True )
----------------
2019-02-07 08:37:13,401 INFO  execution-log - [Sequence No - 42]	 Command completed.
----------------
2019-02-07 08:37:13,413 INFO  execution-log - [Sequence No - 43] Beginning TestDataCommand ( LogicalFieldName : InsuredName, LogicalFieldValue : Smith )
----------------
2019-02-07 08:37:13,653 INFO  execution-log - [Sequence No - 43]	 Command completed.
----------------
2019-02-07 08:37:13,668 INFO  execution-log - [Sequence No - 44] Beginning ValidateEnableStatusCommand ( LogicalFieldName : Primary State Click, LogicalFieldValue : True )
----------------
2019-02-07 08:37:13,730 INFO  execution-log - [Sequence No - 44]	 Command completed.
----------------
2019-02-07 08:37:13,751 INFO  execution-log - [Sequence No - 45] Beginning ActionCommand ( LogicalFieldName : Primary State Click, LogicalFieldValue : Click )
----------------
2019-02-07 08:37:14,077 INFO  execution-log - [Sequence No - 45]	 Command completed.
----------------
2019-02-07 08:37:14,099 INFO  execution-log - [Sequence No - 46] Beginning ActionCommand ( LogicalFieldName : PrimayState Select, LogicalFieldValue : Click )
----------------
2019-02-07 08:37:14,490 INFO  execution-log - [Sequence No - 46]	 Command completed.
----------------
2019-02-07 08:37:14,513 INFO  execution-log - [Sequence No - 47] Beginning ValidateExistStatusCommand ( LogicalFieldName : Street Address, LogicalFieldValue : True )
----------------
2019-02-07 08:37:14,626 INFO  execution-log - [Sequence No - 47]	 Command completed.
----------------
2019-02-07 08:37:14,645 INFO  execution-log - [Sequence No - 48] Beginning TestDataCommand ( LogicalFieldName : Street Address, LogicalFieldValue : 123 new street )
----------------
2019-02-07 08:37:15,215 INFO  execution-log - [Sequence No - 48]	 Command completed.
----------------
2019-02-07 08:37:15,228 INFO  execution-log - [Sequence No - 49] Beginning ValidateExistStatusCommand ( LogicalFieldName : Zip Code, LogicalFieldValue : True )
----------------
2019-02-07 08:37:15,290 INFO  execution-log - [Sequence No - 49]	 Command completed.
----------------
2019-02-07 08:37:15,314 INFO  execution-log - [Sequence No - 50] Beginning TestDataCommand ( LogicalFieldName : Zip Code, LogicalFieldValue : 53704 )
----------------
2019-02-07 08:37:15,650 INFO  execution-log - [Sequence No - 50]	 Command completed.
----------------
2019-02-07 08:37:15,667 INFO  execution-log - [Sequence No - 51] Beginning ValidateExistStatusCommand ( LogicalFieldName : Same as Physical Address, LogicalFieldValue : True )
----------------
2019-02-07 08:37:15,703 INFO  execution-log - [Sequence No - 51]	 Command completed.
----------------
2019-02-07 08:37:15,716 INFO  execution-log - [Sequence No - 52] Beginning ActionCommand ( LogicalFieldName : Same as Physical Address, LogicalFieldValue : Click )
----------------
2019-02-07 08:37:16,052 INFO  execution-log - [Sequence No - 52]	 Command completed.
----------------
2019-02-07 08:37:16,105 INFO  execution-log - [Sequence No - 53] Beginning ValidateExistStatusCommand ( LogicalFieldName : SIC Code, LogicalFieldValue : True )
----------------
2019-02-07 08:37:16,194 INFO  execution-log - [Sequence No - 53]	 Command completed.
----------------
2019-02-07 08:37:16,212 INFO  execution-log - [Sequence No - 54] Beginning TestDataCommand ( LogicalFieldName : SIC Code, LogicalFieldValue : 41510000-School buses )
----------------
2019-02-07 08:37:18,173 INFO  execution-log - [Sequence No - 54]	 Command completed.
----------------
2019-02-07 08:37:18,210 INFO  execution-log - [Sequence No - 55] Beginning ValidateExistStatusCommand ( LogicalFieldName : BusinessInceptionYear, LogicalFieldValue : True )
----------------
2019-02-07 08:37:18,414 INFO  execution-log - [Sequence No - 55]	 Command completed.
----------------
2019-02-07 08:37:18,430 INFO  execution-log - [Sequence No - 56] Beginning TestDataCommand ( LogicalFieldName : BusinessInceptionYear, LogicalFieldValue : 2012 )
----------------
2019-02-07 08:37:18,976 INFO  execution-log - [Sequence No - 56]	 Command completed.
----------------
2019-02-07 08:37:18,992 INFO  execution-log - [Sequence No - 57] Beginning ValidateExistStatusCommand ( LogicalFieldName : BusinessPhone, LogicalFieldValue : True )
----------------
2019-02-07 08:37:19,035 INFO  execution-log - [Sequence No - 57]	 Command completed.
----------------
2019-02-07 08:37:19,051 INFO  execution-log - [Sequence No - 58] Beginning TestDataCommand ( LogicalFieldName : BusinessPhone, LogicalFieldValue : 6549879879 )
----------------
2019-02-07 08:37:21,295 INFO  execution-log - [Sequence No - 58]	 Command completed.
----------------
2019-02-07 08:37:21,311 INFO  execution-log - [Sequence No - 59] Beginning ValidateEnableStatusCommand ( LogicalFieldName : Next, LogicalFieldValue : True )
----------------
2019-02-07 08:37:21,356 INFO  execution-log - [Sequence No - 59]	 Command completed.
----------------
2019-02-07 08:37:21,370 INFO  execution-log - [Sequence No - 60] Beginning ActionCommand ( LogicalFieldName : Next, LogicalFieldValue : Click )
----------------
2019-02-07 08:37:21,667 INFO  execution-log - [Sequence No - 60]	 Command completed.
----------------
2019-02-07 08:37:21,682 INFO  execution-log - 	 Command completed.
----------------
2019-02-07 08:37:21,693 INFO  execution-log -  Beginning PageCommand ( CurrentPage : Policy Info, FlowIdentifier : 5, DiIndicator : DI )
----------------
2019-02-07 08:37:21,721 INFO  execution-log - 	 Command completed.
----------------
2019-02-07 08:37:21,736 INFO  execution-log -  Beginning LoadTestDataItemCommand ( CurrentPage : Policy Info, FlowIdentifier : 5, DiIndicator : DI )
----------------
2019-02-07 08:37:21,776 INFO  execution-log - [Sequence No - 61] Beginning ValidateEnableStatusCommand ( LogicalFieldName : Which State do u operate In?, LogicalFieldValue : True )
----------------
2019-02-07 08:37:22,519 INFO  execution-log - [Sequence No - 61]	 Command completed.
----------------
2019-02-07 08:37:22,568 INFO  execution-log - [Sequence No - 62] Beginning ActionCommand ( LogicalFieldName : Which State do u operate In?, LogicalFieldValue : Click )
----------------
2019-02-07 08:37:23,068 INFO  execution-log - [Sequence No - 62]	 Command completed.
----------------
2019-02-07 08:37:23,120 INFO  execution-log - [Sequence No - 63] Beginning ActionCommand ( LogicalFieldName : Which State do u operate In?1, LogicalFieldValue : Click )
----------------
2019-02-07 08:37:23,390 INFO  execution-log - [Sequence No - 63]	 Command completed.
----------------
2019-02-07 08:37:23,408 INFO  execution-log - [Sequence No - 64] Beginning ActionCommand ( LogicalFieldName : Label Click, LogicalFieldValue : Click )
----------------
2019-02-07 08:37:23,706 INFO  execution-log - [Sequence No - 64]	 Command completed.
----------------
2019-02-07 08:37:23,722 INFO  execution-log - [Sequence No - 65] Beginning ActionCommand ( LogicalFieldName : Collapse, LogicalFieldValue : Click )
----------------
2019-02-07 08:37:24,179 INFO  execution-log - [Sequence No - 65]	 Command completed.
----------------
2019-02-07 08:37:24,210 INFO  execution-log - [Sequence No - 66] Beginning ValidateEnableStatusCommand ( LogicalFieldName : Select Product, LogicalFieldValue : True )
----------------
2019-02-07 08:37:24,322 INFO  execution-log - [Sequence No - 66]	 Command completed.
----------------
2019-02-07 08:37:24,343 INFO  execution-log - [Sequence No - 67] Beginning ActionCommand ( LogicalFieldName : Select Product, LogicalFieldValue : Click-Wait(2000) )
----------------
2019-02-07 08:37:28,656 INFO  execution-log - [Sequence No - 67]	 Command completed.
----------------
2019-02-07 08:37:28,681 INFO  execution-log - [Sequence No - 68] Beginning ActionCommand ( LogicalFieldName : Select Product 1, LogicalFieldValue : Click )
----------------
2019-02-07 08:37:41,500 INFO  execution-log - [Sequence No - 68]	 Command completed.
----------------
2019-02-07 08:37:41,517 INFO  execution-log - 	 Command completed.
----------------
2019-02-07 08:38:53,034 INFO  execution-log - Saving captured values to file.
----------------
2019-02-07 08:38:55,295 INFO  execution-log - TC # : 1, has completed successfully.
----------------
