2019-01-31 12:48:18,431 INFO  execution-log - 	Initializing control map with map # MASTER
----------------
2019-01-31 12:48:18,431 INFO  execution-log - Initializing Test Automation
----------------
2019-01-31 12:48:18,446 INFO  execution-log - 	target browser: Chrome
----------------
2019-01-31 12:48:18,446 INFO  execution-log - TC # : 1, Downloading test case from DB
----------------
2019-01-31 12:48:18,462 INFO  execution-log - TC # : 1, Getting control map :MASTER from DB
----------------
2019-01-31 12:48:18,462 INFO  execution-log - TC # : 1, Getting test data from DB
----------------
2019-01-31 12:48:18,462 INFO  execution-log - TC # : 1, Control map retrieval completed
----------------
2019-01-31 12:48:18,478 INFO  execution-log - TC # : 1, Test data retrieval completed
----------------
2019-01-31 12:48:18,478 INFO  execution-log - TC # : 1, Parsing commands
----------------
2019-01-31 12:48:18,478 INFO  execution-log - Loading captured values from persistence.
----------------
2019-01-31 12:48:18,493 INFO  execution-log - TC # : 1, Started executing test case in the VMTESTAPP1 environment (http://vam-qa.cloudapp.net:6363/pages/login.html)
----------------
2019-01-31 12:48:18,509 INFO  execution-log -  Beginning StartIterationCommand ( Iterations : 1 )
----------------
2019-01-31 12:48:18,525 INFO  execution-log - TC # : 1, Starting iteration #1
----------------
2019-01-31 12:48:18,525 INFO  execution-log - 	 Command completed.
----------------
2019-01-31 12:48:18,525 INFO  execution-log -  Beginning InvokeApplicationCommand ( Target :  )
----------------
2019-01-31 12:48:19,408 INFO  execution-log - 	 Command completed.
----------------
2019-01-31 12:48:19,414 INFO  execution-log -  Beginning PageCommand ( CurrentPage : Login, FlowIdentifier : 1, DiIndicator : DI )
----------------
2019-01-31 12:48:19,419 INFO  execution-log - 	 Command completed.
----------------
2019-01-31 12:48:19,437 INFO  execution-log -  Beginning LoadTestDataItemCommand ( CurrentPage : Login, FlowIdentifier : 1, DiIndicator : DI )
----------------
2019-01-31 12:48:19,462 INFO  execution-log - [Sequence No - 1] Beginning ValidateExistStatusCommand ( LogicalFieldName : User Name, LogicalFieldValue : True )
----------------
2019-01-31 12:48:19,493 INFO  execution-log - [Sequence No - 1]	 Command completed.
----------------
2019-01-31 12:48:19,493 INFO  execution-log - [Sequence No - 2] Beginning ActionCommand ( LogicalFieldName : User Name, LogicalFieldValue : Click )
----------------
2019-01-31 12:48:19,634 INFO  execution-log - [Sequence No - 2]	 Command completed.
----------------
2019-01-31 12:48:19,645 INFO  execution-log - [Sequence No - 3] Beginning TestDataCommand ( LogicalFieldName : User Name, LogicalFieldValue : Jack )
----------------
2019-01-31 12:48:19,742 INFO  execution-log - [Sequence No - 3]	 Command completed.
----------------
2019-01-31 12:48:19,753 INFO  execution-log - [Sequence No - 4] Beginning ValidateExistStatusCommand ( LogicalFieldName : Password, LogicalFieldValue : True )
----------------
2019-01-31 12:48:19,774 INFO  execution-log - [Sequence No - 4]	 Command completed.
----------------
2019-01-31 12:48:19,786 INFO  execution-log - [Sequence No - 5] Beginning TestDataCommand ( LogicalFieldName : Password, LogicalFieldValue : Smit@123 )
----------------
2019-01-31 12:48:19,913 INFO  execution-log - [Sequence No - 5]	 Command completed.
----------------
2019-01-31 12:48:19,928 INFO  execution-log - [Sequence No - 6] Beginning ValidateEnableStatusCommand ( LogicalFieldName : Login_Button, LogicalFieldValue : True )
----------------
2019-01-31 12:48:19,964 INFO  execution-log - [Sequence No - 6]	 Command completed.
----------------
2019-01-31 12:48:19,964 INFO  execution-log - [Sequence No - 7] Beginning ActionCommand ( LogicalFieldName : Login_Button, LogicalFieldValue : Click )
----------------
2019-01-31 12:48:20,079 INFO  execution-log - [Sequence No - 7]	 Command completed.
----------------
2019-01-31 12:48:20,085 INFO  execution-log - 	 Command completed.
----------------
2019-01-31 12:48:20,090 INFO  execution-log -  Beginning PageCommand ( CurrentPage : Home, FlowIdentifier : 2, DiIndicator : DI )
----------------
2019-01-31 12:48:20,095 INFO  execution-log - 	 Command completed.
----------------
2019-01-31 12:48:20,100 INFO  execution-log -  Beginning LoadTestDataItemCommand ( CurrentPage : Home, FlowIdentifier : 2, DiIndicator : DI )
----------------
2019-01-31 12:48:20,115 INFO  execution-log - [Sequence No - 8] Beginning ActionCommand ( LogicalFieldName : New Quote, LogicalFieldValue : Click )
----------------
2019-01-31 12:48:21,979 INFO  execution-log - [Sequence No - 8]	 Command completed.
----------------
2019-01-31 12:48:22,002 INFO  execution-log - 	 Command completed.
----------------
2019-01-31 12:48:22,008 INFO  execution-log -  Beginning PageCommand ( CurrentPage : New Quote, FlowIdentifier : 3, DiIndicator : DI )
----------------
2019-01-31 12:48:22,022 INFO  execution-log - 	 Command completed.
----------------
2019-01-31 12:48:22,029 INFO  execution-log -  Beginning LoadTestDataItemCommand ( CurrentPage : New Quote, FlowIdentifier : 3, DiIndicator : DI )
----------------
2019-01-31 12:48:22,029 INFO  execution-log - [Sequence No - 9] Beginning TestDataCommand ( LogicalFieldName : Account Name, LogicalFieldValue : RANDOMIZE(7,2) )
----------------
2019-01-31 12:48:22,261 INFO  execution-log - [Sequence No - 9]	 Command completed.
----------------
2019-01-31 12:48:22,271 INFO  execution-log - [Sequence No - 11] Beginning TestDataCommand ( LogicalFieldName : First Name, LogicalFieldValue : Jack )
----------------
2019-01-31 12:48:22,473 INFO  execution-log - [Sequence No - 11]	 Command completed.
----------------
2019-01-31 12:48:22,483 INFO  execution-log - [Sequence No - 12] Beginning TestDataCommand ( LogicalFieldName : Last Name, LogicalFieldValue : Smith )
----------------
2019-01-31 12:48:22,651 INFO  execution-log - [Sequence No - 12]	 Command completed.
----------------
2019-01-31 12:48:22,661 INFO  execution-log - [Sequence No - 13] Beginning TestDataCommand ( LogicalFieldName : ContactNumber1, LogicalFieldValue : 654 )
----------------
2019-01-31 12:48:22,787 INFO  execution-log - [Sequence No - 13]	 Command completed.
----------------
2019-01-31 12:48:22,800 INFO  execution-log - [Sequence No - 14] Beginning TestDataCommand ( LogicalFieldName : ContactNumber2, LogicalFieldValue : 321 )
----------------
2019-01-31 12:48:22,916 INFO  execution-log - [Sequence No - 14]	 Command completed.
----------------
2019-01-31 12:48:22,926 INFO  execution-log - [Sequence No - 15] Beginning TestDataCommand ( LogicalFieldName : ContactNumber3, LogicalFieldValue : 6541 )
----------------
2019-01-31 12:48:23,054 INFO  execution-log - [Sequence No - 15]	 Command completed.
----------------
2019-01-31 12:48:23,064 INFO  execution-log - [Sequence No - 16] Beginning TestDataCommand ( LogicalFieldName : Primary Email, LogicalFieldValue : jack.smith@gmail.com )
----------------
2019-01-31 12:48:23,302 INFO  execution-log - [Sequence No - 16]	 Command completed.
----------------
2019-01-31 12:48:23,311 INFO  execution-log - [Sequence No - 17] Beginning TestDataCommand ( LogicalFieldName : Business Started Year, LogicalFieldValue : 2012 )
----------------
2019-01-31 12:48:23,510 INFO  execution-log - [Sequence No - 17]	 Command completed.
----------------
2019-01-31 12:48:23,526 INFO  execution-log - [Sequence No - 18] Beginning ActionCommand ( LogicalFieldName : Select Product, LogicalFieldValue : Click )
----------------
2019-01-31 12:48:23,697 INFO  execution-log - [Sequence No - 18]	 Command completed.
----------------
2019-01-31 12:48:23,712 INFO  execution-log - [Sequence No - 19] Beginning ActionCommand ( LogicalFieldName : Select Product1, LogicalFieldValue : Click )
----------------
2019-01-31 12:48:23,843 INFO  execution-log - [Sequence No - 19]	 Command completed.
----------------
2019-01-31 12:48:23,857 INFO  execution-log - [Sequence No - 20] Beginning ActionCommand ( LogicalFieldName : Contact Name, LogicalFieldValue : Click )
----------------
2019-01-31 12:48:23,992 INFO  execution-log - [Sequence No - 20]	 Command completed.
----------------
2019-01-31 12:48:24,008 INFO  execution-log - [Sequence No - 21] Beginning ActionCommand ( LogicalFieldName : Contact Name Initial Select, LogicalFieldValue : Click )
----------------
2019-01-31 12:48:24,159 INFO  execution-log - [Sequence No - 21]	 Command completed.
----------------
2019-01-31 12:48:24,170 INFO  execution-log - [Sequence No - 22] Beginning ActionCommand ( LogicalFieldName : Industry, LogicalFieldValue : Click )
----------------
2019-01-31 12:48:24,347 INFO  execution-log - [Sequence No - 22]	 Command completed.
----------------
2019-01-31 12:48:24,361 INFO  execution-log - [Sequence No - 23] Beginning ActionCommand ( LogicalFieldName : Industry1, LogicalFieldValue : Click )
----------------
2019-01-31 12:48:24,490 INFO  execution-log - [Sequence No - 23]	 Command completed.
----------------
2019-01-31 12:48:24,502 INFO  execution-log - [Sequence No - 24] Beginning TestDataCommand ( LogicalFieldName : Zip Code, LogicalFieldValue : 53704 )
----------------
2019-01-31 12:48:24,653 INFO  execution-log - [Sequence No - 24]	 Command completed.
----------------
2019-01-31 12:48:24,663 INFO  execution-log - [Sequence No - 25] Beginning ActionCommand ( LogicalFieldName : zipcode click, LogicalFieldValue : Click )
----------------
2019-01-31 12:48:25,021 INFO  execution-log - [Sequence No - 25]	 Command completed.
----------------
2019-01-31 12:48:25,031 INFO  execution-log - [Sequence No - 26] Beginning TestDataCommand ( LogicalFieldName : Street Address, LogicalFieldValue : 123 BLUEJAY LN )
----------------
2019-01-31 12:48:25,262 INFO  execution-log - [Sequence No - 26]	 Command completed.
----------------
2019-01-31 12:48:25,273 INFO  execution-log - [Sequence No - 27] Beginning ActionCommand ( LogicalFieldName : Same as Physical Address, LogicalFieldValue : Click )
----------------
2019-01-31 12:48:25,392 INFO  execution-log - [Sequence No - 27]	 Command completed.
----------------
2019-01-31 12:48:25,402 INFO  execution-log - [Sequence No - 28] Beginning ActionCommand ( LogicalFieldName : Proceed, LogicalFieldValue : Click )
----------------
2019-01-31 12:48:25,545 INFO  execution-log - [Sequence No - 28]	 Command completed.
----------------
2019-01-31 12:48:25,556 INFO  execution-log - [Sequence No - 29] Beginning TestDataCommand ( LogicalFieldName : InsuredName, LogicalFieldValue : Smith )
----------------
2019-01-31 12:48:27,631 INFO  execution-log - [Sequence No - 29]	 Command completed.
----------------
2019-01-31 12:48:27,637 INFO  execution-log - 	 Command completed.
----------------
2019-01-31 12:48:27,653 INFO  execution-log - Saving captured values to file.
----------------
2019-01-31 12:48:27,659 INFO  execution-log - TC # : 1, has completed successfully.
----------------
