2019-02-08 08:00:44,033 INFO  execution-log - 	Initializing control map with map # MASTER
----------------
2019-02-08 08:00:44,049 INFO  execution-log - Initializing Test Automation
----------------
2019-02-08 08:00:44,054 INFO  execution-log - 	target browser: Chrome
----------------
2019-02-08 08:00:48,876 INFO  execution-log - TC # : 1, Downloading test case from DB
----------------
2019-02-08 08:00:51,305 INFO  execution-log - TC # : 1, Getting test data from DB
----------------
2019-02-08 08:00:51,307 INFO  execution-log - TC # : 1, Getting control map :MASTER from DB
----------------
2019-02-08 08:00:51,344 INFO  execution-log - TC # : 1, Control map retrieval completed
----------------
2019-02-08 08:00:51,366 INFO  execution-log - TC # : 1, Test data retrieval completed
----------------
2019-02-08 08:00:51,636 INFO  execution-log - TC # : 1, Parsing commands
----------------
2019-02-08 08:00:52,750 INFO  execution-log - Loading captured values from persistence.
----------------
2019-02-08 08:00:53,298 INFO  execution-log - TC # : 1, Started executing test case in the VMTESTAPP1 environment (http://vam-qa.cloudapp.net:6363/pages/login.html)
----------------
2019-02-08 08:00:53,849 INFO  execution-log -  Beginning StartIterationCommand ( Iterations : 1 )
----------------
2019-02-08 08:00:53,860 INFO  execution-log - TC # : 1, Starting iteration #1
----------------
2019-02-08 08:00:53,866 INFO  execution-log - 	 Command completed.
----------------
2019-02-08 08:00:53,872 INFO  execution-log -  Beginning InvokeApplicationCommand ( Target :  )
----------------
2019-02-08 08:00:56,105 INFO  execution-log - 	 Command completed.
----------------
2019-02-08 08:00:56,132 INFO  execution-log -  Beginning PageCommand ( CurrentPage : Login, FlowIdentifier : 1, DiIndicator : DI )
----------------
2019-02-08 08:00:56,415 INFO  execution-log - 	 Command completed.
----------------
2019-02-08 08:00:56,732 INFO  execution-log -  Beginning LoadTestDataItemCommand ( CurrentPage : Login, FlowIdentifier : 1, DiIndicator : DI )
----------------
2019-02-08 08:00:56,766 INFO  execution-log - [Sequence No - 1] Beginning ValidateExistStatusCommand ( LogicalFieldName : User Name, LogicalFieldValue : True )
----------------
2019-02-08 08:00:57,569 INFO  execution-log - [Sequence No - 1]	 Command completed.
----------------
2019-02-08 08:00:57,610 INFO  execution-log - [Sequence No - 2] Beginning ActionCommand ( LogicalFieldName : User Name, LogicalFieldValue : Click )
----------------
2019-02-08 08:00:59,032 INFO  execution-log - [Sequence No - 2]	 Command completed.
----------------
2019-02-08 08:00:59,046 INFO  execution-log - [Sequence No - 3] Beginning TestDataCommand ( LogicalFieldName : User Name, LogicalFieldValue : Jack )
----------------
2019-02-08 08:00:59,227 INFO  execution-log - [Sequence No - 3]	 Command completed.
----------------
2019-02-08 08:00:59,244 INFO  execution-log - [Sequence No - 4] Beginning ValidateExistStatusCommand ( LogicalFieldName : Password, LogicalFieldValue : True )
----------------
2019-02-08 08:00:59,276 INFO  execution-log - [Sequence No - 4]	 Command completed.
----------------
2019-02-08 08:00:59,285 INFO  execution-log - [Sequence No - 5] Beginning TestDataCommand ( LogicalFieldName : Password, LogicalFieldValue : Smit@123 )
----------------
2019-02-08 08:01:01,660 INFO  execution-log - [Sequence No - 5]	 Command completed.
----------------
2019-02-08 08:01:01,672 INFO  execution-log - [Sequence No - 6] Beginning ValidateEnableStatusCommand ( LogicalFieldName : Login_Button, LogicalFieldValue : True )
----------------
2019-02-08 08:01:01,812 INFO  execution-log - [Sequence No - 6]	 Command completed.
----------------
2019-02-08 08:01:01,821 INFO  execution-log - [Sequence No - 7] Beginning ActionCommand ( LogicalFieldName : Login_Button, LogicalFieldValue : Click )
----------------
2019-02-08 08:01:02,283 INFO  execution-log - [Sequence No - 7]	 Command completed.
----------------
2019-02-08 08:01:02,291 INFO  execution-log - 	 Command completed.
----------------
2019-02-08 08:01:02,298 INFO  execution-log -  Beginning PageCommand ( CurrentPage : Home, FlowIdentifier : 2, DiIndicator : DI )
----------------
2019-02-08 08:01:02,307 INFO  execution-log - 	 Command completed.
----------------
2019-02-08 08:01:02,312 INFO  execution-log -  Beginning LoadTestDataItemCommand ( CurrentPage : Home, FlowIdentifier : 2, DiIndicator : DI )
----------------
2019-02-08 08:01:02,329 INFO  execution-log - [Sequence No - 8] Beginning ValidateEnableStatusCommand ( LogicalFieldName : New Quote, LogicalFieldValue : True )
----------------
2019-02-08 08:01:04,980 INFO  execution-log - [Sequence No - 8]	 Command completed.
----------------
2019-02-08 08:01:04,994 INFO  execution-log - [Sequence No - 9] Beginning ActionCommand ( LogicalFieldName : New Quote, LogicalFieldValue : Click )
----------------
2019-02-08 08:01:06,982 INFO  execution-log - [Sequence No - 9]	 Command completed.
----------------
2019-02-08 08:01:06,999 INFO  execution-log - 	 Command completed.
----------------
2019-02-08 08:01:07,016 INFO  execution-log -  Beginning PageCommand ( CurrentPage : New Quote, FlowIdentifier : 3, DiIndicator : DI )
----------------
2019-02-08 08:01:07,036 INFO  execution-log - 	 Command completed.
----------------
2019-02-08 08:01:07,044 INFO  execution-log -  Beginning LoadTestDataItemCommand ( CurrentPage : New Quote, FlowIdentifier : 3, DiIndicator : DI )
----------------
2019-02-08 08:01:07,107 INFO  execution-log - [Sequence No - 10] Beginning ValidateExistStatusCommand ( LogicalFieldName : Account Name, LogicalFieldValue : True )
----------------
2019-02-08 08:01:07,218 INFO  execution-log - [Sequence No - 10]	 Command completed.
----------------
2019-02-08 08:01:07,241 INFO  execution-log - [Sequence No - 11] Beginning TestDataCommand ( LogicalFieldName : Account Name, LogicalFieldValue : RANDOMIZE(7,2) )
----------------
2019-02-08 08:01:08,019 INFO  execution-log - [Sequence No - 11]	 Command completed.
----------------
2019-02-08 08:01:08,028 INFO  execution-log - [Sequence No - 12] Beginning ValidateExistStatusCommand ( LogicalFieldName : First Name, LogicalFieldValue : True )
----------------
2019-02-08 08:01:08,072 INFO  execution-log - [Sequence No - 12]	 Command completed.
----------------
2019-02-08 08:01:08,080 INFO  execution-log - [Sequence No - 13] Beginning TestDataCommand ( LogicalFieldName : First Name, LogicalFieldValue : Jack )
----------------
2019-02-08 08:01:08,407 INFO  execution-log - [Sequence No - 13]	 Command completed.
----------------
2019-02-08 08:01:08,418 INFO  execution-log - [Sequence No - 14] Beginning ValidateEnableStatusCommand ( LogicalFieldName : Last Name, LogicalFieldValue : True )
----------------
2019-02-08 08:01:08,472 INFO  execution-log - [Sequence No - 14]	 Command completed.
----------------
2019-02-08 08:01:08,480 INFO  execution-log - [Sequence No - 15] Beginning TestDataCommand ( LogicalFieldName : Last Name, LogicalFieldValue : Smith )
----------------
2019-02-08 08:01:09,095 INFO  execution-log - [Sequence No - 15]	 Command completed.
----------------
2019-02-08 08:01:09,104 INFO  execution-log - [Sequence No - 16] Beginning ValidateExistStatusCommand ( LogicalFieldName : ContactNumber1, LogicalFieldValue : True )
----------------
2019-02-08 08:01:09,124 INFO  execution-log - [Sequence No - 16]	 Command completed.
----------------
2019-02-08 08:01:09,131 INFO  execution-log - [Sequence No - 17] Beginning TestDataCommand ( LogicalFieldName : ContactNumber1, LogicalFieldValue : 654 )
----------------
2019-02-08 08:01:09,645 INFO  execution-log - [Sequence No - 17]	 Command completed.
----------------
2019-02-08 08:01:09,655 INFO  execution-log - [Sequence No - 18] Beginning TestDataCommand ( LogicalFieldName : ContactNumber2, LogicalFieldValue : 321 )
----------------
2019-02-08 08:01:09,924 INFO  execution-log - [Sequence No - 18]	 Command completed.
----------------
2019-02-08 08:01:09,933 INFO  execution-log - [Sequence No - 19] Beginning TestDataCommand ( LogicalFieldName : ContactNumber3, LogicalFieldValue : 6541 )
----------------
2019-02-08 08:01:10,292 INFO  execution-log - [Sequence No - 19]	 Command completed.
----------------
2019-02-08 08:01:10,303 INFO  execution-log - [Sequence No - 20] Beginning ValidateExistStatusCommand ( LogicalFieldName : Primary Email, LogicalFieldValue : True )
----------------
2019-02-08 08:01:10,390 INFO  execution-log - [Sequence No - 20]	 Command completed.
----------------
2019-02-08 08:01:10,400 INFO  execution-log - [Sequence No - 21] Beginning TestDataCommand ( LogicalFieldName : Primary Email, LogicalFieldValue : jack.smith@gmail.com )
----------------
2019-02-08 08:01:12,549 INFO  execution-log - [Sequence No - 21]	 Command completed.
----------------
2019-02-08 08:01:12,559 INFO  execution-log - [Sequence No - 22] Beginning ValidateExistStatusCommand ( LogicalFieldName : Business Started Year, LogicalFieldValue : True )
----------------
2019-02-08 08:01:12,684 INFO  execution-log - [Sequence No - 22]	 Command completed.
----------------
2019-02-08 08:01:12,694 INFO  execution-log - [Sequence No - 23] Beginning TestDataCommand ( LogicalFieldName : Business Started Year, LogicalFieldValue : 2012 )
----------------
2019-02-08 08:01:13,341 INFO  execution-log - [Sequence No - 23]	 Command completed.
----------------
2019-02-08 08:01:13,351 INFO  execution-log - [Sequence No - 24] Beginning ValidateExistStatusCommand ( LogicalFieldName : Select Product, LogicalFieldValue : True )
----------------
2019-02-08 08:01:13,410 INFO  execution-log - [Sequence No - 24]	 Command completed.
----------------
2019-02-08 08:01:13,425 INFO  execution-log - [Sequence No - 25] Beginning ActionCommand ( LogicalFieldName : Select Product, LogicalFieldValue : Click )
----------------
2019-02-08 08:01:13,655 INFO  execution-log - [Sequence No - 25]	 Command completed.
----------------
2019-02-08 08:01:13,717 INFO  execution-log - [Sequence No - 26] Beginning ActionCommand ( LogicalFieldName : Select Product1, LogicalFieldValue : Click )
----------------
2019-02-08 08:01:14,155 INFO  execution-log - [Sequence No - 26]	 Command completed.
----------------
2019-02-08 08:01:14,180 INFO  execution-log - [Sequence No - 27] Beginning ValidateExistStatusCommand ( LogicalFieldName : Contact Name, LogicalFieldValue : True )
----------------
2019-02-08 08:01:14,260 INFO  execution-log - [Sequence No - 27]	 Command completed.
----------------
2019-02-08 08:01:14,271 INFO  execution-log - [Sequence No - 28] Beginning ActionCommand ( LogicalFieldName : Contact Name, LogicalFieldValue : Click )
----------------
2019-02-08 08:01:14,549 INFO  execution-log - [Sequence No - 28]	 Command completed.
----------------
2019-02-08 08:01:14,608 INFO  execution-log - [Sequence No - 29] Beginning ActionCommand ( LogicalFieldName : Contact Name Initial Select, LogicalFieldValue : Click )
----------------
2019-02-08 08:01:15,075 INFO  execution-log - [Sequence No - 29]	 Command completed.
----------------
2019-02-08 08:01:15,134 INFO  execution-log - [Sequence No - 30] Beginning ValidateExistStatusCommand ( LogicalFieldName : Industry, LogicalFieldValue : True )
----------------
2019-02-08 08:01:15,239 INFO  execution-log - [Sequence No - 30]	 Command completed.
----------------
2019-02-08 08:01:15,252 INFO  execution-log - [Sequence No - 31] Beginning ActionCommand ( LogicalFieldName : Industry, LogicalFieldValue : Click )
----------------
2019-02-08 08:01:15,688 INFO  execution-log - [Sequence No - 31]	 Command completed.
----------------
2019-02-08 08:01:15,700 INFO  execution-log - [Sequence No - 32] Beginning ActionCommand ( LogicalFieldName : Industry1, LogicalFieldValue : Click )
----------------
2019-02-08 08:01:16,023 INFO  execution-log - [Sequence No - 32]	 Command completed.
----------------
2019-02-08 08:01:16,034 INFO  execution-log - [Sequence No - 33] Beginning ValidateExistStatusCommand ( LogicalFieldName : Zip Code, LogicalFieldValue : True )
----------------
2019-02-08 08:01:16,260 INFO  execution-log - [Sequence No - 33]	 Command completed.
----------------
2019-02-08 08:01:16,273 INFO  execution-log - [Sequence No - 34] Beginning TestDataCommand ( LogicalFieldName : Zip Code, LogicalFieldValue : 53704 )
----------------
2019-02-08 08:01:16,776 INFO  execution-log - [Sequence No - 34]	 Command completed.
----------------
2019-02-08 08:01:16,798 INFO  execution-log - [Sequence No - 35] Beginning ActionCommand ( LogicalFieldName : zipcode click, LogicalFieldValue : Click )
----------------
2019-02-08 08:01:17,607 INFO  execution-log - [Sequence No - 35]	 Command completed.
----------------
2019-02-08 08:01:17,647 INFO  execution-log - [Sequence No - 36] Beginning ValidateExistStatusCommand ( LogicalFieldName : Street Address, LogicalFieldValue : True )
----------------
2019-02-08 08:01:17,826 INFO  execution-log - [Sequence No - 36]	 Command completed.
----------------
2019-02-08 08:01:17,839 INFO  execution-log - [Sequence No - 37] Beginning TestDataCommand ( LogicalFieldName : Street Address, LogicalFieldValue : 123 BLUEJAY LN )
----------------
2019-02-08 08:01:18,390 INFO  execution-log - [Sequence No - 37]	 Command completed.
----------------
2019-02-08 08:01:18,402 INFO  execution-log - [Sequence No - 38] Beginning ValidateExistStatusCommand ( LogicalFieldName : Same as Physical Address, LogicalFieldValue : True )
----------------
2019-02-08 08:01:18,425 INFO  execution-log - [Sequence No - 38]	 Command completed.
----------------
2019-02-08 08:01:18,434 INFO  execution-log - [Sequence No - 39] Beginning ActionCommand ( LogicalFieldName : Same as Physical Address, LogicalFieldValue : Click )
----------------
2019-02-08 08:01:18,570 INFO  execution-log - [Sequence No - 39]	 Command completed.
----------------
2019-02-08 08:01:18,580 INFO  execution-log - [Sequence No - 40] Beginning ValidateEnableStatusCommand ( LogicalFieldName : Proceed, LogicalFieldValue : True )
----------------
2019-02-08 08:01:18,622 INFO  execution-log - [Sequence No - 40]	 Command completed.
----------------
2019-02-08 08:01:18,634 INFO  execution-log - [Sequence No - 41] Beginning ActionCommand ( LogicalFieldName : Proceed, LogicalFieldValue : Click )
----------------
2019-02-08 08:01:18,803 INFO  execution-log - [Sequence No - 41]	 Command completed.
----------------
2019-02-08 08:01:18,809 INFO  execution-log - 	 Command completed.
----------------
2019-02-08 08:01:18,815 INFO  execution-log -  Beginning PageCommand ( CurrentPage : Insured Info, FlowIdentifier : 4, DiIndicator : DI )
----------------
2019-02-08 08:01:18,820 INFO  execution-log - 	 Command completed.
----------------
2019-02-08 08:01:18,827 INFO  execution-log -  Beginning LoadTestDataItemCommand ( CurrentPage : Insured Info, FlowIdentifier : 4, DiIndicator : DI )
----------------
2019-02-08 08:01:18,842 INFO  execution-log - [Sequence No - 42] Beginning ValidateEnableStatusCommand ( LogicalFieldName : InsuredName, LogicalFieldValue : True )
----------------
2019-02-08 08:01:21,177 INFO  execution-log - [Sequence No - 42]	 Command completed.
----------------
2019-02-08 08:01:21,187 INFO  execution-log - [Sequence No - 43] Beginning TestDataCommand ( LogicalFieldName : InsuredName, LogicalFieldValue : Smith )
----------------
2019-02-08 08:01:21,333 INFO  execution-log - [Sequence No - 43]	 Command completed.
----------------
2019-02-08 08:01:21,342 INFO  execution-log - [Sequence No - 44] Beginning ValidateEnableStatusCommand ( LogicalFieldName : Primary State Click, LogicalFieldValue : True )
----------------
2019-02-08 08:01:21,374 INFO  execution-log - [Sequence No - 44]	 Command completed.
----------------
2019-02-08 08:01:21,383 INFO  execution-log - [Sequence No - 45] Beginning ActionCommand ( LogicalFieldName : Primary State Click, LogicalFieldValue : Click )
----------------
2019-02-08 08:01:21,594 INFO  execution-log - [Sequence No - 45]	 Command completed.
----------------
2019-02-08 08:01:21,608 INFO  execution-log - [Sequence No - 46] Beginning ActionCommand ( LogicalFieldName : PrimayState Select, LogicalFieldValue : Click )
----------------
2019-02-08 08:01:21,792 INFO  execution-log - [Sequence No - 46]	 Command completed.
----------------
2019-02-08 08:01:21,803 INFO  execution-log - [Sequence No - 47] Beginning ValidateExistStatusCommand ( LogicalFieldName : Street Address, LogicalFieldValue : True )
----------------
2019-02-08 08:01:21,902 INFO  execution-log - [Sequence No - 47]	 Command completed.
----------------
2019-02-08 08:01:21,915 INFO  execution-log - [Sequence No - 48] Beginning TestDataCommand ( LogicalFieldName : Street Address, LogicalFieldValue : 123 new street )
----------------
2019-02-08 08:01:22,287 INFO  execution-log - [Sequence No - 48]	 Command completed.
----------------
2019-02-08 08:01:22,298 INFO  execution-log - [Sequence No - 49] Beginning ValidateExistStatusCommand ( LogicalFieldName : Zip Code, LogicalFieldValue : True )
----------------
2019-02-08 08:01:22,349 INFO  execution-log - [Sequence No - 49]	 Command completed.
----------------
2019-02-08 08:01:22,359 INFO  execution-log - [Sequence No - 50] Beginning TestDataCommand ( LogicalFieldName : Zip Code, LogicalFieldValue : 53704 )
----------------
2019-02-08 08:01:22,517 INFO  execution-log - [Sequence No - 50]	 Command completed.
----------------
2019-02-08 08:01:22,527 INFO  execution-log - [Sequence No - 51] Beginning ValidateExistStatusCommand ( LogicalFieldName : Same as Physical Address, LogicalFieldValue : True )
----------------
2019-02-08 08:01:22,560 INFO  execution-log - [Sequence No - 51]	 Command completed.
----------------
2019-02-08 08:01:22,573 INFO  execution-log - [Sequence No - 52] Beginning ActionCommand ( LogicalFieldName : Same as Physical Address, LogicalFieldValue : Click )
----------------
2019-02-08 08:01:22,728 INFO  execution-log - [Sequence No - 52]	 Command completed.
----------------
2019-02-08 08:01:22,737 INFO  execution-log - [Sequence No - 53] Beginning ValidateExistStatusCommand ( LogicalFieldName : SIC Code, LogicalFieldValue : True )
----------------
2019-02-08 08:01:22,763 INFO  execution-log - [Sequence No - 53]	 Command completed.
----------------
2019-02-08 08:01:22,773 INFO  execution-log - [Sequence No - 54] Beginning TestDataCommand ( LogicalFieldName : SIC Code, LogicalFieldValue : 41510000-School buses )
----------------
2019-02-08 08:01:23,131 INFO  execution-log - [Sequence No - 54]	 Command completed.
----------------
2019-02-08 08:01:23,140 INFO  execution-log - [Sequence No - 55] Beginning ValidateExistStatusCommand ( LogicalFieldName : BusinessInceptionYear, LogicalFieldValue : True )
----------------
2019-02-08 08:01:23,160 INFO  execution-log - [Sequence No - 55]	 Command completed.
----------------
2019-02-08 08:01:23,168 INFO  execution-log - [Sequence No - 56] Beginning TestDataCommand ( LogicalFieldName : BusinessInceptionYear, LogicalFieldValue : 2012 )
----------------
2019-02-08 08:01:23,300 INFO  execution-log - [Sequence No - 56]	 Command completed.
----------------
2019-02-08 08:01:23,311 INFO  execution-log - [Sequence No - 57] Beginning ValidateExistStatusCommand ( LogicalFieldName : BusinessPhone, LogicalFieldValue : True )
----------------
2019-02-08 08:01:23,350 INFO  execution-log - [Sequence No - 57]	 Command completed.
----------------
2019-02-08 08:01:23,365 INFO  execution-log - [Sequence No - 58] Beginning TestDataCommand ( LogicalFieldName : BusinessPhone, LogicalFieldValue : 6549879879 )
----------------
2019-02-08 08:01:24,624 INFO  execution-log - [Sequence No - 58]	 Command completed.
----------------
2019-02-08 08:01:24,635 INFO  execution-log - [Sequence No - 59] Beginning ValidateEnableStatusCommand ( LogicalFieldName : Next, LogicalFieldValue : True )
----------------
2019-02-08 08:01:24,662 INFO  execution-log - [Sequence No - 59]	 Command completed.
----------------
2019-02-08 08:01:24,671 INFO  execution-log - [Sequence No - 60] Beginning ActionCommand ( LogicalFieldName : Next, LogicalFieldValue : Click )
----------------
2019-02-08 08:01:24,830 INFO  execution-log - [Sequence No - 60]	 Command completed.
----------------
2019-02-08 08:01:24,837 INFO  execution-log - 	 Command completed.
----------------
2019-02-08 08:01:24,842 INFO  execution-log -  Beginning PageCommand ( CurrentPage : Policy Info, FlowIdentifier : 5, DiIndicator : DI )
----------------
2019-02-08 08:01:24,848 INFO  execution-log - 	 Command completed.
----------------
2019-02-08 08:01:24,852 INFO  execution-log -  Beginning LoadTestDataItemCommand ( CurrentPage : Policy Info, FlowIdentifier : 5, DiIndicator : DI )
----------------
2019-02-08 08:01:24,867 INFO  execution-log - [Sequence No - 61] Beginning ValidateEnableStatusCommand ( LogicalFieldName : Which State do u operate In?, LogicalFieldValue : True )
----------------
2019-02-08 08:01:25,541 INFO  execution-log - [Sequence No - 61]	 Command completed.
----------------
2019-02-08 08:01:25,553 INFO  execution-log - [Sequence No - 62] Beginning ActionCommand ( LogicalFieldName : Which State do u operate In?, LogicalFieldValue : Click )
----------------
2019-02-08 08:01:26,315 INFO  execution-log - [Sequence No - 62]	 Command completed.
----------------
2019-02-08 08:01:26,329 INFO  execution-log - [Sequence No - 63] Beginning ActionCommand ( LogicalFieldName : Which State do u operate In?1, LogicalFieldValue : Click )
----------------
2019-02-08 08:01:27,039 INFO  execution-log - [Sequence No - 63]	 Command completed.
----------------
2019-02-08 08:01:27,051 INFO  execution-log - [Sequence No - 64] Beginning ActionCommand ( LogicalFieldName : Label Click, LogicalFieldValue : Click )
----------------
2019-02-08 08:01:27,191 INFO  execution-log - [Sequence No - 64]	 Command completed.
----------------
2019-02-08 08:01:27,202 INFO  execution-log - [Sequence No - 65] Beginning ActionCommand ( LogicalFieldName : Collapse, LogicalFieldValue : Click )
----------------
2019-02-08 08:01:27,434 INFO  execution-log - [Sequence No - 65]	 Command completed.
----------------
2019-02-08 08:01:27,444 INFO  execution-log - [Sequence No - 66] Beginning ValidateEnableStatusCommand ( LogicalFieldName : Select Product, LogicalFieldValue : True )
----------------
2019-02-08 08:01:27,518 INFO  execution-log - [Sequence No - 66]	 Command completed.
----------------
2019-02-08 08:01:27,527 INFO  execution-log - [Sequence No - 67] Beginning ActionCommand ( LogicalFieldName : Select Product, LogicalFieldValue : Click-Wait(2000) )
----------------
2019-02-08 08:01:38,604 INFO  execution-log - [Sequence No - 67]	 Command completed.
----------------
2019-02-08 08:01:38,631 INFO  execution-log - [Sequence No - 68] Beginning ActionCommand ( LogicalFieldName : Select Product 1, LogicalFieldValue : Click )
----------------
2019-02-08 08:01:43,134 INFO  execution-log - [Sequence No - 68]	 Command completed.
----------------
2019-02-08 08:01:43,433 INFO  execution-log - 	 Command completed.
----------------
2019-02-08 08:03:13,830 INFO  execution-log - Saving captured values to file.
----------------
2019-02-08 08:03:17,330 INFO  execution-log - TC # : 1, has completed successfully.
----------------
