2019-01-29 07:23:03,927 INFO  execution-log - 	Initializing control map with map # MASTER
----------------
2019-01-29 07:23:03,932 INFO  execution-log - Initializing Test Automation
----------------
2019-01-29 07:23:03,936 INFO  execution-log - 	target browser: Chrome
----------------
2019-01-29 07:23:03,941 INFO  execution-log - TC # : 1, Downloading test case from DB
----------------
2019-01-29 07:23:03,951 INFO  execution-log - TC # : 1, Getting control map :MASTER from DB
----------------
2019-01-29 07:23:03,952 INFO  execution-log - TC # : 1, Getting test data from DB
----------------
2019-01-29 07:23:03,959 INFO  execution-log - TC # : 1, Control map retrieval completed
----------------
2019-01-29 07:23:03,966 INFO  execution-log - TC # : 1, Test data retrieval completed
----------------
2019-01-29 07:23:03,971 INFO  execution-log - TC # : 1, Parsing commands
----------------
2019-01-29 07:23:03,975 INFO  execution-log - Loading captured values from persistence.
----------------
2019-01-29 07:23:03,979 INFO  execution-log - TC # : 1, Started executing test case in the VMTESTAPP1 environment (http://vam-qa.cloudapp.net:6363/pages/login.html)
----------------
2019-01-29 07:23:04,008 INFO  execution-log -  Beginning StartIterationCommand ( Iterations : 1 )
----------------
2019-01-29 07:23:04,015 INFO  execution-log - TC # : 1, Starting iteration #1
----------------
2019-01-29 07:23:04,023 INFO  execution-log - 	 Command completed.
----------------
2019-01-29 07:23:04,139 INFO  execution-log -  Beginning InvokeApplicationCommand ( Target :  )
----------------
2019-01-29 07:23:05,054 INFO  execution-log - 	 Command completed.
----------------
2019-01-29 07:23:05,060 INFO  execution-log -  Beginning PageCommand ( CurrentPage : Login, FlowIdentifier : 1, DiIndicator : DI )
----------------
2019-01-29 07:23:05,065 INFO  execution-log - 	 Command completed.
----------------
2019-01-29 07:23:05,071 INFO  execution-log -  Beginning LoadTestDataItemCommand ( CurrentPage : Login, FlowIdentifier : 1, DiIndicator : DI )
----------------
2019-01-29 07:23:05,086 INFO  execution-log - [Sequence No - 1] Beginning ValidateExistStatusCommand ( LogicalFieldName : User Name, LogicalFieldValue : True )
----------------
2019-01-29 07:23:05,113 INFO  execution-log - [Sequence No - 1]	 Command completed.
----------------
2019-01-29 07:23:05,122 INFO  execution-log - [Sequence No - 2] Beginning ActionCommand ( LogicalFieldName : User Name, LogicalFieldValue : Click )
----------------
2019-01-29 07:23:05,241 INFO  execution-log - [Sequence No - 2]	 Command completed.
----------------
2019-01-29 07:23:05,252 INFO  execution-log - [Sequence No - 3] Beginning TestDataCommand ( LogicalFieldName : User Name, LogicalFieldValue : Jack )
----------------
2019-01-29 07:23:05,349 INFO  execution-log - [Sequence No - 3]	 Command completed.
----------------
2019-01-29 07:23:05,359 INFO  execution-log - [Sequence No - 4] Beginning ValidateExistStatusCommand ( LogicalFieldName : Password, LogicalFieldValue : True )
----------------
2019-01-29 07:23:05,380 INFO  execution-log - [Sequence No - 4]	 Command completed.
----------------
2019-01-29 07:23:05,388 INFO  execution-log - [Sequence No - 5] Beginning TestDataCommand ( LogicalFieldName : Password, LogicalFieldValue : Smit@123 )
----------------
2019-01-29 07:23:05,513 INFO  execution-log - [Sequence No - 5]	 Command completed.
----------------
2019-01-29 07:23:05,527 INFO  execution-log - [Sequence No - 6] Beginning ValidateEnableStatusCommand ( LogicalFieldName : Login_Button, LogicalFieldValue : True )
----------------
2019-01-29 07:23:05,563 INFO  execution-log - [Sequence No - 6]	 Command completed.
----------------
2019-01-29 07:23:05,573 INFO  execution-log - [Sequence No - 7] Beginning ActionCommand ( LogicalFieldName : Login_Button, LogicalFieldValue : Click )
----------------
2019-01-29 07:23:05,680 INFO  execution-log - [Sequence No - 7]	 Command completed.
----------------
2019-01-29 07:23:05,687 INFO  execution-log - 	 Command completed.
----------------
2019-01-29 07:23:05,693 INFO  execution-log -  Beginning PageCommand ( CurrentPage : Home, FlowIdentifier : 2, DiIndicator : DI )
----------------
2019-01-29 07:23:05,697 INFO  execution-log - 	 Command completed.
----------------
2019-01-29 07:23:05,702 INFO  execution-log -  Beginning LoadTestDataItemCommand ( CurrentPage : Home, FlowIdentifier : 2, DiIndicator : DI )
----------------
2019-01-29 07:23:05,715 INFO  execution-log - [Sequence No - 8] Beginning ActionCommand ( LogicalFieldName : New Quote, LogicalFieldValue : Click )
----------------
2019-01-29 07:23:07,424 INFO  execution-log - [Sequence No - 8]	 Command completed.
----------------
2019-01-29 07:23:07,431 INFO  execution-log - 	 Command completed.
----------------
2019-01-29 07:23:07,437 INFO  execution-log -  Beginning PageCommand ( CurrentPage : New Quote, FlowIdentifier : 3, DiIndicator : DI )
----------------
2019-01-29 07:23:07,448 INFO  execution-log - 	 Command completed.
----------------
2019-01-29 07:23:07,453 INFO  execution-log -  Beginning LoadTestDataItemCommand ( CurrentPage : New Quote, FlowIdentifier : 3, DiIndicator : DI )
----------------
2019-01-29 07:23:07,468 INFO  execution-log - [Sequence No - 9] Beginning TestDataCommand ( LogicalFieldName : Account Name, LogicalFieldValue : Auto Insurance )
----------------
2019-01-29 07:23:07,715 INFO  execution-log - [Sequence No - 9]	 Command completed.
----------------
2019-01-29 07:23:07,725 INFO  execution-log - [Sequence No - 10] Beginning TestDataCommand ( LogicalFieldName : First Name, LogicalFieldValue : Jack )
----------------
2019-01-29 07:23:07,953 INFO  execution-log - [Sequence No - 10]	 Command completed.
----------------
2019-01-29 07:23:07,965 INFO  execution-log - [Sequence No - 11] Beginning TestDataCommand ( LogicalFieldName : Last Name, LogicalFieldValue : Smith )
----------------
2019-01-29 07:23:08,147 INFO  execution-log - [Sequence No - 11]	 Command completed.
----------------
2019-01-29 07:23:08,156 INFO  execution-log - [Sequence No - 12] Beginning TestDataCommand ( LogicalFieldName : ContactNumber1, LogicalFieldValue : 654 )
----------------
2019-01-29 07:23:08,287 INFO  execution-log - [Sequence No - 12]	 Command completed.
----------------
2019-01-29 07:23:08,297 INFO  execution-log - [Sequence No - 13] Beginning TestDataCommand ( LogicalFieldName : ContactNumber2, LogicalFieldValue : 321 )
----------------
2019-01-29 07:23:08,438 INFO  execution-log - [Sequence No - 13]	 Command completed.
----------------
2019-01-29 07:23:08,451 INFO  execution-log - [Sequence No - 14] Beginning TestDataCommand ( LogicalFieldName : ContactNumber3, LogicalFieldValue : 6541 )
----------------
2019-01-29 07:23:08,563 INFO  execution-log - [Sequence No - 14]	 Command completed.
----------------
2019-01-29 07:23:08,573 INFO  execution-log - [Sequence No - 15] Beginning TestDataCommand ( LogicalFieldName : Primary Email, LogicalFieldValue : jack.smith@gmail.com )
----------------
2019-01-29 07:23:08,856 INFO  execution-log - [Sequence No - 15]	 Command completed.
----------------
2019-01-29 07:23:08,877 INFO  execution-log - [Sequence No - 16] Beginning TestDataCommand ( LogicalFieldName : Business Started Year, LogicalFieldValue : 2012 )
----------------
2019-01-29 07:23:09,120 INFO  execution-log - [Sequence No - 16]	 Command completed.
----------------
2019-01-29 07:23:09,127 INFO  execution-log - 	 Command completed.
----------------
2019-01-29 07:23:09,142 INFO  execution-log - Saving captured values to file.
----------------
2019-01-29 07:23:09,148 INFO  execution-log - TC # : 1, has completed successfully.
----------------
