2019-01-29 00:46:48,407 INFO  execution-log - 	Initializing control map with map # MASTER
----------------
2019-01-29 00:46:48,422 INFO  execution-log - Initializing Test Automation
----------------
2019-01-29 00:46:48,422 INFO  execution-log - 	target browser: Chrome
----------------
2019-01-29 00:46:48,422 INFO  execution-log - TC # : 1, Downloading test case from DB
----------------
2019-01-29 00:46:48,454 INFO  execution-log - TC # : 1, Getting test data from DB
----------------
2019-01-29 00:46:48,454 INFO  execution-log - TC # : 1, Getting control map :MASTER from DB
----------------
2019-01-29 00:46:48,469 INFO  execution-log - TC # : 1, Test data retrieval completed
----------------
2019-01-29 00:46:48,469 INFO  execution-log - TC # : 1, Control map retrieval completed
----------------
2019-01-29 00:46:48,469 INFO  execution-log - TC # : 1, Parsing commands
----------------
2019-01-29 00:46:48,485 INFO  execution-log - Loading captured values from persistence.
----------------
2019-01-29 00:46:48,485 INFO  execution-log - TC # : 1, Started executing test case in the VMTESTAPP1 environment (http://vam-qa.cloudapp.net:6363/pages/login.html)
----------------
2019-01-29 00:46:48,516 INFO  execution-log -  Beginning StartIterationCommand ( Iterations : 1 )
----------------
2019-01-29 00:46:48,532 INFO  execution-log - TC # : 1, Starting iteration #1
----------------
2019-01-29 00:46:48,532 INFO  execution-log - 	 Command completed.
----------------
2019-01-29 00:46:48,532 INFO  execution-log -  Beginning InvokeApplicationCommand ( Target :  )
----------------
2019-01-29 00:46:49,558 INFO  execution-log - 	 Command completed.
----------------
2019-01-29 00:46:49,572 INFO  execution-log -  Beginning PageCommand ( CurrentPage : Login, FlowIdentifier : 1, DiIndicator : DI )
----------------
2019-01-29 00:46:49,587 INFO  execution-log - 	 Command completed.
----------------
2019-01-29 00:46:49,604 INFO  execution-log -  Beginning LoadTestDataItemCommand ( CurrentPage : Login, FlowIdentifier : 1, DiIndicator : DI )
----------------
2019-01-29 00:46:49,633 INFO  execution-log - [Sequence No - 1] Beginning ValidateExistStatusCommand ( LogicalFieldName : User Name, LogicalFieldValue : True )
----------------
2019-01-29 00:46:49,664 INFO  execution-log - [Sequence No - 1]	 Command completed.
----------------
2019-01-29 00:46:49,673 INFO  execution-log - [Sequence No - 2] Beginning ActionCommand ( LogicalFieldName : User Name, LogicalFieldValue : Click )
----------------
2019-01-29 00:46:49,808 INFO  execution-log - [Sequence No - 2]	 Command completed.
----------------
2019-01-29 00:46:49,821 INFO  execution-log - [Sequence No - 3] Beginning TestDataCommand ( LogicalFieldName : User Name, LogicalFieldValue : Jack )
----------------
2019-01-29 00:46:49,913 INFO  execution-log - [Sequence No - 3]	 Command completed.
----------------
2019-01-29 00:46:49,923 INFO  execution-log - [Sequence No - 4] Beginning ValidateExistStatusCommand ( LogicalFieldName : Password, LogicalFieldValue : True )
----------------
2019-01-29 00:46:49,945 INFO  execution-log - [Sequence No - 4]	 Command completed.
----------------
2019-01-29 00:46:49,954 INFO  execution-log - [Sequence No - 5] Beginning TestDataCommand ( LogicalFieldName : Password, LogicalFieldValue : Smit@123 )
----------------
2019-01-29 00:46:50,099 INFO  execution-log - [Sequence No - 5]	 Command completed.
----------------
2019-01-29 00:46:50,108 INFO  execution-log - [Sequence No - 6] Beginning ValidateEnableStatusCommand ( LogicalFieldName : Login_Button, LogicalFieldValue : True )
----------------
2019-01-29 00:46:50,138 INFO  execution-log - [Sequence No - 6]	 Command completed.
----------------
2019-01-29 00:46:50,143 INFO  execution-log - [Sequence No - 7] Beginning ActionCommand ( LogicalFieldName : Login_Button, LogicalFieldValue : Click )
----------------
2019-01-29 00:46:50,262 INFO  execution-log - [Sequence No - 7]	 Command completed.
----------------
2019-01-29 00:46:50,269 INFO  execution-log - 	 Command completed.
----------------
2019-01-29 00:46:50,309 INFO  execution-log - Saving captured values to file.
----------------
2019-01-29 00:46:50,325 INFO  execution-log - TC # : 1, has completed successfully.
----------------
