2019-02-04 11:27:14,120 INFO  execution-log - 	Initializing control map with map # MASTER
----------------
2019-02-04 11:27:14,127 INFO  execution-log - Initializing Test Automation
----------------
2019-02-04 11:27:14,131 INFO  execution-log - 	target browser: Chrome
----------------
2019-02-04 11:27:14,135 INFO  execution-log - TC # : 1, Downloading test case from DB
----------------
2019-02-04 11:27:14,145 INFO  execution-log - TC # : 1, Getting control map :MASTER from DB
----------------
2019-02-04 11:27:14,146 INFO  execution-log - TC # : 1, Getting test data from DB
----------------
2019-02-04 11:27:14,154 INFO  execution-log - TC # : 1, Control map retrieval completed
----------------
2019-02-04 11:27:14,163 INFO  execution-log - TC # : 1, Test data retrieval completed
----------------
2019-02-04 11:27:14,168 INFO  execution-log - TC # : 1, Parsing commands
----------------
2019-02-04 11:27:14,172 INFO  execution-log - Loading captured values from persistence.
----------------
2019-02-04 11:27:14,176 INFO  execution-log - TC # : 1, Started executing test case in the VMTESTAPP1 environment (http://vam-qa.cloudapp.net:6363/pages/login.html)
----------------
2019-02-04 11:27:14,222 INFO  execution-log -  Beginning StartIterationCommand ( Iterations : 1 )
----------------
2019-02-04 11:27:14,228 INFO  execution-log - TC # : 1, Starting iteration #1
----------------
2019-02-04 11:27:14,233 INFO  execution-log - 	 Command completed.
----------------
2019-02-04 11:27:14,237 INFO  execution-log -  Beginning InvokeApplicationCommand ( Target :  )
----------------
2019-02-04 11:27:15,167 INFO  execution-log - 	 Command completed.
----------------
2019-02-04 11:27:15,175 INFO  execution-log -  Beginning PageCommand ( CurrentPage : Login, FlowIdentifier : 1, DiIndicator : DI )
----------------
2019-02-04 11:27:15,181 INFO  execution-log - 	 Command completed.
----------------
2019-02-04 11:27:15,188 INFO  execution-log -  Beginning LoadTestDataItemCommand ( CurrentPage : Login, FlowIdentifier : 1, DiIndicator : DI )
----------------
2019-02-04 11:27:15,208 INFO  execution-log - [Sequence No - 1] Beginning ValidateExistStatusCommand ( LogicalFieldName : User Name, LogicalFieldValue : True )
----------------
2019-02-04 11:27:15,236 INFO  execution-log - [Sequence No - 1]	 Command completed.
----------------
2019-02-04 11:27:15,247 INFO  execution-log - [Sequence No - 2] Beginning ActionCommand ( LogicalFieldName : User Name, LogicalFieldValue : Click )
----------------
2019-02-04 11:27:15,402 INFO  execution-log - [Sequence No - 2]	 Command completed.
----------------
2019-02-04 11:27:15,414 INFO  execution-log - [Sequence No - 3] Beginning TestDataCommand ( LogicalFieldName : User Name, LogicalFieldValue : Jack )
----------------
2019-02-04 11:27:15,531 INFO  execution-log - [Sequence No - 3]	 Command completed.
----------------
2019-02-04 11:27:15,541 INFO  execution-log - [Sequence No - 4] Beginning ValidateExistStatusCommand ( LogicalFieldName : Password, LogicalFieldValue : True )
----------------
2019-02-04 11:27:15,565 INFO  execution-log - [Sequence No - 4]	 Command completed.
----------------
2019-02-04 11:27:15,575 INFO  execution-log - [Sequence No - 5] Beginning TestDataCommand ( LogicalFieldName : Password, LogicalFieldValue : Smit@123 )
----------------
2019-02-04 11:27:15,724 INFO  execution-log - [Sequence No - 5]	 Command completed.
----------------
2019-02-04 11:27:15,735 INFO  execution-log - [Sequence No - 6] Beginning ValidateEnableStatusCommand ( LogicalFieldName : Login_Button, LogicalFieldValue : True )
----------------
2019-02-04 11:27:15,767 INFO  execution-log - [Sequence No - 6]	 Command completed.
----------------
2019-02-04 11:27:15,779 INFO  execution-log - [Sequence No - 7] Beginning ActionCommand ( LogicalFieldName : Login_Button, LogicalFieldValue : Click )
----------------
2019-02-04 11:27:15,889 INFO  execution-log - [Sequence No - 7]	 Command completed.
----------------
2019-02-04 11:27:15,896 INFO  execution-log - 	 Command completed.
----------------
2019-02-04 11:27:15,901 INFO  execution-log -  Beginning PageCommand ( CurrentPage : Home, FlowIdentifier : 2, DiIndicator : DI )
----------------
2019-02-04 11:27:15,906 INFO  execution-log - 	 Command completed.
----------------
2019-02-04 11:27:15,911 INFO  execution-log -  Beginning LoadTestDataItemCommand ( CurrentPage : Home, FlowIdentifier : 2, DiIndicator : DI )
----------------
2019-02-04 11:27:15,925 INFO  execution-log - [Sequence No - 8] Beginning ActionCommand ( LogicalFieldName : New Quote, LogicalFieldValue : Click )
----------------
2019-02-04 11:27:17,676 INFO  execution-log - [Sequence No - 8]	 Command completed.
----------------
2019-02-04 11:27:17,683 INFO  execution-log - 	 Command completed.
----------------
2019-02-04 11:27:17,698 INFO  execution-log -  Beginning PageCommand ( CurrentPage : New Quote, FlowIdentifier : 3, DiIndicator : DI )
----------------
2019-02-04 11:27:17,708 INFO  execution-log - 	 Command completed.
----------------
2019-02-04 11:27:17,714 INFO  execution-log -  Beginning LoadTestDataItemCommand ( CurrentPage : New Quote, FlowIdentifier : 3, DiIndicator : DI )
----------------
2019-02-04 11:27:17,729 INFO  execution-log - [Sequence No - 9] Beginning TestDataCommand ( LogicalFieldName : Account Name, LogicalFieldValue : RANDOMIZE(7,2) )
----------------
2019-02-04 11:27:17,981 INFO  execution-log - [Sequence No - 9]	 Command completed.
----------------
2019-02-04 11:27:17,991 INFO  execution-log - [Sequence No - 11] Beginning TestDataCommand ( LogicalFieldName : First Name, LogicalFieldValue : Jack )
----------------
2019-02-04 11:27:18,198 INFO  execution-log - [Sequence No - 11]	 Command completed.
----------------
2019-02-04 11:27:18,210 INFO  execution-log - [Sequence No - 12] Beginning TestDataCommand ( LogicalFieldName : Last Name, LogicalFieldValue : Smith )
----------------
2019-02-04 11:27:18,389 INFO  execution-log - [Sequence No - 12]	 Command completed.
----------------
2019-02-04 11:27:18,400 INFO  execution-log - [Sequence No - 13] Beginning TestDataCommand ( LogicalFieldName : ContactNumber1, LogicalFieldValue : 654 )
----------------
2019-02-04 11:27:18,551 INFO  execution-log - [Sequence No - 13]	 Command completed.
----------------
2019-02-04 11:27:18,562 INFO  execution-log - [Sequence No - 14] Beginning TestDataCommand ( LogicalFieldName : ContactNumber2, LogicalFieldValue : 321 )
----------------
2019-02-04 11:27:18,686 INFO  execution-log - [Sequence No - 14]	 Command completed.
----------------
2019-02-04 11:27:18,701 INFO  execution-log - [Sequence No - 15] Beginning TestDataCommand ( LogicalFieldName : ContactNumber3, LogicalFieldValue : 6541 )
----------------
2019-02-04 11:27:18,825 INFO  execution-log - [Sequence No - 15]	 Command completed.
----------------
2019-02-04 11:27:18,835 INFO  execution-log - [Sequence No - 16] Beginning TestDataCommand ( LogicalFieldName : Primary Email, LogicalFieldValue : jack.smith@gmail.com )
----------------
2019-02-04 11:27:19,102 INFO  execution-log - [Sequence No - 16]	 Command completed.
----------------
2019-02-04 11:27:19,122 INFO  execution-log - [Sequence No - 17] Beginning TestDataCommand ( LogicalFieldName : Business Started Year, LogicalFieldValue : 2012 )
----------------
2019-02-04 11:27:19,349 INFO  execution-log - [Sequence No - 17]	 Command completed.
----------------
2019-02-04 11:27:19,359 INFO  execution-log - [Sequence No - 18] Beginning ActionCommand ( LogicalFieldName : Select Product, LogicalFieldValue : Click )
----------------
2019-02-04 11:27:19,534 INFO  execution-log - [Sequence No - 18]	 Command completed.
----------------
2019-02-04 11:27:19,546 INFO  execution-log - [Sequence No - 19] Beginning ActionCommand ( LogicalFieldName : Select Product1, LogicalFieldValue : Click )
----------------
2019-02-04 11:27:19,687 INFO  execution-log - [Sequence No - 19]	 Command completed.
----------------
2019-02-04 11:27:19,699 INFO  execution-log - [Sequence No - 20] Beginning ActionCommand ( LogicalFieldName : Contact Name, LogicalFieldValue : Click )
----------------
2019-02-04 11:27:19,849 INFO  execution-log - [Sequence No - 20]	 Command completed.
----------------
2019-02-04 11:27:19,863 INFO  execution-log - [Sequence No - 21] Beginning ActionCommand ( LogicalFieldName : Contact Name Initial Select, LogicalFieldValue : Click )
----------------
2019-02-04 11:27:20,509 INFO  execution-log - [Sequence No - 21]	 Command completed.
----------------
2019-02-04 11:27:20,522 INFO  execution-log - [Sequence No - 22] Beginning ActionCommand ( LogicalFieldName : Industry, LogicalFieldValue : Click )
----------------
2019-02-04 11:27:20,691 INFO  execution-log - [Sequence No - 22]	 Command completed.
----------------
2019-02-04 11:27:20,702 INFO  execution-log - [Sequence No - 23] Beginning ActionCommand ( LogicalFieldName : Industry1, LogicalFieldValue : Click )
----------------
2019-02-04 11:27:20,843 INFO  execution-log - [Sequence No - 23]	 Command completed.
----------------
2019-02-04 11:27:20,853 INFO  execution-log - [Sequence No - 24] Beginning TestDataCommand ( LogicalFieldName : Zip Code, LogicalFieldValue : 53704 )
----------------
2019-02-04 11:27:21,016 INFO  execution-log - [Sequence No - 24]	 Command completed.
----------------
2019-02-04 11:27:21,031 INFO  execution-log - [Sequence No - 25] Beginning ActionCommand ( LogicalFieldName : zipcode click, LogicalFieldValue : Click )
----------------
2019-02-04 11:27:21,383 INFO  execution-log - [Sequence No - 25]	 Command completed.
----------------
2019-02-04 11:27:21,393 INFO  execution-log - [Sequence No - 26] Beginning TestDataCommand ( LogicalFieldName : Street Address, LogicalFieldValue : 123 BLUEJAY LN )
----------------
2019-02-04 11:27:21,628 INFO  execution-log - [Sequence No - 26]	 Command completed.
----------------
2019-02-04 11:27:21,639 INFO  execution-log - [Sequence No - 27] Beginning ActionCommand ( LogicalFieldName : Same as Physical Address, LogicalFieldValue : Click )
----------------
2019-02-04 11:27:21,770 INFO  execution-log - [Sequence No - 27]	 Command completed.
----------------
2019-02-04 11:27:21,781 INFO  execution-log - [Sequence No - 28] Beginning ActionCommand ( LogicalFieldName : Proceed, LogicalFieldValue : Click )
----------------
2019-02-04 11:27:21,916 INFO  execution-log - [Sequence No - 28]	 Command completed.
----------------
2019-02-04 11:27:21,924 INFO  execution-log - 	 Command completed.
----------------
2019-02-04 11:27:21,934 INFO  execution-log -  Beginning PageCommand ( CurrentPage : Insured Info, FlowIdentifier : 4, DiIndicator : DI )
----------------
2019-02-04 11:27:21,943 INFO  execution-log - 	 Command completed.
----------------
2019-02-04 11:27:21,948 INFO  execution-log -  Beginning LoadTestDataItemCommand ( CurrentPage : Insured Info, FlowIdentifier : 4, DiIndicator : DI )
----------------
2019-02-04 11:27:21,961 INFO  execution-log - [Sequence No - 29] Beginning TestDataCommand ( LogicalFieldName : InsuredName, LogicalFieldValue : Smith )
----------------
2019-02-04 11:27:24,264 INFO  execution-log - [Sequence No - 29]	 Command completed.
----------------
2019-02-04 11:27:24,275 INFO  execution-log - [Sequence No - 30] Beginning ActionCommand ( LogicalFieldName : Primary State Click, LogicalFieldValue : Click )
----------------
2019-02-04 11:27:24,436 INFO  execution-log - [Sequence No - 30]	 Command completed.
----------------
2019-02-04 11:27:24,449 INFO  execution-log - [Sequence No - 31] Beginning ActionCommand ( LogicalFieldName : PrimayState Select, LogicalFieldValue : Click )
----------------
2019-02-04 11:27:24,632 INFO  execution-log - [Sequence No - 31]	 Command completed.
----------------
2019-02-04 11:27:24,649 INFO  execution-log - [Sequence No - 32] Beginning TestDataCommand ( LogicalFieldName : Street Address, LogicalFieldValue : 123 new street )
----------------
2019-02-04 11:27:24,878 INFO  execution-log - [Sequence No - 32]	 Command completed.
----------------
2019-02-04 11:27:24,888 INFO  execution-log - [Sequence No - 33] Beginning TestDataCommand ( LogicalFieldName : Zip Code, LogicalFieldValue : 53704 )
----------------
2019-02-04 11:27:25,038 INFO  execution-log - [Sequence No - 33]	 Command completed.
----------------
2019-02-04 11:27:25,049 INFO  execution-log - [Sequence No - 34] Beginning ActionCommand ( LogicalFieldName : Same as Physical Address, LogicalFieldValue : Click )
----------------
2019-02-04 11:27:25,200 INFO  execution-log - [Sequence No - 34]	 Command completed.
----------------
2019-02-04 11:27:25,211 INFO  execution-log - [Sequence No - 35] Beginning TestDataCommand ( LogicalFieldName : SIC Code, LogicalFieldValue : 41510000-School buses )
----------------
2019-02-04 11:27:25,484 INFO  execution-log - [Sequence No - 35]	 Command completed.
----------------
2019-02-04 11:27:25,495 INFO  execution-log - [Sequence No - 36] Beginning TestDataCommand ( LogicalFieldName : BusinessInceptionYear, LogicalFieldValue : 2012 )
----------------
2019-02-04 11:27:25,643 INFO  execution-log - [Sequence No - 36]	 Command completed.
----------------
2019-02-04 11:27:25,654 INFO  execution-log - [Sequence No - 37] Beginning TestDataCommand ( LogicalFieldName : BusinessPhone, LogicalFieldValue : 6549879879 )
----------------
2019-02-04 11:27:26,929 INFO  execution-log - [Sequence No - 37]	 Command completed.
----------------
2019-02-04 11:27:26,939 INFO  execution-log - [Sequence No - 38] Beginning ActionCommand ( LogicalFieldName : Next, LogicalFieldValue : Click )
----------------
2019-02-04 11:27:27,068 INFO  execution-log - [Sequence No - 38]	 Command completed.
----------------
2019-02-04 11:27:27,078 INFO  execution-log - 	 Command completed.
----------------
2019-02-04 11:27:27,084 INFO  execution-log -  Beginning PageCommand ( CurrentPage : Policy Info, FlowIdentifier : 5, DiIndicator : DI )
----------------
2019-02-04 11:27:27,090 INFO  execution-log - 	 Command completed.
----------------
2019-02-04 11:27:27,095 INFO  execution-log -  Beginning LoadTestDataItemCommand ( CurrentPage : Policy Info, FlowIdentifier : 5, DiIndicator : DI )
----------------
2019-02-04 11:27:27,109 INFO  execution-log - [Sequence No - 39] Beginning ActionCommand ( LogicalFieldName : Which State do u operate In?, LogicalFieldValue : Click )
----------------
2019-02-04 11:27:28,441 INFO  execution-log - [Sequence No - 39]	 Command completed.
----------------
2019-02-04 11:27:28,457 INFO  execution-log - [Sequence No - 40] Beginning ActionCommand ( LogicalFieldName : Which State do u operate In?1, LogicalFieldValue : Click )
----------------
2019-02-04 11:27:29,082 INFO  execution-log - [Sequence No - 40]	 Command completed.
----------------
2019-02-04 11:27:29,095 INFO  execution-log - [Sequence No - 41] Beginning ActionCommand ( LogicalFieldName : Label Click, LogicalFieldValue : Click )
----------------
2019-02-04 11:27:29,236 INFO  execution-log - [Sequence No - 41]	 Command completed.
----------------
2019-02-04 11:27:29,251 INFO  execution-log - [Sequence No - 42] Beginning ActionCommand ( LogicalFieldName : Collapse, LogicalFieldValue : Click )
----------------
2019-02-04 11:27:29,465 INFO  execution-log - [Sequence No - 42]	 Command completed.
----------------
2019-02-04 11:27:29,476 INFO  execution-log - [Sequence No - 43] Beginning ActionCommand ( LogicalFieldName : Select Product, LogicalFieldValue : Click )
----------------
2019-02-04 11:27:29,648 INFO  execution-log - [Sequence No - 43]	 Command completed.
----------------
2019-02-04 11:27:29,658 INFO  execution-log - [Sequence No - 44] Beginning ActionCommand ( LogicalFieldName : Select Product 1, LogicalFieldValue : Click )
----------------
2019-02-04 11:27:41,474 INFO  execution-log - [Sequence No - 44]	 Command completed.
----------------
2019-02-04 11:27:41,514 INFO  execution-log - 	 Command completed.
----------------
2019-02-04 11:27:41,536 INFO  execution-log - Saving captured values to file.
----------------
2019-02-04 11:27:41,551 INFO  execution-log - TC # : 1, has completed successfully.
----------------
