2019-01-29 05:09:26,735 INFO  execution-log - 	Initializing control map with map # MASTER
----------------
2019-01-29 05:09:26,741 INFO  execution-log - Initializing Test Automation
----------------
2019-01-29 05:09:26,749 INFO  execution-log - 	target browser: Chrome
----------------
2019-01-29 05:09:26,756 INFO  execution-log - TC # : 1, Downloading test case from DB
----------------
2019-01-29 05:09:26,771 INFO  execution-log - TC # : 1, Getting control map :MASTER from DB
----------------
2019-01-29 05:09:26,775 INFO  execution-log - TC # : 1, Getting test data from DB
----------------
2019-01-29 05:09:26,781 INFO  execution-log - TC # : 1, Control map retrieval completed
----------------
2019-01-29 05:09:26,791 INFO  execution-log - TC # : 1, Test data retrieval completed
----------------
2019-01-29 05:09:26,795 INFO  execution-log - TC # : 1, Parsing commands
----------------
2019-01-29 05:09:26,800 INFO  execution-log - Loading captured values from persistence.
----------------
2019-01-29 05:09:26,805 INFO  execution-log - TC # : 1, Started executing test case in the VMTESTAPP1 environment (http://vam-qa.cloudapp.net:6363/pages/login.html)
----------------
2019-01-29 05:09:26,828 INFO  execution-log -  Beginning StartIterationCommand ( Iterations : 1 )
----------------
2019-01-29 05:09:26,832 INFO  execution-log - TC # : 1, Starting iteration #1
----------------
2019-01-29 05:09:26,838 INFO  execution-log - 	 Command completed.
----------------
2019-01-29 05:09:26,842 INFO  execution-log -  Beginning InvokeApplicationCommand ( Target :  )
----------------
2019-01-29 05:09:27,855 INFO  execution-log - 	 Command completed.
----------------
2019-01-29 05:09:27,862 INFO  execution-log -  Beginning PageCommand ( CurrentPage : Login, FlowIdentifier : 1, DiIndicator : DI )
----------------
2019-01-29 05:09:27,867 INFO  execution-log - 	 Command completed.
----------------
2019-01-29 05:09:27,873 INFO  execution-log -  Beginning LoadTestDataItemCommand ( CurrentPage : Login, FlowIdentifier : 1, DiIndicator : DI )
----------------
2019-01-29 05:09:27,886 INFO  execution-log - [Sequence No - 1] Beginning ValidateExistStatusCommand ( LogicalFieldName : User Name, LogicalFieldValue : True )
----------------
2019-01-29 05:09:27,911 INFO  execution-log - [Sequence No - 1]	 Command completed.
----------------
2019-01-29 05:09:27,920 INFO  execution-log - [Sequence No - 2] Beginning ActionCommand ( LogicalFieldName : User Name, LogicalFieldValue : Click )
----------------
2019-01-29 05:09:28,041 INFO  execution-log - [Sequence No - 2]	 Command completed.
----------------
2019-01-29 05:09:28,058 INFO  execution-log - [Sequence No - 3] Beginning TestDataCommand ( LogicalFieldName : User Name, LogicalFieldValue : Jack )
----------------
2019-01-29 05:09:28,153 INFO  execution-log - [Sequence No - 3]	 Command completed.
----------------
2019-01-29 05:09:28,164 INFO  execution-log - [Sequence No - 4] Beginning ValidateExistStatusCommand ( LogicalFieldName : Password, LogicalFieldValue : True )
----------------
2019-01-29 05:09:28,191 INFO  execution-log - [Sequence No - 4]	 Command completed.
----------------
2019-01-29 05:09:28,199 INFO  execution-log - [Sequence No - 5] Beginning TestDataCommand ( LogicalFieldName : Password, LogicalFieldValue : Smit@123 )
----------------
2019-01-29 05:09:28,338 INFO  execution-log - [Sequence No - 5]	 Command completed.
----------------
2019-01-29 05:09:28,348 INFO  execution-log - [Sequence No - 6] Beginning ValidateEnableStatusCommand ( LogicalFieldName : Login_Button, LogicalFieldValue : True )
----------------
2019-01-29 05:09:28,383 INFO  execution-log - [Sequence No - 6]	 Command completed.
----------------
2019-01-29 05:09:28,393 INFO  execution-log - [Sequence No - 7] Beginning ActionCommand ( LogicalFieldName : Login_Button, LogicalFieldValue : Click )
----------------
2019-01-29 05:09:28,508 INFO  execution-log - [Sequence No - 7]	 Command completed.
----------------
2019-01-29 05:09:28,514 INFO  execution-log - 	 Command completed.
----------------
2019-01-29 05:09:28,519 INFO  execution-log -  Beginning PageCommand ( CurrentPage : Home, FlowIdentifier : 2, DiIndicator : DI )
----------------
2019-01-29 05:09:28,524 INFO  execution-log - 	 Command completed.
----------------
2019-01-29 05:09:28,529 INFO  execution-log -  Beginning LoadTestDataItemCommand ( CurrentPage : Home, FlowIdentifier : 2, DiIndicator : DI )
----------------
2019-01-29 05:09:28,551 INFO  execution-log - [Sequence No - 8] Beginning ActionCommand ( LogicalFieldName : New Quote, LogicalFieldValue : Click )
----------------
2019-01-29 05:09:30,263 INFO  execution-log - [Sequence No - 8]	 Command completed.
----------------
2019-01-29 05:09:30,270 INFO  execution-log - 	 Command completed.
----------------
2019-01-29 05:09:30,292 INFO  execution-log - Saving captured values to file.
----------------
2019-01-29 05:09:30,299 INFO  execution-log - TC # : 1, has completed successfully.
----------------
