2019-02-03 12:51:55,579 INFO  execution-log - 	Initializing control map with map # MASTER
----------------
2019-02-03 12:51:55,594 INFO  execution-log - Initializing Test Automation
----------------
2019-02-03 12:51:55,594 INFO  execution-log - 	target browser: Chrome
----------------
2019-02-03 12:51:55,610 INFO  execution-log - TC # : 1, Downloading test case from DB
----------------
2019-02-03 12:51:55,626 INFO  execution-log - TC # : 1, Getting test data from DB
----------------
2019-02-03 12:51:55,626 INFO  execution-log - TC # : 1, Getting control map :MASTER from DB
----------------
2019-02-03 12:51:55,642 INFO  execution-log - TC # : 1, Test data retrieval completed
----------------
2019-02-03 12:51:55,688 INFO  execution-log - TC # : 1, Control map retrieval completed
----------------
2019-02-03 12:51:55,688 INFO  execution-log - TC # : 1, Parsing commands
----------------
2019-02-03 12:51:55,688 INFO  execution-log - Loading captured values from persistence.
----------------
2019-02-03 12:51:55,704 INFO  execution-log - TC # : 1, Started executing test case in the VMTESTAPP1 environment (http://vam-qa.cloudapp.net:6363/pages/login.html)
----------------
2019-02-03 12:51:55,751 INFO  execution-log -  Beginning StartIterationCommand ( Iterations : 1 )
----------------
2019-02-03 12:51:55,766 INFO  execution-log - TC # : 1, Starting iteration #1
----------------
2019-02-03 12:51:55,766 INFO  execution-log - 	 Command completed.
----------------
2019-02-03 12:51:55,766 INFO  execution-log -  Beginning InvokeApplicationCommand ( Target :  )
----------------
2019-02-03 12:51:56,704 INFO  execution-log - 	 Command completed.
----------------
2019-02-03 12:51:56,714 INFO  execution-log -  Beginning PageCommand ( CurrentPage : Login, FlowIdentifier : 1, DiIndicator : DI )
----------------
2019-02-03 12:51:56,722 INFO  execution-log - 	 Command completed.
----------------
2019-02-03 12:51:56,730 INFO  execution-log -  Beginning LoadTestDataItemCommand ( CurrentPage : Login, FlowIdentifier : 1, DiIndicator : DI )
----------------
2019-02-03 12:51:56,750 INFO  execution-log - [Sequence No - 1] Beginning ValidateExistStatusCommand ( LogicalFieldName : User Name, LogicalFieldValue : True )
----------------
2019-02-03 12:51:56,781 INFO  execution-log - [Sequence No - 1]	 Command completed.
----------------
2019-02-03 12:51:56,796 INFO  execution-log - [Sequence No - 2] Beginning ActionCommand ( LogicalFieldName : User Name, LogicalFieldValue : Click )
----------------
2019-02-03 12:51:56,941 INFO  execution-log - [Sequence No - 2]	 Command completed.
----------------
2019-02-03 12:51:56,952 INFO  execution-log - [Sequence No - 3] Beginning TestDataCommand ( LogicalFieldName : User Name, LogicalFieldValue : Jack )
----------------
2019-02-03 12:51:57,058 INFO  execution-log - [Sequence No - 3]	 Command completed.
----------------
2019-02-03 12:51:57,070 INFO  execution-log - [Sequence No - 4] Beginning ValidateExistStatusCommand ( LogicalFieldName : Password, LogicalFieldValue : True )
----------------
2019-02-03 12:51:57,094 INFO  execution-log - [Sequence No - 4]	 Command completed.
----------------
2019-02-03 12:51:57,106 INFO  execution-log - [Sequence No - 5] Beginning TestDataCommand ( LogicalFieldName : Password, LogicalFieldValue : Smit@123 )
----------------
2019-02-03 12:51:57,240 INFO  execution-log - [Sequence No - 5]	 Command completed.
----------------
2019-02-03 12:51:57,250 INFO  execution-log - [Sequence No - 6] Beginning ValidateEnableStatusCommand ( LogicalFieldName : Login_Button, LogicalFieldValue : True )
----------------
2019-02-03 12:51:57,284 INFO  execution-log - [Sequence No - 6]	 Command completed.
----------------
2019-02-03 12:51:57,293 INFO  execution-log - [Sequence No - 7] Beginning ActionCommand ( LogicalFieldName : Login_Button, LogicalFieldValue : Click )
----------------
2019-02-03 12:51:57,411 INFO  execution-log - [Sequence No - 7]	 Command completed.
----------------
2019-02-03 12:51:57,418 INFO  execution-log - 	 Command completed.
----------------
2019-02-03 12:51:57,424 INFO  execution-log -  Beginning PageCommand ( CurrentPage : Home, FlowIdentifier : 2, DiIndicator : DI )
----------------
2019-02-03 12:51:57,429 INFO  execution-log - 	 Command completed.
----------------
2019-02-03 12:51:57,434 INFO  execution-log -  Beginning LoadTestDataItemCommand ( CurrentPage : Home, FlowIdentifier : 2, DiIndicator : DI )
----------------
2019-02-03 12:51:57,447 INFO  execution-log - [Sequence No - 8] Beginning ActionCommand ( LogicalFieldName : New Quote, LogicalFieldValue : Click )
----------------
2019-02-03 12:51:59,527 INFO  execution-log - [Sequence No - 8]	 Command completed.
----------------
2019-02-03 12:51:59,534 INFO  execution-log - 	 Command completed.
----------------
2019-02-03 12:51:59,546 INFO  execution-log -  Beginning PageCommand ( CurrentPage : New Quote, FlowIdentifier : 3, DiIndicator : DI )
----------------
2019-02-03 12:51:59,554 INFO  execution-log - 	 Command completed.
----------------
2019-02-03 12:51:59,562 INFO  execution-log -  Beginning LoadTestDataItemCommand ( CurrentPage : New Quote, FlowIdentifier : 3, DiIndicator : DI )
----------------
2019-02-03 12:51:59,577 INFO  execution-log - [Sequence No - 9] Beginning TestDataCommand ( LogicalFieldName : Account Name, LogicalFieldValue : RANDOMIZE(7,2) )
----------------
2019-02-03 12:51:59,863 INFO  execution-log - [Sequence No - 9]	 Command completed.
----------------
2019-02-03 12:51:59,875 INFO  execution-log - [Sequence No - 11] Beginning TestDataCommand ( LogicalFieldName : First Name, LogicalFieldValue : Jack )
----------------
2019-02-03 12:52:00,125 INFO  execution-log - [Sequence No - 11]	 Command completed.
----------------
2019-02-03 12:52:00,138 INFO  execution-log - [Sequence No - 12] Beginning TestDataCommand ( LogicalFieldName : Last Name, LogicalFieldValue : Smith )
----------------
2019-02-03 12:52:00,319 INFO  execution-log - [Sequence No - 12]	 Command completed.
----------------
2019-02-03 12:52:00,329 INFO  execution-log - [Sequence No - 13] Beginning TestDataCommand ( LogicalFieldName : ContactNumber1, LogicalFieldValue : 654 )
----------------
2019-02-03 12:52:00,475 INFO  execution-log - [Sequence No - 13]	 Command completed.
----------------
2019-02-03 12:52:00,487 INFO  execution-log - [Sequence No - 14] Beginning TestDataCommand ( LogicalFieldName : ContactNumber2, LogicalFieldValue : 321 )
----------------
2019-02-03 12:52:00,633 INFO  execution-log - [Sequence No - 14]	 Command completed.
----------------
2019-02-03 12:52:00,644 INFO  execution-log - [Sequence No - 15] Beginning TestDataCommand ( LogicalFieldName : ContactNumber3, LogicalFieldValue : 6541 )
----------------
2019-02-03 12:52:00,791 INFO  execution-log - [Sequence No - 15]	 Command completed.
----------------
2019-02-03 12:52:00,802 INFO  execution-log - [Sequence No - 16] Beginning TestDataCommand ( LogicalFieldName : Primary Email, LogicalFieldValue : jack.smith@gmail.com )
----------------
2019-02-03 12:52:01,331 INFO  execution-log - [Sequence No - 16]	 Command completed.
----------------
2019-02-03 12:52:01,346 INFO  execution-log - [Sequence No - 17] Beginning TestDataCommand ( LogicalFieldName : Business Started Year, LogicalFieldValue : 2012 )
----------------
2019-02-03 12:52:01,496 INFO  execution-log - [Sequence No - 17]	 Command completed.
----------------
2019-02-03 12:52:01,508 INFO  execution-log - [Sequence No - 18] Beginning ActionCommand ( LogicalFieldName : Select Product, LogicalFieldValue : Click )
----------------
2019-02-03 12:52:01,689 INFO  execution-log - [Sequence No - 18]	 Command completed.
----------------
2019-02-03 12:52:01,708 INFO  execution-log - [Sequence No - 19] Beginning ActionCommand ( LogicalFieldName : Select Product1, LogicalFieldValue : Click )
----------------
2019-02-03 12:52:01,861 INFO  execution-log - [Sequence No - 19]	 Command completed.
----------------
2019-02-03 12:52:01,872 INFO  execution-log - [Sequence No - 20] Beginning ActionCommand ( LogicalFieldName : Contact Name, LogicalFieldValue : Click )
----------------
2019-02-03 12:52:02,031 INFO  execution-log - [Sequence No - 20]	 Command completed.
----------------
2019-02-03 12:52:02,041 INFO  execution-log - [Sequence No - 21] Beginning ActionCommand ( LogicalFieldName : Contact Name Initial Select, LogicalFieldValue : Click )
----------------
2019-02-03 12:52:02,695 INFO  execution-log - [Sequence No - 21]	 Command completed.
----------------
2019-02-03 12:52:02,709 INFO  execution-log - [Sequence No - 22] Beginning ActionCommand ( LogicalFieldName : Industry, LogicalFieldValue : Click )
----------------
2019-02-03 12:52:02,890 INFO  execution-log - [Sequence No - 22]	 Command completed.
----------------
2019-02-03 12:52:02,903 INFO  execution-log - [Sequence No - 23] Beginning ActionCommand ( LogicalFieldName : Industry1, LogicalFieldValue : Click )
----------------
2019-02-03 12:52:03,060 INFO  execution-log - [Sequence No - 23]	 Command completed.
----------------
2019-02-03 12:52:03,071 INFO  execution-log - [Sequence No - 24] Beginning TestDataCommand ( LogicalFieldName : Zip Code, LogicalFieldValue : 53704 )
----------------
2019-02-03 12:52:03,256 INFO  execution-log - [Sequence No - 24]	 Command completed.
----------------
2019-02-03 12:52:03,271 INFO  execution-log - [Sequence No - 25] Beginning ActionCommand ( LogicalFieldName : zipcode click, LogicalFieldValue : Click )
----------------
2019-02-03 12:52:03,771 INFO  execution-log - [Sequence No - 25]	 Command completed.
----------------
2019-02-03 12:52:03,789 INFO  execution-log - [Sequence No - 26] Beginning TestDataCommand ( LogicalFieldName : Street Address, LogicalFieldValue : 123 BLUEJAY LN )
----------------
2019-02-03 12:52:04,077 INFO  execution-log - [Sequence No - 26]	 Command completed.
----------------
2019-02-03 12:52:04,099 INFO  execution-log - [Sequence No - 27] Beginning ActionCommand ( LogicalFieldName : Same as Physical Address, LogicalFieldValue : Click )
----------------
2019-02-03 12:52:04,267 INFO  execution-log - [Sequence No - 27]	 Command completed.
----------------
2019-02-03 12:52:04,278 INFO  execution-log - [Sequence No - 28] Beginning ActionCommand ( LogicalFieldName : Proceed, LogicalFieldValue : Click )
----------------
2019-02-03 12:52:04,436 INFO  execution-log - [Sequence No - 28]	 Command completed.
----------------
2019-02-03 12:52:04,459 INFO  execution-log - [Sequence No - 29] Beginning TestDataCommand ( LogicalFieldName : InsuredName, LogicalFieldValue : Smith )
----------------
2019-02-03 12:52:06,433 INFO  execution-log - [Sequence No - 29]	 Command completed.
----------------
2019-02-03 12:52:06,440 INFO  execution-log - 	 Command completed.
----------------
2019-02-03 12:52:06,483 INFO  execution-log - Saving captured values to file.
----------------
2019-02-03 12:52:06,489 INFO  execution-log - TC # : 1, has completed successfully.
----------------
