2019-01-28 19:50:36,141 INFO  execution-log - 	Initializing control map with map # MASTER
----------------
2019-01-28 19:50:36,147 INFO  execution-log - Initializing Test Automation
----------------
2019-01-28 19:50:36,152 INFO  execution-log - 	target browser: Ie
----------------
2019-01-28 19:50:36,155 INFO  execution-log - TC # : 2, Downloading test case from DB
----------------
2019-01-28 19:50:36,155 INFO  execution-log - TC # : 2, Getting test data from DB
----------------
2019-01-28 19:50:36,155 INFO  execution-log - TC # : 2, Getting control map :MASTER from DB
----------------
2019-01-28 19:50:36,171 INFO  execution-log - TC # : 2, Test data retrieval completed
----------------
2019-01-28 19:50:36,171 INFO  execution-log - TC # : 2, Control map retrieval completed
----------------
2019-01-28 19:50:36,171 INFO  execution-log - TC # : 2, Parsing commands
----------------
2019-01-28 19:50:36,186 INFO  execution-log - Loading captured values from persistence.
----------------
2019-01-28 19:50:36,186 INFO  execution-log - TC # : 2, Started executing test case in the VMTESTAPP environment (http://vam-qa.cloudapp.net:6363/pages/login.html)
----------------
2019-01-28 19:50:36,202 INFO  execution-log -  Beginning StartIterationCommand ( Iterations : 1 )
----------------
2019-01-28 19:50:36,202 INFO  execution-log - TC # : 2, Starting iteration #1
----------------
2019-01-28 19:50:36,218 INFO  execution-log - 	 Command completed.
----------------
2019-01-28 19:50:36,218 INFO  execution-log -  Beginning InvokeApplicationCommand ( Target :  )
----------------
2019-01-28 19:50:36,744 INFO  execution-log - 	 Command completed.
----------------
2019-01-28 19:50:36,750 INFO  execution-log -  Beginning PageCommand ( CurrentPage : Login, FlowIdentifier : 1, DiIndicator : DI )
----------------
2019-01-28 19:50:36,755 INFO  execution-log - 	 Command completed.
----------------
2019-01-28 19:50:36,755 INFO  execution-log -  Beginning LoadTestDataItemCommand ( CurrentPage : Login, FlowIdentifier : 1, DiIndicator : DI )
----------------
2019-01-28 19:50:36,770 INFO  execution-log - [Sequence No - 1] Beginning ValidateExistStatusCommand ( LogicalFieldName : User Name, LogicalFieldValue : True )
----------------
2019-01-28 19:50:36,864 INFO  execution-log - [Sequence No - 1]	 Command completed.
----------------
2019-01-28 19:50:36,880 INFO  execution-log - [Sequence No - 2] Beginning ActionCommand ( LogicalFieldName : User Name, LogicalFieldValue : Click )
----------------
2019-01-28 19:50:37,411 INFO  execution-log - [Sequence No - 2]	 Command completed.
----------------
2019-01-28 19:50:37,427 INFO  execution-log - [Sequence No - 3] Beginning TestDataCommand ( LogicalFieldName : User Name, LogicalFieldValue : Jack )
----------------
2019-01-28 19:50:37,989 INFO  execution-log - [Sequence No - 3]	 Command completed.
----------------
2019-01-28 19:50:37,989 INFO  execution-log - [Sequence No - 4] Beginning ValidateExistStatusCommand ( LogicalFieldName : Password, LogicalFieldValue : True )
----------------
2019-01-28 19:50:38,067 INFO  execution-log - [Sequence No - 4]	 Command completed.
----------------
2019-01-28 19:50:38,067 INFO  execution-log - [Sequence No - 5] Beginning TestDataCommand ( LogicalFieldName : Password, LogicalFieldValue : Smit@123 )
----------------
2019-01-28 19:50:38,630 INFO  execution-log - [Sequence No - 5]	 Command completed.
----------------
2019-01-28 19:50:38,645 INFO  execution-log - [Sequence No - 6] Beginning ValidateEnableStatusCommand ( LogicalFieldName : Login_Button, LogicalFieldValue : True )
----------------
2019-01-28 19:50:38,755 INFO  execution-log - [Sequence No - 6]	 Command completed.
----------------
2019-01-28 19:50:38,755 INFO  execution-log - [Sequence No - 7] Beginning ActionCommand ( LogicalFieldName : Login_Button, LogicalFieldValue : Click )
----------------
2019-01-28 19:50:39,677 INFO  execution-log - [Sequence No - 7]	 Command completed.
----------------
2019-01-28 19:50:39,677 INFO  execution-log - 	 Command completed.
----------------
2019-01-28 19:50:39,692 INFO  execution-log - Saving captured values to file.
----------------
2019-01-28 19:50:39,708 INFO  execution-log - TC # : 2, has completed successfully.
----------------
