2018-11-09 07:48:45,402 INFO  execution-log - 	Initializing control map with map # Master
----------------
2018-11-09 07:48:45,404 INFO  execution-log - Initializing Test Automation
----------------
2018-11-09 07:48:45,405 INFO  execution-log - 	target browser: Chrome
----------------
2018-11-09 07:48:45,406 INFO  execution-log - TC # : 2, Downloading test case from DB
----------------
2018-11-09 07:48:45,408 INFO  execution-log - TC # : 2, Getting control map :Master from DB
----------------
2018-11-09 07:48:45,408 INFO  execution-log - TC # : 2, Getting test data from DB
----------------
2018-11-09 07:48:45,414 INFO  execution-log - TC # : 2, Control map retrieval completed
----------------
2018-11-09 07:48:45,430 INFO  execution-log - TC # : 2, Test data retrieval completed
----------------
2018-11-09 07:48:45,431 INFO  execution-log - TC # : 2, Parsing commands
----------------
2018-11-09 07:48:45,433 INFO  execution-log - Loading captured values from persistence.
----------------
2018-11-09 07:48:45,435 INFO  execution-log - TC # : 2, Started executing test case in the HISCOX environment (http://hiscpvt.cloud.hiscox.com/oneshield/index.jsp#gateway)
----------------
2018-11-09 07:48:45,481 INFO  execution-log -  Beginning StartIterationCommand ( Iterations : 1 )
----------------
2018-11-09 07:48:45,483 INFO  execution-log - TC # : 2, Starting iteration #1
----------------
2018-11-09 07:48:45,484 INFO  execution-log - 	 Command completed.
----------------
2018-11-09 07:48:45,485 INFO  execution-log -  Beginning InvokeApplicationCommand ( Target :  )
----------------
2018-11-09 07:48:45,830 INFO  execution-log - 	 Command completed.
----------------
2018-11-09 07:48:45,831 INFO  execution-log -  Beginning PageCommand ( CurrentPage : Login, FlowIdentifier : 1, DiIndicator : DI )
----------------
2018-11-09 07:48:45,832 INFO  execution-log - 	 Command completed.
----------------
2018-11-09 07:48:45,833 INFO  execution-log -  Beginning LoadTestDataItemCommand ( CurrentPage : Login, FlowIdentifier : 1, DiIndicator : DI )
----------------
2018-11-09 07:48:45,851 INFO  execution-log - [Sequence No - 1] Beginning TestDataCommand ( LogicalFieldName : Partner Number, LogicalFieldValue : 0 )
----------------
2018-11-09 07:48:47,822 INFO  execution-log - [Sequence No - 1]	 Command completed.
----------------
2018-11-09 07:48:47,826 INFO  execution-log - [Sequence No - 2] Beginning TestDataCommand ( LogicalFieldName : Username, LogicalFieldValue : karthicuw )
----------------
2018-11-09 07:48:49,157 INFO  execution-log - [Sequence No - 2]	 Command completed.
----------------
2018-11-09 07:48:49,162 INFO  execution-log - [Sequence No - 3] Beginning TestDataCommand ( LogicalFieldName : Password, LogicalFieldValue : Monday!23 )
----------------
2018-11-09 07:48:49,342 INFO  execution-log - [Sequence No - 3]	 Command completed.
----------------
2018-11-09 07:48:49,347 INFO  execution-log - [Sequence No - 4] Beginning TestDataCommand ( LogicalFieldName : Partner Number, LogicalFieldValue : 0 )
----------------
2018-11-09 07:48:49,495 INFO  execution-log - [Sequence No - 4]	 Command completed.
----------------
2018-11-09 07:48:49,503 INFO  execution-log - [Sequence No - 5] Beginning ActionCommand ( LogicalFieldName : Login Page, LogicalFieldValue : Click )
----------------
2018-11-09 07:48:49,666 INFO  execution-log - [Sequence No - 5]	 Command completed.
----------------
2018-11-09 07:48:49,671 INFO  execution-log - [Sequence No - 6] Beginning ActionCommand ( LogicalFieldName : Login Button, LogicalFieldValue : Click )
----------------
2018-11-09 07:48:49,850 INFO  execution-log - [Sequence No - 6]	 Command completed.
----------------
2018-11-09 07:48:49,855 INFO  execution-log - [Sequence No - 7] Beginning TestDataCommand ( LogicalFieldName : Partner Number, LogicalFieldValue : 0 )
----------------
2018-11-09 07:48:50,034 INFO  execution-log - [Sequence No - 7]	 Command completed.
----------------
2018-11-09 07:48:50,035 INFO  execution-log - 	 Command completed.
----------------
2018-11-09 07:48:50,036 INFO  execution-log -  Beginning PageCommand ( CurrentPage : Quotes, FlowIdentifier : 1, DiIndicator : DI )
----------------
2018-11-09 07:48:50,037 INFO  execution-log - 	 Command completed.
----------------
2018-11-09 07:48:50,037 INFO  execution-log -  Beginning LoadTestDataItemCommand ( CurrentPage : Quotes, FlowIdentifier : 1, DiIndicator : DI )
----------------
2018-11-09 07:48:50,044 INFO  execution-log - [Sequence No - 8] Beginning WaitForControlCommand ( LogicalFieldName : Quotes_Link, LogicalFieldValue : True )
----------------
2018-11-09 07:48:50,783 INFO  execution-log - [Sequence No - 8]	 Command completed.
----------------
2018-11-09 07:48:50,791 INFO  execution-log - [Sequence No - 9] Beginning ActionCommand ( LogicalFieldName : Quotes_Link, LogicalFieldValue : Click )
----------------
2018-11-09 07:48:50,985 INFO  execution-log - [Sequence No - 9]	 Command completed.
----------------
2018-11-09 07:48:50,990 INFO  execution-log - [Sequence No - 10] Beginning WaitForControlCommand ( LogicalFieldName : New quote, LogicalFieldValue : True )
----------------
2018-11-09 07:48:52,844 INFO  execution-log - [Sequence No - 10]	 Command completed.
----------------
2018-11-09 07:48:52,848 INFO  execution-log - [Sequence No - 11] Beginning ActionCommand ( LogicalFieldName : New quote, LogicalFieldValue : Click )
----------------
2018-11-09 07:48:53,036 INFO  execution-log - [Sequence No - 11]	 Command completed.
----------------
2018-11-09 07:48:53,041 INFO  execution-log - [Sequence No - 12] Beginning ActionCommand ( LogicalFieldName : Select Producing Agency, LogicalFieldValue : Click-Wait(500) )
----------------
2018-11-09 07:48:54,491 INFO  execution-log - [Sequence No - 12]	 Command completed.
----------------
2018-11-09 07:48:54,495 INFO  execution-log - [Sequence No - 13] Beginning ActionCommand ( LogicalFieldName : Select Agency, LogicalFieldValue : Click )
----------------
2018-11-09 07:48:54,660 INFO  execution-log - [Sequence No - 13]	 Command completed.
----------------
2018-11-09 07:48:54,665 INFO  execution-log - [Sequence No - 14] Beginning WaitForControlCommand ( LogicalFieldName : Producer, LogicalFieldValue : True )
----------------
2018-11-09 07:48:56,464 INFO  execution-log - [Sequence No - 14]	 Command completed.
----------------
2018-11-09 07:48:56,468 INFO  execution-log - [Sequence No - 15] Beginning ActionCommand ( LogicalFieldName : Producer, LogicalFieldValue : Click-Wait(500) )
----------------
2018-11-09 07:48:57,657 INFO  execution-log - [Sequence No - 15]	 Command completed.
----------------
2018-11-09 07:48:57,662 INFO  execution-log - [Sequence No - 16] Beginning TestDataCommand ( LogicalFieldName : Producer, LogicalFieldValue : Agency  Producer )
----------------
2018-11-09 07:48:58,523 INFO  execution-log - [Sequence No - 16]	 Command completed.
----------------
2018-11-09 07:48:58,528 INFO  execution-log - [Sequence No - 17] Beginning TestDataCommand ( LogicalFieldName : First Name, LogicalFieldValue : HISCOX )
----------------
2018-11-09 07:48:58,856 INFO  execution-log - [Sequence No - 17]	 Command completed.
----------------
2018-11-09 07:48:58,860 INFO  execution-log - [Sequence No - 18] Beginning TestDataCommand ( LogicalFieldName : Last Name, LogicalFieldValue : Demo )
----------------
2018-11-09 07:48:59,049 INFO  execution-log - [Sequence No - 18]	 Command completed.
----------------
2018-11-09 07:48:59,054 INFO  execution-log - [Sequence No - 19] Beginning TestDataCommand ( LogicalFieldName : City, LogicalFieldValue : Atlanta )
----------------
2018-11-09 07:48:59,387 INFO  execution-log - [Sequence No - 19]	 Command completed.
----------------
2018-11-09 07:48:59,391 INFO  execution-log - [Sequence No - 20] Beginning TestDataCommand ( LogicalFieldName : State, LogicalFieldValue : Georgia )
----------------
2018-11-09 07:48:59,740 INFO  execution-log - [Sequence No - 20]	 Command completed.
----------------
2018-11-09 07:48:59,746 INFO  execution-log - [Sequence No - 21] Beginning TestDataCommand ( LogicalFieldName : Zip, LogicalFieldValue : 30338 )
----------------
2018-11-09 07:48:59,941 INFO  execution-log - [Sequence No - 21]	 Command completed.
----------------
2018-11-09 07:48:59,946 INFO  execution-log - [Sequence No - 22] Beginning TestDataCommand ( LogicalFieldName : Address Line 1, LogicalFieldValue : 1 Main st )
----------------
2018-11-09 07:49:00,225 INFO  execution-log - [Sequence No - 22]	 Command completed.
----------------
2018-11-09 07:49:00,229 INFO  execution-log - [Sequence No - 23] Beginning TestDataCommand ( LogicalFieldName : Address Line 2, LogicalFieldValue : 1 )
----------------
2018-11-09 07:49:00,359 INFO  execution-log - [Sequence No - 23]	 Command completed.
----------------
2018-11-09 07:49:00,368 INFO  execution-log - [Sequence No - 24] Beginning ActionCommand ( LogicalFieldName : Product line (errors and omissions), LogicalFieldValue : Click )
----------------
2018-11-09 07:49:00,554 INFO  execution-log - [Sequence No - 24]	 Command completed.
----------------
2018-11-09 07:49:00,560 INFO  execution-log - [Sequence No - 25] Beginning ActionCommand ( LogicalFieldName : Customer search, LogicalFieldValue : Click )
----------------
2018-11-09 07:49:00,818 INFO  execution-log - [Sequence No - 25]	 Command completed.
----------------
2018-11-09 07:49:00,819 INFO  execution-log - 	 Command completed.
----------------
2018-11-09 07:49:00,820 INFO  execution-log -  Beginning PageCommand ( CurrentPage : QuoteDetails, FlowIdentifier : 1, DiIndicator : DI )
----------------
2018-11-09 07:49:00,821 INFO  execution-log - 	 Command completed.
----------------
2018-11-09 07:49:00,821 INFO  execution-log -  Beginning LoadTestDataItemCommand ( CurrentPage : QuoteDetails, FlowIdentifier : 1, DiIndicator : DI )
----------------
2018-11-09 07:49:00,829 INFO  execution-log - [Sequence No - 26] Beginning WaitForControlCommand ( LogicalFieldName : Retro-active Date, LogicalFieldValue : True )
----------------
2018-11-09 07:49:07,671 INFO  execution-log - [Sequence No - 26]	 Command completed.
----------------
2018-11-09 07:49:07,677 INFO  execution-log - [Sequence No - 27] Beginning TestDataCommand ( LogicalFieldName : Rating Company, LogicalFieldValue : FDLI Protection Insurance Company )
----------------
2018-11-09 07:49:09,389 INFO  execution-log - [Sequence No - 27]	 Command completed.
----------------
2018-11-09 07:49:09,393 INFO  execution-log - [Sequence No - 28] Beginning TestDataCommand ( LogicalFieldName : Retro-active Date, LogicalFieldValue : 09/11/2018 )
----------------
2018-11-09 07:49:09,576 INFO  execution-log - [Sequence No - 28]	 Command completed.
----------------
2018-11-09 07:49:09,580 INFO  execution-log - [Sequence No - 29] Beginning TestDataCommand ( LogicalFieldName : Professional Liability Gross Sales, LogicalFieldValue : 100000 )
----------------
2018-11-09 07:49:09,736 INFO  execution-log - [Sequence No - 29]	 Command completed.
----------------
2018-11-09 07:49:09,740 INFO  execution-log - [Sequence No - 30] Beginning ActionCommand ( LogicalFieldName : QuoteDetails Page, LogicalFieldValue : Click )
----------------
2018-11-09 07:49:09,891 INFO  execution-log - [Sequence No - 30]	 Command completed.
----------------
2018-11-09 07:49:09,895 INFO  execution-log - [Sequence No - 31] Beginning ActionCommand ( LogicalFieldName : Save Changes, LogicalFieldValue : Click )
----------------
2018-11-09 07:49:10,073 INFO  execution-log - [Sequence No - 31]	 Command completed.
----------------
2018-11-09 07:49:10,078 INFO  execution-log - [Sequence No - 32] Beginning WaitForControlCommand ( LogicalFieldName : Rate Quote, LogicalFieldValue : True )
----------------
2018-11-09 07:49:10,931 INFO  execution-log - [Sequence No - 32]	 Command completed.
----------------
2018-11-09 07:49:10,938 INFO  execution-log - [Sequence No - 33] Beginning ActionCommand ( LogicalFieldName : Rate Quote, LogicalFieldValue : Click-Wait(1000) )
----------------
2018-11-09 07:49:13,082 INFO  execution-log - [Sequence No - 33]	 Command completed.
----------------
2018-11-09 07:49:13,087 INFO  execution-log - [Sequence No - 34] Beginning WaitForControlCommand ( LogicalFieldName : Request Issue, LogicalFieldValue : True )
----------------
2018-11-09 07:49:19,565 INFO  execution-log - [Sequence No - 34]	 Command completed.
----------------
2018-11-09 07:49:19,569 INFO  execution-log - [Sequence No - 35] Beginning ActionCommand ( LogicalFieldName : Request Issue, LogicalFieldValue : Click-Wait(1000) )
----------------
2018-11-09 07:49:21,719 INFO  execution-log - [Sequence No - 35]	 Command completed.
----------------
2018-11-09 07:49:21,724 INFO  execution-log - [Sequence No - 36] Beginning WaitForControlCommand ( LogicalFieldName : Next, LogicalFieldValue : True )
----------------
2018-11-09 07:49:22,361 INFO  execution-log - [Sequence No - 36]	 Command completed.
----------------
2018-11-09 07:49:22,367 INFO  execution-log - [Sequence No - 37] Beginning ActionCommand ( LogicalFieldName : Next, LogicalFieldValue : Click )
----------------
2018-11-09 07:49:22,501 INFO  execution-log - [Sequence No - 37]	 Command completed.
----------------
2018-11-09 07:49:22,502 INFO  execution-log - 	 Command completed.
----------------
2018-11-09 07:49:22,503 INFO  execution-log -  Beginning PageCommand ( CurrentPage : Payment Profile, FlowIdentifier : 1, DiIndicator : DI )
----------------
2018-11-09 07:49:22,504 INFO  execution-log - 	 Command completed.
----------------
2018-11-09 07:49:22,505 INFO  execution-log -  Beginning LoadTestDataItemCommand ( CurrentPage : Payment Profile, FlowIdentifier : 1, DiIndicator : DI )
----------------
2018-11-09 07:49:22,516 INFO  execution-log - [Sequence No - 38] Beginning WaitForControlCommand ( LogicalFieldName : Check Payment, LogicalFieldValue : True )
----------------
2018-11-09 07:49:23,905 INFO  execution-log - [Sequence No - 38]	 Command completed.
----------------
2018-11-09 07:49:23,910 INFO  execution-log - [Sequence No - 39] Beginning ActionCommand ( LogicalFieldName : Check Payment, LogicalFieldValue : Click )
----------------
2018-11-09 07:49:24,104 INFO  execution-log - [Sequence No - 39]	 Command completed.
----------------
2018-11-09 07:49:24,109 INFO  execution-log - [Sequence No - 40] Beginning ActionCommand ( LogicalFieldName : Next, LogicalFieldValue : Click-Wait(1000) )
----------------
2018-11-09 07:49:26,292 INFO  execution-log - [Sequence No - 40]	 Command completed.
----------------
2018-11-09 07:49:26,293 INFO  execution-log - 	 Command completed.
----------------
2018-11-09 07:49:26,294 INFO  execution-log -  Beginning PageCommand ( CurrentPage : Billing Choices, FlowIdentifier : 1, DiIndicator : DI )
----------------
2018-11-09 07:49:26,295 INFO  execution-log - 	 Command completed.
----------------
2018-11-09 07:49:26,297 INFO  execution-log -  Beginning LoadTestDataItemCommand ( CurrentPage : Billing Choices, FlowIdentifier : 1, DiIndicator : DI )
----------------
2018-11-09 07:49:26,303 INFO  execution-log - [Sequence No - 41] Beginning WaitForControlCommand ( LogicalFieldName : Email Address, LogicalFieldValue : True )
----------------
2018-11-09 07:49:27,468 INFO  execution-log - [Sequence No - 41]	 Command completed.
----------------
2018-11-09 07:49:27,474 INFO  execution-log - [Sequence No - 42] Beginning ActionCommand ( LogicalFieldName : Email Address, LogicalFieldValue : Click-Wait(2000) )
----------------
2018-11-09 07:49:31,593 INFO  execution-log - [Sequence No - 42]	 Command completed.
----------------
2018-11-09 07:49:31,599 INFO  execution-log - [Sequence No - 43] Beginning TestDataCommand ( LogicalFieldName : Email Address, LogicalFieldValue : EMAILID )
----------------
2018-11-09 07:49:31,890 INFO  execution-log - [Sequence No - 43]	 Command completed.
----------------
2018-11-09 07:49:31,894 INFO  execution-log - [Sequence No - 44] Beginning ActionCommand ( LogicalFieldName : Billing Choices Page, LogicalFieldValue : Click )
----------------
2018-11-09 07:49:31,996 INFO  execution-log - [Sequence No - 44]	 Command completed.
----------------
2018-11-09 07:49:32,000 INFO  execution-log - [Sequence No - 45] Beginning ActionCommand ( LogicalFieldName : Next, LogicalFieldValue : Click )
----------------
2018-11-09 07:49:32,153 INFO  execution-log - [Sequence No - 45]	 Command completed.
----------------
2018-11-09 07:49:32,154 INFO  execution-log - 	 Command completed.
----------------
2018-11-09 07:49:32,155 INFO  execution-log -  Beginning PageCommand ( CurrentPage : Quote Bind, FlowIdentifier : 1, DiIndicator : DI )
----------------
2018-11-09 07:49:32,156 INFO  execution-log - 	 Command completed.
----------------
2018-11-09 07:49:32,157 INFO  execution-log -  Beginning LoadTestDataItemCommand ( CurrentPage : Quote Bind, FlowIdentifier : 1, DiIndicator : DI )
----------------
2018-11-09 07:49:32,171 INFO  execution-log - [Sequence No - 46] Beginning WaitForControlCommand ( LogicalFieldName : Bind, LogicalFieldValue : True )
----------------
2018-11-09 07:49:33,276 INFO  execution-log - [Sequence No - 46]	 Command completed.
----------------
2018-11-09 07:49:33,281 INFO  execution-log - [Sequence No - 47] Beginning ActionCommand ( LogicalFieldName : Bind, LogicalFieldValue : Click )
----------------
2018-11-09 07:49:33,408 INFO  execution-log - [Sequence No - 47]	 Command completed.
----------------
2018-11-09 07:49:33,409 INFO  execution-log - 	 Command completed.
----------------
2018-11-09 07:49:33,420 INFO  execution-log - Saving captured values to file.
----------------
2018-11-09 07:49:33,421 INFO  execution-log - TC # : 2, has completed successfully.
----------------
