2019-01-29 02:10:46,194 INFO  execution-log - 	Initializing control map with map # MASTER
----------------
2019-01-29 02:10:46,209 INFO  execution-log - Initializing Test Automation
----------------
2019-01-29 02:10:46,209 INFO  execution-log - 	target browser: Chrome
----------------
2019-01-29 02:10:46,209 INFO  execution-log - TC # : 2, Downloading test case from DB
----------------
2019-01-29 02:10:46,241 INFO  execution-log - TC # : 2, Getting test data from DB
----------------
2019-01-29 02:10:46,241 INFO  execution-log - TC # : 2, Getting control map :MASTER from DB
----------------
2019-01-29 02:10:46,256 INFO  execution-log - TC # : 2, Test data retrieval completed
----------------
2019-01-29 02:10:46,256 INFO  execution-log - TC # : 2, Control map retrieval completed
----------------
2019-01-29 02:10:46,272 INFO  execution-log - TC # : 2, Parsing commands
----------------
2019-01-29 02:10:46,272 INFO  execution-log - Loading captured values from persistence.
----------------
2019-01-29 02:10:46,272 INFO  execution-log - TC # : 2, Started executing test case in the VMTESTAPP1 environment (http://vam-qa.cloudapp.net:6363/pages/login.html)
----------------
2019-01-29 02:10:46,319 INFO  execution-log -  Beginning StartIterationCommand ( Iterations : 1 )
----------------
2019-01-29 02:10:46,319 INFO  execution-log - TC # : 2, Starting iteration #1
----------------
2019-01-29 02:10:46,412 INFO  execution-log - 	 Command completed.
----------------
2019-01-29 02:10:46,412 INFO  execution-log -  Beginning InvokeApplicationCommand ( Target :  )
----------------
2019-01-29 02:10:47,413 INFO  execution-log - 	 Command completed.
----------------
2019-01-29 02:10:47,425 INFO  execution-log -  Beginning PageCommand ( CurrentPage : Login, FlowIdentifier : 1, DiIndicator : DI )
----------------
2019-01-29 02:10:47,429 INFO  execution-log - 	 Command completed.
----------------
2019-01-29 02:10:47,434 INFO  execution-log -  Beginning LoadTestDataItemCommand ( CurrentPage : Login, FlowIdentifier : 1, DiIndicator : DI )
----------------
2019-01-29 02:10:47,452 INFO  execution-log - [Sequence No - 1] Beginning ValidateExistStatusCommand ( LogicalFieldName : User Name, LogicalFieldValue : True )
----------------
2019-01-29 02:10:47,479 INFO  execution-log - [Sequence No - 1]	 Command completed.
----------------
2019-01-29 02:10:47,481 INFO  execution-log - [Sequence No - 2] Beginning ActionCommand ( LogicalFieldName : User Name, LogicalFieldValue : Click )
----------------
2019-01-29 02:10:47,612 INFO  execution-log - [Sequence No - 2]	 Command completed.
----------------
2019-01-29 02:10:47,624 INFO  execution-log - [Sequence No - 3] Beginning TestDataCommand ( LogicalFieldName : User Name, LogicalFieldValue : Jack )
----------------
2019-01-29 02:10:47,714 INFO  execution-log - [Sequence No - 3]	 Command completed.
----------------
2019-01-29 02:10:47,735 INFO  execution-log - [Sequence No - 4] Beginning ValidateExistStatusCommand ( LogicalFieldName : Password, LogicalFieldValue : True )
----------------
2019-01-29 02:10:47,767 INFO  execution-log - [Sequence No - 4]	 Command completed.
----------------
2019-01-29 02:10:47,774 INFO  execution-log - [Sequence No - 5] Beginning TestDataCommand ( LogicalFieldName : Password, LogicalFieldValue : Smit@123 )
----------------
2019-01-29 02:10:47,894 INFO  execution-log - [Sequence No - 5]	 Command completed.
----------------
2019-01-29 02:10:47,905 INFO  execution-log - [Sequence No - 6] Beginning ValidateEnableStatusCommand ( LogicalFieldName : Login_Button, LogicalFieldValue : True )
----------------
2019-01-29 02:10:47,938 INFO  execution-log - [Sequence No - 6]	 Command completed.
----------------
2019-01-29 02:10:47,946 INFO  execution-log - [Sequence No - 7] Beginning ActionCommand ( LogicalFieldName : Login_Button, LogicalFieldValue : Click )
----------------
2019-01-29 02:10:48,057 INFO  execution-log - [Sequence No - 7]	 Command completed.
----------------
2019-01-29 02:10:48,064 INFO  execution-log - 	 Command completed.
----------------
2019-01-29 02:10:48,070 INFO  execution-log -  Beginning InvokeApplicationCommand ( Target : Home-2[DI] )
----------------
2019-01-29 02:10:48,107 ERROR execution-log - TC # : 2, environment undefined in configuration file
----------------
2019-01-29 02:10:48,115 ERROR execution-log - TC # : 2, The test run will be aborted.
----------------
2019-01-29 02:10:48,255 ERROR execution-log - No more iterations to run. Test execution will abort.
----------------
2019-01-29 02:10:48,271 ERROR execution-log - TC # : 2, Framework failed to run the test due to a test configuration error.
	environment undefined in configuration file
----------------
2019-01-29 02:10:48,302 INFO  execution-log - Saving captured values to file.
----------------
2019-01-29 02:10:48,318 ERROR execution-log - TC # : 2,  has failed
----------------
