2019-02-07 01:42:51,445 INFO  execution-log - 	Initializing control map with map # MASTER
----------------
2019-02-07 01:42:51,465 INFO  execution-log - Initializing Test Automation
----------------
2019-02-07 01:42:51,471 INFO  execution-log - 	target browser: Chrome
----------------
2019-02-07 01:42:51,483 INFO  execution-log - TC # : 1, Downloading test case from DB
----------------
2019-02-07 01:42:51,506 INFO  execution-log - TC # : 1, Getting test data from DB
----------------
2019-02-07 01:42:51,506 INFO  execution-log - TC # : 1, Getting control map :MASTER from DB
----------------
2019-02-07 01:42:51,534 INFO  execution-log - TC # : 1, Control map retrieval completed
----------------
2019-02-07 01:42:51,544 INFO  execution-log - TC # : 1, Test data retrieval completed
----------------
2019-02-07 01:42:51,548 INFO  execution-log - TC # : 1, Parsing commands
----------------
2019-02-07 01:42:51,554 INFO  execution-log - Loading captured values from persistence.
----------------
2019-02-07 01:42:51,562 INFO  execution-log - TC # : 1, Started executing test case in the VMTESTAPP1 environment (http://vam-qa.cloudapp.net:6363/pages/login.html)
----------------
2019-02-07 01:42:51,629 INFO  execution-log -  Beginning StartIterationCommand ( Iterations : 1 )
----------------
2019-02-07 01:42:51,638 INFO  execution-log - TC # : 1, Starting iteration #1
----------------
2019-02-07 01:42:51,644 INFO  execution-log - 	 Command completed.
----------------
2019-02-07 01:42:51,652 INFO  execution-log -  Beginning InvokeApplicationCommand ( Target :  )
----------------
2019-02-07 01:42:52,504 INFO  execution-log - 	 Command completed.
----------------
2019-02-07 01:42:52,510 INFO  execution-log -  Beginning PageCommand ( CurrentPage : Login, FlowIdentifier : 1, DiIndicator : DI )
----------------
2019-02-07 01:42:52,516 INFO  execution-log - 	 Command completed.
----------------
2019-02-07 01:42:52,523 INFO  execution-log -  Beginning LoadTestDataItemCommand ( CurrentPage : Login, FlowIdentifier : 1, DiIndicator : DI )
----------------
2019-02-07 01:42:52,544 INFO  execution-log - [Sequence No - 1] Beginning ValidateExistStatusCommand ( LogicalFieldName : User Name, LogicalFieldValue : True )
----------------
2019-02-07 01:42:52,579 INFO  execution-log - [Sequence No - 1]	 Command completed.
----------------
2019-02-07 01:42:52,590 INFO  execution-log - [Sequence No - 2] Beginning ActionCommand ( LogicalFieldName : User Name, LogicalFieldValue : Click )
----------------
2019-02-07 01:42:52,745 INFO  execution-log - [Sequence No - 2]	 Command completed.
----------------
2019-02-07 01:42:52,756 INFO  execution-log - [Sequence No - 3] Beginning TestDataCommand ( LogicalFieldName : User Name, LogicalFieldValue : Jack )
----------------
2019-02-07 01:42:52,858 INFO  execution-log - [Sequence No - 3]	 Command completed.
----------------
2019-02-07 01:42:52,873 INFO  execution-log - [Sequence No - 4] Beginning ValidateExistStatusCommand ( LogicalFieldName : Password, LogicalFieldValue : True )
----------------
2019-02-07 01:42:52,895 INFO  execution-log - [Sequence No - 4]	 Command completed.
----------------
2019-02-07 01:42:52,908 INFO  execution-log - [Sequence No - 5] Beginning TestDataCommand ( LogicalFieldName : Password, LogicalFieldValue : Smit@123 )
----------------
2019-02-07 01:42:53,049 INFO  execution-log - [Sequence No - 5]	 Command completed.
----------------
2019-02-07 01:42:53,070 INFO  execution-log - [Sequence No - 6] Beginning ValidateEnableStatusCommand ( LogicalFieldName : Login_Button, LogicalFieldValue : True )
----------------
2019-02-07 01:42:53,113 INFO  execution-log - [Sequence No - 6]	 Command completed.
----------------
2019-02-07 01:42:53,125 INFO  execution-log - [Sequence No - 7] Beginning ActionCommand ( LogicalFieldName : Login_Button, LogicalFieldValue : Click )
----------------
2019-02-07 01:42:53,281 INFO  execution-log - [Sequence No - 7]	 Command completed.
----------------
2019-02-07 01:42:53,291 INFO  execution-log - 	 Command completed.
----------------
2019-02-07 01:42:53,312 INFO  execution-log -  Beginning PageCommand ( CurrentPage : Home, FlowIdentifier : 2, DiIndicator : DI )
----------------
2019-02-07 01:42:53,323 INFO  execution-log - 	 Command completed.
----------------
2019-02-07 01:42:53,361 INFO  execution-log -  Beginning LoadTestDataItemCommand ( CurrentPage : Home, FlowIdentifier : 2, DiIndicator : DI )
----------------
2019-02-07 01:42:53,570 INFO  execution-log - [Sequence No - 8] Beginning ValidateEnableStatusCommand ( LogicalFieldName : New Quote, LogicalFieldValue : True )
----------------
2019-02-07 01:42:54,788 INFO  execution-log - [Sequence No - 8]	 Command completed.
----------------
2019-02-07 01:42:54,811 INFO  execution-log - [Sequence No - 9] Beginning ActionCommand ( LogicalFieldName : New Quote, LogicalFieldValue : Click )
----------------
2019-02-07 01:42:55,530 INFO  execution-log - [Sequence No - 9]	 Command completed.
----------------
2019-02-07 01:42:55,549 INFO  execution-log - 	 Command completed.
----------------
2019-02-07 01:42:55,563 INFO  execution-log -  Beginning PageCommand ( CurrentPage : New Quote, FlowIdentifier : 3, DiIndicator : DI )
----------------
2019-02-07 01:42:55,569 INFO  execution-log - 	 Command completed.
----------------
2019-02-07 01:42:55,577 INFO  execution-log -  Beginning LoadTestDataItemCommand ( CurrentPage : New Quote, FlowIdentifier : 3, DiIndicator : DI )
----------------
2019-02-07 01:42:55,592 INFO  execution-log - [Sequence No - 10] Beginning ValidateExistStatusCommand ( LogicalFieldName : Account Name, LogicalFieldValue : True )
----------------
2019-02-07 01:42:55,625 INFO  execution-log - [Sequence No - 10]	 Command completed.
----------------
2019-02-07 01:42:55,636 INFO  execution-log - [Sequence No - 11] Beginning TestDataCommand ( LogicalFieldName : Account Name, LogicalFieldValue : RANDOMIZE(7,2) )
----------------
2019-02-07 01:42:55,895 INFO  execution-log - [Sequence No - 11]	 Command completed.
----------------
2019-02-07 01:42:55,907 INFO  execution-log - [Sequence No - 12] Beginning ValidateExistStatusCommand ( LogicalFieldName : First Name, LogicalFieldValue : True )
----------------
2019-02-07 01:42:55,937 INFO  execution-log - [Sequence No - 12]	 Command completed.
----------------
2019-02-07 01:42:55,950 INFO  execution-log - [Sequence No - 13] Beginning TestDataCommand ( LogicalFieldName : First Name, LogicalFieldValue : Jack )
----------------
2019-02-07 01:42:56,213 INFO  execution-log - [Sequence No - 13]	 Command completed.
----------------
2019-02-07 01:42:56,225 INFO  execution-log - [Sequence No - 14] Beginning ValidateEnableStatusCommand ( LogicalFieldName : Last Name, LogicalFieldValue : True )
----------------
2019-02-07 01:42:56,259 INFO  execution-log - [Sequence No - 14]	 Command completed.
----------------
2019-02-07 01:42:56,269 INFO  execution-log - [Sequence No - 15] Beginning TestDataCommand ( LogicalFieldName : Last Name, LogicalFieldValue : Smith )
----------------
2019-02-07 01:42:56,559 INFO  execution-log - [Sequence No - 15]	 Command completed.
----------------
2019-02-07 01:42:56,573 INFO  execution-log - [Sequence No - 16] Beginning ValidateExistStatusCommand ( LogicalFieldName : ContactNumber1, LogicalFieldValue : True )
----------------
2019-02-07 01:42:56,621 INFO  execution-log - [Sequence No - 16]	 Command completed.
----------------
2019-02-07 01:42:56,640 INFO  execution-log - [Sequence No - 17] Beginning TestDataCommand ( LogicalFieldName : ContactNumber1, LogicalFieldValue : 654 )
----------------
2019-02-07 01:42:56,851 INFO  execution-log - [Sequence No - 17]	 Command completed.
----------------
2019-02-07 01:42:56,861 INFO  execution-log - [Sequence No - 18] Beginning TestDataCommand ( LogicalFieldName : ContactNumber2, LogicalFieldValue : 321 )
----------------
2019-02-07 01:42:57,270 INFO  execution-log - [Sequence No - 18]	 Command completed.
----------------
2019-02-07 01:42:57,280 INFO  execution-log - [Sequence No - 19] Beginning TestDataCommand ( LogicalFieldName : ContactNumber3, LogicalFieldValue : 6541 )
----------------
2019-02-07 01:42:57,469 INFO  execution-log - [Sequence No - 19]	 Command completed.
----------------
2019-02-07 01:42:57,480 INFO  execution-log - [Sequence No - 20] Beginning ValidateExistStatusCommand ( LogicalFieldName : Primary Email, LogicalFieldValue : True )
----------------
2019-02-07 01:42:57,504 INFO  execution-log - [Sequence No - 20]	 Command completed.
----------------
2019-02-07 01:42:57,514 INFO  execution-log - [Sequence No - 21] Beginning TestDataCommand ( LogicalFieldName : Primary Email, LogicalFieldValue : jack.smith@gmail.com )
----------------
2019-02-07 01:42:58,683 INFO  execution-log - [Sequence No - 21]	 Command completed.
----------------
2019-02-07 01:42:58,696 INFO  execution-log - [Sequence No - 22] Beginning ValidateExistStatusCommand ( LogicalFieldName : Business Started Year, LogicalFieldValue : True )
----------------
2019-02-07 01:42:58,753 INFO  execution-log - [Sequence No - 22]	 Command completed.
----------------
2019-02-07 01:42:58,763 INFO  execution-log - [Sequence No - 23] Beginning TestDataCommand ( LogicalFieldName : Business Started Year, LogicalFieldValue : 2012 )
----------------
2019-02-07 01:42:58,963 INFO  execution-log - [Sequence No - 23]	 Command completed.
----------------
2019-02-07 01:42:58,973 INFO  execution-log - [Sequence No - 24] Beginning ValidateExistStatusCommand ( LogicalFieldName : Select Product, LogicalFieldValue : True )
----------------
2019-02-07 01:42:59,005 INFO  execution-log - [Sequence No - 24]	 Command completed.
----------------
2019-02-07 01:42:59,016 INFO  execution-log - [Sequence No - 25] Beginning ActionCommand ( LogicalFieldName : Select Product, LogicalFieldValue : Click )
----------------
2019-02-07 01:42:59,222 INFO  execution-log - [Sequence No - 25]	 Command completed.
----------------
2019-02-07 01:42:59,233 INFO  execution-log - [Sequence No - 26] Beginning ActionCommand ( LogicalFieldName : Select Product1, LogicalFieldValue : Click )
----------------
2019-02-07 01:42:59,458 INFO  execution-log - [Sequence No - 26]	 Command completed.
----------------
2019-02-07 01:42:59,469 INFO  execution-log - [Sequence No - 27] Beginning ValidateExistStatusCommand ( LogicalFieldName : Contact Name, LogicalFieldValue : True )
----------------
2019-02-07 01:42:59,504 INFO  execution-log - [Sequence No - 27]	 Command completed.
----------------
2019-02-07 01:42:59,515 INFO  execution-log - [Sequence No - 28] Beginning ActionCommand ( LogicalFieldName : Contact Name, LogicalFieldValue : Click )
----------------
2019-02-07 01:42:59,746 INFO  execution-log - [Sequence No - 28]	 Command completed.
----------------
2019-02-07 01:42:59,770 INFO  execution-log - [Sequence No - 29] Beginning ActionCommand ( LogicalFieldName : Contact Name Initial Select, LogicalFieldValue : Click )
----------------
2019-02-07 01:43:00,122 INFO  execution-log - [Sequence No - 29]	 Command completed.
----------------
2019-02-07 01:43:00,133 INFO  execution-log - [Sequence No - 30] Beginning ValidateExistStatusCommand ( LogicalFieldName : Industry, LogicalFieldValue : True )
----------------
2019-02-07 01:43:00,185 INFO  execution-log - [Sequence No - 30]	 Command completed.
----------------
2019-02-07 01:43:00,196 INFO  execution-log - [Sequence No - 31] Beginning ActionCommand ( LogicalFieldName : Industry, LogicalFieldValue : Click )
----------------
2019-02-07 01:43:00,472 INFO  execution-log - [Sequence No - 31]	 Command completed.
----------------
2019-02-07 01:43:00,486 INFO  execution-log - [Sequence No - 32] Beginning ActionCommand ( LogicalFieldName : Industry1, LogicalFieldValue : Click )
----------------
2019-02-07 01:43:00,715 INFO  execution-log - [Sequence No - 32]	 Command completed.
----------------
2019-02-07 01:43:00,734 INFO  execution-log - [Sequence No - 33] Beginning ValidateExistStatusCommand ( LogicalFieldName : Zip Code, LogicalFieldValue : True )
----------------
2019-02-07 01:43:00,861 INFO  execution-log - [Sequence No - 33]	 Command completed.
----------------
2019-02-07 01:43:00,872 INFO  execution-log - [Sequence No - 34] Beginning TestDataCommand ( LogicalFieldName : Zip Code, LogicalFieldValue : 53704 )
----------------
2019-02-07 01:43:01,115 INFO  execution-log - [Sequence No - 34]	 Command completed.
----------------
2019-02-07 01:43:01,126 INFO  execution-log - [Sequence No - 35] Beginning ActionCommand ( LogicalFieldName : zipcode click, LogicalFieldValue : Click )
----------------
2019-02-07 01:43:01,774 INFO  execution-log - [Sequence No - 35]	 Command completed.
----------------
2019-02-07 01:43:01,786 INFO  execution-log - [Sequence No - 36] Beginning ValidateExistStatusCommand ( LogicalFieldName : Street Address, LogicalFieldValue : True )
----------------
2019-02-07 01:43:01,844 INFO  execution-log - [Sequence No - 36]	 Command completed.
----------------
2019-02-07 01:43:01,863 INFO  execution-log - [Sequence No - 37] Beginning TestDataCommand ( LogicalFieldName : Street Address, LogicalFieldValue : 123 BLUEJAY LN )
----------------
2019-02-07 01:43:02,654 INFO  execution-log - [Sequence No - 37]	 Command completed.
----------------
2019-02-07 01:43:02,662 INFO  execution-log - [Sequence No - 38] Beginning ValidateExistStatusCommand ( LogicalFieldName : Same as Physical Address, LogicalFieldValue : True )
----------------
2019-02-07 01:43:02,691 INFO  execution-log - [Sequence No - 38]	 Command completed.
----------------
2019-02-07 01:43:02,701 INFO  execution-log - [Sequence No - 39] Beginning ActionCommand ( LogicalFieldName : Same as Physical Address, LogicalFieldValue : Click )
----------------
2019-02-07 01:43:02,963 INFO  execution-log - [Sequence No - 39]	 Command completed.
----------------
2019-02-07 01:43:02,974 INFO  execution-log - [Sequence No - 40] Beginning ValidateEnableStatusCommand ( LogicalFieldName : Proceed, LogicalFieldValue : True )
----------------
2019-02-07 01:43:03,024 INFO  execution-log - [Sequence No - 40]	 Command completed.
----------------
2019-02-07 01:43:03,035 INFO  execution-log - [Sequence No - 41] Beginning ActionCommand ( LogicalFieldName : Proceed, LogicalFieldValue : Click )
----------------
2019-02-07 01:43:03,277 INFO  execution-log - [Sequence No - 41]	 Command completed.
----------------
2019-02-07 01:43:03,283 INFO  execution-log - 	 Command completed.
----------------
2019-02-07 01:43:03,294 INFO  execution-log -  Beginning PageCommand ( CurrentPage : Insured Info, FlowIdentifier : 4, DiIndicator : DI )
----------------
2019-02-07 01:43:03,300 INFO  execution-log - 	 Command completed.
----------------
2019-02-07 01:43:03,305 INFO  execution-log -  Beginning LoadTestDataItemCommand ( CurrentPage : Insured Info, FlowIdentifier : 4, DiIndicator : DI )
----------------
2019-02-07 01:43:03,323 INFO  execution-log - [Sequence No - 42] Beginning ValidateEnableStatusCommand ( LogicalFieldName : InsuredName, LogicalFieldValue : True )
----------------
2019-02-07 01:43:05,638 INFO  execution-log - [Sequence No - 42]	 Command completed.
----------------
2019-02-07 01:43:05,648 INFO  execution-log - [Sequence No - 43] Beginning TestDataCommand ( LogicalFieldName : InsuredName, LogicalFieldValue : Smith )
----------------
2019-02-07 01:43:06,159 INFO  execution-log - [Sequence No - 43]	 Command completed.
----------------
2019-02-07 01:43:06,172 INFO  execution-log - [Sequence No - 44] Beginning ValidateEnableStatusCommand ( LogicalFieldName : Primary State Click, LogicalFieldValue : True )
----------------
2019-02-07 01:43:06,217 INFO  execution-log - [Sequence No - 44]	 Command completed.
----------------
2019-02-07 01:43:06,227 INFO  execution-log - [Sequence No - 45] Beginning ActionCommand ( LogicalFieldName : Primary State Click, LogicalFieldValue : Click )
----------------
2019-02-07 01:43:06,448 INFO  execution-log - [Sequence No - 45]	 Command completed.
----------------
2019-02-07 01:43:06,461 INFO  execution-log - [Sequence No - 46] Beginning ActionCommand ( LogicalFieldName : PrimayState Select, LogicalFieldValue : Click )
----------------
2019-02-07 01:43:06,731 INFO  execution-log - [Sequence No - 46]	 Command completed.
----------------
2019-02-07 01:43:06,744 INFO  execution-log - [Sequence No - 47] Beginning ValidateExistStatusCommand ( LogicalFieldName : Street Address, LogicalFieldValue : True )
----------------
2019-02-07 01:43:06,813 INFO  execution-log - [Sequence No - 47]	 Command completed.
----------------
2019-02-07 01:43:06,830 INFO  execution-log - [Sequence No - 48] Beginning TestDataCommand ( LogicalFieldName : Street Address, LogicalFieldValue : 123 new street )
----------------
2019-02-07 01:43:07,293 INFO  execution-log - [Sequence No - 48]	 Command completed.
----------------
2019-02-07 01:43:07,303 INFO  execution-log - [Sequence No - 49] Beginning ValidateExistStatusCommand ( LogicalFieldName : Zip Code, LogicalFieldValue : True )
----------------
2019-02-07 01:43:07,341 INFO  execution-log - [Sequence No - 49]	 Command completed.
----------------
2019-02-07 01:43:07,351 INFO  execution-log - [Sequence No - 50] Beginning TestDataCommand ( LogicalFieldName : Zip Code, LogicalFieldValue : 53704 )
----------------
2019-02-07 01:43:07,594 INFO  execution-log - [Sequence No - 50]	 Command completed.
----------------
2019-02-07 01:43:07,604 INFO  execution-log - [Sequence No - 51] Beginning ValidateExistStatusCommand ( LogicalFieldName : Same as Physical Address, LogicalFieldValue : True )
----------------
2019-02-07 01:43:07,633 INFO  execution-log - [Sequence No - 51]	 Command completed.
----------------
2019-02-07 01:43:07,645 INFO  execution-log - [Sequence No - 52] Beginning ActionCommand ( LogicalFieldName : Same as Physical Address, LogicalFieldValue : Click )
----------------
2019-02-07 01:43:07,882 INFO  execution-log - [Sequence No - 52]	 Command completed.
----------------
2019-02-07 01:43:07,898 INFO  execution-log - [Sequence No - 53] Beginning ValidateExistStatusCommand ( LogicalFieldName : SIC Code, LogicalFieldValue : True )
----------------
2019-02-07 01:43:07,989 INFO  execution-log - [Sequence No - 53]	 Command completed.
----------------
2019-02-07 01:43:07,999 INFO  execution-log - [Sequence No - 54] Beginning TestDataCommand ( LogicalFieldName : SIC Code, LogicalFieldValue : 41510000-School buses )
----------------
2019-02-07 01:43:08,660 INFO  execution-log - [Sequence No - 54]	 Command completed.
----------------
2019-02-07 01:43:08,684 INFO  execution-log - [Sequence No - 55] Beginning ValidateExistStatusCommand ( LogicalFieldName : BusinessInceptionYear, LogicalFieldValue : True )
----------------
2019-02-07 01:43:08,947 INFO  execution-log - [Sequence No - 55]	 Command completed.
----------------
2019-02-07 01:43:08,959 INFO  execution-log - [Sequence No - 56] Beginning TestDataCommand ( LogicalFieldName : BusinessInceptionYear, LogicalFieldValue : 2012 )
----------------
2019-02-07 01:43:09,455 INFO  execution-log - [Sequence No - 56]	 Command completed.
----------------
2019-02-07 01:43:09,466 INFO  execution-log - [Sequence No - 57] Beginning ValidateExistStatusCommand ( LogicalFieldName : BusinessPhone, LogicalFieldValue : True )
----------------
2019-02-07 01:43:09,509 INFO  execution-log - [Sequence No - 57]	 Command completed.
----------------
2019-02-07 01:43:09,519 INFO  execution-log - [Sequence No - 58] Beginning TestDataCommand ( LogicalFieldName : BusinessPhone, LogicalFieldValue : 6549879879 )
----------------
2019-02-07 01:43:10,931 INFO  execution-log - [Sequence No - 58]	 Command completed.
----------------
2019-02-07 01:43:10,943 INFO  execution-log - [Sequence No - 59] Beginning ValidateEnableStatusCommand ( LogicalFieldName : Next, LogicalFieldValue : True )
----------------
2019-02-07 01:43:10,979 INFO  execution-log - [Sequence No - 59]	 Command completed.
----------------
2019-02-07 01:43:10,994 INFO  execution-log - [Sequence No - 60] Beginning ActionCommand ( LogicalFieldName : Next, LogicalFieldValue : Click )
----------------
2019-02-07 01:43:11,173 INFO  execution-log - [Sequence No - 60]	 Command completed.
----------------
2019-02-07 01:43:11,179 INFO  execution-log - 	 Command completed.
----------------
2019-02-07 01:43:11,188 INFO  execution-log -  Beginning PageCommand ( CurrentPage : Policy Info, FlowIdentifier : 5, DiIndicator : DI )
----------------
2019-02-07 01:43:11,194 INFO  execution-log - 	 Command completed.
----------------
2019-02-07 01:43:11,200 INFO  execution-log -  Beginning LoadTestDataItemCommand ( CurrentPage : Policy Info, FlowIdentifier : 5, DiIndicator : DI )
----------------
2019-02-07 01:43:11,283 INFO  execution-log - [Sequence No - 61] Beginning ValidateEnableStatusCommand ( LogicalFieldName : Which State do u operate In?, LogicalFieldValue : True )
----------------
2019-02-07 01:43:11,844 INFO  execution-log - [Sequence No - 61]	 Command completed.
----------------
2019-02-07 01:43:11,854 INFO  execution-log - [Sequence No - 62] Beginning ActionCommand ( LogicalFieldName : Which State do u operate In?, LogicalFieldValue : Click )
----------------
2019-02-07 01:43:12,489 INFO  execution-log - [Sequence No - 62]	 Command completed.
----------------
2019-02-07 01:43:12,502 INFO  execution-log - [Sequence No - 63] Beginning ActionCommand ( LogicalFieldName : Which State do u operate In?1, LogicalFieldValue : Click )
----------------
2019-02-07 01:43:13,201 INFO  execution-log - [Sequence No - 63]	 Command completed.
----------------
2019-02-07 01:43:13,213 INFO  execution-log - [Sequence No - 64] Beginning ActionCommand ( LogicalFieldName : Label Click, LogicalFieldValue : Click )
----------------
2019-02-07 01:43:13,395 INFO  execution-log - [Sequence No - 64]	 Command completed.
----------------
2019-02-07 01:43:13,412 INFO  execution-log - [Sequence No - 65] Beginning ActionCommand ( LogicalFieldName : Collapse, LogicalFieldValue : Click )
----------------
2019-02-07 01:43:13,670 INFO  execution-log - [Sequence No - 65]	 Command completed.
----------------
2019-02-07 01:43:13,681 INFO  execution-log - [Sequence No - 66] Beginning ValidateEnableStatusCommand ( LogicalFieldName : Select Product, LogicalFieldValue : True )
----------------
2019-02-07 01:43:13,739 INFO  execution-log - [Sequence No - 66]	 Command completed.
----------------
2019-02-07 01:43:13,751 INFO  execution-log - [Sequence No - 67] Beginning ActionCommand ( LogicalFieldName : Select Product, LogicalFieldValue : Click-Wait(2000) )
----------------
2019-02-07 01:43:18,157 INFO  execution-log - [Sequence No - 67]	 Command completed.
----------------
2019-02-07 01:43:18,168 INFO  execution-log - [Sequence No - 68] Beginning ActionCommand ( LogicalFieldName : Select Product 1, LogicalFieldValue : Click )
----------------
2019-02-07 01:43:20,563 INFO  execution-log - [Sequence No - 68]	 Command completed.
----------------
2019-02-07 01:43:20,575 INFO  execution-log - 	 Command completed.
----------------
2019-02-07 01:43:20,631 INFO  execution-log - Saving captured values to file.
----------------
2019-02-07 01:43:20,639 INFO  execution-log - TC # : 1, has completed successfully.
----------------
