2019-02-05 12:13:24,105 INFO  execution-log - 	Initializing control map with map # MASTER
----------------
2019-02-05 12:13:24,110 INFO  execution-log - Initializing Test Automation
----------------
2019-02-05 12:13:24,116 INFO  execution-log - 	target browser: Chrome
----------------
2019-02-05 12:13:24,119 INFO  execution-log - TC # : 1, Downloading test case from DB
----------------
2019-02-05 12:13:24,129 INFO  execution-log - TC # : 1, Getting test data from DB
----------------
2019-02-05 12:13:24,129 INFO  execution-log - TC # : 1, Getting control map :MASTER from DB
----------------
2019-02-05 12:13:24,144 INFO  execution-log - TC # : 1, Control map retrieval completed
----------------
2019-02-05 12:13:24,156 INFO  execution-log - TC # : 1, Test data retrieval completed
----------------
2019-02-05 12:13:24,159 INFO  execution-log - TC # : 1, Parsing commands
----------------
2019-02-05 12:13:24,163 INFO  execution-log - Loading captured values from persistence.
----------------
2019-02-05 12:13:24,167 INFO  execution-log - TC # : 1, Started executing test case in the VMTESTAPP1 environment (http://vam-qa.cloudapp.net:6363/pages/login.html)
----------------
2019-02-05 12:13:24,205 INFO  execution-log -  Beginning StartIterationCommand ( Iterations : 1 )
----------------
2019-02-05 12:13:24,210 INFO  execution-log - TC # : 1, Starting iteration #1
----------------
2019-02-05 12:13:24,214 INFO  execution-log - 	 Command completed.
----------------
2019-02-05 12:13:24,219 INFO  execution-log -  Beginning InvokeApplicationCommand ( Target :  )
----------------
2019-02-05 12:13:25,027 INFO  execution-log - 	 Command completed.
----------------
2019-02-05 12:13:25,033 INFO  execution-log -  Beginning PageCommand ( CurrentPage : Login, FlowIdentifier : 1, DiIndicator : DI )
----------------
2019-02-05 12:13:25,039 INFO  execution-log - 	 Command completed.
----------------
2019-02-05 12:13:25,045 INFO  execution-log -  Beginning LoadTestDataItemCommand ( CurrentPage : Login, FlowIdentifier : 1, DiIndicator : DI )
----------------
2019-02-05 12:13:25,062 INFO  execution-log - [Sequence No - 1] Beginning ValidateExistStatusCommand ( LogicalFieldName : User Name, LogicalFieldValue : True )
----------------
2019-02-05 12:13:25,085 INFO  execution-log - [Sequence No - 1]	 Command completed.
----------------
2019-02-05 12:13:25,094 INFO  execution-log - [Sequence No - 2] Beginning ActionCommand ( LogicalFieldName : User Name, LogicalFieldValue : Click )
----------------
2019-02-05 12:13:25,224 INFO  execution-log - [Sequence No - 2]	 Command completed.
----------------
2019-02-05 12:13:25,237 INFO  execution-log - [Sequence No - 3] Beginning TestDataCommand ( LogicalFieldName : User Name, LogicalFieldValue : Jack )
----------------
2019-02-05 12:13:25,331 INFO  execution-log - [Sequence No - 3]	 Command completed.
----------------
2019-02-05 12:13:25,344 INFO  execution-log - [Sequence No - 4] Beginning ValidateExistStatusCommand ( LogicalFieldName : Password, LogicalFieldValue : True )
----------------
2019-02-05 12:13:25,366 INFO  execution-log - [Sequence No - 4]	 Command completed.
----------------
2019-02-05 12:13:25,376 INFO  execution-log - [Sequence No - 5] Beginning TestDataCommand ( LogicalFieldName : Password, LogicalFieldValue : Smit@123 )
----------------
2019-02-05 12:13:25,514 INFO  execution-log - [Sequence No - 5]	 Command completed.
----------------
2019-02-05 12:13:25,526 INFO  execution-log - [Sequence No - 6] Beginning ValidateEnableStatusCommand ( LogicalFieldName : Login_Button, LogicalFieldValue : True )
----------------
2019-02-05 12:13:25,558 INFO  execution-log - [Sequence No - 6]	 Command completed.
----------------
2019-02-05 12:13:25,568 INFO  execution-log - [Sequence No - 7] Beginning ActionCommand ( LogicalFieldName : Login_Button, LogicalFieldValue : Click )
----------------
2019-02-05 12:13:25,681 INFO  execution-log - [Sequence No - 7]	 Command completed.
----------------
2019-02-05 12:13:25,688 INFO  execution-log - 	 Command completed.
----------------
2019-02-05 12:13:25,695 INFO  execution-log -  Beginning PageCommand ( CurrentPage : Home, FlowIdentifier : 2, DiIndicator : DI )
----------------
2019-02-05 12:13:25,700 INFO  execution-log - 	 Command completed.
----------------
2019-02-05 12:13:25,705 INFO  execution-log -  Beginning LoadTestDataItemCommand ( CurrentPage : Home, FlowIdentifier : 2, DiIndicator : DI )
----------------
2019-02-05 12:13:25,755 INFO  execution-log - [Sequence No - 8] Beginning ValidateEnableStatusCommand ( LogicalFieldName : New Quote, LogicalFieldValue : True )
----------------
2019-02-05 12:13:27,134 INFO  execution-log - [Sequence No - 8]	 Command completed.
----------------
2019-02-05 12:13:27,146 INFO  execution-log - [Sequence No - 9] Beginning ActionCommand ( LogicalFieldName : New Quote, LogicalFieldValue : Click )
----------------
2019-02-05 12:13:28,299 INFO  execution-log - [Sequence No - 9]	 Command completed.
----------------
2019-02-05 12:13:28,326 INFO  execution-log - 	 Command completed.
----------------
2019-02-05 12:13:28,332 INFO  execution-log -  Beginning PageCommand ( CurrentPage : New Quote, FlowIdentifier : 3, DiIndicator : DI )
----------------
2019-02-05 12:13:28,338 INFO  execution-log - 	 Command completed.
----------------
2019-02-05 12:13:28,344 INFO  execution-log -  Beginning LoadTestDataItemCommand ( CurrentPage : New Quote, FlowIdentifier : 3, DiIndicator : DI )
----------------
2019-02-05 12:13:28,357 INFO  execution-log - [Sequence No - 10] Beginning ValidateExistStatusCommand ( LogicalFieldName : Account Name, LogicalFieldValue : True )
----------------
2019-02-05 12:13:28,406 INFO  execution-log - [Sequence No - 10]	 Command completed.
----------------
2019-02-05 12:13:28,420 INFO  execution-log - [Sequence No - 11] Beginning TestDataCommand ( LogicalFieldName : Account Name, LogicalFieldValue : RANDOMIZE(7,2) )
----------------
2019-02-05 12:13:28,624 INFO  execution-log - [Sequence No - 11]	 Command completed.
----------------
2019-02-05 12:13:28,641 INFO  execution-log - [Sequence No - 12] Beginning ValidateExistStatusCommand ( LogicalFieldName : First Name, LogicalFieldValue : True )
----------------
2019-02-05 12:13:28,671 INFO  execution-log - [Sequence No - 12]	 Command completed.
----------------
2019-02-05 12:13:28,681 INFO  execution-log - [Sequence No - 13] Beginning TestDataCommand ( LogicalFieldName : First Name, LogicalFieldValue : Jack )
----------------
2019-02-05 12:13:28,880 INFO  execution-log - [Sequence No - 13]	 Command completed.
----------------
2019-02-05 12:13:28,891 INFO  execution-log - [Sequence No - 14] Beginning ValidateEnableStatusCommand ( LogicalFieldName : Last Name, LogicalFieldValue : True )
----------------
2019-02-05 12:13:28,921 INFO  execution-log - [Sequence No - 14]	 Command completed.
----------------
2019-02-05 12:13:28,930 INFO  execution-log - [Sequence No - 15] Beginning TestDataCommand ( LogicalFieldName : Last Name, LogicalFieldValue : Smith )
----------------
2019-02-05 12:13:29,089 INFO  execution-log - [Sequence No - 15]	 Command completed.
----------------
2019-02-05 12:13:29,099 INFO  execution-log - [Sequence No - 16] Beginning ValidateExistStatusCommand ( LogicalFieldName : ContactNumber1, LogicalFieldValue : True )
----------------
2019-02-05 12:13:29,121 INFO  execution-log - [Sequence No - 16]	 Command completed.
----------------
2019-02-05 12:13:29,129 INFO  execution-log - [Sequence No - 17] Beginning TestDataCommand ( LogicalFieldName : ContactNumber1, LogicalFieldValue : 654 )
----------------
2019-02-05 12:13:29,260 INFO  execution-log - [Sequence No - 17]	 Command completed.
----------------
2019-02-05 12:13:29,271 INFO  execution-log - [Sequence No - 18] Beginning TestDataCommand ( LogicalFieldName : ContactNumber2, LogicalFieldValue : 321 )
----------------
2019-02-05 12:13:29,388 INFO  execution-log - [Sequence No - 18]	 Command completed.
----------------
2019-02-05 12:13:29,398 INFO  execution-log - [Sequence No - 19] Beginning TestDataCommand ( LogicalFieldName : ContactNumber3, LogicalFieldValue : 6541 )
----------------
2019-02-05 12:13:29,510 INFO  execution-log - [Sequence No - 19]	 Command completed.
----------------
2019-02-05 12:13:29,521 INFO  execution-log - [Sequence No - 20] Beginning ValidateExistStatusCommand ( LogicalFieldName : Primary Email, LogicalFieldValue : True )
----------------
2019-02-05 12:13:29,546 INFO  execution-log - [Sequence No - 20]	 Command completed.
----------------
2019-02-05 12:13:29,555 INFO  execution-log - [Sequence No - 21] Beginning TestDataCommand ( LogicalFieldName : Primary Email, LogicalFieldValue : jack.smith@gmail.com )
----------------
2019-02-05 12:13:30,079 INFO  execution-log - [Sequence No - 21]	 Command completed.
----------------
2019-02-05 12:13:30,090 INFO  execution-log - [Sequence No - 22] Beginning ValidateExistStatusCommand ( LogicalFieldName : Business Started Year, LogicalFieldValue : True )
----------------
2019-02-05 12:13:30,114 INFO  execution-log - [Sequence No - 22]	 Command completed.
----------------
2019-02-05 12:13:30,127 INFO  execution-log - [Sequence No - 23] Beginning TestDataCommand ( LogicalFieldName : Business Started Year, LogicalFieldValue : 2012 )
----------------
2019-02-05 12:13:30,413 INFO  execution-log - [Sequence No - 23]	 Command completed.
----------------
2019-02-05 12:13:30,435 INFO  execution-log - [Sequence No - 24] Beginning ValidateExistStatusCommand ( LogicalFieldName : Select Product, LogicalFieldValue : True )
----------------
2019-02-05 12:13:30,472 INFO  execution-log - [Sequence No - 24]	 Command completed.
----------------
2019-02-05 12:13:30,485 INFO  execution-log - [Sequence No - 25] Beginning ActionCommand ( LogicalFieldName : Select Product, LogicalFieldValue : Click )
----------------
2019-02-05 12:13:31,148 INFO  execution-log - [Sequence No - 25]	 Command completed.
----------------
2019-02-05 12:13:31,163 INFO  execution-log - [Sequence No - 26] Beginning ActionCommand ( LogicalFieldName : Select Product1, LogicalFieldValue : Click )
----------------
2019-02-05 12:13:31,836 INFO  execution-log - [Sequence No - 26]	 Command completed.
----------------
2019-02-05 12:13:31,850 INFO  execution-log - [Sequence No - 27] Beginning ValidateExistStatusCommand ( LogicalFieldName : Contact Name, LogicalFieldValue : True )
----------------
2019-02-05 12:13:31,898 INFO  execution-log - [Sequence No - 27]	 Command completed.
----------------
2019-02-05 12:13:31,919 INFO  execution-log - [Sequence No - 28] Beginning ActionCommand ( LogicalFieldName : Contact Name, LogicalFieldValue : Click )
----------------
2019-02-05 12:13:32,727 INFO  execution-log - [Sequence No - 28]	 Command completed.
----------------
2019-02-05 12:13:32,739 INFO  execution-log - [Sequence No - 29] Beginning ActionCommand ( LogicalFieldName : Contact Name Initial Select, LogicalFieldValue : Click )
----------------
2019-02-05 12:13:32,957 INFO  execution-log - [Sequence No - 29]	 Command completed.
----------------
2019-02-05 12:13:32,967 INFO  execution-log - [Sequence No - 30] Beginning ValidateExistStatusCommand ( LogicalFieldName : Industry, LogicalFieldValue : True )
----------------
2019-02-05 12:13:32,994 INFO  execution-log - [Sequence No - 30]	 Command completed.
----------------
2019-02-05 12:13:33,003 INFO  execution-log - [Sequence No - 31] Beginning ActionCommand ( LogicalFieldName : Industry, LogicalFieldValue : Click )
----------------
2019-02-05 12:13:33,220 INFO  execution-log - [Sequence No - 31]	 Command completed.
----------------
2019-02-05 12:13:33,230 INFO  execution-log - [Sequence No - 32] Beginning ActionCommand ( LogicalFieldName : Industry1, LogicalFieldValue : Click )
----------------
2019-02-05 12:13:33,477 INFO  execution-log - [Sequence No - 32]	 Command completed.
----------------
2019-02-05 12:13:33,487 INFO  execution-log - [Sequence No - 33] Beginning ValidateExistStatusCommand ( LogicalFieldName : Zip Code, LogicalFieldValue : True )
----------------
2019-02-05 12:13:33,519 INFO  execution-log - [Sequence No - 33]	 Command completed.
----------------
2019-02-05 12:13:33,528 INFO  execution-log - [Sequence No - 34] Beginning TestDataCommand ( LogicalFieldName : Zip Code, LogicalFieldValue : 53704 )
----------------
2019-02-05 12:13:33,712 INFO  execution-log - [Sequence No - 34]	 Command completed.
----------------
2019-02-05 12:13:33,723 INFO  execution-log - [Sequence No - 35] Beginning ActionCommand ( LogicalFieldName : zipcode click, LogicalFieldValue : Click )
----------------
2019-02-05 12:13:34,408 INFO  execution-log - [Sequence No - 35]	 Command completed.
----------------
2019-02-05 12:13:34,419 INFO  execution-log - [Sequence No - 36] Beginning ValidateExistStatusCommand ( LogicalFieldName : Street Address, LogicalFieldValue : True )
----------------
2019-02-05 12:13:34,542 INFO  execution-log - [Sequence No - 36]	 Command completed.
----------------
2019-02-05 12:13:34,552 INFO  execution-log - [Sequence No - 37] Beginning TestDataCommand ( LogicalFieldName : Street Address, LogicalFieldValue : 123 BLUEJAY LN )
----------------
2019-02-05 12:13:35,106 INFO  execution-log - [Sequence No - 37]	 Command completed.
----------------
2019-02-05 12:13:35,116 INFO  execution-log - [Sequence No - 38] Beginning ValidateExistStatusCommand ( LogicalFieldName : Same as Physical Address, LogicalFieldValue : True )
----------------
2019-02-05 12:13:35,160 INFO  execution-log - [Sequence No - 38]	 Command completed.
----------------
2019-02-05 12:13:35,170 INFO  execution-log - [Sequence No - 39] Beginning ActionCommand ( LogicalFieldName : Same as Physical Address, LogicalFieldValue : Click )
----------------
2019-02-05 12:13:35,347 INFO  execution-log - [Sequence No - 39]	 Command completed.
----------------
2019-02-05 12:13:35,358 INFO  execution-log - [Sequence No - 40] Beginning ValidateEnableStatusCommand ( LogicalFieldName : Proceed, LogicalFieldValue : True )
----------------
2019-02-05 12:13:35,435 INFO  execution-log - [Sequence No - 40]	 Command completed.
----------------
2019-02-05 12:13:35,445 INFO  execution-log - [Sequence No - 41] Beginning ActionCommand ( LogicalFieldName : Proceed, LogicalFieldValue : Click )
----------------
2019-02-05 12:13:35,686 INFO  execution-log - [Sequence No - 41]	 Command completed.
----------------
2019-02-05 12:13:35,692 INFO  execution-log - 	 Command completed.
----------------
2019-02-05 12:13:35,698 INFO  execution-log -  Beginning PageCommand ( CurrentPage : Insured Info, FlowIdentifier : 4, DiIndicator : DI )
----------------
2019-02-05 12:13:35,703 INFO  execution-log - 	 Command completed.
----------------
2019-02-05 12:13:35,708 INFO  execution-log -  Beginning LoadTestDataItemCommand ( CurrentPage : Insured Info, FlowIdentifier : 4, DiIndicator : DI )
----------------
2019-02-05 12:13:35,722 INFO  execution-log - [Sequence No - 42] Beginning ValidateEnableStatusCommand ( LogicalFieldName : InsuredName, LogicalFieldValue : True )
----------------
2019-02-05 12:13:37,668 INFO  execution-log - [Sequence No - 42]	 Command completed.
----------------
2019-02-05 12:13:37,678 INFO  execution-log - [Sequence No - 43] Beginning TestDataCommand ( LogicalFieldName : InsuredName, LogicalFieldValue : Smith )
----------------
2019-02-05 12:13:37,984 INFO  execution-log - [Sequence No - 43]	 Command completed.
----------------
2019-02-05 12:13:37,995 INFO  execution-log - [Sequence No - 44] Beginning ValidateEnableStatusCommand ( LogicalFieldName : Primary State Click, LogicalFieldValue : True )
----------------
2019-02-05 12:13:38,087 INFO  execution-log - [Sequence No - 44]	 Command completed.
----------------
2019-02-05 12:13:38,100 INFO  execution-log - [Sequence No - 45] Beginning ActionCommand ( LogicalFieldName : Primary State Click, LogicalFieldValue : Click )
----------------
2019-02-05 12:13:38,436 INFO  execution-log - [Sequence No - 45]	 Command completed.
----------------
2019-02-05 12:13:38,447 INFO  execution-log - [Sequence No - 46] Beginning ActionCommand ( LogicalFieldName : PrimayState Select, LogicalFieldValue : Click )
----------------
2019-02-05 12:13:38,681 INFO  execution-log - [Sequence No - 46]	 Command completed.
----------------
2019-02-05 12:13:38,694 INFO  execution-log - [Sequence No - 47] Beginning ValidateExistStatusCommand ( LogicalFieldName : Street Address, LogicalFieldValue : True )
----------------
2019-02-05 12:13:38,726 INFO  execution-log - [Sequence No - 47]	 Command completed.
----------------
2019-02-05 12:13:38,736 INFO  execution-log - [Sequence No - 48] Beginning TestDataCommand ( LogicalFieldName : Street Address, LogicalFieldValue : 123 new street )
----------------
2019-02-05 12:13:39,051 INFO  execution-log - [Sequence No - 48]	 Command completed.
----------------
2019-02-05 12:13:39,062 INFO  execution-log - [Sequence No - 49] Beginning ValidateExistStatusCommand ( LogicalFieldName : Zip Code, LogicalFieldValue : True )
----------------
2019-02-05 12:13:39,090 INFO  execution-log - [Sequence No - 49]	 Command completed.
----------------
2019-02-05 12:13:39,099 INFO  execution-log - [Sequence No - 50] Beginning TestDataCommand ( LogicalFieldName : Zip Code, LogicalFieldValue : 53704 )
----------------
2019-02-05 12:13:39,350 INFO  execution-log - [Sequence No - 50]	 Command completed.
----------------
2019-02-05 12:13:39,360 INFO  execution-log - [Sequence No - 51] Beginning ValidateExistStatusCommand ( LogicalFieldName : Same as Physical Address, LogicalFieldValue : True )
----------------
2019-02-05 12:13:39,385 INFO  execution-log - [Sequence No - 51]	 Command completed.
----------------
2019-02-05 12:13:39,393 INFO  execution-log - [Sequence No - 52] Beginning ActionCommand ( LogicalFieldName : Same as Physical Address, LogicalFieldValue : Click )
----------------
2019-02-05 12:13:39,564 INFO  execution-log - [Sequence No - 52]	 Command completed.
----------------
2019-02-05 12:13:39,574 INFO  execution-log - [Sequence No - 53] Beginning ValidateExistStatusCommand ( LogicalFieldName : SIC Code, LogicalFieldValue : True )
----------------
2019-02-05 12:13:39,608 INFO  execution-log - [Sequence No - 53]	 Command completed.
----------------
2019-02-05 12:13:39,618 INFO  execution-log - [Sequence No - 54] Beginning TestDataCommand ( LogicalFieldName : SIC Code, LogicalFieldValue : 41510000-School buses )
----------------
2019-02-05 12:13:40,392 INFO  execution-log - [Sequence No - 54]	 Command completed.
----------------
2019-02-05 12:13:40,412 INFO  execution-log - [Sequence No - 55] Beginning ValidateExistStatusCommand ( LogicalFieldName : BusinessInceptionYear, LogicalFieldValue : True )
----------------
2019-02-05 12:13:40,448 INFO  execution-log - [Sequence No - 55]	 Command completed.
----------------
2019-02-05 12:13:40,458 INFO  execution-log - [Sequence No - 56] Beginning TestDataCommand ( LogicalFieldName : BusinessInceptionYear, LogicalFieldValue : 2012 )
----------------
2019-02-05 12:13:40,623 INFO  execution-log - [Sequence No - 56]	 Command completed.
----------------
2019-02-05 12:13:40,633 INFO  execution-log - [Sequence No - 57] Beginning ValidateExistStatusCommand ( LogicalFieldName : BusinessPhone, LogicalFieldValue : True )
----------------
2019-02-05 12:13:40,668 INFO  execution-log - [Sequence No - 57]	 Command completed.
----------------
2019-02-05 12:13:40,677 INFO  execution-log - [Sequence No - 58] Beginning TestDataCommand ( LogicalFieldName : BusinessPhone, LogicalFieldValue : 6549879879 )
----------------
2019-02-05 12:13:42,209 INFO  execution-log - [Sequence No - 58]	 Command completed.
----------------
2019-02-05 12:13:42,218 INFO  execution-log - [Sequence No - 59] Beginning ValidateEnableStatusCommand ( LogicalFieldName : Next, LogicalFieldValue : True )
----------------
2019-02-05 12:13:42,266 INFO  execution-log - [Sequence No - 59]	 Command completed.
----------------
2019-02-05 12:13:42,276 INFO  execution-log - [Sequence No - 60] Beginning ActionCommand ( LogicalFieldName : Next, LogicalFieldValue : Click )
----------------
2019-02-05 12:13:42,518 INFO  execution-log - [Sequence No - 60]	 Command completed.
----------------
2019-02-05 12:13:42,524 INFO  execution-log - 	 Command completed.
----------------
2019-02-05 12:13:42,545 INFO  execution-log -  Beginning PageCommand ( CurrentPage : Policy Info, FlowIdentifier : 5, DiIndicator : DI )
----------------
2019-02-05 12:13:42,550 INFO  execution-log - 	 Command completed.
----------------
2019-02-05 12:13:42,555 INFO  execution-log -  Beginning LoadTestDataItemCommand ( CurrentPage : Policy Info, FlowIdentifier : 5, DiIndicator : DI )
----------------
2019-02-05 12:13:42,576 INFO  execution-log - [Sequence No - 61] Beginning ValidateEnableStatusCommand ( LogicalFieldName : Which State do u operate In?, LogicalFieldValue : True )
----------------
2019-02-05 12:13:43,377 INFO  execution-log - [Sequence No - 61]	 Command completed.
----------------
2019-02-05 12:13:43,388 INFO  execution-log - [Sequence No - 62] Beginning ActionCommand ( LogicalFieldName : Which State do u operate In?, LogicalFieldValue : Click )
----------------
2019-02-05 12:13:44,080 INFO  execution-log - [Sequence No - 62]	 Command completed.
----------------
2019-02-05 12:13:44,092 INFO  execution-log - [Sequence No - 63] Beginning ActionCommand ( LogicalFieldName : Which State do u operate In?1, LogicalFieldValue : Click )
----------------
2019-02-05 12:13:44,720 INFO  execution-log - [Sequence No - 63]	 Command completed.
----------------
2019-02-05 12:13:44,730 INFO  execution-log - [Sequence No - 64] Beginning ActionCommand ( LogicalFieldName : Label Click, LogicalFieldValue : Click )
----------------
2019-02-05 12:13:44,885 INFO  execution-log - [Sequence No - 64]	 Command completed.
----------------
2019-02-05 12:13:44,897 INFO  execution-log - [Sequence No - 65] Beginning ActionCommand ( LogicalFieldName : Collapse, LogicalFieldValue : Click )
----------------
2019-02-05 12:13:45,166 INFO  execution-log - [Sequence No - 65]	 Command completed.
----------------
2019-02-05 12:13:45,178 INFO  execution-log - [Sequence No - 66] Beginning ValidateEnableStatusCommand ( LogicalFieldName : Select Product, LogicalFieldValue : True )
----------------
2019-02-05 12:13:45,220 INFO  execution-log - [Sequence No - 66]	 Command completed.
----------------
2019-02-05 12:13:45,233 INFO  execution-log - [Sequence No - 67] Beginning ActionCommand ( LogicalFieldName : Select Product, LogicalFieldValue : Click-Wait(2000) )
----------------
2019-02-05 12:13:49,406 INFO  execution-log - [Sequence No - 67]	 Command completed.
----------------
2019-02-05 12:13:49,418 INFO  execution-log - [Sequence No - 68] Beginning ActionCommand ( LogicalFieldName : Select Product 1, LogicalFieldValue : Click )
----------------
2019-02-05 12:13:51,922 INFO  execution-log - [Sequence No - 68]	 Command completed.
----------------
2019-02-05 12:13:51,932 INFO  execution-log - [Sequence No - 69] Beginning ValidateEnableStatusCommand ( LogicalFieldName : Next Policy Info, LogicalFieldValue : True )
----------------
2019-02-05 12:13:51,967 INFO  execution-log - [Sequence No - 69]	 Command completed.
----------------
2019-02-05 12:13:51,977 INFO  execution-log - [Sequence No - 70] Beginning ActionCommand ( LogicalFieldName : Next Policy Info, LogicalFieldValue : Click(1000) )
----------------
2019-02-05 12:13:52,076 INFO  execution-log - [Sequence No - 70]	 Command completed.
----------------
2019-02-05 12:13:52,083 INFO  execution-log - 	 Command completed.
----------------
2019-02-05 12:13:52,103 INFO  execution-log - Saving captured values to file.
----------------
2019-02-05 12:13:52,111 INFO  execution-log - TC # : 1, has completed successfully.
----------------
